<?xml version="1.0" encoding="UTF-8"?>
<testsuites>
  <testsuite name="_-vm-test" timestamp="2025-10-28T12:16:51Z" hostname="runnervmwhb2z" tests="0" skipped="0" failures="0" errors="0" time="0"/>
  <testsuite name="vm-test::_::setup" timestamp="2025-10-28T12:16:51Z" hostname="runnervmwhb2z" tests="0" skipped="0" failures="0" errors="0" time="0"/>
  <testsuite name="vm-test::_::tests::vm" timestamp="2025-10-28T12:16:51Z" hostname="runnervmwhb2z" tests="1" skipped="0" failures="0" errors="0" time="0.362">
    <testcase time="0.361999999999995" classname="vm_test___tests_vm" name="The_virtual_machine_is_loaded._"/>
  </testsuite>
  <testsuite name="vm-test::_::shutdown" timestamp="2025-10-28T12:16:51Z" hostname="runnervmwhb2z" tests="0" skipped="0" failures="0" errors="0" time="0"/>
  <testsuite name="vm-test::_::done" timestamp="2025-10-28T12:16:51Z" hostname="runnervmwhb2z" tests="0" skipped="0" failures="0" errors="0" time="0"/>
  <testsuite name="arg-ds.asCharacter" timestamp="2025-10-28T12:16:51Z" hostname="runnervmwhb2z" tests="0" skipped="0" failures="0" errors="0" time="0"/>
  <testsuite name="ds.asCharacter::arg::test errors" timestamp="2025-10-28T12:17:05Z" hostname="runnervmwhb2z" tests="1" skipped="0" failures="0" errors="0" time="13.815">
    <testcase time="13.815" classname="ds.asCharacter_arg_test_errors" name="asCharacter_erros"/>
  </testsuite>
  <testsuite name="arg-ds.asDataMatrix" timestamp="2025-10-28T12:17:05Z" hostname="runnervmwhb2z" tests="0" skipped="0" failures="0" errors="0" time="0"/>
  <testsuite name="ds.asDataMatrix::arg::test errors" timestamp="2025-10-28T12:17:12Z" hostname="runnervmwhb2z" tests="1" skipped="0" failures="0" errors="0" time="7.665">
    <testcase time="7.66500000000002" classname="ds.asDataMatrix_arg_test_errors" name="asDataMatrix_erros"/>
  </testsuite>
  <testsuite name="arg-ds.asFactor" timestamp="2025-10-28T12:17:13Z" hostname="runnervmwhb2z" tests="0" skipped="0" failures="0" errors="0" time="0"/>
  <testsuite name="ds.asFactor::arg::test errors" timestamp="2025-10-28T12:17:20Z" hostname="runnervmwhb2z" tests="3" skipped="0" failures="0" errors="0" time="7.573">
    <testcase time="7.517" classname="ds.asFactor_arg_test_errors" name="asFactor_erros"/>
    <testcase time="0.0509999999999877" classname="ds.asFactor_arg_test_errors" name="asFactor_erros"/>
    <testcase time="0.00499999999999545" classname="ds.asFactor_arg_test_errors" name="asFactor_erros"/>
  </testsuite>
  <testsuite name="arg-ds.asInteger" timestamp="2025-10-28T12:17:20Z" hostname="runnervmwhb2z" tests="0" skipped="0" failures="0" errors="0" time="0"/>
  <testsuite name="ds.asInteger::arg::test errors" timestamp="2025-10-28T12:17:27Z" hostname="runnervmwhb2z" tests="1" skipped="0" failures="0" errors="0" time="7.463">
    <testcase time="7.46300000000002" classname="ds.asInteger_arg_test_errors" name="asInteger_erros"/>
  </testsuite>
  <testsuite name="arg-ds.asList" timestamp="2025-10-28T12:17:28Z" hostname="runnervmwhb2z" tests="0" skipped="0" failures="0" errors="0" time="0"/>
  <testsuite name="ds.asList::arg::test errors" timestamp="2025-10-28T12:17:35Z" hostname="runnervmwhb2z" tests="1" skipped="0" failures="0" errors="0" time="7.46">
    <testcase time="7.45999999999998" classname="ds.asList_arg_test_errors" name="asList_erros"/>
  </testsuite>
  <testsuite name="arg-ds.asLogical" timestamp="2025-10-28T12:17:35Z" hostname="runnervmwhb2z" tests="0" skipped="0" failures="0" errors="0" time="0"/>
  <testsuite name="ds.asLogical::arg::test errors" timestamp="2025-10-28T12:17:42Z" hostname="runnervmwhb2z" tests="1" skipped="0" failures="0" errors="0" time="7.517">
    <testcase time="7.51700000000002" classname="ds.asLogical_arg_test_errors" name="asLogical_erros"/>
  </testsuite>
  <testsuite name="arg-ds.asMatrix" timestamp="2025-10-28T12:17:43Z" hostname="runnervmwhb2z" tests="0" skipped="0" failures="0" errors="0" time="0"/>
  <testsuite name="ds.asMatrix::arg::test errors" timestamp="2025-10-28T12:17:50Z" hostname="runnervmwhb2z" tests="1" skipped="0" failures="0" errors="0" time="7.427">
    <testcase time="7.42699999999999" classname="ds.asMatrix_arg_test_errors" name="asMatrix_erros"/>
  </testsuite>
  <testsuite name="arg-ds.asNumeric" timestamp="2025-10-28T12:17:50Z" hostname="runnervmwhb2z" tests="0" skipped="0" failures="0" errors="0" time="0"/>
  <testsuite name="ds.asNumeric::arg::test errors" timestamp="2025-10-28T12:17:57Z" hostname="runnervmwhb2z" tests="1" skipped="0" failures="0" errors="0" time="7.452">
    <testcase time="7.452" classname="ds.asNumeric_arg_test_errors" name="asNumeric_erros"/>
  </testsuite>
  <testsuite name="arg-ds.assign" timestamp="2025-10-28T12:17:58Z" hostname="runnervmwhb2z" tests="0" skipped="0" failures="0" errors="0" time="0"/>
  <testsuite name="ds.assign::arg::test errors" timestamp="2025-10-28T12:18:05Z" hostname="runnervmwhb2z" tests="1" skipped="0" failures="0" errors="0" time="7.342">
    <testcase time="7.34199999999998" classname="ds.assign_arg_test_errors" name="assign_erros"/>
  </testsuite>
  <testsuite name="arg-ds.auc" timestamp="2025-10-28T12:18:05Z" hostname="runnervmwhb2z" tests="0" skipped="0" failures="0" errors="0" time="0"/>
  <testsuite name="ds.auc::arg::setup" timestamp="2025-10-28T12:18:05Z" hostname="runnervmwhb2z" tests="0" skipped="0" failures="0" errors="0" time="0"/>
  <testsuite name="ds.auc::arg::test errors" timestamp="2025-10-28T12:18:05Z" hostname="runnervmwhb2z" tests="2" skipped="0" failures="0" errors="0" time="0.252">
    <testcase time="0.234000000000009" classname="ds.auc_arg_test_errors" name="ds.auc_errors_for_null_pred_or_y"/>
    <testcase time="0.0180000000000007" classname="ds.auc_arg_test_errors" name="ds.auc_errors_for_null_pred_or_y"/>
  </testsuite>
  <testsuite name="ds.auc::arg::shutdown" timestamp="2025-10-28T12:18:05Z" hostname="runnervmwhb2z" tests="0" skipped="0" failures="0" errors="0" time="0"/>
  <testsuite name="ds.auc::arg::done" timestamp="2025-10-28T12:18:05Z" hostname="runnervmwhb2z" tests="0" skipped="0" failures="0" errors="0" time="0"/>
  <testsuite name="arg-ds.Boole" timestamp="2025-10-28T12:18:05Z" hostname="runnervmwhb2z" tests="0" skipped="0" failures="0" errors="0" time="0"/>
  <testsuite name="ds.Boole::arg::test errors" timestamp="2025-10-28T12:18:12Z" hostname="runnervmwhb2z" tests="5" skipped="0" failures="0" errors="0" time="7.212">
    <testcase time="7.13499999999999" classname="ds.Boole_arg_test_errors" name="Boole_erros"/>
    <testcase time="0.0630000000000166" classname="ds.Boole_arg_test_errors" name="Boole_erros"/>
    <testcase time="0.00399999999999068" classname="ds.Boole_arg_test_errors" name="Boole_erros"/>
    <testcase time="0.00499999999999545" classname="ds.Boole_arg_test_errors" name="Boole_erros"/>
    <testcase time="0.00499999999999545" classname="ds.Boole_arg_test_errors" name="Boole_erros"/>
  </testsuite>
  <testsuite name="arg-ds.c" timestamp="2025-10-28T12:18:12Z" hostname="runnervmwhb2z" tests="0" skipped="0" failures="0" errors="0" time="0"/>
  <testsuite name="ds.c::arg::test errors" timestamp="2025-10-28T12:18:20Z" hostname="runnervmwhb2z" tests="1" skipped="0" failures="0" errors="0" time="7.373">
    <testcase time="7.37300000000002" classname="ds.c_arg_test_errors" name="simple_c_errors"/>
  </testsuite>
  <testsuite name="arg-ds.cbind" timestamp="2025-10-28T12:18:20Z" hostname="runnervmwhb2z" tests="0" skipped="0" failures="0" errors="0" time="0"/>
  <testsuite name="ds.cbind::arg::test errors" timestamp="2025-10-28T12:18:27Z" hostname="runnervmwhb2z" tests="2" skipped="0" failures="0" errors="0" time="7.736">
    <testcase time="7.47499999999999" classname="ds.cbind_arg_test_errors" name="cbind_erros"/>
    <testcase time="0.260999999999996" classname="ds.cbind_arg_test_errors" name="cbind_erros"/>
  </testsuite>
  <testsuite name="arg-ds.changeRefGroup" timestamp="2025-10-28T12:18:27Z" hostname="runnervmwhb2z" tests="0" skipped="0" failures="0" errors="0" time="0"/>
  <testsuite name="ds.changeRefGroup::arg::test errors" timestamp="2025-10-28T12:18:35Z" hostname="runnervmwhb2z" tests="3" skipped="0" failures="0" errors="0" time="7.478">
    <testcase time="7.33799999999999" classname="ds.changeRefGroup_arg_test_errors" name="changeRefGroup_erros"/>
    <testcase time="0.0230000000000246" classname="ds.changeRefGroup_arg_test_errors" name="changeRefGroup_erros"/>
    <testcase time="0.11699999999999" classname="ds.changeRefGroup_arg_test_errors" name="changeRefGroup_erros"/>
  </testsuite>
  <testsuite name="arg-ds.class" timestamp="2025-10-28T12:18:35Z" hostname="runnervmwhb2z" tests="0" skipped="0" failures="0" errors="0" time="0"/>
  <testsuite name="ds.class::arg::test errors" timestamp="2025-10-28T12:18:42Z" hostname="runnervmwhb2z" tests="1" skipped="0" failures="0" errors="0" time="7.335">
    <testcase time="7.33499999999998" classname="ds.class_arg_test_errors" name="class_erros"/>
  </testsuite>
  <testsuite name="arg-ds.colnames" timestamp="2025-10-28T12:18:42Z" hostname="runnervmwhb2z" tests="0" skipped="0" failures="0" errors="0" time="0"/>
  <testsuite name="ds.colnames::arg::test errors" timestamp="2025-10-28T12:18:49Z" hostname="runnervmwhb2z" tests="1" skipped="0" failures="0" errors="0" time="7.321">
    <testcase time="7.32100000000003" classname="ds.colnames_arg_test_errors" name="simple_colnames_errors"/>
  </testsuite>
  <testsuite name="arg-ds.completeCases" timestamp="2025-10-28T12:18:50Z" hostname="runnervmwhb2z" tests="0" skipped="0" failures="0" errors="0" time="0"/>
  <testsuite name="ds.completeCases::arg::test errors" timestamp="2025-10-28T12:18:57Z" hostname="runnervmwhb2z" tests="1" skipped="0" failures="0" errors="0" time="7.376">
    <testcase time="7.37599999999998" classname="ds.completeCases_arg_test_errors" name="completeCases_errors"/>
  </testsuite>
  <testsuite name="arg-ds.cor" timestamp="2025-10-28T12:18:57Z" hostname="runnervmwhb2z" tests="0" skipped="0" failures="0" errors="0" time="0"/>
  <testsuite name="ds.cor::arg::test errors" timestamp="2025-10-28T12:19:04Z" hostname="runnervmwhb2z" tests="3" skipped="0" failures="0" errors="0" time="7.863">
    <testcase time="7.30000000000001" classname="ds.cor_arg_test_errors" name="cor_erros"/>
    <testcase time="0.223000000000013" classname="ds.cor_arg_test_errors" name="cor_erros"/>
    <testcase time="0.339999999999975" classname="ds.cor_arg_test_errors" name="cor_erros"/>
  </testsuite>
  <testsuite name="arg-ds.corTest" timestamp="2025-10-28T12:19:05Z" hostname="runnervmwhb2z" tests="0" skipped="0" failures="0" errors="0" time="0"/>
  <testsuite name="ds.corTest::arg" timestamp="2025-10-28T12:19:12Z" hostname="runnervmwhb2z" tests="2" skipped="0" failures="0" errors="0" time="7.398">
    <testcase time="7.33500000000004" classname="ds.corTest_arg" name="simple_arg_test"/>
    <testcase time="0.0629999999999882" classname="ds.corTest_arg" name="simple_arg_test"/>
  </testsuite>
  <testsuite name="arg-ds.cov" timestamp="2025-10-28T12:19:12Z" hostname="runnervmwhb2z" tests="0" skipped="0" failures="0" errors="0" time="0"/>
  <testsuite name="ds.cov::arg::test errors" timestamp="2025-10-28T12:19:19Z" hostname="runnervmwhb2z" tests="3" skipped="0" failures="0" errors="0" time="7.906">
    <testcase time="7.32900000000001" classname="ds.cov_arg_test_errors" name="cov_erros"/>
    <testcase time="0.240000000000009" classname="ds.cov_arg_test_errors" name="cov_erros"/>
    <testcase time="0.336999999999989" classname="ds.cov_arg_test_errors" name="cov_erros"/>
  </testsuite>
  <testsuite name="arg-ds.dataFrame" timestamp="2025-10-28T12:19:20Z" hostname="runnervmwhb2z" tests="0" skipped="0" failures="0" errors="0" time="0"/>
  <testsuite name="ds.dataFrame::arg::test errors" timestamp="2025-10-28T12:19:27Z" hostname="runnervmwhb2z" tests="2" skipped="0" failures="0" errors="0" time="7.578">
    <testcase time="7.25799999999998" classname="ds.dataFrame_arg_test_errors" name="dataframe_erros"/>
    <testcase time="0.319999999999993" classname="ds.dataFrame_arg_test_errors" name="dataframe_erros"/>
  </testsuite>
  <testsuite name="arg-ds.dataFrameFill" timestamp="2025-10-28T12:19:28Z" hostname="runnervmwhb2z" tests="0" skipped="0" failures="0" errors="0" time="0"/>
  <testsuite name="ds.dataFrameFill::arg::test errors" timestamp="2025-10-28T12:19:35Z" hostname="runnervmwhb2z" tests="3" skipped="0" failures="0" errors="0" time="7.608">
    <testcase time="7.32300000000004" classname="ds.dataFrameFill_arg_test_errors" name="dataFrameFill_erros"/>
    <testcase time="0.161999999999978" classname="ds.dataFrameFill_arg_test_errors" name="dataFrameFill_erros"/>
    <testcase time="0.12299999999999" classname="ds.dataFrameFill_arg_test_errors" name="dataFrameFill_erros"/>
  </testsuite>
  <testsuite name="arg-ds.dataFrameSort" timestamp="2025-10-28T12:19:35Z" hostname="runnervmwhb2z" tests="0" skipped="0" failures="0" errors="0" time="0"/>
  <testsuite name="ds.dataFrameSort::arg::no args" timestamp="2025-10-28T12:19:42Z" hostname="runnervmwhb2z" tests="5" skipped="0" failures="0" errors="0" time="7.518">
    <testcase time="7.50100000000003" classname="ds.dataFrameSort_arg_no_args" name="dataFrameSort_noargs"/>
    <testcase time="0.0129999999999768" classname="ds.dataFrameSort_arg_no_args" name="dataFrameSort_noargs"/>
    <testcase time="0.000999999999976353" classname="ds.dataFrameSort_arg_no_args" name="dataFrameSort_noargs"/>
    <testcase time="0.00200000000000955" classname="ds.dataFrameSort_arg_no_args" name="dataFrameSort_noargs"/>
    <testcase time="0.0010000000000332" classname="ds.dataFrameSort_arg_no_args" name="dataFrameSort_noargs"/>
  </testsuite>
  <testsuite name="ds.dataFrameSort::arg::sorted dataframe, of factors" timestamp="2025-10-28T12:19:43Z" hostname="runnervmwhb2z" tests="5" skipped="0" failures="0" errors="0" time="0.492">
    <testcase time="0.48599999999999" classname="ds.dataFrameSort_arg_sorted_dataframe_of_factors" name="dataFrameSort_factors"/>
    <testcase time="0.00200000000000955" classname="ds.dataFrameSort_arg_sorted_dataframe_of_factors" name="dataFrameSort_factors"/>
    <testcase time="0.000999999999976353" classname="ds.dataFrameSort_arg_sorted_dataframe_of_factors" name="dataFrameSort_factors"/>
    <testcase time="0.00200000000000955" classname="ds.dataFrameSort_arg_sorted_dataframe_of_factors" name="dataFrameSort_factors"/>
    <testcase time="0.000999999999976353" classname="ds.dataFrameSort_arg_sorted_dataframe_of_factors" name="dataFrameSort_factors"/>
  </testsuite>
  <testsuite name="arg-ds.dataFrameSubset" timestamp="2025-10-28T12:19:43Z" hostname="runnervmwhb2z" tests="0" skipped="0" failures="0" errors="0" time="0"/>
  <testsuite name="ds.dataFrameSubset::arg::setup" timestamp="2025-10-28T12:19:43Z" hostname="runnervmwhb2z" tests="3" skipped="0" failures="0" errors="0" time="7.366">
    <testcase time="7.363" classname="ds.dataFrameSubset_arg_setup" name="setup"/>
    <testcase time="0.0010000000000332" classname="ds.dataFrameSubset_arg_setup" name="setup"/>
    <testcase time="0.00200000000000955" classname="ds.dataFrameSubset_arg_setup" name="setup"/>
  </testsuite>
  <testsuite name="ds.dataFrameSubset::arg::missing 'ds.name' arg errors" timestamp="2025-10-28T12:19:50Z" hostname="runnervmwhb2z" tests="1" skipped="0" failures="0" errors="0" time="0.008">
    <testcase time="0.00799999999998136" classname="ds.dataFrameSubset_arg_missing_ds.name_arg_errors" name="dataFrameSubset_erros"/>
  </testsuite>
  <testsuite name="ds.dataFrameSubset::arg::missing 'V1' arg error" timestamp="2025-10-28T12:19:51Z" hostname="runnervmwhb2z" tests="1" skipped="0" failures="0" errors="0" time="0.1">
    <testcase time="0.0999999999999659" classname="ds.dataFrameSubset_arg_missing_V1_arg_error" name="dataFrameSubset_erros"/>
  </testsuite>
  <testsuite name="ds.dataFrameSubset::arg::missing 'V2' arg error" timestamp="2025-10-28T12:19:51Z" hostname="runnervmwhb2z" tests="1" skipped="0" failures="0" errors="0" time="0.009">
    <testcase time="0.00900000000001455" classname="ds.dataFrameSubset_arg_missing_V2_arg_error" name="dataFrameSubset_erros"/>
  </testsuite>
  <testsuite name="ds.dataFrameSubset::arg::missing 'Boolean.operator' arg error" timestamp="2025-10-28T12:19:51Z" hostname="runnervmwhb2z" tests="1" skipped="0" failures="0" errors="0" time="0.008">
    <testcase time="0.0080000000000382" classname="ds.dataFrameSubset_arg_missing_Boolean.operator_arg_error" name="dataFrameSubset_erros"/>
  </testsuite>
  <testsuite name="ds.dataFrameSubset::arg::missing 'df.name' value server-side" timestamp="2025-10-28T12:19:51Z" hostname="runnervmwhb2z" tests="5" skipped="0" failures="0" errors="0" time="0.099">
    <testcase time="0.0939999999999941" classname="ds.dataFrameSubset_arg_missing_df.name_value_server_side" name="dataFrameSubset_erros"/>
    <testcase time="0.000999999999976353" classname="ds.dataFrameSubset_arg_missing_df.name_value_server_side" name="dataFrameSubset_erros"/>
    <testcase time="0.000999999999976353" classname="ds.dataFrameSubset_arg_missing_df.name_value_server_side" name="dataFrameSubset_erros"/>
    <testcase time="0.0010000000000332" classname="ds.dataFrameSubset_arg_missing_df.name_value_server_side" name="dataFrameSubset_erros"/>
    <testcase time="0.00200000000000955" classname="ds.dataFrameSubset_arg_missing_df.name_value_server_side" name="dataFrameSubset_erros"/>
  </testsuite>
  <testsuite name="ds.dataFrameSubset::arg::missing 'V1' value server-side" timestamp="2025-10-28T12:19:51Z" hostname="runnervmwhb2z" tests="5" skipped="0" failures="0" errors="0" time="0.094">
    <testcase time="0.0879999999999654" classname="ds.dataFrameSubset_arg_missing_V1_value_server_side" name="dataFrameSubset_erros"/>
    <testcase time="0.00200000000000955" classname="ds.dataFrameSubset_arg_missing_V1_value_server_side" name="dataFrameSubset_erros"/>
    <testcase time="0.0010000000000332" classname="ds.dataFrameSubset_arg_missing_V1_value_server_side" name="dataFrameSubset_erros"/>
    <testcase time="0.000999999999976353" classname="ds.dataFrameSubset_arg_missing_V1_value_server_side" name="dataFrameSubset_erros"/>
    <testcase time="0.00200000000000955" classname="ds.dataFrameSubset_arg_missing_V1_value_server_side" name="dataFrameSubset_erros"/>
  </testsuite>
  <testsuite name="ds.dataFrameSubset::arg::missing 'V2' value server-side" timestamp="2025-10-28T12:19:51Z" hostname="runnervmwhb2z" tests="5" skipped="0" failures="0" errors="0" time="0.099">
    <testcase time="0.0939999999999941" classname="ds.dataFrameSubset_arg_missing_V2_value_server_side" name="dataFrameSubset_erros"/>
    <testcase time="0.000999999999976353" classname="ds.dataFrameSubset_arg_missing_V2_value_server_side" name="dataFrameSubset_erros"/>
    <testcase time="0.0010000000000332" classname="ds.dataFrameSubset_arg_missing_V2_value_server_side" name="dataFrameSubset_erros"/>
    <testcase time="0.00200000000000955" classname="ds.dataFrameSubset_arg_missing_V2_value_server_side" name="dataFrameSubset_erros"/>
    <testcase time="0.000999999999976353" classname="ds.dataFrameSubset_arg_missing_V2_value_server_side" name="dataFrameSubset_erros"/>
  </testsuite>
  <testsuite name="ds.dataFrameSubset::arg::invalid 'Boolean.operator' value server-side" timestamp="2025-10-28T12:19:51Z" hostname="runnervmwhb2z" tests="5" skipped="0" failures="0" errors="0" time="0.107">
    <testcase time="0.101999999999975" classname="ds.dataFrameSubset_arg_invalid_Boolean.operator_value_server_side" name="dataFrameSubset_erros"/>
    <testcase time="0.0010000000000332" classname="ds.dataFrameSubset_arg_invalid_Boolean.operator_value_server_side" name="dataFrameSubset_erros"/>
    <testcase time="0.00200000000000955" classname="ds.dataFrameSubset_arg_invalid_Boolean.operator_value_server_side" name="dataFrameSubset_erros"/>
    <testcase time="0.000999999999976353" classname="ds.dataFrameSubset_arg_invalid_Boolean.operator_value_server_side" name="dataFrameSubset_erros"/>
    <testcase time="0.0010000000000332" classname="ds.dataFrameSubset_arg_invalid_Boolean.operator_value_server_side" name="dataFrameSubset_erros"/>
  </testsuite>
  <testsuite name="ds.dataFrameSubset::arg::shutdown" timestamp="2025-10-28T12:19:51Z" hostname="runnervmwhb2z" tests="3" skipped="0" failures="0" errors="0" time="0.107">
    <testcase time="0.103999999999985" classname="ds.dataFrameSubset_arg_shutdown" name="shutdown"/>
    <testcase time="0.00200000000000955" classname="ds.dataFrameSubset_arg_shutdown" name="shutdown"/>
    <testcase time="0.000999999999976353" classname="ds.dataFrameSubset_arg_shutdown" name="shutdown"/>
  </testsuite>
  <testsuite name="ds.dataFrameSubset::arg::done" timestamp="2025-10-28T12:19:51Z" hostname="runnervmwhb2z" tests="0" skipped="0" failures="0" errors="0" time="0"/>
  <testsuite name="arg-ds.dim" timestamp="2025-10-28T12:19:51Z" hostname="runnervmwhb2z" tests="0" skipped="0" failures="0" errors="0" time="0"/>
  <testsuite name="ds.dim::arg::test errors" timestamp="2025-10-28T12:19:58Z" hostname="runnervmwhb2z" tests="3" skipped="0" failures="0" errors="0" time="7.46">
    <testcase time="7.255" classname="ds.dim_arg_test_errors" name="dim_erros"/>
    <testcase time="0.129000000000019" classname="ds.dim_arg_test_errors" name="dim_erros"/>
    <testcase time="0.075999999999965" classname="ds.dim_arg_test_errors" name="dim_erros"/>
  </testsuite>
  <testsuite name="arg-ds.exists" timestamp="2025-10-28T12:19:59Z" hostname="runnervmwhb2z" tests="0" skipped="0" failures="0" errors="0" time="0"/>
  <testsuite name="ds.exists::arg::test errors" timestamp="2025-10-28T12:20:06Z" hostname="runnervmwhb2z" tests="1" skipped="0" failures="0" errors="0" time="7.341">
    <testcase time="7.34100000000001" classname="ds.exists_arg_test_errors" name="simple_exists_errors"/>
  </testsuite>
  <testsuite name="arg-ds.exp" timestamp="2025-10-28T12:20:06Z" hostname="runnervmwhb2z" tests="0" skipped="0" failures="0" errors="0" time="0"/>
  <testsuite name="ds.exp::arg::test errors" timestamp="2025-10-28T12:20:13Z" hostname="runnervmwhb2z" tests="1" skipped="0" failures="0" errors="0" time="7.297">
    <testcase time="7.29699999999997" classname="ds.exp_arg_test_errors" name="exp_erros"/>
  </testsuite>
  <testsuite name="arg-ds.foobar" timestamp="2025-10-28T12:20:13Z" hostname="runnervmwhb2z" tests="0" skipped="0" failures="0" errors="0" time="0"/>
  <testsuite name="ds.foobar::arg::setup" timestamp="2025-10-28T12:20:13Z" hostname="runnervmwhb2z" tests="3" skipped="0" failures="0" errors="0" time="7.312">
    <testcase time="7.31" classname="ds.foobar_arg_setup" name="setup"/>
    <testcase time="0.0010000000000332" classname="ds.foobar_arg_setup" name="setup"/>
    <testcase time="0.000999999999976353" classname="ds.foobar_arg_setup" name="setup"/>
  </testsuite>
  <testsuite name="ds.foobar::arg::aggregate" timestamp="2025-10-28T12:20:21Z" hostname="runnervmwhb2z" tests="2" skipped="0" failures="0" errors="0" time="0.01">
    <testcase time="0.00900000000001455" classname="ds.foobar_arg_aggregate" name="NULL_connections"/>
    <testcase time="0.000999999999976353" classname="ds.foobar_arg_aggregate" name="NULL_connections"/>
  </testsuite>
  <testsuite name="ds.foobar::arg::aggregate" timestamp="2025-10-28T12:20:21Z" hostname="runnervmwhb2z" tests="2" skipped="0" failures="0" errors="0" time="0.01">
    <testcase time="0.00900000000001455" classname="ds.foobar_arg_aggregate" name="NULL_expr"/>
    <testcase time="0.000999999999976353" classname="ds.foobar_arg_aggregate" name="NULL_expr"/>
  </testsuite>
  <testsuite name="ds.foobar::arg::aggregate" timestamp="2025-10-28T12:20:21Z" hostname="runnervmwhb2z" tests="8" skipped="0" failures="0" errors="0" time="0.067">
    <testcase time="0.0529999999999973" classname="ds.foobar_arg_aggregate" name="non_existent_aggregate_foobarDS"/>
    <testcase time="0.00200000000000955" classname="ds.foobar_arg_aggregate" name="non_existent_aggregate_foobarDS"/>
    <testcase time="0.0010000000000332" classname="ds.foobar_arg_aggregate" name="non_existent_aggregate_foobarDS"/>
    <testcase time="0.0029999999999859" classname="ds.foobar_arg_aggregate" name="non_existent_aggregate_foobarDS"/>
    <testcase time="0.000999999999976353" classname="ds.foobar_arg_aggregate" name="non_existent_aggregate_foobarDS"/>
    <testcase time="0.00300000000004275" classname="ds.foobar_arg_aggregate" name="non_existent_aggregate_foobarDS"/>
    <testcase time="0.000999999999976353" classname="ds.foobar_arg_aggregate" name="non_existent_aggregate_foobarDS"/>
    <testcase time="0.0029999999999859" classname="ds.foobar_arg_aggregate" name="non_existent_aggregate_foobarDS"/>
  </testsuite>
  <testsuite name="ds.foobar::arg::assign" timestamp="2025-10-28T12:20:21Z" hostname="runnervmwhb2z" tests="2" skipped="0" failures="0" errors="0" time="0.01">
    <testcase time="0.00900000000001455" classname="ds.foobar_arg_assign" name="NULL_connections"/>
    <testcase time="0.000999999999976353" classname="ds.foobar_arg_assign" name="NULL_connections"/>
  </testsuite>
  <testsuite name="ds.foobar::arg::assign" timestamp="2025-10-28T12:20:21Z" hostname="runnervmwhb2z" tests="2" skipped="0" failures="0" errors="0" time="0.009">
    <testcase time="0.0080000000000382" classname="ds.foobar_arg_assign" name="NULL_value"/>
    <testcase time="0.000999999999976353" classname="ds.foobar_arg_assign" name="NULL_value"/>
  </testsuite>
  <testsuite name="ds.foobar::arg::assign" timestamp="2025-10-28T12:20:21Z" hostname="runnervmwhb2z" tests="8" skipped="0" failures="0" errors="0" time="0.057">
    <testcase time="0.0430000000000064" classname="ds.foobar_arg_assign" name="non_existent_assign_foobarDS"/>
    <testcase time="0.00200000000000955" classname="ds.foobar_arg_assign" name="non_existent_assign_foobarDS"/>
    <testcase time="0.000999999999976353" classname="ds.foobar_arg_assign" name="non_existent_assign_foobarDS"/>
    <testcase time="0.0029999999999859" classname="ds.foobar_arg_assign" name="non_existent_assign_foobarDS"/>
    <testcase time="0.0010000000000332" classname="ds.foobar_arg_assign" name="non_existent_assign_foobarDS"/>
    <testcase time="0.0029999999999859" classname="ds.foobar_arg_assign" name="non_existent_assign_foobarDS"/>
    <testcase time="0.0010000000000332" classname="ds.foobar_arg_assign" name="non_existent_assign_foobarDS"/>
    <testcase time="0.0029999999999859" classname="ds.foobar_arg_assign" name="non_existent_assign_foobarDS"/>
  </testsuite>
  <testsuite name="ds.foobar::arg::shutdown" timestamp="2025-10-28T12:20:21Z" hostname="runnervmwhb2z" tests="3" skipped="0" failures="0" errors="0" time="0.068">
    <testcase time="0.0639999999999645" classname="ds.foobar_arg_shutdown" name="shutdown"/>
    <testcase time="0.00200000000000955" classname="ds.foobar_arg_shutdown" name="shutdown"/>
    <testcase time="0.00200000000000955" classname="ds.foobar_arg_shutdown" name="shutdown"/>
  </testsuite>
  <testsuite name="ds.foobar::arg::done" timestamp="2025-10-28T12:20:21Z" hostname="runnervmwhb2z" tests="0" skipped="0" failures="0" errors="0" time="0"/>
  <testsuite name="arg-ds.gamlss" timestamp="2025-10-28T12:20:21Z" hostname="runnervmwhb2z" tests="0" skipped="0" failures="0" errors="0" time="0"/>
  <testsuite name="ds.gamlss::arg::test errors" timestamp="2025-10-28T12:20:28Z" hostname="runnervmwhb2z" tests="3" skipped="0" failures="0" errors="0" time="7.317">
    <testcase time="7.262" classname="ds.gamlss_arg_test_errors" name="gamlss_errors"/>
    <testcase time="0.0500000000000114" classname="ds.gamlss_arg_test_errors" name="gamlss_errors"/>
    <testcase time="0.00499999999999545" classname="ds.gamlss_arg_test_errors" name="gamlss_errors"/>
  </testsuite>
  <testsuite name="arg-ds.glm" timestamp="2025-10-28T12:20:28Z" hostname="runnervmwhb2z" tests="0" skipped="0" failures="0" errors="0" time="0"/>
  <testsuite name="ds.glm::arg::test errors" timestamp="2025-10-28T12:20:35Z" hostname="runnervmwhb2z" tests="2" skipped="0" failures="0" errors="0" time="7.617">
    <testcase time="7.30200000000002" classname="ds.glm_arg_test_errors" name="glm_errors"/>
    <testcase time="0.314999999999998" classname="ds.glm_arg_test_errors" name="glm_errors"/>
  </testsuite>
  <testsuite name="arg-ds.glmerSLMA" timestamp="2025-10-28T12:20:36Z" hostname="runnervmwhb2z" tests="0" skipped="0" failures="0" errors="0" time="0"/>
  <testsuite name="ds.glmerSLMA::arg::setup" timestamp="2025-10-28T12:20:36Z" hostname="runnervmwhb2z" tests="3" skipped="0" failures="0" errors="0" time="7.354">
    <testcase time="7.35199999999998" classname="ds.glmerSLMA_arg_setup" name="setup"/>
    <testcase time="0.0010000000000332" classname="ds.glmerSLMA_arg_setup" name="setup"/>
    <testcase time="0.000999999999976353" classname="ds.glmerSLMA_arg_setup" name="setup"/>
  </testsuite>
  <testsuite name="ds.glmerSLMA::arg::testing" timestamp="2025-10-28T12:20:43Z" hostname="runnervmwhb2z" tests="13" skipped="0" failures="0" errors="0" time="0.628">
    <testcase time="0.00900000000001455" classname="ds.glmerSLMA_arg_testing" name="simple_glmerSLMA_tesing_mis_use_of_arguments"/>
    <testcase time="0.317999999999984" classname="ds.glmerSLMA_arg_testing" name="simple_glmerSLMA_tesing_mis_use_of_arguments"/>
    <testcase time="0.0010000000000332" classname="ds.glmerSLMA_arg_testing" name="simple_glmerSLMA_tesing_mis_use_of_arguments"/>
    <testcase time="0.000999999999976353" classname="ds.glmerSLMA_arg_testing" name="simple_glmerSLMA_tesing_mis_use_of_arguments"/>
    <testcase time="0.0010000000000332" classname="ds.glmerSLMA_arg_testing" name="simple_glmerSLMA_tesing_mis_use_of_arguments"/>
    <testcase time="0.000999999999976353" classname="ds.glmerSLMA_arg_testing" name="simple_glmerSLMA_tesing_mis_use_of_arguments"/>
    <testcase time="0.0550000000000068" classname="ds.glmerSLMA_arg_testing" name="simple_glmerSLMA_tesing_mis_use_of_arguments"/>
    <testcase time="0.233000000000004" classname="ds.glmerSLMA_arg_testing" name="simple_glmerSLMA_tesing_mis_use_of_arguments"/>
    <testcase time="0.000999999999976353" classname="ds.glmerSLMA_arg_testing" name="simple_glmerSLMA_tesing_mis_use_of_arguments"/>
    <testcase time="0.0010000000000332" classname="ds.glmerSLMA_arg_testing" name="simple_glmerSLMA_tesing_mis_use_of_arguments"/>
    <testcase time="0.000999999999976353" classname="ds.glmerSLMA_arg_testing" name="simple_glmerSLMA_tesing_mis_use_of_arguments"/>
    <testcase time="0.0010000000000332" classname="ds.glmerSLMA_arg_testing" name="simple_glmerSLMA_tesing_mis_use_of_arguments"/>
    <testcase time="0.00499999999999545" classname="ds.glmerSLMA_arg_testing" name="simple_glmerSLMA_tesing_mis_use_of_arguments"/>
  </testsuite>
  <testsuite name="ds.glmerSLMA::arg::shutdown" timestamp="2025-10-28T12:20:44Z" hostname="runnervmwhb2z" tests="3" skipped="0" failures="0" errors="0" time="0.054">
    <testcase time="0.0519999999999641" classname="ds.glmerSLMA_arg_shutdown" name="setup"/>
    <testcase time="0.0010000000000332" classname="ds.glmerSLMA_arg_shutdown" name="setup"/>
    <testcase time="0.000999999999976353" classname="ds.glmerSLMA_arg_shutdown" name="setup"/>
  </testsuite>
  <testsuite name="ds.glmerSLMA::arg::done" timestamp="2025-10-28T12:20:44Z" hostname="runnervmwhb2z" tests="0" skipped="0" failures="0" errors="0" time="0"/>
  <testsuite name="arg-ds.glmPredict" timestamp="2025-10-28T12:20:44Z" hostname="runnervmwhb2z" tests="0" skipped="0" failures="0" errors="0" time="0"/>
  <testsuite name="ds.glmPredict::arg::test _glmname_ arg is correct object" timestamp="2025-10-28T12:20:51Z" hostname="runnervmwhb2z" tests="2" skipped="0" failures="0" errors="0" time="7.372">
    <testcase time="7.27499999999998" classname="ds.glmPredict_arg_test__glmname__arg_is_correct_object" name="glmPredict_errors"/>
    <testcase time="0.0970000000000368" classname="ds.glmPredict_arg_test__glmname__arg_is_correct_object" name="glmPredict_errors"/>
  </testsuite>
  <testsuite name="ds.glmPredict::arg::setting up glm obj for further testing" timestamp="2025-10-28T12:20:51Z" hostname="runnervmwhb2z" tests="4" skipped="0" failures="0" errors="0" time="0.401">
    <testcase time="0.396999999999991" classname="ds.glmPredict_arg_setting_up_glm_obj_for_further_testing" name="glmPredict_errors"/>
    <testcase time="0.00200000000000955" classname="ds.glmPredict_arg_setting_up_glm_obj_for_further_testing" name="glmPredict_errors"/>
    <testcase time="0.000999999999976353" classname="ds.glmPredict_arg_setting_up_glm_obj_for_further_testing" name="glmPredict_errors"/>
    <testcase time="0.0010000000000332" classname="ds.glmPredict_arg_setting_up_glm_obj_for_further_testing" name="glmPredict_errors"/>
  </testsuite>
  <testsuite name="ds.glmPredict::arg::test _newdataname_ arg is correct object" timestamp="2025-10-28T12:20:52Z" hostname="runnervmwhb2z" tests="4" skipped="0" failures="0" errors="0" time="0.161">
    <testcase time="0.154999999999973" classname="ds.glmPredict_arg_test__newdataname__arg_is_correct_object" name="glmPredict_errors"/>
    <testcase time="0.00200000000000955" classname="ds.glmPredict_arg_test__newdataname__arg_is_correct_object" name="glmPredict_errors"/>
    <testcase time="0.000999999999976353" classname="ds.glmPredict_arg_test__newdataname__arg_is_correct_object" name="glmPredict_errors"/>
    <testcase time="0.00300000000004275" classname="ds.glmPredict_arg_test__newdataname__arg_is_correct_object" name="glmPredict_errors"/>
  </testsuite>
  <testsuite name="ds.glmPredict::arg::test _output.type_ arg is correct object" timestamp="2025-10-28T12:20:52Z" hostname="runnervmwhb2z" tests="2" skipped="0" failures="0" errors="0" time="0.125">
    <testcase time="0.0539999999999736" classname="ds.glmPredict_arg_test__output.type__arg_is_correct_object" name="glmPredict_errors"/>
    <testcase time="0.0710000000000264" classname="ds.glmPredict_arg_test__output.type__arg_is_correct_object" name="glmPredict_errors"/>
  </testsuite>
  <testsuite name="ds.glmPredict::arg::test _se.fit_ arg is correct object" timestamp="2025-10-28T12:20:52Z" hostname="runnervmwhb2z" tests="4" skipped="0" failures="0" errors="0" time="0.134">
    <testcase time="0.128999999999962" classname="ds.glmPredict_arg_test__se.fit__arg_is_correct_object" name="glmPredict_errors"/>
    <testcase time="0.0010000000000332" classname="ds.glmPredict_arg_test__se.fit__arg_is_correct_object" name="glmPredict_errors"/>
    <testcase time="0.000999999999976353" classname="ds.glmPredict_arg_test__se.fit__arg_is_correct_object" name="glmPredict_errors"/>
    <testcase time="0.0029999999999859" classname="ds.glmPredict_arg_test__se.fit__arg_is_correct_object" name="glmPredict_errors"/>
  </testsuite>
  <testsuite name="ds.glmPredict::arg::test _terms_ arg is correct object" timestamp="2025-10-28T12:20:52Z" hostname="runnervmwhb2z" tests="1" skipped="0" failures="0" errors="0" time="0.152">
    <testcase time="0.152000000000044" classname="ds.glmPredict_arg_test__terms__arg_is_correct_object" name="glmPredict_errors"/>
  </testsuite>
  <testsuite name="ds.glmPredict::arg::test _na.action_ arg is correct object" timestamp="2025-10-28T12:20:52Z" hostname="runnervmwhb2z" tests="1" skipped="0" failures="0" errors="0" time="0.065">
    <testcase time="0.0649999999999977" classname="ds.glmPredict_arg_test__na.action__arg_is_correct_object" name="glmPredict_errors"/>
  </testsuite>
  <testsuite name="arg-ds.glmSLMA" timestamp="2025-10-28T12:20:52Z" hostname="runnervmwhb2z" tests="0" skipped="0" failures="0" errors="0" time="0"/>
  <testsuite name="ds.glmSLMA::arg::test errors" timestamp="2025-10-28T12:20:59Z" hostname="runnervmwhb2z" tests="6" skipped="0" failures="0" errors="0" time="7.656">
    <testcase time="7.56799999999998" classname="ds.glmSLMA_arg_test_errors" name="glmSLMA_errors"/>
    <testcase time="0.08299999999997" classname="ds.glmSLMA_arg_test_errors" name="glmSLMA_errors"/>
    <testcase time="0.0010000000000332" classname="ds.glmSLMA_arg_test_errors" name="glmSLMA_errors"/>
    <testcase time="0.000999999999976353" classname="ds.glmSLMA_arg_test_errors" name="glmSLMA_errors"/>
    <testcase time="0.00200000000000955" classname="ds.glmSLMA_arg_test_errors" name="glmSLMA_errors"/>
    <testcase time="0.0010000000000332" classname="ds.glmSLMA_arg_test_errors" name="glmSLMA_errors"/>
  </testsuite>
  <testsuite name="arg-ds.isNA" timestamp="2025-10-28T12:21:00Z" hostname="runnervmwhb2z" tests="0" skipped="0" failures="0" errors="0" time="0"/>
  <testsuite name="ds.isNA::arg::errors" timestamp="2025-10-28T12:21:07Z" hostname="runnervmwhb2z" tests="1" skipped="0" failures="0" errors="0" time="7.343">
    <testcase time="7.34299999999996" classname="ds.isNA_arg_errors" name="isNA_errors"/>
  </testsuite>
  <testsuite name="arg-ds.isValid" timestamp="2025-10-28T12:21:07Z" hostname="runnervmwhb2z" tests="0" skipped="0" failures="0" errors="0" time="0"/>
  <testsuite name="ds.isValid::arg::errors" timestamp="2025-10-28T12:21:14Z" hostname="runnervmwhb2z" tests="2" skipped="0" failures="0" errors="0" time="7.328">
    <testcase time="7.25400000000002" classname="ds.isValid_arg_errors" name="isValid_errors"/>
    <testcase time="0.0740000000000123" classname="ds.isValid_arg_errors" name="isValid_errors"/>
  </testsuite>
  <testsuite name="arg-ds.kurtosis" timestamp="2025-10-28T12:21:15Z" hostname="runnervmwhb2z" tests="0" skipped="0" failures="0" errors="0" time="0"/>
  <testsuite name="ds.kurtosis::arg::setup" timestamp="2025-10-28T12:21:15Z" hostname="runnervmwhb2z" tests="3" skipped="0" failures="0" errors="0" time="7.347">
    <testcase time="7.34399999999999" classname="ds.kurtosis_arg_setup" name="setup"/>
    <testcase time="0.00200000000000955" classname="ds.kurtosis_arg_setup" name="setup"/>
    <testcase time="0.000999999999976353" classname="ds.kurtosis_arg_setup" name="setup"/>
  </testsuite>
  <testsuite name="ds.kurtosis::arg::test errors" timestamp="2025-10-28T12:21:22Z" hostname="runnervmwhb2z" tests="4" skipped="0" failures="0" errors="0" time="0.095">
    <testcase time="0.00900000000001455" classname="ds.kurtosis_arg_test_errors" name="kurtosis_erros"/>
    <testcase time="0.0769999999999982" classname="ds.kurtosis_arg_test_errors" name="kurtosis_erros"/>
    <testcase time="0.00399999999996226" classname="ds.kurtosis_arg_test_errors" name="kurtosis_erros"/>
    <testcase time="0.0050000000000523" classname="ds.kurtosis_arg_test_errors" name="kurtosis_erros"/>
  </testsuite>
  <testsuite name="ds.kurtosis::arg::shutdown" timestamp="2025-10-28T12:21:22Z" hostname="runnervmwhb2z" tests="3" skipped="0" failures="0" errors="0" time="0.07">
    <testcase time="0.0679999999999836" classname="ds.kurtosis_arg_shutdown" name="shutdown"/>
    <testcase time="0.000999999999976353" classname="ds.kurtosis_arg_shutdown" name="shutdown"/>
    <testcase time="0.0010000000000332" classname="ds.kurtosis_arg_shutdown" name="shutdown"/>
  </testsuite>
  <testsuite name="ds.kurtosis::arg::done" timestamp="2025-10-28T12:21:22Z" hostname="runnervmwhb2z" tests="0" skipped="0" failures="0" errors="0" time="0"/>
  <testsuite name="arg-ds.length" timestamp="2025-10-28T12:21:22Z" hostname="runnervmwhb2z" tests="0" skipped="0" failures="0" errors="0" time="0"/>
  <testsuite name="ds.length::arg::test errors" timestamp="2025-10-28T12:21:29Z" hostname="runnervmwhb2z" tests="5" skipped="0" failures="0" errors="0" time="7.771">
    <testcase time="7.51499999999999" classname="ds.length_arg_test_errors" name="length_erros"/>
    <testcase time="0.0559999999999832" classname="ds.length_arg_test_errors" name="length_erros"/>
    <testcase time="0.00499999999999545" classname="ds.length_arg_test_errors" name="length_erros"/>
    <testcase time="0.102000000000032" classname="ds.length_arg_test_errors" name="length_erros"/>
    <testcase time="0.0929999999999609" classname="ds.length_arg_test_errors" name="length_erros"/>
  </testsuite>
  <testsuite name="arg-ds.levels" timestamp="2025-10-28T12:21:30Z" hostname="runnervmwhb2z" tests="0" skipped="0" failures="0" errors="0" time="0"/>
  <testsuite name="ds.levels::arg" timestamp="2025-10-28T12:21:37Z" hostname="runnervmwhb2z" tests="2" skipped="0" failures="0" errors="0" time="7.353">
    <testcase time="7.28900000000004" classname="ds.levels_arg" name="simple_levels"/>
    <testcase time="0.0639999999999645" classname="ds.levels_arg" name="simple_levels"/>
  </testsuite>
  <testsuite name="arg-ds.lexis" timestamp="2025-10-28T12:21:37Z" hostname="runnervmwhb2z" tests="0" skipped="0" failures="0" errors="0" time="0"/>
  <testsuite name="ds.lexis::arg::test errors" timestamp="2025-10-28T12:21:44Z" hostname="runnervmwhb2z" tests="1" skipped="0" failures="0" errors="0" time="7.254">
    <testcase time="7.25400000000002" classname="ds.lexis_arg_test_errors" name="lexis_erros"/>
  </testsuite>
  <testsuite name="ds.lexis::arg::test intervalWidth" timestamp="2025-10-28T12:21:44Z" hostname="runnervmwhb2z" tests="6" skipped="0" failures="0" errors="0" time="0.066">
    <testcase time="0.0430000000000064" classname="ds.lexis_arg_test_intervalWidth" name="simple_lexis"/>
    <testcase time="0.00399999999996226" classname="ds.lexis_arg_test_intervalWidth" name="simple_lexis"/>
    <testcase time="0.0050000000000523" classname="ds.lexis_arg_test_intervalWidth" name="simple_lexis"/>
    <testcase time="0.00499999999999545" classname="ds.lexis_arg_test_intervalWidth" name="simple_lexis"/>
    <testcase time="0.00399999999996226" classname="ds.lexis_arg_test_intervalWidth" name="simple_lexis"/>
    <testcase time="0.00499999999999545" classname="ds.lexis_arg_test_intervalWidth" name="simple_lexis"/>
  </testsuite>
  <testsuite name="arg-ds.list" timestamp="2025-10-28T12:21:45Z" hostname="runnervmwhb2z" tests="0" skipped="0" failures="0" errors="0" time="0"/>
  <testsuite name="ds.list::arg::test errors" timestamp="2025-10-28T12:21:52Z" hostname="runnervmwhb2z" tests="1" skipped="0" failures="0" errors="0" time="7.293">
    <testcase time="7.29300000000001" classname="ds.list_arg_test_errors" name="simple_ds.list_errors"/>
  </testsuite>
  <testsuite name="arg-ds.lmerSLMA" timestamp="2025-10-28T12:21:52Z" hostname="runnervmwhb2z" tests="0" skipped="0" failures="0" errors="0" time="0"/>
  <testsuite name="ds.lmerSLMA::arg::setup" timestamp="2025-10-28T12:21:52Z" hostname="runnervmwhb2z" tests="3" skipped="0" failures="0" errors="0" time="7.352">
    <testcase time="7.35000000000002" classname="ds.lmerSLMA_arg_setup" name="setup"/>
    <testcase time="0.000999999999976353" classname="ds.lmerSLMA_arg_setup" name="setup"/>
    <testcase time="0.0010000000000332" classname="ds.lmerSLMA_arg_setup" name="setup"/>
  </testsuite>
  <testsuite name="ds.lmerSLMA::arg" timestamp="2025-10-28T12:21:59Z" hostname="runnervmwhb2z" tests="8" skipped="0" failures="0" errors="0" time="0.547">
    <testcase time="0.178999999999974" classname="ds.lmerSLMA_arg" name="simple_lmerSLMA_tesing_mis_use_of_arguments"/>
    <testcase time="0.305000000000007" classname="ds.lmerSLMA_arg" name="simple_lmerSLMA_tesing_mis_use_of_arguments"/>
    <testcase time="0.00200000000000955" classname="ds.lmerSLMA_arg" name="simple_lmerSLMA_tesing_mis_use_of_arguments"/>
    <testcase time="0.000999999999976353" classname="ds.lmerSLMA_arg" name="simple_lmerSLMA_tesing_mis_use_of_arguments"/>
    <testcase time="0.0010000000000332" classname="ds.lmerSLMA_arg" name="simple_lmerSLMA_tesing_mis_use_of_arguments"/>
    <testcase time="0.000999999999976353" classname="ds.lmerSLMA_arg" name="simple_lmerSLMA_tesing_mis_use_of_arguments"/>
    <testcase time="0.0529999999999973" classname="ds.lmerSLMA_arg" name="simple_lmerSLMA_tesing_mis_use_of_arguments"/>
    <testcase time="0.00499999999999545" classname="ds.lmerSLMA_arg" name="simple_lmerSLMA_tesing_mis_use_of_arguments"/>
  </testsuite>
  <testsuite name="ds.lmerSLMA::arg::shutdown" timestamp="2025-10-28T12:22:00Z" hostname="runnervmwhb2z" tests="3" skipped="0" failures="0" errors="0" time="0.071">
    <testcase time="0.0680000000000405" classname="ds.lmerSLMA_arg_shutdown" name="shutdown"/>
    <testcase time="0.00199999999995271" classname="ds.lmerSLMA_arg_shutdown" name="shutdown"/>
    <testcase time="0.0010000000000332" classname="ds.lmerSLMA_arg_shutdown" name="shutdown"/>
  </testsuite>
  <testsuite name="ds.lmerSLMA::arg::done" timestamp="2025-10-28T12:22:00Z" hostname="runnervmwhb2z" tests="0" skipped="0" failures="0" errors="0" time="0"/>
  <testsuite name="arg-ds.log" timestamp="2025-10-28T12:22:00Z" hostname="runnervmwhb2z" tests="0" skipped="0" failures="0" errors="0" time="0"/>
  <testsuite name="ds.log::arg::test errors" timestamp="2025-10-28T12:22:07Z" hostname="runnervmwhb2z" tests="1" skipped="0" failures="0" errors="0" time="7.297">
    <testcase time="7.29699999999997" classname="ds.log_arg_test_errors" name="log_erros"/>
  </testsuite>
  <testsuite name="arg-ds.look" timestamp="2025-10-28T12:22:07Z" hostname="runnervmwhb2z" tests="0" skipped="0" failures="0" errors="0" time="0"/>
  <testsuite name="ds.look::arg::test errors" timestamp="2025-10-28T12:22:14Z" hostname="runnervmwhb2z" tests="1" skipped="0" failures="0" errors="0" time="7.349">
    <testcase time="7.34900000000005" classname="ds.look_arg_test_errors" name="look_erros"/>
  </testsuite>
  <testsuite name="arg-ds.ls" timestamp="2025-10-28T12:22:15Z" hostname="runnervmwhb2z" tests="0" skipped="0" failures="0" errors="0" time="0"/>
  <testsuite name="ds.ls::arg::setup" timestamp="2025-10-28T12:22:15Z" hostname="runnervmwhb2z" tests="3" skipped="0" failures="0" errors="0" time="7.356">
    <testcase time="7.35399999999998" classname="ds.ls_arg_setup" name="setup"/>
    <testcase time="0.000999999999976353" classname="ds.ls_arg_setup" name="setup"/>
    <testcase time="0.0010000000000332" classname="ds.ls_arg_setup" name="setup"/>
  </testsuite>
  <testsuite name="ds.ls::arg" timestamp="2025-10-28T12:22:22Z" hostname="runnervmwhb2z" tests="6" skipped="0" failures="0" errors="0" time="0.013">
    <testcase time="0.00599999999997181" classname="ds.ls_arg" name="containing_escape_sequence"/>
    <testcase time="0.0010000000000332" classname="ds.ls_arg" name="containing_escape_sequence"/>
    <testcase time="0.00199999999995271" classname="ds.ls_arg" name="containing_escape_sequence"/>
    <testcase time="0.0010000000000332" classname="ds.ls_arg" name="containing_escape_sequence"/>
    <testcase time="0.00200000000000955" classname="ds.ls_arg" name="containing_escape_sequence"/>
    <testcase time="0.000999999999976353" classname="ds.ls_arg" name="containing_escape_sequence"/>
  </testsuite>
  <testsuite name="ds.ls::arg::shutdown" timestamp="2025-10-28T12:22:22Z" hostname="runnervmwhb2z" tests="3" skipped="0" failures="0" errors="0" time="0.051">
    <testcase time="0.0489999999999782" classname="ds.ls_arg_shutdown" name="shutdown"/>
    <testcase time="0.0010000000000332" classname="ds.ls_arg_shutdown" name="shutdown"/>
    <testcase time="0.000999999999976353" classname="ds.ls_arg_shutdown" name="shutdown"/>
  </testsuite>
  <testsuite name="ds.ls::arg::done" timestamp="2025-10-28T12:22:22Z" hostname="runnervmwhb2z" tests="0" skipped="0" failures="0" errors="0" time="0"/>
  <testsuite name="arg-ds.make" timestamp="2025-10-28T12:22:22Z" hostname="runnervmwhb2z" tests="0" skipped="0" failures="0" errors="0" time="0"/>
  <testsuite name="ds.make::arg::test errors" timestamp="2025-10-28T12:22:29Z" hostname="runnervmwhb2z" tests="1" skipped="0" failures="0" errors="0" time="7.259">
    <testcase time="7.25900000000001" classname="ds.make_arg_test_errors" name="make_erros"/>
  </testsuite>
  <testsuite name="arg-ds.matrix" timestamp="2025-10-28T12:22:29Z" hostname="runnervmwhb2z" tests="0" skipped="0" failures="0" errors="0" time="0"/>
  <testsuite name="ds.matrix::arg::test errors" timestamp="2025-10-28T12:22:36Z" hostname="runnervmwhb2z" tests="1" skipped="0" failures="0" errors="0" time="7.289">
    <testcase time="7.28899999999999" classname="ds.matrix_arg_test_errors" name="matrix_erros"/>
  </testsuite>
  <testsuite name="arg-ds.matrixDet" timestamp="2025-10-28T12:22:37Z" hostname="runnervmwhb2z" tests="0" skipped="0" failures="0" errors="0" time="0"/>
  <testsuite name="ds.matrixDet::arg::test errors" timestamp="2025-10-28T12:22:44Z" hostname="runnervmwhb2z" tests="1" skipped="0" failures="0" errors="0" time="7.298">
    <testcase time="7.298" classname="ds.matrixDet_arg_test_errors" name="matrixDet_erros"/>
  </testsuite>
  <testsuite name="arg-ds.matrixDet.report" timestamp="2025-10-28T12:22:44Z" hostname="runnervmwhb2z" tests="0" skipped="0" failures="0" errors="0" time="0"/>
  <testsuite name="ds.matrixDet.report::arg::test errors" timestamp="2025-10-28T12:22:51Z" hostname="runnervmwhb2z" tests="1" skipped="0" failures="0" errors="0" time="7.235">
    <testcase time="7.23500000000001" classname="ds.matrixDet.report_arg_test_errors" name="ds.matixDet.report_erros"/>
  </testsuite>
  <testsuite name="arg-ds.matrixDiag" timestamp="2025-10-28T12:22:51Z" hostname="runnervmwhb2z" tests="0" skipped="0" failures="0" errors="0" time="0"/>
  <testsuite name="ds.matrixDiag::arg::test errors" timestamp="2025-10-28T12:22:58Z" hostname="runnervmwhb2z" tests="2" skipped="0" failures="0" errors="0" time="7.25">
    <testcase time="7.24800000000005" classname="ds.matrixDiag_arg_test_errors" name="matrixDiag_erros"/>
    <testcase time="0.00199999999995271" classname="ds.matrixDiag_arg_test_errors" name="matrixDiag_erros"/>
  </testsuite>
  <testsuite name="arg-ds.matrixDimnames" timestamp="2025-10-28T12:22:58Z" hostname="runnervmwhb2z" tests="0" skipped="0" failures="0" errors="0" time="0"/>
  <testsuite name="ds.matrixDimnames::arg::test errors" timestamp="2025-10-28T12:23:05Z" hostname="runnervmwhb2z" tests="1" skipped="0" failures="0" errors="0" time="7.31">
    <testcase time="7.30999999999995" classname="ds.matrixDimnames_arg_test_errors" name="matrixDimnames_erros"/>
  </testsuite>
  <testsuite name="arg-ds.matrixInvert" timestamp="2025-10-28T12:23:06Z" hostname="runnervmwhb2z" tests="0" skipped="0" failures="0" errors="0" time="0"/>
  <testsuite name="ds.matrixInvert::arg::test errors" timestamp="2025-10-28T12:23:13Z" hostname="runnervmwhb2z" tests="1" skipped="0" failures="0" errors="0" time="7.265">
    <testcase time="7.2650000000001" classname="ds.matrixInvert_arg_test_errors" name="matrixInvert_erros"/>
  </testsuite>
  <testsuite name="arg-ds.matrixMult" timestamp="2025-10-28T12:23:13Z" hostname="runnervmwhb2z" tests="0" skipped="0" failures="0" errors="0" time="0"/>
  <testsuite name="ds.matrixMult::arg::test errors" timestamp="2025-10-28T12:23:20Z" hostname="runnervmwhb2z" tests="1" skipped="0" failures="0" errors="0" time="7.256">
    <testcase time="7.25599999999997" classname="ds.matrixMult_arg_test_errors" name="matrixMult_erros"/>
  </testsuite>
  <testsuite name="arg-ds.matrixTranspose" timestamp="2025-10-28T12:23:20Z" hostname="runnervmwhb2z" tests="0" skipped="0" failures="0" errors="0" time="0"/>
  <testsuite name="ds.matrixTranspose::arg::test errors" timestamp="2025-10-28T12:23:27Z" hostname="runnervmwhb2z" tests="1" skipped="0" failures="0" errors="0" time="7.221">
    <testcase time="7.221" classname="ds.matrixTranspose_arg_test_errors" name="matrixTranspose_erros"/>
  </testsuite>
  <testsuite name="arg-ds.mean" timestamp="2025-10-28T12:23:27Z" hostname="runnervmwhb2z" tests="0" skipped="0" failures="0" errors="0" time="0"/>
  <testsuite name="ds.mean::arg::test errors" timestamp="2025-10-28T12:23:34Z" hostname="runnervmwhb2z" tests="3" skipped="0" failures="0" errors="0" time="7.624">
    <testcase time="7.46699999999998" classname="ds.mean_arg_test_errors" name="mean_erros"/>
    <testcase time="0.0769999999999982" classname="ds.mean_arg_test_errors" name="mean_erros"/>
    <testcase time="0.0800000000000409" classname="ds.mean_arg_test_errors" name="mean_erros"/>
  </testsuite>
  <testsuite name="arg-ds.meanByClass" timestamp="2025-10-28T12:23:35Z" hostname="runnervmwhb2z" tests="0" skipped="0" failures="0" errors="0" time="0"/>
  <testsuite name="ds.meanByClass::arg::test errors" timestamp="2025-10-28T12:23:42Z" hostname="runnervmwhb2z" tests="4" skipped="0" failures="0" errors="0" time="8.194">
    <testcase time="7.91599999999994" classname="ds.meanByClass_arg_test_errors" name="meanByClass_erros"/>
    <testcase time="0.118000000000052" classname="ds.meanByClass_arg_test_errors" name="meanByClass_erros"/>
    <testcase time="0.154999999999973" classname="ds.meanByClass_arg_test_errors" name="meanByClass_erros"/>
    <testcase time="0.00499999999999545" classname="ds.meanByClass_arg_test_errors" name="meanByClass_erros"/>
  </testsuite>
  <testsuite name="arg-ds.meanSdGp" timestamp="2025-10-28T12:23:43Z" hostname="runnervmwhb2z" tests="0" skipped="0" failures="0" errors="0" time="0"/>
  <testsuite name="ds.meanSdGp::arg::test errors" timestamp="2025-10-28T12:23:50Z" hostname="runnervmwhb2z" tests="1" skipped="0" failures="0" errors="0" time="7.253">
    <testcase time="7.25300000000004" classname="ds.meanSdGp_arg_test_errors" name="meanSdGp_erros"/>
  </testsuite>
  <testsuite name="arg-ds.merge" timestamp="2025-10-28T12:23:50Z" hostname="runnervmwhb2z" tests="0" skipped="0" failures="0" errors="0" time="0"/>
  <testsuite name="ds.merge::arg::test errors" timestamp="2025-10-28T12:23:57Z" hostname="runnervmwhb2z" tests="5" skipped="0" failures="0" errors="0" time="7.55">
    <testcase time="7.22299999999996" classname="ds.merge_arg_test_errors" name="merge_erros"/>
    <testcase time="0.0529999999999973" classname="ds.merge_arg_test_errors" name="merge_erros"/>
    <testcase time="0.0900000000000318" classname="ds.merge_arg_test_errors" name="merge_erros"/>
    <testcase time="0.0949999999999136" classname="ds.merge_arg_test_errors" name="merge_erros"/>
    <testcase time="0.0890000000000555" classname="ds.merge_arg_test_errors" name="merge_erros"/>
  </testsuite>
  <testsuite name="arg-ds.message" timestamp="2025-10-28T12:23:58Z" hostname="runnervmwhb2z" tests="0" skipped="0" failures="0" errors="0" time="0"/>
  <testsuite name="ds.message::arg" timestamp="2025-10-28T12:24:05Z" hostname="runnervmwhb2z" tests="1" skipped="0" failures="0" errors="0" time="7.277">
    <testcase time="7.27700000000004" classname="ds.message_arg" name="request_message_for_NULL"/>
  </testsuite>
  <testsuite name="arg-ds.metadata" timestamp="2025-10-28T12:24:05Z" hostname="runnervmwhb2z" tests="0" skipped="0" failures="0" errors="0" time="0"/>
  <testsuite name="ds.metadata::arg::setup" timestamp="2025-10-28T12:24:05Z" hostname="runnervmwhb2z" tests="3" skipped="0" failures="0" errors="0" time="7.358">
    <testcase time="7.3549999999999" classname="ds.metadata_arg_setup" name="setup"/>
    <testcase time="0.00200000000006639" classname="ds.metadata_arg_setup" name="setup"/>
    <testcase time="0.000999999999976353" classname="ds.metadata_arg_setup" name="setup"/>
  </testsuite>
  <testsuite name="ds.metadata::arg" timestamp="2025-10-28T12:24:12Z" hostname="runnervmwhb2z" tests="2" skipped="0" failures="0" errors="0" time="0.122">
    <testcase time="0.0499999999999545" classname="ds.metadata_arg" name="missing_variable"/>
    <testcase time="0.0720000000000027" classname="ds.metadata_arg" name="missing_column"/>
  </testsuite>
  <testsuite name="ds.metadata::arg::shutdown" timestamp="2025-10-28T12:24:13Z" hostname="runnervmwhb2z" tests="3" skipped="0" failures="0" errors="0" time="0.055">
    <testcase time="0.0520000000000209" classname="ds.metadata_arg_shutdown" name="shutdown"/>
    <testcase time="0.00200000000006639" classname="ds.metadata_arg_shutdown" name="shutdown"/>
    <testcase time="0.000999999999976353" classname="ds.metadata_arg_shutdown" name="shutdown"/>
  </testsuite>
  <testsuite name="ds.metadata::arg::done" timestamp="2025-10-28T12:24:13Z" hostname="runnervmwhb2z" tests="0" skipped="0" failures="0" errors="0" time="0"/>
  <testsuite name="arg-ds.mice" timestamp="2025-10-28T12:24:13Z" hostname="runnervmwhb2z" tests="0" skipped="0" failures="0" errors="0" time="0"/>
  <testsuite name="ds.mice::arg::test errors" timestamp="2025-10-28T12:24:20Z" hostname="runnervmwhb2z" tests="1" skipped="0" failures="0" errors="0" time="7.283">
    <testcase time="7.28300000000002" classname="ds.mice_arg_test_errors" name="mice_errors"/>
  </testsuite>
  <testsuite name="arg-ds.names" timestamp="2025-10-28T12:24:20Z" hostname="runnervmwhb2z" tests="0" skipped="0" failures="0" errors="0" time="0"/>
  <testsuite name="ds.names::arg::test errors" timestamp="2025-10-28T12:24:27Z" hostname="runnervmwhb2z" tests="7" skipped="0" failures="0" errors="0" time="7.345">
    <testcase time="7.202" classname="ds.names_arg_test_errors" name="simple_ds.names_errors"/>
    <testcase time="0.000999999999976353" classname="ds.names_arg_test_errors" name="simple_ds.names_errors"/>
    <testcase time="0.136999999999944" classname="ds.names_arg_test_errors" name="simple_ds.names_errors"/>
    <testcase time="0.00100000000009004" classname="ds.names_arg_test_errors" name="simple_ds.names_errors"/>
    <testcase time="0.00199999999995271" classname="ds.names_arg_test_errors" name="simple_ds.names_errors"/>
    <testcase time="0.000999999999976353" classname="ds.names_arg_test_errors" name="simple_ds.names_errors"/>
    <testcase time="0.000999999999976353" classname="ds.names_arg_test_errors" name="simple_ds.names_errors"/>
  </testsuite>
  <testsuite name="arg-ds.ns" timestamp="2025-10-28T12:24:27Z" hostname="runnervmwhb2z" tests="0" skipped="0" failures="0" errors="0" time="0"/>
  <testsuite name="ds.ns::arg::setup" timestamp="2025-10-28T12:24:27Z" hostname="runnervmwhb2z" tests="3" skipped="0" failures="0" errors="0" time="7.297">
    <testcase time="7.29500000000007" classname="ds.ns_arg_setup" name="setup"/>
    <testcase time="0.000999999999976353" classname="ds.ns_arg_setup" name="setup"/>
    <testcase time="0.000999999999976353" classname="ds.ns_arg_setup" name="setup"/>
  </testsuite>
  <testsuite name="ds.ns::arg::test errors" timestamp="2025-10-28T12:24:35Z" hostname="runnervmwhb2z" tests="2" skipped="0" failures="0" errors="0" time="0.014">
    <testcase time="0.00900000000001455" classname="ds.ns_arg_test_errors" name="ns_errors"/>
    <testcase time="0.00499999999999545" classname="ds.ns_arg_test_errors" name="ns_errors"/>
  </testsuite>
  <testsuite name="ds.ns::arg::shutdown" timestamp="2025-10-28T12:24:35Z" hostname="runnervmwhb2z" tests="3" skipped="0" failures="0" errors="0" time="0.051">
    <testcase time="0.0489999999999782" classname="ds.ns_arg_shutdown" name="shutdown"/>
    <testcase time="0.00100000000009004" classname="ds.ns_arg_shutdown" name="shutdown"/>
    <testcase time="0.000999999999976353" classname="ds.ns_arg_shutdown" name="shutdown"/>
  </testsuite>
  <testsuite name="ds.ns::arg::done" timestamp="2025-10-28T12:24:35Z" hostname="runnervmwhb2z" tests="0" skipped="0" failures="0" errors="0" time="0"/>
  <testsuite name="arg-ds.numNA" timestamp="2025-10-28T12:24:35Z" hostname="runnervmwhb2z" tests="0" skipped="0" failures="0" errors="0" time="0"/>
  <testsuite name="ds.numNA::arg::test errors" timestamp="2025-10-28T12:24:42Z" hostname="runnervmwhb2z" tests="1" skipped="0" failures="0" errors="0" time="7.247">
    <testcase time="7.24699999999996" classname="ds.numNA_arg_test_errors" name="simple_ds.numNA_errors"/>
  </testsuite>
  <testsuite name="arg-ds.qlspline" timestamp="2025-10-28T12:24:42Z" hostname="runnervmwhb2z" tests="0" skipped="0" failures="0" errors="0" time="0"/>
  <testsuite name="ds.qlspline::arg::setup" timestamp="2025-10-28T12:24:42Z" hostname="runnervmwhb2z" tests="3" skipped="0" failures="0" errors="0" time="7.281">
    <testcase time="7.279" classname="ds.qlspline_arg_setup" name="setup"/>
    <testcase time="0.000999999999976353" classname="ds.qlspline_arg_setup" name="setup"/>
    <testcase time="0.00100000000009004" classname="ds.qlspline_arg_setup" name="setup"/>
  </testsuite>
  <testsuite name="ds.qlspline::arg::test errors" timestamp="2025-10-28T12:24:49Z" hostname="runnervmwhb2z" tests="4" skipped="0" failures="0" errors="0" time="0.129">
    <testcase time="0.0229999999999109" classname="ds.qlspline_arg_test_errors" name="qlspline_errors"/>
    <testcase time="0.0040000000000191" classname="ds.qlspline_arg_test_errors" name="qlspline_errors"/>
    <testcase time="0.0529999999999973" classname="ds.qlspline_arg_test_errors" name="qlspline_errors"/>
    <testcase time="0.0489999999999782" classname="ds.qlspline_arg_test_errors" name="qlspline_errors"/>
  </testsuite>
  <testsuite name="ds.qlspline::arg::shutdown" timestamp="2025-10-28T12:24:49Z" hostname="runnervmwhb2z" tests="3" skipped="0" failures="0" errors="0" time="0.06">
    <testcase time="0.0570000000000164" classname="ds.qlspline_arg_shutdown" name="shutdown"/>
    <testcase time="0.00200000000006639" classname="ds.qlspline_arg_shutdown" name="shutdown"/>
    <testcase time="0.000999999999976353" classname="ds.qlspline_arg_shutdown" name="shutdown"/>
  </testsuite>
  <testsuite name="ds.qlspline::arg::done" timestamp="2025-10-28T12:24:50Z" hostname="runnervmwhb2z" tests="0" skipped="0" failures="0" errors="0" time="0"/>
  <testsuite name="arg-ds.quantileMean" timestamp="2025-10-28T12:24:50Z" hostname="runnervmwhb2z" tests="0" skipped="0" failures="0" errors="0" time="0"/>
  <testsuite name="ds.quantileMean::arg::test errors" timestamp="2025-10-28T12:24:57Z" hostname="runnervmwhb2z" tests="3" skipped="0" failures="0" errors="0" time="7.571">
    <testcase time="7.44499999999994" classname="ds.quantileMean_arg_test_errors" name="quantileMean_erros"/>
    <testcase time="0.0460000000000491" classname="ds.quantileMean_arg_test_errors" name="quantileMean_erros"/>
    <testcase time="0.0800000000000409" classname="ds.quantileMean_arg_test_errors" name="quantileMean_erros"/>
  </testsuite>
  <testsuite name="arg-ds.ranksSecure" timestamp="2025-10-28T12:24:57Z" hostname="runnervmwhb2z" tests="0" skipped="0" failures="0" errors="0" time="0"/>
  <testsuite name="ds.ranksSecure::arg::setup" timestamp="2025-10-28T12:24:57Z" hostname="runnervmwhb2z" tests="3" skipped="0" failures="0" errors="0" time="7.652">
    <testcase time="7.64999999999998" classname="ds.ranksSecure_arg_setup" name="setup"/>
    <testcase time="0.000999999999976353" classname="ds.ranksSecure_arg_setup" name="setup"/>
    <testcase time="0.000999999999976353" classname="ds.ranksSecure_arg_setup" name="setup"/>
  </testsuite>
  <testsuite name="ds.ranksSecure::arg::missing variable" timestamp="2025-10-28T12:25:05Z" hostname="runnervmwhb2z" tests="5" skipped="0" failures="0" errors="0" time="0.127">
    <testcase time="0.120999999999981" classname="ds.ranksSecure_arg_missing_variable" name="missing_variable"/>
    <testcase time="0.00200000000006639" classname="ds.ranksSecure_arg_missing_variable" name="missing_variable"/>
    <testcase time="0.000999999999976353" classname="ds.ranksSecure_arg_missing_variable" name="missing_variable"/>
    <testcase time="0.000999999999976353" classname="ds.ranksSecure_arg_missing_variable" name="missing_variable"/>
    <testcase time="0.00200000000006639" classname="ds.ranksSecure_arg_missing_variable" name="missing_variable"/>
  </testsuite>
  <testsuite name="ds.ranksSecure::arg::NULL variable" timestamp="2025-10-28T12:25:05Z" hostname="runnervmwhb2z" tests="9" skipped="0" failures="0" errors="0" time="0.75">
    <testcase time="0.183999999999969" classname="ds.ranksSecure_arg_NULL_variable" name="NULL_variable"/>
    <testcase time="0.000999999999976353" classname="ds.ranksSecure_arg_NULL_variable" name="NULL_variable"/>
    <testcase time="0.00200000000006639" classname="ds.ranksSecure_arg_NULL_variable" name="NULL_variable"/>
    <testcase time="0.000999999999976353" classname="ds.ranksSecure_arg_NULL_variable" name="NULL_variable"/>
    <testcase time="0.557000000000016" classname="ds.ranksSecure_arg_NULL_variable" name="NULL_variable"/>
    <testcase time="0.000999999999976353" classname="ds.ranksSecure_arg_NULL_variable" name="NULL_variable"/>
    <testcase time="0.00199999999995271" classname="ds.ranksSecure_arg_NULL_variable" name="NULL_variable"/>
    <testcase time="0.00100000000009004" classname="ds.ranksSecure_arg_NULL_variable" name="NULL_variable"/>
    <testcase time="0.000999999999976353" classname="ds.ranksSecure_arg_NULL_variable" name="NULL_variable"/>
  </testsuite>
  <testsuite name="ds.ranksSecure::arg::'text' variable" timestamp="2025-10-28T12:25:05Z" hostname="runnervmwhb2z" tests="5" skipped="0" failures="0" errors="0" time="0.143">
    <testcase time="0.136999999999944" classname="ds.ranksSecure_arg_text_variable" name="_text_variable"/>
    <testcase time="0.00200000000006639" classname="ds.ranksSecure_arg_text_variable" name="_text_variable"/>
    <testcase time="0.000999999999976353" classname="ds.ranksSecure_arg_text_variable" name="_text_variable"/>
    <testcase time="0.000999999999976353" classname="ds.ranksSecure_arg_text_variable" name="_text_variable"/>
    <testcase time="0.00199999999995271" classname="ds.ranksSecure_arg_text_variable" name="_text_variable"/>
  </testsuite>
  <testsuite name="ds.ranksSecure::arg::'logical' variable" timestamp="2025-10-28T12:25:06Z" hostname="runnervmwhb2z" tests="1" skipped="0" failures="0" errors="0" time="2.018">
    <testcase time="2.01800000000003" classname="ds.ranksSecure_arg_logical_variable" name="_logical_variable"/>
  </testsuite>
  <testsuite name="ds.ranksSecure::arg::'integer factor' variable" timestamp="2025-10-28T12:25:08Z" hostname="runnervmwhb2z" tests="5" skipped="0" failures="0" errors="0" time="0.347">
    <testcase time="0.341999999999985" classname="ds.ranksSecure_arg_integer_factor_variable" name="_integer_factor_variable"/>
    <testcase time="0.00100000000009004" classname="ds.ranksSecure_arg_integer_factor_variable" name="_integer_factor_variable"/>
    <testcase time="0.00199999999995271" classname="ds.ranksSecure_arg_integer_factor_variable" name="_integer_factor_variable"/>
    <testcase time="0.000999999999976353" classname="ds.ranksSecure_arg_integer_factor_variable" name="_integer_factor_variable"/>
    <testcase time="0.000999999999976353" classname="ds.ranksSecure_arg_integer_factor_variable" name="_integer_factor_variable"/>
  </testsuite>
  <testsuite name="ds.ranksSecure::arg::shutdown" timestamp="2025-10-28T12:25:08Z" hostname="runnervmwhb2z" tests="3" skipped="0" failures="0" errors="0" time="0.051">
    <testcase time="0.0480000000000018" classname="ds.ranksSecure_arg_shutdown" name="setup"/>
    <testcase time="0.00200000000006639" classname="ds.ranksSecure_arg_shutdown" name="setup"/>
    <testcase time="0.000999999999976353" classname="ds.ranksSecure_arg_shutdown" name="setup"/>
  </testsuite>
  <testsuite name="ds.ranksSecure::arg::done" timestamp="2025-10-28T12:25:08Z" hostname="runnervmwhb2z" tests="0" skipped="0" failures="0" errors="0" time="0"/>
  <testsuite name="arg-ds.rbind" timestamp="2025-10-28T12:25:08Z" hostname="runnervmwhb2z" tests="0" skipped="0" failures="0" errors="0" time="0"/>
  <testsuite name="ds.rbind::arg::test errors" timestamp="2025-10-28T12:25:15Z" hostname="runnervmwhb2z" tests="1" skipped="0" failures="0" errors="0" time="7.275">
    <testcase time="7.27499999999998" classname="ds.rbind_arg_test_errors" name="rbind_erros"/>
  </testsuite>
  <testsuite name="arg-ds.rBinom" timestamp="2025-10-28T12:25:15Z" hostname="runnervmwhb2z" tests="0" skipped="0" failures="0" errors="0" time="0"/>
  <testsuite name="ds.rBinom::arg::test errors" timestamp="2025-10-28T12:25:22Z" hostname="runnervmwhb2z" tests="2" skipped="0" failures="0" errors="0" time="7.272">
    <testcase time="7.27100000000007" classname="ds.rBinom_arg_test_errors" name="rBinom_erros"/>
    <testcase time="0.000999999999976353" classname="ds.rBinom_arg_test_errors" name="rBinom_erros"/>
  </testsuite>
  <testsuite name="arg-ds.recodeLevels" timestamp="2025-10-28T12:25:23Z" hostname="runnervmwhb2z" tests="0" skipped="0" failures="0" errors="0" time="0"/>
  <testsuite name="ds.recodeLevels::arg::test errors" timestamp="2025-10-28T12:25:30Z" hostname="runnervmwhb2z" tests="4" skipped="0" failures="0" errors="0" time="7.701">
    <testcase time="7.27300000000002" classname="ds.recodeLevels_arg_test_errors" name="recodeLevels_erros"/>
    <testcase time="0.0399999999999636" classname="ds.recodeLevels_arg_test_errors" name="recodeLevels_erros"/>
    <testcase time="0.08299999999997" classname="ds.recodeLevels_arg_test_errors" name="recodeLevels_erros"/>
    <testcase time="0.305000000000064" classname="ds.recodeLevels_arg_test_errors" name="recodeLevels_erros"/>
  </testsuite>
  <testsuite name="arg-ds.recodeValues" timestamp="2025-10-28T12:25:30Z" hostname="runnervmwhb2z" tests="0" skipped="0" failures="0" errors="0" time="0"/>
  <testsuite name="ds.recodeValues::arg::test errors" timestamp="2025-10-28T12:25:38Z" hostname="runnervmwhb2z" tests="7" skipped="0" failures="0" errors="0" time="7.721">
    <testcase time="7.3549999999999" classname="ds.recodeValues_arg_test_errors" name="recodeValues_erros"/>
    <testcase time="0.105000000000018" classname="ds.recodeValues_arg_test_errors" name="recodeValues_erros"/>
    <testcase time="0.0600000000000591" classname="ds.recodeValues_arg_test_errors" name="recodeValues_erros"/>
    <testcase time="0.0620000000000118" classname="ds.recodeValues_arg_test_errors" name="recodeValues_erros"/>
    <testcase time="0.0459999999999354" classname="ds.recodeValues_arg_test_errors" name="recodeValues_erros"/>
    <testcase time="0.0460000000000491" classname="ds.recodeValues_arg_test_errors" name="recodeValues_erros"/>
    <testcase time="0.0470000000000255" classname="ds.recodeValues_arg_test_errors" name="recodeValues_erros"/>
  </testsuite>
  <testsuite name="arg-ds.rep" timestamp="2025-10-28T12:25:38Z" hostname="runnervmwhb2z" tests="0" skipped="0" failures="0" errors="0" time="0"/>
  <testsuite name="ds.rep::arg::setup" timestamp="2025-10-28T12:25:38Z" hostname="runnervmwhb2z" tests="0" skipped="0" failures="0" errors="0" time="0"/>
  <testsuite name="ds.rep::arg::test errors" timestamp="2025-10-28T12:25:45Z" hostname="runnervmwhb2z" tests="1" skipped="0" failures="0" errors="0" time="7.344">
    <testcase time="7.34399999999994" classname="ds.rep_arg_test_errors" name="ds.rep_erros"/>
  </testsuite>
  <testsuite name="ds.rep::arg::shutdown" timestamp="2025-10-28T12:25:45Z" hostname="runnervmwhb2z" tests="0" skipped="0" failures="0" errors="0" time="0"/>
  <testsuite name="ds.rep::arg::done" timestamp="2025-10-28T12:25:46Z" hostname="runnervmwhb2z" tests="0" skipped="0" failures="0" errors="0" time="0"/>
  <testsuite name="arg-ds.replaceNA" timestamp="2025-10-28T12:25:46Z" hostname="runnervmwhb2z" tests="0" skipped="0" failures="0" errors="0" time="0"/>
  <testsuite name="ds.replaceNA::arg::test errors" timestamp="2025-10-28T12:25:53Z" hostname="runnervmwhb2z" tests="2" skipped="0" failures="0" errors="0" time="7.363">
    <testcase time="7.27800000000002" classname="ds.replaceNA_arg_test_errors" name="simple_ds.replaceNA_errors"/>
    <testcase time="0.0850000000000364" classname="ds.replaceNA_arg_test_errors" name="simple_ds.replaceNA_errors"/>
  </testsuite>
  <testsuite name="arg-ds.reShape" timestamp="2025-10-28T12:25:53Z" hostname="runnervmwhb2z" tests="0" skipped="0" failures="0" errors="0" time="0"/>
  <testsuite name="ds.reShape::arg::test errors" timestamp="2025-10-28T12:26:00Z" hostname="runnervmwhb2z" tests="4" skipped="0" failures="0" errors="0" time="7.334">
    <testcase time="7.27299999999991" classname="ds.reShape_arg_test_errors" name="reShape_erros"/>
    <testcase time="0.0520000000000209" classname="ds.reShape_arg_test_errors" name="reShape_erros"/>
    <testcase time="0.0040000000000191" classname="ds.reShape_arg_test_errors" name="reShape_erros"/>
    <testcase time="0.00499999999999545" classname="ds.reShape_arg_test_errors" name="reShape_erros"/>
  </testsuite>
  <testsuite name="arg-ds.rm" timestamp="2025-10-28T12:26:00Z" hostname="runnervmwhb2z" tests="0" skipped="0" failures="0" errors="0" time="0"/>
  <testsuite name="ds.rm::arg::test errors" timestamp="2025-10-28T12:26:07Z" hostname="runnervmwhb2z" tests="1" skipped="0" failures="0" errors="0" time="7.295">
    <testcase time="7.29499999999996" classname="ds.rm_arg_test_errors" name="ds.rm_erros"/>
  </testsuite>
  <testsuite name="arg-ds.rNorm" timestamp="2025-10-28T12:26:07Z" hostname="runnervmwhb2z" tests="0" skipped="0" failures="0" errors="0" time="0"/>
  <testsuite name="ds.rNorm::arg::test errors" timestamp="2025-10-28T12:26:15Z" hostname="runnervmwhb2z" tests="2" skipped="0" failures="0" errors="0" time="7.305">
    <testcase time="7.30400000000009" classname="ds.rNorm_arg_test_errors" name="rNorm_erros"/>
    <testcase time="0.000999999999976353" classname="ds.rNorm_arg_test_errors" name="rNorm_erros"/>
  </testsuite>
  <testsuite name="arg-ds.rowColCalc" timestamp="2025-10-28T12:26:15Z" hostname="runnervmwhb2z" tests="0" skipped="0" failures="0" errors="0" time="0"/>
  <testsuite name="ds.rowColCalc::arg::test errors" timestamp="2025-10-28T12:26:22Z" hostname="runnervmwhb2z" tests="3" skipped="0" failures="0" errors="0" time="7.932">
    <testcase time="7.37400000000002" classname="ds.rowColCalc_arg_test_errors" name="rowColCalc_errors"/>
    <testcase time="0.302999999999997" classname="ds.rowColCalc_arg_test_errors" name="rowColCalc_errors"/>
    <testcase time="0.254999999999995" classname="ds.rowColCalc_arg_test_errors" name="rowColCalc_errors"/>
  </testsuite>
  <testsuite name="arg-ds.rPois" timestamp="2025-10-28T12:26:23Z" hostname="runnervmwhb2z" tests="0" skipped="0" failures="0" errors="0" time="0"/>
  <testsuite name="ds.rPois::arg::test errors" timestamp="2025-10-28T12:26:30Z" hostname="runnervmwhb2z" tests="2" skipped="0" failures="0" errors="0" time="7.334">
    <testcase time="7.33199999999999" classname="ds.rPois_arg_test_errors" name="rPois_erros"/>
    <testcase time="0.00199999999995271" classname="ds.rPois_arg_test_errors" name="rPois_erros"/>
  </testsuite>
  <testsuite name="arg-ds.rUnif" timestamp="2025-10-28T12:26:30Z" hostname="runnervmwhb2z" tests="0" skipped="0" failures="0" errors="0" time="0"/>
  <testsuite name="ds.rUnif::arg::test errors" timestamp="2025-10-28T12:26:37Z" hostname="runnervmwhb2z" tests="2" skipped="0" failures="0" errors="0" time="7.273">
    <testcase time="7.27100000000007" classname="ds.rUnif_arg_test_errors" name="rUnif_erros"/>
    <testcase time="0.00199999999995271" classname="ds.rUnif_arg_test_errors" name="rUnif_erros"/>
  </testsuite>
  <testsuite name="arg-ds.sample" timestamp="2025-10-28T12:26:37Z" hostname="runnervmwhb2z" tests="0" skipped="0" failures="0" errors="0" time="0"/>
  <testsuite name="ds.sample::arg::setup" timestamp="2025-10-28T12:26:37Z" hostname="runnervmwhb2z" tests="0" skipped="0" failures="0" errors="0" time="0"/>
  <testsuite name="ds.sample::arg::test errors" timestamp="2025-10-28T12:26:44Z" hostname="runnervmwhb2z" tests="3" skipped="0" failures="0" errors="0" time="7.34">
    <testcase time="7.26999999999998" classname="ds.sample_arg_test_errors" name="cov_erros"/>
    <testcase time="0.0690000000000737" classname="ds.sample_arg_test_errors" name="cov_erros"/>
    <testcase time="0.000999999999976353" classname="ds.sample_arg_test_errors" name="cov_erros"/>
  </testsuite>
  <testsuite name="ds.sample::arg::shutdown" timestamp="2025-10-28T12:26:44Z" hostname="runnervmwhb2z" tests="0" skipped="0" failures="0" errors="0" time="0"/>
  <testsuite name="ds.sample::arg::done" timestamp="2025-10-28T12:26:45Z" hostname="runnervmwhb2z" tests="0" skipped="0" failures="0" errors="0" time="0"/>
  <testsuite name="arg-ds.seq" timestamp="2025-10-28T12:26:45Z" hostname="runnervmwhb2z" tests="0" skipped="0" failures="0" errors="0" time="0"/>
  <testsuite name="ds.seq::arg::test errors" timestamp="2025-10-28T12:26:52Z" hostname="runnervmwhb2z" tests="1" skipped="0" failures="0" errors="0" time="7.289">
    <testcase time="7.28899999999999" classname="ds.seq_arg_test_errors" name="seq_erros"/>
  </testsuite>
  <testsuite name="arg-ds.setSeed" timestamp="2025-10-28T12:26:52Z" hostname="runnervmwhb2z" tests="0" skipped="0" failures="0" errors="0" time="0"/>
  <testsuite name="ds.setSeed::arg::test errors" timestamp="2025-10-28T12:26:59Z" hostname="runnervmwhb2z" tests="1" skipped="0" failures="0" errors="0" time="7.28">
    <testcase time="7.27999999999997" classname="ds.setSeed_arg_test_errors" name="setSeed_erros"/>
  </testsuite>
  <testsuite name="arg-ds.skewness" timestamp="2025-10-28T12:26:59Z" hostname="runnervmwhb2z" tests="0" skipped="0" failures="0" errors="0" time="0"/>
  <testsuite name="ds.skewness::arg::setup" timestamp="2025-10-28T12:26:59Z" hostname="runnervmwhb2z" tests="3" skipped="0" failures="0" errors="0" time="7.316">
    <testcase time="7.31299999999999" classname="ds.skewness_arg_setup" name="setup"/>
    <testcase time="0.000999999999976353" classname="ds.skewness_arg_setup" name="setup"/>
    <testcase time="0.00200000000006639" classname="ds.skewness_arg_setup" name="setup"/>
  </testsuite>
  <testsuite name="ds.skewness::arg::test errors" timestamp="2025-10-28T12:27:06Z" hostname="runnervmwhb2z" tests="4" skipped="0" failures="0" errors="0" time="0.092">
    <testcase time="0.00799999999992451" classname="ds.skewness_arg_test_errors" name="skewness_erros"/>
    <testcase time="0.0740000000000691" classname="ds.skewness_arg_test_errors" name="skewness_erros"/>
    <testcase time="0.00499999999999545" classname="ds.skewness_arg_test_errors" name="skewness_erros"/>
    <testcase time="0.00499999999999545" classname="ds.skewness_arg_test_errors" name="skewness_erros"/>
  </testsuite>
  <testsuite name="ds.skewness::arg::shutdown" timestamp="2025-10-28T12:27:06Z" hostname="runnervmwhb2z" tests="3" skipped="0" failures="0" errors="0" time="0.056">
    <testcase time="0.0529999999999973" classname="ds.skewness_arg_shutdown" name="shutdown"/>
    <testcase time="0.00199999999995271" classname="ds.skewness_arg_shutdown" name="shutdown"/>
    <testcase time="0.00100000000009004" classname="ds.skewness_arg_shutdown" name="shutdown"/>
  </testsuite>
  <testsuite name="ds.skewness::arg::done" timestamp="2025-10-28T12:27:07Z" hostname="runnervmwhb2z" tests="0" skipped="0" failures="0" errors="0" time="0"/>
  <testsuite name="arg-ds.subset" timestamp="2025-10-28T12:27:07Z" hostname="runnervmwhb2z" tests="0" skipped="0" failures="0" errors="0" time="0"/>
  <testsuite name="ds.subset::arg::test errors" timestamp="2025-10-28T12:27:14Z" hostname="runnervmwhb2z" tests="1" skipped="0" failures="0" errors="0" time="7.287">
    <testcase time="7.28699999999992" classname="ds.subset_arg_test_errors" name="subset_erros"/>
  </testsuite>
  <testsuite name="arg-ds.subsetByClass" timestamp="2025-10-28T12:27:14Z" hostname="runnervmwhb2z" tests="0" skipped="0" failures="0" errors="0" time="0"/>
  <testsuite name="ds.subsetByClass::arg::test errors" timestamp="2025-10-28T12:27:21Z" hostname="runnervmwhb2z" tests="2" skipped="0" failures="0" errors="0" time="7.365">
    <testcase time="7.24800000000005" classname="ds.subsetByClass_arg_test_errors" name="subsetByClass_erros"/>
    <testcase time="0.116999999999962" classname="ds.subsetByClass_arg_test_errors" name="subsetByClass_erros"/>
  </testsuite>
  <testsuite name="arg-ds.summary" timestamp="2025-10-28T12:27:21Z" hostname="runnervmwhb2z" tests="0" skipped="0" failures="0" errors="0" time="0"/>
  <testsuite name="ds.summary::arg::test errors" timestamp="2025-10-28T12:27:28Z" hostname="runnervmwhb2z" tests="1" skipped="0" failures="0" errors="0" time="7.31">
    <testcase time="7.31000000000006" classname="ds.summary_arg_test_errors" name="summary_erros"/>
  </testsuite>
  <testsuite name="arg-ds.table" timestamp="2025-10-28T12:27:29Z" hostname="runnervmwhb2z" tests="0" skipped="0" failures="0" errors="0" time="0"/>
  <testsuite name="ds.table::arg::test rvar has value" timestamp="2025-10-28T12:27:36Z" hostname="runnervmwhb2z" tests="1" skipped="0" failures="0" errors="0" time="7.293">
    <testcase time="7.29300000000001" classname="ds.table_arg_test_rvar_has_value" name="table_rvar_has_value"/>
  </testsuite>
  <testsuite name="ds.table::arg::test rvar is not a variable" timestamp="2025-10-28T12:27:36Z" hostname="runnervmwhb2z" tests="2" skipped="0" failures="0" errors="0" time="0.925">
    <testcase time="0.923000000000002" classname="ds.table_arg_test_rvar_is_not_a_variable" name="table_rvar_is_not_a_variable"/>
    <testcase time="0.00199999999995271" classname="ds.table_arg_test_rvar_is_not_a_variable" name="table_rvar_is_not_a_variable"/>
  </testsuite>
  <testsuite name="ds.table::arg::test cvar has value" timestamp="2025-10-28T12:27:37Z" hostname="runnervmwhb2z" tests="1" skipped="0" failures="0" errors="0" time="0.047">
    <testcase time="0.0470000000000255" classname="ds.table_arg_test_cvar_has_value" name="table_cvar_has_value"/>
  </testsuite>
  <testsuite name="ds.table::arg::test cvar is not a variable" timestamp="2025-10-28T12:27:37Z" hostname="runnervmwhb2z" tests="2" skipped="0" failures="0" errors="0" time="0.097">
    <testcase time="0.0960000000000036" classname="ds.table_arg_test_cvar_is_not_a_variable" name="table_cvar_is_not_a_variable"/>
    <testcase time="0.000999999999976353" classname="ds.table_arg_test_cvar_is_not_a_variable" name="table_cvar_is_not_a_variable"/>
  </testsuite>
  <testsuite name="ds.table::arg::test stvar has value" timestamp="2025-10-28T12:27:37Z" hostname="runnervmwhb2z" tests="1" skipped="0" failures="0" errors="0" time="0.057">
    <testcase time="0.0570000000000164" classname="ds.table_arg_test_stvar_has_value" name="table_stvar_has_value"/>
  </testsuite>
  <testsuite name="ds.table::arg::test stvar is not a variable" timestamp="2025-10-28T12:27:37Z" hostname="runnervmwhb2z" tests="2" skipped="0" failures="0" errors="0" time="0.156">
    <testcase time="0.154999999999973" classname="ds.table_arg_test_stvar_is_not_a_variable" name="table_stvar_is_not_a_variable"/>
    <testcase time="0.00100000000009004" classname="ds.table_arg_test_stvar_is_not_a_variable" name="table_stvar_is_not_a_variable"/>
  </testsuite>
  <testsuite name="ds.table::arg::test stvar has CORRECT value" timestamp="2025-10-28T12:27:37Z" hostname="runnervmwhb2z" tests="1" skipped="0" failures="0" errors="0" time="0.063">
    <testcase time="0.0629999999999882" classname="ds.table_arg_test_stvar_has_CORRECT_value" name="table_useNA_has_value"/>
  </testsuite>
  <testsuite name="ds.table::arg::test force.nfilter has value" timestamp="2025-10-28T12:27:37Z" hostname="runnervmwhb2z" tests="1" skipped="0" failures="0" errors="0" time="0.05">
    <testcase time="0.0499999999999545" classname="ds.table_arg_test_force.nfilter_has_value" name="table_force.nfilter_has_value"/>
  </testsuite>
  <testsuite name="arg-ds.table1D" timestamp="2025-10-28T12:27:37Z" hostname="runnervmwhb2z" tests="0" skipped="0" failures="0" errors="0" time="0"/>
  <testsuite name="ds.table1D::arg::test errors" timestamp="2025-10-28T12:27:44Z" hostname="runnervmwhb2z" tests="2" skipped="0" failures="0" errors="0" time="7.454">
    <testcase time="7.26800000000003" classname="ds.table1D_arg_test_errors" name="table1D_erros"/>
    <testcase time="0.185999999999922" classname="ds.table1D_arg_test_errors" name="table1D_erros"/>
  </testsuite>
  <testsuite name="arg-ds.table2D" timestamp="2025-10-28T12:27:45Z" hostname="runnervmwhb2z" tests="0" skipped="0" failures="0" errors="0" time="0"/>
  <testsuite name="ds.table2D::arg::test errors" timestamp="2025-10-28T12:27:52Z" hostname="runnervmwhb2z" tests="1" skipped="0" failures="0" errors="0" time="7.3">
    <testcase time="7.30000000000007" classname="ds.table2D_arg_test_errors" name="table2D_erros"/>
  </testsuite>
  <testsuite name="arg-ds.tapply.assign" timestamp="2025-10-28T12:27:52Z" hostname="runnervmwhb2z" tests="0" skipped="0" failures="0" errors="0" time="0"/>
  <testsuite name="ds.tapply.assign::arg::test errors" timestamp="2025-10-28T12:27:59Z" hostname="runnervmwhb2z" tests="8" skipped="0" failures="0" errors="0" time="7.425">
    <testcase time="7.23299999999995" classname="ds.tapply.assign_arg_test_errors" name="tapply_erros"/>
    <testcase time="0.00100000000009004" classname="ds.tapply.assign_arg_test_errors" name="tapply_erros"/>
    <testcase time="0.0939999999999372" classname="ds.tapply.assign_arg_test_errors" name="tapply_erros"/>
    <testcase time="0.00199999999995271" classname="ds.tapply.assign_arg_test_errors" name="tapply_erros"/>
    <testcase time="0.00100000000009004" classname="ds.tapply.assign_arg_test_errors" name="tapply_erros"/>
    <testcase time="0.000999999999976353" classname="ds.tapply.assign_arg_test_errors" name="tapply_erros"/>
    <testcase time="0.0910000000000082" classname="ds.tapply.assign_arg_test_errors" name="tapply_erros"/>
    <testcase time="0.00199999999995271" classname="ds.tapply.assign_arg_test_errors" name="tapply_erros"/>
  </testsuite>
  <testsuite name="arg-ds.tapply" timestamp="2025-10-28T12:28:00Z" hostname="runnervmwhb2z" tests="0" skipped="0" failures="0" errors="0" time="0"/>
  <testsuite name="ds.tapply::arg::test errors" timestamp="2025-10-28T12:28:07Z" hostname="runnervmwhb2z" tests="8" skipped="0" failures="0" errors="0" time="7.436">
    <testcase time="7.27499999999998" classname="ds.tapply_arg_test_errors" name="tapply_erros"/>
    <testcase time="0.00100000000009004" classname="ds.tapply_arg_test_errors" name="tapply_erros"/>
    <testcase time="0.0659999999999172" classname="ds.tapply_arg_test_errors" name="tapply_erros"/>
    <testcase time="0.00100000000009004" classname="ds.tapply_arg_test_errors" name="tapply_erros"/>
    <testcase time="0.000999999999976353" classname="ds.tapply_arg_test_errors" name="tapply_erros"/>
    <testcase time="0.000999999999976353" classname="ds.tapply_arg_test_errors" name="tapply_erros"/>
    <testcase time="0.0890000000000555" classname="ds.tapply_arg_test_errors" name="tapply_erros"/>
    <testcase time="0.00199999999995271" classname="ds.tapply_arg_test_errors" name="tapply_erros"/>
  </testsuite>
  <testsuite name="arg-ds.testObjExists" timestamp="2025-10-28T12:28:07Z" hostname="runnervmwhb2z" tests="0" skipped="0" failures="0" errors="0" time="0"/>
  <testsuite name="ds.testObjExists::arg::test errors" timestamp="2025-10-28T12:28:14Z" hostname="runnervmwhb2z" tests="1" skipped="0" failures="0" errors="0" time="7.246">
    <testcase time="7.24599999999998" classname="ds.testObjExists_arg_test_errors" name="testObjExists_erros"/>
  </testsuite>
  <testsuite name="arg-ds.unique" timestamp="2025-10-28T12:28:14Z" hostname="runnervmwhb2z" tests="0" skipped="0" failures="0" errors="0" time="0"/>
  <testsuite name="ds.unique::arg::no arguments" timestamp="2025-10-28T12:28:21Z" hostname="runnervmwhb2z" tests="1" skipped="0" failures="0" errors="0" time="7.321">
    <testcase time="7.32100000000003" classname="ds.unique_arg_no_arguments" name="simple_ds.unique_no_arguments"/>
  </testsuite>
  <testsuite name="ds.unique::arg::NULL arguments" timestamp="2025-10-28T12:28:21Z" hostname="runnervmwhb2z" tests="1" skipped="0" failures="0" errors="0" time="0.02">
    <testcase time="0.0199999999999818" classname="ds.unique_arg_NULL_arguments" name="simple_ds.unique_NULL_arguments"/>
  </testsuite>
  <testsuite name="arg-ds.unList" timestamp="2025-10-28T12:28:22Z" hostname="runnervmwhb2z" tests="0" skipped="0" failures="0" errors="0" time="0"/>
  <testsuite name="ds.unList::arg::test errors" timestamp="2025-10-28T12:28:29Z" hostname="runnervmwhb2z" tests="1" skipped="0" failures="0" errors="0" time="7.238">
    <testcase time="7.23800000000006" classname="ds.unList_arg_test_errors" name="unList_erros"/>
  </testsuite>
  <testsuite name="arg-ds.var" timestamp="2025-10-28T12:28:29Z" hostname="runnervmwhb2z" tests="0" skipped="0" failures="0" errors="0" time="0"/>
  <testsuite name="ds.var::arg::test errors" timestamp="2025-10-28T12:28:36Z" hostname="runnervmwhb2z" tests="2" skipped="0" failures="0" errors="0" time="7.653">
    <testcase time="7.46199999999999" classname="ds.var_arg_test_errors" name="var_erros"/>
    <testcase time="0.190999999999917" classname="ds.var_arg_test_errors" name="var_erros"/>
  </testsuite>
  <testsuite name="arg-ds.vectorCalc" timestamp="2025-10-28T12:28:36Z" hostname="runnervmwhb2z" tests="0" skipped="0" failures="0" errors="0" time="0"/>
  <testsuite name="ds.vectorCalc::arg::test errors" timestamp="2025-10-28T12:28:43Z" hostname="runnervmwhb2z" tests="1" skipped="0" failures="0" errors="0" time="7.295">
    <testcase time="7.29500000000007" classname="ds.vectorCalc_arg_test_errors" name="ds.vectorCalc_erros"/>
  </testsuite>
  <testsuite name="datachk-ANTHRO" timestamp="2025-10-28T12:28:44Z" hostname="runnervmwhb2z" tests="0" skipped="0" failures="0" errors="0" time="0"/>
  <testsuite name="ANTHRO::datachk::setup" timestamp="2025-10-28T12:28:44Z" hostname="runnervmwhb2z" tests="3" skipped="0" failures="0" errors="0" time="7.291">
    <testcase time="7.28899999999999" classname="ANTHRO_datachk_setup" name="setup"/>
    <testcase time="0.000999999999976353" classname="ANTHRO_datachk_setup" name="setup"/>
    <testcase time="0.000999999999976353" classname="ANTHRO_datachk_setup" name="setup"/>
  </testsuite>
  <testsuite name="ANTHRO::datachk" timestamp="2025-10-28T12:28:51Z" hostname="runnervmwhb2z" tests="102" skipped="0" failures="0" errors="0" time="1.116">
    <testcase time="0.103000000000065" classname="ANTHRO_datachk" name="Check_ANTHRO_dataset"/>
    <testcase time="0.00300000000004275" classname="ANTHRO_datachk" name="Check_ANTHRO_dataset"/>
    <testcase time="0.00299999999992906" classname="ANTHRO_datachk" name="Check_ANTHRO_dataset"/>
    <testcase time="0.000999999999976353" classname="ANTHRO_datachk" name="Check_ANTHRO_dataset"/>
    <testcase time="0.00300000000004275" classname="ANTHRO_datachk" name="Check_ANTHRO_dataset"/>
    <testcase time="0.000999999999976353" classname="ANTHRO_datachk" name="Check_ANTHRO_dataset"/>
    <testcase time="0.00300000000004275" classname="ANTHRO_datachk" name="Check_ANTHRO_dataset"/>
    <testcase time="0.0430000000000064" classname="ANTHRO_datachk" name="Check_ANTHRO_dataset"/>
    <testcase time="0.00199999999995271" classname="ANTHRO_datachk" name="Check_ANTHRO_dataset"/>
    <testcase time="0.000999999999976353" classname="ANTHRO_datachk" name="Check_ANTHRO_dataset"/>
    <testcase time="0.00100000000009004" classname="ANTHRO_datachk" name="Check_ANTHRO_dataset"/>
    <testcase time="0.00799999999992451" classname="ANTHRO_datachk" name="Check_ANTHRO_dataset"/>
    <testcase time="0.000999999999976353" classname="ANTHRO_datachk" name="Check_ANTHRO_dataset"/>
    <testcase time="0.00100000000009004" classname="ANTHRO_datachk" name="Check_ANTHRO_dataset"/>
    <testcase time="0.000999999999976353" classname="ANTHRO_datachk" name="Check_ANTHRO_dataset"/>
    <testcase time="0.129999999999995" classname="ANTHRO_datachk" name="Check_ANTHRO_dataset"/>
    <testcase time="0.000999999999976353" classname="ANTHRO_datachk" name="Check_ANTHRO_dataset"/>
    <testcase time="0.00100000000009004" classname="ANTHRO_datachk" name="Check_ANTHRO_dataset"/>
    <testcase time="0.00199999999995271" classname="ANTHRO_datachk" name="Check_ANTHRO_dataset"/>
    <testcase time="0.000999999999976353" classname="ANTHRO_datachk" name="Check_ANTHRO_dataset"/>
    <testcase time="0.000999999999976353" classname="ANTHRO_datachk" name="Check_ANTHRO_dataset"/>
    <testcase time="0.00200000000006639" classname="ANTHRO_datachk" name="Check_ANTHRO_dataset"/>
    <testcase time="0.0799999999999272" classname="ANTHRO_datachk" name="Check_ANTHRO_dataset"/>
    <testcase time="0.00200000000006639" classname="ANTHRO_datachk" name="Check_ANTHRO_dataset"/>
    <testcase time="0.000999999999976353" classname="ANTHRO_datachk" name="Check_ANTHRO_dataset"/>
    <testcase time="0.000999999999976353" classname="ANTHRO_datachk" name="Check_ANTHRO_dataset"/>
    <testcase time="0.00200000000006639" classname="ANTHRO_datachk" name="Check_ANTHRO_dataset"/>
    <testcase time="0.000999999999976353" classname="ANTHRO_datachk" name="Check_ANTHRO_dataset"/>
    <testcase time="0.000999999999976353" classname="ANTHRO_datachk" name="Check_ANTHRO_dataset"/>
    <testcase time="0.04200000000003" classname="ANTHRO_datachk" name="Check_ANTHRO_dataset"/>
    <testcase time="0.000999999999976353" classname="ANTHRO_datachk" name="Check_ANTHRO_dataset"/>
    <testcase time="0.000999999999976353" classname="ANTHRO_datachk" name="Check_ANTHRO_dataset"/>
    <testcase time="0.00200000000006639" classname="ANTHRO_datachk" name="Check_ANTHRO_dataset"/>
    <testcase time="0.000999999999976353" classname="ANTHRO_datachk" name="Check_ANTHRO_dataset"/>
    <testcase time="0.000999999999976353" classname="ANTHRO_datachk" name="Check_ANTHRO_dataset"/>
    <testcase time="0.00199999999995271" classname="ANTHRO_datachk" name="Check_ANTHRO_dataset"/>
    <testcase time="0.00100000000009004" classname="ANTHRO_datachk" name="Check_ANTHRO_dataset"/>
    <testcase time="0.000999999999976353" classname="ANTHRO_datachk" name="Check_ANTHRO_dataset"/>
    <testcase time="0.0979999999999563" classname="ANTHRO_datachk" name="Check_ANTHRO_dataset"/>
    <testcase time="0.00200000000006639" classname="ANTHRO_datachk" name="Check_ANTHRO_dataset"/>
    <testcase time="0.000999999999976353" classname="ANTHRO_datachk" name="Check_ANTHRO_dataset"/>
    <testcase time="0.00199999999995271" classname="ANTHRO_datachk" name="Check_ANTHRO_dataset"/>
    <testcase time="0.00100000000009004" classname="ANTHRO_datachk" name="Check_ANTHRO_dataset"/>
    <testcase time="0.000999999999976353" classname="ANTHRO_datachk" name="Check_ANTHRO_dataset"/>
    <testcase time="0.00199999999995271" classname="ANTHRO_datachk" name="Check_ANTHRO_dataset"/>
    <testcase time="0.0399999999999636" classname="ANTHRO_datachk" name="Check_ANTHRO_dataset"/>
    <testcase time="0.00200000000006639" classname="ANTHRO_datachk" name="Check_ANTHRO_dataset"/>
    <testcase time="0.000999999999976353" classname="ANTHRO_datachk" name="Check_ANTHRO_dataset"/>
    <testcase time="0.00200000000006639" classname="ANTHRO_datachk" name="Check_ANTHRO_dataset"/>
    <testcase time="0.000999999999976353" classname="ANTHRO_datachk" name="Check_ANTHRO_dataset"/>
    <testcase time="0.00199999999995271" classname="ANTHRO_datachk" name="Check_ANTHRO_dataset"/>
    <testcase time="0.000999999999976353" classname="ANTHRO_datachk" name="Check_ANTHRO_dataset"/>
    <testcase time="0.00100000000009004" classname="ANTHRO_datachk" name="Check_ANTHRO_dataset"/>
    <testcase time="0.00199999999995271" classname="ANTHRO_datachk" name="Check_ANTHRO_dataset"/>
    <testcase time="0.102999999999952" classname="ANTHRO_datachk" name="Check_ANTHRO_dataset"/>
    <testcase time="0.00200000000006639" classname="ANTHRO_datachk" name="Check_ANTHRO_dataset"/>
    <testcase time="0.00199999999995271" classname="ANTHRO_datachk" name="Check_ANTHRO_dataset"/>
    <testcase time="0.00300000000004275" classname="ANTHRO_datachk" name="Check_ANTHRO_dataset"/>
    <testcase time="0.00199999999995271" classname="ANTHRO_datachk" name="Check_ANTHRO_dataset"/>
    <testcase time="0.00200000000006639" classname="ANTHRO_datachk" name="Check_ANTHRO_dataset"/>
    <testcase time="0.00199999999995271" classname="ANTHRO_datachk" name="Check_ANTHRO_dataset"/>
    <testcase time="0.0510000000000446" classname="ANTHRO_datachk" name="Check_ANTHRO_dataset"/>
    <testcase time="0.000999999999976353" classname="ANTHRO_datachk" name="Check_ANTHRO_dataset"/>
    <testcase time="0.00199999999995271" classname="ANTHRO_datachk" name="Check_ANTHRO_dataset"/>
    <testcase time="0.00200000000006639" classname="ANTHRO_datachk" name="Check_ANTHRO_dataset"/>
    <testcase time="0.000999999999976353" classname="ANTHRO_datachk" name="Check_ANTHRO_dataset"/>
    <testcase time="0.00199999999995271" classname="ANTHRO_datachk" name="Check_ANTHRO_dataset"/>
    <testcase time="0.00100000000009004" classname="ANTHRO_datachk" name="Check_ANTHRO_dataset"/>
    <testcase time="0.000999999999976353" classname="ANTHRO_datachk" name="Check_ANTHRO_dataset"/>
    <testcase time="0.00199999999995271" classname="ANTHRO_datachk" name="Check_ANTHRO_dataset"/>
    <testcase time="0.09699999999998" classname="ANTHRO_datachk" name="Check_ANTHRO_dataset"/>
    <testcase time="0.0080000000000382" classname="ANTHRO_datachk" name="Check_ANTHRO_dataset"/>
    <testcase time="0.00199999999995271" classname="ANTHRO_datachk" name="Check_ANTHRO_dataset"/>
    <testcase time="0.00100000000009004" classname="ANTHRO_datachk" name="Check_ANTHRO_dataset"/>
    <testcase time="0.00199999999995271" classname="ANTHRO_datachk" name="Check_ANTHRO_dataset"/>
    <testcase time="0.000999999999976353" classname="ANTHRO_datachk" name="Check_ANTHRO_dataset"/>
    <testcase time="0.00200000000006639" classname="ANTHRO_datachk" name="Check_ANTHRO_dataset"/>
    <testcase time="0.0419999999999163" classname="ANTHRO_datachk" name="Check_ANTHRO_dataset"/>
    <testcase time="0.00100000000009004" classname="ANTHRO_datachk" name="Check_ANTHRO_dataset"/>
    <testcase time="0.00199999999995271" classname="ANTHRO_datachk" name="Check_ANTHRO_dataset"/>
    <testcase time="0.000999999999976353" classname="ANTHRO_datachk" name="Check_ANTHRO_dataset"/>
    <testcase time="0.00200000000006639" classname="ANTHRO_datachk" name="Check_ANTHRO_dataset"/>
    <testcase time="0.000999999999976353" classname="ANTHRO_datachk" name="Check_ANTHRO_dataset"/>
    <testcase time="0.00199999999995271" classname="ANTHRO_datachk" name="Check_ANTHRO_dataset"/>
    <testcase time="0.00100000000009004" classname="ANTHRO_datachk" name="Check_ANTHRO_dataset"/>
    <testcase time="0.00199999999995271" classname="ANTHRO_datachk" name="Check_ANTHRO_dataset"/>
    <testcase time="0.0860000000000127" classname="ANTHRO_datachk" name="Check_ANTHRO_dataset"/>
    <testcase time="0.00199999999995271" classname="ANTHRO_datachk" name="Check_ANTHRO_dataset"/>
    <testcase time="0.00200000000006639" classname="ANTHRO_datachk" name="Check_ANTHRO_dataset"/>
    <testcase time="0.000999999999976353" classname="ANTHRO_datachk" name="Check_ANTHRO_dataset"/>
    <testcase time="0.00199999999995271" classname="ANTHRO_datachk" name="Check_ANTHRO_dataset"/>
    <testcase time="0.000999999999976353" classname="ANTHRO_datachk" name="Check_ANTHRO_dataset"/>
    <testcase time="0.00200000000006639" classname="ANTHRO_datachk" name="Check_ANTHRO_dataset"/>
    <testcase time="0.0499999999999545" classname="ANTHRO_datachk" name="Check_ANTHRO_dataset"/>
    <testcase time="0.00100000000009004" classname="ANTHRO_datachk" name="Check_ANTHRO_dataset"/>
    <testcase time="0.00199999999995271" classname="ANTHRO_datachk" name="Check_ANTHRO_dataset"/>
    <testcase time="0.00199999999995271" classname="ANTHRO_datachk" name="Check_ANTHRO_dataset"/>
    <testcase time="0.00100000000009004" classname="ANTHRO_datachk" name="Check_ANTHRO_dataset"/>
    <testcase time="0.00199999999995271" classname="ANTHRO_datachk" name="Check_ANTHRO_dataset"/>
    <testcase time="0.000999999999976353" classname="ANTHRO_datachk" name="Check_ANTHRO_dataset"/>
    <testcase time="0.00200000000006639" classname="ANTHRO_datachk" name="Check_ANTHRO_dataset"/>
    <testcase time="0.000999999999976353" classname="ANTHRO_datachk" name="Check_ANTHRO_dataset"/>
  </testsuite>
  <testsuite name="ANTHRO::datachk::shutdown" timestamp="2025-10-28T12:28:52Z" hostname="runnervmwhb2z" tests="3" skipped="0" failures="0" errors="0" time="0.053">
    <testcase time="0.0509999999999309" classname="ANTHRO_datachk_shutdown" name="shutdown"/>
    <testcase time="0.00100000000009004" classname="ANTHRO_datachk_shutdown" name="shutdown"/>
    <testcase time="0.000999999999976353" classname="ANTHRO_datachk_shutdown" name="shutdown"/>
  </testsuite>
  <testsuite name="ANTHRO::datachk::done" timestamp="2025-10-28T12:28:52Z" hostname="runnervmwhb2z" tests="0" skipped="0" failures="0" errors="0" time="0"/>
  <testsuite name="datachk-CLUSTER_INT" timestamp="2025-10-28T12:28:52Z" hostname="runnervmwhb2z" tests="0" skipped="0" failures="0" errors="0" time="0"/>
  <testsuite name="CLUSTER_INT::datachk::setup" timestamp="2025-10-28T12:28:52Z" hostname="runnervmwhb2z" tests="3" skipped="0" failures="0" errors="0" time="7.449">
    <testcase time="7.44600000000003" classname="CLUSTER_INT_datachk_setup" name="setup"/>
    <testcase time="0.00199999999995271" classname="CLUSTER_INT_datachk_setup" name="setup"/>
    <testcase time="0.000999999999976353" classname="CLUSTER_INT_datachk_setup" name="setup"/>
  </testsuite>
  <testsuite name="CLUSTER_INT::datachk" timestamp="2025-10-28T12:28:59Z" hostname="runnervmwhb2z" tests="230" skipped="0" failures="0" errors="0" time="2.523">
    <testcase time="0.08400000000006" classname="CLUSTER_INT_datachk" name="Check_CLUSTER_INT_dataset"/>
    <testcase time="0.00199999999995271" classname="CLUSTER_INT_datachk" name="Check_CLUSTER_INT_dataset"/>
    <testcase time="0.00200000000006639" classname="CLUSTER_INT_datachk" name="Check_CLUSTER_INT_dataset"/>
    <testcase time="0.000999999999976353" classname="CLUSTER_INT_datachk" name="Check_CLUSTER_INT_dataset"/>
    <testcase time="0.00199999999995271" classname="CLUSTER_INT_datachk" name="Check_CLUSTER_INT_dataset"/>
    <testcase time="0.00200000000006639" classname="CLUSTER_INT_datachk" name="Check_CLUSTER_INT_dataset"/>
    <testcase time="0.00299999999992906" classname="CLUSTER_INT_datachk" name="Check_CLUSTER_INT_dataset"/>
    <testcase time="0.0440000000000964" classname="CLUSTER_INT_datachk" name="Check_CLUSTER_INT_dataset"/>
    <testcase time="0.000999999999976353" classname="CLUSTER_INT_datachk" name="Check_CLUSTER_INT_dataset"/>
    <testcase time="0.00199999999995271" classname="CLUSTER_INT_datachk" name="Check_CLUSTER_INT_dataset"/>
    <testcase time="0.000999999999976353" classname="CLUSTER_INT_datachk" name="Check_CLUSTER_INT_dataset"/>
    <testcase time="0.00100000000009004" classname="CLUSTER_INT_datachk" name="Check_CLUSTER_INT_dataset"/>
    <testcase time="0.00199999999995271" classname="CLUSTER_INT_datachk" name="Check_CLUSTER_INT_dataset"/>
    <testcase time="0.000999999999976353" classname="CLUSTER_INT_datachk" name="Check_CLUSTER_INT_dataset"/>
    <testcase time="0.000999999999976353" classname="CLUSTER_INT_datachk" name="Check_CLUSTER_INT_dataset"/>
    <testcase time="0.122000000000071" classname="CLUSTER_INT_datachk" name="Check_CLUSTER_INT_dataset"/>
    <testcase time="0.000999999999976353" classname="CLUSTER_INT_datachk" name="Check_CLUSTER_INT_dataset"/>
    <testcase time="0.00300000000004275" classname="CLUSTER_INT_datachk" name="Check_CLUSTER_INT_dataset"/>
    <testcase time="0.000999999999976353" classname="CLUSTER_INT_datachk" name="Check_CLUSTER_INT_dataset"/>
    <testcase time="0.00299999999992906" classname="CLUSTER_INT_datachk" name="Check_CLUSTER_INT_dataset"/>
    <testcase time="0.00100000000009004" classname="CLUSTER_INT_datachk" name="Check_CLUSTER_INT_dataset"/>
    <testcase time="0.00299999999992906" classname="CLUSTER_INT_datachk" name="Check_CLUSTER_INT_dataset"/>
    <testcase time="0.08400000000006" classname="CLUSTER_INT_datachk" name="Check_CLUSTER_INT_dataset"/>
    <testcase time="0.000999999999976353" classname="CLUSTER_INT_datachk" name="Check_CLUSTER_INT_dataset"/>
    <testcase time="0.00199999999995271" classname="CLUSTER_INT_datachk" name="Check_CLUSTER_INT_dataset"/>
    <testcase time="0.00100000000009004" classname="CLUSTER_INT_datachk" name="Check_CLUSTER_INT_dataset"/>
    <testcase time="0.000999999999976353" classname="CLUSTER_INT_datachk" name="Check_CLUSTER_INT_dataset"/>
    <testcase time="0.00199999999995271" classname="CLUSTER_INT_datachk" name="Check_CLUSTER_INT_dataset"/>
    <testcase time="0.000999999999976353" classname="CLUSTER_INT_datachk" name="Check_CLUSTER_INT_dataset"/>
    <testcase time="0.04200000000003" classname="CLUSTER_INT_datachk" name="Check_CLUSTER_INT_dataset"/>
    <testcase time="0.000999999999976353" classname="CLUSTER_INT_datachk" name="Check_CLUSTER_INT_dataset"/>
    <testcase time="0.000999999999976353" classname="CLUSTER_INT_datachk" name="Check_CLUSTER_INT_dataset"/>
    <testcase time="0.000999999999976353" classname="CLUSTER_INT_datachk" name="Check_CLUSTER_INT_dataset"/>
    <testcase time="0.00199999999995271" classname="CLUSTER_INT_datachk" name="Check_CLUSTER_INT_dataset"/>
    <testcase time="0.00100000000009004" classname="CLUSTER_INT_datachk" name="Check_CLUSTER_INT_dataset"/>
    <testcase time="0.000999999999976353" classname="CLUSTER_INT_datachk" name="Check_CLUSTER_INT_dataset"/>
    <testcase time="0.000999999999976353" classname="CLUSTER_INT_datachk" name="Check_CLUSTER_INT_dataset"/>
    <testcase time="0.00199999999995271" classname="CLUSTER_INT_datachk" name="Check_CLUSTER_INT_dataset"/>
    <testcase time="0.0820000000001073" classname="CLUSTER_INT_datachk" name="Check_CLUSTER_INT_dataset"/>
    <testcase time="0.00199999999995271" classname="CLUSTER_INT_datachk" name="Check_CLUSTER_INT_dataset"/>
    <testcase time="0.000999999999976353" classname="CLUSTER_INT_datachk" name="Check_CLUSTER_INT_dataset"/>
    <testcase time="0.00200000000006639" classname="CLUSTER_INT_datachk" name="Check_CLUSTER_INT_dataset"/>
    <testcase time="0.000999999999976353" classname="CLUSTER_INT_datachk" name="Check_CLUSTER_INT_dataset"/>
    <testcase time="0.000999999999976353" classname="CLUSTER_INT_datachk" name="Check_CLUSTER_INT_dataset"/>
    <testcase time="0.00199999999995271" classname="CLUSTER_INT_datachk" name="Check_CLUSTER_INT_dataset"/>
    <testcase time="0.0490000000000919" classname="CLUSTER_INT_datachk" name="Check_CLUSTER_INT_dataset"/>
    <testcase time="0.000999999999976353" classname="CLUSTER_INT_datachk" name="Check_CLUSTER_INT_dataset"/>
    <testcase time="0.00199999999995271" classname="CLUSTER_INT_datachk" name="Check_CLUSTER_INT_dataset"/>
    <testcase time="0.000999999999976353" classname="CLUSTER_INT_datachk" name="Check_CLUSTER_INT_dataset"/>
    <testcase time="0.00100000000009004" classname="CLUSTER_INT_datachk" name="Check_CLUSTER_INT_dataset"/>
    <testcase time="0.00199999999995271" classname="CLUSTER_INT_datachk" name="Check_CLUSTER_INT_dataset"/>
    <testcase time="0.000999999999976353" classname="CLUSTER_INT_datachk" name="Check_CLUSTER_INT_dataset"/>
    <testcase time="0.000999999999976353" classname="CLUSTER_INT_datachk" name="Check_CLUSTER_INT_dataset"/>
    <testcase time="0.00200000000006639" classname="CLUSTER_INT_datachk" name="Check_CLUSTER_INT_dataset"/>
    <testcase time="0.0839999999999463" classname="CLUSTER_INT_datachk" name="Check_CLUSTER_INT_dataset"/>
    <testcase time="0.00200000000006639" classname="CLUSTER_INT_datachk" name="Check_CLUSTER_INT_dataset"/>
    <testcase time="0.000999999999976353" classname="CLUSTER_INT_datachk" name="Check_CLUSTER_INT_dataset"/>
    <testcase time="0.000999999999976353" classname="CLUSTER_INT_datachk" name="Check_CLUSTER_INT_dataset"/>
    <testcase time="0.00100000000009004" classname="CLUSTER_INT_datachk" name="Check_CLUSTER_INT_dataset"/>
    <testcase time="0.00199999999995271" classname="CLUSTER_INT_datachk" name="Check_CLUSTER_INT_dataset"/>
    <testcase time="0.000999999999976353" classname="CLUSTER_INT_datachk" name="Check_CLUSTER_INT_dataset"/>
    <testcase time="0.0410000000000537" classname="CLUSTER_INT_datachk" name="Check_CLUSTER_INT_dataset"/>
    <testcase time="0.00199999999995271" classname="CLUSTER_INT_datachk" name="Check_CLUSTER_INT_dataset"/>
    <testcase time="0.000999999999976353" classname="CLUSTER_INT_datachk" name="Check_CLUSTER_INT_dataset"/>
    <testcase time="0.00200000000006639" classname="CLUSTER_INT_datachk" name="Check_CLUSTER_INT_dataset"/>
    <testcase time="0.000999999999976353" classname="CLUSTER_INT_datachk" name="Check_CLUSTER_INT_dataset"/>
    <testcase time="0.00199999999995271" classname="CLUSTER_INT_datachk" name="Check_CLUSTER_INT_dataset"/>
    <testcase time="0.00100000000009004" classname="CLUSTER_INT_datachk" name="Check_CLUSTER_INT_dataset"/>
    <testcase time="0.00199999999995271" classname="CLUSTER_INT_datachk" name="Check_CLUSTER_INT_dataset"/>
    <testcase time="0.000999999999976353" classname="CLUSTER_INT_datachk" name="Check_CLUSTER_INT_dataset"/>
    <testcase time="0.08299999999997" classname="CLUSTER_INT_datachk" name="Check_CLUSTER_INT_dataset"/>
    <testcase time="0.00100000000009004" classname="CLUSTER_INT_datachk" name="Check_CLUSTER_INT_dataset"/>
    <testcase time="0.00199999999995271" classname="CLUSTER_INT_datachk" name="Check_CLUSTER_INT_dataset"/>
    <testcase time="0.000999999999976353" classname="CLUSTER_INT_datachk" name="Check_CLUSTER_INT_dataset"/>
    <testcase time="0.00200000000006639" classname="CLUSTER_INT_datachk" name="Check_CLUSTER_INT_dataset"/>
    <testcase time="0.000999999999976353" classname="CLUSTER_INT_datachk" name="Check_CLUSTER_INT_dataset"/>
    <testcase time="0.00199999999995271" classname="CLUSTER_INT_datachk" name="Check_CLUSTER_INT_dataset"/>
    <testcase time="0.0410000000000537" classname="CLUSTER_INT_datachk" name="Check_CLUSTER_INT_dataset"/>
    <testcase time="0.0080000000000382" classname="CLUSTER_INT_datachk" name="Check_CLUSTER_INT_dataset"/>
    <testcase time="0.00199999999995271" classname="CLUSTER_INT_datachk" name="Check_CLUSTER_INT_dataset"/>
    <testcase time="0.000999999999976353" classname="CLUSTER_INT_datachk" name="Check_CLUSTER_INT_dataset"/>
    <testcase time="0.00200000000006639" classname="CLUSTER_INT_datachk" name="Check_CLUSTER_INT_dataset"/>
    <testcase time="0.000999999999976353" classname="CLUSTER_INT_datachk" name="Check_CLUSTER_INT_dataset"/>
    <testcase time="0.00199999999995271" classname="CLUSTER_INT_datachk" name="Check_CLUSTER_INT_dataset"/>
    <testcase time="0.000999999999976353" classname="CLUSTER_INT_datachk" name="Check_CLUSTER_INT_dataset"/>
    <testcase time="0.00200000000006639" classname="CLUSTER_INT_datachk" name="Check_CLUSTER_INT_dataset"/>
    <testcase time="0.0810000000000173" classname="CLUSTER_INT_datachk" name="Check_CLUSTER_INT_dataset"/>
    <testcase time="0.000999999999976353" classname="CLUSTER_INT_datachk" name="Check_CLUSTER_INT_dataset"/>
    <testcase time="0.00199999999995271" classname="CLUSTER_INT_datachk" name="Check_CLUSTER_INT_dataset"/>
    <testcase time="0.00100000000009004" classname="CLUSTER_INT_datachk" name="Check_CLUSTER_INT_dataset"/>
    <testcase time="0.00199999999995271" classname="CLUSTER_INT_datachk" name="Check_CLUSTER_INT_dataset"/>
    <testcase time="0.000999999999976353" classname="CLUSTER_INT_datachk" name="Check_CLUSTER_INT_dataset"/>
    <testcase time="0.00200000000006639" classname="CLUSTER_INT_datachk" name="Check_CLUSTER_INT_dataset"/>
    <testcase time="0.04099999999994" classname="CLUSTER_INT_datachk" name="Check_CLUSTER_INT_dataset"/>
    <testcase time="0.00100000000009004" classname="CLUSTER_INT_datachk" name="Check_CLUSTER_INT_dataset"/>
    <testcase time="0.00199999999995271" classname="CLUSTER_INT_datachk" name="Check_CLUSTER_INT_dataset"/>
    <testcase time="0.000999999999976353" classname="CLUSTER_INT_datachk" name="Check_CLUSTER_INT_dataset"/>
    <testcase time="0.00200000000006639" classname="CLUSTER_INT_datachk" name="Check_CLUSTER_INT_dataset"/>
    <testcase time="0.000999999999976353" classname="CLUSTER_INT_datachk" name="Check_CLUSTER_INT_dataset"/>
    <testcase time="0.000999999999976353" classname="CLUSTER_INT_datachk" name="Check_CLUSTER_INT_dataset"/>
    <testcase time="0.00200000000006639" classname="CLUSTER_INT_datachk" name="Check_CLUSTER_INT_dataset"/>
    <testcase time="0.000999999999976353" classname="CLUSTER_INT_datachk" name="Check_CLUSTER_INT_dataset"/>
    <testcase time="0.0929999999999609" classname="CLUSTER_INT_datachk" name="Check_CLUSTER_INT_dataset"/>
    <testcase time="0.00200000000006639" classname="CLUSTER_INT_datachk" name="Check_CLUSTER_INT_dataset"/>
    <testcase time="0.00199999999995271" classname="CLUSTER_INT_datachk" name="Check_CLUSTER_INT_dataset"/>
    <testcase time="0.000999999999976353" classname="CLUSTER_INT_datachk" name="Check_CLUSTER_INT_dataset"/>
    <testcase time="0.00200000000006639" classname="CLUSTER_INT_datachk" name="Check_CLUSTER_INT_dataset"/>
    <testcase time="0.000999999999976353" classname="CLUSTER_INT_datachk" name="Check_CLUSTER_INT_dataset"/>
    <testcase time="0.00199999999995271" classname="CLUSTER_INT_datachk" name="Check_CLUSTER_INT_dataset"/>
    <testcase time="0.0550000000000637" classname="CLUSTER_INT_datachk" name="Check_CLUSTER_INT_dataset"/>
    <testcase time="0.00199999999995271" classname="CLUSTER_INT_datachk" name="Check_CLUSTER_INT_dataset"/>
    <testcase time="0.00199999999995271" classname="CLUSTER_INT_datachk" name="Check_CLUSTER_INT_dataset"/>
    <testcase time="0.00200000000006639" classname="CLUSTER_INT_datachk" name="Check_CLUSTER_INT_dataset"/>
    <testcase time="0.000999999999976353" classname="CLUSTER_INT_datachk" name="Check_CLUSTER_INT_dataset"/>
    <testcase time="0.00200000000006639" classname="CLUSTER_INT_datachk" name="Check_CLUSTER_INT_dataset"/>
    <testcase time="0.000999999999976353" classname="CLUSTER_INT_datachk" name="Check_CLUSTER_INT_dataset"/>
    <testcase time="0.00900000000001455" classname="CLUSTER_INT_datachk" name="Check_CLUSTER_INT_dataset"/>
    <testcase time="0.00199999999995271" classname="CLUSTER_INT_datachk" name="Check_CLUSTER_INT_dataset"/>
    <testcase time="0.08299999999997" classname="CLUSTER_INT_datachk" name="Check_CLUSTER_INT_dataset"/>
    <testcase time="0.00199999999995271" classname="CLUSTER_INT_datachk" name="Check_CLUSTER_INT_dataset"/>
    <testcase time="0.00300000000004275" classname="CLUSTER_INT_datachk" name="Check_CLUSTER_INT_dataset"/>
    <testcase time="0.00299999999992906" classname="CLUSTER_INT_datachk" name="Check_CLUSTER_INT_dataset"/>
    <testcase time="0.00300000000004275" classname="CLUSTER_INT_datachk" name="Check_CLUSTER_INT_dataset"/>
    <testcase time="0.00199999999995271" classname="CLUSTER_INT_datachk" name="Check_CLUSTER_INT_dataset"/>
    <testcase time="0.00300000000004275" classname="CLUSTER_INT_datachk" name="Check_CLUSTER_INT_dataset"/>
    <testcase time="0.0520000000000209" classname="CLUSTER_INT_datachk" name="Check_CLUSTER_INT_dataset"/>
    <testcase time="0.000999999999976353" classname="CLUSTER_INT_datachk" name="Check_CLUSTER_INT_dataset"/>
    <testcase time="0.00199999999995271" classname="CLUSTER_INT_datachk" name="Check_CLUSTER_INT_dataset"/>
    <testcase time="0.00200000000006639" classname="CLUSTER_INT_datachk" name="Check_CLUSTER_INT_dataset"/>
    <testcase time="0.00199999999995271" classname="CLUSTER_INT_datachk" name="Check_CLUSTER_INT_dataset"/>
    <testcase time="0.000999999999976353" classname="CLUSTER_INT_datachk" name="Check_CLUSTER_INT_dataset"/>
    <testcase time="0.00200000000006639" classname="CLUSTER_INT_datachk" name="Check_CLUSTER_INT_dataset"/>
    <testcase time="0.000999999999976353" classname="CLUSTER_INT_datachk" name="Check_CLUSTER_INT_dataset"/>
    <testcase time="0.00199999999995271" classname="CLUSTER_INT_datachk" name="Check_CLUSTER_INT_dataset"/>
    <testcase time="0.0819999999999936" classname="CLUSTER_INT_datachk" name="Check_CLUSTER_INT_dataset"/>
    <testcase time="0.00100000000009004" classname="CLUSTER_INT_datachk" name="Check_CLUSTER_INT_dataset"/>
    <testcase time="0.00199999999995271" classname="CLUSTER_INT_datachk" name="Check_CLUSTER_INT_dataset"/>
    <testcase time="0.00199999999995271" classname="CLUSTER_INT_datachk" name="Check_CLUSTER_INT_dataset"/>
    <testcase time="0.00200000000006639" classname="CLUSTER_INT_datachk" name="Check_CLUSTER_INT_dataset"/>
    <testcase time="0.000999999999976353" classname="CLUSTER_INT_datachk" name="Check_CLUSTER_INT_dataset"/>
    <testcase time="0.00199999999995271" classname="CLUSTER_INT_datachk" name="Check_CLUSTER_INT_dataset"/>
    <testcase time="0.04200000000003" classname="CLUSTER_INT_datachk" name="Check_CLUSTER_INT_dataset"/>
    <testcase time="0.00200000000006639" classname="CLUSTER_INT_datachk" name="Check_CLUSTER_INT_dataset"/>
    <testcase time="0.00199999999995271" classname="CLUSTER_INT_datachk" name="Check_CLUSTER_INT_dataset"/>
    <testcase time="0.00199999999995271" classname="CLUSTER_INT_datachk" name="Check_CLUSTER_INT_dataset"/>
    <testcase time="0.00200000000006639" classname="CLUSTER_INT_datachk" name="Check_CLUSTER_INT_dataset"/>
    <testcase time="0.000999999999976353" classname="CLUSTER_INT_datachk" name="Check_CLUSTER_INT_dataset"/>
    <testcase time="0.00200000000006639" classname="CLUSTER_INT_datachk" name="Check_CLUSTER_INT_dataset"/>
    <testcase time="0.00199999999995271" classname="CLUSTER_INT_datachk" name="Check_CLUSTER_INT_dataset"/>
    <testcase time="0.00199999999995271" classname="CLUSTER_INT_datachk" name="Check_CLUSTER_INT_dataset"/>
    <testcase time="0.0890000000000555" classname="CLUSTER_INT_datachk" name="Check_CLUSTER_INT_dataset"/>
    <testcase time="0.00199999999995271" classname="CLUSTER_INT_datachk" name="Check_CLUSTER_INT_dataset"/>
    <testcase time="0.000999999999976353" classname="CLUSTER_INT_datachk" name="Check_CLUSTER_INT_dataset"/>
    <testcase time="0.00200000000006639" classname="CLUSTER_INT_datachk" name="Check_CLUSTER_INT_dataset"/>
    <testcase time="0.00199999999995271" classname="CLUSTER_INT_datachk" name="Check_CLUSTER_INT_dataset"/>
    <testcase time="0.00200000000006639" classname="CLUSTER_INT_datachk" name="Check_CLUSTER_INT_dataset"/>
    <testcase time="0.00199999999995271" classname="CLUSTER_INT_datachk" name="Check_CLUSTER_INT_dataset"/>
    <testcase time="0.0470000000000255" classname="CLUSTER_INT_datachk" name="Check_CLUSTER_INT_dataset"/>
    <testcase time="0.00199999999995271" classname="CLUSTER_INT_datachk" name="Check_CLUSTER_INT_dataset"/>
    <testcase time="0.00100000000009004" classname="CLUSTER_INT_datachk" name="Check_CLUSTER_INT_dataset"/>
    <testcase time="0.00199999999995271" classname="CLUSTER_INT_datachk" name="Check_CLUSTER_INT_dataset"/>
    <testcase time="0.00199999999995271" classname="CLUSTER_INT_datachk" name="Check_CLUSTER_INT_dataset"/>
    <testcase time="0.00200000000006639" classname="CLUSTER_INT_datachk" name="Check_CLUSTER_INT_dataset"/>
    <testcase time="0.000999999999976353" classname="CLUSTER_INT_datachk" name="Check_CLUSTER_INT_dataset"/>
    <testcase time="0.00199999999995271" classname="CLUSTER_INT_datachk" name="Check_CLUSTER_INT_dataset"/>
    <testcase time="0.00200000000006639" classname="CLUSTER_INT_datachk" name="Check_CLUSTER_INT_dataset"/>
    <testcase time="0.0869999999999891" classname="CLUSTER_INT_datachk" name="Check_CLUSTER_INT_dataset"/>
    <testcase time="0.00199999999995271" classname="CLUSTER_INT_datachk" name="Check_CLUSTER_INT_dataset"/>
    <testcase time="0.00200000000006639" classname="CLUSTER_INT_datachk" name="Check_CLUSTER_INT_dataset"/>
    <testcase time="0.00199999999995271" classname="CLUSTER_INT_datachk" name="Check_CLUSTER_INT_dataset"/>
    <testcase time="0.00200000000006639" classname="CLUSTER_INT_datachk" name="Check_CLUSTER_INT_dataset"/>
    <testcase time="0.00199999999995271" classname="CLUSTER_INT_datachk" name="Check_CLUSTER_INT_dataset"/>
    <testcase time="0.00199999999995271" classname="CLUSTER_INT_datachk" name="Check_CLUSTER_INT_dataset"/>
    <testcase time="0.0450000000000728" classname="CLUSTER_INT_datachk" name="Check_CLUSTER_INT_dataset"/>
    <testcase time="0.00199999999995271" classname="CLUSTER_INT_datachk" name="Check_CLUSTER_INT_dataset"/>
    <testcase time="0.00200000000006639" classname="CLUSTER_INT_datachk" name="Check_CLUSTER_INT_dataset"/>
    <testcase time="0.000999999999976353" classname="CLUSTER_INT_datachk" name="Check_CLUSTER_INT_dataset"/>
    <testcase time="0.00199999999995271" classname="CLUSTER_INT_datachk" name="Check_CLUSTER_INT_dataset"/>
    <testcase time="0.00200000000006639" classname="CLUSTER_INT_datachk" name="Check_CLUSTER_INT_dataset"/>
    <testcase time="0.00199999999995271" classname="CLUSTER_INT_datachk" name="Check_CLUSTER_INT_dataset"/>
    <testcase time="0.00199999999995271" classname="CLUSTER_INT_datachk" name="Check_CLUSTER_INT_dataset"/>
    <testcase time="0.224000000000046" classname="CLUSTER_INT_datachk" name="Check_CLUSTER_INT_dataset"/>
    <testcase time="0.08400000000006" classname="CLUSTER_INT_datachk" name="Check_CLUSTER_INT_dataset"/>
    <testcase time="0.00199999999995271" classname="CLUSTER_INT_datachk" name="Check_CLUSTER_INT_dataset"/>
    <testcase time="0.000999999999976353" classname="CLUSTER_INT_datachk" name="Check_CLUSTER_INT_dataset"/>
    <testcase time="0.00200000000006639" classname="CLUSTER_INT_datachk" name="Check_CLUSTER_INT_dataset"/>
    <testcase time="0.00199999999995271" classname="CLUSTER_INT_datachk" name="Check_CLUSTER_INT_dataset"/>
    <testcase time="0.00199999999995271" classname="CLUSTER_INT_datachk" name="Check_CLUSTER_INT_dataset"/>
    <testcase time="0.00200000000006639" classname="CLUSTER_INT_datachk" name="Check_CLUSTER_INT_dataset"/>
    <testcase time="0.04200000000003" classname="CLUSTER_INT_datachk" name="Check_CLUSTER_INT_dataset"/>
    <testcase time="0.00199999999995271" classname="CLUSTER_INT_datachk" name="Check_CLUSTER_INT_dataset"/>
    <testcase time="0.00199999999995271" classname="CLUSTER_INT_datachk" name="Check_CLUSTER_INT_dataset"/>
    <testcase time="0.00200000000006639" classname="CLUSTER_INT_datachk" name="Check_CLUSTER_INT_dataset"/>
    <testcase time="0.00199999999995271" classname="CLUSTER_INT_datachk" name="Check_CLUSTER_INT_dataset"/>
    <testcase time="0.00200000000006639" classname="CLUSTER_INT_datachk" name="Check_CLUSTER_INT_dataset"/>
    <testcase time="0.00199999999995271" classname="CLUSTER_INT_datachk" name="Check_CLUSTER_INT_dataset"/>
    <testcase time="0.00199999999995271" classname="CLUSTER_INT_datachk" name="Check_CLUSTER_INT_dataset"/>
    <testcase time="0.00200000000006639" classname="CLUSTER_INT_datachk" name="Check_CLUSTER_INT_dataset"/>
    <testcase time="0.0939999999999372" classname="CLUSTER_INT_datachk" name="Check_CLUSTER_INT_dataset"/>
    <testcase time="0.00200000000006639" classname="CLUSTER_INT_datachk" name="Check_CLUSTER_INT_dataset"/>
    <testcase time="0.00199999999995271" classname="CLUSTER_INT_datachk" name="Check_CLUSTER_INT_dataset"/>
    <testcase time="0.000999999999976353" classname="CLUSTER_INT_datachk" name="Check_CLUSTER_INT_dataset"/>
    <testcase time="0.00200000000006639" classname="CLUSTER_INT_datachk" name="Check_CLUSTER_INT_dataset"/>
    <testcase time="0.00199999999995271" classname="CLUSTER_INT_datachk" name="Check_CLUSTER_INT_dataset"/>
    <testcase time="0.00200000000006639" classname="CLUSTER_INT_datachk" name="Check_CLUSTER_INT_dataset"/>
    <testcase time="0.0430000000000064" classname="CLUSTER_INT_datachk" name="Check_CLUSTER_INT_dataset"/>
    <testcase time="0.00199999999995271" classname="CLUSTER_INT_datachk" name="Check_CLUSTER_INT_dataset"/>
    <testcase time="0.00200000000006639" classname="CLUSTER_INT_datachk" name="Check_CLUSTER_INT_dataset"/>
    <testcase time="0.000999999999976353" classname="CLUSTER_INT_datachk" name="Check_CLUSTER_INT_dataset"/>
    <testcase time="0.00300000000004275" classname="CLUSTER_INT_datachk" name="Check_CLUSTER_INT_dataset"/>
    <testcase time="0.00799999999992451" classname="CLUSTER_INT_datachk" name="Check_CLUSTER_INT_dataset"/>
    <testcase time="0.00200000000006639" classname="CLUSTER_INT_datachk" name="Check_CLUSTER_INT_dataset"/>
    <testcase time="0.00199999999995271" classname="CLUSTER_INT_datachk" name="Check_CLUSTER_INT_dataset"/>
    <testcase time="0.00199999999995271" classname="CLUSTER_INT_datachk" name="Check_CLUSTER_INT_dataset"/>
    <testcase time="0.0800000000000409" classname="CLUSTER_INT_datachk" name="Check_CLUSTER_INT_dataset"/>
    <testcase time="0.00300000000004275" classname="CLUSTER_INT_datachk" name="Check_CLUSTER_INT_dataset"/>
    <testcase time="0.00199999999995271" classname="CLUSTER_INT_datachk" name="Check_CLUSTER_INT_dataset"/>
    <testcase time="0.000999999999976353" classname="CLUSTER_INT_datachk" name="Check_CLUSTER_INT_dataset"/>
    <testcase time="0.00199999999995271" classname="CLUSTER_INT_datachk" name="Check_CLUSTER_INT_dataset"/>
    <testcase time="0.000999999999976353" classname="CLUSTER_INT_datachk" name="Check_CLUSTER_INT_dataset"/>
    <testcase time="0.00200000000006639" classname="CLUSTER_INT_datachk" name="Check_CLUSTER_INT_dataset"/>
    <testcase time="0.0419999999999163" classname="CLUSTER_INT_datachk" name="Check_CLUSTER_INT_dataset"/>
    <testcase time="0.00200000000006639" classname="CLUSTER_INT_datachk" name="Check_CLUSTER_INT_dataset"/>
    <testcase time="0.00299999999992906" classname="CLUSTER_INT_datachk" name="Check_CLUSTER_INT_dataset"/>
    <testcase time="0.00100000000009004" classname="CLUSTER_INT_datachk" name="Check_CLUSTER_INT_dataset"/>
    <testcase time="0.00199999999995271" classname="CLUSTER_INT_datachk" name="Check_CLUSTER_INT_dataset"/>
    <testcase time="0.00200000000006639" classname="CLUSTER_INT_datachk" name="Check_CLUSTER_INT_dataset"/>
    <testcase time="0.00199999999995271" classname="CLUSTER_INT_datachk" name="Check_CLUSTER_INT_dataset"/>
    <testcase time="0.00199999999995271" classname="CLUSTER_INT_datachk" name="Check_CLUSTER_INT_dataset"/>
    <testcase time="0.00200000000006639" classname="CLUSTER_INT_datachk" name="Check_CLUSTER_INT_dataset"/>
  </testsuite>
  <testsuite name="CLUSTER_INT::datachk::shutdown" timestamp="2025-10-28T12:29:02Z" hostname="runnervmwhb2z" tests="3" skipped="0" failures="0" errors="0" time="0.049">
    <testcase time="0.0470000000000255" classname="CLUSTER_INT_datachk_shutdown" name="shutdown"/>
    <testcase time="0.000999999999976353" classname="CLUSTER_INT_datachk_shutdown" name="shutdown"/>
    <testcase time="0.000999999999976353" classname="CLUSTER_INT_datachk_shutdown" name="shutdown"/>
  </testsuite>
  <testsuite name="CLUSTER_INT::datachk::done" timestamp="2025-10-28T12:29:02Z" hostname="runnervmwhb2z" tests="0" skipped="0" failures="0" errors="0" time="0"/>
  <testsuite name="datachk-CLUSTER_SLO" timestamp="2025-10-28T12:29:02Z" hostname="runnervmwhb2z" tests="0" skipped="0" failures="0" errors="0" time="0"/>
  <testsuite name="CLUSTER_SLO::datachk::setup" timestamp="2025-10-28T12:29:02Z" hostname="runnervmwhb2z" tests="3" skipped="0" failures="0" errors="0" time="7.423">
    <testcase time="7.42100000000005" classname="CLUSTER_SLO_datachk_setup" name="setup"/>
    <testcase time="0.000999999999976353" classname="CLUSTER_SLO_datachk_setup" name="setup"/>
    <testcase time="0.000999999999976353" classname="CLUSTER_SLO_datachk_setup" name="setup"/>
  </testsuite>
  <testsuite name="CLUSTER_SLO::datachk" timestamp="2025-10-28T12:29:09Z" hostname="runnervmwhb2z" tests="230" skipped="0" failures="0" errors="0" time="2.351">
    <testcase time="0.0869999999999891" classname="CLUSTER_SLO_datachk" name="Check_CLUSTER_SLO_dataset"/>
    <testcase time="0.000999999999976353" classname="CLUSTER_SLO_datachk" name="Check_CLUSTER_SLO_dataset"/>
    <testcase time="0.00300000000004275" classname="CLUSTER_SLO_datachk" name="Check_CLUSTER_SLO_dataset"/>
    <testcase time="0.000999999999976353" classname="CLUSTER_SLO_datachk" name="Check_CLUSTER_SLO_dataset"/>
    <testcase time="0.00300000000004275" classname="CLUSTER_SLO_datachk" name="Check_CLUSTER_SLO_dataset"/>
    <testcase time="0.000999999999976353" classname="CLUSTER_SLO_datachk" name="Check_CLUSTER_SLO_dataset"/>
    <testcase time="0.00300000000004275" classname="CLUSTER_SLO_datachk" name="Check_CLUSTER_SLO_dataset"/>
    <testcase time="0.0539999999999736" classname="CLUSTER_SLO_datachk" name="Check_CLUSTER_SLO_dataset"/>
    <testcase time="0.000999999999976353" classname="CLUSTER_SLO_datachk" name="Check_CLUSTER_SLO_dataset"/>
    <testcase time="0.00200000000006639" classname="CLUSTER_SLO_datachk" name="Check_CLUSTER_SLO_dataset"/>
    <testcase time="0.000999999999976353" classname="CLUSTER_SLO_datachk" name="Check_CLUSTER_SLO_dataset"/>
    <testcase time="0.000999999999976353" classname="CLUSTER_SLO_datachk" name="Check_CLUSTER_SLO_dataset"/>
    <testcase time="0.000999999999976353" classname="CLUSTER_SLO_datachk" name="Check_CLUSTER_SLO_dataset"/>
    <testcase time="0.00200000000006639" classname="CLUSTER_SLO_datachk" name="Check_CLUSTER_SLO_dataset"/>
    <testcase time="0.000999999999976353" classname="CLUSTER_SLO_datachk" name="Check_CLUSTER_SLO_dataset"/>
    <testcase time="0.106999999999971" classname="CLUSTER_SLO_datachk" name="Check_CLUSTER_SLO_dataset"/>
    <testcase time="0.00199999999995271" classname="CLUSTER_SLO_datachk" name="Check_CLUSTER_SLO_dataset"/>
    <testcase time="0.00100000000009004" classname="CLUSTER_SLO_datachk" name="Check_CLUSTER_SLO_dataset"/>
    <testcase time="0.000999999999976353" classname="CLUSTER_SLO_datachk" name="Check_CLUSTER_SLO_dataset"/>
    <testcase time="0.00199999999995271" classname="CLUSTER_SLO_datachk" name="Check_CLUSTER_SLO_dataset"/>
    <testcase time="0.000999999999976353" classname="CLUSTER_SLO_datachk" name="Check_CLUSTER_SLO_dataset"/>
    <testcase time="0.00100000000009004" classname="CLUSTER_SLO_datachk" name="Check_CLUSTER_SLO_dataset"/>
    <testcase time="0.0869999999999891" classname="CLUSTER_SLO_datachk" name="Check_CLUSTER_SLO_dataset"/>
    <testcase time="0.000999999999976353" classname="CLUSTER_SLO_datachk" name="Check_CLUSTER_SLO_dataset"/>
    <testcase time="0.000999999999976353" classname="CLUSTER_SLO_datachk" name="Check_CLUSTER_SLO_dataset"/>
    <testcase time="0.00200000000006639" classname="CLUSTER_SLO_datachk" name="Check_CLUSTER_SLO_dataset"/>
    <testcase time="0.000999999999976353" classname="CLUSTER_SLO_datachk" name="Check_CLUSTER_SLO_dataset"/>
    <testcase time="0.000999999999976353" classname="CLUSTER_SLO_datachk" name="Check_CLUSTER_SLO_dataset"/>
    <testcase time="0.00199999999995271" classname="CLUSTER_SLO_datachk" name="Check_CLUSTER_SLO_dataset"/>
    <testcase time="0.04200000000003" classname="CLUSTER_SLO_datachk" name="Check_CLUSTER_SLO_dataset"/>
    <testcase time="0.000999999999976353" classname="CLUSTER_SLO_datachk" name="Check_CLUSTER_SLO_dataset"/>
    <testcase time="0.00200000000006639" classname="CLUSTER_SLO_datachk" name="Check_CLUSTER_SLO_dataset"/>
    <testcase time="0.000999999999976353" classname="CLUSTER_SLO_datachk" name="Check_CLUSTER_SLO_dataset"/>
    <testcase time="0.000999999999976353" classname="CLUSTER_SLO_datachk" name="Check_CLUSTER_SLO_dataset"/>
    <testcase time="0.00200000000006639" classname="CLUSTER_SLO_datachk" name="Check_CLUSTER_SLO_dataset"/>
    <testcase time="0.000999999999976353" classname="CLUSTER_SLO_datachk" name="Check_CLUSTER_SLO_dataset"/>
    <testcase time="0.000999999999976353" classname="CLUSTER_SLO_datachk" name="Check_CLUSTER_SLO_dataset"/>
    <testcase time="0.00199999999995271" classname="CLUSTER_SLO_datachk" name="Check_CLUSTER_SLO_dataset"/>
    <testcase time="0.0970000000000937" classname="CLUSTER_SLO_datachk" name="Check_CLUSTER_SLO_dataset"/>
    <testcase time="0.00199999999995271" classname="CLUSTER_SLO_datachk" name="Check_CLUSTER_SLO_dataset"/>
    <testcase time="0.000999999999976353" classname="CLUSTER_SLO_datachk" name="Check_CLUSTER_SLO_dataset"/>
    <testcase time="0.00200000000006639" classname="CLUSTER_SLO_datachk" name="Check_CLUSTER_SLO_dataset"/>
    <testcase time="0.000999999999976353" classname="CLUSTER_SLO_datachk" name="Check_CLUSTER_SLO_dataset"/>
    <testcase time="0.000999999999976353" classname="CLUSTER_SLO_datachk" name="Check_CLUSTER_SLO_dataset"/>
    <testcase time="0.00200000000006639" classname="CLUSTER_SLO_datachk" name="Check_CLUSTER_SLO_dataset"/>
    <testcase time="0.0449999999999591" classname="CLUSTER_SLO_datachk" name="Check_CLUSTER_SLO_dataset"/>
    <testcase time="0.00199999999995271" classname="CLUSTER_SLO_datachk" name="Check_CLUSTER_SLO_dataset"/>
    <testcase time="0.000999999999976353" classname="CLUSTER_SLO_datachk" name="Check_CLUSTER_SLO_dataset"/>
    <testcase time="0.00100000000009004" classname="CLUSTER_SLO_datachk" name="Check_CLUSTER_SLO_dataset"/>
    <testcase time="0.00199999999995271" classname="CLUSTER_SLO_datachk" name="Check_CLUSTER_SLO_dataset"/>
    <testcase time="0.000999999999976353" classname="CLUSTER_SLO_datachk" name="Check_CLUSTER_SLO_dataset"/>
    <testcase time="0.00200000000006639" classname="CLUSTER_SLO_datachk" name="Check_CLUSTER_SLO_dataset"/>
    <testcase time="0.000999999999976353" classname="CLUSTER_SLO_datachk" name="Check_CLUSTER_SLO_dataset"/>
    <testcase time="0.000999999999976353" classname="CLUSTER_SLO_datachk" name="Check_CLUSTER_SLO_dataset"/>
    <testcase time="0.08299999999997" classname="CLUSTER_SLO_datachk" name="Check_CLUSTER_SLO_dataset"/>
    <testcase time="0.00200000000006639" classname="CLUSTER_SLO_datachk" name="Check_CLUSTER_SLO_dataset"/>
    <testcase time="0.000999999999976353" classname="CLUSTER_SLO_datachk" name="Check_CLUSTER_SLO_dataset"/>
    <testcase time="0.000999999999976353" classname="CLUSTER_SLO_datachk" name="Check_CLUSTER_SLO_dataset"/>
    <testcase time="0.00100000000009004" classname="CLUSTER_SLO_datachk" name="Check_CLUSTER_SLO_dataset"/>
    <testcase time="0.000999999999976353" classname="CLUSTER_SLO_datachk" name="Check_CLUSTER_SLO_dataset"/>
    <testcase time="0.00199999999995271" classname="CLUSTER_SLO_datachk" name="Check_CLUSTER_SLO_dataset"/>
    <testcase time="0.0460000000000491" classname="CLUSTER_SLO_datachk" name="Check_CLUSTER_SLO_dataset"/>
    <testcase time="0.000999999999976353" classname="CLUSTER_SLO_datachk" name="Check_CLUSTER_SLO_dataset"/>
    <testcase time="0.00199999999995271" classname="CLUSTER_SLO_datachk" name="Check_CLUSTER_SLO_dataset"/>
    <testcase time="0.00100000000009004" classname="CLUSTER_SLO_datachk" name="Check_CLUSTER_SLO_dataset"/>
    <testcase time="0.00199999999995271" classname="CLUSTER_SLO_datachk" name="Check_CLUSTER_SLO_dataset"/>
    <testcase time="0.000999999999976353" classname="CLUSTER_SLO_datachk" name="Check_CLUSTER_SLO_dataset"/>
    <testcase time="0.00200000000006639" classname="CLUSTER_SLO_datachk" name="Check_CLUSTER_SLO_dataset"/>
    <testcase time="0.000999999999976353" classname="CLUSTER_SLO_datachk" name="Check_CLUSTER_SLO_dataset"/>
    <testcase time="0.00199999999995271" classname="CLUSTER_SLO_datachk" name="Check_CLUSTER_SLO_dataset"/>
    <testcase time="0.100999999999999" classname="CLUSTER_SLO_datachk" name="Check_CLUSTER_SLO_dataset"/>
    <testcase time="0.00900000000001455" classname="CLUSTER_SLO_datachk" name="Check_CLUSTER_SLO_dataset"/>
    <testcase time="0.000999999999976353" classname="CLUSTER_SLO_datachk" name="Check_CLUSTER_SLO_dataset"/>
    <testcase time="0.00100000000009004" classname="CLUSTER_SLO_datachk" name="Check_CLUSTER_SLO_dataset"/>
    <testcase time="0.00199999999995271" classname="CLUSTER_SLO_datachk" name="Check_CLUSTER_SLO_dataset"/>
    <testcase time="0.000999999999976353" classname="CLUSTER_SLO_datachk" name="Check_CLUSTER_SLO_dataset"/>
    <testcase time="0.00200000000006639" classname="CLUSTER_SLO_datachk" name="Check_CLUSTER_SLO_dataset"/>
    <testcase time="0.0419999999999163" classname="CLUSTER_SLO_datachk" name="Check_CLUSTER_SLO_dataset"/>
    <testcase time="0.00100000000009004" classname="CLUSTER_SLO_datachk" name="Check_CLUSTER_SLO_dataset"/>
    <testcase time="0.00199999999995271" classname="CLUSTER_SLO_datachk" name="Check_CLUSTER_SLO_dataset"/>
    <testcase time="0.000999999999976353" classname="CLUSTER_SLO_datachk" name="Check_CLUSTER_SLO_dataset"/>
    <testcase time="0.00200000000006639" classname="CLUSTER_SLO_datachk" name="Check_CLUSTER_SLO_dataset"/>
    <testcase time="0.000999999999976353" classname="CLUSTER_SLO_datachk" name="Check_CLUSTER_SLO_dataset"/>
    <testcase time="0.00199999999995271" classname="CLUSTER_SLO_datachk" name="Check_CLUSTER_SLO_dataset"/>
    <testcase time="0.00100000000009004" classname="CLUSTER_SLO_datachk" name="Check_CLUSTER_SLO_dataset"/>
    <testcase time="0.00199999999995271" classname="CLUSTER_SLO_datachk" name="Check_CLUSTER_SLO_dataset"/>
    <testcase time="0.0800000000000409" classname="CLUSTER_SLO_datachk" name="Check_CLUSTER_SLO_dataset"/>
    <testcase time="0.00199999999995271" classname="CLUSTER_SLO_datachk" name="Check_CLUSTER_SLO_dataset"/>
    <testcase time="0.000999999999976353" classname="CLUSTER_SLO_datachk" name="Check_CLUSTER_SLO_dataset"/>
    <testcase time="0.00200000000006639" classname="CLUSTER_SLO_datachk" name="Check_CLUSTER_SLO_dataset"/>
    <testcase time="0.000999999999976353" classname="CLUSTER_SLO_datachk" name="Check_CLUSTER_SLO_dataset"/>
    <testcase time="0.00199999999995271" classname="CLUSTER_SLO_datachk" name="Check_CLUSTER_SLO_dataset"/>
    <testcase time="0.000999999999976353" classname="CLUSTER_SLO_datachk" name="Check_CLUSTER_SLO_dataset"/>
    <testcase time="0.0500000000000682" classname="CLUSTER_SLO_datachk" name="Check_CLUSTER_SLO_dataset"/>
    <testcase time="0.00199999999995271" classname="CLUSTER_SLO_datachk" name="Check_CLUSTER_SLO_dataset"/>
    <testcase time="0.00200000000006639" classname="CLUSTER_SLO_datachk" name="Check_CLUSTER_SLO_dataset"/>
    <testcase time="0.000999999999976353" classname="CLUSTER_SLO_datachk" name="Check_CLUSTER_SLO_dataset"/>
    <testcase time="0.00199999999995271" classname="CLUSTER_SLO_datachk" name="Check_CLUSTER_SLO_dataset"/>
    <testcase time="0.000999999999976353" classname="CLUSTER_SLO_datachk" name="Check_CLUSTER_SLO_dataset"/>
    <testcase time="0.00200000000006639" classname="CLUSTER_SLO_datachk" name="Check_CLUSTER_SLO_dataset"/>
    <testcase time="0.000999999999976353" classname="CLUSTER_SLO_datachk" name="Check_CLUSTER_SLO_dataset"/>
    <testcase time="0.00200000000006639" classname="CLUSTER_SLO_datachk" name="Check_CLUSTER_SLO_dataset"/>
    <testcase time="0.09699999999998" classname="CLUSTER_SLO_datachk" name="Check_CLUSTER_SLO_dataset"/>
    <testcase time="0.00199999999995271" classname="CLUSTER_SLO_datachk" name="Check_CLUSTER_SLO_dataset"/>
    <testcase time="0.000999999999976353" classname="CLUSTER_SLO_datachk" name="Check_CLUSTER_SLO_dataset"/>
    <testcase time="0.00200000000006639" classname="CLUSTER_SLO_datachk" name="Check_CLUSTER_SLO_dataset"/>
    <testcase time="0.000999999999976353" classname="CLUSTER_SLO_datachk" name="Check_CLUSTER_SLO_dataset"/>
    <testcase time="0.00199999999995271" classname="CLUSTER_SLO_datachk" name="Check_CLUSTER_SLO_dataset"/>
    <testcase time="0.00900000000001455" classname="CLUSTER_SLO_datachk" name="Check_CLUSTER_SLO_dataset"/>
    <testcase time="0.04200000000003" classname="CLUSTER_SLO_datachk" name="Check_CLUSTER_SLO_dataset"/>
    <testcase time="0.00199999999995271" classname="CLUSTER_SLO_datachk" name="Check_CLUSTER_SLO_dataset"/>
    <testcase time="0.00200000000006639" classname="CLUSTER_SLO_datachk" name="Check_CLUSTER_SLO_dataset"/>
    <testcase time="0.000999999999976353" classname="CLUSTER_SLO_datachk" name="Check_CLUSTER_SLO_dataset"/>
    <testcase time="0.00199999999995271" classname="CLUSTER_SLO_datachk" name="Check_CLUSTER_SLO_dataset"/>
    <testcase time="0.00200000000006639" classname="CLUSTER_SLO_datachk" name="Check_CLUSTER_SLO_dataset"/>
    <testcase time="0.000999999999976353" classname="CLUSTER_SLO_datachk" name="Check_CLUSTER_SLO_dataset"/>
    <testcase time="0.00199999999995271" classname="CLUSTER_SLO_datachk" name="Check_CLUSTER_SLO_dataset"/>
    <testcase time="0.00200000000006639" classname="CLUSTER_SLO_datachk" name="Check_CLUSTER_SLO_dataset"/>
    <testcase time="0.08299999999997" classname="CLUSTER_SLO_datachk" name="Check_CLUSTER_SLO_dataset"/>
    <testcase time="0.00200000000006639" classname="CLUSTER_SLO_datachk" name="Check_CLUSTER_SLO_dataset"/>
    <testcase time="0.00199999999995271" classname="CLUSTER_SLO_datachk" name="Check_CLUSTER_SLO_dataset"/>
    <testcase time="0.000999999999976353" classname="CLUSTER_SLO_datachk" name="Check_CLUSTER_SLO_dataset"/>
    <testcase time="0.00200000000006639" classname="CLUSTER_SLO_datachk" name="Check_CLUSTER_SLO_dataset"/>
    <testcase time="0.00199999999995271" classname="CLUSTER_SLO_datachk" name="Check_CLUSTER_SLO_dataset"/>
    <testcase time="0.000999999999976353" classname="CLUSTER_SLO_datachk" name="Check_CLUSTER_SLO_dataset"/>
    <testcase time="0.0430000000000064" classname="CLUSTER_SLO_datachk" name="Check_CLUSTER_SLO_dataset"/>
    <testcase time="0.00200000000006639" classname="CLUSTER_SLO_datachk" name="Check_CLUSTER_SLO_dataset"/>
    <testcase time="0.00199999999995271" classname="CLUSTER_SLO_datachk" name="Check_CLUSTER_SLO_dataset"/>
    <testcase time="0.000999999999976353" classname="CLUSTER_SLO_datachk" name="Check_CLUSTER_SLO_dataset"/>
    <testcase time="0.00200000000006639" classname="CLUSTER_SLO_datachk" name="Check_CLUSTER_SLO_dataset"/>
    <testcase time="0.00199999999995271" classname="CLUSTER_SLO_datachk" name="Check_CLUSTER_SLO_dataset"/>
    <testcase time="0.000999999999976353" classname="CLUSTER_SLO_datachk" name="Check_CLUSTER_SLO_dataset"/>
    <testcase time="0.00200000000006639" classname="CLUSTER_SLO_datachk" name="Check_CLUSTER_SLO_dataset"/>
    <testcase time="0.00199999999995271" classname="CLUSTER_SLO_datachk" name="Check_CLUSTER_SLO_dataset"/>
    <testcase time="0.0819999999999936" classname="CLUSTER_SLO_datachk" name="Check_CLUSTER_SLO_dataset"/>
    <testcase time="0.00200000000006639" classname="CLUSTER_SLO_datachk" name="Check_CLUSTER_SLO_dataset"/>
    <testcase time="0.00199999999995271" classname="CLUSTER_SLO_datachk" name="Check_CLUSTER_SLO_dataset"/>
    <testcase time="0.000999999999976353" classname="CLUSTER_SLO_datachk" name="Check_CLUSTER_SLO_dataset"/>
    <testcase time="0.00200000000006639" classname="CLUSTER_SLO_datachk" name="Check_CLUSTER_SLO_dataset"/>
    <testcase time="0.00199999999995271" classname="CLUSTER_SLO_datachk" name="Check_CLUSTER_SLO_dataset"/>
    <testcase time="0.00900000000001455" classname="CLUSTER_SLO_datachk" name="Check_CLUSTER_SLO_dataset"/>
    <testcase time="0.0449999999999591" classname="CLUSTER_SLO_datachk" name="Check_CLUSTER_SLO_dataset"/>
    <testcase time="0.00200000000006639" classname="CLUSTER_SLO_datachk" name="Check_CLUSTER_SLO_dataset"/>
    <testcase time="0.00199999999995271" classname="CLUSTER_SLO_datachk" name="Check_CLUSTER_SLO_dataset"/>
    <testcase time="0.000999999999976353" classname="CLUSTER_SLO_datachk" name="Check_CLUSTER_SLO_dataset"/>
    <testcase time="0.00200000000006639" classname="CLUSTER_SLO_datachk" name="Check_CLUSTER_SLO_dataset"/>
    <testcase time="0.00199999999995271" classname="CLUSTER_SLO_datachk" name="Check_CLUSTER_SLO_dataset"/>
    <testcase time="0.000999999999976353" classname="CLUSTER_SLO_datachk" name="Check_CLUSTER_SLO_dataset"/>
    <testcase time="0.00200000000006639" classname="CLUSTER_SLO_datachk" name="Check_CLUSTER_SLO_dataset"/>
    <testcase time="0.00199999999995271" classname="CLUSTER_SLO_datachk" name="Check_CLUSTER_SLO_dataset"/>
    <testcase time="0.0860000000000127" classname="CLUSTER_SLO_datachk" name="Check_CLUSTER_SLO_dataset"/>
    <testcase time="0.00199999999995271" classname="CLUSTER_SLO_datachk" name="Check_CLUSTER_SLO_dataset"/>
    <testcase time="0.00100000000009004" classname="CLUSTER_SLO_datachk" name="Check_CLUSTER_SLO_dataset"/>
    <testcase time="0.00199999999995271" classname="CLUSTER_SLO_datachk" name="Check_CLUSTER_SLO_dataset"/>
    <testcase time="0.00200000000006639" classname="CLUSTER_SLO_datachk" name="Check_CLUSTER_SLO_dataset"/>
    <testcase time="0.00199999999995271" classname="CLUSTER_SLO_datachk" name="Check_CLUSTER_SLO_dataset"/>
    <testcase time="0.000999999999976353" classname="CLUSTER_SLO_datachk" name="Check_CLUSTER_SLO_dataset"/>
    <testcase time="0.0439999999999827" classname="CLUSTER_SLO_datachk" name="Check_CLUSTER_SLO_dataset"/>
    <testcase time="0.00200000000006639" classname="CLUSTER_SLO_datachk" name="Check_CLUSTER_SLO_dataset"/>
    <testcase time="0.00199999999995271" classname="CLUSTER_SLO_datachk" name="Check_CLUSTER_SLO_dataset"/>
    <testcase time="0.00200000000006639" classname="CLUSTER_SLO_datachk" name="Check_CLUSTER_SLO_dataset"/>
    <testcase time="0.00199999999995271" classname="CLUSTER_SLO_datachk" name="Check_CLUSTER_SLO_dataset"/>
    <testcase time="0.000999999999976353" classname="CLUSTER_SLO_datachk" name="Check_CLUSTER_SLO_dataset"/>
    <testcase time="0.00200000000006639" classname="CLUSTER_SLO_datachk" name="Check_CLUSTER_SLO_dataset"/>
    <testcase time="0.00199999999995271" classname="CLUSTER_SLO_datachk" name="Check_CLUSTER_SLO_dataset"/>
    <testcase time="0.00199999999995271" classname="CLUSTER_SLO_datachk" name="Check_CLUSTER_SLO_dataset"/>
    <testcase time="0.0870000000001028" classname="CLUSTER_SLO_datachk" name="Check_CLUSTER_SLO_dataset"/>
    <testcase time="0.00199999999995271" classname="CLUSTER_SLO_datachk" name="Check_CLUSTER_SLO_dataset"/>
    <testcase time="0.00199999999995271" classname="CLUSTER_SLO_datachk" name="Check_CLUSTER_SLO_dataset"/>
    <testcase time="0.00200000000006639" classname="CLUSTER_SLO_datachk" name="Check_CLUSTER_SLO_dataset"/>
    <testcase time="0.00900000000001455" classname="CLUSTER_SLO_datachk" name="Check_CLUSTER_SLO_dataset"/>
    <testcase time="0.00199999999995271" classname="CLUSTER_SLO_datachk" name="Check_CLUSTER_SLO_dataset"/>
    <testcase time="0.00199999999995271" classname="CLUSTER_SLO_datachk" name="Check_CLUSTER_SLO_dataset"/>
    <testcase time="0.05600000000004" classname="CLUSTER_SLO_datachk" name="Check_CLUSTER_SLO_dataset"/>
    <testcase time="0.00200000000006639" classname="CLUSTER_SLO_datachk" name="Check_CLUSTER_SLO_dataset"/>
    <testcase time="0.00199999999995271" classname="CLUSTER_SLO_datachk" name="Check_CLUSTER_SLO_dataset"/>
    <testcase time="0.00199999999995271" classname="CLUSTER_SLO_datachk" name="Check_CLUSTER_SLO_dataset"/>
    <testcase time="0.00200000000006639" classname="CLUSTER_SLO_datachk" name="Check_CLUSTER_SLO_dataset"/>
    <testcase time="0.00199999999995271" classname="CLUSTER_SLO_datachk" name="Check_CLUSTER_SLO_dataset"/>
    <testcase time="0.000999999999976353" classname="CLUSTER_SLO_datachk" name="Check_CLUSTER_SLO_dataset"/>
    <testcase time="0.00200000000006639" classname="CLUSTER_SLO_datachk" name="Check_CLUSTER_SLO_dataset"/>
    <testcase time="0.00199999999995271" classname="CLUSTER_SLO_datachk" name="Check_CLUSTER_SLO_dataset"/>
    <testcase time="0.0869999999999891" classname="CLUSTER_SLO_datachk" name="Check_CLUSTER_SLO_dataset"/>
    <testcase time="0.00200000000006639" classname="CLUSTER_SLO_datachk" name="Check_CLUSTER_SLO_dataset"/>
    <testcase time="0.00199999999995271" classname="CLUSTER_SLO_datachk" name="Check_CLUSTER_SLO_dataset"/>
    <testcase time="0.000999999999976353" classname="CLUSTER_SLO_datachk" name="Check_CLUSTER_SLO_dataset"/>
    <testcase time="0.00200000000006639" classname="CLUSTER_SLO_datachk" name="Check_CLUSTER_SLO_dataset"/>
    <testcase time="0.00199999999995271" classname="CLUSTER_SLO_datachk" name="Check_CLUSTER_SLO_dataset"/>
    <testcase time="0.00200000000006639" classname="CLUSTER_SLO_datachk" name="Check_CLUSTER_SLO_dataset"/>
    <testcase time="0.0449999999999591" classname="CLUSTER_SLO_datachk" name="Check_CLUSTER_SLO_dataset"/>
    <testcase time="0.00199999999995271" classname="CLUSTER_SLO_datachk" name="Check_CLUSTER_SLO_dataset"/>
    <testcase time="0.00200000000006639" classname="CLUSTER_SLO_datachk" name="Check_CLUSTER_SLO_dataset"/>
    <testcase time="0.00199999999995271" classname="CLUSTER_SLO_datachk" name="Check_CLUSTER_SLO_dataset"/>
    <testcase time="0.00200000000006639" classname="CLUSTER_SLO_datachk" name="Check_CLUSTER_SLO_dataset"/>
    <testcase time="0.000999999999976353" classname="CLUSTER_SLO_datachk" name="Check_CLUSTER_SLO_dataset"/>
    <testcase time="0.00299999999992906" classname="CLUSTER_SLO_datachk" name="Check_CLUSTER_SLO_dataset"/>
    <testcase time="0.00100000000009004" classname="CLUSTER_SLO_datachk" name="Check_CLUSTER_SLO_dataset"/>
    <testcase time="0.00199999999995271" classname="CLUSTER_SLO_datachk" name="Check_CLUSTER_SLO_dataset"/>
    <testcase time="0.0929999999999609" classname="CLUSTER_SLO_datachk" name="Check_CLUSTER_SLO_dataset"/>
    <testcase time="0.00200000000006639" classname="CLUSTER_SLO_datachk" name="Check_CLUSTER_SLO_dataset"/>
    <testcase time="0.00199999999995271" classname="CLUSTER_SLO_datachk" name="Check_CLUSTER_SLO_dataset"/>
    <testcase time="0.00200000000006639" classname="CLUSTER_SLO_datachk" name="Check_CLUSTER_SLO_dataset"/>
    <testcase time="0.00199999999995271" classname="CLUSTER_SLO_datachk" name="Check_CLUSTER_SLO_dataset"/>
    <testcase time="0.00200000000006639" classname="CLUSTER_SLO_datachk" name="Check_CLUSTER_SLO_dataset"/>
    <testcase time="0.00199999999995271" classname="CLUSTER_SLO_datachk" name="Check_CLUSTER_SLO_dataset"/>
    <testcase time="0.0459999999999354" classname="CLUSTER_SLO_datachk" name="Check_CLUSTER_SLO_dataset"/>
    <testcase time="0.00200000000006639" classname="CLUSTER_SLO_datachk" name="Check_CLUSTER_SLO_dataset"/>
    <testcase time="0.00199999999995271" classname="CLUSTER_SLO_datachk" name="Check_CLUSTER_SLO_dataset"/>
    <testcase time="0.00200000000006639" classname="CLUSTER_SLO_datachk" name="Check_CLUSTER_SLO_dataset"/>
    <testcase time="0.00199999999995271" classname="CLUSTER_SLO_datachk" name="Check_CLUSTER_SLO_dataset"/>
    <testcase time="0.00200000000006639" classname="CLUSTER_SLO_datachk" name="Check_CLUSTER_SLO_dataset"/>
    <testcase time="0.00199999999995271" classname="CLUSTER_SLO_datachk" name="Check_CLUSTER_SLO_dataset"/>
    <testcase time="0.00199999999995271" classname="CLUSTER_SLO_datachk" name="Check_CLUSTER_SLO_dataset"/>
    <testcase time="0.00200000000006639" classname="CLUSTER_SLO_datachk" name="Check_CLUSTER_SLO_dataset"/>
    <testcase time="0.0839999999999463" classname="CLUSTER_SLO_datachk" name="Check_CLUSTER_SLO_dataset"/>
    <testcase time="0.00200000000006639" classname="CLUSTER_SLO_datachk" name="Check_CLUSTER_SLO_dataset"/>
    <testcase time="0.00199999999995271" classname="CLUSTER_SLO_datachk" name="Check_CLUSTER_SLO_dataset"/>
    <testcase time="0.00200000000006639" classname="CLUSTER_SLO_datachk" name="Check_CLUSTER_SLO_dataset"/>
    <testcase time="0.00199999999995271" classname="CLUSTER_SLO_datachk" name="Check_CLUSTER_SLO_dataset"/>
    <testcase time="0.00199999999995271" classname="CLUSTER_SLO_datachk" name="Check_CLUSTER_SLO_dataset"/>
    <testcase time="0.00200000000006639" classname="CLUSTER_SLO_datachk" name="Check_CLUSTER_SLO_dataset"/>
    <testcase time="0.0430000000000064" classname="CLUSTER_SLO_datachk" name="Check_CLUSTER_SLO_dataset"/>
    <testcase time="0.00299999999992906" classname="CLUSTER_SLO_datachk" name="Check_CLUSTER_SLO_dataset"/>
    <testcase time="0.00200000000006639" classname="CLUSTER_SLO_datachk" name="Check_CLUSTER_SLO_dataset"/>
    <testcase time="0.00199999999995271" classname="CLUSTER_SLO_datachk" name="Check_CLUSTER_SLO_dataset"/>
    <testcase time="0.00200000000006639" classname="CLUSTER_SLO_datachk" name="Check_CLUSTER_SLO_dataset"/>
    <testcase time="0.00199999999995271" classname="CLUSTER_SLO_datachk" name="Check_CLUSTER_SLO_dataset"/>
    <testcase time="0.00199999999995271" classname="CLUSTER_SLO_datachk" name="Check_CLUSTER_SLO_dataset"/>
    <testcase time="0.00200000000006639" classname="CLUSTER_SLO_datachk" name="Check_CLUSTER_SLO_dataset"/>
    <testcase time="0.00199999999995271" classname="CLUSTER_SLO_datachk" name="Check_CLUSTER_SLO_dataset"/>
  </testsuite>
  <testsuite name="CLUSTER_SLO::datachk::shutdown" timestamp="2025-10-28T12:29:12Z" hostname="runnervmwhb2z" tests="3" skipped="0" failures="0" errors="0" time="0.06">
    <testcase time="0.0579999999999927" classname="CLUSTER_SLO_datachk_shutdown" name="shutdown"/>
    <testcase time="0.00100000000009004" classname="CLUSTER_SLO_datachk_shutdown" name="shutdown"/>
    <testcase time="0.000999999999976353" classname="CLUSTER_SLO_datachk_shutdown" name="shutdown"/>
  </testsuite>
  <testsuite name="CLUSTER_SLO::datachk::done" timestamp="2025-10-28T12:29:12Z" hostname="runnervmwhb2z" tests="0" skipped="0" failures="0" errors="0" time="0"/>
  <testsuite name="datachk-CNSIM" timestamp="2025-10-28T12:29:12Z" hostname="runnervmwhb2z" tests="0" skipped="0" failures="0" errors="0" time="0"/>
  <testsuite name="CNSIM::datachk::setup" timestamp="2025-10-28T12:29:12Z" hostname="runnervmwhb2z" tests="3" skipped="0" failures="0" errors="0" time="7.402">
    <testcase time="7.399" classname="CNSIM_datachk_setup" name="setup"/>
    <testcase time="0.00199999999995271" classname="CNSIM_datachk_setup" name="setup"/>
    <testcase time="0.000999999999976353" classname="CNSIM_datachk_setup" name="setup"/>
  </testsuite>
  <testsuite name="CNSIM::datachk" timestamp="2025-10-28T12:29:19Z" hostname="runnervmwhb2z" tests="275" skipped="0" failures="0" errors="0" time="3.367">
    <testcase time="0.0860000000000127" classname="CNSIM_datachk" name="Check_CNSIM_dataset"/>
    <testcase time="0.00200000000006639" classname="CNSIM_datachk" name="Check_CNSIM_dataset"/>
    <testcase time="0.00299999999992906" classname="CNSIM_datachk" name="Check_CNSIM_dataset"/>
    <testcase time="0.00100000000009004" classname="CNSIM_datachk" name="Check_CNSIM_dataset"/>
    <testcase time="0.00199999999995271" classname="CNSIM_datachk" name="Check_CNSIM_dataset"/>
    <testcase time="0.00199999999995271" classname="CNSIM_datachk" name="Check_CNSIM_dataset"/>
    <testcase time="0.00200000000006639" classname="CNSIM_datachk" name="Check_CNSIM_dataset"/>
    <testcase time="0.0430000000000064" classname="CNSIM_datachk" name="Check_CNSIM_dataset"/>
    <testcase time="0.00199999999995271" classname="CNSIM_datachk" name="Check_CNSIM_dataset"/>
    <testcase time="0.000999999999976353" classname="CNSIM_datachk" name="Check_CNSIM_dataset"/>
    <testcase time="0.00100000000009004" classname="CNSIM_datachk" name="Check_CNSIM_dataset"/>
    <testcase time="0.000999999999976353" classname="CNSIM_datachk" name="Check_CNSIM_dataset"/>
    <testcase time="0.00199999999995271" classname="CNSIM_datachk" name="Check_CNSIM_dataset"/>
    <testcase time="0.000999999999976353" classname="CNSIM_datachk" name="Check_CNSIM_dataset"/>
    <testcase time="0.00200000000006639" classname="CNSIM_datachk" name="Check_CNSIM_dataset"/>
    <testcase time="0.119000000000028" classname="CNSIM_datachk" name="Check_CNSIM_dataset"/>
    <testcase time="0.000999999999976353" classname="CNSIM_datachk" name="Check_CNSIM_dataset"/>
    <testcase time="0.00199999999995271" classname="CNSIM_datachk" name="Check_CNSIM_dataset"/>
    <testcase time="0.000999999999976353" classname="CNSIM_datachk" name="Check_CNSIM_dataset"/>
    <testcase time="0.00100000000009004" classname="CNSIM_datachk" name="Check_CNSIM_dataset"/>
    <testcase time="0.00199999999995271" classname="CNSIM_datachk" name="Check_CNSIM_dataset"/>
    <testcase time="0.000999999999976353" classname="CNSIM_datachk" name="Check_CNSIM_dataset"/>
    <testcase time="0.0819999999999936" classname="CNSIM_datachk" name="Check_CNSIM_dataset"/>
    <testcase time="0.00200000000006639" classname="CNSIM_datachk" name="Check_CNSIM_dataset"/>
    <testcase time="0.000999999999976353" classname="CNSIM_datachk" name="Check_CNSIM_dataset"/>
    <testcase time="0.000999999999976353" classname="CNSIM_datachk" name="Check_CNSIM_dataset"/>
    <testcase time="0.000999999999976353" classname="CNSIM_datachk" name="Check_CNSIM_dataset"/>
    <testcase time="0.00200000000006639" classname="CNSIM_datachk" name="Check_CNSIM_dataset"/>
    <testcase time="0.000999999999976353" classname="CNSIM_datachk" name="Check_CNSIM_dataset"/>
    <testcase time="0.04200000000003" classname="CNSIM_datachk" name="Check_CNSIM_dataset"/>
    <testcase time="0.000999999999976353" classname="CNSIM_datachk" name="Check_CNSIM_dataset"/>
    <testcase time="0.00199999999995271" classname="CNSIM_datachk" name="Check_CNSIM_dataset"/>
    <testcase time="0.000999999999976353" classname="CNSIM_datachk" name="Check_CNSIM_dataset"/>
    <testcase time="0.00200000000006639" classname="CNSIM_datachk" name="Check_CNSIM_dataset"/>
    <testcase time="0.000999999999976353" classname="CNSIM_datachk" name="Check_CNSIM_dataset"/>
    <testcase time="0.000999999999976353" classname="CNSIM_datachk" name="Check_CNSIM_dataset"/>
    <testcase time="0.00200000000006639" classname="CNSIM_datachk" name="Check_CNSIM_dataset"/>
    <testcase time="0.000999999999976353" classname="CNSIM_datachk" name="Check_CNSIM_dataset"/>
    <testcase time="0.125999999999976" classname="CNSIM_datachk" name="Check_CNSIM_dataset"/>
    <testcase time="0.000999999999976353" classname="CNSIM_datachk" name="Check_CNSIM_dataset"/>
    <testcase time="0.00100000000009004" classname="CNSIM_datachk" name="Check_CNSIM_dataset"/>
    <testcase time="0.000999999999976353" classname="CNSIM_datachk" name="Check_CNSIM_dataset"/>
    <testcase time="0.000999999999976353" classname="CNSIM_datachk" name="Check_CNSIM_dataset"/>
    <testcase time="0.00200000000006639" classname="CNSIM_datachk" name="Check_CNSIM_dataset"/>
    <testcase time="0.000999999999976353" classname="CNSIM_datachk" name="Check_CNSIM_dataset"/>
    <testcase time="0.0799999999999272" classname="CNSIM_datachk" name="Check_CNSIM_dataset"/>
    <testcase time="0.00200000000006639" classname="CNSIM_datachk" name="Check_CNSIM_dataset"/>
    <testcase time="0.000999999999976353" classname="CNSIM_datachk" name="Check_CNSIM_dataset"/>
    <testcase time="0.00199999999995271" classname="CNSIM_datachk" name="Check_CNSIM_dataset"/>
    <testcase time="0.00100000000009004" classname="CNSIM_datachk" name="Check_CNSIM_dataset"/>
    <testcase time="0.000999999999976353" classname="CNSIM_datachk" name="Check_CNSIM_dataset"/>
    <testcase time="0.00199999999995271" classname="CNSIM_datachk" name="Check_CNSIM_dataset"/>
    <testcase time="0.0410000000000537" classname="CNSIM_datachk" name="Check_CNSIM_dataset"/>
    <testcase time="0.00199999999995271" classname="CNSIM_datachk" name="Check_CNSIM_dataset"/>
    <testcase time="0.000999999999976353" classname="CNSIM_datachk" name="Check_CNSIM_dataset"/>
    <testcase time="0.00200000000006639" classname="CNSIM_datachk" name="Check_CNSIM_dataset"/>
    <testcase time="0.000999999999976353" classname="CNSIM_datachk" name="Check_CNSIM_dataset"/>
    <testcase time="0.00200000000006639" classname="CNSIM_datachk" name="Check_CNSIM_dataset"/>
    <testcase time="0.000999999999976353" classname="CNSIM_datachk" name="Check_CNSIM_dataset"/>
    <testcase time="0.000999999999976353" classname="CNSIM_datachk" name="Check_CNSIM_dataset"/>
    <testcase time="0.00199999999995271" classname="CNSIM_datachk" name="Check_CNSIM_dataset"/>
    <testcase time="0.105000000000018" classname="CNSIM_datachk" name="Check_CNSIM_dataset"/>
    <testcase time="0.000999999999976353" classname="CNSIM_datachk" name="Check_CNSIM_dataset"/>
    <testcase time="0.00200000000006639" classname="CNSIM_datachk" name="Check_CNSIM_dataset"/>
    <testcase time="0.000999999999976353" classname="CNSIM_datachk" name="Check_CNSIM_dataset"/>
    <testcase time="0.00199999999995271" classname="CNSIM_datachk" name="Check_CNSIM_dataset"/>
    <testcase time="0.00100000000009004" classname="CNSIM_datachk" name="Check_CNSIM_dataset"/>
    <testcase time="0.00199999999995271" classname="CNSIM_datachk" name="Check_CNSIM_dataset"/>
    <testcase time="0.0919999999999845" classname="CNSIM_datachk" name="Check_CNSIM_dataset"/>
    <testcase time="0.000999999999976353" classname="CNSIM_datachk" name="Check_CNSIM_dataset"/>
    <testcase time="0.00200000000006639" classname="CNSIM_datachk" name="Check_CNSIM_dataset"/>
    <testcase time="0.000999999999976353" classname="CNSIM_datachk" name="Check_CNSIM_dataset"/>
    <testcase time="0.00199999999995271" classname="CNSIM_datachk" name="Check_CNSIM_dataset"/>
    <testcase time="0.00100000000009004" classname="CNSIM_datachk" name="Check_CNSIM_dataset"/>
    <testcase time="0.000999999999976353" classname="CNSIM_datachk" name="Check_CNSIM_dataset"/>
    <testcase time="0.0430000000000064" classname="CNSIM_datachk" name="Check_CNSIM_dataset"/>
    <testcase time="0.00199999999995271" classname="CNSIM_datachk" name="Check_CNSIM_dataset"/>
    <testcase time="0.00200000000006639" classname="CNSIM_datachk" name="Check_CNSIM_dataset"/>
    <testcase time="0.000999999999976353" classname="CNSIM_datachk" name="Check_CNSIM_dataset"/>
    <testcase time="0.00199999999995271" classname="CNSIM_datachk" name="Check_CNSIM_dataset"/>
    <testcase time="0.000999999999976353" classname="CNSIM_datachk" name="Check_CNSIM_dataset"/>
    <testcase time="0.00200000000006639" classname="CNSIM_datachk" name="Check_CNSIM_dataset"/>
    <testcase time="0.000999999999976353" classname="CNSIM_datachk" name="Check_CNSIM_dataset"/>
    <testcase time="0.00200000000006639" classname="CNSIM_datachk" name="Check_CNSIM_dataset"/>
    <testcase time="0.103999999999928" classname="CNSIM_datachk" name="Check_CNSIM_dataset"/>
    <testcase time="0.00200000000006639" classname="CNSIM_datachk" name="Check_CNSIM_dataset"/>
    <testcase time="0.000999999999976353" classname="CNSIM_datachk" name="Check_CNSIM_dataset"/>
    <testcase time="0.00199999999995271" classname="CNSIM_datachk" name="Check_CNSIM_dataset"/>
    <testcase time="0.000999999999976353" classname="CNSIM_datachk" name="Check_CNSIM_dataset"/>
    <testcase time="0.00200000000006639" classname="CNSIM_datachk" name="Check_CNSIM_dataset"/>
    <testcase time="0.000999999999976353" classname="CNSIM_datachk" name="Check_CNSIM_dataset"/>
    <testcase time="0.0819999999999936" classname="CNSIM_datachk" name="Check_CNSIM_dataset"/>
    <testcase time="0.00199999999995271" classname="CNSIM_datachk" name="Check_CNSIM_dataset"/>
    <testcase time="0.00200000000006639" classname="CNSIM_datachk" name="Check_CNSIM_dataset"/>
    <testcase time="0.000999999999976353" classname="CNSIM_datachk" name="Check_CNSIM_dataset"/>
    <testcase time="0.00200000000006639" classname="CNSIM_datachk" name="Check_CNSIM_dataset"/>
    <testcase time="0.000999999999976353" classname="CNSIM_datachk" name="Check_CNSIM_dataset"/>
    <testcase time="0.00199999999995271" classname="CNSIM_datachk" name="Check_CNSIM_dataset"/>
    <testcase time="0.0470000000000255" classname="CNSIM_datachk" name="Check_CNSIM_dataset"/>
    <testcase time="0.00199999999995271" classname="CNSIM_datachk" name="Check_CNSIM_dataset"/>
    <testcase time="0.00200000000006639" classname="CNSIM_datachk" name="Check_CNSIM_dataset"/>
    <testcase time="0.000999999999976353" classname="CNSIM_datachk" name="Check_CNSIM_dataset"/>
    <testcase time="0.00199999999995271" classname="CNSIM_datachk" name="Check_CNSIM_dataset"/>
    <testcase time="0.00200000000006639" classname="CNSIM_datachk" name="Check_CNSIM_dataset"/>
    <testcase time="0.000999999999976353" classname="CNSIM_datachk" name="Check_CNSIM_dataset"/>
    <testcase time="0.00199999999995271" classname="CNSIM_datachk" name="Check_CNSIM_dataset"/>
    <testcase time="0.00100000000009004" classname="CNSIM_datachk" name="Check_CNSIM_dataset"/>
    <testcase time="0.107999999999947" classname="CNSIM_datachk" name="Check_CNSIM_dataset"/>
    <testcase time="0.00200000000006639" classname="CNSIM_datachk" name="Check_CNSIM_dataset"/>
    <testcase time="0.000999999999976353" classname="CNSIM_datachk" name="Check_CNSIM_dataset"/>
    <testcase time="0.00199999999995271" classname="CNSIM_datachk" name="Check_CNSIM_dataset"/>
    <testcase time="0.00200000000006639" classname="CNSIM_datachk" name="Check_CNSIM_dataset"/>
    <testcase time="0.000999999999976353" classname="CNSIM_datachk" name="Check_CNSIM_dataset"/>
    <testcase time="0.00199999999995271" classname="CNSIM_datachk" name="Check_CNSIM_dataset"/>
    <testcase time="0.0810000000000173" classname="CNSIM_datachk" name="Check_CNSIM_dataset"/>
    <testcase time="0.00199999999995271" classname="CNSIM_datachk" name="Check_CNSIM_dataset"/>
    <testcase time="0.00200000000006639" classname="CNSIM_datachk" name="Check_CNSIM_dataset"/>
    <testcase time="0.000999999999976353" classname="CNSIM_datachk" name="Check_CNSIM_dataset"/>
    <testcase time="0.00199999999995271" classname="CNSIM_datachk" name="Check_CNSIM_dataset"/>
    <testcase time="0.00200000000006639" classname="CNSIM_datachk" name="Check_CNSIM_dataset"/>
    <testcase time="0.000999999999976353" classname="CNSIM_datachk" name="Check_CNSIM_dataset"/>
    <testcase time="0.0430000000000064" classname="CNSIM_datachk" name="Check_CNSIM_dataset"/>
    <testcase time="0.00199999999995271" classname="CNSIM_datachk" name="Check_CNSIM_dataset"/>
    <testcase time="0.00100000000009004" classname="CNSIM_datachk" name="Check_CNSIM_dataset"/>
    <testcase time="0.00199999999995271" classname="CNSIM_datachk" name="Check_CNSIM_dataset"/>
    <testcase time="0.00200000000006639" classname="CNSIM_datachk" name="Check_CNSIM_dataset"/>
    <testcase time="0.000999999999976353" classname="CNSIM_datachk" name="Check_CNSIM_dataset"/>
    <testcase time="0.00199999999995271" classname="CNSIM_datachk" name="Check_CNSIM_dataset"/>
    <testcase time="0.0080000000000382" classname="CNSIM_datachk" name="Check_CNSIM_dataset"/>
    <testcase time="0.00199999999995271" classname="CNSIM_datachk" name="Check_CNSIM_dataset"/>
    <testcase time="0.106999999999971" classname="CNSIM_datachk" name="Check_CNSIM_dataset"/>
    <testcase time="0.00200000000006639" classname="CNSIM_datachk" name="Check_CNSIM_dataset"/>
    <testcase time="0.00199999999995271" classname="CNSIM_datachk" name="Check_CNSIM_dataset"/>
    <testcase time="0.00100000000009004" classname="CNSIM_datachk" name="Check_CNSIM_dataset"/>
    <testcase time="0.00199999999995271" classname="CNSIM_datachk" name="Check_CNSIM_dataset"/>
    <testcase time="0.00199999999995271" classname="CNSIM_datachk" name="Check_CNSIM_dataset"/>
    <testcase time="0.00200000000006639" classname="CNSIM_datachk" name="Check_CNSIM_dataset"/>
    <testcase time="0.0879999999999654" classname="CNSIM_datachk" name="Check_CNSIM_dataset"/>
    <testcase time="0.00199999999995271" classname="CNSIM_datachk" name="Check_CNSIM_dataset"/>
    <testcase time="0.00200000000006639" classname="CNSIM_datachk" name="Check_CNSIM_dataset"/>
    <testcase time="0.00199999999995271" classname="CNSIM_datachk" name="Check_CNSIM_dataset"/>
    <testcase time="0.00200000000006639" classname="CNSIM_datachk" name="Check_CNSIM_dataset"/>
    <testcase time="0.000999999999976353" classname="CNSIM_datachk" name="Check_CNSIM_dataset"/>
    <testcase time="0.00199999999995271" classname="CNSIM_datachk" name="Check_CNSIM_dataset"/>
    <testcase time="0.0450000000000728" classname="CNSIM_datachk" name="Check_CNSIM_dataset"/>
    <testcase time="0.00199999999995271" classname="CNSIM_datachk" name="Check_CNSIM_dataset"/>
    <testcase time="0.000999999999976353" classname="CNSIM_datachk" name="Check_CNSIM_dataset"/>
    <testcase time="0.00200000000006639" classname="CNSIM_datachk" name="Check_CNSIM_dataset"/>
    <testcase time="0.00199999999995271" classname="CNSIM_datachk" name="Check_CNSIM_dataset"/>
    <testcase time="0.00200000000006639" classname="CNSIM_datachk" name="Check_CNSIM_dataset"/>
    <testcase time="0.00199999999995271" classname="CNSIM_datachk" name="Check_CNSIM_dataset"/>
    <testcase time="0.000999999999976353" classname="CNSIM_datachk" name="Check_CNSIM_dataset"/>
    <testcase time="0.00200000000006639" classname="CNSIM_datachk" name="Check_CNSIM_dataset"/>
    <testcase time="0.128999999999905" classname="CNSIM_datachk" name="Check_CNSIM_dataset"/>
    <testcase time="0.00200000000006639" classname="CNSIM_datachk" name="Check_CNSIM_dataset"/>
    <testcase time="0.00199999999995271" classname="CNSIM_datachk" name="Check_CNSIM_dataset"/>
    <testcase time="0.00200000000006639" classname="CNSIM_datachk" name="Check_CNSIM_dataset"/>
    <testcase time="0.000999999999976353" classname="CNSIM_datachk" name="Check_CNSIM_dataset"/>
    <testcase time="0.00199999999995271" classname="CNSIM_datachk" name="Check_CNSIM_dataset"/>
    <testcase time="0.00200000000006639" classname="CNSIM_datachk" name="Check_CNSIM_dataset"/>
    <testcase time="0.127999999999929" classname="CNSIM_datachk" name="Check_CNSIM_dataset"/>
    <testcase time="0.00300000000004275" classname="CNSIM_datachk" name="Check_CNSIM_dataset"/>
    <testcase time="0.00199999999995271" classname="CNSIM_datachk" name="Check_CNSIM_dataset"/>
    <testcase time="0.00100000000009004" classname="CNSIM_datachk" name="Check_CNSIM_dataset"/>
    <testcase time="0.00199999999995271" classname="CNSIM_datachk" name="Check_CNSIM_dataset"/>
    <testcase time="0.00199999999995271" classname="CNSIM_datachk" name="Check_CNSIM_dataset"/>
    <testcase time="0.00200000000006639" classname="CNSIM_datachk" name="Check_CNSIM_dataset"/>
    <testcase time="0.0470000000000255" classname="CNSIM_datachk" name="Check_CNSIM_dataset"/>
    <testcase time="0.00199999999995271" classname="CNSIM_datachk" name="Check_CNSIM_dataset"/>
    <testcase time="0.00199999999995271" classname="CNSIM_datachk" name="Check_CNSIM_dataset"/>
    <testcase time="0.00200000000006639" classname="CNSIM_datachk" name="Check_CNSIM_dataset"/>
    <testcase time="0.000999999999976353" classname="CNSIM_datachk" name="Check_CNSIM_dataset"/>
    <testcase time="0.00200000000006639" classname="CNSIM_datachk" name="Check_CNSIM_dataset"/>
    <testcase time="0.00199999999995271" classname="CNSIM_datachk" name="Check_CNSIM_dataset"/>
    <testcase time="0.00199999999995271" classname="CNSIM_datachk" name="Check_CNSIM_dataset"/>
    <testcase time="0.00200000000006639" classname="CNSIM_datachk" name="Check_CNSIM_dataset"/>
    <testcase time="0.112999999999943" classname="CNSIM_datachk" name="Check_CNSIM_dataset"/>
    <testcase time="0.00200000000006639" classname="CNSIM_datachk" name="Check_CNSIM_dataset"/>
    <testcase time="0.00199999999995271" classname="CNSIM_datachk" name="Check_CNSIM_dataset"/>
    <testcase time="0.00200000000006639" classname="CNSIM_datachk" name="Check_CNSIM_dataset"/>
    <testcase time="0.000999999999976353" classname="CNSIM_datachk" name="Check_CNSIM_dataset"/>
    <testcase time="0.00199999999995271" classname="CNSIM_datachk" name="Check_CNSIM_dataset"/>
    <testcase time="0.00200000000006639" classname="CNSIM_datachk" name="Check_CNSIM_dataset"/>
    <testcase time="0.0809999999999036" classname="CNSIM_datachk" name="Check_CNSIM_dataset"/>
    <testcase time="0.00200000000006639" classname="CNSIM_datachk" name="Check_CNSIM_dataset"/>
    <testcase time="0.00199999999995271" classname="CNSIM_datachk" name="Check_CNSIM_dataset"/>
    <testcase time="0.00200000000006639" classname="CNSIM_datachk" name="Check_CNSIM_dataset"/>
    <testcase time="0.00199999999995271" classname="CNSIM_datachk" name="Check_CNSIM_dataset"/>
    <testcase time="0.00199999999995271" classname="CNSIM_datachk" name="Check_CNSIM_dataset"/>
    <testcase time="0.00200000000006639" classname="CNSIM_datachk" name="Check_CNSIM_dataset"/>
    <testcase time="0.04099999999994" classname="CNSIM_datachk" name="Check_CNSIM_dataset"/>
    <testcase time="0.00200000000006639" classname="CNSIM_datachk" name="Check_CNSIM_dataset"/>
    <testcase time="0.00199999999995271" classname="CNSIM_datachk" name="Check_CNSIM_dataset"/>
    <testcase time="0.00200000000006639" classname="CNSIM_datachk" name="Check_CNSIM_dataset"/>
    <testcase time="0.00199999999995271" classname="CNSIM_datachk" name="Check_CNSIM_dataset"/>
    <testcase time="0.00199999999995271" classname="CNSIM_datachk" name="Check_CNSIM_dataset"/>
    <testcase time="0.00200000000006639" classname="CNSIM_datachk" name="Check_CNSIM_dataset"/>
    <testcase time="0.00199999999995271" classname="CNSIM_datachk" name="Check_CNSIM_dataset"/>
    <testcase time="0.00100000000009004" classname="CNSIM_datachk" name="Check_CNSIM_dataset"/>
    <testcase time="0.1099999999999" classname="CNSIM_datachk" name="Check_CNSIM_dataset"/>
    <testcase time="0.00300000000004275" classname="CNSIM_datachk" name="Check_CNSIM_dataset"/>
    <testcase time="0.00199999999995271" classname="CNSIM_datachk" name="Check_CNSIM_dataset"/>
    <testcase time="0.00100000000009004" classname="CNSIM_datachk" name="Check_CNSIM_dataset"/>
    <testcase time="0.00900000000001455" classname="CNSIM_datachk" name="Check_CNSIM_dataset"/>
    <testcase time="0.00199999999995271" classname="CNSIM_datachk" name="Check_CNSIM_dataset"/>
    <testcase time="0.00199999999995271" classname="CNSIM_datachk" name="Check_CNSIM_dataset"/>
    <testcase time="0.08400000000006" classname="CNSIM_datachk" name="Check_CNSIM_dataset"/>
    <testcase time="0.00199999999995271" classname="CNSIM_datachk" name="Check_CNSIM_dataset"/>
    <testcase time="0.00200000000006639" classname="CNSIM_datachk" name="Check_CNSIM_dataset"/>
    <testcase time="0.00199999999995271" classname="CNSIM_datachk" name="Check_CNSIM_dataset"/>
    <testcase time="0.00200000000006639" classname="CNSIM_datachk" name="Check_CNSIM_dataset"/>
    <testcase time="0.00199999999995271" classname="CNSIM_datachk" name="Check_CNSIM_dataset"/>
    <testcase time="0.00199999999995271" classname="CNSIM_datachk" name="Check_CNSIM_dataset"/>
    <testcase time="0.0450000000000728" classname="CNSIM_datachk" name="Check_CNSIM_dataset"/>
    <testcase time="0.00299999999992906" classname="CNSIM_datachk" name="Check_CNSIM_dataset"/>
    <testcase time="0.0040000000000191" classname="CNSIM_datachk" name="Check_CNSIM_dataset"/>
    <testcase time="0.00300000000004275" classname="CNSIM_datachk" name="Check_CNSIM_dataset"/>
    <testcase time="0.00199999999995271" classname="CNSIM_datachk" name="Check_CNSIM_dataset"/>
    <testcase time="0.00200000000006639" classname="CNSIM_datachk" name="Check_CNSIM_dataset"/>
    <testcase time="0.00199999999995271" classname="CNSIM_datachk" name="Check_CNSIM_dataset"/>
    <testcase time="0.00199999999995271" classname="CNSIM_datachk" name="Check_CNSIM_dataset"/>
    <testcase time="0.00200000000006639" classname="CNSIM_datachk" name="Check_CNSIM_dataset"/>
    <testcase time="0.116999999999962" classname="CNSIM_datachk" name="Check_CNSIM_dataset"/>
    <testcase time="0.00300000000004275" classname="CNSIM_datachk" name="Check_CNSIM_dataset"/>
    <testcase time="0.00199999999995271" classname="CNSIM_datachk" name="Check_CNSIM_dataset"/>
    <testcase time="0.00200000000006639" classname="CNSIM_datachk" name="Check_CNSIM_dataset"/>
    <testcase time="0.00199999999995271" classname="CNSIM_datachk" name="Check_CNSIM_dataset"/>
    <testcase time="0.00199999999995271" classname="CNSIM_datachk" name="Check_CNSIM_dataset"/>
    <testcase time="0.00200000000006639" classname="CNSIM_datachk" name="Check_CNSIM_dataset"/>
    <testcase time="0.0860000000000127" classname="CNSIM_datachk" name="Check_CNSIM_dataset"/>
    <testcase time="0.00199999999995271" classname="CNSIM_datachk" name="Check_CNSIM_dataset"/>
    <testcase time="0.00200000000006639" classname="CNSIM_datachk" name="Check_CNSIM_dataset"/>
    <testcase time="0.00199999999995271" classname="CNSIM_datachk" name="Check_CNSIM_dataset"/>
    <testcase time="0.00199999999995271" classname="CNSIM_datachk" name="Check_CNSIM_dataset"/>
    <testcase time="0.00200000000006639" classname="CNSIM_datachk" name="Check_CNSIM_dataset"/>
    <testcase time="0.00199999999995271" classname="CNSIM_datachk" name="Check_CNSIM_dataset"/>
    <testcase time="0.04200000000003" classname="CNSIM_datachk" name="Check_CNSIM_dataset"/>
    <testcase time="0.00300000000004275" classname="CNSIM_datachk" name="Check_CNSIM_dataset"/>
    <testcase time="0.00199999999995271" classname="CNSIM_datachk" name="Check_CNSIM_dataset"/>
    <testcase time="0.00199999999995271" classname="CNSIM_datachk" name="Check_CNSIM_dataset"/>
    <testcase time="0.00200000000006639" classname="CNSIM_datachk" name="Check_CNSIM_dataset"/>
    <testcase time="0.00199999999995271" classname="CNSIM_datachk" name="Check_CNSIM_dataset"/>
    <testcase time="0.00200000000006639" classname="CNSIM_datachk" name="Check_CNSIM_dataset"/>
    <testcase time="0.00199999999995271" classname="CNSIM_datachk" name="Check_CNSIM_dataset"/>
    <testcase time="0.00200000000006639" classname="CNSIM_datachk" name="Check_CNSIM_dataset"/>
    <testcase time="0.104999999999905" classname="CNSIM_datachk" name="Check_CNSIM_dataset"/>
    <testcase time="0.00200000000006639" classname="CNSIM_datachk" name="Check_CNSIM_dataset"/>
    <testcase time="0.00199999999995271" classname="CNSIM_datachk" name="Check_CNSIM_dataset"/>
    <testcase time="0.00200000000006639" classname="CNSIM_datachk" name="Check_CNSIM_dataset"/>
    <testcase time="0.00199999999995271" classname="CNSIM_datachk" name="Check_CNSIM_dataset"/>
    <testcase time="0.00199999999995271" classname="CNSIM_datachk" name="Check_CNSIM_dataset"/>
    <testcase time="0.00300000000004275" classname="CNSIM_datachk" name="Check_CNSIM_dataset"/>
    <testcase time="0.0869999999999891" classname="CNSIM_datachk" name="Check_CNSIM_dataset"/>
    <testcase time="0.00200000000006639" classname="CNSIM_datachk" name="Check_CNSIM_dataset"/>
    <testcase time="0.00299999999992906" classname="CNSIM_datachk" name="Check_CNSIM_dataset"/>
    <testcase time="0.00200000000006639" classname="CNSIM_datachk" name="Check_CNSIM_dataset"/>
    <testcase time="0.00199999999995271" classname="CNSIM_datachk" name="Check_CNSIM_dataset"/>
    <testcase time="0.00199999999995271" classname="CNSIM_datachk" name="Check_CNSIM_dataset"/>
    <testcase time="0.00200000000006639" classname="CNSIM_datachk" name="Check_CNSIM_dataset"/>
    <testcase time="0.04200000000003" classname="CNSIM_datachk" name="Check_CNSIM_dataset"/>
    <testcase time="0.00199999999995271" classname="CNSIM_datachk" name="Check_CNSIM_dataset"/>
    <testcase time="0.00199999999995271" classname="CNSIM_datachk" name="Check_CNSIM_dataset"/>
    <testcase time="0.00200000000006639" classname="CNSIM_datachk" name="Check_CNSIM_dataset"/>
    <testcase time="0.00300000000004275" classname="CNSIM_datachk" name="Check_CNSIM_dataset"/>
    <testcase time="0.00199999999995271" classname="CNSIM_datachk" name="Check_CNSIM_dataset"/>
    <testcase time="0.00199999999995271" classname="CNSIM_datachk" name="Check_CNSIM_dataset"/>
    <testcase time="0.00200000000006639" classname="CNSIM_datachk" name="Check_CNSIM_dataset"/>
    <testcase time="0.00199999999995271" classname="CNSIM_datachk" name="Check_CNSIM_dataset"/>
    <testcase time="0.105000000000018" classname="CNSIM_datachk" name="Check_CNSIM_dataset"/>
    <testcase time="0.00300000000004275" classname="CNSIM_datachk" name="Check_CNSIM_dataset"/>
    <testcase time="0.00199999999995271" classname="CNSIM_datachk" name="Check_CNSIM_dataset"/>
    <testcase time="0.00199999999995271" classname="CNSIM_datachk" name="Check_CNSIM_dataset"/>
    <testcase time="0.00200000000006639" classname="CNSIM_datachk" name="Check_CNSIM_dataset"/>
    <testcase time="0.00199999999995271" classname="CNSIM_datachk" name="Check_CNSIM_dataset"/>
    <testcase time="0.00300000000004275" classname="CNSIM_datachk" name="Check_CNSIM_dataset"/>
  </testsuite>
  <testsuite name="CNSIM::datachk::shutdown" timestamp="2025-10-28T12:29:23Z" hostname="runnervmwhb2z" tests="3" skipped="0" failures="0" errors="0" time="0.055">
    <testcase time="0.0459999999999354" classname="CNSIM_datachk_shutdown" name="shutdown"/>
    <testcase time="0.00200000000006639" classname="CNSIM_datachk_shutdown" name="shutdown"/>
    <testcase time="0.00699999999994816" classname="CNSIM_datachk_shutdown" name="shutdown"/>
  </testsuite>
  <testsuite name="CNSIM::datachk::done" timestamp="2025-10-28T12:29:23Z" hostname="runnervmwhb2z" tests="0" skipped="0" failures="0" errors="0" time="0"/>
  <testsuite name="datachk-DISCORDANT" timestamp="2025-10-28T12:29:23Z" hostname="runnervmwhb2z" tests="0" skipped="0" failures="0" errors="0" time="0"/>
  <testsuite name="DISCORDANT::datachk::setup" timestamp="2025-10-28T12:29:23Z" hostname="runnervmwhb2z" tests="3" skipped="0" failures="0" errors="0" time="7.296">
    <testcase time="7.29300000000001" classname="DISCORDANT_datachk_setup" name="setup"/>
    <testcase time="0.00100000000009004" classname="DISCORDANT_datachk_setup" name="setup"/>
    <testcase time="0.00199999999995271" classname="DISCORDANT_datachk_setup" name="setup"/>
  </testsuite>
  <testsuite name="DISCORDANT::datachk" timestamp="2025-10-28T12:29:30Z" hostname="runnervmwhb2z" tests="70" skipped="0" failures="0" errors="0" time="0.682">
    <testcase time="0.0839999999999463" classname="DISCORDANT_datachk" name="Check_DISCORDANT_dataset"/>
    <testcase time="0.00100000000009004" classname="DISCORDANT_datachk" name="Check_DISCORDANT_dataset"/>
    <testcase time="0.00299999999992906" classname="DISCORDANT_datachk" name="Check_DISCORDANT_dataset"/>
    <testcase time="0.00200000000006639" classname="DISCORDANT_datachk" name="Check_DISCORDANT_dataset"/>
    <testcase time="0.00199999999995271" classname="DISCORDANT_datachk" name="Check_DISCORDANT_dataset"/>
    <testcase time="0.000999999999976353" classname="DISCORDANT_datachk" name="Check_DISCORDANT_dataset"/>
    <testcase time="0.00300000000004275" classname="DISCORDANT_datachk" name="Check_DISCORDANT_dataset"/>
    <testcase time="0.04200000000003" classname="DISCORDANT_datachk" name="Check_DISCORDANT_dataset"/>
    <testcase time="0.00199999999995271" classname="DISCORDANT_datachk" name="Check_DISCORDANT_dataset"/>
    <testcase time="0.000999999999976353" classname="DISCORDANT_datachk" name="Check_DISCORDANT_dataset"/>
    <testcase time="0.000999999999976353" classname="DISCORDANT_datachk" name="Check_DISCORDANT_dataset"/>
    <testcase time="0.00200000000006639" classname="DISCORDANT_datachk" name="Check_DISCORDANT_dataset"/>
    <testcase time="0.000999999999976353" classname="DISCORDANT_datachk" name="Check_DISCORDANT_dataset"/>
    <testcase time="0.000999999999976353" classname="DISCORDANT_datachk" name="Check_DISCORDANT_dataset"/>
    <testcase time="0.00100000000009004" classname="DISCORDANT_datachk" name="Check_DISCORDANT_dataset"/>
    <testcase time="0.115999999999985" classname="DISCORDANT_datachk" name="Check_DISCORDANT_dataset"/>
    <testcase time="0.000999999999976353" classname="DISCORDANT_datachk" name="Check_DISCORDANT_dataset"/>
    <testcase time="0.00199999999995271" classname="DISCORDANT_datachk" name="Check_DISCORDANT_dataset"/>
    <testcase time="0.000999999999976353" classname="DISCORDANT_datachk" name="Check_DISCORDANT_dataset"/>
    <testcase time="0.00100000000009004" classname="DISCORDANT_datachk" name="Check_DISCORDANT_dataset"/>
    <testcase time="0.00199999999995271" classname="DISCORDANT_datachk" name="Check_DISCORDANT_dataset"/>
    <testcase time="0.000999999999976353" classname="DISCORDANT_datachk" name="Check_DISCORDANT_dataset"/>
    <testcase time="0.0300000000000864" classname="DISCORDANT_datachk" name="Check_DISCORDANT_dataset"/>
    <testcase time="0.000999999999976353" classname="DISCORDANT_datachk" name="Check_DISCORDANT_dataset"/>
    <testcase time="0.00199999999995271" classname="DISCORDANT_datachk" name="Check_DISCORDANT_dataset"/>
    <testcase time="0.02800000000002" classname="DISCORDANT_datachk" name="Check_DISCORDANT_dataset"/>
    <testcase time="0.00199999999995271" classname="DISCORDANT_datachk" name="Check_DISCORDANT_dataset"/>
    <testcase time="0.00100000000009004" classname="DISCORDANT_datachk" name="Check_DISCORDANT_dataset"/>
    <testcase time="0.0190000000000055" classname="DISCORDANT_datachk" name="Check_DISCORDANT_dataset"/>
    <testcase time="0.04099999999994" classname="DISCORDANT_datachk" name="Check_DISCORDANT_dataset"/>
    <testcase time="0.000999999999976353" classname="DISCORDANT_datachk" name="Check_DISCORDANT_dataset"/>
    <testcase time="0.00200000000006639" classname="DISCORDANT_datachk" name="Check_DISCORDANT_dataset"/>
    <testcase time="0.000999999999976353" classname="DISCORDANT_datachk" name="Check_DISCORDANT_dataset"/>
    <testcase time="0.000999999999976353" classname="DISCORDANT_datachk" name="Check_DISCORDANT_dataset"/>
    <testcase time="0.00200000000006639" classname="DISCORDANT_datachk" name="Check_DISCORDANT_dataset"/>
    <testcase time="0.000999999999976353" classname="DISCORDANT_datachk" name="Check_DISCORDANT_dataset"/>
    <testcase time="0.000999999999976353" classname="DISCORDANT_datachk" name="Check_DISCORDANT_dataset"/>
    <testcase time="0.00199999999995271" classname="DISCORDANT_datachk" name="Check_DISCORDANT_dataset"/>
    <testcase time="0.0300000000000864" classname="DISCORDANT_datachk" name="Check_DISCORDANT_dataset"/>
    <testcase time="0.000999999999976353" classname="DISCORDANT_datachk" name="Check_DISCORDANT_dataset"/>
    <testcase time="0.00199999999995271" classname="DISCORDANT_datachk" name="Check_DISCORDANT_dataset"/>
    <testcase time="0.0190000000000055" classname="DISCORDANT_datachk" name="Check_DISCORDANT_dataset"/>
    <testcase time="0.02800000000002" classname="DISCORDANT_datachk" name="Check_DISCORDANT_dataset"/>
    <testcase time="0.000999999999976353" classname="DISCORDANT_datachk" name="Check_DISCORDANT_dataset"/>
    <testcase time="0.00200000000006639" classname="DISCORDANT_datachk" name="Check_DISCORDANT_dataset"/>
    <testcase time="0.0469999999999118" classname="DISCORDANT_datachk" name="Check_DISCORDANT_dataset"/>
    <testcase time="0.00100000000009004" classname="DISCORDANT_datachk" name="Check_DISCORDANT_dataset"/>
    <testcase time="0.00199999999995271" classname="DISCORDANT_datachk" name="Check_DISCORDANT_dataset"/>
    <testcase time="0.000999999999976353" classname="DISCORDANT_datachk" name="Check_DISCORDANT_dataset"/>
    <testcase time="0.00200000000006639" classname="DISCORDANT_datachk" name="Check_DISCORDANT_dataset"/>
    <testcase time="0.000999999999976353" classname="DISCORDANT_datachk" name="Check_DISCORDANT_dataset"/>
    <testcase time="0.000999999999976353" classname="DISCORDANT_datachk" name="Check_DISCORDANT_dataset"/>
    <testcase time="0.00199999999995271" classname="DISCORDANT_datachk" name="Check_DISCORDANT_dataset"/>
    <testcase time="0.00100000000009004" classname="DISCORDANT_datachk" name="Check_DISCORDANT_dataset"/>
    <testcase time="0.0190000000000055" classname="DISCORDANT_datachk" name="Check_DISCORDANT_dataset"/>
    <testcase time="0.0279999999999063" classname="DISCORDANT_datachk" name="Check_DISCORDANT_dataset"/>
    <testcase time="0.00200000000006639" classname="DISCORDANT_datachk" name="Check_DISCORDANT_dataset"/>
    <testcase time="0.000999999999976353" classname="DISCORDANT_datachk" name="Check_DISCORDANT_dataset"/>
    <testcase time="0.0299999999999727" classname="DISCORDANT_datachk" name="Check_DISCORDANT_dataset"/>
    <testcase time="0.00100000000009004" classname="DISCORDANT_datachk" name="Check_DISCORDANT_dataset"/>
    <testcase time="0.00199999999995271" classname="DISCORDANT_datachk" name="Check_DISCORDANT_dataset"/>
    <testcase time="0.04099999999994" classname="DISCORDANT_datachk" name="Check_DISCORDANT_dataset"/>
    <testcase time="0.00100000000009004" classname="DISCORDANT_datachk" name="Check_DISCORDANT_dataset"/>
    <testcase time="0.00199999999995271" classname="DISCORDANT_datachk" name="Check_DISCORDANT_dataset"/>
    <testcase time="0.000999999999976353" classname="DISCORDANT_datachk" name="Check_DISCORDANT_dataset"/>
    <testcase time="0.00100000000009004" classname="DISCORDANT_datachk" name="Check_DISCORDANT_dataset"/>
    <testcase time="0.00199999999995271" classname="DISCORDANT_datachk" name="Check_DISCORDANT_dataset"/>
    <testcase time="0.000999999999976353" classname="DISCORDANT_datachk" name="Check_DISCORDANT_dataset"/>
    <testcase time="0.00200000000006639" classname="DISCORDANT_datachk" name="Check_DISCORDANT_dataset"/>
    <testcase time="0.000999999999976353" classname="DISCORDANT_datachk" name="Check_DISCORDANT_dataset"/>
  </testsuite>
  <testsuite name="DISCORDANT::datachk::shutdown" timestamp="2025-10-28T12:29:31Z" hostname="runnervmwhb2z" tests="3" skipped="0" failures="0" errors="0" time="0.048">
    <testcase time="0.0459999999999354" classname="DISCORDANT_datachk_shutdown" name="shutdown"/>
    <testcase time="0.00100000000009004" classname="DISCORDANT_datachk_shutdown" name="shutdown"/>
    <testcase time="0.000999999999976353" classname="DISCORDANT_datachk_shutdown" name="shutdown"/>
  </testsuite>
  <testsuite name="DISCORDANT::datachk::done" timestamp="2025-10-28T12:29:31Z" hostname="runnervmwhb2z" tests="0" skipped="0" failures="0" errors="0" time="0"/>
  <testsuite name="datachk-DNSIM" timestamp="2025-10-28T12:29:31Z" hostname="runnervmwhb2z" tests="0" skipped="0" failures="0" errors="0" time="0"/>
  <testsuite name="DASIM::datachk::setup" timestamp="2025-10-28T12:29:31Z" hostname="runnervmwhb2z" tests="3" skipped="0" failures="0" errors="0" time="7.329">
    <testcase time="7.32600000000002" classname="DASIM_datachk_setup" name="setup"/>
    <testcase time="0.000999999999976353" classname="DASIM_datachk_setup" name="setup"/>
    <testcase time="0.00199999999995271" classname="DASIM_datachk_setup" name="setup"/>
  </testsuite>
  <testsuite name="DASIM::datachk" timestamp="2025-10-28T12:29:38Z" hostname="runnervmwhb2z" tests="182" skipped="0" failures="0" errors="0" time="1.754">
    <testcase time="0.08299999999997" classname="DASIM_datachk" name="Check_DASIM_dataset"/>
    <testcase time="0.00200000000006639" classname="DASIM_datachk" name="Check_DASIM_dataset"/>
    <testcase time="0.00300000000004275" classname="DASIM_datachk" name="Check_DASIM_dataset"/>
    <testcase time="0.000999999999976353" classname="DASIM_datachk" name="Check_DASIM_dataset"/>
    <testcase time="0.00299999999992906" classname="DASIM_datachk" name="Check_DASIM_dataset"/>
    <testcase time="0.00100000000009004" classname="DASIM_datachk" name="Check_DASIM_dataset"/>
    <testcase time="0.00299999999992906" classname="DASIM_datachk" name="Check_DASIM_dataset"/>
    <testcase time="0.0410000000000537" classname="DASIM_datachk" name="Check_DASIM_dataset"/>
    <testcase time="0.000999999999976353" classname="DASIM_datachk" name="Check_DASIM_dataset"/>
    <testcase time="0.00199999999995271" classname="DASIM_datachk" name="Check_DASIM_dataset"/>
    <testcase time="0.00100000000009004" classname="DASIM_datachk" name="Check_DASIM_dataset"/>
    <testcase time="0.000999999999976353" classname="DASIM_datachk" name="Check_DASIM_dataset"/>
    <testcase time="0.00199999999995271" classname="DASIM_datachk" name="Check_DASIM_dataset"/>
    <testcase time="0.000999999999976353" classname="DASIM_datachk" name="Check_DASIM_dataset"/>
    <testcase time="0.0080000000000382" classname="DASIM_datachk" name="Check_DASIM_dataset"/>
    <testcase time="0.105000000000018" classname="DASIM_datachk" name="Check_DASIM_dataset"/>
    <testcase time="0.000999999999976353" classname="DASIM_datachk" name="Check_DASIM_dataset"/>
    <testcase time="0.00199999999995271" classname="DASIM_datachk" name="Check_DASIM_dataset"/>
    <testcase time="0.00100000000009004" classname="DASIM_datachk" name="Check_DASIM_dataset"/>
    <testcase time="0.000999999999976353" classname="DASIM_datachk" name="Check_DASIM_dataset"/>
    <testcase time="0.00199999999995271" classname="DASIM_datachk" name="Check_DASIM_dataset"/>
    <testcase time="0.00100000000009004" classname="DASIM_datachk" name="Check_DASIM_dataset"/>
    <testcase time="0.0789999999999509" classname="DASIM_datachk" name="Check_DASIM_dataset"/>
    <testcase time="0.000999999999976353" classname="DASIM_datachk" name="Check_DASIM_dataset"/>
    <testcase time="0.000999999999976353" classname="DASIM_datachk" name="Check_DASIM_dataset"/>
    <testcase time="0.00100000000009004" classname="DASIM_datachk" name="Check_DASIM_dataset"/>
    <testcase time="0.000999999999976353" classname="DASIM_datachk" name="Check_DASIM_dataset"/>
    <testcase time="0.000999999999976353" classname="DASIM_datachk" name="Check_DASIM_dataset"/>
    <testcase time="0.000999999999976353" classname="DASIM_datachk" name="Check_DASIM_dataset"/>
    <testcase time="0.04200000000003" classname="DASIM_datachk" name="Check_DASIM_dataset"/>
    <testcase time="0.000999999999976353" classname="DASIM_datachk" name="Check_DASIM_dataset"/>
    <testcase time="0.00200000000006639" classname="DASIM_datachk" name="Check_DASIM_dataset"/>
    <testcase time="0.000999999999976353" classname="DASIM_datachk" name="Check_DASIM_dataset"/>
    <testcase time="0.00199999999995271" classname="DASIM_datachk" name="Check_DASIM_dataset"/>
    <testcase time="0.00100000000009004" classname="DASIM_datachk" name="Check_DASIM_dataset"/>
    <testcase time="0.000999999999976353" classname="DASIM_datachk" name="Check_DASIM_dataset"/>
    <testcase time="0.00199999999995271" classname="DASIM_datachk" name="Check_DASIM_dataset"/>
    <testcase time="0.000999999999976353" classname="DASIM_datachk" name="Check_DASIM_dataset"/>
    <testcase time="0.0850000000000364" classname="DASIM_datachk" name="Check_DASIM_dataset"/>
    <testcase time="0.000999999999976353" classname="DASIM_datachk" name="Check_DASIM_dataset"/>
    <testcase time="0.00100000000009004" classname="DASIM_datachk" name="Check_DASIM_dataset"/>
    <testcase time="0.00199999999995271" classname="DASIM_datachk" name="Check_DASIM_dataset"/>
    <testcase time="0.000999999999976353" classname="DASIM_datachk" name="Check_DASIM_dataset"/>
    <testcase time="0.00200000000006639" classname="DASIM_datachk" name="Check_DASIM_dataset"/>
    <testcase time="0.000999999999976353" classname="DASIM_datachk" name="Check_DASIM_dataset"/>
    <testcase time="0.04099999999994" classname="DASIM_datachk" name="Check_DASIM_dataset"/>
    <testcase time="0.00200000000006639" classname="DASIM_datachk" name="Check_DASIM_dataset"/>
    <testcase time="0.000999999999976353" classname="DASIM_datachk" name="Check_DASIM_dataset"/>
    <testcase time="0.00199999999995271" classname="DASIM_datachk" name="Check_DASIM_dataset"/>
    <testcase time="0.00100000000009004" classname="DASIM_datachk" name="Check_DASIM_dataset"/>
    <testcase time="0.000999999999976353" classname="DASIM_datachk" name="Check_DASIM_dataset"/>
    <testcase time="0.00199999999995271" classname="DASIM_datachk" name="Check_DASIM_dataset"/>
    <testcase time="0.000999999999976353" classname="DASIM_datachk" name="Check_DASIM_dataset"/>
    <testcase time="0.00200000000006639" classname="DASIM_datachk" name="Check_DASIM_dataset"/>
    <testcase time="0.0819999999999936" classname="DASIM_datachk" name="Check_DASIM_dataset"/>
    <testcase time="0.00199999999995271" classname="DASIM_datachk" name="Check_DASIM_dataset"/>
    <testcase time="0.000999999999976353" classname="DASIM_datachk" name="Check_DASIM_dataset"/>
    <testcase time="0.00100000000009004" classname="DASIM_datachk" name="Check_DASIM_dataset"/>
    <testcase time="0.00199999999995271" classname="DASIM_datachk" name="Check_DASIM_dataset"/>
    <testcase time="0.000999999999976353" classname="DASIM_datachk" name="Check_DASIM_dataset"/>
    <testcase time="0.00200000000006639" classname="DASIM_datachk" name="Check_DASIM_dataset"/>
    <testcase time="0.0399999999999636" classname="DASIM_datachk" name="Check_DASIM_dataset"/>
    <testcase time="0.00199999999995271" classname="DASIM_datachk" name="Check_DASIM_dataset"/>
    <testcase time="0.00100000000009004" classname="DASIM_datachk" name="Check_DASIM_dataset"/>
    <testcase time="0.00199999999995271" classname="DASIM_datachk" name="Check_DASIM_dataset"/>
    <testcase time="0.000999999999976353" classname="DASIM_datachk" name="Check_DASIM_dataset"/>
    <testcase time="0.00200000000006639" classname="DASIM_datachk" name="Check_DASIM_dataset"/>
    <testcase time="0.000999999999976353" classname="DASIM_datachk" name="Check_DASIM_dataset"/>
    <testcase time="0.000999999999976353" classname="DASIM_datachk" name="Check_DASIM_dataset"/>
    <testcase time="0.00200000000006639" classname="DASIM_datachk" name="Check_DASIM_dataset"/>
    <testcase time="0.0789999999999509" classname="DASIM_datachk" name="Check_DASIM_dataset"/>
    <testcase time="0.00199999999995271" classname="DASIM_datachk" name="Check_DASIM_dataset"/>
    <testcase time="0.00100000000009004" classname="DASIM_datachk" name="Check_DASIM_dataset"/>
    <testcase time="0.000999999999976353" classname="DASIM_datachk" name="Check_DASIM_dataset"/>
    <testcase time="0.00199999999995271" classname="DASIM_datachk" name="Check_DASIM_dataset"/>
    <testcase time="0.000999999999976353" classname="DASIM_datachk" name="Check_DASIM_dataset"/>
    <testcase time="0.00200000000006639" classname="DASIM_datachk" name="Check_DASIM_dataset"/>
    <testcase time="0.0470000000000255" classname="DASIM_datachk" name="Check_DASIM_dataset"/>
    <testcase time="0.000999999999976353" classname="DASIM_datachk" name="Check_DASIM_dataset"/>
    <testcase time="0.00199999999995271" classname="DASIM_datachk" name="Check_DASIM_dataset"/>
    <testcase time="0.000999999999976353" classname="DASIM_datachk" name="Check_DASIM_dataset"/>
    <testcase time="0.00200000000006639" classname="DASIM_datachk" name="Check_DASIM_dataset"/>
    <testcase time="0.000999999999976353" classname="DASIM_datachk" name="Check_DASIM_dataset"/>
    <testcase time="0.00200000000006639" classname="DASIM_datachk" name="Check_DASIM_dataset"/>
    <testcase time="0.000999999999976353" classname="DASIM_datachk" name="Check_DASIM_dataset"/>
    <testcase time="0.00199999999995271" classname="DASIM_datachk" name="Check_DASIM_dataset"/>
    <testcase time="0.0779999999999745" classname="DASIM_datachk" name="Check_DASIM_dataset"/>
    <testcase time="0.00200000000006639" classname="DASIM_datachk" name="Check_DASIM_dataset"/>
    <testcase time="0.00199999999995271" classname="DASIM_datachk" name="Check_DASIM_dataset"/>
    <testcase time="0.000999999999976353" classname="DASIM_datachk" name="Check_DASIM_dataset"/>
    <testcase time="0.00200000000006639" classname="DASIM_datachk" name="Check_DASIM_dataset"/>
    <testcase time="0.000999999999976353" classname="DASIM_datachk" name="Check_DASIM_dataset"/>
    <testcase time="0.00199999999995271" classname="DASIM_datachk" name="Check_DASIM_dataset"/>
    <testcase time="0.04200000000003" classname="DASIM_datachk" name="Check_DASIM_dataset"/>
    <testcase time="0.00200000000006639" classname="DASIM_datachk" name="Check_DASIM_dataset"/>
    <testcase time="0.000999999999976353" classname="DASIM_datachk" name="Check_DASIM_dataset"/>
    <testcase time="0.00199999999995271" classname="DASIM_datachk" name="Check_DASIM_dataset"/>
    <testcase time="0.000999999999976353" classname="DASIM_datachk" name="Check_DASIM_dataset"/>
    <testcase time="0.00200000000006639" classname="DASIM_datachk" name="Check_DASIM_dataset"/>
    <testcase time="0.00199999999995271" classname="DASIM_datachk" name="Check_DASIM_dataset"/>
    <testcase time="0.000999999999976353" classname="DASIM_datachk" name="Check_DASIM_dataset"/>
    <testcase time="0.00200000000006639" classname="DASIM_datachk" name="Check_DASIM_dataset"/>
    <testcase time="0.0789999999999509" classname="DASIM_datachk" name="Check_DASIM_dataset"/>
    <testcase time="0.00200000000006639" classname="DASIM_datachk" name="Check_DASIM_dataset"/>
    <testcase time="0.000999999999976353" classname="DASIM_datachk" name="Check_DASIM_dataset"/>
    <testcase time="0.00199999999995271" classname="DASIM_datachk" name="Check_DASIM_dataset"/>
    <testcase time="0.00100000000009004" classname="DASIM_datachk" name="Check_DASIM_dataset"/>
    <testcase time="0.00199999999995271" classname="DASIM_datachk" name="Check_DASIM_dataset"/>
    <testcase time="0.00199999999995271" classname="DASIM_datachk" name="Check_DASIM_dataset"/>
    <testcase time="0.0470000000000255" classname="DASIM_datachk" name="Check_DASIM_dataset"/>
    <testcase time="0.00200000000006639" classname="DASIM_datachk" name="Check_DASIM_dataset"/>
    <testcase time="0.000999999999976353" classname="DASIM_datachk" name="Check_DASIM_dataset"/>
    <testcase time="0.00199999999995271" classname="DASIM_datachk" name="Check_DASIM_dataset"/>
    <testcase time="0.00200000000006639" classname="DASIM_datachk" name="Check_DASIM_dataset"/>
    <testcase time="0.000999999999976353" classname="DASIM_datachk" name="Check_DASIM_dataset"/>
    <testcase time="0.00199999999995271" classname="DASIM_datachk" name="Check_DASIM_dataset"/>
    <testcase time="0.00200000000006639" classname="DASIM_datachk" name="Check_DASIM_dataset"/>
    <testcase time="0.000999999999976353" classname="DASIM_datachk" name="Check_DASIM_dataset"/>
    <testcase time="0.0889999999999418" classname="DASIM_datachk" name="Check_DASIM_dataset"/>
    <testcase time="0.00300000000004275" classname="DASIM_datachk" name="Check_DASIM_dataset"/>
    <testcase time="0.00300000000004275" classname="DASIM_datachk" name="Check_DASIM_dataset"/>
    <testcase time="0.00299999999992906" classname="DASIM_datachk" name="Check_DASIM_dataset"/>
    <testcase time="0.00200000000006639" classname="DASIM_datachk" name="Check_DASIM_dataset"/>
    <testcase time="0.00299999999992906" classname="DASIM_datachk" name="Check_DASIM_dataset"/>
    <testcase time="0.00200000000006639" classname="DASIM_datachk" name="Check_DASIM_dataset"/>
    <testcase time="0.0430000000000064" classname="DASIM_datachk" name="Check_DASIM_dataset"/>
    <testcase time="0.00299999999992906" classname="DASIM_datachk" name="Check_DASIM_dataset"/>
    <testcase time="0.00300000000004275" classname="DASIM_datachk" name="Check_DASIM_dataset"/>
    <testcase time="0.00199999999995271" classname="DASIM_datachk" name="Check_DASIM_dataset"/>
    <testcase time="0.00300000000004275" classname="DASIM_datachk" name="Check_DASIM_dataset"/>
    <testcase time="0.00199999999995271" classname="DASIM_datachk" name="Check_DASIM_dataset"/>
    <testcase time="0.00100000000009004" classname="DASIM_datachk" name="Check_DASIM_dataset"/>
    <testcase time="0.00199999999995271" classname="DASIM_datachk" name="Check_DASIM_dataset"/>
    <testcase time="0.00199999999995271" classname="DASIM_datachk" name="Check_DASIM_dataset"/>
    <testcase time="0.08400000000006" classname="DASIM_datachk" name="Check_DASIM_dataset"/>
    <testcase time="0.00199999999995271" classname="DASIM_datachk" name="Check_DASIM_dataset"/>
    <testcase time="0.000999999999976353" classname="DASIM_datachk" name="Check_DASIM_dataset"/>
    <testcase time="0.00200000000006639" classname="DASIM_datachk" name="Check_DASIM_dataset"/>
    <testcase time="0.00199999999995271" classname="DASIM_datachk" name="Check_DASIM_dataset"/>
    <testcase time="0.00100000000009004" classname="DASIM_datachk" name="Check_DASIM_dataset"/>
    <testcase time="0.00199999999995271" classname="DASIM_datachk" name="Check_DASIM_dataset"/>
    <testcase time="0.04099999999994" classname="DASIM_datachk" name="Check_DASIM_dataset"/>
    <testcase time="0.00100000000009004" classname="DASIM_datachk" name="Check_DASIM_dataset"/>
    <testcase time="0.00199999999995271" classname="DASIM_datachk" name="Check_DASIM_dataset"/>
    <testcase time="0.0080000000000382" classname="DASIM_datachk" name="Check_DASIM_dataset"/>
    <testcase time="0.00199999999995271" classname="DASIM_datachk" name="Check_DASIM_dataset"/>
    <testcase time="0.00200000000006639" classname="DASIM_datachk" name="Check_DASIM_dataset"/>
    <testcase time="0.00199999999995271" classname="DASIM_datachk" name="Check_DASIM_dataset"/>
    <testcase time="0.000999999999976353" classname="DASIM_datachk" name="Check_DASIM_dataset"/>
    <testcase time="0.00200000000006639" classname="DASIM_datachk" name="Check_DASIM_dataset"/>
    <testcase time="0.0809999999999036" classname="DASIM_datachk" name="Check_DASIM_dataset"/>
    <testcase time="0.00200000000006639" classname="DASIM_datachk" name="Check_DASIM_dataset"/>
    <testcase time="0.000999999999976353" classname="DASIM_datachk" name="Check_DASIM_dataset"/>
    <testcase time="0.00200000000006639" classname="DASIM_datachk" name="Check_DASIM_dataset"/>
    <testcase time="0.00199999999995271" classname="DASIM_datachk" name="Check_DASIM_dataset"/>
    <testcase time="0.00199999999995271" classname="DASIM_datachk" name="Check_DASIM_dataset"/>
    <testcase time="0.00100000000009004" classname="DASIM_datachk" name="Check_DASIM_dataset"/>
    <testcase time="0.0419999999999163" classname="DASIM_datachk" name="Check_DASIM_dataset"/>
    <testcase time="0.00200000000006639" classname="DASIM_datachk" name="Check_DASIM_dataset"/>
    <testcase time="0.00199999999995271" classname="DASIM_datachk" name="Check_DASIM_dataset"/>
    <testcase time="0.000999999999976353" classname="DASIM_datachk" name="Check_DASIM_dataset"/>
    <testcase time="0.00200000000006639" classname="DASIM_datachk" name="Check_DASIM_dataset"/>
    <testcase time="0.00199999999995271" classname="DASIM_datachk" name="Check_DASIM_dataset"/>
    <testcase time="0.00200000000006639" classname="DASIM_datachk" name="Check_DASIM_dataset"/>
    <testcase time="0.000999999999976353" classname="DASIM_datachk" name="Check_DASIM_dataset"/>
    <testcase time="0.00199999999995271" classname="DASIM_datachk" name="Check_DASIM_dataset"/>
    <testcase time="0.0810000000000173" classname="DASIM_datachk" name="Check_DASIM_dataset"/>
    <testcase time="0.000999999999976353" classname="DASIM_datachk" name="Check_DASIM_dataset"/>
    <testcase time="0.00200000000006639" classname="DASIM_datachk" name="Check_DASIM_dataset"/>
    <testcase time="0.00199999999995271" classname="DASIM_datachk" name="Check_DASIM_dataset"/>
    <testcase time="0.00200000000006639" classname="DASIM_datachk" name="Check_DASIM_dataset"/>
    <testcase time="0.00199999999995271" classname="DASIM_datachk" name="Check_DASIM_dataset"/>
    <testcase time="0.000999999999976353" classname="DASIM_datachk" name="Check_DASIM_dataset"/>
    <testcase time="0.0410000000000537" classname="DASIM_datachk" name="Check_DASIM_dataset"/>
    <testcase time="0.00199999999995271" classname="DASIM_datachk" name="Check_DASIM_dataset"/>
    <testcase time="0.00900000000001455" classname="DASIM_datachk" name="Check_DASIM_dataset"/>
    <testcase time="0.00199999999995271" classname="DASIM_datachk" name="Check_DASIM_dataset"/>
    <testcase time="0.00200000000006639" classname="DASIM_datachk" name="Check_DASIM_dataset"/>
    <testcase time="0.000999999999976353" classname="DASIM_datachk" name="Check_DASIM_dataset"/>
    <testcase time="0.00199999999995271" classname="DASIM_datachk" name="Check_DASIM_dataset"/>
    <testcase time="0.00200000000006639" classname="DASIM_datachk" name="Check_DASIM_dataset"/>
    <testcase time="0.00199999999995271" classname="DASIM_datachk" name="Check_DASIM_dataset"/>
  </testsuite>
  <testsuite name="DASIM::datachk::shutdown" timestamp="2025-10-28T12:29:40Z" hostname="runnervmwhb2z" tests="3" skipped="0" failures="0" errors="0" time="0.048">
    <testcase time="0.0460000000000491" classname="DASIM_datachk_shutdown" name="shutdown"/>
    <testcase time="0.000999999999976353" classname="DASIM_datachk_shutdown" name="shutdown"/>
    <testcase time="0.000999999999976353" classname="DASIM_datachk_shutdown" name="shutdown"/>
  </testsuite>
  <testsuite name="DASIM::datachk::done" timestamp="2025-10-28T12:29:40Z" hostname="runnervmwhb2z" tests="0" skipped="0" failures="0" errors="0" time="0"/>
  <testsuite name="datachk-FACTOR_LEVELS" timestamp="2025-10-28T12:29:40Z" hostname="runnervmwhb2z" tests="0" skipped="0" failures="0" errors="0" time="0"/>
  <testsuite name="FACTOR_LEVELS::datachk::setup" timestamp="2025-10-28T12:29:40Z" hostname="runnervmwhb2z" tests="3" skipped="0" failures="0" errors="0" time="7.561">
    <testcase time="7.55899999999997" classname="FACTOR_LEVELS_datachk_setup" name="setup"/>
    <testcase time="0.00100000000009004" classname="FACTOR_LEVELS_datachk_setup" name="setup"/>
    <testcase time="0.000999999999976353" classname="FACTOR_LEVELS_datachk_setup" name="setup"/>
  </testsuite>
  <testsuite name="FACTOR_LEVELS::datachk" timestamp="2025-10-28T12:29:47Z" hostname="runnervmwhb2z" tests="182" skipped="0" failures="0" errors="0" time="1.818">
    <testcase time="0.0910000000000082" classname="FACTOR_LEVELS_datachk" name="Check_FACTOR_LEVELS_dataset"/>
    <testcase time="0.000999999999976353" classname="FACTOR_LEVELS_datachk" name="Check_FACTOR_LEVELS_dataset"/>
    <testcase time="0.00300000000004275" classname="FACTOR_LEVELS_datachk" name="Check_FACTOR_LEVELS_dataset"/>
    <testcase time="0.000999999999976353" classname="FACTOR_LEVELS_datachk" name="Check_FACTOR_LEVELS_dataset"/>
    <testcase time="0.00300000000004275" classname="FACTOR_LEVELS_datachk" name="Check_FACTOR_LEVELS_dataset"/>
    <testcase time="0.000999999999976353" classname="FACTOR_LEVELS_datachk" name="Check_FACTOR_LEVELS_dataset"/>
    <testcase time="0.00299999999992906" classname="FACTOR_LEVELS_datachk" name="Check_FACTOR_LEVELS_dataset"/>
    <testcase time="0.0480000000000018" classname="FACTOR_LEVELS_datachk" name="Check_FACTOR_LEVELS_dataset"/>
    <testcase time="0.00200000000006639" classname="FACTOR_LEVELS_datachk" name="Check_FACTOR_LEVELS_dataset"/>
    <testcase time="0.000999999999976353" classname="FACTOR_LEVELS_datachk" name="Check_FACTOR_LEVELS_dataset"/>
    <testcase time="0.000999999999976353" classname="FACTOR_LEVELS_datachk" name="Check_FACTOR_LEVELS_dataset"/>
    <testcase time="0.000999999999976353" classname="FACTOR_LEVELS_datachk" name="Check_FACTOR_LEVELS_dataset"/>
    <testcase time="0.00200000000006639" classname="FACTOR_LEVELS_datachk" name="Check_FACTOR_LEVELS_dataset"/>
    <testcase time="0.000999999999976353" classname="FACTOR_LEVELS_datachk" name="Check_FACTOR_LEVELS_dataset"/>
    <testcase time="0.000999999999976353" classname="FACTOR_LEVELS_datachk" name="Check_FACTOR_LEVELS_dataset"/>
    <testcase time="0.111999999999966" classname="FACTOR_LEVELS_datachk" name="Check_FACTOR_LEVELS_dataset"/>
    <testcase time="0.00100000000009004" classname="FACTOR_LEVELS_datachk" name="Check_FACTOR_LEVELS_dataset"/>
    <testcase time="0.00199999999995271" classname="FACTOR_LEVELS_datachk" name="Check_FACTOR_LEVELS_dataset"/>
    <testcase time="0.000999999999976353" classname="FACTOR_LEVELS_datachk" name="Check_FACTOR_LEVELS_dataset"/>
    <testcase time="0.00100000000009004" classname="FACTOR_LEVELS_datachk" name="Check_FACTOR_LEVELS_dataset"/>
    <testcase time="0.00199999999995271" classname="FACTOR_LEVELS_datachk" name="Check_FACTOR_LEVELS_dataset"/>
    <testcase time="0.000999999999976353" classname="FACTOR_LEVELS_datachk" name="Check_FACTOR_LEVELS_dataset"/>
    <testcase time="0.0810000000000173" classname="FACTOR_LEVELS_datachk" name="Check_FACTOR_LEVELS_dataset"/>
    <testcase time="0.00199999999995271" classname="FACTOR_LEVELS_datachk" name="Check_FACTOR_LEVELS_dataset"/>
    <testcase time="0.00100000000009004" classname="FACTOR_LEVELS_datachk" name="Check_FACTOR_LEVELS_dataset"/>
    <testcase time="0.000999999999976353" classname="FACTOR_LEVELS_datachk" name="Check_FACTOR_LEVELS_dataset"/>
    <testcase time="0.00199999999995271" classname="FACTOR_LEVELS_datachk" name="Check_FACTOR_LEVELS_dataset"/>
    <testcase time="0.000999999999976353" classname="FACTOR_LEVELS_datachk" name="Check_FACTOR_LEVELS_dataset"/>
    <testcase time="0.00100000000009004" classname="FACTOR_LEVELS_datachk" name="Check_FACTOR_LEVELS_dataset"/>
    <testcase time="0.04099999999994" classname="FACTOR_LEVELS_datachk" name="Check_FACTOR_LEVELS_dataset"/>
    <testcase time="0.000999999999976353" classname="FACTOR_LEVELS_datachk" name="Check_FACTOR_LEVELS_dataset"/>
    <testcase time="0.00200000000006639" classname="FACTOR_LEVELS_datachk" name="Check_FACTOR_LEVELS_dataset"/>
    <testcase time="0.000999999999976353" classname="FACTOR_LEVELS_datachk" name="Check_FACTOR_LEVELS_dataset"/>
    <testcase time="0.000999999999976353" classname="FACTOR_LEVELS_datachk" name="Check_FACTOR_LEVELS_dataset"/>
    <testcase time="0.00200000000006639" classname="FACTOR_LEVELS_datachk" name="Check_FACTOR_LEVELS_dataset"/>
    <testcase time="0.000999999999976353" classname="FACTOR_LEVELS_datachk" name="Check_FACTOR_LEVELS_dataset"/>
    <testcase time="0.000999999999976353" classname="FACTOR_LEVELS_datachk" name="Check_FACTOR_LEVELS_dataset"/>
    <testcase time="0.00199999999995271" classname="FACTOR_LEVELS_datachk" name="Check_FACTOR_LEVELS_dataset"/>
    <testcase time="0.0920000000000982" classname="FACTOR_LEVELS_datachk" name="Check_FACTOR_LEVELS_dataset"/>
    <testcase time="0.000999999999976353" classname="FACTOR_LEVELS_datachk" name="Check_FACTOR_LEVELS_dataset"/>
    <testcase time="0.000999999999976353" classname="FACTOR_LEVELS_datachk" name="Check_FACTOR_LEVELS_dataset"/>
    <testcase time="0.00199999999995271" classname="FACTOR_LEVELS_datachk" name="Check_FACTOR_LEVELS_dataset"/>
    <testcase time="0.00100000000009004" classname="FACTOR_LEVELS_datachk" name="Check_FACTOR_LEVELS_dataset"/>
    <testcase time="0.000999999999976353" classname="FACTOR_LEVELS_datachk" name="Check_FACTOR_LEVELS_dataset"/>
    <testcase time="0.00199999999995271" classname="FACTOR_LEVELS_datachk" name="Check_FACTOR_LEVELS_dataset"/>
    <testcase time="0.0470000000000255" classname="FACTOR_LEVELS_datachk" name="Check_FACTOR_LEVELS_dataset"/>
    <testcase time="0.00199999999995271" classname="FACTOR_LEVELS_datachk" name="Check_FACTOR_LEVELS_dataset"/>
    <testcase time="0.00100000000009004" classname="FACTOR_LEVELS_datachk" name="Check_FACTOR_LEVELS_dataset"/>
    <testcase time="0.00199999999995271" classname="FACTOR_LEVELS_datachk" name="Check_FACTOR_LEVELS_dataset"/>
    <testcase time="0.000999999999976353" classname="FACTOR_LEVELS_datachk" name="Check_FACTOR_LEVELS_dataset"/>
    <testcase time="0.00100000000009004" classname="FACTOR_LEVELS_datachk" name="Check_FACTOR_LEVELS_dataset"/>
    <testcase time="0.00199999999995271" classname="FACTOR_LEVELS_datachk" name="Check_FACTOR_LEVELS_dataset"/>
    <testcase time="0.000999999999976353" classname="FACTOR_LEVELS_datachk" name="Check_FACTOR_LEVELS_dataset"/>
    <testcase time="0.000999999999976353" classname="FACTOR_LEVELS_datachk" name="Check_FACTOR_LEVELS_dataset"/>
    <testcase time="0.0890000000000555" classname="FACTOR_LEVELS_datachk" name="Check_FACTOR_LEVELS_dataset"/>
    <testcase time="0.00199999999995271" classname="FACTOR_LEVELS_datachk" name="Check_FACTOR_LEVELS_dataset"/>
    <testcase time="0.00300000000004275" classname="FACTOR_LEVELS_datachk" name="Check_FACTOR_LEVELS_dataset"/>
    <testcase time="0.00199999999995271" classname="FACTOR_LEVELS_datachk" name="Check_FACTOR_LEVELS_dataset"/>
    <testcase time="0.00200000000006639" classname="FACTOR_LEVELS_datachk" name="Check_FACTOR_LEVELS_dataset"/>
    <testcase time="0.00199999999995271" classname="FACTOR_LEVELS_datachk" name="Check_FACTOR_LEVELS_dataset"/>
    <testcase time="0.00300000000004275" classname="FACTOR_LEVELS_datachk" name="Check_FACTOR_LEVELS_dataset"/>
    <testcase time="0.0430000000000064" classname="FACTOR_LEVELS_datachk" name="Check_FACTOR_LEVELS_dataset"/>
    <testcase time="0.000999999999976353" classname="FACTOR_LEVELS_datachk" name="Check_FACTOR_LEVELS_dataset"/>
    <testcase time="0.00199999999995271" classname="FACTOR_LEVELS_datachk" name="Check_FACTOR_LEVELS_dataset"/>
    <testcase time="0.00100000000009004" classname="FACTOR_LEVELS_datachk" name="Check_FACTOR_LEVELS_dataset"/>
    <testcase time="0.00199999999995271" classname="FACTOR_LEVELS_datachk" name="Check_FACTOR_LEVELS_dataset"/>
    <testcase time="0.000999999999976353" classname="FACTOR_LEVELS_datachk" name="Check_FACTOR_LEVELS_dataset"/>
    <testcase time="0.00200000000006639" classname="FACTOR_LEVELS_datachk" name="Check_FACTOR_LEVELS_dataset"/>
    <testcase time="0.000999999999976353" classname="FACTOR_LEVELS_datachk" name="Check_FACTOR_LEVELS_dataset"/>
    <testcase time="0.000999999999976353" classname="FACTOR_LEVELS_datachk" name="Check_FACTOR_LEVELS_dataset"/>
    <testcase time="0.0879999999999654" classname="FACTOR_LEVELS_datachk" name="Check_FACTOR_LEVELS_dataset"/>
    <testcase time="0.00200000000006639" classname="FACTOR_LEVELS_datachk" name="Check_FACTOR_LEVELS_dataset"/>
    <testcase time="0.000999999999976353" classname="FACTOR_LEVELS_datachk" name="Check_FACTOR_LEVELS_dataset"/>
    <testcase time="0.00199999999995271" classname="FACTOR_LEVELS_datachk" name="Check_FACTOR_LEVELS_dataset"/>
    <testcase time="0.00100000000009004" classname="FACTOR_LEVELS_datachk" name="Check_FACTOR_LEVELS_dataset"/>
    <testcase time="0.00199999999995271" classname="FACTOR_LEVELS_datachk" name="Check_FACTOR_LEVELS_dataset"/>
    <testcase time="0.000999999999976353" classname="FACTOR_LEVELS_datachk" name="Check_FACTOR_LEVELS_dataset"/>
    <testcase time="0.0410000000000537" classname="FACTOR_LEVELS_datachk" name="Check_FACTOR_LEVELS_dataset"/>
    <testcase time="0.00199999999995271" classname="FACTOR_LEVELS_datachk" name="Check_FACTOR_LEVELS_dataset"/>
    <testcase time="0.00700000000006185" classname="FACTOR_LEVELS_datachk" name="Check_FACTOR_LEVELS_dataset"/>
    <testcase time="0.00199999999995271" classname="FACTOR_LEVELS_datachk" name="Check_FACTOR_LEVELS_dataset"/>
    <testcase time="0.000999999999976353" classname="FACTOR_LEVELS_datachk" name="Check_FACTOR_LEVELS_dataset"/>
    <testcase time="0.00200000000006639" classname="FACTOR_LEVELS_datachk" name="Check_FACTOR_LEVELS_dataset"/>
    <testcase time="0.000999999999976353" classname="FACTOR_LEVELS_datachk" name="Check_FACTOR_LEVELS_dataset"/>
    <testcase time="0.00199999999995271" classname="FACTOR_LEVELS_datachk" name="Check_FACTOR_LEVELS_dataset"/>
    <testcase time="0.000999999999976353" classname="FACTOR_LEVELS_datachk" name="Check_FACTOR_LEVELS_dataset"/>
    <testcase time="0.0890000000000555" classname="FACTOR_LEVELS_datachk" name="Check_FACTOR_LEVELS_dataset"/>
    <testcase time="0.00300000000004275" classname="FACTOR_LEVELS_datachk" name="Check_FACTOR_LEVELS_dataset"/>
    <testcase time="0.00199999999995271" classname="FACTOR_LEVELS_datachk" name="Check_FACTOR_LEVELS_dataset"/>
    <testcase time="0.00199999999995271" classname="FACTOR_LEVELS_datachk" name="Check_FACTOR_LEVELS_dataset"/>
    <testcase time="0.00300000000004275" classname="FACTOR_LEVELS_datachk" name="Check_FACTOR_LEVELS_dataset"/>
    <testcase time="0.00199999999995271" classname="FACTOR_LEVELS_datachk" name="Check_FACTOR_LEVELS_dataset"/>
    <testcase time="0.00100000000009004" classname="FACTOR_LEVELS_datachk" name="Check_FACTOR_LEVELS_dataset"/>
    <testcase time="0.0499999999999545" classname="FACTOR_LEVELS_datachk" name="Check_FACTOR_LEVELS_dataset"/>
    <testcase time="0.00199999999995271" classname="FACTOR_LEVELS_datachk" name="Check_FACTOR_LEVELS_dataset"/>
    <testcase time="0.00300000000004275" classname="FACTOR_LEVELS_datachk" name="Check_FACTOR_LEVELS_dataset"/>
    <testcase time="0.00200000000006639" classname="FACTOR_LEVELS_datachk" name="Check_FACTOR_LEVELS_dataset"/>
    <testcase time="0.00299999999992906" classname="FACTOR_LEVELS_datachk" name="Check_FACTOR_LEVELS_dataset"/>
    <testcase time="0.00200000000006639" classname="FACTOR_LEVELS_datachk" name="Check_FACTOR_LEVELS_dataset"/>
    <testcase time="0.00199999999995271" classname="FACTOR_LEVELS_datachk" name="Check_FACTOR_LEVELS_dataset"/>
    <testcase time="0.000999999999976353" classname="FACTOR_LEVELS_datachk" name="Check_FACTOR_LEVELS_dataset"/>
    <testcase time="0.00200000000006639" classname="FACTOR_LEVELS_datachk" name="Check_FACTOR_LEVELS_dataset"/>
    <testcase time="0.085999999999899" classname="FACTOR_LEVELS_datachk" name="Check_FACTOR_LEVELS_dataset"/>
    <testcase time="0.00200000000006639" classname="FACTOR_LEVELS_datachk" name="Check_FACTOR_LEVELS_dataset"/>
    <testcase time="0.000999999999976353" classname="FACTOR_LEVELS_datachk" name="Check_FACTOR_LEVELS_dataset"/>
    <testcase time="0.00200000000006639" classname="FACTOR_LEVELS_datachk" name="Check_FACTOR_LEVELS_dataset"/>
    <testcase time="0.000999999999976353" classname="FACTOR_LEVELS_datachk" name="Check_FACTOR_LEVELS_dataset"/>
    <testcase time="0.00199999999995271" classname="FACTOR_LEVELS_datachk" name="Check_FACTOR_LEVELS_dataset"/>
    <testcase time="0.00200000000006639" classname="FACTOR_LEVELS_datachk" name="Check_FACTOR_LEVELS_dataset"/>
    <testcase time="0.04099999999994" classname="FACTOR_LEVELS_datachk" name="Check_FACTOR_LEVELS_dataset"/>
    <testcase time="0.00200000000006639" classname="FACTOR_LEVELS_datachk" name="Check_FACTOR_LEVELS_dataset"/>
    <testcase time="0.000999999999976353" classname="FACTOR_LEVELS_datachk" name="Check_FACTOR_LEVELS_dataset"/>
    <testcase time="0.00199999999995271" classname="FACTOR_LEVELS_datachk" name="Check_FACTOR_LEVELS_dataset"/>
    <testcase time="0.000999999999976353" classname="FACTOR_LEVELS_datachk" name="Check_FACTOR_LEVELS_dataset"/>
    <testcase time="0.00200000000006639" classname="FACTOR_LEVELS_datachk" name="Check_FACTOR_LEVELS_dataset"/>
    <testcase time="0.00199999999995271" classname="FACTOR_LEVELS_datachk" name="Check_FACTOR_LEVELS_dataset"/>
    <testcase time="0.000999999999976353" classname="FACTOR_LEVELS_datachk" name="Check_FACTOR_LEVELS_dataset"/>
    <testcase time="0.0080000000000382" classname="FACTOR_LEVELS_datachk" name="Check_FACTOR_LEVELS_dataset"/>
    <testcase time="0.0810000000000173" classname="FACTOR_LEVELS_datachk" name="Check_FACTOR_LEVELS_dataset"/>
    <testcase time="0.00199999999995271" classname="FACTOR_LEVELS_datachk" name="Check_FACTOR_LEVELS_dataset"/>
    <testcase time="0.00100000000009004" classname="FACTOR_LEVELS_datachk" name="Check_FACTOR_LEVELS_dataset"/>
    <testcase time="0.00199999999995271" classname="FACTOR_LEVELS_datachk" name="Check_FACTOR_LEVELS_dataset"/>
    <testcase time="0.00199999999995271" classname="FACTOR_LEVELS_datachk" name="Check_FACTOR_LEVELS_dataset"/>
    <testcase time="0.00100000000009004" classname="FACTOR_LEVELS_datachk" name="Check_FACTOR_LEVELS_dataset"/>
    <testcase time="0.00199999999995271" classname="FACTOR_LEVELS_datachk" name="Check_FACTOR_LEVELS_dataset"/>
    <testcase time="0.0410000000000537" classname="FACTOR_LEVELS_datachk" name="Check_FACTOR_LEVELS_dataset"/>
    <testcase time="0.000999999999976353" classname="FACTOR_LEVELS_datachk" name="Check_FACTOR_LEVELS_dataset"/>
    <testcase time="0.00199999999995271" classname="FACTOR_LEVELS_datachk" name="Check_FACTOR_LEVELS_dataset"/>
    <testcase time="0.00200000000006639" classname="FACTOR_LEVELS_datachk" name="Check_FACTOR_LEVELS_dataset"/>
    <testcase time="0.000999999999976353" classname="FACTOR_LEVELS_datachk" name="Check_FACTOR_LEVELS_dataset"/>
    <testcase time="0.00199999999995271" classname="FACTOR_LEVELS_datachk" name="Check_FACTOR_LEVELS_dataset"/>
    <testcase time="0.00200000000006639" classname="FACTOR_LEVELS_datachk" name="Check_FACTOR_LEVELS_dataset"/>
    <testcase time="0.000999999999976353" classname="FACTOR_LEVELS_datachk" name="Check_FACTOR_LEVELS_dataset"/>
    <testcase time="0.00199999999995271" classname="FACTOR_LEVELS_datachk" name="Check_FACTOR_LEVELS_dataset"/>
    <testcase time="0.0790000000000646" classname="FACTOR_LEVELS_datachk" name="Check_FACTOR_LEVELS_dataset"/>
    <testcase time="0.000999999999976353" classname="FACTOR_LEVELS_datachk" name="Check_FACTOR_LEVELS_dataset"/>
    <testcase time="0.00199999999995271" classname="FACTOR_LEVELS_datachk" name="Check_FACTOR_LEVELS_dataset"/>
    <testcase time="0.00200000000006639" classname="FACTOR_LEVELS_datachk" name="Check_FACTOR_LEVELS_dataset"/>
    <testcase time="0.00199999999995271" classname="FACTOR_LEVELS_datachk" name="Check_FACTOR_LEVELS_dataset"/>
    <testcase time="0.000999999999976353" classname="FACTOR_LEVELS_datachk" name="Check_FACTOR_LEVELS_dataset"/>
    <testcase time="0.00200000000006639" classname="FACTOR_LEVELS_datachk" name="Check_FACTOR_LEVELS_dataset"/>
    <testcase time="0.04099999999994" classname="FACTOR_LEVELS_datachk" name="Check_FACTOR_LEVELS_dataset"/>
    <testcase time="0.00200000000006639" classname="FACTOR_LEVELS_datachk" name="Check_FACTOR_LEVELS_dataset"/>
    <testcase time="0.00199999999995271" classname="FACTOR_LEVELS_datachk" name="Check_FACTOR_LEVELS_dataset"/>
    <testcase time="0.000999999999976353" classname="FACTOR_LEVELS_datachk" name="Check_FACTOR_LEVELS_dataset"/>
    <testcase time="0.00200000000006639" classname="FACTOR_LEVELS_datachk" name="Check_FACTOR_LEVELS_dataset"/>
    <testcase time="0.00199999999995271" classname="FACTOR_LEVELS_datachk" name="Check_FACTOR_LEVELS_dataset"/>
    <testcase time="0.000999999999976353" classname="FACTOR_LEVELS_datachk" name="Check_FACTOR_LEVELS_dataset"/>
    <testcase time="0.00200000000006639" classname="FACTOR_LEVELS_datachk" name="Check_FACTOR_LEVELS_dataset"/>
    <testcase time="0.00199999999995271" classname="FACTOR_LEVELS_datachk" name="Check_FACTOR_LEVELS_dataset"/>
    <testcase time="0.0919999999999845" classname="FACTOR_LEVELS_datachk" name="Check_FACTOR_LEVELS_dataset"/>
    <testcase time="0.00200000000006639" classname="FACTOR_LEVELS_datachk" name="Check_FACTOR_LEVELS_dataset"/>
    <testcase time="0.00199999999995271" classname="FACTOR_LEVELS_datachk" name="Check_FACTOR_LEVELS_dataset"/>
    <testcase time="0.00200000000006639" classname="FACTOR_LEVELS_datachk" name="Check_FACTOR_LEVELS_dataset"/>
    <testcase time="0.000999999999976353" classname="FACTOR_LEVELS_datachk" name="Check_FACTOR_LEVELS_dataset"/>
    <testcase time="0.00199999999995271" classname="FACTOR_LEVELS_datachk" name="Check_FACTOR_LEVELS_dataset"/>
    <testcase time="0.00200000000006639" classname="FACTOR_LEVELS_datachk" name="Check_FACTOR_LEVELS_dataset"/>
    <testcase time="0.0419999999999163" classname="FACTOR_LEVELS_datachk" name="Check_FACTOR_LEVELS_dataset"/>
    <testcase time="0.00100000000009004" classname="FACTOR_LEVELS_datachk" name="Check_FACTOR_LEVELS_dataset"/>
    <testcase time="0.00199999999995271" classname="FACTOR_LEVELS_datachk" name="Check_FACTOR_LEVELS_dataset"/>
    <testcase time="0.00199999999995271" classname="FACTOR_LEVELS_datachk" name="Check_FACTOR_LEVELS_dataset"/>
    <testcase time="0.00200000000006639" classname="FACTOR_LEVELS_datachk" name="Check_FACTOR_LEVELS_dataset"/>
    <testcase time="0.00199999999995271" classname="FACTOR_LEVELS_datachk" name="Check_FACTOR_LEVELS_dataset"/>
    <testcase time="0.000999999999976353" classname="FACTOR_LEVELS_datachk" name="Check_FACTOR_LEVELS_dataset"/>
    <testcase time="0.00200000000006639" classname="FACTOR_LEVELS_datachk" name="Check_FACTOR_LEVELS_dataset"/>
    <testcase time="0.00199999999995271" classname="FACTOR_LEVELS_datachk" name="Check_FACTOR_LEVELS_dataset"/>
    <testcase time="0.0800000000000409" classname="FACTOR_LEVELS_datachk" name="Check_FACTOR_LEVELS_dataset"/>
    <testcase time="0.000999999999976353" classname="FACTOR_LEVELS_datachk" name="Check_FACTOR_LEVELS_dataset"/>
    <testcase time="0.00300000000004275" classname="FACTOR_LEVELS_datachk" name="Check_FACTOR_LEVELS_dataset"/>
    <testcase time="0.000999999999976353" classname="FACTOR_LEVELS_datachk" name="Check_FACTOR_LEVELS_dataset"/>
    <testcase time="0.00200000000006639" classname="FACTOR_LEVELS_datachk" name="Check_FACTOR_LEVELS_dataset"/>
    <testcase time="0.00199999999995271" classname="FACTOR_LEVELS_datachk" name="Check_FACTOR_LEVELS_dataset"/>
    <testcase time="0.00199999999995271" classname="FACTOR_LEVELS_datachk" name="Check_FACTOR_LEVELS_dataset"/>
    <testcase time="0.0410000000000537" classname="FACTOR_LEVELS_datachk" name="Check_FACTOR_LEVELS_dataset"/>
    <testcase time="0.00199999999995271" classname="FACTOR_LEVELS_datachk" name="Check_FACTOR_LEVELS_dataset"/>
    <testcase time="0.00200000000006639" classname="FACTOR_LEVELS_datachk" name="Check_FACTOR_LEVELS_dataset"/>
    <testcase time="0.000999999999976353" classname="FACTOR_LEVELS_datachk" name="Check_FACTOR_LEVELS_dataset"/>
    <testcase time="0.00199999999995271" classname="FACTOR_LEVELS_datachk" name="Check_FACTOR_LEVELS_dataset"/>
    <testcase time="0.00200000000006639" classname="FACTOR_LEVELS_datachk" name="Check_FACTOR_LEVELS_dataset"/>
    <testcase time="0.00199999999995271" classname="FACTOR_LEVELS_datachk" name="Check_FACTOR_LEVELS_dataset"/>
    <testcase time="0.00200000000006639" classname="FACTOR_LEVELS_datachk" name="Check_FACTOR_LEVELS_dataset"/>
    <testcase time="0.00799999999992451" classname="FACTOR_LEVELS_datachk" name="Check_FACTOR_LEVELS_dataset"/>
  </testsuite>
  <testsuite name="FACTOR_LEVELS::datachk::shutdown" timestamp="2025-10-28T12:29:49Z" hostname="runnervmwhb2z" tests="3" skipped="0" failures="0" errors="0" time="0.049">
    <testcase time="0.0470000000000255" classname="FACTOR_LEVELS_datachk_shutdown" name="shutdown"/>
    <testcase time="0.000999999999976353" classname="FACTOR_LEVELS_datachk_shutdown" name="shutdown"/>
    <testcase time="0.000999999999976353" classname="FACTOR_LEVELS_datachk_shutdown" name="shutdown"/>
  </testsuite>
  <testsuite name="FACTOR_LEVELS::datachk::done" timestamp="2025-10-28T12:29:49Z" hostname="runnervmwhb2z" tests="0" skipped="0" failures="0" errors="0" time="0"/>
  <testsuite name="datachk-SURVIVAL_EXPAND_WITH_MISSING" timestamp="2025-10-28T12:29:49Z" hostname="runnervmwhb2z" tests="0" skipped="0" failures="0" errors="0" time="0"/>
  <testsuite name="SURVIVAL_EXPAND_WITH_MISSING::datachk::setup" timestamp="2025-10-28T12:29:50Z" hostname="runnervmwhb2z" tests="3" skipped="0" failures="0" errors="0" time="7.414">
    <testcase time="7.41100000000006" classname="SURVIVAL_EXPAND_WITH_MISSING_datachk_setup" name="setup"/>
    <testcase time="0.000999999999976353" classname="SURVIVAL_EXPAND_WITH_MISSING_datachk_setup" name="setup"/>
    <testcase time="0.00200000000006639" classname="SURVIVAL_EXPAND_WITH_MISSING_datachk_setup" name="setup"/>
  </testsuite>
  <testsuite name="SURVIVAL_EXPAND_WITH_MISSING::datachk" timestamp="2025-10-28T12:29:57Z" hostname="runnervmwhb2z" tests="198" skipped="0" failures="0" errors="0" time="1.913">
    <testcase time="0.08299999999997" classname="SURVIVAL_EXPAND_WITH_MISSING_datachk" name="Check_SURVIVAL_EXPAND_WITH_MISSING_dataset"/>
    <testcase time="0.000999999999976353" classname="SURVIVAL_EXPAND_WITH_MISSING_datachk" name="Check_SURVIVAL_EXPAND_WITH_MISSING_dataset"/>
    <testcase time="0.00300000000004275" classname="SURVIVAL_EXPAND_WITH_MISSING_datachk" name="Check_SURVIVAL_EXPAND_WITH_MISSING_dataset"/>
    <testcase time="0.000999999999976353" classname="SURVIVAL_EXPAND_WITH_MISSING_datachk" name="Check_SURVIVAL_EXPAND_WITH_MISSING_dataset"/>
    <testcase time="0.00299999999992906" classname="SURVIVAL_EXPAND_WITH_MISSING_datachk" name="Check_SURVIVAL_EXPAND_WITH_MISSING_dataset"/>
    <testcase time="0.00100000000009004" classname="SURVIVAL_EXPAND_WITH_MISSING_datachk" name="Check_SURVIVAL_EXPAND_WITH_MISSING_dataset"/>
    <testcase time="0.00199999999995271" classname="SURVIVAL_EXPAND_WITH_MISSING_datachk" name="Check_SURVIVAL_EXPAND_WITH_MISSING_dataset"/>
    <testcase time="0.04200000000003" classname="SURVIVAL_EXPAND_WITH_MISSING_datachk" name="Check_SURVIVAL_EXPAND_WITH_MISSING_dataset"/>
    <testcase time="0.000999999999976353" classname="SURVIVAL_EXPAND_WITH_MISSING_datachk" name="Check_SURVIVAL_EXPAND_WITH_MISSING_dataset"/>
    <testcase time="0.000999999999976353" classname="SURVIVAL_EXPAND_WITH_MISSING_datachk" name="Check_SURVIVAL_EXPAND_WITH_MISSING_dataset"/>
    <testcase time="0.000999999999976353" classname="SURVIVAL_EXPAND_WITH_MISSING_datachk" name="Check_SURVIVAL_EXPAND_WITH_MISSING_dataset"/>
    <testcase time="0.00200000000006639" classname="SURVIVAL_EXPAND_WITH_MISSING_datachk" name="Check_SURVIVAL_EXPAND_WITH_MISSING_dataset"/>
    <testcase time="0.000999999999976353" classname="SURVIVAL_EXPAND_WITH_MISSING_datachk" name="Check_SURVIVAL_EXPAND_WITH_MISSING_dataset"/>
    <testcase time="0.000999999999976353" classname="SURVIVAL_EXPAND_WITH_MISSING_datachk" name="Check_SURVIVAL_EXPAND_WITH_MISSING_dataset"/>
    <testcase time="0.00200000000006639" classname="SURVIVAL_EXPAND_WITH_MISSING_datachk" name="Check_SURVIVAL_EXPAND_WITH_MISSING_dataset"/>
    <testcase time="0.110000000000014" classname="SURVIVAL_EXPAND_WITH_MISSING_datachk" name="Check_SURVIVAL_EXPAND_WITH_MISSING_dataset"/>
    <testcase time="0.00199999999995271" classname="SURVIVAL_EXPAND_WITH_MISSING_datachk" name="Check_SURVIVAL_EXPAND_WITH_MISSING_dataset"/>
    <testcase time="0.000999999999976353" classname="SURVIVAL_EXPAND_WITH_MISSING_datachk" name="Check_SURVIVAL_EXPAND_WITH_MISSING_dataset"/>
    <testcase time="0.000999999999976353" classname="SURVIVAL_EXPAND_WITH_MISSING_datachk" name="Check_SURVIVAL_EXPAND_WITH_MISSING_dataset"/>
    <testcase time="0.00100000000009004" classname="SURVIVAL_EXPAND_WITH_MISSING_datachk" name="Check_SURVIVAL_EXPAND_WITH_MISSING_dataset"/>
    <testcase time="0.00199999999995271" classname="SURVIVAL_EXPAND_WITH_MISSING_datachk" name="Check_SURVIVAL_EXPAND_WITH_MISSING_dataset"/>
    <testcase time="0.000999999999976353" classname="SURVIVAL_EXPAND_WITH_MISSING_datachk" name="Check_SURVIVAL_EXPAND_WITH_MISSING_dataset"/>
    <testcase time="0.0779999999999745" classname="SURVIVAL_EXPAND_WITH_MISSING_datachk" name="Check_SURVIVAL_EXPAND_WITH_MISSING_dataset"/>
    <testcase time="0.00200000000006639" classname="SURVIVAL_EXPAND_WITH_MISSING_datachk" name="Check_SURVIVAL_EXPAND_WITH_MISSING_dataset"/>
    <testcase time="0.000999999999976353" classname="SURVIVAL_EXPAND_WITH_MISSING_datachk" name="Check_SURVIVAL_EXPAND_WITH_MISSING_dataset"/>
    <testcase time="0.000999999999976353" classname="SURVIVAL_EXPAND_WITH_MISSING_datachk" name="Check_SURVIVAL_EXPAND_WITH_MISSING_dataset"/>
    <testcase time="0.00200000000006639" classname="SURVIVAL_EXPAND_WITH_MISSING_datachk" name="Check_SURVIVAL_EXPAND_WITH_MISSING_dataset"/>
    <testcase time="0.000999999999976353" classname="SURVIVAL_EXPAND_WITH_MISSING_datachk" name="Check_SURVIVAL_EXPAND_WITH_MISSING_dataset"/>
    <testcase time="0.000999999999976353" classname="SURVIVAL_EXPAND_WITH_MISSING_datachk" name="Check_SURVIVAL_EXPAND_WITH_MISSING_dataset"/>
    <testcase time="0.0410000000000537" classname="SURVIVAL_EXPAND_WITH_MISSING_datachk" name="Check_SURVIVAL_EXPAND_WITH_MISSING_dataset"/>
    <testcase time="0.00199999999995271" classname="SURVIVAL_EXPAND_WITH_MISSING_datachk" name="Check_SURVIVAL_EXPAND_WITH_MISSING_dataset"/>
    <testcase time="0.000999999999976353" classname="SURVIVAL_EXPAND_WITH_MISSING_datachk" name="Check_SURVIVAL_EXPAND_WITH_MISSING_dataset"/>
    <testcase time="0.00100000000009004" classname="SURVIVAL_EXPAND_WITH_MISSING_datachk" name="Check_SURVIVAL_EXPAND_WITH_MISSING_dataset"/>
    <testcase time="0.00199999999995271" classname="SURVIVAL_EXPAND_WITH_MISSING_datachk" name="Check_SURVIVAL_EXPAND_WITH_MISSING_dataset"/>
    <testcase time="0.000999999999976353" classname="SURVIVAL_EXPAND_WITH_MISSING_datachk" name="Check_SURVIVAL_EXPAND_WITH_MISSING_dataset"/>
    <testcase time="0.000999999999976353" classname="SURVIVAL_EXPAND_WITH_MISSING_datachk" name="Check_SURVIVAL_EXPAND_WITH_MISSING_dataset"/>
    <testcase time="0.00100000000009004" classname="SURVIVAL_EXPAND_WITH_MISSING_datachk" name="Check_SURVIVAL_EXPAND_WITH_MISSING_dataset"/>
    <testcase time="0.00199999999995271" classname="SURVIVAL_EXPAND_WITH_MISSING_datachk" name="Check_SURVIVAL_EXPAND_WITH_MISSING_dataset"/>
    <testcase time="0.0779999999999745" classname="SURVIVAL_EXPAND_WITH_MISSING_datachk" name="Check_SURVIVAL_EXPAND_WITH_MISSING_dataset"/>
    <testcase time="0.00100000000009004" classname="SURVIVAL_EXPAND_WITH_MISSING_datachk" name="Check_SURVIVAL_EXPAND_WITH_MISSING_dataset"/>
    <testcase time="0.000999999999976353" classname="SURVIVAL_EXPAND_WITH_MISSING_datachk" name="Check_SURVIVAL_EXPAND_WITH_MISSING_dataset"/>
    <testcase time="0.00199999999995271" classname="SURVIVAL_EXPAND_WITH_MISSING_datachk" name="Check_SURVIVAL_EXPAND_WITH_MISSING_dataset"/>
    <testcase time="0.000999999999976353" classname="SURVIVAL_EXPAND_WITH_MISSING_datachk" name="Check_SURVIVAL_EXPAND_WITH_MISSING_dataset"/>
    <testcase time="0.00100000000009004" classname="SURVIVAL_EXPAND_WITH_MISSING_datachk" name="Check_SURVIVAL_EXPAND_WITH_MISSING_dataset"/>
    <testcase time="0.00199999999995271" classname="SURVIVAL_EXPAND_WITH_MISSING_datachk" name="Check_SURVIVAL_EXPAND_WITH_MISSING_dataset"/>
    <testcase time="0.0470000000000255" classname="SURVIVAL_EXPAND_WITH_MISSING_datachk" name="Check_SURVIVAL_EXPAND_WITH_MISSING_dataset"/>
    <testcase time="0.000999999999976353" classname="SURVIVAL_EXPAND_WITH_MISSING_datachk" name="Check_SURVIVAL_EXPAND_WITH_MISSING_dataset"/>
    <testcase time="0.00199999999995271" classname="SURVIVAL_EXPAND_WITH_MISSING_datachk" name="Check_SURVIVAL_EXPAND_WITH_MISSING_dataset"/>
    <testcase time="0.00100000000009004" classname="SURVIVAL_EXPAND_WITH_MISSING_datachk" name="Check_SURVIVAL_EXPAND_WITH_MISSING_dataset"/>
    <testcase time="0.000999999999976353" classname="SURVIVAL_EXPAND_WITH_MISSING_datachk" name="Check_SURVIVAL_EXPAND_WITH_MISSING_dataset"/>
    <testcase time="0.000999999999976353" classname="SURVIVAL_EXPAND_WITH_MISSING_datachk" name="Check_SURVIVAL_EXPAND_WITH_MISSING_dataset"/>
    <testcase time="0.00100000000009004" classname="SURVIVAL_EXPAND_WITH_MISSING_datachk" name="Check_SURVIVAL_EXPAND_WITH_MISSING_dataset"/>
    <testcase time="0.00199999999995271" classname="SURVIVAL_EXPAND_WITH_MISSING_datachk" name="Check_SURVIVAL_EXPAND_WITH_MISSING_dataset"/>
    <testcase time="0.000999999999976353" classname="SURVIVAL_EXPAND_WITH_MISSING_datachk" name="Check_SURVIVAL_EXPAND_WITH_MISSING_dataset"/>
    <testcase time="0.09800000000007" classname="SURVIVAL_EXPAND_WITH_MISSING_datachk" name="Check_SURVIVAL_EXPAND_WITH_MISSING_dataset"/>
    <testcase time="0.00199999999995271" classname="SURVIVAL_EXPAND_WITH_MISSING_datachk" name="Check_SURVIVAL_EXPAND_WITH_MISSING_dataset"/>
    <testcase time="0.000999999999976353" classname="SURVIVAL_EXPAND_WITH_MISSING_datachk" name="Check_SURVIVAL_EXPAND_WITH_MISSING_dataset"/>
    <testcase time="0.000999999999976353" classname="SURVIVAL_EXPAND_WITH_MISSING_datachk" name="Check_SURVIVAL_EXPAND_WITH_MISSING_dataset"/>
    <testcase time="0.000999999999976353" classname="SURVIVAL_EXPAND_WITH_MISSING_datachk" name="Check_SURVIVAL_EXPAND_WITH_MISSING_dataset"/>
    <testcase time="0.000999999999976353" classname="SURVIVAL_EXPAND_WITH_MISSING_datachk" name="Check_SURVIVAL_EXPAND_WITH_MISSING_dataset"/>
    <testcase time="0.00199999999995271" classname="SURVIVAL_EXPAND_WITH_MISSING_datachk" name="Check_SURVIVAL_EXPAND_WITH_MISSING_dataset"/>
    <testcase time="0.04200000000003" classname="SURVIVAL_EXPAND_WITH_MISSING_datachk" name="Check_SURVIVAL_EXPAND_WITH_MISSING_dataset"/>
    <testcase time="0.00200000000006639" classname="SURVIVAL_EXPAND_WITH_MISSING_datachk" name="Check_SURVIVAL_EXPAND_WITH_MISSING_dataset"/>
    <testcase time="0.000999999999976353" classname="SURVIVAL_EXPAND_WITH_MISSING_datachk" name="Check_SURVIVAL_EXPAND_WITH_MISSING_dataset"/>
    <testcase time="0.000999999999976353" classname="SURVIVAL_EXPAND_WITH_MISSING_datachk" name="Check_SURVIVAL_EXPAND_WITH_MISSING_dataset"/>
    <testcase time="0.00199999999995271" classname="SURVIVAL_EXPAND_WITH_MISSING_datachk" name="Check_SURVIVAL_EXPAND_WITH_MISSING_dataset"/>
    <testcase time="0.00100000000009004" classname="SURVIVAL_EXPAND_WITH_MISSING_datachk" name="Check_SURVIVAL_EXPAND_WITH_MISSING_dataset"/>
    <testcase time="0.00199999999995271" classname="SURVIVAL_EXPAND_WITH_MISSING_datachk" name="Check_SURVIVAL_EXPAND_WITH_MISSING_dataset"/>
    <testcase time="0.000999999999976353" classname="SURVIVAL_EXPAND_WITH_MISSING_datachk" name="Check_SURVIVAL_EXPAND_WITH_MISSING_dataset"/>
    <testcase time="0.00200000000006639" classname="SURVIVAL_EXPAND_WITH_MISSING_datachk" name="Check_SURVIVAL_EXPAND_WITH_MISSING_dataset"/>
    <testcase time="0.0789999999999509" classname="SURVIVAL_EXPAND_WITH_MISSING_datachk" name="Check_SURVIVAL_EXPAND_WITH_MISSING_dataset"/>
    <testcase time="0.00199999999995271" classname="SURVIVAL_EXPAND_WITH_MISSING_datachk" name="Check_SURVIVAL_EXPAND_WITH_MISSING_dataset"/>
    <testcase time="0.00100000000009004" classname="SURVIVAL_EXPAND_WITH_MISSING_datachk" name="Check_SURVIVAL_EXPAND_WITH_MISSING_dataset"/>
    <testcase time="0.000999999999976353" classname="SURVIVAL_EXPAND_WITH_MISSING_datachk" name="Check_SURVIVAL_EXPAND_WITH_MISSING_dataset"/>
    <testcase time="0.00199999999995271" classname="SURVIVAL_EXPAND_WITH_MISSING_datachk" name="Check_SURVIVAL_EXPAND_WITH_MISSING_dataset"/>
    <testcase time="0.00100000000009004" classname="SURVIVAL_EXPAND_WITH_MISSING_datachk" name="Check_SURVIVAL_EXPAND_WITH_MISSING_dataset"/>
    <testcase time="0.00199999999995271" classname="SURVIVAL_EXPAND_WITH_MISSING_datachk" name="Check_SURVIVAL_EXPAND_WITH_MISSING_dataset"/>
    <testcase time="0.0430000000000064" classname="SURVIVAL_EXPAND_WITH_MISSING_datachk" name="Check_SURVIVAL_EXPAND_WITH_MISSING_dataset"/>
    <testcase time="0.000999999999976353" classname="SURVIVAL_EXPAND_WITH_MISSING_datachk" name="Check_SURVIVAL_EXPAND_WITH_MISSING_dataset"/>
    <testcase time="0.00199999999995271" classname="SURVIVAL_EXPAND_WITH_MISSING_datachk" name="Check_SURVIVAL_EXPAND_WITH_MISSING_dataset"/>
    <testcase time="0.0080000000000382" classname="SURVIVAL_EXPAND_WITH_MISSING_datachk" name="Check_SURVIVAL_EXPAND_WITH_MISSING_dataset"/>
    <testcase time="0.000999999999976353" classname="SURVIVAL_EXPAND_WITH_MISSING_datachk" name="Check_SURVIVAL_EXPAND_WITH_MISSING_dataset"/>
    <testcase time="0.00200000000006639" classname="SURVIVAL_EXPAND_WITH_MISSING_datachk" name="Check_SURVIVAL_EXPAND_WITH_MISSING_dataset"/>
    <testcase time="0.000999999999976353" classname="SURVIVAL_EXPAND_WITH_MISSING_datachk" name="Check_SURVIVAL_EXPAND_WITH_MISSING_dataset"/>
    <testcase time="0.00199999999995271" classname="SURVIVAL_EXPAND_WITH_MISSING_datachk" name="Check_SURVIVAL_EXPAND_WITH_MISSING_dataset"/>
    <testcase time="0.00100000000009004" classname="SURVIVAL_EXPAND_WITH_MISSING_datachk" name="Check_SURVIVAL_EXPAND_WITH_MISSING_dataset"/>
    <testcase time="0.0809999999999036" classname="SURVIVAL_EXPAND_WITH_MISSING_datachk" name="Check_SURVIVAL_EXPAND_WITH_MISSING_dataset"/>
    <testcase time="0.00100000000009004" classname="SURVIVAL_EXPAND_WITH_MISSING_datachk" name="Check_SURVIVAL_EXPAND_WITH_MISSING_dataset"/>
    <testcase time="0.00199999999995271" classname="SURVIVAL_EXPAND_WITH_MISSING_datachk" name="Check_SURVIVAL_EXPAND_WITH_MISSING_dataset"/>
    <testcase time="0.000999999999976353" classname="SURVIVAL_EXPAND_WITH_MISSING_datachk" name="Check_SURVIVAL_EXPAND_WITH_MISSING_dataset"/>
    <testcase time="0.00200000000006639" classname="SURVIVAL_EXPAND_WITH_MISSING_datachk" name="Check_SURVIVAL_EXPAND_WITH_MISSING_dataset"/>
    <testcase time="0.000999999999976353" classname="SURVIVAL_EXPAND_WITH_MISSING_datachk" name="Check_SURVIVAL_EXPAND_WITH_MISSING_dataset"/>
    <testcase time="0.00199999999995271" classname="SURVIVAL_EXPAND_WITH_MISSING_datachk" name="Check_SURVIVAL_EXPAND_WITH_MISSING_dataset"/>
    <testcase time="0.0400000000000773" classname="SURVIVAL_EXPAND_WITH_MISSING_datachk" name="Check_SURVIVAL_EXPAND_WITH_MISSING_dataset"/>
    <testcase time="0.000999999999976353" classname="SURVIVAL_EXPAND_WITH_MISSING_datachk" name="Check_SURVIVAL_EXPAND_WITH_MISSING_dataset"/>
    <testcase time="0.00199999999995271" classname="SURVIVAL_EXPAND_WITH_MISSING_datachk" name="Check_SURVIVAL_EXPAND_WITH_MISSING_dataset"/>
    <testcase time="0.00100000000009004" classname="SURVIVAL_EXPAND_WITH_MISSING_datachk" name="Check_SURVIVAL_EXPAND_WITH_MISSING_dataset"/>
    <testcase time="0.00199999999995271" classname="SURVIVAL_EXPAND_WITH_MISSING_datachk" name="Check_SURVIVAL_EXPAND_WITH_MISSING_dataset"/>
    <testcase time="0.000999999999976353" classname="SURVIVAL_EXPAND_WITH_MISSING_datachk" name="Check_SURVIVAL_EXPAND_WITH_MISSING_dataset"/>
    <testcase time="0.00200000000006639" classname="SURVIVAL_EXPAND_WITH_MISSING_datachk" name="Check_SURVIVAL_EXPAND_WITH_MISSING_dataset"/>
    <testcase time="0.000999999999976353" classname="SURVIVAL_EXPAND_WITH_MISSING_datachk" name="Check_SURVIVAL_EXPAND_WITH_MISSING_dataset"/>
    <testcase time="0.00199999999995271" classname="SURVIVAL_EXPAND_WITH_MISSING_datachk" name="Check_SURVIVAL_EXPAND_WITH_MISSING_dataset"/>
    <testcase time="0.0810000000000173" classname="SURVIVAL_EXPAND_WITH_MISSING_datachk" name="Check_SURVIVAL_EXPAND_WITH_MISSING_dataset"/>
    <testcase time="0.00200000000006639" classname="SURVIVAL_EXPAND_WITH_MISSING_datachk" name="Check_SURVIVAL_EXPAND_WITH_MISSING_dataset"/>
    <testcase time="0.000999999999976353" classname="SURVIVAL_EXPAND_WITH_MISSING_datachk" name="Check_SURVIVAL_EXPAND_WITH_MISSING_dataset"/>
    <testcase time="0.00199999999995271" classname="SURVIVAL_EXPAND_WITH_MISSING_datachk" name="Check_SURVIVAL_EXPAND_WITH_MISSING_dataset"/>
    <testcase time="0.000999999999976353" classname="SURVIVAL_EXPAND_WITH_MISSING_datachk" name="Check_SURVIVAL_EXPAND_WITH_MISSING_dataset"/>
    <testcase time="0.00200000000006639" classname="SURVIVAL_EXPAND_WITH_MISSING_datachk" name="Check_SURVIVAL_EXPAND_WITH_MISSING_dataset"/>
    <testcase time="0.00199999999995271" classname="SURVIVAL_EXPAND_WITH_MISSING_datachk" name="Check_SURVIVAL_EXPAND_WITH_MISSING_dataset"/>
    <testcase time="0.0400000000000773" classname="SURVIVAL_EXPAND_WITH_MISSING_datachk" name="Check_SURVIVAL_EXPAND_WITH_MISSING_dataset"/>
    <testcase time="0.00199999999995271" classname="SURVIVAL_EXPAND_WITH_MISSING_datachk" name="Check_SURVIVAL_EXPAND_WITH_MISSING_dataset"/>
    <testcase time="0.00199999999995271" classname="SURVIVAL_EXPAND_WITH_MISSING_datachk" name="Check_SURVIVAL_EXPAND_WITH_MISSING_dataset"/>
    <testcase time="0.00100000000009004" classname="SURVIVAL_EXPAND_WITH_MISSING_datachk" name="Check_SURVIVAL_EXPAND_WITH_MISSING_dataset"/>
    <testcase time="0.00199999999995271" classname="SURVIVAL_EXPAND_WITH_MISSING_datachk" name="Check_SURVIVAL_EXPAND_WITH_MISSING_dataset"/>
    <testcase time="0.000999999999976353" classname="SURVIVAL_EXPAND_WITH_MISSING_datachk" name="Check_SURVIVAL_EXPAND_WITH_MISSING_dataset"/>
    <testcase time="0.00200000000006639" classname="SURVIVAL_EXPAND_WITH_MISSING_datachk" name="Check_SURVIVAL_EXPAND_WITH_MISSING_dataset"/>
    <testcase time="0.00199999999995271" classname="SURVIVAL_EXPAND_WITH_MISSING_datachk" name="Check_SURVIVAL_EXPAND_WITH_MISSING_dataset"/>
    <testcase time="0.00700000000006185" classname="SURVIVAL_EXPAND_WITH_MISSING_datachk" name="Check_SURVIVAL_EXPAND_WITH_MISSING_dataset"/>
    <testcase time="0.0789999999999509" classname="SURVIVAL_EXPAND_WITH_MISSING_datachk" name="Check_SURVIVAL_EXPAND_WITH_MISSING_dataset"/>
    <testcase time="0.00199999999995271" classname="SURVIVAL_EXPAND_WITH_MISSING_datachk" name="Check_SURVIVAL_EXPAND_WITH_MISSING_dataset"/>
    <testcase time="0.00100000000009004" classname="SURVIVAL_EXPAND_WITH_MISSING_datachk" name="Check_SURVIVAL_EXPAND_WITH_MISSING_dataset"/>
    <testcase time="0.00199999999995271" classname="SURVIVAL_EXPAND_WITH_MISSING_datachk" name="Check_SURVIVAL_EXPAND_WITH_MISSING_dataset"/>
    <testcase time="0.00199999999995271" classname="SURVIVAL_EXPAND_WITH_MISSING_datachk" name="Check_SURVIVAL_EXPAND_WITH_MISSING_dataset"/>
    <testcase time="0.00100000000009004" classname="SURVIVAL_EXPAND_WITH_MISSING_datachk" name="Check_SURVIVAL_EXPAND_WITH_MISSING_dataset"/>
    <testcase time="0.00199999999995271" classname="SURVIVAL_EXPAND_WITH_MISSING_datachk" name="Check_SURVIVAL_EXPAND_WITH_MISSING_dataset"/>
    <testcase time="0.0439999999999827" classname="SURVIVAL_EXPAND_WITH_MISSING_datachk" name="Check_SURVIVAL_EXPAND_WITH_MISSING_dataset"/>
    <testcase time="0.000999999999976353" classname="SURVIVAL_EXPAND_WITH_MISSING_datachk" name="Check_SURVIVAL_EXPAND_WITH_MISSING_dataset"/>
    <testcase time="0.00200000000006639" classname="SURVIVAL_EXPAND_WITH_MISSING_datachk" name="Check_SURVIVAL_EXPAND_WITH_MISSING_dataset"/>
    <testcase time="0.00199999999995271" classname="SURVIVAL_EXPAND_WITH_MISSING_datachk" name="Check_SURVIVAL_EXPAND_WITH_MISSING_dataset"/>
    <testcase time="0.000999999999976353" classname="SURVIVAL_EXPAND_WITH_MISSING_datachk" name="Check_SURVIVAL_EXPAND_WITH_MISSING_dataset"/>
    <testcase time="0.00200000000006639" classname="SURVIVAL_EXPAND_WITH_MISSING_datachk" name="Check_SURVIVAL_EXPAND_WITH_MISSING_dataset"/>
    <testcase time="0.00199999999995271" classname="SURVIVAL_EXPAND_WITH_MISSING_datachk" name="Check_SURVIVAL_EXPAND_WITH_MISSING_dataset"/>
    <testcase time="0.00100000000009004" classname="SURVIVAL_EXPAND_WITH_MISSING_datachk" name="Check_SURVIVAL_EXPAND_WITH_MISSING_dataset"/>
    <testcase time="0.00199999999995271" classname="SURVIVAL_EXPAND_WITH_MISSING_datachk" name="Check_SURVIVAL_EXPAND_WITH_MISSING_dataset"/>
    <testcase time="0.0789999999999509" classname="SURVIVAL_EXPAND_WITH_MISSING_datachk" name="Check_SURVIVAL_EXPAND_WITH_MISSING_dataset"/>
    <testcase time="0.00200000000006639" classname="SURVIVAL_EXPAND_WITH_MISSING_datachk" name="Check_SURVIVAL_EXPAND_WITH_MISSING_dataset"/>
    <testcase time="0.00199999999995271" classname="SURVIVAL_EXPAND_WITH_MISSING_datachk" name="Check_SURVIVAL_EXPAND_WITH_MISSING_dataset"/>
    <testcase time="0.00200000000006639" classname="SURVIVAL_EXPAND_WITH_MISSING_datachk" name="Check_SURVIVAL_EXPAND_WITH_MISSING_dataset"/>
    <testcase time="0.000999999999976353" classname="SURVIVAL_EXPAND_WITH_MISSING_datachk" name="Check_SURVIVAL_EXPAND_WITH_MISSING_dataset"/>
    <testcase time="0.00199999999995271" classname="SURVIVAL_EXPAND_WITH_MISSING_datachk" name="Check_SURVIVAL_EXPAND_WITH_MISSING_dataset"/>
    <testcase time="0.00200000000006639" classname="SURVIVAL_EXPAND_WITH_MISSING_datachk" name="Check_SURVIVAL_EXPAND_WITH_MISSING_dataset"/>
    <testcase time="0.0399999999999636" classname="SURVIVAL_EXPAND_WITH_MISSING_datachk" name="Check_SURVIVAL_EXPAND_WITH_MISSING_dataset"/>
    <testcase time="0.00199999999995271" classname="SURVIVAL_EXPAND_WITH_MISSING_datachk" name="Check_SURVIVAL_EXPAND_WITH_MISSING_dataset"/>
    <testcase time="0.00200000000006639" classname="SURVIVAL_EXPAND_WITH_MISSING_datachk" name="Check_SURVIVAL_EXPAND_WITH_MISSING_dataset"/>
    <testcase time="0.00199999999995271" classname="SURVIVAL_EXPAND_WITH_MISSING_datachk" name="Check_SURVIVAL_EXPAND_WITH_MISSING_dataset"/>
    <testcase time="0.00200000000006639" classname="SURVIVAL_EXPAND_WITH_MISSING_datachk" name="Check_SURVIVAL_EXPAND_WITH_MISSING_dataset"/>
    <testcase time="0.000999999999976353" classname="SURVIVAL_EXPAND_WITH_MISSING_datachk" name="Check_SURVIVAL_EXPAND_WITH_MISSING_dataset"/>
    <testcase time="0.00199999999995271" classname="SURVIVAL_EXPAND_WITH_MISSING_datachk" name="Check_SURVIVAL_EXPAND_WITH_MISSING_dataset"/>
    <testcase time="0.00200000000006639" classname="SURVIVAL_EXPAND_WITH_MISSING_datachk" name="Check_SURVIVAL_EXPAND_WITH_MISSING_dataset"/>
    <testcase time="0.000999999999976353" classname="SURVIVAL_EXPAND_WITH_MISSING_datachk" name="Check_SURVIVAL_EXPAND_WITH_MISSING_dataset"/>
    <testcase time="0.0889999999999418" classname="SURVIVAL_EXPAND_WITH_MISSING_datachk" name="Check_SURVIVAL_EXPAND_WITH_MISSING_dataset"/>
    <testcase time="0.00200000000006639" classname="SURVIVAL_EXPAND_WITH_MISSING_datachk" name="Check_SURVIVAL_EXPAND_WITH_MISSING_dataset"/>
    <testcase time="0.00199999999995271" classname="SURVIVAL_EXPAND_WITH_MISSING_datachk" name="Check_SURVIVAL_EXPAND_WITH_MISSING_dataset"/>
    <testcase time="0.00200000000006639" classname="SURVIVAL_EXPAND_WITH_MISSING_datachk" name="Check_SURVIVAL_EXPAND_WITH_MISSING_dataset"/>
    <testcase time="0.00199999999995271" classname="SURVIVAL_EXPAND_WITH_MISSING_datachk" name="Check_SURVIVAL_EXPAND_WITH_MISSING_dataset"/>
    <testcase time="0.000999999999976353" classname="SURVIVAL_EXPAND_WITH_MISSING_datachk" name="Check_SURVIVAL_EXPAND_WITH_MISSING_dataset"/>
    <testcase time="0.00200000000006639" classname="SURVIVAL_EXPAND_WITH_MISSING_datachk" name="Check_SURVIVAL_EXPAND_WITH_MISSING_dataset"/>
    <testcase time="0.04099999999994" classname="SURVIVAL_EXPAND_WITH_MISSING_datachk" name="Check_SURVIVAL_EXPAND_WITH_MISSING_dataset"/>
    <testcase time="0.00200000000006639" classname="SURVIVAL_EXPAND_WITH_MISSING_datachk" name="Check_SURVIVAL_EXPAND_WITH_MISSING_dataset"/>
    <testcase time="0.00199999999995271" classname="SURVIVAL_EXPAND_WITH_MISSING_datachk" name="Check_SURVIVAL_EXPAND_WITH_MISSING_dataset"/>
    <testcase time="0.00199999999995271" classname="SURVIVAL_EXPAND_WITH_MISSING_datachk" name="Check_SURVIVAL_EXPAND_WITH_MISSING_dataset"/>
    <testcase time="0.00200000000006639" classname="SURVIVAL_EXPAND_WITH_MISSING_datachk" name="Check_SURVIVAL_EXPAND_WITH_MISSING_dataset"/>
    <testcase time="0.000999999999976353" classname="SURVIVAL_EXPAND_WITH_MISSING_datachk" name="Check_SURVIVAL_EXPAND_WITH_MISSING_dataset"/>
    <testcase time="0.00199999999995271" classname="SURVIVAL_EXPAND_WITH_MISSING_datachk" name="Check_SURVIVAL_EXPAND_WITH_MISSING_dataset"/>
    <testcase time="0.00200000000006639" classname="SURVIVAL_EXPAND_WITH_MISSING_datachk" name="Check_SURVIVAL_EXPAND_WITH_MISSING_dataset"/>
    <testcase time="0.00199999999995271" classname="SURVIVAL_EXPAND_WITH_MISSING_datachk" name="Check_SURVIVAL_EXPAND_WITH_MISSING_dataset"/>
    <testcase time="0.0919999999999845" classname="SURVIVAL_EXPAND_WITH_MISSING_datachk" name="Check_SURVIVAL_EXPAND_WITH_MISSING_dataset"/>
    <testcase time="0.00200000000006639" classname="SURVIVAL_EXPAND_WITH_MISSING_datachk" name="Check_SURVIVAL_EXPAND_WITH_MISSING_dataset"/>
    <testcase time="0.00199999999995271" classname="SURVIVAL_EXPAND_WITH_MISSING_datachk" name="Check_SURVIVAL_EXPAND_WITH_MISSING_dataset"/>
    <testcase time="0.00200000000006639" classname="SURVIVAL_EXPAND_WITH_MISSING_datachk" name="Check_SURVIVAL_EXPAND_WITH_MISSING_dataset"/>
    <testcase time="0.00199999999995271" classname="SURVIVAL_EXPAND_WITH_MISSING_datachk" name="Check_SURVIVAL_EXPAND_WITH_MISSING_dataset"/>
    <testcase time="0.000999999999976353" classname="SURVIVAL_EXPAND_WITH_MISSING_datachk" name="Check_SURVIVAL_EXPAND_WITH_MISSING_dataset"/>
    <testcase time="0.00200000000006639" classname="SURVIVAL_EXPAND_WITH_MISSING_datachk" name="Check_SURVIVAL_EXPAND_WITH_MISSING_dataset"/>
    <testcase time="0.0459999999999354" classname="SURVIVAL_EXPAND_WITH_MISSING_datachk" name="Check_SURVIVAL_EXPAND_WITH_MISSING_dataset"/>
    <testcase time="0.00200000000006639" classname="SURVIVAL_EXPAND_WITH_MISSING_datachk" name="Check_SURVIVAL_EXPAND_WITH_MISSING_dataset"/>
    <testcase time="0.00199999999995271" classname="SURVIVAL_EXPAND_WITH_MISSING_datachk" name="Check_SURVIVAL_EXPAND_WITH_MISSING_dataset"/>
    <testcase time="0.000999999999976353" classname="SURVIVAL_EXPAND_WITH_MISSING_datachk" name="Check_SURVIVAL_EXPAND_WITH_MISSING_dataset"/>
    <testcase time="0.00200000000006639" classname="SURVIVAL_EXPAND_WITH_MISSING_datachk" name="Check_SURVIVAL_EXPAND_WITH_MISSING_dataset"/>
    <testcase time="0.00199999999995271" classname="SURVIVAL_EXPAND_WITH_MISSING_datachk" name="Check_SURVIVAL_EXPAND_WITH_MISSING_dataset"/>
    <testcase time="0.00200000000006639" classname="SURVIVAL_EXPAND_WITH_MISSING_datachk" name="Check_SURVIVAL_EXPAND_WITH_MISSING_dataset"/>
    <testcase time="0.00199999999995271" classname="SURVIVAL_EXPAND_WITH_MISSING_datachk" name="Check_SURVIVAL_EXPAND_WITH_MISSING_dataset"/>
    <testcase time="0.00900000000001455" classname="SURVIVAL_EXPAND_WITH_MISSING_datachk" name="Check_SURVIVAL_EXPAND_WITH_MISSING_dataset"/>
    <testcase time="0.08299999999997" classname="SURVIVAL_EXPAND_WITH_MISSING_datachk" name="Check_SURVIVAL_EXPAND_WITH_MISSING_dataset"/>
    <testcase time="0.00200000000006639" classname="SURVIVAL_EXPAND_WITH_MISSING_datachk" name="Check_SURVIVAL_EXPAND_WITH_MISSING_dataset"/>
    <testcase time="0.00199999999995271" classname="SURVIVAL_EXPAND_WITH_MISSING_datachk" name="Check_SURVIVAL_EXPAND_WITH_MISSING_dataset"/>
    <testcase time="0.00199999999995271" classname="SURVIVAL_EXPAND_WITH_MISSING_datachk" name="Check_SURVIVAL_EXPAND_WITH_MISSING_dataset"/>
    <testcase time="0.00200000000006639" classname="SURVIVAL_EXPAND_WITH_MISSING_datachk" name="Check_SURVIVAL_EXPAND_WITH_MISSING_dataset"/>
    <testcase time="0.00199999999995271" classname="SURVIVAL_EXPAND_WITH_MISSING_datachk" name="Check_SURVIVAL_EXPAND_WITH_MISSING_dataset"/>
    <testcase time="0.00200000000006639" classname="SURVIVAL_EXPAND_WITH_MISSING_datachk" name="Check_SURVIVAL_EXPAND_WITH_MISSING_dataset"/>
    <testcase time="0.04099999999994" classname="SURVIVAL_EXPAND_WITH_MISSING_datachk" name="Check_SURVIVAL_EXPAND_WITH_MISSING_dataset"/>
    <testcase time="0.00200000000006639" classname="SURVIVAL_EXPAND_WITH_MISSING_datachk" name="Check_SURVIVAL_EXPAND_WITH_MISSING_dataset"/>
    <testcase time="0.00199999999995271" classname="SURVIVAL_EXPAND_WITH_MISSING_datachk" name="Check_SURVIVAL_EXPAND_WITH_MISSING_dataset"/>
    <testcase time="0.00199999999995271" classname="SURVIVAL_EXPAND_WITH_MISSING_datachk" name="Check_SURVIVAL_EXPAND_WITH_MISSING_dataset"/>
    <testcase time="0.00200000000006639" classname="SURVIVAL_EXPAND_WITH_MISSING_datachk" name="Check_SURVIVAL_EXPAND_WITH_MISSING_dataset"/>
    <testcase time="0.00199999999995271" classname="SURVIVAL_EXPAND_WITH_MISSING_datachk" name="Check_SURVIVAL_EXPAND_WITH_MISSING_dataset"/>
    <testcase time="0.000999999999976353" classname="SURVIVAL_EXPAND_WITH_MISSING_datachk" name="Check_SURVIVAL_EXPAND_WITH_MISSING_dataset"/>
    <testcase time="0.00200000000006639" classname="SURVIVAL_EXPAND_WITH_MISSING_datachk" name="Check_SURVIVAL_EXPAND_WITH_MISSING_dataset"/>
    <testcase time="0.00199999999995271" classname="SURVIVAL_EXPAND_WITH_MISSING_datachk" name="Check_SURVIVAL_EXPAND_WITH_MISSING_dataset"/>
  </testsuite>
  <testsuite name="SURVIVAL_EXPAND_WITH_MISSING::datachk::shutdown" timestamp="2025-10-28T12:29:59Z" hostname="runnervmwhb2z" tests="3" skipped="0" failures="0" errors="0" time="0.051">
    <testcase time="0.0480000000000018" classname="SURVIVAL_EXPAND_WITH_MISSING_datachk_shutdown" name="shutdown"/>
    <testcase time="0.00200000000006639" classname="SURVIVAL_EXPAND_WITH_MISSING_datachk_shutdown" name="shutdown"/>
    <testcase time="0.000999999999976353" classname="SURVIVAL_EXPAND_WITH_MISSING_datachk_shutdown" name="shutdown"/>
  </testsuite>
  <testsuite name="SURVIVAL_EXPAND_WITH_MISSING::datachk::done" timestamp="2025-10-28T12:29:59Z" hostname="runnervmwhb2z" tests="0" skipped="0" failures="0" errors="0" time="0"/>
  <testsuite name="datachk-TESTING" timestamp="2025-10-28T12:29:59Z" hostname="runnervmwhb2z" tests="0" skipped="0" failures="0" errors="0" time="0"/>
  <testsuite name="TESTING::datachk::setup" timestamp="2025-10-28T12:29:59Z" hostname="runnervmwhb2z" tests="3" skipped="0" failures="0" errors="0" time="7.712">
    <testcase time="7.70899999999995" classname="TESTING_datachk_setup" name="setup"/>
    <testcase time="0.00200000000006639" classname="TESTING_datachk_setup" name="setup"/>
    <testcase time="0.000999999999976353" classname="TESTING_datachk_setup" name="setup"/>
  </testsuite>
  <testsuite name="TESTING::datachk" timestamp="2025-10-28T12:30:06Z" hostname="runnervmwhb2z" tests="310" skipped="0" failures="0" errors="0" time="2.976">
    <testcase time="0.08299999999997" classname="TESTING_datachk" name="Check_TESTING_dataset"/>
    <testcase time="0.000999999999976353" classname="TESTING_datachk" name="Check_TESTING_dataset"/>
    <testcase time="0.00300000000004275" classname="TESTING_datachk" name="Check_TESTING_dataset"/>
    <testcase time="0.000999999999976353" classname="TESTING_datachk" name="Check_TESTING_dataset"/>
    <testcase time="0.00300000000004275" classname="TESTING_datachk" name="Check_TESTING_dataset"/>
    <testcase time="0.000999999999976353" classname="TESTING_datachk" name="Check_TESTING_dataset"/>
    <testcase time="0.00300000000004275" classname="TESTING_datachk" name="Check_TESTING_dataset"/>
    <testcase time="0.0399999999999636" classname="TESTING_datachk" name="Check_TESTING_dataset"/>
    <testcase time="0.000999999999976353" classname="TESTING_datachk" name="Check_TESTING_dataset"/>
    <testcase time="0.00200000000006639" classname="TESTING_datachk" name="Check_TESTING_dataset"/>
    <testcase time="0.000999999999976353" classname="TESTING_datachk" name="Check_TESTING_dataset"/>
    <testcase time="0.000999999999976353" classname="TESTING_datachk" name="Check_TESTING_dataset"/>
    <testcase time="0.00200000000006639" classname="TESTING_datachk" name="Check_TESTING_dataset"/>
    <testcase time="0.000999999999976353" classname="TESTING_datachk" name="Check_TESTING_dataset"/>
    <testcase time="0.000999999999976353" classname="TESTING_datachk" name="Check_TESTING_dataset"/>
    <testcase time="0.119000000000028" classname="TESTING_datachk" name="Check_TESTING_dataset"/>
    <testcase time="0.00199999999995271" classname="TESTING_datachk" name="Check_TESTING_dataset"/>
    <testcase time="0.000999999999976353" classname="TESTING_datachk" name="Check_TESTING_dataset"/>
    <testcase time="0.00100000000009004" classname="TESTING_datachk" name="Check_TESTING_dataset"/>
    <testcase time="0.00199999999995271" classname="TESTING_datachk" name="Check_TESTING_dataset"/>
    <testcase time="0.000999999999976353" classname="TESTING_datachk" name="Check_TESTING_dataset"/>
    <testcase time="0.000999999999976353" classname="TESTING_datachk" name="Check_TESTING_dataset"/>
    <testcase time="0.0819999999999936" classname="TESTING_datachk" name="Check_TESTING_dataset"/>
    <testcase time="0.00200000000006639" classname="TESTING_datachk" name="Check_TESTING_dataset"/>
    <testcase time="0.000999999999976353" classname="TESTING_datachk" name="Check_TESTING_dataset"/>
    <testcase time="0.000999999999976353" classname="TESTING_datachk" name="Check_TESTING_dataset"/>
    <testcase time="0.00200000000006639" classname="TESTING_datachk" name="Check_TESTING_dataset"/>
    <testcase time="0.000999999999976353" classname="TESTING_datachk" name="Check_TESTING_dataset"/>
    <testcase time="0.000999999999976353" classname="TESTING_datachk" name="Check_TESTING_dataset"/>
    <testcase time="0.0439999999999827" classname="TESTING_datachk" name="Check_TESTING_dataset"/>
    <testcase time="0.00200000000006639" classname="TESTING_datachk" name="Check_TESTING_dataset"/>
    <testcase time="0.000999999999976353" classname="TESTING_datachk" name="Check_TESTING_dataset"/>
    <testcase time="0.00199999999995271" classname="TESTING_datachk" name="Check_TESTING_dataset"/>
    <testcase time="0.00100000000009004" classname="TESTING_datachk" name="Check_TESTING_dataset"/>
    <testcase time="0.000999999999976353" classname="TESTING_datachk" name="Check_TESTING_dataset"/>
    <testcase time="0.00199999999995271" classname="TESTING_datachk" name="Check_TESTING_dataset"/>
    <testcase time="0.000999999999976353" classname="TESTING_datachk" name="Check_TESTING_dataset"/>
    <testcase time="0.00100000000009004" classname="TESTING_datachk" name="Check_TESTING_dataset"/>
    <testcase time="0.0809999999999036" classname="TESTING_datachk" name="Check_TESTING_dataset"/>
    <testcase time="0.00100000000009004" classname="TESTING_datachk" name="Check_TESTING_dataset"/>
    <testcase time="0.000999999999976353" classname="TESTING_datachk" name="Check_TESTING_dataset"/>
    <testcase time="0.00199999999995271" classname="TESTING_datachk" name="Check_TESTING_dataset"/>
    <testcase time="0.000999999999976353" classname="TESTING_datachk" name="Check_TESTING_dataset"/>
    <testcase time="0.00100000000009004" classname="TESTING_datachk" name="Check_TESTING_dataset"/>
    <testcase time="0.00199999999995271" classname="TESTING_datachk" name="Check_TESTING_dataset"/>
    <testcase time="0.0480000000000018" classname="TESTING_datachk" name="Check_TESTING_dataset"/>
    <testcase time="0.00199999999995271" classname="TESTING_datachk" name="Check_TESTING_dataset"/>
    <testcase time="0.00100000000009004" classname="TESTING_datachk" name="Check_TESTING_dataset"/>
    <testcase time="0.000999999999976353" classname="TESTING_datachk" name="Check_TESTING_dataset"/>
    <testcase time="0.00199999999995271" classname="TESTING_datachk" name="Check_TESTING_dataset"/>
    <testcase time="0.000999999999976353" classname="TESTING_datachk" name="Check_TESTING_dataset"/>
    <testcase time="0.00200000000006639" classname="TESTING_datachk" name="Check_TESTING_dataset"/>
    <testcase time="0.000999999999976353" classname="TESTING_datachk" name="Check_TESTING_dataset"/>
    <testcase time="0.000999999999976353" classname="TESTING_datachk" name="Check_TESTING_dataset"/>
    <testcase time="0.0790000000000646" classname="TESTING_datachk" name="Check_TESTING_dataset"/>
    <testcase time="0.000999999999976353" classname="TESTING_datachk" name="Check_TESTING_dataset"/>
    <testcase time="0.00199999999995271" classname="TESTING_datachk" name="Check_TESTING_dataset"/>
    <testcase time="0.00100000000009004" classname="TESTING_datachk" name="Check_TESTING_dataset"/>
    <testcase time="0.000999999999976353" classname="TESTING_datachk" name="Check_TESTING_dataset"/>
    <testcase time="0.00199999999995271" classname="TESTING_datachk" name="Check_TESTING_dataset"/>
    <testcase time="0.000999999999976353" classname="TESTING_datachk" name="Check_TESTING_dataset"/>
    <testcase time="0.0410000000000537" classname="TESTING_datachk" name="Check_TESTING_dataset"/>
    <testcase time="0.00199999999995271" classname="TESTING_datachk" name="Check_TESTING_dataset"/>
    <testcase time="0.00100000000009004" classname="TESTING_datachk" name="Check_TESTING_dataset"/>
    <testcase time="0.00199999999995271" classname="TESTING_datachk" name="Check_TESTING_dataset"/>
    <testcase time="0.000999999999976353" classname="TESTING_datachk" name="Check_TESTING_dataset"/>
    <testcase time="0.00200000000006639" classname="TESTING_datachk" name="Check_TESTING_dataset"/>
    <testcase time="0.000999999999976353" classname="TESTING_datachk" name="Check_TESTING_dataset"/>
    <testcase time="0.000999999999976353" classname="TESTING_datachk" name="Check_TESTING_dataset"/>
    <testcase time="0.00199999999995271" classname="TESTING_datachk" name="Check_TESTING_dataset"/>
    <testcase time="0.0790000000000646" classname="TESTING_datachk" name="Check_TESTING_dataset"/>
    <testcase time="0.00199999999995271" classname="TESTING_datachk" name="Check_TESTING_dataset"/>
    <testcase time="0.00100000000009004" classname="TESTING_datachk" name="Check_TESTING_dataset"/>
    <testcase time="0.00199999999995271" classname="TESTING_datachk" name="Check_TESTING_dataset"/>
    <testcase time="0.000999999999976353" classname="TESTING_datachk" name="Check_TESTING_dataset"/>
    <testcase time="0.000999999999976353" classname="TESTING_datachk" name="Check_TESTING_dataset"/>
    <testcase time="0.00200000000006639" classname="TESTING_datachk" name="Check_TESTING_dataset"/>
    <testcase time="0.0399999999999636" classname="TESTING_datachk" name="Check_TESTING_dataset"/>
    <testcase time="0.0080000000000382" classname="TESTING_datachk" name="Check_TESTING_dataset"/>
    <testcase time="0.00199999999995271" classname="TESTING_datachk" name="Check_TESTING_dataset"/>
    <testcase time="0.000999999999976353" classname="TESTING_datachk" name="Check_TESTING_dataset"/>
    <testcase time="0.00200000000006639" classname="TESTING_datachk" name="Check_TESTING_dataset"/>
    <testcase time="0.000999999999976353" classname="TESTING_datachk" name="Check_TESTING_dataset"/>
    <testcase time="0.000999999999976353" classname="TESTING_datachk" name="Check_TESTING_dataset"/>
    <testcase time="0.00200000000006639" classname="TESTING_datachk" name="Check_TESTING_dataset"/>
    <testcase time="0.000999999999976353" classname="TESTING_datachk" name="Check_TESTING_dataset"/>
    <testcase time="0.0789999999999509" classname="TESTING_datachk" name="Check_TESTING_dataset"/>
    <testcase time="0.00100000000009004" classname="TESTING_datachk" name="Check_TESTING_dataset"/>
    <testcase time="0.00199999999995271" classname="TESTING_datachk" name="Check_TESTING_dataset"/>
    <testcase time="0.000999999999976353" classname="TESTING_datachk" name="Check_TESTING_dataset"/>
    <testcase time="0.00200000000006639" classname="TESTING_datachk" name="Check_TESTING_dataset"/>
    <testcase time="0.000999999999976353" classname="TESTING_datachk" name="Check_TESTING_dataset"/>
    <testcase time="0.00199999999995271" classname="TESTING_datachk" name="Check_TESTING_dataset"/>
    <testcase time="0.04200000000003" classname="TESTING_datachk" name="Check_TESTING_dataset"/>
    <testcase time="0.00199999999995271" classname="TESTING_datachk" name="Check_TESTING_dataset"/>
    <testcase time="0.00100000000009004" classname="TESTING_datachk" name="Check_TESTING_dataset"/>
    <testcase time="0.00199999999995271" classname="TESTING_datachk" name="Check_TESTING_dataset"/>
    <testcase time="0.000999999999976353" classname="TESTING_datachk" name="Check_TESTING_dataset"/>
    <testcase time="0.00200000000006639" classname="TESTING_datachk" name="Check_TESTING_dataset"/>
    <testcase time="0.000999999999976353" classname="TESTING_datachk" name="Check_TESTING_dataset"/>
    <testcase time="0.00199999999995271" classname="TESTING_datachk" name="Check_TESTING_dataset"/>
    <testcase time="0.00100000000009004" classname="TESTING_datachk" name="Check_TESTING_dataset"/>
    <testcase time="0.0789999999999509" classname="TESTING_datachk" name="Check_TESTING_dataset"/>
    <testcase time="0.000999999999976353" classname="TESTING_datachk" name="Check_TESTING_dataset"/>
    <testcase time="0.00200000000006639" classname="TESTING_datachk" name="Check_TESTING_dataset"/>
    <testcase time="0.000999999999976353" classname="TESTING_datachk" name="Check_TESTING_dataset"/>
    <testcase time="0.00199999999995271" classname="TESTING_datachk" name="Check_TESTING_dataset"/>
    <testcase time="0.00100000000009004" classname="TESTING_datachk" name="Check_TESTING_dataset"/>
    <testcase time="0.00199999999995271" classname="TESTING_datachk" name="Check_TESTING_dataset"/>
    <testcase time="0.0410000000000537" classname="TESTING_datachk" name="Check_TESTING_dataset"/>
    <testcase time="0.000999999999976353" classname="TESTING_datachk" name="Check_TESTING_dataset"/>
    <testcase time="0.00199999999995271" classname="TESTING_datachk" name="Check_TESTING_dataset"/>
    <testcase time="0.000999999999976353" classname="TESTING_datachk" name="Check_TESTING_dataset"/>
    <testcase time="0.00200000000006639" classname="TESTING_datachk" name="Check_TESTING_dataset"/>
    <testcase time="0.00199999999995271" classname="TESTING_datachk" name="Check_TESTING_dataset"/>
    <testcase time="0.0080000000000382" classname="TESTING_datachk" name="Check_TESTING_dataset"/>
    <testcase time="0.000999999999976353" classname="TESTING_datachk" name="Check_TESTING_dataset"/>
    <testcase time="0.00200000000006639" classname="TESTING_datachk" name="Check_TESTING_dataset"/>
    <testcase time="0.0879999999999654" classname="TESTING_datachk" name="Check_TESTING_dataset"/>
    <testcase time="0.00199999999995271" classname="TESTING_datachk" name="Check_TESTING_dataset"/>
    <testcase time="0.00200000000006639" classname="TESTING_datachk" name="Check_TESTING_dataset"/>
    <testcase time="0.000999999999976353" classname="TESTING_datachk" name="Check_TESTING_dataset"/>
    <testcase time="0.00199999999995271" classname="TESTING_datachk" name="Check_TESTING_dataset"/>
    <testcase time="0.00200000000006639" classname="TESTING_datachk" name="Check_TESTING_dataset"/>
    <testcase time="0.00199999999995271" classname="TESTING_datachk" name="Check_TESTING_dataset"/>
    <testcase time="0.0399999999999636" classname="TESTING_datachk" name="Check_TESTING_dataset"/>
    <testcase time="0.00200000000006639" classname="TESTING_datachk" name="Check_TESTING_dataset"/>
    <testcase time="0.00199999999995271" classname="TESTING_datachk" name="Check_TESTING_dataset"/>
    <testcase time="0.00100000000009004" classname="TESTING_datachk" name="Check_TESTING_dataset"/>
    <testcase time="0.00199999999995271" classname="TESTING_datachk" name="Check_TESTING_dataset"/>
    <testcase time="0.00199999999995271" classname="TESTING_datachk" name="Check_TESTING_dataset"/>
    <testcase time="0.00100000000009004" classname="TESTING_datachk" name="Check_TESTING_dataset"/>
    <testcase time="0.00199999999995271" classname="TESTING_datachk" name="Check_TESTING_dataset"/>
    <testcase time="0.000999999999976353" classname="TESTING_datachk" name="Check_TESTING_dataset"/>
    <testcase time="0.0819999999999936" classname="TESTING_datachk" name="Check_TESTING_dataset"/>
    <testcase time="0.00200000000006639" classname="TESTING_datachk" name="Check_TESTING_dataset"/>
    <testcase time="0.000999999999976353" classname="TESTING_datachk" name="Check_TESTING_dataset"/>
    <testcase time="0.00199999999995271" classname="TESTING_datachk" name="Check_TESTING_dataset"/>
    <testcase time="0.00200000000006639" classname="TESTING_datachk" name="Check_TESTING_dataset"/>
    <testcase time="0.000999999999976353" classname="TESTING_datachk" name="Check_TESTING_dataset"/>
    <testcase time="0.00200000000006639" classname="TESTING_datachk" name="Check_TESTING_dataset"/>
    <testcase time="0.0419999999999163" classname="TESTING_datachk" name="Check_TESTING_dataset"/>
    <testcase time="0.00200000000006639" classname="TESTING_datachk" name="Check_TESTING_dataset"/>
    <testcase time="0.00199999999995271" classname="TESTING_datachk" name="Check_TESTING_dataset"/>
    <testcase time="0.000999999999976353" classname="TESTING_datachk" name="Check_TESTING_dataset"/>
    <testcase time="0.00200000000006639" classname="TESTING_datachk" name="Check_TESTING_dataset"/>
    <testcase time="0.00199999999995271" classname="TESTING_datachk" name="Check_TESTING_dataset"/>
    <testcase time="0.00200000000006639" classname="TESTING_datachk" name="Check_TESTING_dataset"/>
    <testcase time="0.00699999999994816" classname="TESTING_datachk" name="Check_TESTING_dataset"/>
    <testcase time="0.000999999999976353" classname="TESTING_datachk" name="Check_TESTING_dataset"/>
    <testcase time="0.0780000000000882" classname="TESTING_datachk" name="Check_TESTING_dataset"/>
    <testcase time="0.000999999999976353" classname="TESTING_datachk" name="Check_TESTING_dataset"/>
    <testcase time="0.00199999999995271" classname="TESTING_datachk" name="Check_TESTING_dataset"/>
    <testcase time="0.00200000000006639" classname="TESTING_datachk" name="Check_TESTING_dataset"/>
    <testcase time="0.00199999999995271" classname="TESTING_datachk" name="Check_TESTING_dataset"/>
    <testcase time="0.00100000000009004" classname="TESTING_datachk" name="Check_TESTING_dataset"/>
    <testcase time="0.00199999999995271" classname="TESTING_datachk" name="Check_TESTING_dataset"/>
    <testcase time="0.04200000000003" classname="TESTING_datachk" name="Check_TESTING_dataset"/>
    <testcase time="0.000999999999976353" classname="TESTING_datachk" name="Check_TESTING_dataset"/>
    <testcase time="0.00199999999995271" classname="TESTING_datachk" name="Check_TESTING_dataset"/>
    <testcase time="0.00200000000006639" classname="TESTING_datachk" name="Check_TESTING_dataset"/>
    <testcase time="0.00199999999995271" classname="TESTING_datachk" name="Check_TESTING_dataset"/>
    <testcase time="0.00200000000006639" classname="TESTING_datachk" name="Check_TESTING_dataset"/>
    <testcase time="0.000999999999976353" classname="TESTING_datachk" name="Check_TESTING_dataset"/>
    <testcase time="0.00199999999995271" classname="TESTING_datachk" name="Check_TESTING_dataset"/>
    <testcase time="0.00200000000006639" classname="TESTING_datachk" name="Check_TESTING_dataset"/>
    <testcase time="0.0809999999999036" classname="TESTING_datachk" name="Check_TESTING_dataset"/>
    <testcase time="0.00100000000009004" classname="TESTING_datachk" name="Check_TESTING_dataset"/>
    <testcase time="0.00199999999995271" classname="TESTING_datachk" name="Check_TESTING_dataset"/>
    <testcase time="0.00199999999995271" classname="TESTING_datachk" name="Check_TESTING_dataset"/>
    <testcase time="0.00200000000006639" classname="TESTING_datachk" name="Check_TESTING_dataset"/>
    <testcase time="0.00199999999995271" classname="TESTING_datachk" name="Check_TESTING_dataset"/>
    <testcase time="0.000999999999976353" classname="TESTING_datachk" name="Check_TESTING_dataset"/>
    <testcase time="0.0450000000000728" classname="TESTING_datachk" name="Check_TESTING_dataset"/>
    <testcase time="0.00199999999995271" classname="TESTING_datachk" name="Check_TESTING_dataset"/>
    <testcase time="0.00200000000006639" classname="TESTING_datachk" name="Check_TESTING_dataset"/>
    <testcase time="0.00199999999995271" classname="TESTING_datachk" name="Check_TESTING_dataset"/>
    <testcase time="0.00200000000006639" classname="TESTING_datachk" name="Check_TESTING_dataset"/>
    <testcase time="0.00799999999992451" classname="TESTING_datachk" name="Check_TESTING_dataset"/>
    <testcase time="0.00200000000006639" classname="TESTING_datachk" name="Check_TESTING_dataset"/>
    <testcase time="0.000999999999976353" classname="TESTING_datachk" name="Check_TESTING_dataset"/>
    <testcase time="0.00199999999995271" classname="TESTING_datachk" name="Check_TESTING_dataset"/>
    <testcase time="0.0800000000000409" classname="TESTING_datachk" name="Check_TESTING_dataset"/>
    <testcase time="0.00199999999995271" classname="TESTING_datachk" name="Check_TESTING_dataset"/>
    <testcase time="0.00200000000006639" classname="TESTING_datachk" name="Check_TESTING_dataset"/>
    <testcase time="0.00199999999995271" classname="TESTING_datachk" name="Check_TESTING_dataset"/>
    <testcase time="0.00200000000006639" classname="TESTING_datachk" name="Check_TESTING_dataset"/>
    <testcase time="0.000999999999976353" classname="TESTING_datachk" name="Check_TESTING_dataset"/>
    <testcase time="0.00199999999995271" classname="TESTING_datachk" name="Check_TESTING_dataset"/>
    <testcase time="0.0410000000000537" classname="TESTING_datachk" name="Check_TESTING_dataset"/>
    <testcase time="0.00199999999995271" classname="TESTING_datachk" name="Check_TESTING_dataset"/>
    <testcase time="0.00200000000006639" classname="TESTING_datachk" name="Check_TESTING_dataset"/>
    <testcase time="0.00199999999995271" classname="TESTING_datachk" name="Check_TESTING_dataset"/>
    <testcase time="0.00199999999995271" classname="TESTING_datachk" name="Check_TESTING_dataset"/>
    <testcase time="0.00200000000006639" classname="TESTING_datachk" name="Check_TESTING_dataset"/>
    <testcase time="0.000999999999976353" classname="TESTING_datachk" name="Check_TESTING_dataset"/>
    <testcase time="0.000999999999976353" classname="TESTING_datachk" name="Check_TESTING_dataset"/>
    <testcase time="0.00200000000006639" classname="TESTING_datachk" name="Check_TESTING_dataset"/>
    <testcase time="0.0799999999999272" classname="TESTING_datachk" name="Check_TESTING_dataset"/>
    <testcase time="0.00200000000006639" classname="TESTING_datachk" name="Check_TESTING_dataset"/>
    <testcase time="0.00199999999995271" classname="TESTING_datachk" name="Check_TESTING_dataset"/>
    <testcase time="0.00200000000006639" classname="TESTING_datachk" name="Check_TESTING_dataset"/>
    <testcase time="0.00199999999995271" classname="TESTING_datachk" name="Check_TESTING_dataset"/>
    <testcase time="0.00200000000006639" classname="TESTING_datachk" name="Check_TESTING_dataset"/>
    <testcase time="0.00199999999995271" classname="TESTING_datachk" name="Check_TESTING_dataset"/>
    <testcase time="0.04099999999994" classname="TESTING_datachk" name="Check_TESTING_dataset"/>
    <testcase time="0.0080000000000382" classname="TESTING_datachk" name="Check_TESTING_dataset"/>
    <testcase time="0.00300000000004275" classname="TESTING_datachk" name="Check_TESTING_dataset"/>
    <testcase time="0.000999999999976353" classname="TESTING_datachk" name="Check_TESTING_dataset"/>
    <testcase time="0.00199999999995271" classname="TESTING_datachk" name="Check_TESTING_dataset"/>
    <testcase time="0.00200000000006639" classname="TESTING_datachk" name="Check_TESTING_dataset"/>
    <testcase time="0.00199999999995271" classname="TESTING_datachk" name="Check_TESTING_dataset"/>
    <testcase time="0.00200000000006639" classname="TESTING_datachk" name="Check_TESTING_dataset"/>
    <testcase time="0.00199999999995271" classname="TESTING_datachk" name="Check_TESTING_dataset"/>
    <testcase time="0.0810000000000173" classname="TESTING_datachk" name="Check_TESTING_dataset"/>
    <testcase time="0.00199999999995271" classname="TESTING_datachk" name="Check_TESTING_dataset"/>
    <testcase time="0.00200000000006639" classname="TESTING_datachk" name="Check_TESTING_dataset"/>
    <testcase time="0.00199999999995271" classname="TESTING_datachk" name="Check_TESTING_dataset"/>
    <testcase time="0.00200000000006639" classname="TESTING_datachk" name="Check_TESTING_dataset"/>
    <testcase time="0.00199999999995271" classname="TESTING_datachk" name="Check_TESTING_dataset"/>
    <testcase time="0.00199999999995271" classname="TESTING_datachk" name="Check_TESTING_dataset"/>
    <testcase time="0.0410000000000537" classname="TESTING_datachk" name="Check_TESTING_dataset"/>
    <testcase time="0.00199999999995271" classname="TESTING_datachk" name="Check_TESTING_dataset"/>
    <testcase time="0.00200000000006639" classname="TESTING_datachk" name="Check_TESTING_dataset"/>
    <testcase time="0.000999999999976353" classname="TESTING_datachk" name="Check_TESTING_dataset"/>
    <testcase time="0.00300000000004275" classname="TESTING_datachk" name="Check_TESTING_dataset"/>
    <testcase time="0.000999999999976353" classname="TESTING_datachk" name="Check_TESTING_dataset"/>
    <testcase time="0.00199999999995271" classname="TESTING_datachk" name="Check_TESTING_dataset"/>
    <testcase time="0.00200000000006639" classname="TESTING_datachk" name="Check_TESTING_dataset"/>
    <testcase time="0.00199999999995271" classname="TESTING_datachk" name="Check_TESTING_dataset"/>
    <testcase time="0.0810000000000173" classname="TESTING_datachk" name="Check_TESTING_dataset"/>
    <testcase time="0.00200000000006639" classname="TESTING_datachk" name="Check_TESTING_dataset"/>
    <testcase time="0.00199999999995271" classname="TESTING_datachk" name="Check_TESTING_dataset"/>
    <testcase time="0.00199999999995271" classname="TESTING_datachk" name="Check_TESTING_dataset"/>
    <testcase time="0.00200000000006639" classname="TESTING_datachk" name="Check_TESTING_dataset"/>
    <testcase time="0.00199999999995271" classname="TESTING_datachk" name="Check_TESTING_dataset"/>
    <testcase time="0.00200000000006639" classname="TESTING_datachk" name="Check_TESTING_dataset"/>
    <testcase time="0.0489999999999782" classname="TESTING_datachk" name="Check_TESTING_dataset"/>
    <testcase time="0.00199999999995271" classname="TESTING_datachk" name="Check_TESTING_dataset"/>
    <testcase time="0.00300000000004275" classname="TESTING_datachk" name="Check_TESTING_dataset"/>
    <testcase time="0.00199999999995271" classname="TESTING_datachk" name="Check_TESTING_dataset"/>
    <testcase time="0.00200000000006639" classname="TESTING_datachk" name="Check_TESTING_dataset"/>
    <testcase time="0.00199999999995271" classname="TESTING_datachk" name="Check_TESTING_dataset"/>
    <testcase time="0.00199999999995271" classname="TESTING_datachk" name="Check_TESTING_dataset"/>
    <testcase time="0.00200000000006639" classname="TESTING_datachk" name="Check_TESTING_dataset"/>
    <testcase time="0.00199999999995271" classname="TESTING_datachk" name="Check_TESTING_dataset"/>
    <testcase time="0.0800000000000409" classname="TESTING_datachk" name="Check_TESTING_dataset"/>
    <testcase time="0.00199999999995271" classname="TESTING_datachk" name="Check_TESTING_dataset"/>
    <testcase time="0.00200000000006639" classname="TESTING_datachk" name="Check_TESTING_dataset"/>
    <testcase time="0.00199999999995271" classname="TESTING_datachk" name="Check_TESTING_dataset"/>
    <testcase time="0.00200000000006639" classname="TESTING_datachk" name="Check_TESTING_dataset"/>
    <testcase time="0.00199999999995271" classname="TESTING_datachk" name="Check_TESTING_dataset"/>
    <testcase time="0.00200000000006639" classname="TESTING_datachk" name="Check_TESTING_dataset"/>
    <testcase time="0.0399999999999636" classname="TESTING_datachk" name="Check_TESTING_dataset"/>
    <testcase time="0.00300000000004275" classname="TESTING_datachk" name="Check_TESTING_dataset"/>
    <testcase time="0.00199999999995271" classname="TESTING_datachk" name="Check_TESTING_dataset"/>
    <testcase time="0.00199999999995271" classname="TESTING_datachk" name="Check_TESTING_dataset"/>
    <testcase time="0.00200000000006639" classname="TESTING_datachk" name="Check_TESTING_dataset"/>
    <testcase time="0.00199999999995271" classname="TESTING_datachk" name="Check_TESTING_dataset"/>
    <testcase time="0.00200000000006639" classname="TESTING_datachk" name="Check_TESTING_dataset"/>
    <testcase time="0.00199999999995271" classname="TESTING_datachk" name="Check_TESTING_dataset"/>
    <testcase time="0.00200000000006639" classname="TESTING_datachk" name="Check_TESTING_dataset"/>
    <testcase time="0.0799999999999272" classname="TESTING_datachk" name="Check_TESTING_dataset"/>
    <testcase time="0.00200000000006639" classname="TESTING_datachk" name="Check_TESTING_dataset"/>
    <testcase time="0.00799999999992451" classname="TESTING_datachk" name="Check_TESTING_dataset"/>
    <testcase time="0.00200000000006639" classname="TESTING_datachk" name="Check_TESTING_dataset"/>
    <testcase time="0.00299999999992906" classname="TESTING_datachk" name="Check_TESTING_dataset"/>
    <testcase time="0.00200000000006639" classname="TESTING_datachk" name="Check_TESTING_dataset"/>
    <testcase time="0.00199999999995271" classname="TESTING_datachk" name="Check_TESTING_dataset"/>
    <testcase time="0.0410000000000537" classname="TESTING_datachk" name="Check_TESTING_dataset"/>
    <testcase time="0.00299999999992906" classname="TESTING_datachk" name="Check_TESTING_dataset"/>
    <testcase time="0.00200000000006639" classname="TESTING_datachk" name="Check_TESTING_dataset"/>
    <testcase time="0.00199999999995271" classname="TESTING_datachk" name="Check_TESTING_dataset"/>
    <testcase time="0.00200000000006639" classname="TESTING_datachk" name="Check_TESTING_dataset"/>
    <testcase time="0.00199999999995271" classname="TESTING_datachk" name="Check_TESTING_dataset"/>
    <testcase time="0.00199999999995271" classname="TESTING_datachk" name="Check_TESTING_dataset"/>
    <testcase time="0.00300000000004275" classname="TESTING_datachk" name="Check_TESTING_dataset"/>
    <testcase time="0.00199999999995271" classname="TESTING_datachk" name="Check_TESTING_dataset"/>
    <testcase time="0.0810000000000173" classname="TESTING_datachk" name="Check_TESTING_dataset"/>
    <testcase time="0.00300000000004275" classname="TESTING_datachk" name="Check_TESTING_dataset"/>
    <testcase time="0.00199999999995271" classname="TESTING_datachk" name="Check_TESTING_dataset"/>
    <testcase time="0.00200000000006639" classname="TESTING_datachk" name="Check_TESTING_dataset"/>
    <testcase time="0.00199999999995271" classname="TESTING_datachk" name="Check_TESTING_dataset"/>
    <testcase time="0.00200000000006639" classname="TESTING_datachk" name="Check_TESTING_dataset"/>
    <testcase time="0.00299999999992906" classname="TESTING_datachk" name="Check_TESTING_dataset"/>
    <testcase time="0.0410000000000537" classname="TESTING_datachk" name="Check_TESTING_dataset"/>
    <testcase time="0.00199999999995271" classname="TESTING_datachk" name="Check_TESTING_dataset"/>
    <testcase time="0.00300000000004275" classname="TESTING_datachk" name="Check_TESTING_dataset"/>
    <testcase time="0.00199999999995271" classname="TESTING_datachk" name="Check_TESTING_dataset"/>
    <testcase time="0.00200000000006639" classname="TESTING_datachk" name="Check_TESTING_dataset"/>
    <testcase time="0.00199999999995271" classname="TESTING_datachk" name="Check_TESTING_dataset"/>
    <testcase time="0.00300000000004275" classname="TESTING_datachk" name="Check_TESTING_dataset"/>
    <testcase time="0.00199999999995271" classname="TESTING_datachk" name="Check_TESTING_dataset"/>
    <testcase time="0.00199999999995271" classname="TESTING_datachk" name="Check_TESTING_dataset"/>
    <testcase time="0.0870000000001028" classname="TESTING_datachk" name="Check_TESTING_dataset"/>
    <testcase time="0.00199999999995271" classname="TESTING_datachk" name="Check_TESTING_dataset"/>
    <testcase time="0.00199999999995271" classname="TESTING_datachk" name="Check_TESTING_dataset"/>
    <testcase time="0.00300000000004275" classname="TESTING_datachk" name="Check_TESTING_dataset"/>
    <testcase time="0.00199999999995271" classname="TESTING_datachk" name="Check_TESTING_dataset"/>
    <testcase time="0.00200000000006639" classname="TESTING_datachk" name="Check_TESTING_dataset"/>
    <testcase time="0.00199999999995271" classname="TESTING_datachk" name="Check_TESTING_dataset"/>
    <testcase time="0.04200000000003" classname="TESTING_datachk" name="Check_TESTING_dataset"/>
    <testcase time="0.00199999999995271" classname="TESTING_datachk" name="Check_TESTING_dataset"/>
    <testcase time="0.00300000000004275" classname="TESTING_datachk" name="Check_TESTING_dataset"/>
    <testcase time="0.00199999999995271" classname="TESTING_datachk" name="Check_TESTING_dataset"/>
    <testcase time="0.00200000000006639" classname="TESTING_datachk" name="Check_TESTING_dataset"/>
    <testcase time="0.00199999999995271" classname="TESTING_datachk" name="Check_TESTING_dataset"/>
    <testcase time="0.00300000000004275" classname="TESTING_datachk" name="Check_TESTING_dataset"/>
    <testcase time="0.00199999999995271" classname="TESTING_datachk" name="Check_TESTING_dataset"/>
    <testcase time="0.00200000000006639" classname="TESTING_datachk" name="Check_TESTING_dataset"/>
  </testsuite>
  <testsuite name="TESTING::datachk::shutdown" timestamp="2025-10-28T12:30:09Z" hostname="runnervmwhb2z" tests="3" skipped="0" failures="0" errors="0" time="0.05">
    <testcase time="0.0480000000000018" classname="TESTING_datachk_shutdown" name="shutdown"/>
    <testcase time="0.000999999999976353" classname="TESTING_datachk_shutdown" name="shutdown"/>
    <testcase time="0.000999999999976353" classname="TESTING_datachk_shutdown" name="shutdown"/>
  </testsuite>
  <testsuite name="TESTING::datachk::done" timestamp="2025-10-28T12:30:10Z" hostname="runnervmwhb2z" tests="0" skipped="0" failures="0" errors="0" time="0"/>
  <testsuite name="disc-ds.cor" timestamp="2025-10-28T12:30:10Z" hostname="runnervmwhb2z" tests="0" skipped="0" failures="0" errors="0" time="0"/>
  <testsuite name="ds.cor::disc::setup" timestamp="2025-10-28T12:30:10Z" hostname="runnervmwhb2z" tests="3" skipped="0" failures="0" errors="0" time="7.329">
    <testcase time="7.327" classname="ds.cor_disc_setup" name="setup"/>
    <testcase time="0.000999999999976353" classname="ds.cor_disc_setup" name="setup"/>
    <testcase time="0.00100000000009004" classname="ds.cor_disc_setup" name="setup"/>
  </testsuite>
  <testsuite name="ds.cor::disc" timestamp="2025-10-28T12:30:17Z" hostname="runnervmwhb2z" tests="21" skipped="2" failures="0" errors="0" time="1.911">
    <testcase time="1.61599999999999" classname="ds.cor_disc" name="simple_D3_setup"/>
    <testcase time="0.000999999999976353" classname="ds.cor_disc" name="simple_D3_setup"/>
    <testcase time="0.00199999999995271" classname="ds.cor_disc" name="simple_D3_setup"/>
    <testcase time="0.000999999999976353" classname="ds.cor_disc" name="simple_D3_setup"/>
    <testcase time="0.00100000000009004" classname="ds.cor_disc" name="simple_D3_setup"/>
    <testcase time="0.000999999999976353" classname="ds.cor_disc" name="simple_D3_setup"/>
    <testcase time="0.00199999999995271" classname="ds.cor_disc" name="simple_D3_setup"/>
    <testcase time="0.00100000000009004" classname="ds.cor_disc" name="simple_D3_setup"/>
    <testcase time="0.000999999999976353" classname="ds.cor_disc" name="simple_D3_setup"/>
    <testcase time="0.00199999999995271" classname="ds.cor_disc" name="simple_D3_setup"/>
    <testcase time="0.000999999999976353" classname="ds.cor_disc" name="simple_D3_setup"/>
    <testcase time="0.00100000000009004" classname="ds.cor_disc" name="simple_D3_setup"/>
    <testcase time="0.00199999999995271" classname="ds.cor_disc" name="simple_D3_setup"/>
    <testcase time="0.130999999999972" classname="ds.cor_disc" name="simple_disc_test_type_split_"/>
    <testcase time="0.000999999999976353" classname="ds.cor_disc" name="simple_disc_test_type_split_"/>
    <testcase time="0.00200000000006639" classname="ds.cor_disc" name="simple_disc_test_type_split_"/>
    <testcase time="0.00299999999992906" classname="ds.cor_disc" name="simple_disc_test_naAction_pairwise.complete_type_split_">
      <skipped message="Reason: empty test ('test-disc-ds.cor.R:59:1')"/>
    </testcase>
    <testcase time="0.136000000000081" classname="ds.cor_disc" name="simple_disc_test_type_combine_"/>
    <testcase time="0.000999999999976353" classname="ds.cor_disc" name="simple_disc_test_type_combine_"/>
    <testcase time="0.000999999999976353" classname="ds.cor_disc" name="simple_disc_test_type_combine_"/>
    <testcase time="0.0040000000000191" classname="ds.cor_disc" name="simple_disc_test_naAction_pairwise.complete_type_combine_">
      <skipped message="Reason: empty test ('test-disc-ds.cor.R:93:1')"/>
    </testcase>
  </testsuite>
  <testsuite name="ds.cor::disc::shutdown" timestamp="2025-10-28T12:30:19Z" hostname="runnervmwhb2z" tests="3" skipped="0" failures="0" errors="0" time="0.078">
    <testcase time="0.06899999999996" classname="ds.cor_disc_shutdown" name="shutdown"/>
    <testcase time="0.0080000000000382" classname="ds.cor_disc_shutdown" name="shutdown"/>
    <testcase time="0.000999999999976353" classname="ds.cor_disc_shutdown" name="shutdown"/>
  </testsuite>
  <testsuite name="ds.cor::disc::done" timestamp="2025-10-28T12:30:19Z" hostname="runnervmwhb2z" tests="0" skipped="0" failures="0" errors="0" time="0"/>
  <testsuite name="disc-ds.cov" timestamp="2025-10-28T12:30:19Z" hostname="runnervmwhb2z" tests="0" skipped="0" failures="0" errors="0" time="0"/>
  <testsuite name="ds.cov::disc::setup" timestamp="2025-10-28T12:30:19Z" hostname="runnervmwhb2z" tests="3" skipped="0" failures="0" errors="0" time="7.344">
    <testcase time="7.34100000000001" classname="ds.cov_disc_setup" name="setup"/>
    <testcase time="0.00200000000006639" classname="ds.cov_disc_setup" name="setup"/>
    <testcase time="0.000999999999976353" classname="ds.cov_disc_setup" name="setup"/>
  </testsuite>
  <testsuite name="ds.cov::disc" timestamp="2025-10-28T12:30:26Z" hostname="runnervmwhb2z" tests="33" skipped="2" failures="0" errors="0" time="1.852">
    <testcase time="1.57299999999998" classname="ds.cov_disc" name="simple_D3_setup"/>
    <testcase time="0.000999999999976353" classname="ds.cov_disc" name="simple_D3_setup"/>
    <testcase time="0.00200000000006639" classname="ds.cov_disc" name="simple_D3_setup"/>
    <testcase time="0.000999999999976353" classname="ds.cov_disc" name="simple_D3_setup"/>
    <testcase time="0.000999999999976353" classname="ds.cov_disc" name="simple_D3_setup"/>
    <testcase time="0.000999999999976353" classname="ds.cov_disc" name="simple_D3_setup"/>
    <testcase time="0.00200000000006639" classname="ds.cov_disc" name="simple_D3_setup"/>
    <testcase time="0.000999999999976353" classname="ds.cov_disc" name="simple_D3_setup"/>
    <testcase time="0.000999999999976353" classname="ds.cov_disc" name="simple_D3_setup"/>
    <testcase time="0.000999999999976353" classname="ds.cov_disc" name="simple_D3_setup"/>
    <testcase time="0.000999999999976353" classname="ds.cov_disc" name="simple_D3_setup"/>
    <testcase time="0.00200000000006639" classname="ds.cov_disc" name="simple_D3_setup"/>
    <testcase time="0.000999999999976353" classname="ds.cov_disc" name="simple_D3_setup"/>
    <testcase time="0.115000000000009" classname="ds.cov_disc" name="simple_disc_test_naAction_casewise.complete_type_split_"/>
    <testcase time="0.00199999999995271" classname="ds.cov_disc" name="simple_disc_test_naAction_casewise.complete_type_split_"/>
    <testcase time="0.00100000000009004" classname="ds.cov_disc" name="simple_disc_test_naAction_casewise.complete_type_split_"/>
    <testcase time="0.00299999999992906" classname="ds.cov_disc" name="simple_disc_test_naAction_casewise.complete_type_split_"/>
    <testcase time="0.000999999999976353" classname="ds.cov_disc" name="simple_disc_test_naAction_casewise.complete_type_split_"/>
    <testcase time="0.00100000000009004" classname="ds.cov_disc" name="simple_disc_test_naAction_casewise.complete_type_split_"/>
    <testcase time="0.000999999999976353" classname="ds.cov_disc" name="simple_disc_test_naAction_casewise.complete_type_split_"/>
    <testcase time="0.00199999999995271" classname="ds.cov_disc" name="simple_disc_test_naAction_casewise.complete_type_split_"/>
    <testcase time="0.00100000000009004" classname="ds.cov_disc" name="simple_disc_test_naAction_casewise.complete_type_split_"/>
    <testcase time="0.00199999999995271" classname="ds.cov_disc" name="simple_disc_test_naAction_casewise.complete_type_split_"/>
    <testcase time="0.0040000000000191" classname="ds.cov_disc" name="simple_disc_test_naAction_pairwise.complete_type_split_">
      <skipped message="Reason: empty test ('test-disc-ds.cov.R:64:1')"/>
    </testcase>
    <testcase time="0.115000000000009" classname="ds.cov_disc" name="simple_disc_test_naAction_casewise.complete_type_combine_"/>
    <testcase time="0.00199999999995271" classname="ds.cov_disc" name="simple_disc_test_naAction_casewise.complete_type_combine_"/>
    <testcase time="0.000999999999976353" classname="ds.cov_disc" name="simple_disc_test_naAction_casewise.complete_type_combine_"/>
    <testcase time="0.00300000000004275" classname="ds.cov_disc" name="simple_disc_test_naAction_casewise.complete_type_combine_"/>
    <testcase time="0.000999999999976353" classname="ds.cov_disc" name="simple_disc_test_naAction_casewise.complete_type_combine_"/>
    <testcase time="0.000999999999976353" classname="ds.cov_disc" name="simple_disc_test_naAction_casewise.complete_type_combine_"/>
    <testcase time="0.00200000000006639" classname="ds.cov_disc" name="simple_disc_test_naAction_casewise.complete_type_combine_"/>
    <testcase time="0.00199999999995271" classname="ds.cov_disc" name="simple_disc_test_naAction_casewise.complete_type_combine_"/>
    <testcase time="0.0040000000000191" classname="ds.cov_disc" name="simple_disc_test_naAction_pairwise.complete_type_combine_">
      <skipped message="Reason: empty test ('test-disc-ds.cov.R:92:1')"/>
    </testcase>
  </testsuite>
  <testsuite name="ds.cov::disc::shutdown" timestamp="2025-10-28T12:30:28Z" hostname="runnervmwhb2z" tests="3" skipped="0" failures="0" errors="0" time="0.061">
    <testcase time="0.0589999999999691" classname="ds.cov_disc_shutdown" name="shutdown"/>
    <testcase time="0.000999999999976353" classname="ds.cov_disc_shutdown" name="shutdown"/>
    <testcase time="0.00100000000009004" classname="ds.cov_disc_shutdown" name="shutdown"/>
  </testsuite>
  <testsuite name="ds.cov::disc::done" timestamp="2025-10-28T12:30:28Z" hostname="runnervmwhb2z" tests="0" skipped="0" failures="0" errors="0" time="0"/>
  <testsuite name="disc-ds.levels" timestamp="2025-10-28T12:30:28Z" hostname="runnervmwhb2z" tests="0" skipped="0" failures="0" errors="0" time="0"/>
  <testsuite name="ds.levels::disc::setup" timestamp="2025-10-28T12:30:28Z" hostname="runnervmwhb2z" tests="3" skipped="0" failures="0" errors="0" time="7.297">
    <testcase time="7.29399999999998" classname="ds.levels_disc_setup" name="setup"/>
    <testcase time="0.00199999999995271" classname="ds.levels_disc_setup" name="setup"/>
    <testcase time="0.000999999999976353" classname="ds.levels_disc_setup" name="setup"/>
  </testsuite>
  <testsuite name="ds.levels::disc" timestamp="2025-10-28T12:30:35Z" hostname="runnervmwhb2z" tests="1" skipped="1" failures="0" errors="0" time="0.005">
    <testcase time="0.00500000000010914" classname="ds.levels_disc" name="simple_levels">
      <skipped message="Reason: empty test ('test-disc-ds.levels.R:27:1')"/>
    </testcase>
  </testsuite>
  <testsuite name="ds.levels::disc::shutdown" timestamp="2025-10-28T12:30:35Z" hostname="runnervmwhb2z" tests="3" skipped="0" failures="0" errors="0" time="0.057">
    <testcase time="0.0539999999999736" classname="ds.levels_disc_shutdown" name="shutdown"/>
    <testcase time="0.00199999999995271" classname="ds.levels_disc_shutdown" name="shutdown"/>
    <testcase time="0.000999999999976353" classname="ds.levels_disc_shutdown" name="shutdown"/>
  </testsuite>
  <testsuite name="ds.levels::disc::done" timestamp="2025-10-28T12:30:36Z" hostname="runnervmwhb2z" tests="0" skipped="0" failures="0" errors="0" time="0"/>
  <testsuite name="disc-ds.mean" timestamp="2025-10-28T12:30:36Z" hostname="runnervmwhb2z" tests="0" skipped="0" failures="0" errors="0" time="0"/>
  <testsuite name="ds.mean::disc::type=both" timestamp="2025-10-28T12:30:43Z" hostname="runnervmwhb2z" tests="1" skipped="1" failures="0" errors="0" time="7.213">
    <testcase time="7.21300000000008" classname="ds.mean_disc_type_both" name="mean_values_both_">
      <skipped message="Reason: empty test ('test-disc-ds.mean.R:22:1')"/>
    </testcase>
  </testsuite>
  <testsuite name="disc-ds.meanByClass" timestamp="2025-10-28T12:30:43Z" hostname="runnervmwhb2z" tests="0" skipped="0" failures="0" errors="0" time="0"/>
  <testsuite name="ds.meanByClass::disc::setup" timestamp="2025-10-28T12:30:43Z" hostname="runnervmwhb2z" tests="0" skipped="0" failures="0" errors="0" time="0"/>
  <testsuite name="ds.meanByClass::disc::test errors" timestamp="2025-10-28T12:30:50Z" hostname="runnervmwhb2z" tests="1" skipped="1" failures="0" errors="0" time="7.238">
    <testcase time="7.23799999999994" classname="ds.meanByClass_disc_test_errors" name="meanByClass_erros">
      <skipped message="Reason: empty test ('test-disc-ds.meanByClass.R:24:1')"/>
    </testcase>
  </testsuite>
  <testsuite name="ds.meanByClass::disc::teardown" timestamp="2025-10-28T12:30:50Z" hostname="runnervmwhb2z" tests="0" skipped="0" failures="0" errors="0" time="0"/>
  <testsuite name="ds.meanByClass::disc::done" timestamp="2025-10-28T12:30:50Z" hostname="runnervmwhb2z" tests="0" skipped="0" failures="0" errors="0" time="0"/>
  <testsuite name="disc-ds.sample" timestamp="2025-10-28T12:30:50Z" hostname="runnervmwhb2z" tests="0" skipped="0" failures="0" errors="0" time="0"/>
  <testsuite name="ds.sample::disc::setup" timestamp="2025-10-28T12:30:50Z" hostname="runnervmwhb2z" tests="0" skipped="0" failures="0" errors="0" time="0"/>
  <testsuite name="ds.sample::disc::test disclosure" timestamp="2025-10-28T12:30:57Z" hostname="runnervmwhb2z" tests="22" skipped="0" failures="0" errors="0" time="8.034">
    <testcase time="7.38300000000004" classname="ds.sample_disc_test_disclosure" name="cov_erros"/>
    <testcase time="0.000999999999976353" classname="ds.sample_disc_test_disclosure" name="cov_erros"/>
    <testcase time="0.000999999999976353" classname="ds.sample_disc_test_disclosure" name="cov_erros"/>
    <testcase time="0.00200000000006639" classname="ds.sample_disc_test_disclosure" name="cov_erros"/>
    <testcase time="0.000999999999976353" classname="ds.sample_disc_test_disclosure" name="cov_erros"/>
    <testcase time="0.119000000000028" classname="ds.sample_disc_test_disclosure" name="cov_erros"/>
    <testcase time="0.00199999999995271" classname="ds.sample_disc_test_disclosure" name="cov_erros"/>
    <testcase time="0.000999999999976353" classname="ds.sample_disc_test_disclosure" name="cov_erros"/>
    <testcase time="0.000999999999976353" classname="ds.sample_disc_test_disclosure" name="cov_erros"/>
    <testcase time="0.00200000000006639" classname="ds.sample_disc_test_disclosure" name="cov_erros"/>
    <testcase time="0.111999999999966" classname="ds.sample_disc_test_disclosure" name="cov_erros"/>
    <testcase time="0.00200000000006639" classname="ds.sample_disc_test_disclosure" name="cov_erros"/>
    <testcase time="0.000999999999976353" classname="ds.sample_disc_test_disclosure" name="cov_erros"/>
    <testcase time="0.000999999999976353" classname="ds.sample_disc_test_disclosure" name="cov_erros"/>
    <testcase time="0.00199999999995271" classname="ds.sample_disc_test_disclosure" name="cov_erros"/>
    <testcase time="0.201000000000022" classname="ds.sample_disc_test_disclosure" name="cov_erros"/>
    <testcase time="0.00200000000006639" classname="ds.sample_disc_test_disclosure" name="cov_erros"/>
    <testcase time="0.000999999999976353" classname="ds.sample_disc_test_disclosure" name="cov_erros"/>
    <testcase time="0.19399999999996" classname="ds.sample_disc_test_disclosure" name="cov_erros"/>
    <testcase time="0.00200000000006639" classname="ds.sample_disc_test_disclosure" name="cov_erros"/>
    <testcase time="0.000999999999976353" classname="ds.sample_disc_test_disclosure" name="cov_erros"/>
    <testcase time="0.00199999999995271" classname="ds.sample_disc_test_disclosure" name="cov_erros"/>
  </testsuite>
  <testsuite name="ds.sample::disc::shutdown" timestamp="2025-10-28T12:30:58Z" hostname="runnervmwhb2z" tests="0" skipped="0" failures="0" errors="0" time="0"/>
  <testsuite name="ds.sample::disc::done" timestamp="2025-10-28T12:30:58Z" hostname="runnervmwhb2z" tests="0" skipped="0" failures="0" errors="0" time="0"/>
  <testsuite name="disc-ds.table" timestamp="2025-10-28T12:30:58Z" hostname="runnervmwhb2z" tests="0" skipped="0" failures="0" errors="0" time="0"/>
  <testsuite name="ds.table::disc::setup::phase 1" timestamp="2025-10-28T12:30:58Z" hostname="runnervmwhb2z" tests="3" skipped="0" failures="0" errors="0" time="7.626">
    <testcase time="7.62300000000005" classname="ds.table_disc_setup_phase_1" name="setup"/>
    <testcase time="0.00199999999995271" classname="ds.table_disc_setup_phase_1" name="setup"/>
    <testcase time="0.000999999999976353" classname="ds.table_disc_setup_phase_1" name="setup"/>
  </testsuite>
  <testsuite name="ds.table::disc::tests::phase 1::table.assign=FALSE" timestamp="2025-10-28T12:31:05Z" hostname="runnervmwhb2z" tests="7" skipped="0" failures="0" errors="0" time="0.712">
    <testcase time="0.705000000000041" classname="ds.table_disc_tests_phase_1_table.assign_FALSE" name="table_disclosure_table.assign_FALSE"/>
    <testcase time="0.000999999999976353" classname="ds.table_disc_tests_phase_1_table.assign_FALSE" name="table_disclosure_table.assign_FALSE"/>
    <testcase time="0.00100000000009004" classname="ds.table_disc_tests_phase_1_table.assign_FALSE" name="table_disclosure_table.assign_FALSE"/>
    <testcase time="0.000999999999976353" classname="ds.table_disc_tests_phase_1_table.assign_FALSE" name="table_disclosure_table.assign_FALSE"/>
    <testcase time="0.00199999999995271" classname="ds.table_disc_tests_phase_1_table.assign_FALSE" name="table_disclosure_table.assign_FALSE"/>
    <testcase time="0.000999999999976353" classname="ds.table_disc_tests_phase_1_table.assign_FALSE" name="table_disclosure_table.assign_FALSE"/>
    <testcase time="0.00100000000009004" classname="ds.table_disc_tests_phase_1_table.assign_FALSE" name="table_disclosure_table.assign_FALSE"/>
  </testsuite>
  <testsuite name="ds.table::disc::tests::phase 1::table.assign=TRUE" timestamp="2025-10-28T12:31:06Z" hostname="runnervmwhb2z" tests="1" skipped="0" failures="0" errors="0" time="0.781">
    <testcase time="0.780999999999949" classname="ds.table_disc_tests_phase_1_table.assign_TRUE" name="table_disclosure_table.assign_TRUE"/>
  </testsuite>
  <testsuite name="ds.table::disc::test rvar is big numeric" timestamp="2025-10-28T12:31:07Z" hostname="runnervmwhb2z" tests="5" skipped="0" failures="0" errors="0" time="0.12">
    <testcase time="0.115000000000009" classname="ds.table_disc_test_rvar_is_big_numeric" name="table_rvar_is_big_numeric"/>
    <testcase time="0.000999999999976353" classname="ds.table_disc_test_rvar_is_big_numeric" name="table_rvar_is_big_numeric"/>
    <testcase time="0.000999999999976353" classname="ds.table_disc_test_rvar_is_big_numeric" name="table_rvar_is_big_numeric"/>
    <testcase time="0.00200000000006639" classname="ds.table_disc_test_rvar_is_big_numeric" name="table_rvar_is_big_numeric"/>
    <testcase time="0.000999999999976353" classname="ds.table_disc_test_rvar_is_big_numeric" name="table_rvar_is_big_numeric"/>
  </testsuite>
  <testsuite name="ds.table::disc::shutdown::phase 1" timestamp="2025-10-28T12:31:07Z" hostname="runnervmwhb2z" tests="3" skipped="0" failures="0" errors="0" time="0.055">
    <testcase time="0.0520000000000209" classname="ds.table_disc_shutdown_phase_1" name="setup"/>
    <testcase time="0.00199999999995271" classname="ds.table_disc_shutdown_phase_1" name="setup"/>
    <testcase time="0.000999999999976353" classname="ds.table_disc_shutdown_phase_1" name="setup"/>
  </testsuite>
  <testsuite name="ds.table::disc::setup::phase 2" timestamp="2025-10-28T12:31:07Z" hostname="runnervmwhb2z" tests="3" skipped="0" failures="0" errors="0" time="7.279">
    <testcase time="7.27600000000007" classname="ds.table_disc_setup_phase_2" name="setup"/>
    <testcase time="0.00199999999995271" classname="ds.table_disc_setup_phase_2" name="setup"/>
    <testcase time="0.000999999999976353" classname="ds.table_disc_setup_phase_2" name="setup"/>
  </testsuite>
  <testsuite name="ds.table::disc::tests::phase 2::table.assign=FALSE" timestamp="2025-10-28T12:31:14Z" hostname="runnervmwhb2z" tests="7" skipped="0" failures="0" errors="0" time="0.215">
    <testcase time="0.208000000000084" classname="ds.table_disc_tests_phase_2_table.assign_FALSE" name="table_disclosure_table.assign_FALSE"/>
    <testcase time="0.000999999999976353" classname="ds.table_disc_tests_phase_2_table.assign_FALSE" name="table_disclosure_table.assign_FALSE"/>
    <testcase time="0.00199999999995271" classname="ds.table_disc_tests_phase_2_table.assign_FALSE" name="table_disclosure_table.assign_FALSE"/>
    <testcase time="0.00100000000009004" classname="ds.table_disc_tests_phase_2_table.assign_FALSE" name="table_disclosure_table.assign_FALSE"/>
    <testcase time="0.000999999999976353" classname="ds.table_disc_tests_phase_2_table.assign_FALSE" name="table_disclosure_table.assign_FALSE"/>
    <testcase time="0.000999999999976353" classname="ds.table_disc_tests_phase_2_table.assign_FALSE" name="table_disclosure_table.assign_FALSE"/>
    <testcase time="0.000999999999976353" classname="ds.table_disc_tests_phase_2_table.assign_FALSE" name="table_disclosure_table.assign_FALSE"/>
  </testsuite>
  <testsuite name="ds.table::disc::tests::phase 2::table.assign=TRUE" timestamp="2025-10-28T12:31:15Z" hostname="runnervmwhb2z" tests="1" skipped="0" failures="0" errors="0" time="0.267">
    <testcase time="0.267000000000053" classname="ds.table_disc_tests_phase_2_table.assign_TRUE" name="table_disclosure_table.assign_TRUE"/>
  </testsuite>
  <testsuite name="ds.table::disc::shutdown::phase 2" timestamp="2025-10-28T12:31:15Z" hostname="runnervmwhb2z" tests="3" skipped="0" failures="0" errors="0" time="0.047">
    <testcase time="0.0449999999999591" classname="ds.table_disc_shutdown_phase_2" name="setup"/>
    <testcase time="0.000999999999976353" classname="ds.table_disc_shutdown_phase_2" name="setup"/>
    <testcase time="0.000999999999976353" classname="ds.table_disc_shutdown_phase_2" name="setup"/>
  </testsuite>
  <testsuite name="ds.table::disc::done" timestamp="2025-10-28T12:31:15Z" hostname="runnervmwhb2z" tests="0" skipped="0" failures="0" errors="0" time="0"/>
  <testsuite name="disc-ds.var" timestamp="2025-10-28T12:31:15Z" hostname="runnervmwhb2z" tests="0" skipped="0" failures="0" errors="0" time="0"/>
  <testsuite name="ds.var::disc::type=both" timestamp="2025-10-28T12:31:22Z" hostname="runnervmwhb2z" tests="1" skipped="1" failures="0" errors="0" time="7.297">
    <testcase time="7.29700000000003" classname="ds.var_disc_type_both" name="var_values_both_">
      <skipped message="Reason: empty test ('test-disc-ds.var.R:22:1')"/>
    </testcase>
  </testsuite>
  <testsuite name="expt-ds.dataFrame" timestamp="2025-10-28T12:31:22Z" hostname="runnervmwhb2z" tests="0" skipped="0" failures="0" errors="0" time="0"/>
  <testsuite name="ds.dataFrame::expt::setup" timestamp="2025-10-28T12:31:22Z" hostname="runnervmwhb2z" tests="0" skipped="0" failures="0" errors="0" time="0"/>
  <testsuite name="ds.dataFrame::expt::one_column::single" timestamp="2025-10-28T12:31:22Z" hostname="runnervmwhb2z" tests="24" skipped="0" failures="0" errors="0" time="4.463">
    <testcase time="3.42500000000007" classname="ds.dataFrame_expt_one_column_single" name="numeric_data"/>
    <testcase time="0.00199999999995271" classname="ds.dataFrame_expt_one_column_single" name="numeric_data"/>
    <testcase time="0.000999999999976353" classname="ds.dataFrame_expt_one_column_single" name="numeric_data"/>
    <testcase time="0.150000000000091" classname="ds.dataFrame_expt_one_column_single" name="numeric_data"/>
    <testcase time="0.00299999999992906" classname="ds.dataFrame_expt_one_column_single" name="numeric_data"/>
    <testcase time="0.00100000000009004" classname="ds.dataFrame_expt_one_column_single" name="numeric_data"/>
    <testcase time="0.138999999999896" classname="ds.dataFrame_expt_one_column_single" name="numeric_data"/>
    <testcase time="0.00499999999999545" classname="ds.dataFrame_expt_one_column_single" name="numeric_data"/>
    <testcase time="0.00200000000006639" classname="ds.dataFrame_expt_one_column_single" name="numeric_data"/>
    <testcase time="0.143000000000029" classname="ds.dataFrame_expt_one_column_single" name="numeric_data"/>
    <testcase time="0.00299999999992906" classname="ds.dataFrame_expt_one_column_single" name="numeric_data"/>
    <testcase time="0.000999999999976353" classname="ds.dataFrame_expt_one_column_single" name="numeric_data"/>
    <testcase time="0.148000000000025" classname="ds.dataFrame_expt_one_column_single" name="numeric_data"/>
    <testcase time="0.00300000000004275" classname="ds.dataFrame_expt_one_column_single" name="numeric_data"/>
    <testcase time="0.000999999999976353" classname="ds.dataFrame_expt_one_column_single" name="numeric_data"/>
    <testcase time="0.134999999999991" classname="ds.dataFrame_expt_one_column_single" name="numeric_data"/>
    <testcase time="0.00300000000004275" classname="ds.dataFrame_expt_one_column_single" name="numeric_data"/>
    <testcase time="0.000999999999976353" classname="ds.dataFrame_expt_one_column_single" name="numeric_data"/>
    <testcase time="0.145999999999958" classname="ds.dataFrame_expt_one_column_single" name="numeric_data"/>
    <testcase time="0.00300000000004275" classname="ds.dataFrame_expt_one_column_single" name="numeric_data"/>
    <testcase time="0.000999999999976353" classname="ds.dataFrame_expt_one_column_single" name="numeric_data"/>
    <testcase time="0.143000000000029" classname="ds.dataFrame_expt_one_column_single" name="numeric_data"/>
    <testcase time="0.00300000000004275" classname="ds.dataFrame_expt_one_column_single" name="numeric_data"/>
    <testcase time="0.000999999999976353" classname="ds.dataFrame_expt_one_column_single" name="numeric_data"/>
  </testsuite>
  <testsuite name="ds.dataFrame::expt::several_columns::single" timestamp="2025-10-28T12:31:27Z" hostname="runnervmwhb2z" tests="12" skipped="0" failures="0" errors="0" time="3.384">
    <testcase time="3.18399999999997" classname="ds.dataFrame_expt_several_columns_single" name="numeric_data"/>
    <testcase time="0.00199999999995271" classname="ds.dataFrame_expt_several_columns_single" name="numeric_data"/>
    <testcase time="0.00199999999995271" classname="ds.dataFrame_expt_several_columns_single" name="numeric_data"/>
    <testcase time="0.00100000000020373" classname="ds.dataFrame_expt_several_columns_single" name="numeric_data"/>
    <testcase time="0.000999999999976353" classname="ds.dataFrame_expt_several_columns_single" name="numeric_data"/>
    <testcase time="0.000999999999976353" classname="ds.dataFrame_expt_several_columns_single" name="numeric_data"/>
    <testcase time="0.184999999999945" classname="ds.dataFrame_expt_several_columns_single" name="numeric_data"/>
    <testcase time="0.00199999999995271" classname="ds.dataFrame_expt_several_columns_single" name="numeric_data"/>
    <testcase time="0.00199999999995271" classname="ds.dataFrame_expt_several_columns_single" name="numeric_data"/>
    <testcase time="0.00100000000020373" classname="ds.dataFrame_expt_several_columns_single" name="numeric_data"/>
    <testcase time="0.000999999999976353" classname="ds.dataFrame_expt_several_columns_single" name="numeric_data"/>
    <testcase time="0.00199999999995271" classname="ds.dataFrame_expt_several_columns_single" name="numeric_data"/>
  </testsuite>
  <testsuite name="ds.dataFrame::expt::one_column::multiple" timestamp="2025-10-28T12:31:30Z" hostname="runnervmwhb2z" tests="40" skipped="0" failures="0" errors="0" time="10.769">
    <testcase time="7.77399999999989" classname="ds.dataFrame_expt_one_column_multiple" name="numeric_data"/>
    <testcase time="0.00300000000015643" classname="ds.dataFrame_expt_one_column_multiple" name="numeric_data"/>
    <testcase time="0.00299999999992906" classname="ds.dataFrame_expt_one_column_multiple" name="numeric_data"/>
    <testcase time="0.00199999999995271" classname="ds.dataFrame_expt_one_column_multiple" name="numeric_data"/>
    <testcase time="0.00199999999995271" classname="ds.dataFrame_expt_one_column_multiple" name="numeric_data"/>
    <testcase time="0.435000000000173" classname="ds.dataFrame_expt_one_column_multiple" name="numeric_data"/>
    <testcase time="0.00199999999995271" classname="ds.dataFrame_expt_one_column_multiple" name="numeric_data"/>
    <testcase time="0.00299999999992906" classname="ds.dataFrame_expt_one_column_multiple" name="numeric_data"/>
    <testcase time="0.00299999999992906" classname="ds.dataFrame_expt_one_column_multiple" name="numeric_data"/>
    <testcase time="0.00100000000020373" classname="ds.dataFrame_expt_one_column_multiple" name="numeric_data"/>
    <testcase time="0.437999999999874" classname="ds.dataFrame_expt_one_column_multiple" name="numeric_data"/>
    <testcase time="0.00299999999992906" classname="ds.dataFrame_expt_one_column_multiple" name="numeric_data"/>
    <testcase time="0.00200000000018008" classname="ds.dataFrame_expt_one_column_multiple" name="numeric_data"/>
    <testcase time="0.00299999999992906" classname="ds.dataFrame_expt_one_column_multiple" name="numeric_data"/>
    <testcase time="0.00199999999995271" classname="ds.dataFrame_expt_one_column_multiple" name="numeric_data"/>
    <testcase time="0.41599999999994" classname="ds.dataFrame_expt_one_column_multiple" name="numeric_data"/>
    <testcase time="0.00300000000015643" classname="ds.dataFrame_expt_one_column_multiple" name="numeric_data"/>
    <testcase time="0.00299999999992906" classname="ds.dataFrame_expt_one_column_multiple" name="numeric_data"/>
    <testcase time="0.00199999999995271" classname="ds.dataFrame_expt_one_column_multiple" name="numeric_data"/>
    <testcase time="0.00199999999995271" classname="ds.dataFrame_expt_one_column_multiple" name="numeric_data"/>
    <testcase time="0.409000000000106" classname="ds.dataFrame_expt_one_column_multiple" name="numeric_data"/>
    <testcase time="0.00299999999992906" classname="ds.dataFrame_expt_one_column_multiple" name="numeric_data"/>
    <testcase time="0.00300000000015643" classname="ds.dataFrame_expt_one_column_multiple" name="numeric_data"/>
    <testcase time="0.00199999999995271" classname="ds.dataFrame_expt_one_column_multiple" name="numeric_data"/>
    <testcase time="0.00199999999995271" classname="ds.dataFrame_expt_one_column_multiple" name="numeric_data"/>
    <testcase time="0.416999999999916" classname="ds.dataFrame_expt_one_column_multiple" name="numeric_data"/>
    <testcase time="0.00300000000015643" classname="ds.dataFrame_expt_one_column_multiple" name="numeric_data"/>
    <testcase time="0.00299999999992906" classname="ds.dataFrame_expt_one_column_multiple" name="numeric_data"/>
    <testcase time="0.00299999999992906" classname="ds.dataFrame_expt_one_column_multiple" name="numeric_data"/>
    <testcase time="0.000999999999976353" classname="ds.dataFrame_expt_one_column_multiple" name="numeric_data"/>
    <testcase time="0.396000000000186" classname="ds.dataFrame_expt_one_column_multiple" name="numeric_data"/>
    <testcase time="0.00199999999995271" classname="ds.dataFrame_expt_one_column_multiple" name="numeric_data"/>
    <testcase time="0.00299999999992906" classname="ds.dataFrame_expt_one_column_multiple" name="numeric_data"/>
    <testcase time="0.00299999999992906" classname="ds.dataFrame_expt_one_column_multiple" name="numeric_data"/>
    <testcase time="0.00100000000020373" classname="ds.dataFrame_expt_one_column_multiple" name="numeric_data"/>
    <testcase time="0.406999999999925" classname="ds.dataFrame_expt_one_column_multiple" name="numeric_data"/>
    <testcase time="0.00299999999992906" classname="ds.dataFrame_expt_one_column_multiple" name="numeric_data"/>
    <testcase time="0.00199999999995271" classname="ds.dataFrame_expt_one_column_multiple" name="numeric_data"/>
    <testcase time="0.00200000000018008" classname="ds.dataFrame_expt_one_column_multiple" name="numeric_data"/>
    <testcase time="0.00199999999995271" classname="ds.dataFrame_expt_one_column_multiple" name="numeric_data"/>
  </testsuite>
  <testsuite name="ds.dataFrame::expt::several_columns::single" timestamp="2025-10-28T12:31:41Z" hostname="runnervmwhb2z" tests="16" skipped="0" failures="0" errors="0" time="8.465">
    <testcase time="7.91699999999992" classname="ds.dataFrame_expt_several_columns_single" name="numeric_data"/>
    <testcase time="0.00300000000015643" classname="ds.dataFrame_expt_several_columns_single" name="numeric_data"/>
    <testcase time="0.00199999999995271" classname="ds.dataFrame_expt_several_columns_single" name="numeric_data"/>
    <testcase time="0.00299999999992906" classname="ds.dataFrame_expt_several_columns_single" name="numeric_data"/>
    <testcase time="0.000999999999976353" classname="ds.dataFrame_expt_several_columns_single" name="numeric_data"/>
    <testcase time="0.000999999999976353" classname="ds.dataFrame_expt_several_columns_single" name="numeric_data"/>
    <testcase time="0.000999999999976353" classname="ds.dataFrame_expt_several_columns_single" name="numeric_data"/>
    <testcase time="0.00200000000018008" classname="ds.dataFrame_expt_several_columns_single" name="numeric_data"/>
    <testcase time="0.521999999999935" classname="ds.dataFrame_expt_several_columns_single" name="numeric_data"/>
    <testcase time="0.00199999999995271" classname="ds.dataFrame_expt_several_columns_single" name="numeric_data"/>
    <testcase time="0.00299999999992906" classname="ds.dataFrame_expt_several_columns_single" name="numeric_data"/>
    <testcase time="0.00300000000015643" classname="ds.dataFrame_expt_several_columns_single" name="numeric_data"/>
    <testcase time="0.000999999999976353" classname="ds.dataFrame_expt_several_columns_single" name="numeric_data"/>
    <testcase time="0.000999999999976353" classname="ds.dataFrame_expt_several_columns_single" name="numeric_data"/>
    <testcase time="0.00199999999995271" classname="ds.dataFrame_expt_several_columns_single" name="numeric_data"/>
    <testcase time="0.000999999999976353" classname="ds.dataFrame_expt_several_columns_single" name="numeric_data"/>
  </testsuite>
  <testsuite name="ds.dataFrame::expt::one_column_from_objects::single" timestamp="2025-10-28T12:31:49Z" hostname="runnervmwhb2z" tests="16" skipped="0" failures="0" errors="0" time="4.239">
    <testcase time="3.17800000000011" classname="ds.dataFrame_expt_one_column_from_objects_single" name="numeric_data"/>
    <testcase time="0.00299999999992906" classname="ds.dataFrame_expt_one_column_from_objects_single" name="numeric_data"/>
    <testcase time="0.150000000000091" classname="ds.dataFrame_expt_one_column_from_objects_single" name="numeric_data"/>
    <testcase time="0.00299999999992906" classname="ds.dataFrame_expt_one_column_from_objects_single" name="numeric_data"/>
    <testcase time="0.144000000000005" classname="ds.dataFrame_expt_one_column_from_objects_single" name="numeric_data"/>
    <testcase time="0.00299999999992906" classname="ds.dataFrame_expt_one_column_from_objects_single" name="numeric_data"/>
    <testcase time="0.144999999999982" classname="ds.dataFrame_expt_one_column_from_objects_single" name="numeric_data"/>
    <testcase time="0.00200000000018008" classname="ds.dataFrame_expt_one_column_from_objects_single" name="numeric_data"/>
    <testcase time="0.149999999999864" classname="ds.dataFrame_expt_one_column_from_objects_single" name="numeric_data"/>
    <testcase time="0.00299999999992906" classname="ds.dataFrame_expt_one_column_from_objects_single" name="numeric_data"/>
    <testcase time="0.142000000000053" classname="ds.dataFrame_expt_one_column_from_objects_single" name="numeric_data"/>
    <testcase time="0.00300000000015643" classname="ds.dataFrame_expt_one_column_from_objects_single" name="numeric_data"/>
    <testcase time="0.163000000000011" classname="ds.dataFrame_expt_one_column_from_objects_single" name="numeric_data"/>
    <testcase time="0.00299999999992906" classname="ds.dataFrame_expt_one_column_from_objects_single" name="numeric_data"/>
    <testcase time="0.144999999999982" classname="ds.dataFrame_expt_one_column_from_objects_single" name="numeric_data"/>
    <testcase time="0.00199999999995271" classname="ds.dataFrame_expt_one_column_from_objects_single" name="numeric_data"/>
  </testsuite>
  <testsuite name="ds.dataFrame::expt::object::multiple" timestamp="2025-10-28T12:31:54Z" hostname="runnervmwhb2z" tests="32" skipped="0" failures="0" errors="0" time="10.899">
    <testcase time="7.80400000000009" classname="ds.dataFrame_expt_object_multiple" name="numeric_data"/>
    <testcase time="0.00299999999992906" classname="ds.dataFrame_expt_object_multiple" name="numeric_data"/>
    <testcase time="0.00400000000013279" classname="ds.dataFrame_expt_object_multiple" name="numeric_data"/>
    <testcase time="0.00299999999992906" classname="ds.dataFrame_expt_object_multiple" name="numeric_data"/>
    <testcase time="0.447000000000116" classname="ds.dataFrame_expt_object_multiple" name="numeric_data"/>
    <testcase time="0.00299999999992906" classname="ds.dataFrame_expt_object_multiple" name="numeric_data"/>
    <testcase time="0.00299999999992906" classname="ds.dataFrame_expt_object_multiple" name="numeric_data"/>
    <testcase time="0.00199999999995271" classname="ds.dataFrame_expt_object_multiple" name="numeric_data"/>
    <testcase time="0.441000000000031" classname="ds.dataFrame_expt_object_multiple" name="numeric_data"/>
    <testcase time="0.00300000000015643" classname="ds.dataFrame_expt_object_multiple" name="numeric_data"/>
    <testcase time="0.00199999999995271" classname="ds.dataFrame_expt_object_multiple" name="numeric_data"/>
    <testcase time="0.00299999999992906" classname="ds.dataFrame_expt_object_multiple" name="numeric_data"/>
    <testcase time="0.425999999999931" classname="ds.dataFrame_expt_object_multiple" name="numeric_data"/>
    <testcase time="0.00300000000015643" classname="ds.dataFrame_expt_object_multiple" name="numeric_data"/>
    <testcase time="0.00199999999995271" classname="ds.dataFrame_expt_object_multiple" name="numeric_data"/>
    <testcase time="0.00299999999992906" classname="ds.dataFrame_expt_object_multiple" name="numeric_data"/>
    <testcase time="0.423999999999978" classname="ds.dataFrame_expt_object_multiple" name="numeric_data"/>
    <testcase time="0.00300000000015643" classname="ds.dataFrame_expt_object_multiple" name="numeric_data"/>
    <testcase time="0.00299999999992906" classname="ds.dataFrame_expt_object_multiple" name="numeric_data"/>
    <testcase time="0.00199999999995271" classname="ds.dataFrame_expt_object_multiple" name="numeric_data"/>
    <testcase time="0.428000000000111" classname="ds.dataFrame_expt_object_multiple" name="numeric_data"/>
    <testcase time="0.00299999999992906" classname="ds.dataFrame_expt_object_multiple" name="numeric_data"/>
    <testcase time="0.00199999999995271" classname="ds.dataFrame_expt_object_multiple" name="numeric_data"/>
    <testcase time="0.00300000000015643" classname="ds.dataFrame_expt_object_multiple" name="numeric_data"/>
    <testcase time="0.423999999999978" classname="ds.dataFrame_expt_object_multiple" name="numeric_data"/>
    <testcase time="0.00299999999992906" classname="ds.dataFrame_expt_object_multiple" name="numeric_data"/>
    <testcase time="0.00299999999992906" classname="ds.dataFrame_expt_object_multiple" name="numeric_data"/>
    <testcase time="0.00300000000015643" classname="ds.dataFrame_expt_object_multiple" name="numeric_data"/>
    <testcase time="0.437999999999874" classname="ds.dataFrame_expt_object_multiple" name="numeric_data"/>
    <testcase time="0.00299999999992906" classname="ds.dataFrame_expt_object_multiple" name="numeric_data"/>
    <testcase time="0.00200000000018008" classname="ds.dataFrame_expt_object_multiple" name="numeric_data"/>
    <testcase time="0.00299999999992906" classname="ds.dataFrame_expt_object_multiple" name="numeric_data"/>
  </testsuite>
  <testsuite name="ds.dataFrame::expt::several_objects::multiple" timestamp="2025-10-28T12:32:04Z" hostname="runnervmwhb2z" tests="4" skipped="0" failures="0" errors="0" time="8.027">
    <testcase time="8.01900000000001" classname="ds.dataFrame_expt_several_objects_multiple" name="several_objects"/>
    <testcase time="0.00199999999995271" classname="ds.dataFrame_expt_several_objects_multiple" name="several_objects"/>
    <testcase time="0.00299999999992906" classname="ds.dataFrame_expt_several_objects_multiple" name="several_objects"/>
    <testcase time="0.00300000000015643" classname="ds.dataFrame_expt_several_objects_multiple" name="several_objects"/>
  </testsuite>
  <testsuite name="ds.dataFrame::expt::non_numeric::multiple" timestamp="2025-10-28T12:32:12Z" hostname="runnervmwhb2z" tests="18" skipped="0" failures="0" errors="0" time="9.02">
    <testcase time="7.75699999999983" classname="ds.dataFrame_expt_non_numeric_multiple" name="non_numeric"/>
    <testcase time="0.00200000000018008" classname="ds.dataFrame_expt_non_numeric_multiple" name="non_numeric"/>
    <testcase time="0.00299999999992906" classname="ds.dataFrame_expt_non_numeric_multiple" name="non_numeric"/>
    <testcase time="0.00199999999995271" classname="ds.dataFrame_expt_non_numeric_multiple" name="non_numeric"/>
    <testcase time="0.00199999999995271" classname="ds.dataFrame_expt_non_numeric_multiple" name="non_numeric"/>
    <testcase time="0.387000000000171" classname="ds.dataFrame_expt_non_numeric_multiple" name="non_numeric"/>
    <testcase time="0.00299999999992906" classname="ds.dataFrame_expt_non_numeric_multiple" name="non_numeric"/>
    <testcase time="0.00299999999992906" classname="ds.dataFrame_expt_non_numeric_multiple" name="non_numeric"/>
    <testcase time="0.00300000000015643" classname="ds.dataFrame_expt_non_numeric_multiple" name="non_numeric"/>
    <testcase time="0.000999999999976353" classname="ds.dataFrame_expt_non_numeric_multiple" name="non_numeric"/>
    <testcase time="0.417999999999893" classname="ds.dataFrame_expt_non_numeric_multiple" name="non_numeric"/>
    <testcase time="0.00299999999992906" classname="ds.dataFrame_expt_non_numeric_multiple" name="non_numeric"/>
    <testcase time="0.00200000000018008" classname="ds.dataFrame_expt_non_numeric_multiple" name="non_numeric"/>
    <testcase time="0.00299999999992906" classname="ds.dataFrame_expt_non_numeric_multiple" name="non_numeric"/>
    <testcase time="0.423000000000002" classname="ds.dataFrame_expt_non_numeric_multiple" name="non_numeric"/>
    <testcase time="0.00299999999992906" classname="ds.dataFrame_expt_non_numeric_multiple" name="non_numeric"/>
    <testcase time="0.00199999999995271" classname="ds.dataFrame_expt_non_numeric_multiple" name="non_numeric"/>
    <testcase time="0.00300000000015643" classname="ds.dataFrame_expt_non_numeric_multiple" name="non_numeric"/>
  </testsuite>
  <testsuite name="ds.dataFrame::expt::non_numeric::multiple" timestamp="2025-10-28T12:32:21Z" hostname="runnervmwhb2z" tests="10" skipped="0" failures="0" errors="0" time="3.629">
    <testcase time="3.13400000000001" classname="ds.dataFrame_expt_non_numeric_multiple" name="_unnamed_"/>
    <testcase time="0.00299999999992906" classname="ds.dataFrame_expt_non_numeric_multiple" name="_unnamed_"/>
    <testcase time="0.000999999999976353" classname="ds.dataFrame_expt_non_numeric_multiple" name="_unnamed_"/>
    <testcase time="0.134999999999991" classname="ds.dataFrame_expt_non_numeric_multiple" name="_unnamed_"/>
    <testcase time="0.00199999999995271" classname="ds.dataFrame_expt_non_numeric_multiple" name="_unnamed_"/>
    <testcase time="0.00200000000018008" classname="ds.dataFrame_expt_non_numeric_multiple" name="_unnamed_"/>
    <testcase time="0.204999999999927" classname="ds.dataFrame_expt_non_numeric_multiple" name="_unnamed_"/>
    <testcase time="0.00199999999995271" classname="ds.dataFrame_expt_non_numeric_multiple" name="_unnamed_"/>
    <testcase time="0.142000000000053" classname="ds.dataFrame_expt_non_numeric_multiple" name="_unnamed_"/>
    <testcase time="0.00299999999992906" classname="ds.dataFrame_expt_non_numeric_multiple" name="_unnamed_"/>
  </testsuite>
  <testsuite name="ds.dataFrame::expt::shutdown" timestamp="2025-10-28T12:32:25Z" hostname="runnervmwhb2z" tests="0" skipped="0" failures="0" errors="0" time="0"/>
  <testsuite name="ds.dataFrame::expt::done" timestamp="2025-10-28T12:32:25Z" hostname="runnervmwhb2z" tests="0" skipped="0" failures="0" errors="0" time="0"/>
  <testsuite name="expt-ds.glmerSLMA" timestamp="2025-10-28T12:32:25Z" hostname="runnervmwhb2z" tests="0" skipped="0" failures="0" errors="0" time="0"/>
  <testsuite name="ds.glmerSLMA::expt::setup" timestamp="2025-10-28T12:32:25Z" hostname="runnervmwhb2z" tests="3" skipped="0" failures="0" errors="0" time="7.245">
    <testcase time="7.24199999999996" classname="ds.glmerSLMA_expt_setup" name="setup"/>
    <testcase time="0.000999999999976353" classname="ds.glmerSLMA_expt_setup" name="setup"/>
    <testcase time="0.00200000000018008" classname="ds.glmerSLMA_expt_setup" name="setup"/>
  </testsuite>
  <testsuite name="ds.glmerSLMA::expt::int::multiple" timestamp="2025-10-28T12:32:32Z" hostname="runnervmwhb2z" tests="1" skipped="0" failures="0" errors="0" time="1.416">
    <testcase time="1.41599999999994" classname="ds.glmerSLMA_expt_int_multiple" name="linear_mixed_model_with_2_levels_of_hierarchy"/>
  </testsuite>
  <testsuite name="ds.lmerSLMA::expt::shutdown" timestamp="2025-10-28T12:32:34Z" hostname="runnervmwhb2z" tests="0" skipped="0" failures="0" errors="0" time="0"/>
  <testsuite name="ds.lmerSLMA::expt::done" timestamp="2025-10-28T12:32:34Z" hostname="runnervmwhb2z" tests="0" skipped="0" failures="0" errors="0" time="0"/>
  <testsuite name="expt-ds.lmerSLMA" timestamp="2025-10-28T12:32:34Z" hostname="runnervmwhb2z" tests="0" skipped="0" failures="0" errors="0" time="0"/>
  <testsuite name="ds.lmerSLMA::expt::setup" timestamp="2025-10-28T12:32:34Z" hostname="runnervmwhb2z" tests="3" skipped="0" failures="0" errors="0" time="7.331">
    <testcase time="7.32799999999997" classname="ds.lmerSLMA_expt_setup" name="setup"/>
    <testcase time="0.00199999999995271" classname="ds.lmerSLMA_expt_setup" name="setup"/>
    <testcase time="0.000999999999976353" classname="ds.lmerSLMA_expt_setup" name="setup"/>
  </testsuite>
  <testsuite name="ds.lmerSLMA::expt::int::multiple" timestamp="2025-10-28T12:32:41Z" hostname="runnervmwhb2z" tests="1" skipped="0" failures="0" errors="0" time="0.402">
    <testcase time="0.402000000000044" classname="ds.lmerSLMA_expt_int_multiple" name="linear_mixed_model_with_2_levels_of_hierarchy"/>
  </testsuite>
  <testsuite name="ds.lmerSLMA::expt::done" timestamp="2025-10-28T12:32:42Z" hostname="runnervmwhb2z" tests="0" skipped="0" failures="0" errors="0" time="0"/>
  <testsuite name="expt-ds.mean" timestamp="2025-10-28T12:32:42Z" hostname="runnervmwhb2z" tests="0" skipped="0" failures="0" errors="0" time="0"/>
  <testsuite name="ds.mean::expt::combine::multiple" timestamp="2025-10-28T12:32:42Z" hostname="runnervmwhb2z" tests="8" skipped="0" failures="0" errors="0" time="8.409">
    <testcase time="7.68100000000004" classname="ds.mean_expt_combine_multiple" name="combined_data_set"/>
    <testcase time="0.113000000000056" classname="ds.mean_expt_combine_multiple" name="combined_data_set"/>
    <testcase time="0.104000000000042" classname="ds.mean_expt_combine_multiple" name="combined_data_set"/>
    <testcase time="0.100999999999885" classname="ds.mean_expt_combine_multiple" name="combined_data_set"/>
    <testcase time="0.102000000000089" classname="ds.mean_expt_combine_multiple" name="combined_data_set"/>
    <testcase time="0.107999999999947" classname="ds.mean_expt_combine_multiple" name="combined_data_set"/>
    <testcase time="0.0999999999999091" classname="ds.mean_expt_combine_multiple" name="combined_data_set"/>
    <testcase time="0.100000000000136" classname="ds.mean_expt_combine_multiple" name="combined_data_set"/>
  </testsuite>
  <testsuite name="ds.mean::expt::split::multiple" timestamp="2025-10-28T12:32:50Z" hostname="runnervmwhb2z" tests="24" skipped="0" failures="0" errors="0" time="8.24">
    <testcase time="7.48599999999988" classname="ds.mean_expt_split_multiple" name="split_data_set"/>
    <testcase time="0.000999999999976353" classname="ds.mean_expt_split_multiple" name="split_data_set"/>
    <testcase time="0.000999999999976353" classname="ds.mean_expt_split_multiple" name="split_data_set"/>
    <testcase time="0.110000000000127" classname="ds.mean_expt_split_multiple" name="split_data_set"/>
    <testcase time="0.000999999999976353" classname="ds.mean_expt_split_multiple" name="split_data_set"/>
    <testcase time="0.000999999999976353" classname="ds.mean_expt_split_multiple" name="split_data_set"/>
    <testcase time="0.103000000000065" classname="ds.mean_expt_split_multiple" name="split_data_set"/>
    <testcase time="0.000999999999976353" classname="ds.mean_expt_split_multiple" name="split_data_set"/>
    <testcase time="0.00199999999995271" classname="ds.mean_expt_split_multiple" name="split_data_set"/>
    <testcase time="0.100000000000136" classname="ds.mean_expt_split_multiple" name="split_data_set"/>
    <testcase time="0.00199999999995271" classname="ds.mean_expt_split_multiple" name="split_data_set"/>
    <testcase time="0.000999999999976353" classname="ds.mean_expt_split_multiple" name="split_data_set"/>
    <testcase time="0.108999999999924" classname="ds.mean_expt_split_multiple" name="split_data_set"/>
    <testcase time="0.000999999999976353" classname="ds.mean_expt_split_multiple" name="split_data_set"/>
    <testcase time="0.000999999999976353" classname="ds.mean_expt_split_multiple" name="split_data_set"/>
    <testcase time="0.101000000000113" classname="ds.mean_expt_split_multiple" name="split_data_set"/>
    <testcase time="0.00199999999995271" classname="ds.mean_expt_split_multiple" name="split_data_set"/>
    <testcase time="0.000999999999976353" classname="ds.mean_expt_split_multiple" name="split_data_set"/>
    <testcase time="0.101000000000113" classname="ds.mean_expt_split_multiple" name="split_data_set"/>
    <testcase time="0.000999999999976353" classname="ds.mean_expt_split_multiple" name="split_data_set"/>
    <testcase time="0.000999999999976353" classname="ds.mean_expt_split_multiple" name="split_data_set"/>
    <testcase time="0.1099999999999" classname="ds.mean_expt_split_multiple" name="split_data_set"/>
    <testcase time="0.00200000000018008" classname="ds.mean_expt_split_multiple" name="split_data_set"/>
    <testcase time="0.000999999999976353" classname="ds.mean_expt_split_multiple" name="split_data_set"/>
  </testsuite>
  <testsuite name="ds.mean::expt::single" timestamp="2025-10-28T12:32:58Z" hostname="runnervmwhb2z" tests="8" skipped="0" failures="0" errors="0" time="3.369">
    <testcase time="3.08999999999992" classname="ds.mean_expt_single" name="combined_data_set"/>
    <testcase time="0.0370000000000346" classname="ds.mean_expt_single" name="combined_data_set"/>
    <testcase time="0.04099999999994" classname="ds.mean_expt_single" name="combined_data_set"/>
    <testcase time="0.0430000000001201" classname="ds.mean_expt_single" name="combined_data_set"/>
    <testcase time="0.0380000000000109" classname="ds.mean_expt_single" name="combined_data_set"/>
    <testcase time="0.0380000000000109" classname="ds.mean_expt_single" name="combined_data_set"/>
    <testcase time="0.0369999999998072" classname="ds.mean_expt_single" name="combined_data_set"/>
    <testcase time="0.0450000000000728" classname="ds.mean_expt_single" name="combined_data_set"/>
  </testsuite>
  <testsuite name="ds.mean::expt::large_values::single" timestamp="2025-10-28T12:33:02Z" hostname="runnervmwhb2z" tests="8" skipped="0" failures="0" errors="0" time="3.729">
    <testcase time="3.14200000000005" classname="ds.mean_expt_large_values_single" name="combined_data_set"/>
    <testcase time="0.0869999999999891" classname="ds.mean_expt_large_values_single" name="combined_data_set"/>
    <testcase time="0.0819999999998799" classname="ds.mean_expt_large_values_single" name="combined_data_set"/>
    <testcase time="0.0890000000001692" classname="ds.mean_expt_large_values_single" name="combined_data_set"/>
    <testcase time="0.0839999999998327" classname="ds.mean_expt_large_values_single" name="combined_data_set"/>
    <testcase time="0.0800000000001546" classname="ds.mean_expt_large_values_single" name="combined_data_set"/>
    <testcase time="0.0789999999999509" classname="ds.mean_expt_large_values_single" name="combined_data_set"/>
    <testcase time="0.0860000000000127" classname="ds.mean_expt_large_values_single" name="combined_data_set"/>
  </testsuite>
  <testsuite name="ds.mean::expt::large_values::multiple" timestamp="2025-10-28T12:33:05Z" hostname="runnervmwhb2z" tests="8" skipped="0" failures="0" errors="0" time="9.224">
    <testcase time="7.58199999999988" classname="ds.mean_expt_large_values_multiple" name="combined_data_set"/>
    <testcase time="0.228000000000065" classname="ds.mean_expt_large_values_multiple" name="combined_data_set"/>
    <testcase time="0.235000000000127" classname="ds.mean_expt_large_values_multiple" name="combined_data_set"/>
    <testcase time="0.240999999999985" classname="ds.mean_expt_large_values_multiple" name="combined_data_set"/>
    <testcase time="0.230999999999995" classname="ds.mean_expt_large_values_multiple" name="combined_data_set"/>
    <testcase time="0.236999999999853" classname="ds.mean_expt_large_values_multiple" name="combined_data_set"/>
    <testcase time="0.23700000000008" classname="ds.mean_expt_large_values_multiple" name="combined_data_set"/>
    <testcase time="0.232999999999947" classname="ds.mean_expt_large_values_multiple" name="combined_data_set"/>
  </testsuite>
  <testsuite name="expt-ds.reshape" timestamp="2025-10-28T12:33:14Z" hostname="runnervmwhb2z" tests="0" skipped="0" failures="0" errors="0" time="0"/>
  <testsuite name="ds.reShape::expt::multiple" timestamp="2025-10-28T12:33:14Z" hostname="runnervmwhb2z" tests="1" skipped="1" failures="0" errors="0" time="0.57">
    <testcase time="0.569999999999936" classname="ds.reShape_expt_multiple" name="copy_and_transform">
      <skipped message="Reason: empty test ('test-expt-ds.reshape.R:7:1')"/>
    </testcase>
  </testsuite>
  <testsuite name="expt-ds.skewness" timestamp="2025-10-28T12:33:15Z" hostname="runnervmwhb2z" tests="0" skipped="0" failures="0" errors="0" time="0"/>
  <testsuite name="ds.skewness::expt::combine::multiple" timestamp="2025-10-28T12:33:15Z" hostname="runnervmwhb2z" tests="8" skipped="0" failures="0" errors="0" time="8.57">
    <testcase time="7.58100000000013" classname="ds.skewness_expt_combine_multiple" name="combined_data_set"/>
    <testcase time="0.148999999999887" classname="ds.skewness_expt_combine_multiple" name="combined_data_set"/>
    <testcase time="0.137000000000171" classname="ds.skewness_expt_combine_multiple" name="combined_data_set"/>
    <testcase time="0.144999999999982" classname="ds.skewness_expt_combine_multiple" name="combined_data_set"/>
    <testcase time="0.135999999999967" classname="ds.skewness_expt_combine_multiple" name="combined_data_set"/>
    <testcase time="0.13799999999992" classname="ds.skewness_expt_combine_multiple" name="combined_data_set"/>
    <testcase time="0.144000000000005" classname="ds.skewness_expt_combine_multiple" name="combined_data_set"/>
    <testcase time="0.1400000000001" classname="ds.skewness_expt_combine_multiple" name="combined_data_set"/>
  </testsuite>
  <testsuite name="ds.skewness::expt::split::multiple" timestamp="2025-10-28T12:33:24Z" hostname="runnervmwhb2z" tests="24" skipped="0" failures="0" errors="0" time="8.263">
    <testcase time="7.46100000000001" classname="ds.skewness_expt_split_multiple" name="split_data_set"/>
    <testcase time="0.00199999999995271" classname="ds.skewness_expt_split_multiple" name="split_data_set"/>
    <testcase time="0.000999999999976353" classname="ds.skewness_expt_split_multiple" name="split_data_set"/>
    <testcase time="0.107999999999947" classname="ds.skewness_expt_split_multiple" name="split_data_set"/>
    <testcase time="0.000999999999976353" classname="ds.skewness_expt_split_multiple" name="split_data_set"/>
    <testcase time="0.00100000000020373" classname="ds.skewness_expt_split_multiple" name="split_data_set"/>
    <testcase time="0.0999999999999091" classname="ds.skewness_expt_split_multiple" name="split_data_set"/>
    <testcase time="0.00199999999995271" classname="ds.skewness_expt_split_multiple" name="split_data_set"/>
    <testcase time="0.000999999999976353" classname="ds.skewness_expt_split_multiple" name="split_data_set"/>
    <testcase time="0.101000000000113" classname="ds.skewness_expt_split_multiple" name="split_data_set"/>
    <testcase time="0.000999999999976353" classname="ds.skewness_expt_split_multiple" name="split_data_set"/>
    <testcase time="0.000999999999976353" classname="ds.skewness_expt_split_multiple" name="split_data_set"/>
    <testcase time="0.107999999999947" classname="ds.skewness_expt_split_multiple" name="split_data_set"/>
    <testcase time="0.000999999999976353" classname="ds.skewness_expt_split_multiple" name="split_data_set"/>
    <testcase time="0.000999999999976353" classname="ds.skewness_expt_split_multiple" name="split_data_set"/>
    <testcase time="0.105000000000018" classname="ds.skewness_expt_split_multiple" name="split_data_set"/>
    <testcase time="0.000999999999976353" classname="ds.skewness_expt_split_multiple" name="split_data_set"/>
    <testcase time="0.00200000000018008" classname="ds.skewness_expt_split_multiple" name="split_data_set"/>
    <testcase time="0.103999999999814" classname="ds.skewness_expt_split_multiple" name="split_data_set"/>
    <testcase time="0.00200000000018008" classname="ds.skewness_expt_split_multiple" name="split_data_set"/>
    <testcase time="0.000999999999976353" classname="ds.skewness_expt_split_multiple" name="split_data_set"/>
    <testcase time="0.154999999999973" classname="ds.skewness_expt_split_multiple" name="split_data_set"/>
    <testcase time="0.00199999999995271" classname="ds.skewness_expt_split_multiple" name="split_data_set"/>
    <testcase time="0.000999999999976353" classname="ds.skewness_expt_split_multiple" name="split_data_set"/>
  </testsuite>
  <testsuite name="ds.skewness::expt::single" timestamp="2025-10-28T12:33:32Z" hostname="runnervmwhb2z" tests="8" skipped="0" failures="0" errors="0" time="3.681">
    <testcase time="3.11500000000001" classname="ds.skewness_expt_single" name="combined_data_set"/>
    <testcase time="0.0489999999999782" classname="ds.skewness_expt_single" name="combined_data_set"/>
    <testcase time="0.0489999999999782" classname="ds.skewness_expt_single" name="combined_data_set"/>
    <testcase time="0.0510000000001583" classname="ds.skewness_expt_single" name="combined_data_set"/>
    <testcase time="0.0499999999999545" classname="ds.skewness_expt_single" name="combined_data_set"/>
    <testcase time="0.267000000000053" classname="ds.skewness_expt_single" name="combined_data_set"/>
    <testcase time="0.0509999999999309" classname="ds.skewness_expt_single" name="combined_data_set"/>
    <testcase time="0.0489999999999782" classname="ds.skewness_expt_single" name="combined_data_set"/>
  </testsuite>
  <testsuite name="expt-ds.var" timestamp="2025-10-28T12:33:36Z" hostname="runnervmwhb2z" tests="0" skipped="0" failures="0" errors="0" time="0"/>
  <testsuite name="ds.var::expt::multiple" timestamp="2025-10-28T12:33:36Z" hostname="runnervmwhb2z" tests="8" skipped="0" failures="0" errors="0" time="8.522">
    <testcase time="7.52099999999996" classname="ds.var_expt_multiple" name="combined_data_set"/>
    <testcase time="0.159000000000106" classname="ds.var_expt_multiple" name="combined_data_set"/>
    <testcase time="0.136999999999944" classname="ds.var_expt_multiple" name="combined_data_set"/>
    <testcase time="0.143000000000029" classname="ds.var_expt_multiple" name="combined_data_set"/>
    <testcase time="0.1400000000001" classname="ds.var_expt_multiple" name="combined_data_set"/>
    <testcase time="0.138999999999896" classname="ds.var_expt_multiple" name="combined_data_set"/>
    <testcase time="0.142000000000053" classname="ds.var_expt_multiple" name="combined_data_set"/>
    <testcase time="0.140999999999849" classname="ds.var_expt_multiple" name="combined_data_set"/>
  </testsuite>
  <testsuite name="ds.var::expt::single" timestamp="2025-10-28T12:33:44Z" hostname="runnervmwhb2z" tests="24" skipped="0" failures="0" errors="0" time="8.568">
    <testcase time="7.548" classname="ds.var_expt_single" name="split_data_set"/>
    <testcase time="0.000999999999976353" classname="ds.var_expt_single" name="split_data_set"/>
    <testcase time="0.000999999999976353" classname="ds.var_expt_single" name="split_data_set"/>
    <testcase time="0.154999999999973" classname="ds.var_expt_single" name="split_data_set"/>
    <testcase time="0.00199999999995271" classname="ds.var_expt_single" name="split_data_set"/>
    <testcase time="0.000999999999976353" classname="ds.var_expt_single" name="split_data_set"/>
    <testcase time="0.134999999999991" classname="ds.var_expt_single" name="split_data_set"/>
    <testcase time="0.00199999999995271" classname="ds.var_expt_single" name="split_data_set"/>
    <testcase time="0.00100000000020373" classname="ds.var_expt_single" name="split_data_set"/>
    <testcase time="0.143999999999778" classname="ds.var_expt_single" name="split_data_set"/>
    <testcase time="0.00200000000018008" classname="ds.var_expt_single" name="split_data_set"/>
    <testcase time="0.000999999999976353" classname="ds.var_expt_single" name="split_data_set"/>
    <testcase time="0.138999999999896" classname="ds.var_expt_single" name="split_data_set"/>
    <testcase time="0.000999999999976353" classname="ds.var_expt_single" name="split_data_set"/>
    <testcase time="0.00100000000020373" classname="ds.var_expt_single" name="split_data_set"/>
    <testcase time="0.144000000000005" classname="ds.var_expt_single" name="split_data_set"/>
    <testcase time="0.000999999999976353" classname="ds.var_expt_single" name="split_data_set"/>
    <testcase time="0.000999999999976353" classname="ds.var_expt_single" name="split_data_set"/>
    <testcase time="0.138999999999896" classname="ds.var_expt_single" name="split_data_set"/>
    <testcase time="0.000999999999976353" classname="ds.var_expt_single" name="split_data_set"/>
    <testcase time="0.000999999999976353" classname="ds.var_expt_single" name="split_data_set"/>
    <testcase time="0.138000000000147" classname="ds.var_expt_single" name="split_data_set"/>
    <testcase time="0.00199999999995271" classname="ds.var_expt_single" name="split_data_set"/>
    <testcase time="0.00700000000006185" classname="ds.var_expt_single" name="split_data_set"/>
  </testsuite>
  <testsuite name="ds.var::expt::large_values::multiple" timestamp="2025-10-28T12:33:53Z" hostname="runnervmwhb2z" tests="8" skipped="0" failures="0" errors="0" time="9.544">
    <testcase time="7.62599999999998" classname="ds.var_expt_large_values_multiple" name="large_values"/>
    <testcase time="0.288999999999987" classname="ds.var_expt_large_values_multiple" name="large_values"/>
    <testcase time="0.269999999999982" classname="ds.var_expt_large_values_multiple" name="large_values"/>
    <testcase time="0.273999999999887" classname="ds.var_expt_large_values_multiple" name="large_values"/>
    <testcase time="0.273000000000138" classname="ds.var_expt_large_values_multiple" name="large_values"/>
    <testcase time="0.273999999999887" classname="ds.var_expt_large_values_multiple" name="large_values"/>
    <testcase time="0.272000000000162" classname="ds.var_expt_large_values_multiple" name="large_values"/>
    <testcase time="0.265999999999849" classname="ds.var_expt_large_values_multiple" name="large_values"/>
  </testsuite>
  <testsuite name="ds.var::expt::large_values::single" timestamp="2025-10-28T12:34:02Z" hostname="runnervmwhb2z" tests="8" skipped="0" failures="0" errors="0" time="3.764">
    <testcase time="3.09900000000016" classname="ds.var_expt_large_values_single" name="large_values"/>
    <testcase time="0.0939999999998236" classname="ds.var_expt_large_values_single" name="large_values"/>
    <testcase time="0.0930000000000746" classname="ds.var_expt_large_values_single" name="large_values"/>
    <testcase time="0.0999999999999091" classname="ds.var_expt_large_values_single" name="large_values"/>
    <testcase time="0.0920000000000982" classname="ds.var_expt_large_values_single" name="large_values"/>
    <testcase time="0.0950000000000273" classname="ds.var_expt_large_values_single" name="large_values"/>
    <testcase time="0.0989999999999327" classname="ds.var_expt_large_values_single" name="large_values"/>
    <testcase time="0.0920000000000982" classname="ds.var_expt_large_values_single" name="large_values"/>
  </testsuite>
  <testsuite name="math-ds.mean" timestamp="2025-10-28T12:34:06Z" hostname="runnervmwhb2z" tests="0" skipped="0" failures="0" errors="0" time="0"/>
  <testsuite name="ds.mean::math::residual::multiple" timestamp="2025-10-28T12:34:06Z" hostname="runnervmwhb2z" tests="32" skipped="0" failures="0" errors="0" time="9.061">
    <testcase time="7.50299999999993" classname="ds.mean_math_residual_multiple" name="residual_deviation_tends_to_0"/>
    <testcase time="0.108999999999924" classname="ds.mean_math_residual_multiple" name="residual_deviation_tends_to_0"/>
    <testcase time="0.0990000000001601" classname="ds.mean_math_residual_multiple" name="residual_deviation_tends_to_0"/>
    <testcase time="0.0989999999999327" classname="ds.mean_math_residual_multiple" name="residual_deviation_tends_to_0"/>
    <testcase time="0.100999999999885" classname="ds.mean_math_residual_multiple" name="residual_deviation_tends_to_0"/>
    <testcase time="0.105000000000018" classname="ds.mean_math_residual_multiple" name="residual_deviation_tends_to_0"/>
    <testcase time="0.0980000000001837" classname="ds.mean_math_residual_multiple" name="residual_deviation_tends_to_0"/>
    <testcase time="0.0989999999999327" classname="ds.mean_math_residual_multiple" name="residual_deviation_tends_to_0"/>
    <testcase time="0.11200000000008" classname="ds.mean_math_residual_multiple" name="residual_deviation_tends_to_0"/>
    <testcase time="0.000999999999976353" classname="ds.mean_math_residual_multiple" name="residual_deviation_tends_to_0"/>
    <testcase time="0.000999999999976353" classname="ds.mean_math_residual_multiple" name="residual_deviation_tends_to_0"/>
    <testcase time="0.100999999999885" classname="ds.mean_math_residual_multiple" name="residual_deviation_tends_to_0"/>
    <testcase time="0.00199999999995271" classname="ds.mean_math_residual_multiple" name="residual_deviation_tends_to_0"/>
    <testcase time="0.00100000000020373" classname="ds.mean_math_residual_multiple" name="residual_deviation_tends_to_0"/>
    <testcase time="0.0999999999999091" classname="ds.mean_math_residual_multiple" name="residual_deviation_tends_to_0"/>
    <testcase time="0.000999999999976353" classname="ds.mean_math_residual_multiple" name="residual_deviation_tends_to_0"/>
    <testcase time="0.000999999999976353" classname="ds.mean_math_residual_multiple" name="residual_deviation_tends_to_0"/>
    <testcase time="0.106999999999971" classname="ds.mean_math_residual_multiple" name="residual_deviation_tends_to_0"/>
    <testcase time="0.000999999999976353" classname="ds.mean_math_residual_multiple" name="residual_deviation_tends_to_0"/>
    <testcase time="0.000999999999976353" classname="ds.mean_math_residual_multiple" name="residual_deviation_tends_to_0"/>
    <testcase time="0.102999999999838" classname="ds.mean_math_residual_multiple" name="residual_deviation_tends_to_0"/>
    <testcase time="0.000999999999976353" classname="ds.mean_math_residual_multiple" name="residual_deviation_tends_to_0"/>
    <testcase time="0.00100000000020373" classname="ds.mean_math_residual_multiple" name="residual_deviation_tends_to_0"/>
    <testcase time="0.101999999999862" classname="ds.mean_math_residual_multiple" name="residual_deviation_tends_to_0"/>
    <testcase time="0.000999999999976353" classname="ds.mean_math_residual_multiple" name="residual_deviation_tends_to_0"/>
    <testcase time="0.000999999999976353" classname="ds.mean_math_residual_multiple" name="residual_deviation_tends_to_0"/>
    <testcase time="0.105999999999995" classname="ds.mean_math_residual_multiple" name="residual_deviation_tends_to_0"/>
    <testcase time="0.000999999999976353" classname="ds.mean_math_residual_multiple" name="residual_deviation_tends_to_0"/>
    <testcase time="0.00100000000020373" classname="ds.mean_math_residual_multiple" name="residual_deviation_tends_to_0"/>
    <testcase time="0.0999999999999091" classname="ds.mean_math_residual_multiple" name="residual_deviation_tends_to_0"/>
    <testcase time="0.000999999999976353" classname="ds.mean_math_residual_multiple" name="residual_deviation_tends_to_0"/>
    <testcase time="0.000999999999976353" classname="ds.mean_math_residual_multiple" name="residual_deviation_tends_to_0"/>
  </testsuite>
  <testsuite name="ds.mean::math::residual::multiple" timestamp="2025-10-28T12:34:15Z" hostname="runnervmwhb2z" tests="32" skipped="0" failures="0" errors="0" time="9.044">
    <testcase time="7.45399999999995" classname="ds.mean_math_residual_multiple" name="residual_deviation_tends_to_0"/>
    <testcase time="0.11200000000008" classname="ds.mean_math_residual_multiple" name="residual_deviation_tends_to_0"/>
    <testcase time="0.105000000000018" classname="ds.mean_math_residual_multiple" name="residual_deviation_tends_to_0"/>
    <testcase time="0.0999999999999091" classname="ds.mean_math_residual_multiple" name="residual_deviation_tends_to_0"/>
    <testcase time="0.101000000000113" classname="ds.mean_math_residual_multiple" name="residual_deviation_tends_to_0"/>
    <testcase time="0.105999999999995" classname="ds.mean_math_residual_multiple" name="residual_deviation_tends_to_0"/>
    <testcase time="0.0989999999999327" classname="ds.mean_math_residual_multiple" name="residual_deviation_tends_to_0"/>
    <testcase time="0.100000000000136" classname="ds.mean_math_residual_multiple" name="residual_deviation_tends_to_0"/>
    <testcase time="0.105999999999995" classname="ds.mean_math_residual_multiple" name="residual_deviation_tends_to_0"/>
    <testcase time="0.000999999999976353" classname="ds.mean_math_residual_multiple" name="residual_deviation_tends_to_0"/>
    <testcase time="0.00199999999995271" classname="ds.mean_math_residual_multiple" name="residual_deviation_tends_to_0"/>
    <testcase time="0.0999999999999091" classname="ds.mean_math_residual_multiple" name="residual_deviation_tends_to_0"/>
    <testcase time="0.000999999999976353" classname="ds.mean_math_residual_multiple" name="residual_deviation_tends_to_0"/>
    <testcase time="0.00100000000020373" classname="ds.mean_math_residual_multiple" name="residual_deviation_tends_to_0"/>
    <testcase time="0.0999999999999091" classname="ds.mean_math_residual_multiple" name="residual_deviation_tends_to_0"/>
    <testcase time="0.000999999999976353" classname="ds.mean_math_residual_multiple" name="residual_deviation_tends_to_0"/>
    <testcase time="0.00199999999995271" classname="ds.mean_math_residual_multiple" name="residual_deviation_tends_to_0"/>
    <testcase time="0.105999999999995" classname="ds.mean_math_residual_multiple" name="residual_deviation_tends_to_0"/>
    <testcase time="0.00199999999995271" classname="ds.mean_math_residual_multiple" name="residual_deviation_tends_to_0"/>
    <testcase time="0.00100000000020373" classname="ds.mean_math_residual_multiple" name="residual_deviation_tends_to_0"/>
    <testcase time="0.0989999999999327" classname="ds.mean_math_residual_multiple" name="residual_deviation_tends_to_0"/>
    <testcase time="0.00199999999995271" classname="ds.mean_math_residual_multiple" name="residual_deviation_tends_to_0"/>
    <testcase time="0.000999999999976353" classname="ds.mean_math_residual_multiple" name="residual_deviation_tends_to_0"/>
    <testcase time="0.113000000000056" classname="ds.mean_math_residual_multiple" name="residual_deviation_tends_to_0"/>
    <testcase time="0.00199999999995271" classname="ds.mean_math_residual_multiple" name="residual_deviation_tends_to_0"/>
    <testcase time="0.00199999999995271" classname="ds.mean_math_residual_multiple" name="residual_deviation_tends_to_0"/>
    <testcase time="0.114000000000033" classname="ds.mean_math_residual_multiple" name="residual_deviation_tends_to_0"/>
    <testcase time="0.00199999999995271" classname="ds.mean_math_residual_multiple" name="residual_deviation_tends_to_0"/>
    <testcase time="0.00100000000020373" classname="ds.mean_math_residual_multiple" name="residual_deviation_tends_to_0"/>
    <testcase time="0.104999999999791" classname="ds.mean_math_residual_multiple" name="residual_deviation_tends_to_0"/>
    <testcase time="0.00200000000018008" classname="ds.mean_math_residual_multiple" name="residual_deviation_tends_to_0"/>
    <testcase time="0.000999999999976353" classname="ds.mean_math_residual_multiple" name="residual_deviation_tends_to_0"/>
  </testsuite>
  <testsuite name="ds.mean::math::location_parameter::single" timestamp="2025-10-28T12:34:24Z" hostname="runnervmwhb2z" tests="8" skipped="0" failures="0" errors="0" time="4.009">
    <testcase time="3.16399999999999" classname="ds.mean_math_location_parameter_single" name="mean_X_a_mean_X_a"/>
    <testcase time="0.118999999999915" classname="ds.mean_math_location_parameter_single" name="mean_X_a_mean_X_a"/>
    <testcase time="0.125999999999976" classname="ds.mean_math_location_parameter_single" name="mean_X_a_mean_X_a"/>
    <testcase time="0.125999999999976" classname="ds.mean_math_location_parameter_single" name="mean_X_a_mean_X_a"/>
    <testcase time="0.115999999999985" classname="ds.mean_math_location_parameter_single" name="mean_X_a_mean_X_a"/>
    <testcase time="0.120000000000118" classname="ds.mean_math_location_parameter_single" name="mean_X_a_mean_X_a"/>
    <testcase time="0.114000000000033" classname="ds.mean_math_location_parameter_single" name="mean_X_a_mean_X_a"/>
    <testcase time="0.124000000000024" classname="ds.mean_math_location_parameter_single" name="mean_X_a_mean_X_a"/>
  </testsuite>
  <testsuite name="ds.mean::math::location_parameter::multiple" timestamp="2025-10-28T12:34:28Z" hostname="runnervmwhb2z" tests="8" skipped="0" failures="0" errors="0" time="10.011">
    <testcase time="7.67499999999995" classname="ds.mean_math_location_parameter_multiple" name="mean_X_a_mean_X_a"/>
    <testcase time="0.336000000000013" classname="ds.mean_math_location_parameter_multiple" name="mean_X_a_mean_X_a"/>
    <testcase time="0.328999999999951" classname="ds.mean_math_location_parameter_multiple" name="mean_X_a_mean_X_a"/>
    <testcase time="0.329999999999927" classname="ds.mean_math_location_parameter_multiple" name="mean_X_a_mean_X_a"/>
    <testcase time="0.33400000000006" classname="ds.mean_math_location_parameter_multiple" name="mean_X_a_mean_X_a"/>
    <testcase time="0.333000000000084" classname="ds.mean_math_location_parameter_multiple" name="mean_X_a_mean_X_a"/>
    <testcase time="0.340999999999894" classname="ds.mean_math_location_parameter_multiple" name="mean_X_a_mean_X_a"/>
    <testcase time="0.333000000000084" classname="ds.mean_math_location_parameter_multiple" name="mean_X_a_mean_X_a"/>
  </testsuite>
  <testsuite name="ds.mean::math::scale::multiple" timestamp="2025-10-28T12:34:38Z" hostname="runnervmwhb2z" tests="8" skipped="0" failures="0" errors="0" time="10.071">
    <testcase time="7.68399999999997" classname="ds.mean_math_scale_multiple" name="mean_X_a_mean_X_a"/>
    <testcase time="0.340999999999894" classname="ds.mean_math_scale_multiple" name="mean_X_a_mean_X_a"/>
    <testcase time="0.332000000000107" classname="ds.mean_math_scale_multiple" name="mean_X_a_mean_X_a"/>
    <testcase time="0.338999999999942" classname="ds.mean_math_scale_multiple" name="mean_X_a_mean_X_a"/>
    <testcase time="0.343000000000075" classname="ds.mean_math_scale_multiple" name="mean_X_a_mean_X_a"/>
    <testcase time="0.356999999999971" classname="ds.mean_math_scale_multiple" name="mean_X_a_mean_X_a"/>
    <testcase time="0.343000000000075" classname="ds.mean_math_scale_multiple" name="mean_X_a_mean_X_a"/>
    <testcase time="0.33199999999988" classname="ds.mean_math_scale_multiple" name="mean_X_a_mean_X_a"/>
  </testsuite>
  <testsuite name="ds.mean::math::scale::single" timestamp="2025-10-28T12:34:48Z" hostname="runnervmwhb2z" tests="8" skipped="0" failures="0" errors="0" time="3.989">
    <testcase time="3.15499999999997" classname="ds.mean_math_scale_single" name="mean_X_a_mean_X_a"/>
    <testcase time="0.118000000000166" classname="ds.mean_math_scale_single" name="mean_X_a_mean_X_a"/>
    <testcase time="0.127999999999929" classname="ds.mean_math_scale_single" name="mean_X_a_mean_X_a"/>
    <testcase time="0.115999999999985" classname="ds.mean_math_scale_single" name="mean_X_a_mean_X_a"/>
    <testcase time="0.122000000000071" classname="ds.mean_math_scale_single" name="mean_X_a_mean_X_a"/>
    <testcase time="0.119999999999891" classname="ds.mean_math_scale_single" name="mean_X_a_mean_X_a"/>
    <testcase time="0.111000000000104" classname="ds.mean_math_scale_single" name="mean_X_a_mean_X_a"/>
    <testcase time="0.118999999999915" classname="ds.mean_math_scale_single" name="mean_X_a_mean_X_a"/>
  </testsuite>
  <testsuite name="math-ds.var" timestamp="2025-10-28T12:34:52Z" hostname="runnervmwhb2z" tests="0" skipped="0" failures="0" errors="0" time="0"/>
  <testsuite name="ds.var::math::positive_result::multiple" timestamp="2025-10-28T12:34:52Z" hostname="runnervmwhb2z" tests="32" skipped="0" failures="0" errors="0" time="9.696">
    <testcase time="7.44700000000012" classname="ds.var_math_positive_result_multiple" name="variance_0"/>
    <testcase time="0.148999999999887" classname="ds.var_math_positive_result_multiple" name="variance_0"/>
    <testcase time="0.136999999999944" classname="ds.var_math_positive_result_multiple" name="variance_0"/>
    <testcase time="0.143000000000029" classname="ds.var_math_positive_result_multiple" name="variance_0"/>
    <testcase time="0.173999999999978" classname="ds.var_math_positive_result_multiple" name="variance_0"/>
    <testcase time="0.154999999999973" classname="ds.var_math_positive_result_multiple" name="variance_0"/>
    <testcase time="0.149000000000115" classname="ds.var_math_positive_result_multiple" name="variance_0"/>
    <testcase time="0.148999999999887" classname="ds.var_math_positive_result_multiple" name="variance_0"/>
    <testcase time="0.15300000000002" classname="ds.var_math_positive_result_multiple" name="variance_0"/>
    <testcase time="0.00300000000015643" classname="ds.var_math_positive_result_multiple" name="variance_0"/>
    <testcase time="0.00199999999995271" classname="ds.var_math_positive_result_multiple" name="variance_0"/>
    <testcase time="0.143000000000029" classname="ds.var_math_positive_result_multiple" name="variance_0"/>
    <testcase time="0.00199999999995271" classname="ds.var_math_positive_result_multiple" name="variance_0"/>
    <testcase time="0.00299999999992906" classname="ds.var_math_positive_result_multiple" name="variance_0"/>
    <testcase time="0.144000000000005" classname="ds.var_math_positive_result_multiple" name="variance_0"/>
    <testcase time="0.00199999999995271" classname="ds.var_math_positive_result_multiple" name="variance_0"/>
    <testcase time="0.00300000000015643" classname="ds.var_math_positive_result_multiple" name="variance_0"/>
    <testcase time="0.136999999999944" classname="ds.var_math_positive_result_multiple" name="variance_0"/>
    <testcase time="0.00299999999992906" classname="ds.var_math_positive_result_multiple" name="variance_0"/>
    <testcase time="0.00300000000015643" classname="ds.var_math_positive_result_multiple" name="variance_0"/>
    <testcase time="0.145999999999958" classname="ds.var_math_positive_result_multiple" name="variance_0"/>
    <testcase time="0.00299999999992906" classname="ds.var_math_positive_result_multiple" name="variance_0"/>
    <testcase time="0.00299999999992906" classname="ds.var_math_positive_result_multiple" name="variance_0"/>
    <testcase time="0.137000000000171" classname="ds.var_math_positive_result_multiple" name="variance_0"/>
    <testcase time="0.00199999999995271" classname="ds.var_math_positive_result_multiple" name="variance_0"/>
    <testcase time="0.00299999999992906" classname="ds.var_math_positive_result_multiple" name="variance_0"/>
    <testcase time="0.144999999999982" classname="ds.var_math_positive_result_multiple" name="variance_0"/>
    <testcase time="0.00300000000015643" classname="ds.var_math_positive_result_multiple" name="variance_0"/>
    <testcase time="0.00299999999992906" classname="ds.var_math_positive_result_multiple" name="variance_0"/>
    <testcase time="0.144999999999982" classname="ds.var_math_positive_result_multiple" name="variance_0"/>
    <testcase time="0.00299999999992906" classname="ds.var_math_positive_result_multiple" name="variance_0"/>
    <testcase time="0.00199999999995271" classname="ds.var_math_positive_result_multiple" name="variance_0"/>
  </testsuite>
  <testsuite name="ds.var::math::positive_result::single" timestamp="2025-10-28T12:35:02Z" hostname="runnervmwhb2z" tests="32" skipped="0" failures="0" errors="0" time="3.887">
    <testcase time="3.07500000000005" classname="ds.var_math_positive_result_single" name="variance_0"/>
    <testcase time="0.0510000000001583" classname="ds.var_math_positive_result_single" name="variance_0"/>
    <testcase time="0.0499999999999545" classname="ds.var_math_positive_result_single" name="variance_0"/>
    <testcase time="0.0499999999999545" classname="ds.var_math_positive_result_single" name="variance_0"/>
    <testcase time="0.0509999999999309" classname="ds.var_math_positive_result_single" name="variance_0"/>
    <testcase time="0.05600000000004" classname="ds.var_math_positive_result_single" name="variance_0"/>
    <testcase time="0.0509999999999309" classname="ds.var_math_positive_result_single" name="variance_0"/>
    <testcase time="0.0500000000001819" classname="ds.var_math_positive_result_single" name="variance_0"/>
    <testcase time="0.0499999999999545" classname="ds.var_math_positive_result_single" name="variance_0"/>
    <testcase time="0.00199999999995271" classname="ds.var_math_positive_result_single" name="variance_0"/>
    <testcase time="0.00299999999992906" classname="ds.var_math_positive_result_single" name="variance_0"/>
    <testcase time="0.0500000000001819" classname="ds.var_math_positive_result_single" name="variance_0"/>
    <testcase time="0.00299999999992906" classname="ds.var_math_positive_result_single" name="variance_0"/>
    <testcase time="0.00299999999992906" classname="ds.var_math_positive_result_single" name="variance_0"/>
    <testcase time="0.0509999999999309" classname="ds.var_math_positive_result_single" name="variance_0"/>
    <testcase time="0.0080000000000382" classname="ds.var_math_positive_result_single" name="variance_0"/>
    <testcase time="0.00300000000015643" classname="ds.var_math_positive_result_single" name="variance_0"/>
    <testcase time="0.0499999999999545" classname="ds.var_math_positive_result_single" name="variance_0"/>
    <testcase time="0.00299999999992906" classname="ds.var_math_positive_result_single" name="variance_0"/>
    <testcase time="0.00199999999995271" classname="ds.var_math_positive_result_single" name="variance_0"/>
    <testcase time="0.0510000000001583" classname="ds.var_math_positive_result_single" name="variance_0"/>
    <testcase time="0.00299999999992906" classname="ds.var_math_positive_result_single" name="variance_0"/>
    <testcase time="0.00199999999995271" classname="ds.var_math_positive_result_single" name="variance_0"/>
    <testcase time="0.0499999999999545" classname="ds.var_math_positive_result_single" name="variance_0"/>
    <testcase time="0.00300000000015643" classname="ds.var_math_positive_result_single" name="variance_0"/>
    <testcase time="0.00299999999992906" classname="ds.var_math_positive_result_single" name="variance_0"/>
    <testcase time="0.0509999999999309" classname="ds.var_math_positive_result_single" name="variance_0"/>
    <testcase time="0.00300000000015643" classname="ds.var_math_positive_result_single" name="variance_0"/>
    <testcase time="0.00299999999992906" classname="ds.var_math_positive_result_single" name="variance_0"/>
    <testcase time="0.0499999999999545" classname="ds.var_math_positive_result_single" name="variance_0"/>
    <testcase time="0.00299999999992906" classname="ds.var_math_positive_result_single" name="variance_0"/>
    <testcase time="0.00300000000015643" classname="ds.var_math_positive_result_single" name="variance_0"/>
  </testsuite>
  <testsuite name="ds.var::math::square_root_std::single" timestamp="2025-10-28T12:35:06Z" hostname="runnervmwhb2z" tests="8" skipped="0" failures="0" errors="0" time="3.24">
    <testcase time="3.03800000000001" classname="ds.var_math_square_root_std_single" name="variance_is_to_the_power_of_2_of_the_standard_deviation"/>
    <testcase time="0.0389999999999873" classname="ds.var_math_square_root_std_single" name="variance_is_to_the_power_of_2_of_the_standard_deviation"/>
    <testcase time="0.02800000000002" classname="ds.var_math_square_root_std_single" name="variance_is_to_the_power_of_2_of_the_standard_deviation"/>
    <testcase time="0.0269999999998163" classname="ds.var_math_square_root_std_single" name="variance_is_to_the_power_of_2_of_the_standard_deviation"/>
    <testcase time="0.0270000000000437" classname="ds.var_math_square_root_std_single" name="variance_is_to_the_power_of_2_of_the_standard_deviation"/>
    <testcase time="0.0270000000000437" classname="ds.var_math_square_root_std_single" name="variance_is_to_the_power_of_2_of_the_standard_deviation"/>
    <testcase time="0.0270000000000437" classname="ds.var_math_square_root_std_single" name="variance_is_to_the_power_of_2_of_the_standard_deviation"/>
    <testcase time="0.0270000000000437" classname="ds.var_math_square_root_std_single" name="variance_is_to_the_power_of_2_of_the_standard_deviation"/>
  </testsuite>
  <testsuite name="ds.var::math::square_root_std::multiple" timestamp="2025-10-28T12:35:09Z" hostname="runnervmwhb2z" tests="32" skipped="0" failures="0" errors="0" time="8.663">
    <testcase time="7.41799999999989" classname="ds.var_math_square_root_std_multiple" name="variance_is_to_the_power_of_2_of_the_standard_deviation"/>
    <testcase time="0.0769999999999982" classname="ds.var_math_square_root_std_multiple" name="variance_is_to_the_power_of_2_of_the_standard_deviation"/>
    <testcase time="0.0850000000000364" classname="ds.var_math_square_root_std_multiple" name="variance_is_to_the_power_of_2_of_the_standard_deviation"/>
    <testcase time="0.0779999999999745" classname="ds.var_math_square_root_std_multiple" name="variance_is_to_the_power_of_2_of_the_standard_deviation"/>
    <testcase time="0.0769999999999982" classname="ds.var_math_square_root_std_multiple" name="variance_is_to_the_power_of_2_of_the_standard_deviation"/>
    <testcase time="0.0779999999999745" classname="ds.var_math_square_root_std_multiple" name="variance_is_to_the_power_of_2_of_the_standard_deviation"/>
    <testcase time="0.0850000000000364" classname="ds.var_math_square_root_std_multiple" name="variance_is_to_the_power_of_2_of_the_standard_deviation"/>
    <testcase time="0.0760000000000218" classname="ds.var_math_square_root_std_multiple" name="variance_is_to_the_power_of_2_of_the_standard_deviation"/>
    <testcase time="0.105999999999995" classname="ds.var_math_square_root_std_multiple" name="variance_is_to_the_power_of_2_of_the_standard_deviation"/>
    <testcase time="0.00199999999995271" classname="ds.var_math_square_root_std_multiple" name="variance_is_to_the_power_of_2_of_the_standard_deviation"/>
    <testcase time="0.000999999999976353" classname="ds.var_math_square_root_std_multiple" name="variance_is_to_the_power_of_2_of_the_standard_deviation"/>
    <testcase time="0.0790000000001783" classname="ds.var_math_square_root_std_multiple" name="variance_is_to_the_power_of_2_of_the_standard_deviation"/>
    <testcase time="0.00199999999995271" classname="ds.var_math_square_root_std_multiple" name="variance_is_to_the_power_of_2_of_the_standard_deviation"/>
    <testcase time="0.000999999999976353" classname="ds.var_math_square_root_std_multiple" name="variance_is_to_the_power_of_2_of_the_standard_deviation"/>
    <testcase time="0.08400000000006" classname="ds.var_math_square_root_std_multiple" name="variance_is_to_the_power_of_2_of_the_standard_deviation"/>
    <testcase time="0.000999999999976353" classname="ds.var_math_square_root_std_multiple" name="variance_is_to_the_power_of_2_of_the_standard_deviation"/>
    <testcase time="0.00199999999995271" classname="ds.var_math_square_root_std_multiple" name="variance_is_to_the_power_of_2_of_the_standard_deviation"/>
    <testcase time="0.0760000000000218" classname="ds.var_math_square_root_std_multiple" name="variance_is_to_the_power_of_2_of_the_standard_deviation"/>
    <testcase time="0.000999999999976353" classname="ds.var_math_square_root_std_multiple" name="variance_is_to_the_power_of_2_of_the_standard_deviation"/>
    <testcase time="0.000999999999976353" classname="ds.var_math_square_root_std_multiple" name="variance_is_to_the_power_of_2_of_the_standard_deviation"/>
    <testcase time="0.0760000000000218" classname="ds.var_math_square_root_std_multiple" name="variance_is_to_the_power_of_2_of_the_standard_deviation"/>
    <testcase time="0.00199999999995271" classname="ds.var_math_square_root_std_multiple" name="variance_is_to_the_power_of_2_of_the_standard_deviation"/>
    <testcase time="0.000999999999976353" classname="ds.var_math_square_root_std_multiple" name="variance_is_to_the_power_of_2_of_the_standard_deviation"/>
    <testcase time="0.0789999999999509" classname="ds.var_math_square_root_std_multiple" name="variance_is_to_the_power_of_2_of_the_standard_deviation"/>
    <testcase time="0.00100000000020373" classname="ds.var_math_square_root_std_multiple" name="variance_is_to_the_power_of_2_of_the_standard_deviation"/>
    <testcase time="0.00199999999995271" classname="ds.var_math_square_root_std_multiple" name="variance_is_to_the_power_of_2_of_the_standard_deviation"/>
    <testcase time="0.0829999999998563" classname="ds.var_math_square_root_std_multiple" name="variance_is_to_the_power_of_2_of_the_standard_deviation"/>
    <testcase time="0.00200000000018008" classname="ds.var_math_square_root_std_multiple" name="variance_is_to_the_power_of_2_of_the_standard_deviation"/>
    <testcase time="0.000999999999976353" classname="ds.var_math_square_root_std_multiple" name="variance_is_to_the_power_of_2_of_the_standard_deviation"/>
    <testcase time="0.0819999999998799" classname="ds.var_math_square_root_std_multiple" name="variance_is_to_the_power_of_2_of_the_standard_deviation"/>
    <testcase time="0.00199999999995271" classname="ds.var_math_square_root_std_multiple" name="variance_is_to_the_power_of_2_of_the_standard_deviation"/>
    <testcase time="0.00200000000018008" classname="ds.var_math_square_root_std_multiple" name="variance_is_to_the_power_of_2_of_the_standard_deviation"/>
  </testsuite>
  <testsuite name="ds.var::math::location::parameter::single" timestamp="2025-10-28T12:35:18Z" hostname="runnervmwhb2z" tests="8" skipped="0" failures="0" errors="0" time="4.168">
    <testcase time="3.16199999999981" classname="ds.var_math_location_parameter_single" name="var_X_a_Var_X_"/>
    <testcase time="0.144000000000005" classname="ds.var_math_location_parameter_single" name="var_X_a_Var_X_"/>
    <testcase time="0.138000000000147" classname="ds.var_math_location_parameter_single" name="var_X_a_Var_X_"/>
    <testcase time="0.138999999999896" classname="ds.var_math_location_parameter_single" name="var_X_a_Var_X_"/>
    <testcase time="0.145999999999958" classname="ds.var_math_location_parameter_single" name="var_X_a_Var_X_"/>
    <testcase time="0.152999999999793" classname="ds.var_math_location_parameter_single" name="var_X_a_Var_X_"/>
    <testcase time="0.147000000000162" classname="ds.var_math_location_parameter_single" name="var_X_a_Var_X_"/>
    <testcase time="0.138999999999896" classname="ds.var_math_location_parameter_single" name="var_X_a_Var_X_"/>
  </testsuite>
  <testsuite name="ds.var::math::location::parameter::multiple" timestamp="2025-10-28T12:35:22Z" hostname="runnervmwhb2z" tests="8" skipped="0" failures="0" errors="0" time="10.583">
    <testcase time="7.72000000000003" classname="ds.var_math_location_parameter_multiple" name="var_X_a_Var_X_"/>
    <testcase time="0.414999999999964" classname="ds.var_math_location_parameter_multiple" name="var_X_a_Var_X_"/>
    <testcase time="0.413999999999987" classname="ds.var_math_location_parameter_multiple" name="var_X_a_Var_X_"/>
    <testcase time="0.404999999999973" classname="ds.var_math_location_parameter_multiple" name="var_X_a_Var_X_"/>
    <testcase time="0.4050000000002" classname="ds.var_math_location_parameter_multiple" name="var_X_a_Var_X_"/>
    <testcase time="0.408999999999878" classname="ds.var_math_location_parameter_multiple" name="var_X_a_Var_X_"/>
    <testcase time="0.413000000000011" classname="ds.var_math_location_parameter_multiple" name="var_X_a_Var_X_"/>
    <testcase time="0.402000000000044" classname="ds.var_math_location_parameter_multiple" name="var_X_a_Var_X_"/>
  </testsuite>
  <testsuite name="ds.var::math::scale::single" timestamp="2025-10-28T12:35:32Z" hostname="runnervmwhb2z" tests="8" skipped="0" failures="0" errors="0" time="4.177">
    <testcase time="3.15899999999988" classname="ds.var_math_scale_single" name="var_aX_a_2Var_X_"/>
    <testcase time="0.146000000000186" classname="ds.var_math_scale_single" name="var_aX_a_2Var_X_"/>
    <testcase time="0.13799999999992" classname="ds.var_math_scale_single" name="var_aX_a_2Var_X_"/>
    <testcase time="0.13799999999992" classname="ds.var_math_scale_single" name="var_aX_a_2Var_X_"/>
    <testcase time="0.144999999999982" classname="ds.var_math_scale_single" name="var_aX_a_2Var_X_"/>
    <testcase time="0.143000000000029" classname="ds.var_math_scale_single" name="var_aX_a_2Var_X_"/>
    <testcase time="0.144999999999982" classname="ds.var_math_scale_single" name="var_aX_a_2Var_X_"/>
    <testcase time="0.163000000000011" classname="ds.var_math_scale_single" name="var_aX_a_2Var_X_"/>
  </testsuite>
  <testsuite name="ds.var::math::scale::multiple" timestamp="2025-10-28T12:35:37Z" hostname="runnervmwhb2z" tests="8" skipped="0" failures="0" errors="0" time="10.631">
    <testcase time="7.74400000000014" classname="ds.var_math_scale_multiple" name="var_aX_a_2Var_X_"/>
    <testcase time="0.408999999999878" classname="ds.var_math_scale_multiple" name="var_aX_a_2Var_X_"/>
    <testcase time="0.413000000000011" classname="ds.var_math_scale_multiple" name="var_aX_a_2Var_X_"/>
    <testcase time="0.40300000000002" classname="ds.var_math_scale_multiple" name="var_aX_a_2Var_X_"/>
    <testcase time="0.406999999999925" classname="ds.var_math_scale_multiple" name="var_aX_a_2Var_X_"/>
    <testcase time="0.411000000000058" classname="ds.var_math_scale_multiple" name="var_aX_a_2Var_X_"/>
    <testcase time="0.425999999999931" classname="ds.var_math_scale_multiple" name="var_aX_a_2Var_X_"/>
    <testcase time="0.41800000000012" classname="ds.var_math_scale_multiple" name="var_aX_a_2Var_X_"/>
  </testsuite>
  <testsuite name="perf-conndisconn" timestamp="2025-10-28T12:35:47Z" hostname="runnervmwhb2z" tests="0" skipped="0" failures="0" errors="0" time="0"/>
  <testsuite name="conndisconn::perf::setup" timestamp="2025-10-28T12:35:47Z" hostname="runnervmwhb2z" tests="0" skipped="0" failures="0" errors="0" time="0"/>
  <testsuite name="conndisconn::perf::simple0" timestamp="2025-10-28T12:35:54Z" hostname="runnervmwhb2z" tests="2" skipped="0" failures="0" errors="0" time="130.518">
    <testcase time="130.517" classname="conndisconn_perf_simple0" name="simple_connect_disconnect_performance"/>
    <testcase time="0.000999999999976353" classname="conndisconn_perf_simple0" name="simple_connect_disconnect_performance"/>
  </testsuite>
  <testsuite name="conndisconn::perf::shutdown" timestamp="2025-10-28T12:37:58Z" hostname="runnervmwhb2z" tests="0" skipped="0" failures="0" errors="0" time="0"/>
  <testsuite name="conndisconn::perf::done" timestamp="2025-10-28T12:37:58Z" hostname="runnervmwhb2z" tests="0" skipped="0" failures="0" errors="0" time="0"/>
  <testsuite name="perf-ds.abs" timestamp="2025-10-28T12:37:58Z" hostname="runnervmwhb2z" tests="0" skipped="0" failures="0" errors="0" time="0"/>
  <testsuite name="ds.abs::perf::setup" timestamp="2025-10-28T12:37:58Z" hostname="runnervmwhb2z" tests="0" skipped="0" failures="0" errors="0" time="0"/>
  <testsuite name="ds.abs::perf:0" timestamp="2025-10-28T12:38:05Z" hostname="runnervmwhb2z" tests="2" skipped="0" failures="1" errors="0" time="37.358">
    <testcase time="37.3529999999998" classname="ds.abs_perf_0" name="combine_performance"/>
    <testcase time="0.00500000000010914" classname="ds.abs_perf_0" name="combine_performance">
      <failure type="failure" message="Observed rate is not strictly less than upper threshold on rate. Difference: 1.05 ('test-perf-ds.abs.R:50:5')">Observed rate is not strictly less than upper threshold on rate. Difference: 1.05</failure>
    </testcase>
  </testsuite>
  <testsuite name="ds.abs::perf::shutdown" timestamp="2025-10-28T12:38:35Z" hostname="runnervmwhb2z" tests="0" skipped="0" failures="0" errors="0" time="0"/>
  <testsuite name="ds.abs::perf::done" timestamp="2025-10-28T12:38:35Z" hostname="runnervmwhb2z" tests="0" skipped="0" failures="0" errors="0" time="0"/>
  <testsuite name="perf-ds.asInteger" timestamp="2025-10-28T12:38:35Z" hostname="runnervmwhb2z" tests="0" skipped="0" failures="0" errors="0" time="0"/>
  <testsuite name="ds.asInteger::perf::setup" timestamp="2025-10-28T12:38:35Z" hostname="runnervmwhb2z" tests="0" skipped="0" failures="0" errors="0" time="0"/>
  <testsuite name="ds.asInteger::perf:0" timestamp="2025-10-28T12:38:43Z" hostname="runnervmwhb2z" tests="2" skipped="0" failures="1" errors="0" time="37.635">
    <testcase time="37.6310000000001" classname="ds.asInteger_perf_0" name="combine_performance"/>
    <testcase time="0.00399999999990541" classname="ds.asInteger_perf_0" name="combine_performance">
      <failure type="failure" message="Observed rate is not strictly less than upper threshold on rate. Difference: 1.26 ('test-perf-ds.asInteger.R:50:5')">Observed rate is not strictly less than upper threshold on rate. Difference: 1.26</failure>
    </testcase>
  </testsuite>
  <testsuite name="ds.asInteger::perf::shutdown" timestamp="2025-10-28T12:39:13Z" hostname="runnervmwhb2z" tests="0" skipped="0" failures="0" errors="0" time="0"/>
  <testsuite name="ds.asInteger::perf::done" timestamp="2025-10-28T12:39:13Z" hostname="runnervmwhb2z" tests="0" skipped="0" failures="0" errors="0" time="0"/>
  <testsuite name="perf-ds.asList" timestamp="2025-10-28T12:39:13Z" hostname="runnervmwhb2z" tests="0" skipped="0" failures="0" errors="0" time="0"/>
  <testsuite name="ds.asList::perf::setup" timestamp="2025-10-28T12:39:13Z" hostname="runnervmwhb2z" tests="0" skipped="0" failures="0" errors="0" time="0"/>
  <testsuite name="ds.asList::perf:0" timestamp="2025-10-28T12:39:20Z" hostname="runnervmwhb2z" tests="2" skipped="0" failures="1" errors="0" time="37.408">
    <testcase time="37.404" classname="ds.asList_perf_0" name="combine_performance"/>
    <testcase time="0.00399999999990541" classname="ds.asList_perf_0" name="combine_performance">
      <failure type="failure" message="Observed rate is not strictly less than upper threshold on rate. Difference: 3.82 ('test-perf-ds.asList.R:50:5')">Observed rate is not strictly less than upper threshold on rate. Difference: 3.82</failure>
    </testcase>
  </testsuite>
  <testsuite name="ds.asList::perf::shutdown" timestamp="2025-10-28T12:39:50Z" hostname="runnervmwhb2z" tests="0" skipped="0" failures="0" errors="0" time="0"/>
  <testsuite name="ds.asList::perf::done" timestamp="2025-10-28T12:39:50Z" hostname="runnervmwhb2z" tests="0" skipped="0" failures="0" errors="0" time="0"/>
  <testsuite name="perf-ds.asNumeric" timestamp="2025-10-28T12:39:50Z" hostname="runnervmwhb2z" tests="0" skipped="0" failures="0" errors="0" time="0"/>
  <testsuite name="ds.asNumeric::perf::setup" timestamp="2025-10-28T12:39:50Z" hostname="runnervmwhb2z" tests="0" skipped="0" failures="0" errors="0" time="0"/>
  <testsuite name="ds.asNumeric::perf:0" timestamp="2025-10-28T12:39:57Z" hostname="runnervmwhb2z" tests="2" skipped="0" failures="1" errors="0" time="37.546">
    <testcase time="37.5420000000001" classname="ds.asNumeric_perf_0" name="combine_performance"/>
    <testcase time="0.00399999999990541" classname="ds.asNumeric_perf_0" name="combine_performance">
      <failure type="failure" message="Observed rate is not strictly less than upper threshold on rate. Difference: 1.5 ('test-perf-ds.asNumeric.R:50:5')">Observed rate is not strictly less than upper threshold on rate. Difference: 1.5</failure>
    </testcase>
  </testsuite>
  <testsuite name="ds.asNumeric::perf::shutdown" timestamp="2025-10-28T12:40:28Z" hostname="runnervmwhb2z" tests="0" skipped="0" failures="0" errors="0" time="0"/>
  <testsuite name="ds.asNumeric::perf::done" timestamp="2025-10-28T12:40:28Z" hostname="runnervmwhb2z" tests="0" skipped="0" failures="0" errors="0" time="0"/>
  <testsuite name="perf-ds.assign" timestamp="2025-10-28T12:40:28Z" hostname="runnervmwhb2z" tests="0" skipped="0" failures="0" errors="0" time="0"/>
  <testsuite name="ds.assign::perf::setup" timestamp="2025-10-28T12:40:28Z" hostname="runnervmwhb2z" tests="0" skipped="0" failures="0" errors="0" time="0"/>
  <testsuite name="ds.assign::perf::0" timestamp="2025-10-28T12:40:35Z" hostname="runnervmwhb2z" tests="2" skipped="0" failures="0" errors="0" time="37.39">
    <testcase time="37.3890000000001" classname="ds.assign_perf_0" name="performance"/>
    <testcase time="0.000999999999976353" classname="ds.assign_perf_0" name="performance"/>
  </testsuite>
  <testsuite name="ds.assign::perf::shutdown" timestamp="2025-10-28T12:41:05Z" hostname="runnervmwhb2z" tests="0" skipped="0" failures="0" errors="0" time="0"/>
  <testsuite name="ds.assign::perf::done" timestamp="2025-10-28T12:41:05Z" hostname="runnervmwhb2z" tests="0" skipped="0" failures="0" errors="0" time="0"/>
  <testsuite name="perf-ds.class" timestamp="2025-10-28T12:41:05Z" hostname="runnervmwhb2z" tests="0" skipped="0" failures="0" errors="0" time="0"/>
  <testsuite name="ds.class::perf::setup" timestamp="2025-10-28T12:41:05Z" hostname="runnervmwhb2z" tests="0" skipped="0" failures="0" errors="0" time="0"/>
  <testsuite name="ds.class::perf::combine:0" timestamp="2025-10-28T12:41:12Z" hostname="runnervmwhb2z" tests="2" skipped="0" failures="1" errors="0" time="37.337">
    <testcase time="37.3329999999999" classname="ds.class_perf_combine_0" name="combine_performance"/>
    <testcase time="0.00400000000013279" classname="ds.class_perf_combine_0" name="combine_performance">
      <failure type="failure" message="Observed rate is not strictly less than upper threshold on rate. Difference: 3.57 ('test-perf-ds.class.R:50:5')">Observed rate is not strictly less than upper threshold on rate. Difference: 3.57</failure>
    </testcase>
  </testsuite>
  <testsuite name="ds.class::perf::shutdown" timestamp="2025-10-28T12:41:42Z" hostname="runnervmwhb2z" tests="0" skipped="0" failures="0" errors="0" time="0"/>
  <testsuite name="ds.class::perf::done" timestamp="2025-10-28T12:41:43Z" hostname="runnervmwhb2z" tests="0" skipped="0" failures="0" errors="0" time="0"/>
  <testsuite name="perf-ds.colnames" timestamp="2025-10-28T12:41:43Z" hostname="runnervmwhb2z" tests="0" skipped="0" failures="0" errors="0" time="0"/>
  <testsuite name="ds.colnames::perf::setup" timestamp="2025-10-28T12:41:43Z" hostname="runnervmwhb2z" tests="0" skipped="0" failures="0" errors="0" time="0"/>
  <testsuite name="ds.colnames::perf:0" timestamp="2025-10-28T12:41:50Z" hostname="runnervmwhb2z" tests="2" skipped="0" failures="1" errors="0" time="37.41">
    <testcase time="37.4059999999999" classname="ds.colnames_perf_0" name="combine_performance"/>
    <testcase time="0.00400000000013279" classname="ds.colnames_perf_0" name="combine_performance">
      <failure type="failure" message="Observed rate is not strictly less than upper threshold on rate. Difference: 1.61 ('test-perf-ds.colnames.R:50:5')">Observed rate is not strictly less than upper threshold on rate. Difference: 1.61</failure>
    </testcase>
  </testsuite>
  <testsuite name="ds.colnames::perf::shutdown" timestamp="2025-10-28T12:42:20Z" hostname="runnervmwhb2z" tests="0" skipped="0" failures="0" errors="0" time="0"/>
  <testsuite name="ds.colnames::perf::done" timestamp="2025-10-28T12:42:20Z" hostname="runnervmwhb2z" tests="0" skipped="0" failures="0" errors="0" time="0"/>
  <testsuite name="perf-ds.exists" timestamp="2025-10-28T12:42:20Z" hostname="runnervmwhb2z" tests="0" skipped="0" failures="0" errors="0" time="0"/>
  <testsuite name="ds.exists::perf::setup" timestamp="2025-10-28T12:42:20Z" hostname="runnervmwhb2z" tests="0" skipped="0" failures="0" errors="0" time="0"/>
  <testsuite name="ds.exists::perf::combine:0" timestamp="2025-10-28T12:42:27Z" hostname="runnervmwhb2z" tests="2" skipped="0" failures="1" errors="0" time="37.373">
    <testcase time="37.3689999999999" classname="ds.exists_perf_combine_0" name="combine_performance"/>
    <testcase time="0.00399999999990541" classname="ds.exists_perf_combine_0" name="combine_performance">
      <failure type="failure" message="Observed rate is not strictly less than upper threshold on rate. Difference: 3.99 ('test-perf-ds.exists.R:50:5')">Observed rate is not strictly less than upper threshold on rate. Difference: 3.99</failure>
    </testcase>
  </testsuite>
  <testsuite name="ds.exists::perf::shutdown" timestamp="2025-10-28T12:42:57Z" hostname="runnervmwhb2z" tests="0" skipped="0" failures="0" errors="0" time="0"/>
  <testsuite name="ds.exists::perf::done" timestamp="2025-10-28T12:42:57Z" hostname="runnervmwhb2z" tests="0" skipped="0" failures="0" errors="0" time="0"/>
  <testsuite name="perf-ds.length" timestamp="2025-10-28T12:42:57Z" hostname="runnervmwhb2z" tests="0" skipped="0" failures="0" errors="0" time="0"/>
  <testsuite name="ds.length::perf::setup" timestamp="2025-10-28T12:42:57Z" hostname="runnervmwhb2z" tests="0" skipped="0" failures="0" errors="0" time="0"/>
  <testsuite name="ds.length::perf::combine:0" timestamp="2025-10-28T12:43:05Z" hostname="runnervmwhb2z" tests="2" skipped="0" failures="1" errors="0" time="37.377">
    <testcase time="37.373" classname="ds.length_perf_combine_0" name="combine_performance"/>
    <testcase time="0.00400000000013279" classname="ds.length_perf_combine_0" name="combine_performance">
      <failure type="failure" message="Observed rate is not strictly less than upper threshold on rate. Difference: 7.04 ('test-perf-ds.length.R:50:5')">Observed rate is not strictly less than upper threshold on rate. Difference: 7.04</failure>
    </testcase>
  </testsuite>
  <testsuite name="ds.length::perf::shutdown" timestamp="2025-10-28T12:43:35Z" hostname="runnervmwhb2z" tests="0" skipped="0" failures="0" errors="0" time="0"/>
  <testsuite name="ds.length::perf::done" timestamp="2025-10-28T12:43:35Z" hostname="runnervmwhb2z" tests="0" skipped="0" failures="0" errors="0" time="0"/>
  <testsuite name="perf-ds.mean" timestamp="2025-10-28T12:43:35Z" hostname="runnervmwhb2z" tests="0" skipped="0" failures="0" errors="0" time="0"/>
  <testsuite name="ds.mean::perf::setup" timestamp="2025-10-28T12:43:35Z" hostname="runnervmwhb2z" tests="0" skipped="0" failures="0" errors="0" time="0"/>
  <testsuite name="ds.mean::perf::combine:0" timestamp="2025-10-28T12:43:42Z" hostname="runnervmwhb2z" tests="2" skipped="0" failures="1" errors="0" time="37.31">
    <testcase time="37.3059999999998" classname="ds.mean_perf_combine_0" name="combine_performance"/>
    <testcase time="0.00400000000013279" classname="ds.mean_perf_combine_0" name="combine_performance">
      <failure type="failure" message="Observed rate is not strictly less than upper threshold on rate. Difference: 6.84 ('test-perf-ds.mean.R:50:5')">Observed rate is not strictly less than upper threshold on rate. Difference: 6.84</failure>
    </testcase>
  </testsuite>
  <testsuite name="ds.mean::perf::split:0" timestamp="2025-10-28T12:44:12Z" hostname="runnervmwhb2z" tests="2" skipped="0" failures="1" errors="0" time="30.032">
    <testcase time="30.028" classname="ds.mean_perf_split_0" name="split_performance"/>
    <testcase time="0.00399999999990541" classname="ds.mean_perf_split_0" name="split_performance">
      <failure type="failure" message="Observed rate is not strictly less than upper threshold on rate. Difference: 3.34 ('test-perf-ds.mean.R:81:5')">Observed rate is not strictly less than upper threshold on rate. Difference: 3.34</failure>
    </testcase>
  </testsuite>
  <testsuite name="ds.mean::perf::shutdown" timestamp="2025-10-28T12:44:42Z" hostname="runnervmwhb2z" tests="0" skipped="0" failures="0" errors="0" time="0"/>
  <testsuite name="ds.mean::perf::done" timestamp="2025-10-28T12:44:42Z" hostname="runnervmwhb2z" tests="0" skipped="0" failures="0" errors="0" time="0"/>
  <testsuite name="perf-void" timestamp="2025-10-28T12:44:42Z" hostname="runnervmwhb2z" tests="0" skipped="0" failures="0" errors="0" time="0"/>
  <testsuite name="void::perf::void::setup" timestamp="2025-10-28T12:44:42Z" hostname="runnervmwhb2z" tests="0" skipped="0" failures="0" errors="0" time="0"/>
  <testsuite name="void::perf::void::0" timestamp="2025-10-28T12:44:42Z" hostname="runnervmwhb2z" tests="2" skipped="0" failures="0" errors="0" time="60.278">
    <testcase time="60.2760000000001" classname="void_perf_void_0" name="simple_void_performance"/>
    <testcase time="0.00199999999995271" classname="void_perf_void_0" name="simple_void_performance"/>
  </testsuite>
  <testsuite name="void::perf::void::shutdown" timestamp="2025-10-28T12:45:42Z" hostname="runnervmwhb2z" tests="0" skipped="0" failures="0" errors="0" time="0"/>
  <testsuite name="void::perf::void::done" timestamp="2025-10-28T12:45:42Z" hostname="runnervmwhb2z" tests="0" skipped="0" failures="0" errors="0" time="0"/>
  <testsuite name="smk_expt-ds.mean" timestamp="2025-10-28T12:45:42Z" hostname="runnervmwhb2z" tests="0" skipped="0" failures="0" errors="0" time="0"/>
  <testsuite name="ds.mean::smk_expt::type=combine" timestamp="2025-10-28T12:45:49Z" hostname="runnervmwhb2z" tests="1" skipped="0" failures="0" errors="0" time="7.1">
    <testcase time="7.09999999999991" classname="ds.mean_smk_expt_type_combine" name="mean_values_combine_"/>
  </testsuite>
  <testsuite name="ds.mean::smk_expt::type=split" timestamp="2025-10-28T12:45:49Z" hostname="runnervmwhb2z" tests="1" skipped="0" failures="0" errors="0" time="0.048">
    <testcase time="0.0480000000000018" classname="ds.mean_smk_expt_type_split" name="mean_values_split_"/>
  </testsuite>
  <testsuite name="ds.mean::smk_expt::type=both" timestamp="2025-10-28T12:45:49Z" hostname="runnervmwhb2z" tests="1" skipped="0" failures="0" errors="0" time="0.047">
    <testcase time="0.0470000000000255" classname="ds.mean_smk_expt_type_both" name="mean_values_both_"/>
  </testsuite>
  <testsuite name="ds.mean::smk_expt::type=combine" timestamp="2025-10-28T12:45:49Z" hostname="runnervmwhb2z" tests="1" skipped="1" failures="0" errors="0" time="0.006">
    <testcase time="0.00600000000008549" classname="ds.mean_smk_expt_type_combine" name="mean_values_combine_">
      <skipped message="Reason: empty test ('test-smk_expt-ds.mean.R:43:1')"/>
    </testcase>
  </testsuite>
  <testsuite name="ds.mean::smk_expt::type=split" timestamp="2025-10-28T12:45:49Z" hostname="runnervmwhb2z" tests="1" skipped="1" failures="0" errors="0" time="0.015">
    <testcase time="0.0149999999998727" classname="ds.mean_smk_expt_type_split" name="mean_values_split_">
      <skipped message="Reason: empty test ('test-smk_expt-ds.mean.R:50:1')"/>
    </testcase>
  </testsuite>
  <testsuite name="ds.mean::smk_expt::type=both" timestamp="2025-10-28T12:45:49Z" hostname="runnervmwhb2z" tests="1" skipped="1" failures="0" errors="0" time="0.02">
    <testcase time="0.0200000000002092" classname="ds.mean_smk_expt_type_both" name="mean_values_both_">
      <skipped message="Reason: empty test ('test-smk_expt-ds.mean.R:57:1')"/>
    </testcase>
  </testsuite>
  <testsuite name="ds.mean::smk_expt::type=combine" timestamp="2025-10-28T12:45:49Z" hostname="runnervmwhb2z" tests="1" skipped="0" failures="0" errors="0" time="0.054">
    <testcase time="0.0539999999998599" classname="ds.mean_smk_expt_type_combine" name="mean_values_combine_"/>
  </testsuite>
  <testsuite name="ds.mean::smk_expt::type=split" timestamp="2025-10-28T12:45:49Z" hostname="runnervmwhb2z" tests="1" skipped="0" failures="0" errors="0" time="0.046">
    <testcase time="0.0460000000000491" classname="ds.mean_smk_expt_type_split" name="mean_values_split_"/>
  </testsuite>
  <testsuite name="ds.mean::smk_expt::type=both" timestamp="2025-10-28T12:45:49Z" hostname="runnervmwhb2z" tests="1" skipped="0" failures="0" errors="0" time="0.044">
    <testcase time="0.0440000000000964" classname="ds.mean_smk_expt_type_both" name="mean_values_both_"/>
  </testsuite>
  <testsuite name="ds.mean::smk_expt::type=combine" timestamp="2025-10-28T12:45:50Z" hostname="runnervmwhb2z" tests="1" skipped="0" failures="0" errors="0" time="0.046">
    <testcase time="0.0459999999998217" classname="ds.mean_smk_expt_type_combine" name="mean_values_combine_"/>
  </testsuite>
  <testsuite name="ds.mean::smk_expt::type=split" timestamp="2025-10-28T12:45:50Z" hostname="runnervmwhb2z" tests="1" skipped="0" failures="0" errors="0" time="0.045">
    <testcase time="0.0450000000000728" classname="ds.mean_smk_expt_type_split" name="mean_values_split_"/>
  </testsuite>
  <testsuite name="ds.mean::smk_expt::type=both" timestamp="2025-10-28T12:45:50Z" hostname="runnervmwhb2z" tests="1" skipped="0" failures="0" errors="0" time="0.054">
    <testcase time="0.0540000000000873" classname="ds.mean_smk_expt_type_both" name="mean_values_both_"/>
  </testsuite>
  <testsuite name="ds.mean::smk_expt::type=combine" timestamp="2025-10-28T12:45:50Z" hostname="runnervmwhb2z" tests="1" skipped="0" failures="0" errors="0" time="0.054">
    <testcase time="0.0539999999998599" classname="ds.mean_smk_expt_type_combine" name="mean_values_combine_"/>
  </testsuite>
  <testsuite name="ds.mean::smk_expt::type=split" timestamp="2025-10-28T12:45:50Z" hostname="runnervmwhb2z" tests="1" skipped="0" failures="0" errors="0" time="0.047">
    <testcase time="0.0470000000000255" classname="ds.mean_smk_expt_type_split" name="mean_values_split_"/>
  </testsuite>
  <testsuite name="ds.mean::smk_expt::type=both" timestamp="2025-10-28T12:45:50Z" hostname="runnervmwhb2z" tests="1" skipped="0" failures="0" errors="0" time="0.044">
    <testcase time="0.0440000000000964" classname="ds.mean_smk_expt_type_both" name="mean_values_both_"/>
  </testsuite>
  <testsuite name="ds.mean::smk_expt::type=combine" timestamp="2025-10-28T12:45:50Z" hostname="runnervmwhb2z" tests="1" skipped="0" failures="0" errors="0" time="0.229">
    <testcase time="0.229000000000042" classname="ds.mean_smk_expt_type_combine" name="mean_values_combine_"/>
  </testsuite>
  <testsuite name="ds.mean::smk_expt::type=split" timestamp="2025-10-28T12:45:50Z" hostname="runnervmwhb2z" tests="1" skipped="0" failures="0" errors="0" time="0.23">
    <testcase time="0.229999999999791" classname="ds.mean_smk_expt_type_split" name="mean_values_split_"/>
  </testsuite>
  <testsuite name="ds.mean::smk_expt::type=both" timestamp="2025-10-28T12:45:50Z" hostname="runnervmwhb2z" tests="1" skipped="0" failures="0" errors="0" time="0.215">
    <testcase time="0.215000000000146" classname="ds.mean_smk_expt_type_both" name="mean_values_both_"/>
  </testsuite>
  <testsuite name="ds.mean::smk_expt::type=combine" timestamp="2025-10-28T12:45:50Z" hostname="runnervmwhb2z" tests="1" skipped="0" failures="0" errors="0" time="0.217">
    <testcase time="0.216999999999871" classname="ds.mean_smk_expt_type_combine" name="mean_values_combine_"/>
  </testsuite>
  <testsuite name="ds.mean::smk_expt::type=split" timestamp="2025-10-28T12:45:51Z" hostname="runnervmwhb2z" tests="1" skipped="0" failures="0" errors="0" time="0.216">
    <testcase time="0.216000000000122" classname="ds.mean_smk_expt_type_split" name="mean_values_split_"/>
  </testsuite>
  <testsuite name="ds.mean::smk_expt::type=both" timestamp="2025-10-28T12:45:51Z" hostname="runnervmwhb2z" tests="1" skipped="0" failures="0" errors="0" time="0.224">
    <testcase time="0.223999999999933" classname="ds.mean_smk_expt_type_both" name="mean_values_both_"/>
  </testsuite>
  <testsuite name="ds.mean::smk_expt::type=combine" timestamp="2025-10-28T12:45:51Z" hostname="runnervmwhb2z" tests="1" skipped="0" failures="0" errors="0" time="0.215">
    <testcase time="0.214999999999918" classname="ds.mean_smk_expt_type_combine" name="mean_values_combine_"/>
  </testsuite>
  <testsuite name="ds.mean::smk_expt::type=split" timestamp="2025-10-28T12:45:51Z" hostname="runnervmwhb2z" tests="1" skipped="0" failures="0" errors="0" time="0.207">
    <testcase time="0.207000000000107" classname="ds.mean_smk_expt_type_split" name="mean_values_split_"/>
  </testsuite>
  <testsuite name="ds.mean::smk_expt::type=both" timestamp="2025-10-28T12:45:52Z" hostname="runnervmwhb2z" tests="1" skipped="0" failures="0" errors="0" time="0.215">
    <testcase time="0.214999999999918" classname="ds.mean_smk_expt_type_both" name="mean_values_both_"/>
  </testsuite>
  <testsuite name="ds.mean::smk_expt::type=combine" timestamp="2025-10-28T12:45:52Z" hostname="runnervmwhb2z" tests="1" skipped="0" failures="0" errors="0" time="0.22">
    <testcase time="0.220000000000027" classname="ds.mean_smk_expt_type_combine" name="mean_values_combine_"/>
  </testsuite>
  <testsuite name="ds.mean::smk_expt::type=split" timestamp="2025-10-28T12:45:52Z" hostname="runnervmwhb2z" tests="1" skipped="0" failures="0" errors="0" time="0.271">
    <testcase time="0.270999999999958" classname="ds.mean_smk_expt_type_split" name="mean_values_split_"/>
  </testsuite>
  <testsuite name="ds.mean::smk_expt::type=both" timestamp="2025-10-28T12:45:52Z" hostname="runnervmwhb2z" tests="1" skipped="0" failures="0" errors="0" time="0.221">
    <testcase time="0.221000000000004" classname="ds.mean_smk_expt_type_both" name="mean_values_both_"/>
  </testsuite>
  <testsuite name="ds.mean::smk_expt::type=combine" timestamp="2025-10-28T12:45:52Z" hostname="runnervmwhb2z" tests="1" skipped="0" failures="0" errors="0" time="0.214">
    <testcase time="0.214000000000169" classname="ds.mean_smk_expt_type_combine" name="mean_values_combine_"/>
  </testsuite>
  <testsuite name="ds.mean::smk_expt::type=split" timestamp="2025-10-28T12:45:53Z" hostname="runnervmwhb2z" tests="1" skipped="0" failures="0" errors="0" time="0.209">
    <testcase time="0.208999999999833" classname="ds.mean_smk_expt_type_split" name="mean_values_split_"/>
  </testsuite>
  <testsuite name="ds.mean::smk_expt::type=both" timestamp="2025-10-28T12:45:53Z" hostname="runnervmwhb2z" tests="1" skipped="0" failures="0" errors="0" time="0.216">
    <testcase time="0.216000000000122" classname="ds.mean_smk_expt_type_both" name="mean_values_both_"/>
  </testsuite>
  <testsuite name="ds.mean::smk_expt::type=combine" timestamp="2025-10-28T12:45:53Z" hostname="runnervmwhb2z" tests="1" skipped="0" failures="0" errors="0" time="0.215">
    <testcase time="0.214999999999918" classname="ds.mean_smk_expt_type_combine" name="mean_values_combine_"/>
  </testsuite>
  <testsuite name="ds.mean::smk_expt::type=split" timestamp="2025-10-28T12:45:53Z" hostname="runnervmwhb2z" tests="1" skipped="0" failures="0" errors="0" time="0.207">
    <testcase time="0.207000000000107" classname="ds.mean_smk_expt_type_split" name="mean_values_split_"/>
  </testsuite>
  <testsuite name="ds.mean::smk_expt::type=both" timestamp="2025-10-28T12:45:54Z" hostname="runnervmwhb2z" tests="1" skipped="0" failures="0" errors="0" time="0.215">
    <testcase time="0.214999999999918" classname="ds.mean_smk_expt_type_both" name="mean_values_both_"/>
  </testsuite>
  <testsuite name="smk_expt-ds.ranksSecure" timestamp="2025-10-28T12:45:54Z" hostname="runnervmwhb2z" tests="0" skipped="0" failures="0" errors="0" time="0"/>
  <testsuite name="ds.ranksSecure::smk_expt::setup" timestamp="2025-10-28T12:45:54Z" hostname="runnervmwhb2z" tests="3" skipped="0" failures="0" errors="0" time="7.335">
    <testcase time="7.33300000000008" classname="ds.ranksSecure_smk_expt_setup" name="setup"/>
    <testcase time="0.000999999999976353" classname="ds.ranksSecure_smk_expt_setup" name="setup"/>
    <testcase time="0.000999999999976353" classname="ds.ranksSecure_smk_expt_setup" name="setup"/>
  </testsuite>
  <testsuite name="ds.ranksSecure::smk_expt::continous, without NAs, all positive" timestamp="2025-10-28T12:46:01Z" hostname="runnervmwhb2z" tests="6" skipped="0" failures="0" errors="0" time="12.052">
    <testcase time="0.218000000000075" classname="ds.ranksSecure_smk_expt_continous_without_NAs_all_positive" name="continous_without_NAs_all_positive"/>
    <testcase time="0.105000000000018" classname="ds.ranksSecure_smk_expt_continous_without_NAs_all_positive" name="continous_without_NAs_all_positive"/>
    <testcase time="0.000999999999976353" classname="ds.ranksSecure_smk_expt_continous_without_NAs_all_positive" name="continous_without_NAs_all_positive"/>
    <testcase time="0.000999999999976353" classname="ds.ranksSecure_smk_expt_continous_without_NAs_all_positive" name="continous_without_NAs_all_positive"/>
    <testcase time="0.00199999999995271" classname="ds.ranksSecure_smk_expt_continous_without_NAs_all_positive" name="continous_without_NAs_all_positive"/>
    <testcase time="11.7249999999999" classname="ds.ranksSecure_smk_expt_continous_without_NAs_all_positive" name="continous_without_NAs_all_positive"/>
  </testsuite>
  <testsuite name="ds.ranksSecure::smk_expt::continous, without NAs, with negative" timestamp="2025-10-28T12:46:13Z" hostname="runnervmwhb2z" tests="6" skipped="0" failures="0" errors="0" time="11.961">
    <testcase time="0.185000000000173" classname="ds.ranksSecure_smk_expt_continous_without_NAs_with_negative" name="continous_without_NAs_with_negative"/>
    <testcase time="0.101999999999862" classname="ds.ranksSecure_smk_expt_continous_without_NAs_with_negative" name="continous_without_NAs_with_negative"/>
    <testcase time="0.000999999999976353" classname="ds.ranksSecure_smk_expt_continous_without_NAs_with_negative" name="continous_without_NAs_with_negative"/>
    <testcase time="0.00100000000020373" classname="ds.ranksSecure_smk_expt_continous_without_NAs_with_negative" name="continous_without_NAs_with_negative"/>
    <testcase time="0.000999999999976353" classname="ds.ranksSecure_smk_expt_continous_without_NAs_with_negative" name="continous_without_NAs_with_negative"/>
    <testcase time="11.6709999999998" classname="ds.ranksSecure_smk_expt_continous_without_NAs_with_negative" name="continous_without_NAs_with_negative"/>
  </testsuite>
  <testsuite name="ds.ranksSecure::smk_expt::continous, with NAs, all positive" timestamp="2025-10-28T12:46:25Z" hostname="runnervmwhb2z" tests="1" skipped="0" failures="0" errors="0" time="11.675">
    <testcase time="11.6750000000002" classname="ds.ranksSecure_smk_expt_continous_with_NAs_all_positive" name="continous_with_NAs_all_positive"/>
  </testsuite>
  <testsuite name="ds.ranksSecure::smk_expt::continous, with NAs, with negative" timestamp="2025-10-28T12:46:37Z" hostname="runnervmwhb2z" tests="1" skipped="0" failures="0" errors="0" time="11.491">
    <testcase time="11.491" classname="ds.ranksSecure_smk_expt_continous_with_NAs_with_negative" name="continous_with_NAs_with_negative"/>
  </testsuite>
  <testsuite name="ds.ranksSecure::smk_expt::shutdown" timestamp="2025-10-28T12:46:48Z" hostname="runnervmwhb2z" tests="3" skipped="0" failures="0" errors="0" time="0.049">
    <testcase time="0.0459999999998217" classname="ds.ranksSecure_smk_expt_shutdown" name="setup"/>
    <testcase time="0.00100000000020373" classname="ds.ranksSecure_smk_expt_shutdown" name="setup"/>
    <testcase time="0.00199999999995271" classname="ds.ranksSecure_smk_expt_shutdown" name="setup"/>
  </testsuite>
  <testsuite name="ds.ranksSecure::smk_expt::done" timestamp="2025-10-28T12:46:49Z" hostname="runnervmwhb2z" tests="0" skipped="0" failures="0" errors="0" time="0"/>
  <testsuite name="smk-checkClass-discordant" timestamp="2025-10-28T12:46:49Z" hostname="runnervmwhb2z" tests="0" skipped="0" failures="0" errors="0" time="0"/>
  <testsuite name="checkClass::smk::discordant::setup" timestamp="2025-10-28T12:46:49Z" hostname="runnervmwhb2z" tests="3" skipped="0" failures="0" errors="0" time="7.297">
    <testcase time="7.29499999999985" classname="checkClass_smk_discordant_setup" name="setup"/>
    <testcase time="0.00100000000020373" classname="checkClass_smk_discordant_setup" name="setup"/>
    <testcase time="0.000999999999976353" classname="checkClass_smk_discordant_setup" name="setup"/>
  </testsuite>
  <testsuite name="checkClass::smk::discordant" timestamp="2025-10-28T12:46:56Z" hostname="runnervmwhb2z" tests="3" skipped="0" failures="0" errors="0" time="0.091">
    <testcase time="0.0329999999999018" classname="checkClass_smk_discordant" name="simple_test_discordant_dataset_A"/>
    <testcase time="0.0289999999999964" classname="checkClass_smk_discordant" name="simple_test_discordant_dataset_B"/>
    <testcase time="0.0289999999999964" classname="checkClass_smk_discordant" name="simple_test_discordant_dataset_C"/>
  </testsuite>
  <testsuite name="checkClass::smk::discordant::shutdown" timestamp="2025-10-28T12:46:56Z" hostname="runnervmwhb2z" tests="3" skipped="0" failures="0" errors="0" time="0.054">
    <testcase time="0.0509999999999309" classname="checkClass_smk_discordant_shutdown" name="shutdown"/>
    <testcase time="0.00100000000020373" classname="checkClass_smk_discordant_shutdown" name="shutdown"/>
    <testcase time="0.00199999999995271" classname="checkClass_smk_discordant_shutdown" name="shutdown"/>
  </testsuite>
  <testsuite name="checkClass::smk::discordant::done" timestamp="2025-10-28T12:46:56Z" hostname="runnervmwhb2z" tests="0" skipped="0" failures="0" errors="0" time="0"/>
  <testsuite name="smk-checkClass" timestamp="2025-10-28T12:46:56Z" hostname="runnervmwhb2z" tests="0" skipped="0" failures="0" errors="0" time="0"/>
  <testsuite name="checkClass::smk::setup" timestamp="2025-10-28T12:46:56Z" hostname="runnervmwhb2z" tests="3" skipped="0" failures="0" errors="0" time="7.342">
    <testcase time="7.33999999999992" classname="checkClass_smk_setup" name="setup"/>
    <testcase time="0.000999999999976353" classname="checkClass_smk_setup" name="setup"/>
    <testcase time="0.000999999999976353" classname="checkClass_smk_setup" name="setup"/>
  </testsuite>
  <testsuite name="checkClass::smk::simple test" timestamp="2025-10-28T12:47:03Z" hostname="runnervmwhb2z" tests="24" skipped="0" failures="0" errors="0" time="0.452">
    <testcase time="0.0299999999999727" classname="checkClass_smk_simple_test" name="simple_test"/>
    <testcase time="0.00100000000020373" classname="checkClass_smk_simple_test" name="simple_test"/>
    <testcase time="0.000999999999976353" classname="checkClass_smk_simple_test" name="simple_test"/>
    <testcase time="0.0269999999998163" classname="checkClass_smk_simple_test" name="simple_test"/>
    <testcase time="0.00100000000020373" classname="checkClass_smk_simple_test" name="simple_test"/>
    <testcase time="0.000999999999976353" classname="checkClass_smk_simple_test" name="simple_test"/>
    <testcase time="0.0259999999998399" classname="checkClass_smk_simple_test" name="simple_test"/>
    <testcase time="0.000999999999976353" classname="checkClass_smk_simple_test" name="simple_test"/>
    <testcase time="0.00200000000018008" classname="checkClass_smk_simple_test" name="simple_test"/>
    <testcase time="0.0259999999998399" classname="checkClass_smk_simple_test" name="simple_test"/>
    <testcase time="0.000999999999976353" classname="checkClass_smk_simple_test" name="simple_test"/>
    <testcase time="0.00200000000018008" classname="checkClass_smk_simple_test" name="simple_test"/>
    <testcase time="0.0329999999999018" classname="checkClass_smk_simple_test" name="simple_test"/>
    <testcase time="0.000999999999976353" classname="checkClass_smk_simple_test" name="simple_test"/>
    <testcase time="0.000999999999976353" classname="checkClass_smk_simple_test" name="simple_test"/>
    <testcase time="0.0260000000000673" classname="checkClass_smk_simple_test" name="simple_test"/>
    <testcase time="0.00199999999995271" classname="checkClass_smk_simple_test" name="simple_test"/>
    <testcase time="0.000999999999976353" classname="checkClass_smk_simple_test" name="simple_test"/>
    <testcase time="0.231999999999971" classname="checkClass_smk_simple_test" name="data.frame_test"/>
    <testcase time="0.00100000000020373" classname="checkClass_smk_simple_test" name="data.frame_test"/>
    <testcase time="0.000999999999976353" classname="checkClass_smk_simple_test" name="data.frame_test"/>
    <testcase time="0.0329999999999018" classname="checkClass_smk_simple_test" name="missing_test"/>
    <testcase time="0.000999999999976353" classname="checkClass_smk_simple_test" name="missing_test"/>
    <testcase time="0.000999999999976353" classname="checkClass_smk_simple_test" name="missing_test"/>
  </testsuite>
  <testsuite name="checkClass::smk::shutdown" timestamp="2025-10-28T12:47:04Z" hostname="runnervmwhb2z" tests="3" skipped="0" failures="0" errors="0" time="0.047">
    <testcase time="0.0450000000000728" classname="checkClass_smk_shutdown" name="shutdown"/>
    <testcase time="0.000999999999976353" classname="checkClass_smk_shutdown" name="shutdown"/>
    <testcase time="0.000999999999976353" classname="checkClass_smk_shutdown" name="shutdown"/>
  </testsuite>
  <testsuite name="checkClass::smk::done" timestamp="2025-10-28T12:47:04Z" hostname="runnervmwhb2z" tests="0" skipped="0" failures="0" errors="0" time="0"/>
  <testsuite name="smk-ds.abs" timestamp="2025-10-28T12:47:04Z" hostname="runnervmwhb2z" tests="0" skipped="0" failures="0" errors="0" time="0"/>
  <testsuite name="ds.abs::smk::setup" timestamp="2025-10-28T12:47:04Z" hostname="runnervmwhb2z" tests="3" skipped="0" failures="0" errors="0" time="7.293">
    <testcase time="7.29099999999994" classname="ds.abs_smk_setup" name="setup"/>
    <testcase time="0.00100000000020373" classname="ds.abs_smk_setup" name="setup"/>
    <testcase time="0.000999999999976353" classname="ds.abs_smk_setup" name="setup"/>
  </testsuite>
  <testsuite name="ds.abs::smk" timestamp="2025-10-28T12:47:11Z" hostname="runnervmwhb2z" tests="10" skipped="0" failures="0" errors="0" time="0.302">
    <testcase time="0.170999999999822" classname="ds.abs_smk" name="simple_c"/>
    <testcase time="0.0450000000000728" classname="ds.abs_smk" name="simple_c"/>
    <testcase time="0.00299999999992906" classname="ds.abs_smk" name="simple_c"/>
    <testcase time="0.00100000000020373" classname="ds.abs_smk" name="simple_c"/>
    <testcase time="0.000999999999976353" classname="ds.abs_smk" name="simple_c"/>
    <testcase time="0.000999999999976353" classname="ds.abs_smk" name="simple_c"/>
    <testcase time="0.0760000000000218" classname="ds.abs_smk" name="simple_c"/>
    <testcase time="0.00199999999995271" classname="ds.abs_smk" name="simple_c"/>
    <testcase time="0.000999999999976353" classname="ds.abs_smk" name="simple_c"/>
    <testcase time="0.000999999999976353" classname="ds.abs_smk" name="simple_c"/>
  </testsuite>
  <testsuite name="ds.abs::smk::shutdown" timestamp="2025-10-28T12:47:11Z" hostname="runnervmwhb2z" tests="3" skipped="0" failures="0" errors="0" time="0.046">
    <testcase time="0.0440000000000964" classname="ds.abs_smk_shutdown" name="setup"/>
    <testcase time="0.000999999999976353" classname="ds.abs_smk_shutdown" name="setup"/>
    <testcase time="0.000999999999976353" classname="ds.abs_smk_shutdown" name="setup"/>
  </testsuite>
  <testsuite name="ds.abs::smk::done" timestamp="2025-10-28T12:47:12Z" hostname="runnervmwhb2z" tests="0" skipped="0" failures="0" errors="0" time="0"/>
  <testsuite name="smk-ds.asCharacter" timestamp="2025-10-28T12:47:12Z" hostname="runnervmwhb2z" tests="0" skipped="0" failures="0" errors="0" time="0"/>
  <testsuite name="ds.asCharacter::smk::setup" timestamp="2025-10-28T12:47:12Z" hostname="runnervmwhb2z" tests="3" skipped="0" failures="0" errors="0" time="7.282">
    <testcase time="7.27999999999997" classname="ds.asCharacter_smk_setup" name="setup"/>
    <testcase time="0.000999999999976353" classname="ds.asCharacter_smk_setup" name="setup"/>
    <testcase time="0.000999999999976353" classname="ds.asCharacter_smk_setup" name="setup"/>
  </testsuite>
  <testsuite name="ds.asCharacter::smk::simple test" timestamp="2025-10-28T12:47:19Z" hostname="runnervmwhb2z" tests="3" skipped="0" failures="0" errors="0" time="0.183">
    <testcase time="0.18100000000004" classname="ds.asCharacter_smk_simple_test" name="simple_test"/>
    <testcase time="0.000999999999976353" classname="ds.asCharacter_smk_simple_test" name="simple_test"/>
    <testcase time="0.000999999999976353" classname="ds.asCharacter_smk_simple_test" name="simple_test"/>
  </testsuite>
  <testsuite name="ds.asCharacter::smk::stutdown" timestamp="2025-10-28T12:47:19Z" hostname="runnervmwhb2z" tests="3" skipped="0" failures="0" errors="0" time="0.046">
    <testcase time="0.0440000000000964" classname="ds.asCharacter_smk_stutdown" name="setup"/>
    <testcase time="0.000999999999976353" classname="ds.asCharacter_smk_stutdown" name="setup"/>
    <testcase time="0.000999999999976353" classname="ds.asCharacter_smk_stutdown" name="setup"/>
  </testsuite>
  <testsuite name="ds.asCharacter::smk::done" timestamp="2025-10-28T12:47:19Z" hostname="runnervmwhb2z" tests="0" skipped="0" failures="0" errors="0" time="0"/>
  <testsuite name="smk-ds.asDataMatrix" timestamp="2025-10-28T12:47:19Z" hostname="runnervmwhb2z" tests="0" skipped="0" failures="0" errors="0" time="0"/>
  <testsuite name="ds.asDataMatrix::smk::setup" timestamp="2025-10-28T12:47:19Z" hostname="runnervmwhb2z" tests="3" skipped="0" failures="0" errors="0" time="7.266">
    <testcase time="7.26299999999992" classname="ds.asDataMatrix_smk_setup" name="setup"/>
    <testcase time="0.000999999999976353" classname="ds.asDataMatrix_smk_setup" name="setup"/>
    <testcase time="0.00200000000018008" classname="ds.asDataMatrix_smk_setup" name="setup"/>
  </testsuite>
  <testsuite name="ds.asDataMatrix::smk::simple test" timestamp="2025-10-28T12:47:26Z" hostname="runnervmwhb2z" tests="13" skipped="0" failures="0" errors="0" time="0.312">
    <testcase time="0.216999999999871" classname="ds.asDataMatrix_smk_simple_test" name="simple_test"/>
    <testcase time="0.00199999999995271" classname="ds.asDataMatrix_smk_simple_test" name="simple_test"/>
    <testcase time="0.00100000000020373" classname="ds.asDataMatrix_smk_simple_test" name="simple_test"/>
    <testcase time="0.0739999999998417" classname="ds.asDataMatrix_smk_simple_test" name="simple_test"/>
    <testcase time="0.00199999999995271" classname="ds.asDataMatrix_smk_simple_test" name="simple_test"/>
    <testcase time="0.00200000000018008" classname="ds.asDataMatrix_smk_simple_test" name="simple_test"/>
    <testcase time="0.00299999999992906" classname="ds.asDataMatrix_smk_simple_test" name="simple_test"/>
    <testcase time="0.000999999999976353" classname="ds.asDataMatrix_smk_simple_test" name="simple_test"/>
    <testcase time="0.00199999999995271" classname="ds.asDataMatrix_smk_simple_test" name="simple_test"/>
    <testcase time="0.00200000000018008" classname="ds.asDataMatrix_smk_simple_test" name="simple_test"/>
    <testcase time="0.000999999999976353" classname="ds.asDataMatrix_smk_simple_test" name="simple_test"/>
    <testcase time="0.00299999999992906" classname="ds.asDataMatrix_smk_simple_test" name="simple_test"/>
    <testcase time="0.00199999999995271" classname="ds.asDataMatrix_smk_simple_test" name="simple_test"/>
  </testsuite>
  <testsuite name="ds.asDataMatrix::smk::shutdown" timestamp="2025-10-28T12:47:26Z" hostname="runnervmwhb2z" tests="3" skipped="0" failures="0" errors="0" time="0.047">
    <testcase time="0.0450000000000728" classname="ds.asDataMatrix_smk_shutdown" name="shutdown"/>
    <testcase time="0.000999999999976353" classname="ds.asDataMatrix_smk_shutdown" name="shutdown"/>
    <testcase time="0.000999999999976353" classname="ds.asDataMatrix_smk_shutdown" name="shutdown"/>
  </testsuite>
  <testsuite name="ds.asDataMatrix::smk::done" timestamp="2025-10-28T12:47:27Z" hostname="runnervmwhb2z" tests="0" skipped="0" failures="0" errors="0" time="0"/>
  <testsuite name="smk-ds.asFactor" timestamp="2025-10-28T12:47:27Z" hostname="runnervmwhb2z" tests="0" skipped="0" failures="0" errors="0" time="0"/>
  <testsuite name="ds.asFactor::smk::setup" timestamp="2025-10-28T12:47:27Z" hostname="runnervmwhb2z" tests="3" skipped="0" failures="0" errors="0" time="7.323">
    <testcase time="7.31999999999994" classname="ds.asFactor_smk_setup" name="setup"/>
    <testcase time="0.00200000000018008" classname="ds.asFactor_smk_setup" name="setup"/>
    <testcase time="0.000999999999976353" classname="ds.asFactor_smk_setup" name="setup"/>
  </testsuite>
  <testsuite name="ds.asFactor::smk::force.factor.levels" timestamp="2025-10-28T12:47:34Z" hostname="runnervmwhb2z" tests="25" skipped="0" failures="0" errors="0" time="1.763">
    <testcase time="0.480999999999995" classname="ds.asFactor_smk_force.factor.levels" name="with_no_force.factor.levels"/>
    <testcase time="0.00199999999995271" classname="ds.asFactor_smk_force.factor.levels" name="with_no_force.factor.levels"/>
    <testcase time="0.000999999999976353" classname="ds.asFactor_smk_force.factor.levels" name="with_no_force.factor.levels"/>
    <testcase time="0.000999999999976353" classname="ds.asFactor_smk_force.factor.levels" name="with_no_force.factor.levels"/>
    <testcase time="0.000999999999976353" classname="ds.asFactor_smk_force.factor.levels" name="with_no_force.factor.levels"/>
    <testcase time="0.314000000000078" classname="ds.asFactor_smk_force.factor.levels" name="with_forced.factor.levels_of_1_6"/>
    <testcase time="0.00199999999995271" classname="ds.asFactor_smk_force.factor.levels" name="with_forced.factor.levels_of_1_6"/>
    <testcase time="0.000999999999976353" classname="ds.asFactor_smk_force.factor.levels" name="with_forced.factor.levels_of_1_6"/>
    <testcase time="0.000999999999976353" classname="ds.asFactor_smk_force.factor.levels" name="with_forced.factor.levels_of_1_6"/>
    <testcase time="0.000999999999976353" classname="ds.asFactor_smk_force.factor.levels" name="with_forced.factor.levels_of_1_6"/>
    <testcase time="0.314000000000078" classname="ds.asFactor_smk_force.factor.levels" name="with_force.factor.levels_of_0_10"/>
    <testcase time="0.000999999999976353" classname="ds.asFactor_smk_force.factor.levels" name="with_force.factor.levels_of_0_10"/>
    <testcase time="0.000999999999976353" classname="ds.asFactor_smk_force.factor.levels" name="with_force.factor.levels_of_0_10"/>
    <testcase time="0.000999999999976353" classname="ds.asFactor_smk_force.factor.levels" name="with_force.factor.levels_of_0_10"/>
    <testcase time="0.00200000000018008" classname="ds.asFactor_smk_force.factor.levels" name="with_force.factor.levels_of_0_10"/>
    <testcase time="0.317000000000007" classname="ds.asFactor_smk_force.factor.levels" name="with_force.factor.levels_of_2_3"/>
    <testcase time="0.00199999999995271" classname="ds.asFactor_smk_force.factor.levels" name="with_force.factor.levels_of_2_3"/>
    <testcase time="0.000999999999976353" classname="ds.asFactor_smk_force.factor.levels" name="with_force.factor.levels_of_2_3"/>
    <testcase time="0.000999999999976353" classname="ds.asFactor_smk_force.factor.levels" name="with_force.factor.levels_of_2_3"/>
    <testcase time="0.000999999999976353" classname="ds.asFactor_smk_force.factor.levels" name="with_force.factor.levels_of_2_3"/>
    <testcase time="0.310999999999922" classname="ds.asFactor_smk_force.factor.levels" name="with_force.factor.levels_of_c_1_2_3_4_a_h_5_"/>
    <testcase time="0.00200000000018008" classname="ds.asFactor_smk_force.factor.levels" name="with_force.factor.levels_of_c_1_2_3_4_a_h_5_"/>
    <testcase time="0.000999999999976353" classname="ds.asFactor_smk_force.factor.levels" name="with_force.factor.levels_of_c_1_2_3_4_a_h_5_"/>
    <testcase time="0.000999999999976353" classname="ds.asFactor_smk_force.factor.levels" name="with_force.factor.levels_of_c_1_2_3_4_a_h_5_"/>
    <testcase time="0.00199999999995271" classname="ds.asFactor_smk_force.factor.levels" name="with_force.factor.levels_of_c_1_2_3_4_a_h_5_"/>
  </testsuite>
  <testsuite name="ds.asFactor::smk::fixed.dummy.vars" timestamp="2025-10-28T12:47:35Z" hostname="runnervmwhb2z" tests="6" skipped="0" failures="0" errors="0" time="0.515">
    <testcase time="0.284000000000106" classname="ds.asFactor_smk_fixed.dummy.vars" name="with_fixed.dummy.vars_of_TRUE"/>
    <testcase time="0.00199999999995271" classname="ds.asFactor_smk_fixed.dummy.vars" name="with_fixed.dummy.vars_of_TRUE"/>
    <testcase time="0.00299999999992906" classname="ds.asFactor_smk_fixed.dummy.vars" name="with_fixed.dummy.vars_of_TRUE"/>
    <testcase time="0.221000000000004" classname="ds.asFactor_smk_fixed.dummy.vars" name="with_fixed.dummy.vars_of_TRUE_and_baseline.level_of_6"/>
    <testcase time="0.00299999999992906" classname="ds.asFactor_smk_fixed.dummy.vars" name="with_fixed.dummy.vars_of_TRUE_and_baseline.level_of_6"/>
    <testcase time="0.00200000000018008" classname="ds.asFactor_smk_fixed.dummy.vars" name="with_fixed.dummy.vars_of_TRUE_and_baseline.level_of_6"/>
  </testsuite>
  <testsuite name="ds.asFactor::smk::shutdown" timestamp="2025-10-28T12:47:36Z" hostname="runnervmwhb2z" tests="3" skipped="0" failures="0" errors="0" time="0.046">
    <testcase time="0.043999999999869" classname="ds.asFactor_smk_shutdown" name="shutdown"/>
    <testcase time="0.000999999999976353" classname="ds.asFactor_smk_shutdown" name="shutdown"/>
    <testcase time="0.000999999999976353" classname="ds.asFactor_smk_shutdown" name="shutdown"/>
  </testsuite>
  <testsuite name="ds.asFactor::smk::done" timestamp="2025-10-28T12:47:36Z" hostname="runnervmwhb2z" tests="0" skipped="0" failures="0" errors="0" time="0"/>
  <testsuite name="smk-ds.asFactorSimple" timestamp="2025-10-28T12:47:36Z" hostname="runnervmwhb2z" tests="0" skipped="0" failures="0" errors="0" time="0"/>
  <testsuite name="ds.asFactorSimple::smk::setup" timestamp="2025-10-28T12:47:36Z" hostname="runnervmwhb2z" tests="3" skipped="0" failures="0" errors="0" time="7.358">
    <testcase time="7.35500000000002" classname="ds.asFactorSimple_smk_setup" name="setup"/>
    <testcase time="0.00200000000018008" classname="ds.asFactorSimple_smk_setup" name="setup"/>
    <testcase time="0.000999999999976353" classname="ds.asFactorSimple_smk_setup" name="setup"/>
  </testsuite>
  <testsuite name="ds.asFactorSimple::smk::force.factor.levels" timestamp="2025-10-28T12:47:44Z" hostname="runnervmwhb2z" tests="5" skipped="0" failures="0" errors="0" time="0.448">
    <testcase time="0.442000000000007" classname="ds.asFactorSimple_smk_force.factor.levels" name="with_no_force.factor.levels"/>
    <testcase time="0.00199999999995271" classname="ds.asFactorSimple_smk_force.factor.levels" name="with_no_force.factor.levels"/>
    <testcase time="0.000999999999976353" classname="ds.asFactorSimple_smk_force.factor.levels" name="with_no_force.factor.levels"/>
    <testcase time="0.000999999999976353" classname="ds.asFactorSimple_smk_force.factor.levels" name="with_no_force.factor.levels"/>
    <testcase time="0.00199999999995271" classname="ds.asFactorSimple_smk_force.factor.levels" name="with_no_force.factor.levels"/>
  </testsuite>
  <testsuite name="ds.asFactorSimple::smk::shutdown" timestamp="2025-10-28T12:47:44Z" hostname="runnervmwhb2z" tests="3" skipped="0" failures="0" errors="0" time="0.053">
    <testcase time="0.0499999999999545" classname="ds.asFactorSimple_smk_shutdown" name="shutdown"/>
    <testcase time="0.00100000000020373" classname="ds.asFactorSimple_smk_shutdown" name="shutdown"/>
    <testcase time="0.00199999999995271" classname="ds.asFactorSimple_smk_shutdown" name="shutdown"/>
  </testsuite>
  <testsuite name="ds.asFactorSimple::smk::done" timestamp="2025-10-28T12:47:44Z" hostname="runnervmwhb2z" tests="0" skipped="0" failures="0" errors="0" time="0"/>
  <testsuite name="smk-ds.asInteger" timestamp="2025-10-28T12:47:44Z" hostname="runnervmwhb2z" tests="0" skipped="0" failures="0" errors="0" time="0"/>
  <testsuite name="ds.asInteger::smk::setup" timestamp="2025-10-28T12:47:44Z" hostname="runnervmwhb2z" tests="3" skipped="0" failures="0" errors="0" time="7.285">
    <testcase time="7.28199999999993" classname="ds.asInteger_smk_setup" name="setup"/>
    <testcase time="0.00199999999995271" classname="ds.asInteger_smk_setup" name="setup"/>
    <testcase time="0.000999999999976353" classname="ds.asInteger_smk_setup" name="setup"/>
  </testsuite>
  <testsuite name="ds.asInteger::smk::simple test" timestamp="2025-10-28T12:47:51Z" hostname="runnervmwhb2z" tests="3" skipped="0" failures="0" errors="0" time="0.183">
    <testcase time="0.18100000000004" classname="ds.asInteger_smk_simple_test" name="simple_test"/>
    <testcase time="0.000999999999976353" classname="ds.asInteger_smk_simple_test" name="simple_test"/>
    <testcase time="0.000999999999976353" classname="ds.asInteger_smk_simple_test" name="simple_test"/>
  </testsuite>
  <testsuite name="ds.asInteger::smk::stutdown" timestamp="2025-10-28T12:47:51Z" hostname="runnervmwhb2z" tests="3" skipped="0" failures="0" errors="0" time="0.049">
    <testcase time="0.0470000000000255" classname="ds.asInteger_smk_stutdown" name="stutdown"/>
    <testcase time="0.000999999999976353" classname="ds.asInteger_smk_stutdown" name="stutdown"/>
    <testcase time="0.00100000000020373" classname="ds.asInteger_smk_stutdown" name="stutdown"/>
  </testsuite>
  <testsuite name="ds.asInteger::smk::done" timestamp="2025-10-28T12:47:52Z" hostname="runnervmwhb2z" tests="0" skipped="0" failures="0" errors="0" time="0"/>
  <testsuite name="smk-ds.asList" timestamp="2025-10-28T12:47:52Z" hostname="runnervmwhb2z" tests="0" skipped="0" failures="0" errors="0" time="0"/>
  <testsuite name="ds.asList::smk::setup" timestamp="2025-10-28T12:47:52Z" hostname="runnervmwhb2z" tests="3" skipped="0" failures="0" errors="0" time="7.293">
    <testcase time="7.29099999999994" classname="ds.asList_smk_setup" name="setup"/>
    <testcase time="0.000999999999976353" classname="ds.asList_smk_setup" name="setup"/>
    <testcase time="0.000999999999976353" classname="ds.asList_smk_setup" name="setup"/>
  </testsuite>
  <testsuite name="ds.asList::smk::simple test" timestamp="2025-10-28T12:47:59Z" hostname="runnervmwhb2z" tests="10" skipped="0" failures="0" errors="0" time="0.171">
    <testcase time="0.160000000000082" classname="ds.asList_smk_simple_test" name="simple_test"/>
    <testcase time="0.000999999999976353" classname="ds.asList_smk_simple_test" name="simple_test"/>
    <testcase time="0.000999999999976353" classname="ds.asList_smk_simple_test" name="simple_test"/>
    <testcase time="0.000999999999976353" classname="ds.asList_smk_simple_test" name="simple_test"/>
    <testcase time="0.000999999999976353" classname="ds.asList_smk_simple_test" name="simple_test"/>
    <testcase time="0.00199999999995271" classname="ds.asList_smk_simple_test" name="simple_test"/>
    <testcase time="0.000999999999976353" classname="ds.asList_smk_simple_test" name="simple_test"/>
    <testcase time="0.000999999999976353" classname="ds.asList_smk_simple_test" name="simple_test"/>
    <testcase time="0.00100000000020373" classname="ds.asList_smk_simple_test" name="simple_test"/>
    <testcase time="0.00199999999995271" classname="ds.asList_smk_simple_test" name="simple_test"/>
  </testsuite>
  <testsuite name="ds.asList::smk::shutdown" timestamp="2025-10-28T12:47:59Z" hostname="runnervmwhb2z" tests="3" skipped="0" failures="0" errors="0" time="0.053">
    <testcase time="0.0509999999999309" classname="ds.asList_smk_shutdown" name="stutdown"/>
    <testcase time="0.000999999999976353" classname="ds.asList_smk_shutdown" name="stutdown"/>
    <testcase time="0.000999999999976353" classname="ds.asList_smk_shutdown" name="stutdown"/>
  </testsuite>
  <testsuite name="ds.asList::smk::done" timestamp="2025-10-28T12:47:59Z" hostname="runnervmwhb2z" tests="0" skipped="0" failures="0" errors="0" time="0"/>
  <testsuite name="smk-ds.asLogical" timestamp="2025-10-28T12:47:59Z" hostname="runnervmwhb2z" tests="0" skipped="0" failures="0" errors="0" time="0"/>
  <testsuite name="ds.asLogical::smk::setup" timestamp="2025-10-28T12:47:59Z" hostname="runnervmwhb2z" tests="3" skipped="0" failures="0" errors="0" time="7.26">
    <testcase time="7.25700000000006" classname="ds.asLogical_smk_setup" name="setup"/>
    <testcase time="0.00199999999995271" classname="ds.asLogical_smk_setup" name="setup"/>
    <testcase time="0.000999999999976353" classname="ds.asLogical_smk_setup" name="setup"/>
  </testsuite>
  <testsuite name="ds.asLogical::smk::simple test" timestamp="2025-10-28T12:48:06Z" hostname="runnervmwhb2z" tests="3" skipped="0" failures="0" errors="0" time="0.222">
    <testcase time="0.219000000000051" classname="ds.asLogical_smk_simple_test" name="simple_test"/>
    <testcase time="0.000999999999976353" classname="ds.asLogical_smk_simple_test" name="simple_test"/>
    <testcase time="0.00199999999995271" classname="ds.asLogical_smk_simple_test" name="simple_test"/>
  </testsuite>
  <testsuite name="ds.asLogical::smk::shutdown" timestamp="2025-10-28T12:48:06Z" hostname="runnervmwhb2z" tests="3" skipped="0" failures="0" errors="0" time="0.046">
    <testcase time="0.0440000000000964" classname="ds.asLogical_smk_shutdown" name="shutdown"/>
    <testcase time="0.000999999999976353" classname="ds.asLogical_smk_shutdown" name="shutdown"/>
    <testcase time="0.000999999999976353" classname="ds.asLogical_smk_shutdown" name="shutdown"/>
  </testsuite>
  <testsuite name="ds.asLogical::smk::done" timestamp="2025-10-28T12:48:07Z" hostname="runnervmwhb2z" tests="0" skipped="0" failures="0" errors="0" time="0"/>
  <testsuite name="smk-ds.asMatrix" timestamp="2025-10-28T12:48:07Z" hostname="runnervmwhb2z" tests="0" skipped="0" failures="0" errors="0" time="0"/>
  <testsuite name="ds.asMatrix::smk::setup" timestamp="2025-10-28T12:48:07Z" hostname="runnervmwhb2z" tests="3" skipped="0" failures="0" errors="0" time="7.243">
    <testcase time="7.24000000000001" classname="ds.asMatrix_smk_setup" name="setup"/>
    <testcase time="0.00199999999995271" classname="ds.asMatrix_smk_setup" name="setup"/>
    <testcase time="0.000999999999976353" classname="ds.asMatrix_smk_setup" name="setup"/>
  </testsuite>
  <testsuite name="ds.asMatrix::smk::simple test" timestamp="2025-10-28T12:48:14Z" hostname="runnervmwhb2z" tests="3" skipped="0" failures="0" errors="0" time="0.184">
    <testcase time="0.182000000000016" classname="ds.asMatrix_smk_simple_test" name="simple_test"/>
    <testcase time="0.00100000000020373" classname="ds.asMatrix_smk_simple_test" name="simple_test"/>
    <testcase time="0.000999999999976353" classname="ds.asMatrix_smk_simple_test" name="simple_test"/>
  </testsuite>
  <testsuite name="ds.asMatrix::smk::shutdown" timestamp="2025-10-28T12:48:14Z" hostname="runnervmwhb2z" tests="3" skipped="0" failures="0" errors="0" time="0.047">
    <testcase time="0.0449999999998454" classname="ds.asMatrix_smk_shutdown" name="shutdown"/>
    <testcase time="0.000999999999976353" classname="ds.asMatrix_smk_shutdown" name="shutdown"/>
    <testcase time="0.00100000000020373" classname="ds.asMatrix_smk_shutdown" name="shutdown"/>
  </testsuite>
  <testsuite name="ds.asMatrix::smk::done" timestamp="2025-10-28T12:48:14Z" hostname="runnervmwhb2z" tests="0" skipped="0" failures="0" errors="0" time="0"/>
  <testsuite name="smk-ds.asNumeric" timestamp="2025-10-28T12:48:14Z" hostname="runnervmwhb2z" tests="0" skipped="0" failures="0" errors="0" time="0"/>
  <testsuite name="ds.asNumeric::smk::setup" timestamp="2025-10-28T12:48:14Z" hostname="runnervmwhb2z" tests="3" skipped="0" failures="0" errors="0" time="7.273">
    <testcase time="7.27099999999996" classname="ds.asNumeric_smk_setup" name="setup"/>
    <testcase time="0.000999999999976353" classname="ds.asNumeric_smk_setup" name="setup"/>
    <testcase time="0.000999999999976353" classname="ds.asNumeric_smk_setup" name="setup"/>
  </testsuite>
  <testsuite name="ds.asNumeric::smk::simple test" timestamp="2025-10-28T12:48:21Z" hostname="runnervmwhb2z" tests="3" skipped="0" failures="0" errors="0" time="0.183">
    <testcase time="0.180000000000064" classname="ds.asNumeric_smk_simple_test" name="simple_test"/>
    <testcase time="0.00199999999995271" classname="ds.asNumeric_smk_simple_test" name="simple_test"/>
    <testcase time="0.000999999999976353" classname="ds.asNumeric_smk_simple_test" name="simple_test"/>
  </testsuite>
  <testsuite name="ds.asNumeric::smk::shutdown" timestamp="2025-10-28T12:48:21Z" hostname="runnervmwhb2z" tests="3" skipped="0" failures="0" errors="0" time="0.048">
    <testcase time="0.0450000000000728" classname="ds.asNumeric_smk_shutdown" name="shutdown"/>
    <testcase time="0.000999999999976353" classname="ds.asNumeric_smk_shutdown" name="shutdown"/>
    <testcase time="0.00199999999995271" classname="ds.asNumeric_smk_shutdown" name="shutdown"/>
  </testsuite>
  <testsuite name="ds.asNumeric::smk::done" timestamp="2025-10-28T12:48:22Z" hostname="runnervmwhb2z" tests="0" skipped="0" failures="0" errors="0" time="0"/>
  <testsuite name="smk-ds.assign" timestamp="2025-10-28T12:48:22Z" hostname="runnervmwhb2z" tests="0" skipped="0" failures="0" errors="0" time="0"/>
  <testsuite name="ds.assign::smk::setup" timestamp="2025-10-28T12:48:22Z" hostname="runnervmwhb2z" tests="3" skipped="0" failures="0" errors="0" time="7.282">
    <testcase time="7.279" classname="ds.assign_smk_setup" name="setup"/>
    <testcase time="0.000999999999976353" classname="ds.assign_smk_setup" name="setup"/>
    <testcase time="0.00199999999995271" classname="ds.assign_smk_setup" name="setup"/>
  </testsuite>
  <testsuite name="ds.assign::smk" timestamp="2025-10-28T12:48:29Z" hostname="runnervmwhb2z" tests="1" skipped="0" failures="0" errors="0" time="0.097">
    <testcase time="0.09699999999998" classname="ds.assign_smk" name="test_assign"/>
  </testsuite>
  <testsuite name="ds.assign::smk::shutdown" timestamp="2025-10-28T12:48:29Z" hostname="runnervmwhb2z" tests="3" skipped="0" failures="0" errors="0" time="0.057">
    <testcase time="0.0550000000000637" classname="ds.assign_smk_shutdown" name="shutdown"/>
    <testcase time="0.000999999999976353" classname="ds.assign_smk_shutdown" name="shutdown"/>
    <testcase time="0.000999999999976353" classname="ds.assign_smk_shutdown" name="shutdown"/>
  </testsuite>
  <testsuite name="ds.assign::smk::done" timestamp="2025-10-28T12:48:29Z" hostname="runnervmwhb2z" tests="0" skipped="0" failures="0" errors="0" time="0"/>
  <testsuite name="smk-ds.Boole" timestamp="2025-10-28T12:48:29Z" hostname="runnervmwhb2z" tests="0" skipped="0" failures="0" errors="0" time="0"/>
  <testsuite name="ds.Boole::smk::setup" timestamp="2025-10-28T12:48:29Z" hostname="runnervmwhb2z" tests="3" skipped="0" failures="0" errors="0" time="7.34">
    <testcase time="7.33800000000019" classname="ds.Boole_smk_setup" name="setup"/>
    <testcase time="0.000999999999748979" classname="ds.Boole_smk_setup" name="setup"/>
    <testcase time="0.00100000000020373" classname="ds.Boole_smk_setup" name="setup"/>
  </testsuite>
  <testsuite name="ds.Boole::smk::variable" timestamp="2025-10-28T12:48:36Z" hostname="runnervmwhb2z" tests="37" skipped="0" failures="0" errors="0" time="0.728">
    <testcase time="0.385999999999967" classname="ds.Boole_smk_variable" name="simple_boole_variable"/>
    <testcase time="0.00199999999995271" classname="ds.Boole_smk_variable" name="simple_boole_variable"/>
    <testcase time="0.00100000000020373" classname="ds.Boole_smk_variable" name="simple_boole_variable"/>
    <testcase time="0.297999999999774" classname="ds.Boole_smk_variable" name="simple_boole_variable"/>
    <testcase time="0.00100000000020373" classname="ds.Boole_smk_variable" name="simple_boole_variable"/>
    <testcase time="0.000999999999748979" classname="ds.Boole_smk_variable" name="simple_boole_variable"/>
    <testcase time="0.00100000000020373" classname="ds.Boole_smk_variable" name="simple_boole_variable"/>
    <testcase time="0.00199999999995271" classname="ds.Boole_smk_variable" name="simple_boole_variable"/>
    <testcase time="0.000999999999748979" classname="ds.Boole_smk_variable" name="simple_boole_variable"/>
    <testcase time="0.00100000000020373" classname="ds.Boole_smk_variable" name="simple_boole_variable"/>
    <testcase time="0.000999999999748979" classname="ds.Boole_smk_variable" name="simple_boole_variable"/>
    <testcase time="0.00200000000040745" classname="ds.Boole_smk_variable" name="simple_boole_variable"/>
    <testcase time="0.000999999999748979" classname="ds.Boole_smk_variable" name="simple_boole_variable"/>
    <testcase time="0.00100000000020373" classname="ds.Boole_smk_variable" name="simple_boole_variable"/>
    <testcase time="0.000999999999748979" classname="ds.Boole_smk_variable" name="simple_boole_variable"/>
    <testcase time="0.00100000000020373" classname="ds.Boole_smk_variable" name="simple_boole_variable"/>
    <testcase time="0.00199999999995271" classname="ds.Boole_smk_variable" name="simple_boole_variable"/>
    <testcase time="0.000999999999748979" classname="ds.Boole_smk_variable" name="simple_boole_variable"/>
    <testcase time="0.00100000000020373" classname="ds.Boole_smk_variable" name="simple_boole_variable"/>
    <testcase time="0.00100000000020373" classname="ds.Boole_smk_variable" name="simple_boole_variable"/>
    <testcase time="0.00199999999995271" classname="ds.Boole_smk_variable" name="simple_boole_variable"/>
    <testcase time="0.000999999999748979" classname="ds.Boole_smk_variable" name="simple_boole_variable"/>
    <testcase time="0.00100000000020373" classname="ds.Boole_smk_variable" name="simple_boole_variable"/>
    <testcase time="0.000999999999748979" classname="ds.Boole_smk_variable" name="simple_boole_variable"/>
    <testcase time="0.00199999999995271" classname="ds.Boole_smk_variable" name="simple_boole_variable"/>
    <testcase time="0.00100000000020373" classname="ds.Boole_smk_variable" name="simple_boole_variable"/>
    <testcase time="0.000999999999748979" classname="ds.Boole_smk_variable" name="simple_boole_variable"/>
    <testcase time="0.00100000000020373" classname="ds.Boole_smk_variable" name="simple_boole_variable"/>
    <testcase time="0.00199999999995271" classname="ds.Boole_smk_variable" name="simple_boole_variable"/>
    <testcase time="0.00100000000020373" classname="ds.Boole_smk_variable" name="simple_boole_variable"/>
    <testcase time="0.000999999999748979" classname="ds.Boole_smk_variable" name="simple_boole_variable"/>
    <testcase time="0.00199999999995271" classname="ds.Boole_smk_variable" name="simple_boole_variable"/>
    <testcase time="0.00100000000020373" classname="ds.Boole_smk_variable" name="simple_boole_variable"/>
    <testcase time="0.000999999999748979" classname="ds.Boole_smk_variable" name="simple_boole_variable"/>
    <testcase time="0.00200000000040745" classname="ds.Boole_smk_variable" name="simple_boole_variable"/>
    <testcase time="0.000999999999748979" classname="ds.Boole_smk_variable" name="simple_boole_variable"/>
    <testcase time="0.00100000000020373" classname="ds.Boole_smk_variable" name="simple_boole_variable"/>
  </testsuite>
  <testsuite name="ds.Boole::smk::small neg constant V2" timestamp="2025-10-28T12:48:37Z" hostname="runnervmwhb2z" tests="37" skipped="0" failures="0" errors="0" time="0.533">
    <testcase time="0.307999999999993" classname="ds.Boole_smk_small_neg_constant_V2" name="simple_boole_small_neg_constant_V2"/>
    <testcase time="0.000999999999748979" classname="ds.Boole_smk_small_neg_constant_V2" name="simple_boole_small_neg_constant_V2"/>
    <testcase time="0.00199999999995271" classname="ds.Boole_smk_small_neg_constant_V2" name="simple_boole_small_neg_constant_V2"/>
    <testcase time="0.18100000000004" classname="ds.Boole_smk_small_neg_constant_V2" name="simple_boole_small_neg_constant_V2"/>
    <testcase time="0.00100000000020373" classname="ds.Boole_smk_small_neg_constant_V2" name="simple_boole_small_neg_constant_V2"/>
    <testcase time="0.000999999999748979" classname="ds.Boole_smk_small_neg_constant_V2" name="simple_boole_small_neg_constant_V2"/>
    <testcase time="0.00100000000020373" classname="ds.Boole_smk_small_neg_constant_V2" name="simple_boole_small_neg_constant_V2"/>
    <testcase time="0.00199999999995271" classname="ds.Boole_smk_small_neg_constant_V2" name="simple_boole_small_neg_constant_V2"/>
    <testcase time="0.00100000000020373" classname="ds.Boole_smk_small_neg_constant_V2" name="simple_boole_small_neg_constant_V2"/>
    <testcase time="0.000999999999748979" classname="ds.Boole_smk_small_neg_constant_V2" name="simple_boole_small_neg_constant_V2"/>
    <testcase time="0.00100000000020373" classname="ds.Boole_smk_small_neg_constant_V2" name="simple_boole_small_neg_constant_V2"/>
    <testcase time="0.00199999999995271" classname="ds.Boole_smk_small_neg_constant_V2" name="simple_boole_small_neg_constant_V2"/>
    <testcase time="0.000999999999748979" classname="ds.Boole_smk_small_neg_constant_V2" name="simple_boole_small_neg_constant_V2"/>
    <testcase time="0.00100000000020373" classname="ds.Boole_smk_small_neg_constant_V2" name="simple_boole_small_neg_constant_V2"/>
    <testcase time="0.000999999999748979" classname="ds.Boole_smk_small_neg_constant_V2" name="simple_boole_small_neg_constant_V2"/>
    <testcase time="0.00200000000040745" classname="ds.Boole_smk_small_neg_constant_V2" name="simple_boole_small_neg_constant_V2"/>
    <testcase time="0.000999999999748979" classname="ds.Boole_smk_small_neg_constant_V2" name="simple_boole_small_neg_constant_V2"/>
    <testcase time="0.00100000000020373" classname="ds.Boole_smk_small_neg_constant_V2" name="simple_boole_small_neg_constant_V2"/>
    <testcase time="0.000999999999748979" classname="ds.Boole_smk_small_neg_constant_V2" name="simple_boole_small_neg_constant_V2"/>
    <testcase time="0.00199999999995271" classname="ds.Boole_smk_small_neg_constant_V2" name="simple_boole_small_neg_constant_V2"/>
    <testcase time="0.00100000000020373" classname="ds.Boole_smk_small_neg_constant_V2" name="simple_boole_small_neg_constant_V2"/>
    <testcase time="0.000999999999748979" classname="ds.Boole_smk_small_neg_constant_V2" name="simple_boole_small_neg_constant_V2"/>
    <testcase time="0.00100000000020373" classname="ds.Boole_smk_small_neg_constant_V2" name="simple_boole_small_neg_constant_V2"/>
    <testcase time="0.00199999999995271" classname="ds.Boole_smk_small_neg_constant_V2" name="simple_boole_small_neg_constant_V2"/>
    <testcase time="0.00100000000020373" classname="ds.Boole_smk_small_neg_constant_V2" name="simple_boole_small_neg_constant_V2"/>
    <testcase time="0.00199999999995271" classname="ds.Boole_smk_small_neg_constant_V2" name="simple_boole_small_neg_constant_V2"/>
    <testcase time="0.000999999999748979" classname="ds.Boole_smk_small_neg_constant_V2" name="simple_boole_small_neg_constant_V2"/>
    <testcase time="0.00100000000020373" classname="ds.Boole_smk_small_neg_constant_V2" name="simple_boole_small_neg_constant_V2"/>
    <testcase time="0.000999999999748979" classname="ds.Boole_smk_small_neg_constant_V2" name="simple_boole_small_neg_constant_V2"/>
    <testcase time="0.00199999999995271" classname="ds.Boole_smk_small_neg_constant_V2" name="simple_boole_small_neg_constant_V2"/>
    <testcase time="0.00100000000020373" classname="ds.Boole_smk_small_neg_constant_V2" name="simple_boole_small_neg_constant_V2"/>
    <testcase time="0.00100000000020373" classname="ds.Boole_smk_small_neg_constant_V2" name="simple_boole_small_neg_constant_V2"/>
    <testcase time="0.000999999999748979" classname="ds.Boole_smk_small_neg_constant_V2" name="simple_boole_small_neg_constant_V2"/>
    <testcase time="0.000999999999748979" classname="ds.Boole_smk_small_neg_constant_V2" name="simple_boole_small_neg_constant_V2"/>
    <testcase time="0.00100000000020373" classname="ds.Boole_smk_small_neg_constant_V2" name="simple_boole_small_neg_constant_V2"/>
    <testcase time="0.00199999999995271" classname="ds.Boole_smk_small_neg_constant_V2" name="simple_boole_small_neg_constant_V2"/>
    <testcase time="0.000999999999748979" classname="ds.Boole_smk_small_neg_constant_V2" name="simple_boole_small_neg_constant_V2"/>
  </testsuite>
  <testsuite name="ds.Boole::smk::big neg constant V2" timestamp="2025-10-28T12:48:37Z" hostname="runnervmwhb2z" tests="37" skipped="0" failures="0" errors="0" time="0.531">
    <testcase time="0.30600000000004" classname="ds.Boole_smk_big_neg_constant_V2" name="simple_boole_big_neg_constant_V2"/>
    <testcase time="0.00100000000020373" classname="ds.Boole_smk_big_neg_constant_V2" name="simple_boole_big_neg_constant_V2"/>
    <testcase time="0.000999999999748979" classname="ds.Boole_smk_big_neg_constant_V2" name="simple_boole_big_neg_constant_V2"/>
    <testcase time="0.182000000000244" classname="ds.Boole_smk_big_neg_constant_V2" name="simple_boole_big_neg_constant_V2"/>
    <testcase time="0.000999999999748979" classname="ds.Boole_smk_big_neg_constant_V2" name="simple_boole_big_neg_constant_V2"/>
    <testcase time="0.00200000000040745" classname="ds.Boole_smk_big_neg_constant_V2" name="simple_boole_big_neg_constant_V2"/>
    <testcase time="0.000999999999748979" classname="ds.Boole_smk_big_neg_constant_V2" name="simple_boole_big_neg_constant_V2"/>
    <testcase time="0.00100000000020373" classname="ds.Boole_smk_big_neg_constant_V2" name="simple_boole_big_neg_constant_V2"/>
    <testcase time="0.000999999999748979" classname="ds.Boole_smk_big_neg_constant_V2" name="simple_boole_big_neg_constant_V2"/>
    <testcase time="0.00100000000020373" classname="ds.Boole_smk_big_neg_constant_V2" name="simple_boole_big_neg_constant_V2"/>
    <testcase time="0.000999999999748979" classname="ds.Boole_smk_big_neg_constant_V2" name="simple_boole_big_neg_constant_V2"/>
    <testcase time="0.00199999999995271" classname="ds.Boole_smk_big_neg_constant_V2" name="simple_boole_big_neg_constant_V2"/>
    <testcase time="0.00100000000020373" classname="ds.Boole_smk_big_neg_constant_V2" name="simple_boole_big_neg_constant_V2"/>
    <testcase time="0.00100000000020373" classname="ds.Boole_smk_big_neg_constant_V2" name="simple_boole_big_neg_constant_V2"/>
    <testcase time="0.000999999999748979" classname="ds.Boole_smk_big_neg_constant_V2" name="simple_boole_big_neg_constant_V2"/>
    <testcase time="0.00199999999995271" classname="ds.Boole_smk_big_neg_constant_V2" name="simple_boole_big_neg_constant_V2"/>
    <testcase time="0.00100000000020373" classname="ds.Boole_smk_big_neg_constant_V2" name="simple_boole_big_neg_constant_V2"/>
    <testcase time="0.000999999999748979" classname="ds.Boole_smk_big_neg_constant_V2" name="simple_boole_big_neg_constant_V2"/>
    <testcase time="0.00100000000020373" classname="ds.Boole_smk_big_neg_constant_V2" name="simple_boole_big_neg_constant_V2"/>
    <testcase time="0.000999999999748979" classname="ds.Boole_smk_big_neg_constant_V2" name="simple_boole_big_neg_constant_V2"/>
    <testcase time="0.00200000000040745" classname="ds.Boole_smk_big_neg_constant_V2" name="simple_boole_big_neg_constant_V2"/>
    <testcase time="0.000999999999748979" classname="ds.Boole_smk_big_neg_constant_V2" name="simple_boole_big_neg_constant_V2"/>
    <testcase time="0.00100000000020373" classname="ds.Boole_smk_big_neg_constant_V2" name="simple_boole_big_neg_constant_V2"/>
    <testcase time="0.000999999999748979" classname="ds.Boole_smk_big_neg_constant_V2" name="simple_boole_big_neg_constant_V2"/>
    <testcase time="0.00199999999995271" classname="ds.Boole_smk_big_neg_constant_V2" name="simple_boole_big_neg_constant_V2"/>
    <testcase time="0.00100000000020373" classname="ds.Boole_smk_big_neg_constant_V2" name="simple_boole_big_neg_constant_V2"/>
    <testcase time="0.000999999999748979" classname="ds.Boole_smk_big_neg_constant_V2" name="simple_boole_big_neg_constant_V2"/>
    <testcase time="0.00199999999995271" classname="ds.Boole_smk_big_neg_constant_V2" name="simple_boole_big_neg_constant_V2"/>
    <testcase time="0.00100000000020373" classname="ds.Boole_smk_big_neg_constant_V2" name="simple_boole_big_neg_constant_V2"/>
    <testcase time="0.00100000000020373" classname="ds.Boole_smk_big_neg_constant_V2" name="simple_boole_big_neg_constant_V2"/>
    <testcase time="0.000999999999748979" classname="ds.Boole_smk_big_neg_constant_V2" name="simple_boole_big_neg_constant_V2"/>
    <testcase time="0.00199999999995271" classname="ds.Boole_smk_big_neg_constant_V2" name="simple_boole_big_neg_constant_V2"/>
    <testcase time="0.00100000000020373" classname="ds.Boole_smk_big_neg_constant_V2" name="simple_boole_big_neg_constant_V2"/>
    <testcase time="0.000999999999748979" classname="ds.Boole_smk_big_neg_constant_V2" name="simple_boole_big_neg_constant_V2"/>
    <testcase time="0.00100000000020373" classname="ds.Boole_smk_big_neg_constant_V2" name="simple_boole_big_neg_constant_V2"/>
    <testcase time="0.00199999999995271" classname="ds.Boole_smk_big_neg_constant_V2" name="simple_boole_big_neg_constant_V2"/>
    <testcase time="0.00100000000020373" classname="ds.Boole_smk_big_neg_constant_V2" name="simple_boole_big_neg_constant_V2"/>
  </testsuite>
  <testsuite name="ds.Boole::smk::shutdown" timestamp="2025-10-28T12:48:38Z" hostname="runnervmwhb2z" tests="3" skipped="0" failures="0" errors="0" time="0.048">
    <testcase time="0.044999999999618" classname="ds.Boole_smk_shutdown" name="shutdown"/>
    <testcase time="0.00199999999995271" classname="ds.Boole_smk_shutdown" name="shutdown"/>
    <testcase time="0.00100000000020373" classname="ds.Boole_smk_shutdown" name="shutdown"/>
  </testsuite>
  <testsuite name="ds.Boole::smk::done" timestamp="2025-10-28T12:48:38Z" hostname="runnervmwhb2z" tests="0" skipped="0" failures="0" errors="0" time="0"/>
  <testsuite name="smk-ds.c" timestamp="2025-10-28T12:48:38Z" hostname="runnervmwhb2z" tests="0" skipped="0" failures="0" errors="0" time="0"/>
  <testsuite name="ds.c::smk::setup" timestamp="2025-10-28T12:48:38Z" hostname="runnervmwhb2z" tests="3" skipped="0" failures="0" errors="0" time="7.266">
    <testcase time="7.26400000000012" classname="ds.c_smk_setup" name="setup"/>
    <testcase time="0.000999999999748979" classname="ds.c_smk_setup" name="setup"/>
    <testcase time="0.00100000000020373" classname="ds.c_smk_setup" name="setup"/>
  </testsuite>
  <testsuite name="ds.c::smk" timestamp="2025-10-28T12:48:45Z" hostname="runnervmwhb2z" tests="1" skipped="0" failures="0" errors="0" time="0.182">
    <testcase time="0.181999999999789" classname="ds.c_smk" name="simple_c"/>
  </testsuite>
  <testsuite name="ds.c::smk::shutdown" timestamp="2025-10-28T12:48:46Z" hostname="runnervmwhb2z" tests="3" skipped="0" failures="0" errors="0" time="0.046">
    <testcase time="0.0430000000001201" classname="ds.c_smk_shutdown" name="setup"/>
    <testcase time="0.00199999999995271" classname="ds.c_smk_shutdown" name="setup"/>
    <testcase time="0.00100000000020373" classname="ds.c_smk_shutdown" name="setup"/>
  </testsuite>
  <testsuite name="ds.c::smk::done" timestamp="2025-10-28T12:48:46Z" hostname="runnervmwhb2z" tests="0" skipped="0" failures="0" errors="0" time="0"/>
  <testsuite name="smk-ds.cbind" timestamp="2025-10-28T12:48:46Z" hostname="runnervmwhb2z" tests="0" skipped="0" failures="0" errors="0" time="0"/>
  <testsuite name="ds.cbind::smk::setup" timestamp="2025-10-28T12:48:46Z" hostname="runnervmwhb2z" tests="3" skipped="0" failures="0" errors="0" time="7.358">
    <testcase time="7.35599999999977" classname="ds.cbind_smk_setup" name="setup"/>
    <testcase time="0.000999999999748979" classname="ds.cbind_smk_setup" name="setup"/>
    <testcase time="0.00100000000020373" classname="ds.cbind_smk_setup" name="setup"/>
  </testsuite>
  <testsuite name="ds.cbind::smk::from dataframe variables" timestamp="2025-10-28T12:48:53Z" hostname="runnervmwhb2z" tests="34" skipped="0" failures="0" errors="0" time="0.563">
    <testcase time="0.297000000000025" classname="ds.cbind_smk_from_dataframe_variables" name="simple_test_from_dataframe_variables"/>
    <testcase time="0.000999999999748979" classname="ds.cbind_smk_from_dataframe_variables" name="simple_test_from_dataframe_variables"/>
    <testcase time="0.0779999999999745" classname="ds.cbind_smk_from_dataframe_variables" name="simple_test_from_dataframe_variables"/>
    <testcase time="0.00300000000015643" classname="ds.cbind_smk_from_dataframe_variables" name="simple_test_from_dataframe_variables"/>
    <testcase time="0.00300000000015643" classname="ds.cbind_smk_from_dataframe_variables" name="simple_test_from_dataframe_variables"/>
    <testcase time="0.0409999999997126" classname="ds.cbind_smk_from_dataframe_variables" name="simple_test_from_dataframe_variables"/>
    <testcase time="0.00100000000020373" classname="ds.cbind_smk_from_dataframe_variables" name="simple_test_from_dataframe_variables"/>
    <testcase time="0.00100000000020373" classname="ds.cbind_smk_from_dataframe_variables" name="simple_test_from_dataframe_variables"/>
    <testcase time="0.00199999999995271" classname="ds.cbind_smk_from_dataframe_variables" name="simple_test_from_dataframe_variables"/>
    <testcase time="0.000999999999748979" classname="ds.cbind_smk_from_dataframe_variables" name="simple_test_from_dataframe_variables"/>
    <testcase time="0.00100000000020373" classname="ds.cbind_smk_from_dataframe_variables" name="simple_test_from_dataframe_variables"/>
    <testcase time="0.00199999999995271" classname="ds.cbind_smk_from_dataframe_variables" name="simple_test_from_dataframe_variables"/>
    <testcase time="0.000999999999748979" classname="ds.cbind_smk_from_dataframe_variables" name="simple_test_from_dataframe_variables"/>
    <testcase time="0.00100000000020373" classname="ds.cbind_smk_from_dataframe_variables" name="simple_test_from_dataframe_variables"/>
    <testcase time="0.000999999999748979" classname="ds.cbind_smk_from_dataframe_variables" name="simple_test_from_dataframe_variables"/>
    <testcase time="0.00200000000040745" classname="ds.cbind_smk_from_dataframe_variables" name="simple_test_from_dataframe_variables"/>
    <testcase time="0.000999999999748979" classname="ds.cbind_smk_from_dataframe_variables" name="simple_test_from_dataframe_variables"/>
    <testcase time="0.00100000000020373" classname="ds.cbind_smk_from_dataframe_variables" name="simple_test_from_dataframe_variables"/>
    <testcase time="0.10799999999972" classname="ds.cbind_smk_from_dataframe_variables" name="simple_test_from_dataframe_variables"/>
    <testcase time="0.00100000000020373" classname="ds.cbind_smk_from_dataframe_variables" name="simple_test_from_dataframe_variables"/>
    <testcase time="0.000999999999748979" classname="ds.cbind_smk_from_dataframe_variables" name="simple_test_from_dataframe_variables"/>
    <testcase time="0.00200000000040745" classname="ds.cbind_smk_from_dataframe_variables" name="simple_test_from_dataframe_variables"/>
    <testcase time="0.000999999999748979" classname="ds.cbind_smk_from_dataframe_variables" name="simple_test_from_dataframe_variables"/>
    <testcase time="0.00100000000020373" classname="ds.cbind_smk_from_dataframe_variables" name="simple_test_from_dataframe_variables"/>
    <testcase time="0.000999999999748979" classname="ds.cbind_smk_from_dataframe_variables" name="simple_test_from_dataframe_variables"/>
    <testcase time="0.000999999999748979" classname="ds.cbind_smk_from_dataframe_variables" name="simple_test_from_dataframe_variables"/>
    <testcase time="0.00100000000020373" classname="ds.cbind_smk_from_dataframe_variables" name="simple_test_from_dataframe_variables"/>
    <testcase time="0.000999999999748979" classname="ds.cbind_smk_from_dataframe_variables" name="simple_test_from_dataframe_variables"/>
    <testcase time="0.00199999999995271" classname="ds.cbind_smk_from_dataframe_variables" name="simple_test_from_dataframe_variables"/>
    <testcase time="0.00100000000020373" classname="ds.cbind_smk_from_dataframe_variables" name="simple_test_from_dataframe_variables"/>
    <testcase time="0.00100000000020373" classname="ds.cbind_smk_from_dataframe_variables" name="simple_test_from_dataframe_variables"/>
    <testcase time="0.000999999999748979" classname="ds.cbind_smk_from_dataframe_variables" name="simple_test_from_dataframe_variables"/>
    <testcase time="0.00100000000020373" classname="ds.cbind_smk_from_dataframe_variables" name="simple_test_from_dataframe_variables"/>
    <testcase time="0.00100000000020373" classname="ds.cbind_smk_from_dataframe_variables" name="simple_test_from_dataframe_variables"/>
  </testsuite>
  <testsuite name="ds.cbind::smk::from root variables" timestamp="2025-10-28T12:48:54Z" hostname="runnervmwhb2z" tests="34" skipped="0" failures="0" errors="0" time="1.139">
    <testcase time="0.723999999999705" classname="ds.cbind_smk_from_root_variables" name="simple_test_from_root_variables"/>
    <testcase time="0.00200000000040745" classname="ds.cbind_smk_from_root_variables" name="simple_test_from_root_variables"/>
    <testcase time="0.234999999999673" classname="ds.cbind_smk_from_root_variables" name="simple_test_from_root_variables"/>
    <testcase time="0.00199999999995271" classname="ds.cbind_smk_from_root_variables" name="simple_test_from_root_variables"/>
    <testcase time="0.00300000000015643" classname="ds.cbind_smk_from_root_variables" name="simple_test_from_root_variables"/>
    <testcase time="0.0390000000002146" classname="ds.cbind_smk_from_root_variables" name="simple_test_from_root_variables"/>
    <testcase time="0.000999999999748979" classname="ds.cbind_smk_from_root_variables" name="simple_test_from_root_variables"/>
    <testcase time="0.00100000000020373" classname="ds.cbind_smk_from_root_variables" name="simple_test_from_root_variables"/>
    <testcase time="0.000999999999748979" classname="ds.cbind_smk_from_root_variables" name="simple_test_from_root_variables"/>
    <testcase time="0.00199999999995271" classname="ds.cbind_smk_from_root_variables" name="simple_test_from_root_variables"/>
    <testcase time="0.00100000000020373" classname="ds.cbind_smk_from_root_variables" name="simple_test_from_root_variables"/>
    <testcase time="0.000999999999748979" classname="ds.cbind_smk_from_root_variables" name="simple_test_from_root_variables"/>
    <testcase time="0.00100000000020373" classname="ds.cbind_smk_from_root_variables" name="simple_test_from_root_variables"/>
    <testcase time="0.00199999999995271" classname="ds.cbind_smk_from_root_variables" name="simple_test_from_root_variables"/>
    <testcase time="0.00100000000020373" classname="ds.cbind_smk_from_root_variables" name="simple_test_from_root_variables"/>
    <testcase time="0.000999999999748979" classname="ds.cbind_smk_from_root_variables" name="simple_test_from_root_variables"/>
    <testcase time="0.00100000000020373" classname="ds.cbind_smk_from_root_variables" name="simple_test_from_root_variables"/>
    <testcase time="0.000999999999748979" classname="ds.cbind_smk_from_root_variables" name="simple_test_from_root_variables"/>
    <testcase time="0.101000000000113" classname="ds.cbind_smk_from_root_variables" name="simple_test_from_root_variables"/>
    <testcase time="0.00100000000020373" classname="ds.cbind_smk_from_root_variables" name="simple_test_from_root_variables"/>
    <testcase time="0.00199999999995271" classname="ds.cbind_smk_from_root_variables" name="simple_test_from_root_variables"/>
    <testcase time="0.000999999999748979" classname="ds.cbind_smk_from_root_variables" name="simple_test_from_root_variables"/>
    <testcase time="0.00100000000020373" classname="ds.cbind_smk_from_root_variables" name="simple_test_from_root_variables"/>
    <testcase time="0.000999999999748979" classname="ds.cbind_smk_from_root_variables" name="simple_test_from_root_variables"/>
    <testcase time="0.00199999999995271" classname="ds.cbind_smk_from_root_variables" name="simple_test_from_root_variables"/>
    <testcase time="0.00100000000020373" classname="ds.cbind_smk_from_root_variables" name="simple_test_from_root_variables"/>
    <testcase time="0.00100000000020373" classname="ds.cbind_smk_from_root_variables" name="simple_test_from_root_variables"/>
    <testcase time="0.00199999999995271" classname="ds.cbind_smk_from_root_variables" name="simple_test_from_root_variables"/>
    <testcase time="0.000999999999748979" classname="ds.cbind_smk_from_root_variables" name="simple_test_from_root_variables"/>
    <testcase time="0.00100000000020373" classname="ds.cbind_smk_from_root_variables" name="simple_test_from_root_variables"/>
    <testcase time="0.000999999999748979" classname="ds.cbind_smk_from_root_variables" name="simple_test_from_root_variables"/>
    <testcase time="0.00199999999995271" classname="ds.cbind_smk_from_root_variables" name="simple_test_from_root_variables"/>
    <testcase time="0.00100000000020373" classname="ds.cbind_smk_from_root_variables" name="simple_test_from_root_variables"/>
    <testcase time="0.00100000000020373" classname="ds.cbind_smk_from_root_variables" name="simple_test_from_root_variables"/>
  </testsuite>
  <testsuite name="ds.cbind::smk::from dataframe variables, DataSHIELD.check=TRUE" timestamp="2025-10-28T12:48:55Z" hostname="runnervmwhb2z" tests="34" skipped="0" failures="0" errors="0" time="1.578">
    <testcase time="1.3119999999999" classname="ds.cbind_smk_from_dataframe_variables_DataSHIELD.check_TRUE" name="simple_test_from_dataframe_variables_DataSHIELD.check_TRUE"/>
    <testcase time="0.00199999999995271" classname="ds.cbind_smk_from_dataframe_variables_DataSHIELD.check_TRUE" name="simple_test_from_dataframe_variables_DataSHIELD.check_TRUE"/>
    <testcase time="0.0769999999997708" classname="ds.cbind_smk_from_dataframe_variables_DataSHIELD.check_TRUE" name="simple_test_from_dataframe_variables_DataSHIELD.check_TRUE"/>
    <testcase time="0.00300000000015643" classname="ds.cbind_smk_from_dataframe_variables_DataSHIELD.check_TRUE" name="simple_test_from_dataframe_variables_DataSHIELD.check_TRUE"/>
    <testcase time="0.00199999999995271" classname="ds.cbind_smk_from_dataframe_variables_DataSHIELD.check_TRUE" name="simple_test_from_dataframe_variables_DataSHIELD.check_TRUE"/>
    <testcase time="0.0410000000001673" classname="ds.cbind_smk_from_dataframe_variables_DataSHIELD.check_TRUE" name="simple_test_from_dataframe_variables_DataSHIELD.check_TRUE"/>
    <testcase time="0.000999999999748979" classname="ds.cbind_smk_from_dataframe_variables_DataSHIELD.check_TRUE" name="simple_test_from_dataframe_variables_DataSHIELD.check_TRUE"/>
    <testcase time="0.00100000000020373" classname="ds.cbind_smk_from_dataframe_variables_DataSHIELD.check_TRUE" name="simple_test_from_dataframe_variables_DataSHIELD.check_TRUE"/>
    <testcase time="0.00199999999995271" classname="ds.cbind_smk_from_dataframe_variables_DataSHIELD.check_TRUE" name="simple_test_from_dataframe_variables_DataSHIELD.check_TRUE"/>
    <testcase time="0.000999999999748979" classname="ds.cbind_smk_from_dataframe_variables_DataSHIELD.check_TRUE" name="simple_test_from_dataframe_variables_DataSHIELD.check_TRUE"/>
    <testcase time="0.00100000000020373" classname="ds.cbind_smk_from_dataframe_variables_DataSHIELD.check_TRUE" name="simple_test_from_dataframe_variables_DataSHIELD.check_TRUE"/>
    <testcase time="0.00100000000020373" classname="ds.cbind_smk_from_dataframe_variables_DataSHIELD.check_TRUE" name="simple_test_from_dataframe_variables_DataSHIELD.check_TRUE"/>
    <testcase time="0.00199999999995271" classname="ds.cbind_smk_from_dataframe_variables_DataSHIELD.check_TRUE" name="simple_test_from_dataframe_variables_DataSHIELD.check_TRUE"/>
    <testcase time="0.000999999999748979" classname="ds.cbind_smk_from_dataframe_variables_DataSHIELD.check_TRUE" name="simple_test_from_dataframe_variables_DataSHIELD.check_TRUE"/>
    <testcase time="0.00100000000020373" classname="ds.cbind_smk_from_dataframe_variables_DataSHIELD.check_TRUE" name="simple_test_from_dataframe_variables_DataSHIELD.check_TRUE"/>
    <testcase time="0.000999999999748979" classname="ds.cbind_smk_from_dataframe_variables_DataSHIELD.check_TRUE" name="simple_test_from_dataframe_variables_DataSHIELD.check_TRUE"/>
    <testcase time="0.00100000000020373" classname="ds.cbind_smk_from_dataframe_variables_DataSHIELD.check_TRUE" name="simple_test_from_dataframe_variables_DataSHIELD.check_TRUE"/>
    <testcase time="0.00199999999995271" classname="ds.cbind_smk_from_dataframe_variables_DataSHIELD.check_TRUE" name="simple_test_from_dataframe_variables_DataSHIELD.check_TRUE"/>
    <testcase time="0.108000000000175" classname="ds.cbind_smk_from_dataframe_variables_DataSHIELD.check_TRUE" name="simple_test_from_dataframe_variables_DataSHIELD.check_TRUE"/>
    <testcase time="0.000999999999748979" classname="ds.cbind_smk_from_dataframe_variables_DataSHIELD.check_TRUE" name="simple_test_from_dataframe_variables_DataSHIELD.check_TRUE"/>
    <testcase time="0.00100000000020373" classname="ds.cbind_smk_from_dataframe_variables_DataSHIELD.check_TRUE" name="simple_test_from_dataframe_variables_DataSHIELD.check_TRUE"/>
    <testcase time="0.00199999999995271" classname="ds.cbind_smk_from_dataframe_variables_DataSHIELD.check_TRUE" name="simple_test_from_dataframe_variables_DataSHIELD.check_TRUE"/>
    <testcase time="0.000999999999748979" classname="ds.cbind_smk_from_dataframe_variables_DataSHIELD.check_TRUE" name="simple_test_from_dataframe_variables_DataSHIELD.check_TRUE"/>
    <testcase time="0.00100000000020373" classname="ds.cbind_smk_from_dataframe_variables_DataSHIELD.check_TRUE" name="simple_test_from_dataframe_variables_DataSHIELD.check_TRUE"/>
    <testcase time="0.000999999999748979" classname="ds.cbind_smk_from_dataframe_variables_DataSHIELD.check_TRUE" name="simple_test_from_dataframe_variables_DataSHIELD.check_TRUE"/>
    <testcase time="0.00200000000040745" classname="ds.cbind_smk_from_dataframe_variables_DataSHIELD.check_TRUE" name="simple_test_from_dataframe_variables_DataSHIELD.check_TRUE"/>
    <testcase time="0.000999999999748979" classname="ds.cbind_smk_from_dataframe_variables_DataSHIELD.check_TRUE" name="simple_test_from_dataframe_variables_DataSHIELD.check_TRUE"/>
    <testcase time="0.00100000000020373" classname="ds.cbind_smk_from_dataframe_variables_DataSHIELD.check_TRUE" name="simple_test_from_dataframe_variables_DataSHIELD.check_TRUE"/>
    <testcase time="0.000999999999748979" classname="ds.cbind_smk_from_dataframe_variables_DataSHIELD.check_TRUE" name="simple_test_from_dataframe_variables_DataSHIELD.check_TRUE"/>
    <testcase time="0.00100000000020373" classname="ds.cbind_smk_from_dataframe_variables_DataSHIELD.check_TRUE" name="simple_test_from_dataframe_variables_DataSHIELD.check_TRUE"/>
    <testcase time="0.00199999999995271" classname="ds.cbind_smk_from_dataframe_variables_DataSHIELD.check_TRUE" name="simple_test_from_dataframe_variables_DataSHIELD.check_TRUE"/>
    <testcase time="0.000999999999748979" classname="ds.cbind_smk_from_dataframe_variables_DataSHIELD.check_TRUE" name="simple_test_from_dataframe_variables_DataSHIELD.check_TRUE"/>
    <testcase time="0.00100000000020373" classname="ds.cbind_smk_from_dataframe_variables_DataSHIELD.check_TRUE" name="simple_test_from_dataframe_variables_DataSHIELD.check_TRUE"/>
    <testcase time="0.00100000000020373" classname="ds.cbind_smk_from_dataframe_variables_DataSHIELD.check_TRUE" name="simple_test_from_dataframe_variables_DataSHIELD.check_TRUE"/>
  </testsuite>
  <testsuite name="ds.cbind::smk::from root variables, DataSHIELD.check=TRUE" timestamp="2025-10-28T12:48:56Z" hostname="runnervmwhb2z" tests="34" skipped="0" failures="0" errors="0" time="2.118">
    <testcase time="1.70199999999977" classname="ds.cbind_smk_from_root_variables_DataSHIELD.check_TRUE" name="simple_test_from_root_variables_DataSHIELD.check_TRUE"/>
    <testcase time="0.00199999999995271" classname="ds.cbind_smk_from_root_variables_DataSHIELD.check_TRUE" name="simple_test_from_root_variables_DataSHIELD.check_TRUE"/>
    <testcase time="0.235000000000127" classname="ds.cbind_smk_from_root_variables_DataSHIELD.check_TRUE" name="simple_test_from_root_variables_DataSHIELD.check_TRUE"/>
    <testcase time="0.00199999999995271" classname="ds.cbind_smk_from_root_variables_DataSHIELD.check_TRUE" name="simple_test_from_root_variables_DataSHIELD.check_TRUE"/>
    <testcase time="0.00300000000015643" classname="ds.cbind_smk_from_root_variables_DataSHIELD.check_TRUE" name="simple_test_from_root_variables_DataSHIELD.check_TRUE"/>
    <testcase time="0.0389999999997599" classname="ds.cbind_smk_from_root_variables_DataSHIELD.check_TRUE" name="simple_test_from_root_variables_DataSHIELD.check_TRUE"/>
    <testcase time="0.00199999999995271" classname="ds.cbind_smk_from_root_variables_DataSHIELD.check_TRUE" name="simple_test_from_root_variables_DataSHIELD.check_TRUE"/>
    <testcase time="0.00100000000020373" classname="ds.cbind_smk_from_root_variables_DataSHIELD.check_TRUE" name="simple_test_from_root_variables_DataSHIELD.check_TRUE"/>
    <testcase time="0.000999999999748979" classname="ds.cbind_smk_from_root_variables_DataSHIELD.check_TRUE" name="simple_test_from_root_variables_DataSHIELD.check_TRUE"/>
    <testcase time="0.00199999999995271" classname="ds.cbind_smk_from_root_variables_DataSHIELD.check_TRUE" name="simple_test_from_root_variables_DataSHIELD.check_TRUE"/>
    <testcase time="0.00100000000020373" classname="ds.cbind_smk_from_root_variables_DataSHIELD.check_TRUE" name="simple_test_from_root_variables_DataSHIELD.check_TRUE"/>
    <testcase time="0.00100000000020373" classname="ds.cbind_smk_from_root_variables_DataSHIELD.check_TRUE" name="simple_test_from_root_variables_DataSHIELD.check_TRUE"/>
    <testcase time="0.000999999999748979" classname="ds.cbind_smk_from_root_variables_DataSHIELD.check_TRUE" name="simple_test_from_root_variables_DataSHIELD.check_TRUE"/>
    <testcase time="0.00199999999995271" classname="ds.cbind_smk_from_root_variables_DataSHIELD.check_TRUE" name="simple_test_from_root_variables_DataSHIELD.check_TRUE"/>
    <testcase time="0.00100000000020373" classname="ds.cbind_smk_from_root_variables_DataSHIELD.check_TRUE" name="simple_test_from_root_variables_DataSHIELD.check_TRUE"/>
    <testcase time="0.000999999999748979" classname="ds.cbind_smk_from_root_variables_DataSHIELD.check_TRUE" name="simple_test_from_root_variables_DataSHIELD.check_TRUE"/>
    <testcase time="0.00100000000020373" classname="ds.cbind_smk_from_root_variables_DataSHIELD.check_TRUE" name="simple_test_from_root_variables_DataSHIELD.check_TRUE"/>
    <testcase time="0.00199999999995271" classname="ds.cbind_smk_from_root_variables_DataSHIELD.check_TRUE" name="simple_test_from_root_variables_DataSHIELD.check_TRUE"/>
    <testcase time="0.0990000000001601" classname="ds.cbind_smk_from_root_variables_DataSHIELD.check_TRUE" name="simple_test_from_root_variables_DataSHIELD.check_TRUE"/>
    <testcase time="0.00199999999995271" classname="ds.cbind_smk_from_root_variables_DataSHIELD.check_TRUE" name="simple_test_from_root_variables_DataSHIELD.check_TRUE"/>
    <testcase time="0.000999999999748979" classname="ds.cbind_smk_from_root_variables_DataSHIELD.check_TRUE" name="simple_test_from_root_variables_DataSHIELD.check_TRUE"/>
    <testcase time="0.00100000000020373" classname="ds.cbind_smk_from_root_variables_DataSHIELD.check_TRUE" name="simple_test_from_root_variables_DataSHIELD.check_TRUE"/>
    <testcase time="0.00199999999995271" classname="ds.cbind_smk_from_root_variables_DataSHIELD.check_TRUE" name="simple_test_from_root_variables_DataSHIELD.check_TRUE"/>
    <testcase time="0.00100000000020373" classname="ds.cbind_smk_from_root_variables_DataSHIELD.check_TRUE" name="simple_test_from_root_variables_DataSHIELD.check_TRUE"/>
    <testcase time="0.000999999999748979" classname="ds.cbind_smk_from_root_variables_DataSHIELD.check_TRUE" name="simple_test_from_root_variables_DataSHIELD.check_TRUE"/>
    <testcase time="0.00100000000020373" classname="ds.cbind_smk_from_root_variables_DataSHIELD.check_TRUE" name="simple_test_from_root_variables_DataSHIELD.check_TRUE"/>
    <testcase time="0.00199999999995271" classname="ds.cbind_smk_from_root_variables_DataSHIELD.check_TRUE" name="simple_test_from_root_variables_DataSHIELD.check_TRUE"/>
    <testcase time="0.000999999999748979" classname="ds.cbind_smk_from_root_variables_DataSHIELD.check_TRUE" name="simple_test_from_root_variables_DataSHIELD.check_TRUE"/>
    <testcase time="0.00100000000020373" classname="ds.cbind_smk_from_root_variables_DataSHIELD.check_TRUE" name="simple_test_from_root_variables_DataSHIELD.check_TRUE"/>
    <testcase time="0.000999999999748979" classname="ds.cbind_smk_from_root_variables_DataSHIELD.check_TRUE" name="simple_test_from_root_variables_DataSHIELD.check_TRUE"/>
    <testcase time="0.00199999999995271" classname="ds.cbind_smk_from_root_variables_DataSHIELD.check_TRUE" name="simple_test_from_root_variables_DataSHIELD.check_TRUE"/>
    <testcase time="0.00100000000020373" classname="ds.cbind_smk_from_root_variables_DataSHIELD.check_TRUE" name="simple_test_from_root_variables_DataSHIELD.check_TRUE"/>
    <testcase time="0.00100000000020373" classname="ds.cbind_smk_from_root_variables_DataSHIELD.check_TRUE" name="simple_test_from_root_variables_DataSHIELD.check_TRUE"/>
    <testcase time="0.00199999999995271" classname="ds.cbind_smk_from_root_variables_DataSHIELD.check_TRUE" name="simple_test_from_root_variables_DataSHIELD.check_TRUE"/>
  </testsuite>
  <testsuite name="ds.cbind::smk::shutdown" timestamp="2025-10-28T12:48:58Z" hostname="runnervmwhb2z" tests="3" skipped="0" failures="0" errors="0" time="0.092">
    <testcase time="0.0889999999999418" classname="ds.cbind_smk_shutdown" name="setup"/>
    <testcase time="0.00199999999995271" classname="ds.cbind_smk_shutdown" name="setup"/>
    <testcase time="0.000999999999748979" classname="ds.cbind_smk_shutdown" name="setup"/>
  </testsuite>
  <testsuite name="ds.cbind::smk::done" timestamp="2025-10-28T12:48:59Z" hostname="runnervmwhb2z" tests="0" skipped="0" failures="0" errors="0" time="0"/>
  <testsuite name="smk-ds.changeRefGroup" timestamp="2025-10-28T12:48:59Z" hostname="runnervmwhb2z" tests="0" skipped="0" failures="0" errors="0" time="0"/>
  <testsuite name="ds.changeRefGroup::smk::setup" timestamp="2025-10-28T12:48:59Z" hostname="runnervmwhb2z" tests="3" skipped="0" failures="0" errors="0" time="7.323">
    <testcase time="7.32000000000016" classname="ds.changeRefGroup_smk_setup" name="setup"/>
    <testcase time="0.00199999999995271" classname="ds.changeRefGroup_smk_setup" name="setup"/>
    <testcase time="0.00100000000020373" classname="ds.changeRefGroup_smk_setup" name="setup"/>
  </testsuite>
  <testsuite name="ds.changeRefGroup::smk" timestamp="2025-10-28T12:49:06Z" hostname="runnervmwhb2z" tests="31" skipped="0" failures="0" errors="0" time="0.582">
    <testcase time="0.211999999999989" classname="ds.changeRefGroup_smk" name="simple_changeRefGroup"/>
    <testcase time="0.335000000000036" classname="ds.changeRefGroup_smk" name="simple_changeRefGroup"/>
    <testcase time="0.00199999999995271" classname="ds.changeRefGroup_smk" name="simple_changeRefGroup"/>
    <testcase time="0.000999999999748979" classname="ds.changeRefGroup_smk" name="simple_changeRefGroup"/>
    <testcase time="0.00100000000020373" classname="ds.changeRefGroup_smk" name="simple_changeRefGroup"/>
    <testcase time="0.000999999999748979" classname="ds.changeRefGroup_smk" name="simple_changeRefGroup"/>
    <testcase time="0.00100000000020373" classname="ds.changeRefGroup_smk" name="simple_changeRefGroup"/>
    <testcase time="0.00100000000020373" classname="ds.changeRefGroup_smk" name="simple_changeRefGroup"/>
    <testcase time="0.00199999999995271" classname="ds.changeRefGroup_smk" name="simple_changeRefGroup"/>
    <testcase time="0.000999999999748979" classname="ds.changeRefGroup_smk" name="simple_changeRefGroup"/>
    <testcase time="0.00100000000020373" classname="ds.changeRefGroup_smk" name="simple_changeRefGroup"/>
    <testcase time="0.000999999999748979" classname="ds.changeRefGroup_smk" name="simple_changeRefGroup"/>
    <testcase time="0.00100000000020373" classname="ds.changeRefGroup_smk" name="simple_changeRefGroup"/>
    <testcase time="0.000999999999748979" classname="ds.changeRefGroup_smk" name="simple_changeRefGroup"/>
    <testcase time="0.00100000000020373" classname="ds.changeRefGroup_smk" name="simple_changeRefGroup"/>
    <testcase time="0.00199999999995271" classname="ds.changeRefGroup_smk" name="simple_changeRefGroup"/>
    <testcase time="0.00100000000020373" classname="ds.changeRefGroup_smk" name="simple_changeRefGroup"/>
    <testcase time="0.000999999999748979" classname="ds.changeRefGroup_smk" name="simple_changeRefGroup"/>
    <testcase time="0.00100000000020373" classname="ds.changeRefGroup_smk" name="simple_changeRefGroup"/>
    <testcase time="0.000999999999748979" classname="ds.changeRefGroup_smk" name="simple_changeRefGroup"/>
    <testcase time="0.00100000000020373" classname="ds.changeRefGroup_smk" name="simple_changeRefGroup"/>
    <testcase time="0.00199999999995271" classname="ds.changeRefGroup_smk" name="simple_changeRefGroup"/>
    <testcase time="0.00100000000020373" classname="ds.changeRefGroup_smk" name="simple_changeRefGroup"/>
    <testcase time="0.000999999999748979" classname="ds.changeRefGroup_smk" name="simple_changeRefGroup"/>
    <testcase time="0.00100000000020373" classname="ds.changeRefGroup_smk" name="simple_changeRefGroup"/>
    <testcase time="0.000999999999748979" classname="ds.changeRefGroup_smk" name="simple_changeRefGroup"/>
    <testcase time="0.00199999999995271" classname="ds.changeRefGroup_smk" name="simple_changeRefGroup"/>
    <testcase time="0.00100000000020373" classname="ds.changeRefGroup_smk" name="simple_changeRefGroup"/>
    <testcase time="0.000999999999748979" classname="ds.changeRefGroup_smk" name="simple_changeRefGroup"/>
    <testcase time="0.00100000000020373" classname="ds.changeRefGroup_smk" name="simple_changeRefGroup"/>
    <testcase time="0.00199999999995271" classname="ds.changeRefGroup_smk" name="simple_changeRefGroup"/>
  </testsuite>
  <testsuite name="ds.changeRefGroup::smk::shutdown" timestamp="2025-10-28T12:49:06Z" hostname="runnervmwhb2z" tests="3" skipped="0" failures="0" errors="0" time="0.048">
    <testcase time="0.0459999999998217" classname="ds.changeRefGroup_smk_shutdown" name="shutdown"/>
    <testcase time="0.00100000000020373" classname="ds.changeRefGroup_smk_shutdown" name="shutdown"/>
    <testcase time="0.00100000000020373" classname="ds.changeRefGroup_smk_shutdown" name="shutdown"/>
  </testsuite>
  <testsuite name="ds.changeRefGroup::smk::done" timestamp="2025-10-28T12:49:07Z" hostname="runnervmwhb2z" tests="0" skipped="0" failures="0" errors="0" time="0"/>
  <testsuite name="smk-ds.class" timestamp="2025-10-28T12:49:07Z" hostname="runnervmwhb2z" tests="0" skipped="0" failures="0" errors="0" time="0"/>
  <testsuite name="ds.class::smk::setup" timestamp="2025-10-28T12:49:07Z" hostname="runnervmwhb2z" tests="3" skipped="0" failures="0" errors="0" time="7.267">
    <testcase time="7.26499999999987" classname="ds.class_smk_setup" name="setup"/>
    <testcase time="0.000999999999748979" classname="ds.class_smk_setup" name="setup"/>
    <testcase time="0.00100000000020373" classname="ds.class_smk_setup" name="setup"/>
  </testsuite>
  <testsuite name="ds.class::smk" timestamp="2025-10-28T12:49:14Z" hostname="runnervmwhb2z" tests="14" skipped="0" failures="0" errors="0" time="0.181">
    <testcase time="0.0819999999998799" classname="ds.class_smk" name="simple_class"/>
    <testcase time="0.00100000000020373" classname="ds.class_smk" name="simple_class"/>
    <testcase time="0.000999999999748979" classname="ds.class_smk" name="simple_class"/>
    <testcase time="0.00100000000020373" classname="ds.class_smk" name="simple_class"/>
    <testcase time="0.00199999999995271" classname="ds.class_smk" name="simple_class"/>
    <testcase time="0.00100000000020373" classname="ds.class_smk" name="simple_class"/>
    <testcase time="0.000999999999748979" classname="ds.class_smk" name="simple_class"/>
    <testcase time="0.0850000000000364" classname="ds.class_smk" name="simple_class"/>
    <testcase time="0.00100000000020373" classname="ds.class_smk" name="simple_class"/>
    <testcase time="0.000999999999748979" classname="ds.class_smk" name="simple_class"/>
    <testcase time="0.00100000000020373" classname="ds.class_smk" name="simple_class"/>
    <testcase time="0.00199999999995271" classname="ds.class_smk" name="simple_class"/>
    <testcase time="0.000999999999748979" classname="ds.class_smk" name="simple_class"/>
    <testcase time="0.00100000000020373" classname="ds.class_smk" name="simple_class"/>
  </testsuite>
  <testsuite name="ds.class::smk::shutdown" timestamp="2025-10-28T12:49:14Z" hostname="runnervmwhb2z" tests="3" skipped="0" failures="0" errors="0" time="0.047">
    <testcase time="0.043999999999869" classname="ds.class_smk_shutdown" name="shutdown"/>
    <testcase time="0.00100000000020373" classname="ds.class_smk_shutdown" name="shutdown"/>
    <testcase time="0.00199999999995271" classname="ds.class_smk_shutdown" name="shutdown"/>
  </testsuite>
  <testsuite name="ds.class::smk::done" timestamp="2025-10-28T12:49:14Z" hostname="runnervmwhb2z" tests="0" skipped="0" failures="0" errors="0" time="0"/>
  <testsuite name="smk-ds.colnames" timestamp="2025-10-28T12:49:14Z" hostname="runnervmwhb2z" tests="0" skipped="0" failures="0" errors="0" time="0"/>
  <testsuite name="ds.colnames::smk::setup" timestamp="2025-10-28T12:49:14Z" hostname="runnervmwhb2z" tests="3" skipped="0" failures="0" errors="0" time="7.29">
    <testcase time="7.28800000000001" classname="ds.colnames_smk_setup" name="setup"/>
    <testcase time="0.000999999999748979" classname="ds.colnames_smk_setup" name="setup"/>
    <testcase time="0.00100000000020373" classname="ds.colnames_smk_setup" name="setup"/>
  </testsuite>
  <testsuite name="ds.colnames::smk" timestamp="2025-10-28T12:49:21Z" hostname="runnervmwhb2z" tests="10" skipped="0" failures="0" errors="0" time="0.335">
    <testcase time="0.324000000000069" classname="ds.colnames_smk" name="simple_colnames"/>
    <testcase time="0.000999999999748979" classname="ds.colnames_smk" name="simple_colnames"/>
    <testcase time="0.00199999999995271" classname="ds.colnames_smk" name="simple_colnames"/>
    <testcase time="0.00100000000020373" classname="ds.colnames_smk" name="simple_colnames"/>
    <testcase time="0.000999999999748979" classname="ds.colnames_smk" name="simple_colnames"/>
    <testcase time="0.00100000000020373" classname="ds.colnames_smk" name="simple_colnames"/>
    <testcase time="0.00100000000020373" classname="ds.colnames_smk" name="simple_colnames"/>
    <testcase time="0.000999999999748979" classname="ds.colnames_smk" name="simple_colnames"/>
    <testcase time="0.00199999999995271" classname="ds.colnames_smk" name="simple_colnames"/>
    <testcase time="0.00100000000020373" classname="ds.colnames_smk" name="simple_colnames"/>
  </testsuite>
  <testsuite name="ds.colnames::smk::shutdown" timestamp="2025-10-28T12:49:21Z" hostname="runnervmwhb2z" tests="3" skipped="0" failures="0" errors="0" time="0.049">
    <testcase time="0.0470000000000255" classname="ds.colnames_smk_shutdown" name="shutdown"/>
    <testcase time="0.000999999999748979" classname="ds.colnames_smk_shutdown" name="shutdown"/>
    <testcase time="0.00100000000020373" classname="ds.colnames_smk_shutdown" name="shutdown"/>
  </testsuite>
  <testsuite name="ds.colnames::smk::done" timestamp="2025-10-28T12:49:22Z" hostname="runnervmwhb2z" tests="0" skipped="0" failures="0" errors="0" time="0"/>
  <testsuite name="smk-ds.completeCases-vectors" timestamp="2025-10-28T12:49:22Z" hostname="runnervmwhb2z" tests="0" skipped="0" failures="0" errors="0" time="0"/>
  <testsuite name="ds.completeCases::smk::vector::setup" timestamp="2025-10-28T12:49:22Z" hostname="runnervmwhb2z" tests="3" skipped="0" failures="0" errors="0" time="7.362">
    <testcase time="7.36000000000013" classname="ds.completeCases_smk_vector_setup" name="setup"/>
    <testcase time="0.000999999999748979" classname="ds.completeCases_smk_vector_setup" name="setup"/>
    <testcase time="0.00100000000020373" classname="ds.completeCases_smk_vector_setup" name="setup"/>
  </testsuite>
  <testsuite name="ds.completeCases::smk::vector::numeric" timestamp="2025-10-28T12:49:29Z" hostname="runnervmwhb2z" tests="29" skipped="0" failures="0" errors="0" time="0.8">
    <testcase time="0.327999999999975" classname="ds.completeCases_smk_vector_numeric" name="completeCases_vector"/>
    <testcase time="0.00199999999995271" classname="ds.completeCases_smk_vector_numeric" name="completeCases_vector"/>
    <testcase time="0.000999999999748979" classname="ds.completeCases_smk_vector_numeric" name="completeCases_vector"/>
    <testcase time="0.0770000000002256" classname="ds.completeCases_smk_vector_numeric" name="completeCases_vector"/>
    <testcase time="0.000999999999748979" classname="ds.completeCases_smk_vector_numeric" name="completeCases_vector"/>
    <testcase time="0.00100000000020373" classname="ds.completeCases_smk_vector_numeric" name="completeCases_vector"/>
    <testcase time="0.00199999999995271" classname="ds.completeCases_smk_vector_numeric" name="completeCases_vector"/>
    <testcase time="0.0819999999998799" classname="ds.completeCases_smk_vector_numeric" name="completeCases_vector"/>
    <testcase time="0.00100000000020373" classname="ds.completeCases_smk_vector_numeric" name="completeCases_vector"/>
    <testcase time="0.000999999999748979" classname="ds.completeCases_smk_vector_numeric" name="completeCases_vector"/>
    <testcase time="0.00100000000020373" classname="ds.completeCases_smk_vector_numeric" name="completeCases_vector"/>
    <testcase time="0.0410000000001673" classname="ds.completeCases_smk_vector_numeric" name="completeCases_vector"/>
    <testcase time="0.000999999999748979" classname="ds.completeCases_smk_vector_numeric" name="completeCases_vector"/>
    <testcase time="0.00100000000020373" classname="ds.completeCases_smk_vector_numeric" name="completeCases_vector"/>
    <testcase time="0.00199999999995271" classname="ds.completeCases_smk_vector_numeric" name="completeCases_vector"/>
    <testcase time="0.000999999999748979" classname="ds.completeCases_smk_vector_numeric" name="completeCases_vector"/>
    <testcase time="0.0390000000002146" classname="ds.completeCases_smk_vector_numeric" name="completeCases_vector"/>
    <testcase time="0.000999999999748979" classname="ds.completeCases_smk_vector_numeric" name="completeCases_vector"/>
    <testcase time="0.00100000000020373" classname="ds.completeCases_smk_vector_numeric" name="completeCases_vector"/>
    <testcase time="0.00199999999995271" classname="ds.completeCases_smk_vector_numeric" name="completeCases_vector"/>
    <testcase time="0.00100000000020373" classname="ds.completeCases_smk_vector_numeric" name="completeCases_vector"/>
    <testcase time="0.0999999999999091" classname="ds.completeCases_smk_vector_numeric" name="completeCases_vector"/>
    <testcase time="0.000999999999748979" classname="ds.completeCases_smk_vector_numeric" name="completeCases_vector"/>
    <testcase time="0.00100000000020373" classname="ds.completeCases_smk_vector_numeric" name="completeCases_vector"/>
    <testcase time="0.00199999999995271" classname="ds.completeCases_smk_vector_numeric" name="completeCases_vector"/>
    <testcase time="0.106000000000222" classname="ds.completeCases_smk_vector_numeric" name="completeCases_vector"/>
    <testcase time="0.000999999999748979" classname="ds.completeCases_smk_vector_numeric" name="completeCases_vector"/>
    <testcase time="0.00100000000020373" classname="ds.completeCases_smk_vector_numeric" name="completeCases_vector"/>
    <testcase time="0.00100000000020373" classname="ds.completeCases_smk_vector_numeric" name="completeCases_vector"/>
  </testsuite>
  <testsuite name="ds.completeCases::smk::vector::integer" timestamp="2025-10-28T12:49:30Z" hostname="runnervmwhb2z" tests="29" skipped="0" failures="0" errors="0" time="0.808">
    <testcase time="0.3449999999998" classname="ds.completeCases_smk_vector_integer" name="completeCases_vector"/>
    <testcase time="0.00100000000020373" classname="ds.completeCases_smk_vector_integer" name="completeCases_vector"/>
    <testcase time="0.00199999999995271" classname="ds.completeCases_smk_vector_integer" name="completeCases_vector"/>
    <testcase time="0.0779999999999745" classname="ds.completeCases_smk_vector_integer" name="completeCases_vector"/>
    <testcase time="0.00199999999995271" classname="ds.completeCases_smk_vector_integer" name="completeCases_vector"/>
    <testcase time="0.00100000000020373" classname="ds.completeCases_smk_vector_integer" name="completeCases_vector"/>
    <testcase time="0.000999999999748979" classname="ds.completeCases_smk_vector_integer" name="completeCases_vector"/>
    <testcase time="0.0750000000002728" classname="ds.completeCases_smk_vector_integer" name="completeCases_vector"/>
    <testcase time="0.000999999999748979" classname="ds.completeCases_smk_vector_integer" name="completeCases_vector"/>
    <testcase time="0.00199999999995271" classname="ds.completeCases_smk_vector_integer" name="completeCases_vector"/>
    <testcase time="0.00100000000020373" classname="ds.completeCases_smk_vector_integer" name="completeCases_vector"/>
    <testcase time="0.0389999999997599" classname="ds.completeCases_smk_vector_integer" name="completeCases_vector"/>
    <testcase time="0.00100000000020373" classname="ds.completeCases_smk_vector_integer" name="completeCases_vector"/>
    <testcase time="0.00199999999995271" classname="ds.completeCases_smk_vector_integer" name="completeCases_vector"/>
    <testcase time="0.00100000000020373" classname="ds.completeCases_smk_vector_integer" name="completeCases_vector"/>
    <testcase time="0.000999999999748979" classname="ds.completeCases_smk_vector_integer" name="completeCases_vector"/>
    <testcase time="0.0390000000002146" classname="ds.completeCases_smk_vector_integer" name="completeCases_vector"/>
    <testcase time="0.000999999999748979" classname="ds.completeCases_smk_vector_integer" name="completeCases_vector"/>
    <testcase time="0.000999999999748979" classname="ds.completeCases_smk_vector_integer" name="completeCases_vector"/>
    <testcase time="0.00100000000020373" classname="ds.completeCases_smk_vector_integer" name="completeCases_vector"/>
    <testcase time="0.000999999999748979" classname="ds.completeCases_smk_vector_integer" name="completeCases_vector"/>
    <testcase time="0.105000000000018" classname="ds.completeCases_smk_vector_integer" name="completeCases_vector"/>
    <testcase time="0.00199999999995271" classname="ds.completeCases_smk_vector_integer" name="completeCases_vector"/>
    <testcase time="0.00100000000020373" classname="ds.completeCases_smk_vector_integer" name="completeCases_vector"/>
    <testcase time="0.00100000000020373" classname="ds.completeCases_smk_vector_integer" name="completeCases_vector"/>
    <testcase time="0.0989999999997053" classname="ds.completeCases_smk_vector_integer" name="completeCases_vector"/>
    <testcase time="0.00199999999995271" classname="ds.completeCases_smk_vector_integer" name="completeCases_vector"/>
    <testcase time="0.00100000000020373" classname="ds.completeCases_smk_vector_integer" name="completeCases_vector"/>
    <testcase time="0.000999999999748979" classname="ds.completeCases_smk_vector_integer" name="completeCases_vector"/>
  </testsuite>
  <testsuite name="ds.completeCases::smk::vector::character" timestamp="2025-10-28T12:49:31Z" hostname="runnervmwhb2z" tests="29" skipped="0" failures="0" errors="0" time="0.809">
    <testcase time="0.340000000000146" classname="ds.completeCases_smk_vector_character" name="completeCases_vector"/>
    <testcase time="0.00199999999995271" classname="ds.completeCases_smk_vector_character" name="completeCases_vector"/>
    <testcase time="0.00100000000020373" classname="ds.completeCases_smk_vector_character" name="completeCases_vector"/>
    <testcase time="0.0760000000000218" classname="ds.completeCases_smk_vector_character" name="completeCases_vector"/>
    <testcase time="0.00199999999995271" classname="ds.completeCases_smk_vector_character" name="completeCases_vector"/>
    <testcase time="0.000999999999748979" classname="ds.completeCases_smk_vector_character" name="completeCases_vector"/>
    <testcase time="0.00100000000020373" classname="ds.completeCases_smk_vector_character" name="completeCases_vector"/>
    <testcase time="0.0819999999998799" classname="ds.completeCases_smk_vector_character" name="completeCases_vector"/>
    <testcase time="0.00100000000020373" classname="ds.completeCases_smk_vector_character" name="completeCases_vector"/>
    <testcase time="0.000999999999748979" classname="ds.completeCases_smk_vector_character" name="completeCases_vector"/>
    <testcase time="0.00100000000020373" classname="ds.completeCases_smk_vector_character" name="completeCases_vector"/>
    <testcase time="0.0389999999997599" classname="ds.completeCases_smk_vector_character" name="completeCases_vector"/>
    <testcase time="0.00199999999995271" classname="ds.completeCases_smk_vector_character" name="completeCases_vector"/>
    <testcase time="0.00100000000020373" classname="ds.completeCases_smk_vector_character" name="completeCases_vector"/>
    <testcase time="0.00100000000020373" classname="ds.completeCases_smk_vector_character" name="completeCases_vector"/>
    <testcase time="0.000999999999748979" classname="ds.completeCases_smk_vector_character" name="completeCases_vector"/>
    <testcase time="0.0390000000002146" classname="ds.completeCases_smk_vector_character" name="completeCases_vector"/>
    <testcase time="0.00199999999995271" classname="ds.completeCases_smk_vector_character" name="completeCases_vector"/>
    <testcase time="0.000999999999748979" classname="ds.completeCases_smk_vector_character" name="completeCases_vector"/>
    <testcase time="0.00100000000020373" classname="ds.completeCases_smk_vector_character" name="completeCases_vector"/>
    <testcase time="0.000999999999748979" classname="ds.completeCases_smk_vector_character" name="completeCases_vector"/>
    <testcase time="0.0990000000001601" classname="ds.completeCases_smk_vector_character" name="completeCases_vector"/>
    <testcase time="0.00199999999995271" classname="ds.completeCases_smk_vector_character" name="completeCases_vector"/>
    <testcase time="0.00100000000020373" classname="ds.completeCases_smk_vector_character" name="completeCases_vector"/>
    <testcase time="0.000999999999748979" classname="ds.completeCases_smk_vector_character" name="completeCases_vector"/>
    <testcase time="0.106000000000222" classname="ds.completeCases_smk_vector_character" name="completeCases_vector"/>
    <testcase time="0.000999999999748979" classname="ds.completeCases_smk_vector_character" name="completeCases_vector"/>
    <testcase time="0.00199999999995271" classname="ds.completeCases_smk_vector_character" name="completeCases_vector"/>
    <testcase time="0.00100000000020373" classname="ds.completeCases_smk_vector_character" name="completeCases_vector"/>
  </testsuite>
  <testsuite name="ds.completeCases::smk::vector::logical" timestamp="2025-10-28T12:49:31Z" hostname="runnervmwhb2z" tests="29" skipped="0" failures="0" errors="0" time="0.815">
    <testcase time="0.34900000000016" classname="ds.completeCases_smk_vector_logical" name="completeCases_vector"/>
    <testcase time="0.000999999999748979" classname="ds.completeCases_smk_vector_logical" name="completeCases_vector"/>
    <testcase time="0.00100000000020373" classname="ds.completeCases_smk_vector_logical" name="completeCases_vector"/>
    <testcase time="0.0769999999997708" classname="ds.completeCases_smk_vector_logical" name="completeCases_vector"/>
    <testcase time="0.00100000000020373" classname="ds.completeCases_smk_vector_logical" name="completeCases_vector"/>
    <testcase time="0.000999999999748979" classname="ds.completeCases_smk_vector_logical" name="completeCases_vector"/>
    <testcase time="0.00100000000020373" classname="ds.completeCases_smk_vector_logical" name="completeCases_vector"/>
    <testcase time="0.0760000000000218" classname="ds.completeCases_smk_vector_logical" name="completeCases_vector"/>
    <testcase time="0.000999999999748979" classname="ds.completeCases_smk_vector_logical" name="completeCases_vector"/>
    <testcase time="0.00100000000020373" classname="ds.completeCases_smk_vector_logical" name="completeCases_vector"/>
    <testcase time="0.000999999999748979" classname="ds.completeCases_smk_vector_logical" name="completeCases_vector"/>
    <testcase time="0.0390000000002146" classname="ds.completeCases_smk_vector_logical" name="completeCases_vector"/>
    <testcase time="0.00199999999995271" classname="ds.completeCases_smk_vector_logical" name="completeCases_vector"/>
    <testcase time="0.00100000000020373" classname="ds.completeCases_smk_vector_logical" name="completeCases_vector"/>
    <testcase time="0.000999999999748979" classname="ds.completeCases_smk_vector_logical" name="completeCases_vector"/>
    <testcase time="0.00199999999995271" classname="ds.completeCases_smk_vector_logical" name="completeCases_vector"/>
    <testcase time="0.0450000000000728" classname="ds.completeCases_smk_vector_logical" name="completeCases_vector"/>
    <testcase time="0.00100000000020373" classname="ds.completeCases_smk_vector_logical" name="completeCases_vector"/>
    <testcase time="0.00199999999995271" classname="ds.completeCases_smk_vector_logical" name="completeCases_vector"/>
    <testcase time="0.000999999999748979" classname="ds.completeCases_smk_vector_logical" name="completeCases_vector"/>
    <testcase time="0.00100000000020373" classname="ds.completeCases_smk_vector_logical" name="completeCases_vector"/>
    <testcase time="0.0999999999999091" classname="ds.completeCases_smk_vector_logical" name="completeCases_vector"/>
    <testcase time="0.00199999999995271" classname="ds.completeCases_smk_vector_logical" name="completeCases_vector"/>
    <testcase time="0.00100000000020373" classname="ds.completeCases_smk_vector_logical" name="completeCases_vector"/>
    <testcase time="0.00199999999995271" classname="ds.completeCases_smk_vector_logical" name="completeCases_vector"/>
    <testcase time="0.101000000000113" classname="ds.completeCases_smk_vector_logical" name="completeCases_vector"/>
    <testcase time="0.000999999999748979" classname="ds.completeCases_smk_vector_logical" name="completeCases_vector"/>
    <testcase time="0.00199999999995271" classname="ds.completeCases_smk_vector_logical" name="completeCases_vector"/>
    <testcase time="0.00100000000020373" classname="ds.completeCases_smk_vector_logical" name="completeCases_vector"/>
  </testsuite>
  <testsuite name="ds.completeCases::smk::vector::factor" timestamp="2025-10-28T12:49:32Z" hostname="runnervmwhb2z" tests="29" skipped="0" failures="0" errors="0" time="0.807">
    <testcase time="0.329999999999927" classname="ds.completeCases_smk_vector_factor" name="completeCases_vector"/>
    <testcase time="0.00100000000020373" classname="ds.completeCases_smk_vector_factor" name="completeCases_vector"/>
    <testcase time="0.000999999999748979" classname="ds.completeCases_smk_vector_factor" name="completeCases_vector"/>
    <testcase time="0.0900000000001455" classname="ds.completeCases_smk_vector_factor" name="completeCases_vector"/>
    <testcase time="0.00199999999995271" classname="ds.completeCases_smk_vector_factor" name="completeCases_vector"/>
    <testcase time="0.000999999999748979" classname="ds.completeCases_smk_vector_factor" name="completeCases_vector"/>
    <testcase time="0.00100000000020373" classname="ds.completeCases_smk_vector_factor" name="completeCases_vector"/>
    <testcase time="0.0760000000000218" classname="ds.completeCases_smk_vector_factor" name="completeCases_vector"/>
    <testcase time="0.000999999999748979" classname="ds.completeCases_smk_vector_factor" name="completeCases_vector"/>
    <testcase time="0.00100000000020373" classname="ds.completeCases_smk_vector_factor" name="completeCases_vector"/>
    <testcase time="0.00199999999995271" classname="ds.completeCases_smk_vector_factor" name="completeCases_vector"/>
    <testcase time="0.0380000000000109" classname="ds.completeCases_smk_vector_factor" name="completeCases_vector"/>
    <testcase time="0.00100000000020373" classname="ds.completeCases_smk_vector_factor" name="completeCases_vector"/>
    <testcase time="0.00199999999995271" classname="ds.completeCases_smk_vector_factor" name="completeCases_vector"/>
    <testcase time="0.000999999999748979" classname="ds.completeCases_smk_vector_factor" name="completeCases_vector"/>
    <testcase time="0.00100000000020373" classname="ds.completeCases_smk_vector_factor" name="completeCases_vector"/>
    <testcase time="0.0380000000000109" classname="ds.completeCases_smk_vector_factor" name="completeCases_vector"/>
    <testcase time="0.00199999999995271" classname="ds.completeCases_smk_vector_factor" name="completeCases_vector"/>
    <testcase time="0.00100000000020373" classname="ds.completeCases_smk_vector_factor" name="completeCases_vector"/>
    <testcase time="0.000999999999748979" classname="ds.completeCases_smk_vector_factor" name="completeCases_vector"/>
    <testcase time="0.00199999999995271" classname="ds.completeCases_smk_vector_factor" name="completeCases_vector"/>
    <testcase time="0.106000000000222" classname="ds.completeCases_smk_vector_factor" name="completeCases_vector"/>
    <testcase time="0.00199999999995271" classname="ds.completeCases_smk_vector_factor" name="completeCases_vector"/>
    <testcase time="0.000999999999748979" classname="ds.completeCases_smk_vector_factor" name="completeCases_vector"/>
    <testcase time="0.00100000000020373" classname="ds.completeCases_smk_vector_factor" name="completeCases_vector"/>
    <testcase time="0.0999999999999091" classname="ds.completeCases_smk_vector_factor" name="completeCases_vector"/>
    <testcase time="0.00100000000020373" classname="ds.completeCases_smk_vector_factor" name="completeCases_vector"/>
    <testcase time="0.00199999999995271" classname="ds.completeCases_smk_vector_factor" name="completeCases_vector"/>
    <testcase time="0.000999999999748979" classname="ds.completeCases_smk_vector_factor" name="completeCases_vector"/>
  </testsuite>
  <testsuite name="ds.completeCases::smk::vector::shutdown" timestamp="2025-10-28T12:49:33Z" hostname="runnervmwhb2z" tests="3" skipped="0" failures="0" errors="0" time="0.05">
    <testcase time="0.0470000000000255" classname="ds.completeCases_smk_vector_shutdown" name="shutdown"/>
    <testcase time="0.00199999999995271" classname="ds.completeCases_smk_vector_shutdown" name="shutdown"/>
    <testcase time="0.00100000000020373" classname="ds.completeCases_smk_vector_shutdown" name="shutdown"/>
  </testsuite>
  <testsuite name="ds.completeCases::smk::done" timestamp="2025-10-28T12:49:33Z" hostname="runnervmwhb2z" tests="0" skipped="0" failures="0" errors="0" time="0"/>
  <testsuite name="smk-ds.completeCases" timestamp="2025-10-28T12:49:33Z" hostname="runnervmwhb2z" tests="0" skipped="0" failures="0" errors="0" time="0"/>
  <testsuite name="ds.completeCases::smk::setup" timestamp="2025-10-28T12:49:33Z" hostname="runnervmwhb2z" tests="3" skipped="0" failures="0" errors="0" time="7.303">
    <testcase time="7.29999999999973" classname="ds.completeCases_smk_setup" name="setup"/>
    <testcase time="0.00200000000040745" classname="ds.completeCases_smk_setup" name="setup"/>
    <testcase time="0.000999999999748979" classname="ds.completeCases_smk_setup" name="setup"/>
  </testsuite>
  <testsuite name="ds.completeCases::smk::data.frame" timestamp="2025-10-28T12:49:40Z" hostname="runnervmwhb2z" tests="37" skipped="0" failures="0" errors="0" time="1.029">
    <testcase time="0.733999999999924" classname="ds.completeCases_smk_data.frame" name="completeCases_data.frame"/>
    <testcase time="0.00100000000020373" classname="ds.completeCases_smk_data.frame" name="completeCases_data.frame"/>
    <testcase time="0.00199999999995271" classname="ds.completeCases_smk_data.frame" name="completeCases_data.frame"/>
    <testcase time="0.081000000000131" classname="ds.completeCases_smk_data.frame" name="completeCases_data.frame"/>
    <testcase time="0.00199999999995271" classname="ds.completeCases_smk_data.frame" name="completeCases_data.frame"/>
    <testcase time="0.000999999999748979" classname="ds.completeCases_smk_data.frame" name="completeCases_data.frame"/>
    <testcase time="0.00100000000020373" classname="ds.completeCases_smk_data.frame" name="completeCases_data.frame"/>
    <testcase time="0.0760000000000218" classname="ds.completeCases_smk_data.frame" name="completeCases_data.frame"/>
    <testcase time="0.000999999999748979" classname="ds.completeCases_smk_data.frame" name="completeCases_data.frame"/>
    <testcase time="0.00100000000020373" classname="ds.completeCases_smk_data.frame" name="completeCases_data.frame"/>
    <testcase time="0.00100000000020373" classname="ds.completeCases_smk_data.frame" name="completeCases_data.frame"/>
    <testcase time="0.0500000000001819" classname="ds.completeCases_smk_data.frame" name="completeCases_data.frame"/>
    <testcase time="0.000999999999748979" classname="ds.completeCases_smk_data.frame" name="completeCases_data.frame"/>
    <testcase time="0.00100000000020373" classname="ds.completeCases_smk_data.frame" name="completeCases_data.frame"/>
    <testcase time="0.00199999999995271" classname="ds.completeCases_smk_data.frame" name="completeCases_data.frame"/>
    <testcase time="0.000999999999748979" classname="ds.completeCases_smk_data.frame" name="completeCases_data.frame"/>
    <testcase time="0.00100000000020373" classname="ds.completeCases_smk_data.frame" name="completeCases_data.frame"/>
    <testcase time="0.00100000000020373" classname="ds.completeCases_smk_data.frame" name="completeCases_data.frame"/>
    <testcase time="0.000999999999748979" classname="ds.completeCases_smk_data.frame" name="completeCases_data.frame"/>
    <testcase time="0.00199999999995271" classname="ds.completeCases_smk_data.frame" name="completeCases_data.frame"/>
    <testcase time="0.00100000000020373" classname="ds.completeCases_smk_data.frame" name="completeCases_data.frame"/>
    <testcase time="0.000999999999748979" classname="ds.completeCases_smk_data.frame" name="completeCases_data.frame"/>
    <testcase time="0.00100000000020373" classname="ds.completeCases_smk_data.frame" name="completeCases_data.frame"/>
    <testcase time="0.00199999999995271" classname="ds.completeCases_smk_data.frame" name="completeCases_data.frame"/>
    <testcase time="0.0470000000000255" classname="ds.completeCases_smk_data.frame" name="completeCases_data.frame"/>
    <testcase time="0.00199999999995271" classname="ds.completeCases_smk_data.frame" name="completeCases_data.frame"/>
    <testcase time="0.00100000000020373" classname="ds.completeCases_smk_data.frame" name="completeCases_data.frame"/>
    <testcase time="0.000999999999748979" classname="ds.completeCases_smk_data.frame" name="completeCases_data.frame"/>
    <testcase time="0.00199999999995271" classname="ds.completeCases_smk_data.frame" name="completeCases_data.frame"/>
    <testcase time="0.00100000000020373" classname="ds.completeCases_smk_data.frame" name="completeCases_data.frame"/>
    <testcase time="0.000999999999748979" classname="ds.completeCases_smk_data.frame" name="completeCases_data.frame"/>
    <testcase time="0.00199999999995271" classname="ds.completeCases_smk_data.frame" name="completeCases_data.frame"/>
    <testcase time="0.00100000000020373" classname="ds.completeCases_smk_data.frame" name="completeCases_data.frame"/>
    <testcase time="0.000999999999748979" classname="ds.completeCases_smk_data.frame" name="completeCases_data.frame"/>
    <testcase time="0.00100000000020373" classname="ds.completeCases_smk_data.frame" name="completeCases_data.frame"/>
    <testcase time="0.00199999999995271" classname="ds.completeCases_smk_data.frame" name="completeCases_data.frame"/>
    <testcase time="0.00100000000020373" classname="ds.completeCases_smk_data.frame" name="completeCases_data.frame"/>
  </testsuite>
  <testsuite name="ds.completeCases::smk::matrix" timestamp="2025-10-28T12:49:41Z" hostname="runnervmwhb2z" tests="43" skipped="0" failures="0" errors="0" time="0.642">
    <testcase time="0.3449999999998" classname="ds.completeCases_smk_matrix" name="completeCases_matrix"/>
    <testcase time="0.00199999999995271" classname="ds.completeCases_smk_matrix" name="completeCases_matrix"/>
    <testcase time="0.00100000000020373" classname="ds.completeCases_smk_matrix" name="completeCases_matrix"/>
    <testcase time="0.0819999999998799" classname="ds.completeCases_smk_matrix" name="completeCases_matrix"/>
    <testcase time="0.00300000000015643" classname="ds.completeCases_smk_matrix" name="completeCases_matrix"/>
    <testcase time="0.00199999999995271" classname="ds.completeCases_smk_matrix" name="completeCases_matrix"/>
    <testcase time="0.00299999999970169" classname="ds.completeCases_smk_matrix" name="completeCases_matrix"/>
    <testcase time="0.0750000000002728" classname="ds.completeCases_smk_matrix" name="completeCases_matrix"/>
    <testcase time="0.00199999999995271" classname="ds.completeCases_smk_matrix" name="completeCases_matrix"/>
    <testcase time="0.00199999999995271" classname="ds.completeCases_smk_matrix" name="completeCases_matrix"/>
    <testcase time="0.00300000000015643" classname="ds.completeCases_smk_matrix" name="completeCases_matrix"/>
    <testcase time="0.000999999999748979" classname="ds.completeCases_smk_matrix" name="completeCases_matrix"/>
    <testcase time="0.00300000000015643" classname="ds.completeCases_smk_matrix" name="completeCases_matrix"/>
    <testcase time="0.00199999999995271" classname="ds.completeCases_smk_matrix" name="completeCases_matrix"/>
    <testcase time="0.00100000000020373" classname="ds.completeCases_smk_matrix" name="completeCases_matrix"/>
    <testcase time="0.00299999999970169" classname="ds.completeCases_smk_matrix" name="completeCases_matrix"/>
    <testcase time="0.00300000000015643" classname="ds.completeCases_smk_matrix" name="completeCases_matrix"/>
    <testcase time="0.0389999999997599" classname="ds.completeCases_smk_matrix" name="completeCases_matrix"/>
    <testcase time="0.00100000000020373" classname="ds.completeCases_smk_matrix" name="completeCases_matrix"/>
    <testcase time="0.00100000000020373" classname="ds.completeCases_smk_matrix" name="completeCases_matrix"/>
    <testcase time="0.00199999999995271" classname="ds.completeCases_smk_matrix" name="completeCases_matrix"/>
    <testcase time="0.000999999999748979" classname="ds.completeCases_smk_matrix" name="completeCases_matrix"/>
    <testcase time="0.00100000000020373" classname="ds.completeCases_smk_matrix" name="completeCases_matrix"/>
    <testcase time="0.000999999999748979" classname="ds.completeCases_smk_matrix" name="completeCases_matrix"/>
    <testcase time="0.00199999999995271" classname="ds.completeCases_smk_matrix" name="completeCases_matrix"/>
    <testcase time="0.00100000000020373" classname="ds.completeCases_smk_matrix" name="completeCases_matrix"/>
    <testcase time="0.00100000000020373" classname="ds.completeCases_smk_matrix" name="completeCases_matrix"/>
    <testcase time="0.000999999999748979" classname="ds.completeCases_smk_matrix" name="completeCases_matrix"/>
    <testcase time="0.00199999999995271" classname="ds.completeCases_smk_matrix" name="completeCases_matrix"/>
    <testcase time="0.00100000000020373" classname="ds.completeCases_smk_matrix" name="completeCases_matrix"/>
    <testcase time="0.0389999999997599" classname="ds.completeCases_smk_matrix" name="completeCases_matrix"/>
    <testcase time="0.00100000000020373" classname="ds.completeCases_smk_matrix" name="completeCases_matrix"/>
    <testcase time="0.00199999999995271" classname="ds.completeCases_smk_matrix" name="completeCases_matrix"/>
    <testcase time="0.000999999999748979" classname="ds.completeCases_smk_matrix" name="completeCases_matrix"/>
    <testcase time="0.00100000000020373" classname="ds.completeCases_smk_matrix" name="completeCases_matrix"/>
    <testcase time="0.00199999999995271" classname="ds.completeCases_smk_matrix" name="completeCases_matrix"/>
    <testcase time="0.00100000000020373" classname="ds.completeCases_smk_matrix" name="completeCases_matrix"/>
    <testcase time="0.000999999999748979" classname="ds.completeCases_smk_matrix" name="completeCases_matrix"/>
    <testcase time="0.00100000000020373" classname="ds.completeCases_smk_matrix" name="completeCases_matrix"/>
    <testcase time="0.00199999999995271" classname="ds.completeCases_smk_matrix" name="completeCases_matrix"/>
    <testcase time="0.000999999999748979" classname="ds.completeCases_smk_matrix" name="completeCases_matrix"/>
    <testcase time="0.00200000000040745" classname="ds.completeCases_smk_matrix" name="completeCases_matrix"/>
    <testcase time="0.000999999999748979" classname="ds.completeCases_smk_matrix" name="completeCases_matrix"/>
  </testsuite>
  <testsuite name="ds.completeCases::smk::shutdown" timestamp="2025-10-28T12:49:42Z" hostname="runnervmwhb2z" tests="3" skipped="0" failures="0" errors="0" time="0.054">
    <testcase time="0.0520000000001346" classname="ds.completeCases_smk_shutdown" name="shutdown"/>
    <testcase time="0.000999999999748979" classname="ds.completeCases_smk_shutdown" name="shutdown"/>
    <testcase time="0.00100000000020373" classname="ds.completeCases_smk_shutdown" name="shutdown"/>
  </testsuite>
  <testsuite name="ds.completeCases::smk::done" timestamp="2025-10-28T12:49:42Z" hostname="runnervmwhb2z" tests="0" skipped="0" failures="0" errors="0" time="0"/>
  <testsuite name="smk-ds.cor" timestamp="2025-10-28T12:49:42Z" hostname="runnervmwhb2z" tests="0" skipped="0" failures="0" errors="0" time="0"/>
  <testsuite name="ds.cor::smk::setup" timestamp="2025-10-28T12:49:42Z" hostname="runnervmwhb2z" tests="3" skipped="0" failures="0" errors="0" time="7.337">
    <testcase time="7.33399999999983" classname="ds.cor_smk_setup" name="setup"/>
    <testcase time="0.00100000000020373" classname="ds.cor_smk_setup" name="setup"/>
    <testcase time="0.00199999999995271" classname="ds.cor_smk_setup" name="setup"/>
  </testsuite>
  <testsuite name="ds.cor::smk" timestamp="2025-10-28T12:49:49Z" hostname="runnervmwhb2z" tests="21" skipped="0" failures="0" errors="0" time="0.543">
    <testcase time="0.255000000000109" classname="ds.cor_smk" name="simple_test_combine_casewise.complete"/>
    <testcase time="0.00299999999970169" classname="ds.cor_smk" name="simple_test_combine_casewise.complete"/>
    <testcase time="0.00199999999995271" classname="ds.cor_smk" name="simple_test_combine_casewise.complete"/>
    <testcase time="0.00300000000015643" classname="ds.cor_smk" name="simple_test_combine_casewise.complete"/>
    <testcase time="0.00199999999995271" classname="ds.cor_smk" name="simple_test_combine_casewise.complete"/>
    <testcase time="0.242999999999938" classname="ds.cor_smk" name="simple_test_split_casewise.complete"/>
    <testcase time="0.00199999999995271" classname="ds.cor_smk" name="simple_test_split_casewise.complete"/>
    <testcase time="0.00200000000040745" classname="ds.cor_smk" name="simple_test_split_casewise.complete"/>
    <testcase time="0.00299999999970169" classname="ds.cor_smk" name="simple_test_split_casewise.complete"/>
    <testcase time="0.00199999999995271" classname="ds.cor_smk" name="simple_test_split_casewise.complete"/>
    <testcase time="0.00300000000015643" classname="ds.cor_smk" name="simple_test_split_casewise.complete"/>
    <testcase time="0.00100000000020373" classname="ds.cor_smk" name="simple_test_split_casewise.complete"/>
    <testcase time="0.00299999999970169" classname="ds.cor_smk" name="simple_test_split_casewise.complete"/>
    <testcase time="0.00199999999995271" classname="ds.cor_smk" name="simple_test_split_casewise.complete"/>
    <testcase time="0.00300000000015643" classname="ds.cor_smk" name="simple_test_split_casewise.complete"/>
    <testcase time="0.00199999999995271" classname="ds.cor_smk" name="simple_test_split_casewise.complete"/>
    <testcase time="0.00100000000020373" classname="ds.cor_smk" name="simple_test_split_casewise.complete"/>
    <testcase time="0.00299999999970169" classname="ds.cor_smk" name="simple_test_split_casewise.complete"/>
    <testcase time="0.00300000000015643" classname="ds.cor_smk" name="simple_test_split_casewise.complete"/>
    <testcase time="0.00199999999995271" classname="ds.cor_smk" name="simple_test_split_casewise.complete"/>
    <testcase time="0.00300000000015643" classname="ds.cor_smk" name="simple_test_split_casewise.complete"/>
  </testsuite>
  <testsuite name="ds.cor::smk::setup::shutdown" timestamp="2025-10-28T12:49:50Z" hostname="runnervmwhb2z" tests="3" skipped="0" failures="0" errors="0" time="0.064">
    <testcase time="0.0609999999996944" classname="ds.cor_smk_setup_shutdown" name="shutdown"/>
    <testcase time="0.00100000000020373" classname="ds.cor_smk_setup_shutdown" name="shutdown"/>
    <testcase time="0.00199999999995271" classname="ds.cor_smk_setup_shutdown" name="shutdown"/>
  </testsuite>
  <testsuite name="ds.cor::smk::setup::done" timestamp="2025-10-28T12:49:50Z" hostname="runnervmwhb2z" tests="0" skipped="0" failures="0" errors="0" time="0"/>
  <testsuite name="smk-ds.corTest" timestamp="2025-10-28T12:49:50Z" hostname="runnervmwhb2z" tests="0" skipped="0" failures="0" errors="0" time="0"/>
  <testsuite name="ds.corTest::smk::setup" timestamp="2025-10-28T12:49:50Z" hostname="runnervmwhb2z" tests="3" skipped="0" failures="0" errors="0" time="7.353">
    <testcase time="7.34999999999991" classname="ds.corTest_smk_setup" name="setup"/>
    <testcase time="0.00100000000020373" classname="ds.corTest_smk_setup" name="setup"/>
    <testcase time="0.00199999999995271" classname="ds.corTest_smk_setup" name="setup"/>
  </testsuite>
  <testsuite name="ds.corTest::smk::pearson" timestamp="2025-10-28T12:49:57Z" hostname="runnervmwhb2z" tests="25" skipped="0" failures="0" errors="0" time="0.205">
    <testcase time="0.177000000000135" classname="ds.corTest_smk_pearson" name="simple_test"/>
    <testcase time="0.000999999999748979" classname="ds.corTest_smk_pearson" name="simple_test"/>
    <testcase time="0.00100000000020373" classname="ds.corTest_smk_pearson" name="simple_test"/>
    <testcase time="0.000999999999748979" classname="ds.corTest_smk_pearson" name="simple_test"/>
    <testcase time="0.00199999999995271" classname="ds.corTest_smk_pearson" name="simple_test"/>
    <testcase time="0.00100000000020373" classname="ds.corTest_smk_pearson" name="simple_test"/>
    <testcase time="0.000999999999748979" classname="ds.corTest_smk_pearson" name="simple_test"/>
    <testcase time="0.00100000000020373" classname="ds.corTest_smk_pearson" name="simple_test"/>
    <testcase time="0.00100000000020373" classname="ds.corTest_smk_pearson" name="simple_test"/>
    <testcase time="0.00199999999995271" classname="ds.corTest_smk_pearson" name="simple_test"/>
    <testcase time="0.000999999999748979" classname="ds.corTest_smk_pearson" name="simple_test"/>
    <testcase time="0.00100000000020373" classname="ds.corTest_smk_pearson" name="simple_test"/>
    <testcase time="0.000999999999748979" classname="ds.corTest_smk_pearson" name="simple_test"/>
    <testcase time="0.00100000000020373" classname="ds.corTest_smk_pearson" name="simple_test"/>
    <testcase time="0.000999999999748979" classname="ds.corTest_smk_pearson" name="simple_test"/>
    <testcase time="0.00199999999995271" classname="ds.corTest_smk_pearson" name="simple_test"/>
    <testcase time="0.00100000000020373" classname="ds.corTest_smk_pearson" name="simple_test"/>
    <testcase time="0.00100000000020373" classname="ds.corTest_smk_pearson" name="simple_test"/>
    <testcase time="0.000999999999748979" classname="ds.corTest_smk_pearson" name="simple_test"/>
    <testcase time="0.00199999999995271" classname="ds.corTest_smk_pearson" name="simple_test"/>
    <testcase time="0.00100000000020373" classname="ds.corTest_smk_pearson" name="simple_test"/>
    <testcase time="0.000999999999748979" classname="ds.corTest_smk_pearson" name="simple_test"/>
    <testcase time="0.00100000000020373" classname="ds.corTest_smk_pearson" name="simple_test"/>
    <testcase time="0.000999999999748979" classname="ds.corTest_smk_pearson" name="simple_test"/>
    <testcase time="0.00100000000020373" classname="ds.corTest_smk_pearson" name="simple_test"/>
  </testsuite>
  <testsuite name="ds.corTest::smk::kendall" timestamp="2025-10-28T12:49:58Z" hostname="runnervmwhb2z" tests="25" skipped="0" failures="0" errors="0" time="0.349">
    <testcase time="0.312999999999647" classname="ds.corTest_smk_kendall" name="simple_test"/>
    <testcase time="0.00100000000020373" classname="ds.corTest_smk_kendall" name="simple_test"/>
    <testcase time="0.000999999999748979" classname="ds.corTest_smk_kendall" name="simple_test"/>
    <testcase time="0.00200000000040745" classname="ds.corTest_smk_kendall" name="simple_test"/>
    <testcase time="0.000999999999748979" classname="ds.corTest_smk_kendall" name="simple_test"/>
    <testcase time="0.00100000000020373" classname="ds.corTest_smk_kendall" name="simple_test"/>
    <testcase time="0.000999999999748979" classname="ds.corTest_smk_kendall" name="simple_test"/>
    <testcase time="0.00199999999995271" classname="ds.corTest_smk_kendall" name="simple_test"/>
    <testcase time="0.00100000000020373" classname="ds.corTest_smk_kendall" name="simple_test"/>
    <testcase time="0.000999999999748979" classname="ds.corTest_smk_kendall" name="simple_test"/>
    <testcase time="0.00100000000020373" classname="ds.corTest_smk_kendall" name="simple_test"/>
    <testcase time="0.00100000000020373" classname="ds.corTest_smk_kendall" name="simple_test"/>
    <testcase time="0.00199999999995271" classname="ds.corTest_smk_kendall" name="simple_test"/>
    <testcase time="0.000999999999748979" classname="ds.corTest_smk_kendall" name="simple_test"/>
    <testcase time="0.00100000000020373" classname="ds.corTest_smk_kendall" name="simple_test"/>
    <testcase time="0.000999999999748979" classname="ds.corTest_smk_kendall" name="simple_test"/>
    <testcase time="0.00100000000020373" classname="ds.corTest_smk_kendall" name="simple_test"/>
    <testcase time="0.00199999999995271" classname="ds.corTest_smk_kendall" name="simple_test"/>
    <testcase time="0.000999999999748979" classname="ds.corTest_smk_kendall" name="simple_test"/>
    <testcase time="0.00100000000020373" classname="ds.corTest_smk_kendall" name="simple_test"/>
    <testcase time="0.00100000000020373" classname="ds.corTest_smk_kendall" name="simple_test"/>
    <testcase time="0.00199999999995271" classname="ds.corTest_smk_kendall" name="simple_test"/>
    <testcase time="0.000999999999748979" classname="ds.corTest_smk_kendall" name="simple_test"/>
    <testcase time="0.00700000000006185" classname="ds.corTest_smk_kendall" name="simple_test"/>
    <testcase time="0.00199999999995271" classname="ds.corTest_smk_kendall" name="simple_test"/>
  </testsuite>
  <testsuite name="ds.corTest::smk::spearman" timestamp="2025-10-28T12:49:58Z" hostname="runnervmwhb2z" tests="25" skipped="0" failures="0" errors="0" time="0.201">
    <testcase time="0.172000000000025" classname="ds.corTest_smk_spearman" name="simple_test"/>
    <testcase time="0.00100000000020373" classname="ds.corTest_smk_spearman" name="simple_test"/>
    <testcase time="0.000999999999748979" classname="ds.corTest_smk_spearman" name="simple_test"/>
    <testcase time="0.00100000000020373" classname="ds.corTest_smk_spearman" name="simple_test"/>
    <testcase time="0.00199999999995271" classname="ds.corTest_smk_spearman" name="simple_test"/>
    <testcase time="0.000999999999748979" classname="ds.corTest_smk_spearman" name="simple_test"/>
    <testcase time="0.00100000000020373" classname="ds.corTest_smk_spearman" name="simple_test"/>
    <testcase time="0.00100000000020373" classname="ds.corTest_smk_spearman" name="simple_test"/>
    <testcase time="0.00199999999995271" classname="ds.corTest_smk_spearman" name="simple_test"/>
    <testcase time="0.000999999999748979" classname="ds.corTest_smk_spearman" name="simple_test"/>
    <testcase time="0.00100000000020373" classname="ds.corTest_smk_spearman" name="simple_test"/>
    <testcase time="0.000999999999748979" classname="ds.corTest_smk_spearman" name="simple_test"/>
    <testcase time="0.00100000000020373" classname="ds.corTest_smk_spearman" name="simple_test"/>
    <testcase time="0.00199999999995271" classname="ds.corTest_smk_spearman" name="simple_test"/>
    <testcase time="0.00100000000020373" classname="ds.corTest_smk_spearman" name="simple_test"/>
    <testcase time="0.000999999999748979" classname="ds.corTest_smk_spearman" name="simple_test"/>
    <testcase time="0.00100000000020373" classname="ds.corTest_smk_spearman" name="simple_test"/>
    <testcase time="0.000999999999748979" classname="ds.corTest_smk_spearman" name="simple_test"/>
    <testcase time="0.00199999999995271" classname="ds.corTest_smk_spearman" name="simple_test"/>
    <testcase time="0.00100000000020373" classname="ds.corTest_smk_spearman" name="simple_test"/>
    <testcase time="0.000999999999748979" classname="ds.corTest_smk_spearman" name="simple_test"/>
    <testcase time="0.00100000000020373" classname="ds.corTest_smk_spearman" name="simple_test"/>
    <testcase time="0.00199999999995271" classname="ds.corTest_smk_spearman" name="simple_test"/>
    <testcase time="0.00100000000020373" classname="ds.corTest_smk_spearman" name="simple_test"/>
    <testcase time="0.000999999999748979" classname="ds.corTest_smk_spearman" name="simple_test"/>
  </testsuite>
  <testsuite name="ds.corTest::smk::shutdown" timestamp="2025-10-28T12:49:58Z" hostname="runnervmwhb2z" tests="3" skipped="0" failures="0" errors="0" time="0.049">
    <testcase time="0.0470000000000255" classname="ds.corTest_smk_shutdown" name="shutdown"/>
    <testcase time="0.00100000000020373" classname="ds.corTest_smk_shutdown" name="shutdown"/>
    <testcase time="0.000999999999748979" classname="ds.corTest_smk_shutdown" name="shutdown"/>
  </testsuite>
  <testsuite name="ds.corTest::smk::done" timestamp="2025-10-28T12:49:58Z" hostname="runnervmwhb2z" tests="0" skipped="0" failures="0" errors="0" time="0"/>
  <testsuite name="smk-ds.cov" timestamp="2025-10-28T12:49:58Z" hostname="runnervmwhb2z" tests="0" skipped="0" failures="0" errors="0" time="0"/>
  <testsuite name="ds.cov::smk::setup" timestamp="2025-10-28T12:49:58Z" hostname="runnervmwhb2z" tests="3" skipped="0" failures="0" errors="0" time="7.356">
    <testcase time="7.35400000000027" classname="ds.cov_smk_setup" name="setup"/>
    <testcase time="0.000999999999748979" classname="ds.cov_smk_setup" name="setup"/>
    <testcase time="0.00100000000020373" classname="ds.cov_smk_setup" name="setup"/>
  </testsuite>
  <testsuite name="ds.cov::smk" timestamp="2025-10-28T12:50:05Z" hostname="runnervmwhb2z" tests="28" skipped="0" failures="0" errors="0" time="0.544">
    <testcase time="0.246000000000095" classname="ds.cov_smk" name="simple_test_split"/>
    <testcase time="0.000999999999748979" classname="ds.cov_smk" name="simple_test_split"/>
    <testcase time="0.00300000000015643" classname="ds.cov_smk" name="simple_test_split"/>
    <testcase time="0.00199999999995271" classname="ds.cov_smk" name="simple_test_split"/>
    <testcase time="0.00299999999970169" classname="ds.cov_smk" name="simple_test_split"/>
    <testcase time="0.00200000000040745" classname="ds.cov_smk" name="simple_test_split"/>
    <testcase time="0.00199999999995271" classname="ds.cov_smk" name="simple_test_split"/>
    <testcase time="0.000999999999748979" classname="ds.cov_smk" name="simple_test_split"/>
    <testcase time="0.00199999999995271" classname="ds.cov_smk" name="simple_test_split"/>
    <testcase time="0.00300000000015643" classname="ds.cov_smk" name="simple_test_split"/>
    <testcase time="0.00300000000015643" classname="ds.cov_smk" name="simple_test_split"/>
    <testcase time="0.00199999999995271" classname="ds.cov_smk" name="simple_test_split"/>
    <testcase time="0.000999999999748979" classname="ds.cov_smk" name="simple_test_split"/>
    <testcase time="0.00100000000020373" classname="ds.cov_smk" name="simple_test_split"/>
    <testcase time="0.00300000000015643" classname="ds.cov_smk" name="simple_test_split"/>
    <testcase time="0.00299999999970169" classname="ds.cov_smk" name="simple_test_split"/>
    <testcase time="0.00199999999995271" classname="ds.cov_smk" name="simple_test_split"/>
    <testcase time="0.00300000000015643" classname="ds.cov_smk" name="simple_test_split"/>
    <testcase time="0.000999999999748979" classname="ds.cov_smk" name="simple_test_split"/>
    <testcase time="0.244000000000142" classname="ds.cov_smk" name="simple_test_combine"/>
    <testcase time="0.00300000000015643" classname="ds.cov_smk" name="simple_test_combine"/>
    <testcase time="0.00299999999970169" classname="ds.cov_smk" name="simple_test_combine"/>
    <testcase time="0.00200000000040745" classname="ds.cov_smk" name="simple_test_combine"/>
    <testcase time="0.00299999999970169" classname="ds.cov_smk" name="simple_test_combine"/>
    <testcase time="0.00100000000020373" classname="ds.cov_smk" name="simple_test_combine"/>
    <testcase time="0.000999999999748979" classname="ds.cov_smk" name="simple_test_combine"/>
    <testcase time="0.00199999999995271" classname="ds.cov_smk" name="simple_test_combine"/>
    <testcase time="0.00100000000020373" classname="ds.cov_smk" name="simple_test_combine"/>
  </testsuite>
  <testsuite name="ds.cov::smk::shutdown" timestamp="2025-10-28T12:50:06Z" hostname="runnervmwhb2z" tests="3" skipped="0" failures="0" errors="0" time="0.053">
    <testcase time="0.0509999999999309" classname="ds.cov_smk_shutdown" name="shutdown"/>
    <testcase time="0.00100000000020373" classname="ds.cov_smk_shutdown" name="shutdown"/>
    <testcase time="0.000999999999748979" classname="ds.cov_smk_shutdown" name="shutdown"/>
  </testsuite>
  <testsuite name="ds.cov::smk::done" timestamp="2025-10-28T12:50:06Z" hostname="runnervmwhb2z" tests="0" skipped="0" failures="0" errors="0" time="0"/>
  <testsuite name="smk-ds.dataFrame" timestamp="2025-10-28T12:50:06Z" hostname="runnervmwhb2z" tests="0" skipped="0" failures="0" errors="0" time="0"/>
  <testsuite name="ds.dataFrame::smk::setup" timestamp="2025-10-28T12:50:06Z" hostname="runnervmwhb2z" tests="3" skipped="0" failures="0" errors="0" time="7.274">
    <testcase time="7.27100000000019" classname="ds.dataFrame_smk_setup" name="setup"/>
    <testcase time="0.000999999999748979" classname="ds.dataFrame_smk_setup" name="setup"/>
    <testcase time="0.00200000000040745" classname="ds.dataFrame_smk_setup" name="setup"/>
  </testsuite>
  <testsuite name="ds.dataFrame::smk::create a dataframe, from root variables" timestamp="2025-10-28T12:50:13Z" hostname="runnervmwhb2z" tests="25" skipped="0" failures="0" errors="0" time="0.641">
    <testcase time="0.396999999999935" classname="ds.dataFrame_smk_create_a_dataframe_from_root_variables" name="dataframe_exists"/>
    <testcase time="0.000999999999748979" classname="ds.dataFrame_smk_create_a_dataframe_from_root_variables" name="dataframe_exists"/>
    <testcase time="0.00100000000020373" classname="ds.dataFrame_smk_create_a_dataframe_from_root_variables" name="dataframe_exists"/>
    <testcase time="0.118999999999687" classname="ds.dataFrame_smk_create_a_dataframe_from_root_variables" name="dataframe_exists"/>
    <testcase time="0.00100000000020373" classname="ds.dataFrame_smk_create_a_dataframe_from_root_variables" name="dataframe_exists"/>
    <testcase time="0.00100000000020373" classname="ds.dataFrame_smk_create_a_dataframe_from_root_variables" name="dataframe_exists"/>
    <testcase time="0.00199999999995271" classname="ds.dataFrame_smk_create_a_dataframe_from_root_variables" name="dataframe_exists"/>
    <testcase time="0.000999999999748979" classname="ds.dataFrame_smk_create_a_dataframe_from_root_variables" name="dataframe_exists"/>
    <testcase time="0.00100000000020373" classname="ds.dataFrame_smk_create_a_dataframe_from_root_variables" name="dataframe_exists"/>
    <testcase time="0.000999999999748979" classname="ds.dataFrame_smk_create_a_dataframe_from_root_variables" name="dataframe_exists"/>
    <testcase time="0.00100000000020373" classname="ds.dataFrame_smk_create_a_dataframe_from_root_variables" name="dataframe_exists"/>
    <testcase time="0.000999999999748979" classname="ds.dataFrame_smk_create_a_dataframe_from_root_variables" name="dataframe_exists"/>
    <testcase time="0.00100000000020373" classname="ds.dataFrame_smk_create_a_dataframe_from_root_variables" name="dataframe_exists"/>
    <testcase time="0.00199999999995271" classname="ds.dataFrame_smk_create_a_dataframe_from_root_variables" name="dataframe_exists"/>
    <testcase time="0.00100000000020373" classname="ds.dataFrame_smk_create_a_dataframe_from_root_variables" name="dataframe_exists"/>
    <testcase time="0.0989999999997053" classname="ds.dataFrame_smk_create_a_dataframe_from_root_variables" name="dataframe_exists"/>
    <testcase time="0.00100000000020373" classname="ds.dataFrame_smk_create_a_dataframe_from_root_variables" name="dataframe_exists"/>
    <testcase time="0.00199999999995271" classname="ds.dataFrame_smk_create_a_dataframe_from_root_variables" name="dataframe_exists"/>
    <testcase time="0.000999999999748979" classname="ds.dataFrame_smk_create_a_dataframe_from_root_variables" name="dataframe_exists"/>
    <testcase time="0.00100000000020373" classname="ds.dataFrame_smk_create_a_dataframe_from_root_variables" name="dataframe_exists"/>
    <testcase time="0.00100000000020373" classname="ds.dataFrame_smk_create_a_dataframe_from_root_variables" name="dataframe_exists"/>
    <testcase time="0.000999999999748979" classname="ds.dataFrame_smk_create_a_dataframe_from_root_variables" name="dataframe_exists"/>
    <testcase time="0.00199999999995271" classname="ds.dataFrame_smk_create_a_dataframe_from_root_variables" name="dataframe_exists"/>
    <testcase time="0.00100000000020373" classname="ds.dataFrame_smk_create_a_dataframe_from_root_variables" name="dataframe_exists"/>
    <testcase time="0.000999999999748979" classname="ds.dataFrame_smk_create_a_dataframe_from_root_variables" name="dataframe_exists"/>
  </testsuite>
  <testsuite name="ds.dataFrame::smk::create a dataframe, with DataSHIELD.checks, from root variables" timestamp="2025-10-28T12:50:14Z" hostname="runnervmwhb2z" tests="20" skipped="0" failures="0" errors="0" time="1.159">
    <testcase time="0.916000000000167" classname="ds.dataFrame_smk_create_a_dataframe_with_DataSHIELD.checks_from_root_variables" name="dataframe_exists_with_DataSHIELD.checks"/>
    <testcase time="0.00100000000020373" classname="ds.dataFrame_smk_create_a_dataframe_with_DataSHIELD.checks_from_root_variables" name="dataframe_exists_with_DataSHIELD.checks"/>
    <testcase time="0.00199999999995271" classname="ds.dataFrame_smk_create_a_dataframe_with_DataSHIELD.checks_from_root_variables" name="dataframe_exists_with_DataSHIELD.checks"/>
    <testcase time="0.115999999999985" classname="ds.dataFrame_smk_create_a_dataframe_with_DataSHIELD.checks_from_root_variables" name="dataframe_exists_with_DataSHIELD.checks"/>
    <testcase time="0.000999999999748979" classname="ds.dataFrame_smk_create_a_dataframe_with_DataSHIELD.checks_from_root_variables" name="dataframe_exists_with_DataSHIELD.checks"/>
    <testcase time="0.00199999999995271" classname="ds.dataFrame_smk_create_a_dataframe_with_DataSHIELD.checks_from_root_variables" name="dataframe_exists_with_DataSHIELD.checks"/>
    <testcase time="0.00100000000020373" classname="ds.dataFrame_smk_create_a_dataframe_with_DataSHIELD.checks_from_root_variables" name="dataframe_exists_with_DataSHIELD.checks"/>
    <testcase time="0.000999999999748979" classname="ds.dataFrame_smk_create_a_dataframe_with_DataSHIELD.checks_from_root_variables" name="dataframe_exists_with_DataSHIELD.checks"/>
    <testcase time="0.00100000000020373" classname="ds.dataFrame_smk_create_a_dataframe_with_DataSHIELD.checks_from_root_variables" name="dataframe_exists_with_DataSHIELD.checks"/>
    <testcase time="0.00100000000020373" classname="ds.dataFrame_smk_create_a_dataframe_with_DataSHIELD.checks_from_root_variables" name="dataframe_exists_with_DataSHIELD.checks"/>
    <testcase time="0.105999999999767" classname="ds.dataFrame_smk_create_a_dataframe_with_DataSHIELD.checks_from_root_variables" name="dataframe_exists_with_DataSHIELD.checks"/>
    <testcase time="0.00100000000020373" classname="ds.dataFrame_smk_create_a_dataframe_with_DataSHIELD.checks_from_root_variables" name="dataframe_exists_with_DataSHIELD.checks"/>
    <testcase time="0.000999999999748979" classname="ds.dataFrame_smk_create_a_dataframe_with_DataSHIELD.checks_from_root_variables" name="dataframe_exists_with_DataSHIELD.checks"/>
    <testcase time="0.00199999999995271" classname="ds.dataFrame_smk_create_a_dataframe_with_DataSHIELD.checks_from_root_variables" name="dataframe_exists_with_DataSHIELD.checks"/>
    <testcase time="0.00100000000020373" classname="ds.dataFrame_smk_create_a_dataframe_with_DataSHIELD.checks_from_root_variables" name="dataframe_exists_with_DataSHIELD.checks"/>
    <testcase time="0.000999999999748979" classname="ds.dataFrame_smk_create_a_dataframe_with_DataSHIELD.checks_from_root_variables" name="dataframe_exists_with_DataSHIELD.checks"/>
    <testcase time="0.00100000000020373" classname="ds.dataFrame_smk_create_a_dataframe_with_DataSHIELD.checks_from_root_variables" name="dataframe_exists_with_DataSHIELD.checks"/>
    <testcase time="0.000999999999748979" classname="ds.dataFrame_smk_create_a_dataframe_with_DataSHIELD.checks_from_root_variables" name="dataframe_exists_with_DataSHIELD.checks"/>
    <testcase time="0.00200000000040745" classname="ds.dataFrame_smk_create_a_dataframe_with_DataSHIELD.checks_from_root_variables" name="dataframe_exists_with_DataSHIELD.checks"/>
    <testcase time="0.000999999999748979" classname="ds.dataFrame_smk_create_a_dataframe_with_DataSHIELD.checks_from_root_variables" name="dataframe_exists_with_DataSHIELD.checks"/>
  </testsuite>
  <testsuite name="ds.dataFrame::smk::create a dataframe, from dataframe variables" timestamp="2025-10-28T12:50:15Z" hostname="runnervmwhb2z" tests="25" skipped="0" failures="0" errors="0" time="0.42">
    <testcase time="0.255999999999858" classname="ds.dataFrame_smk_create_a_dataframe_from_dataframe_variables" name="dataframe_exists_from_dataframe_variables"/>
    <testcase time="0.00100000000020373" classname="ds.dataFrame_smk_create_a_dataframe_from_dataframe_variables" name="dataframe_exists_from_dataframe_variables"/>
    <testcase time="0.00100000000020373" classname="ds.dataFrame_smk_create_a_dataframe_from_dataframe_variables" name="dataframe_exists_from_dataframe_variables"/>
    <testcase time="0.0379999999995562" classname="ds.dataFrame_smk_create_a_dataframe_from_dataframe_variables" name="dataframe_exists_from_dataframe_variables"/>
    <testcase time="0.00200000000040745" classname="ds.dataFrame_smk_create_a_dataframe_from_dataframe_variables" name="dataframe_exists_from_dataframe_variables"/>
    <testcase time="0.000999999999748979" classname="ds.dataFrame_smk_create_a_dataframe_from_dataframe_variables" name="dataframe_exists_from_dataframe_variables"/>
    <testcase time="0.00100000000020373" classname="ds.dataFrame_smk_create_a_dataframe_from_dataframe_variables" name="dataframe_exists_from_dataframe_variables"/>
    <testcase time="0.000999999999748979" classname="ds.dataFrame_smk_create_a_dataframe_from_dataframe_variables" name="dataframe_exists_from_dataframe_variables"/>
    <testcase time="0.00100000000020373" classname="ds.dataFrame_smk_create_a_dataframe_from_dataframe_variables" name="dataframe_exists_from_dataframe_variables"/>
    <testcase time="0.000999999999748979" classname="ds.dataFrame_smk_create_a_dataframe_from_dataframe_variables" name="dataframe_exists_from_dataframe_variables"/>
    <testcase time="0.00100000000020373" classname="ds.dataFrame_smk_create_a_dataframe_from_dataframe_variables" name="dataframe_exists_from_dataframe_variables"/>
    <testcase time="0.00199999999995271" classname="ds.dataFrame_smk_create_a_dataframe_from_dataframe_variables" name="dataframe_exists_from_dataframe_variables"/>
    <testcase time="0.00100000000020373" classname="ds.dataFrame_smk_create_a_dataframe_from_dataframe_variables" name="dataframe_exists_from_dataframe_variables"/>
    <testcase time="0.000999999999748979" classname="ds.dataFrame_smk_create_a_dataframe_from_dataframe_variables" name="dataframe_exists_from_dataframe_variables"/>
    <testcase time="0.00100000000020373" classname="ds.dataFrame_smk_create_a_dataframe_from_dataframe_variables" name="dataframe_exists_from_dataframe_variables"/>
    <testcase time="0.0999999999999091" classname="ds.dataFrame_smk_create_a_dataframe_from_dataframe_variables" name="dataframe_exists_from_dataframe_variables"/>
    <testcase time="0.000999999999748979" classname="ds.dataFrame_smk_create_a_dataframe_from_dataframe_variables" name="dataframe_exists_from_dataframe_variables"/>
    <testcase time="0.00200000000040745" classname="ds.dataFrame_smk_create_a_dataframe_from_dataframe_variables" name="dataframe_exists_from_dataframe_variables"/>
    <testcase time="0.000999999999748979" classname="ds.dataFrame_smk_create_a_dataframe_from_dataframe_variables" name="dataframe_exists_from_dataframe_variables"/>
    <testcase time="0.00100000000020373" classname="ds.dataFrame_smk_create_a_dataframe_from_dataframe_variables" name="dataframe_exists_from_dataframe_variables"/>
    <testcase time="0.000999999999748979" classname="ds.dataFrame_smk_create_a_dataframe_from_dataframe_variables" name="dataframe_exists_from_dataframe_variables"/>
    <testcase time="0.00199999999995271" classname="ds.dataFrame_smk_create_a_dataframe_from_dataframe_variables" name="dataframe_exists_from_dataframe_variables"/>
    <testcase time="0.00100000000020373" classname="ds.dataFrame_smk_create_a_dataframe_from_dataframe_variables" name="dataframe_exists_from_dataframe_variables"/>
    <testcase time="0.000999999999748979" classname="ds.dataFrame_smk_create_a_dataframe_from_dataframe_variables" name="dataframe_exists_from_dataframe_variables"/>
    <testcase time="0.00100000000020373" classname="ds.dataFrame_smk_create_a_dataframe_from_dataframe_variables" name="dataframe_exists_from_dataframe_variables"/>
  </testsuite>
  <testsuite name="ds.dataFrame::smk::create a dataframe, with DataSHIELD.checks, from dataframe variables" timestamp="2025-10-28T12:50:16Z" hostname="runnervmwhb2z" tests="20" skipped="0" failures="0" errors="0" time="1.108">
    <testcase time="0.949999999999818" classname="ds.dataFrame_smk_create_a_dataframe_with_DataSHIELD.checks_from_dataframe_variables" name="dataframe_exists_with_DataSHIELD.checks_from_dataframe_variables"/>
    <testcase time="0.00100000000020373" classname="ds.dataFrame_smk_create_a_dataframe_with_DataSHIELD.checks_from_dataframe_variables" name="dataframe_exists_with_DataSHIELD.checks_from_dataframe_variables"/>
    <testcase time="0.000999999999748979" classname="ds.dataFrame_smk_create_a_dataframe_with_DataSHIELD.checks_from_dataframe_variables" name="dataframe_exists_with_DataSHIELD.checks_from_dataframe_variables"/>
    <testcase time="0.0390000000002146" classname="ds.dataFrame_smk_create_a_dataframe_with_DataSHIELD.checks_from_dataframe_variables" name="dataframe_exists_with_DataSHIELD.checks_from_dataframe_variables"/>
    <testcase time="0.00100000000020373" classname="ds.dataFrame_smk_create_a_dataframe_with_DataSHIELD.checks_from_dataframe_variables" name="dataframe_exists_with_DataSHIELD.checks_from_dataframe_variables"/>
    <testcase time="0.00199999999995271" classname="ds.dataFrame_smk_create_a_dataframe_with_DataSHIELD.checks_from_dataframe_variables" name="dataframe_exists_with_DataSHIELD.checks_from_dataframe_variables"/>
    <testcase time="0.000999999999748979" classname="ds.dataFrame_smk_create_a_dataframe_with_DataSHIELD.checks_from_dataframe_variables" name="dataframe_exists_with_DataSHIELD.checks_from_dataframe_variables"/>
    <testcase time="0.00100000000020373" classname="ds.dataFrame_smk_create_a_dataframe_with_DataSHIELD.checks_from_dataframe_variables" name="dataframe_exists_with_DataSHIELD.checks_from_dataframe_variables"/>
    <testcase time="0.000999999999748979" classname="ds.dataFrame_smk_create_a_dataframe_with_DataSHIELD.checks_from_dataframe_variables" name="dataframe_exists_with_DataSHIELD.checks_from_dataframe_variables"/>
    <testcase time="0.00100000000020373" classname="ds.dataFrame_smk_create_a_dataframe_with_DataSHIELD.checks_from_dataframe_variables" name="dataframe_exists_with_DataSHIELD.checks_from_dataframe_variables"/>
    <testcase time="0.0989999999997053" classname="ds.dataFrame_smk_create_a_dataframe_with_DataSHIELD.checks_from_dataframe_variables" name="dataframe_exists_with_DataSHIELD.checks_from_dataframe_variables"/>
    <testcase time="0.00200000000040745" classname="ds.dataFrame_smk_create_a_dataframe_with_DataSHIELD.checks_from_dataframe_variables" name="dataframe_exists_with_DataSHIELD.checks_from_dataframe_variables"/>
    <testcase time="0.000999999999748979" classname="ds.dataFrame_smk_create_a_dataframe_with_DataSHIELD.checks_from_dataframe_variables" name="dataframe_exists_with_DataSHIELD.checks_from_dataframe_variables"/>
    <testcase time="0.00100000000020373" classname="ds.dataFrame_smk_create_a_dataframe_with_DataSHIELD.checks_from_dataframe_variables" name="dataframe_exists_with_DataSHIELD.checks_from_dataframe_variables"/>
    <testcase time="0.000999999999748979" classname="ds.dataFrame_smk_create_a_dataframe_with_DataSHIELD.checks_from_dataframe_variables" name="dataframe_exists_with_DataSHIELD.checks_from_dataframe_variables"/>
    <testcase time="0.00199999999995271" classname="ds.dataFrame_smk_create_a_dataframe_with_DataSHIELD.checks_from_dataframe_variables" name="dataframe_exists_with_DataSHIELD.checks_from_dataframe_variables"/>
    <testcase time="0.00100000000020373" classname="ds.dataFrame_smk_create_a_dataframe_with_DataSHIELD.checks_from_dataframe_variables" name="dataframe_exists_with_DataSHIELD.checks_from_dataframe_variables"/>
    <testcase time="0.000999999999748979" classname="ds.dataFrame_smk_create_a_dataframe_with_DataSHIELD.checks_from_dataframe_variables" name="dataframe_exists_with_DataSHIELD.checks_from_dataframe_variables"/>
    <testcase time="0.00100000000020373" classname="ds.dataFrame_smk_create_a_dataframe_with_DataSHIELD.checks_from_dataframe_variables" name="dataframe_exists_with_DataSHIELD.checks_from_dataframe_variables"/>
    <testcase time="0.00100000000020373" classname="ds.dataFrame_smk_create_a_dataframe_with_DataSHIELD.checks_from_dataframe_variables" name="dataframe_exists_with_DataSHIELD.checks_from_dataframe_variables"/>
  </testsuite>
  <testsuite name="ds.dataFrame::smk::shutdown" timestamp="2025-10-28T12:50:17Z" hostname="runnervmwhb2z" tests="3" skipped="0" failures="0" errors="0" time="0.089">
    <testcase time="0.0869999999999891" classname="ds.dataFrame_smk_shutdown" name="shutdown"/>
    <testcase time="0.00100000000020373" classname="ds.dataFrame_smk_shutdown" name="shutdown"/>
    <testcase time="0.000999999999748979" classname="ds.dataFrame_smk_shutdown" name="shutdown"/>
  </testsuite>
  <testsuite name="ds.dataFrame::smk::done" timestamp="2025-10-28T12:50:17Z" hostname="runnervmwhb2z" tests="0" skipped="0" failures="0" errors="0" time="0"/>
  <testsuite name="smk-ds.dataFrameFill-donothing" timestamp="2025-10-28T12:50:17Z" hostname="runnervmwhb2z" tests="0" skipped="0" failures="0" errors="0" time="0"/>
  <testsuite name="ds.dataFrameFill::smk::donothing setup" timestamp="2025-10-28T12:50:17Z" hostname="runnervmwhb2z" tests="3" skipped="0" failures="0" errors="0" time="7.297">
    <testcase time="7.29400000000032" classname="ds.dataFrameFill_smk_donothing_setup" name="setup"/>
    <testcase time="0.00199999999995271" classname="ds.dataFrameFill_smk_donothing_setup" name="setup"/>
    <testcase time="0.000999999999748979" classname="ds.dataFrameFill_smk_donothing_setup" name="setup"/>
  </testsuite>
  <testsuite name="ds.dataFrameFill::smk::donothing dataframes" timestamp="2025-10-28T12:50:24Z" hostname="runnervmwhb2z" tests="14" skipped="0" failures="0" errors="0" time="0.21">
    <testcase time="0.103000000000065" classname="ds.dataFrameFill_smk_donothing_dataframes" name="dataFrameFill_donothing"/>
    <testcase time="0.00199999999995271" classname="ds.dataFrameFill_smk_donothing_dataframes" name="dataFrameFill_donothing"/>
    <testcase time="0.00100000000020373" classname="ds.dataFrameFill_smk_donothing_dataframes" name="dataFrameFill_donothing"/>
    <testcase time="0.000999999999748979" classname="ds.dataFrameFill_smk_donothing_dataframes" name="dataFrameFill_donothing"/>
    <testcase time="0.00100000000020373" classname="ds.dataFrameFill_smk_donothing_dataframes" name="dataFrameFill_donothing"/>
    <testcase time="0.000999999999748979" classname="ds.dataFrameFill_smk_donothing_dataframes" name="dataFrameFill_donothing"/>
    <testcase time="0.00199999999995271" classname="ds.dataFrameFill_smk_donothing_dataframes" name="dataFrameFill_donothing"/>
    <testcase time="0.00100000000020373" classname="ds.dataFrameFill_smk_donothing_dataframes" name="dataFrameFill_donothing"/>
    <testcase time="0.00100000000020373" classname="ds.dataFrameFill_smk_donothing_dataframes" name="dataFrameFill_donothing"/>
    <testcase time="0.000999999999748979" classname="ds.dataFrameFill_smk_donothing_dataframes" name="dataFrameFill_donothing"/>
    <testcase time="0.00199999999995271" classname="ds.dataFrameFill_smk_donothing_dataframes" name="dataFrameFill_donothing"/>
    <testcase time="0.00100000000020373" classname="ds.dataFrameFill_smk_donothing_dataframes" name="dataFrameFill_donothing"/>
    <testcase time="0.000999999999748979" classname="ds.dataFrameFill_smk_donothing_dataframes" name="dataFrameFill_donothing"/>
    <testcase time="0.0920000000000982" classname="ds.dataFrameFill_smk_donothing_dataframes" name="dataFrameFill_donothing"/>
  </testsuite>
  <testsuite name="ds.dataFrameFill::smk::donothing shutdown" timestamp="2025-10-28T12:50:24Z" hostname="runnervmwhb2z" tests="3" skipped="0" failures="0" errors="0" time="0.046">
    <testcase time="0.043999999999869" classname="ds.dataFrameFill_smk_donothing_shutdown" name="shutdown"/>
    <testcase time="0.00100000000020373" classname="ds.dataFrameFill_smk_donothing_shutdown" name="shutdown"/>
    <testcase time="0.000999999999748979" classname="ds.dataFrameFill_smk_donothing_shutdown" name="shutdown"/>
  </testsuite>
  <testsuite name="ds.dataFrameFill::smk::donothing done" timestamp="2025-10-28T12:50:25Z" hostname="runnervmwhb2z" tests="0" skipped="0" failures="0" errors="0" time="0"/>
  <testsuite name="smk-ds.dataFrameFill-factor" timestamp="2025-10-28T12:50:25Z" hostname="runnervmwhb2z" tests="0" skipped="0" failures="0" errors="0" time="0"/>
  <testsuite name="ds.dataFrameFill::smk::factor setup" timestamp="2025-10-28T12:50:25Z" hostname="runnervmwhb2z" tests="3" skipped="0" failures="0" errors="0" time="7.321">
    <testcase time="7.31900000000041" classname="ds.dataFrameFill_smk_factor_setup" name="setup"/>
    <testcase time="0.000999999999748979" classname="ds.dataFrameFill_smk_factor_setup" name="setup"/>
    <testcase time="0.00100000000020373" classname="ds.dataFrameFill_smk_factor_setup" name="setup"/>
  </testsuite>
  <testsuite name="ds.dataFrameFill::smk::factor setup dataframes" timestamp="2025-10-28T12:50:32Z" hostname="runnervmwhb2z" tests="23" skipped="0" failures="0" errors="0" time="0.516">
    <testcase time="0.0450000000000728" classname="ds.dataFrameFill_smk_factor_setup_dataframes" name="setup"/>
    <testcase time="0.000999999999748979" classname="ds.dataFrameFill_smk_factor_setup_dataframes" name="setup"/>
    <testcase time="0.00100000000020373" classname="ds.dataFrameFill_smk_factor_setup_dataframes" name="setup"/>
    <testcase time="0.364000000000033" classname="ds.dataFrameFill_smk_factor_setup_dataframes" name="setup"/>
    <testcase time="0.000999999999748979" classname="ds.dataFrameFill_smk_factor_setup_dataframes" name="setup"/>
    <testcase time="0.00100000000020373" classname="ds.dataFrameFill_smk_factor_setup_dataframes" name="setup"/>
    <testcase time="0.00199999999995271" classname="ds.dataFrameFill_smk_factor_setup_dataframes" name="setup"/>
    <testcase time="0.000999999999748979" classname="ds.dataFrameFill_smk_factor_setup_dataframes" name="setup"/>
    <testcase time="0.00100000000020373" classname="ds.dataFrameFill_smk_factor_setup_dataframes" name="setup"/>
    <testcase time="0.000999999999748979" classname="ds.dataFrameFill_smk_factor_setup_dataframes" name="setup"/>
    <testcase time="0.00100000000020373" classname="ds.dataFrameFill_smk_factor_setup_dataframes" name="setup"/>
    <testcase time="0.00199999999995271" classname="ds.dataFrameFill_smk_factor_setup_dataframes" name="setup"/>
    <testcase time="0.00100000000020373" classname="ds.dataFrameFill_smk_factor_setup_dataframes" name="setup"/>
    <testcase time="0.000999999999748979" classname="ds.dataFrameFill_smk_factor_setup_dataframes" name="setup"/>
    <testcase time="0.00100000000020373" classname="ds.dataFrameFill_smk_factor_setup_dataframes" name="setup"/>
    <testcase time="0.000999999999748979" classname="ds.dataFrameFill_smk_factor_setup_dataframes" name="setup"/>
    <testcase time="0.0840000000002874" classname="ds.dataFrameFill_smk_factor_setup_dataframes" name="setup"/>
    <testcase time="0.000999999999748979" classname="ds.dataFrameFill_smk_factor_setup_dataframes" name="setup"/>
    <testcase time="0.00100000000020373" classname="ds.dataFrameFill_smk_factor_setup_dataframes" name="setup"/>
    <testcase time="0.00199999999995271" classname="ds.dataFrameFill_smk_factor_setup_dataframes" name="setup"/>
    <testcase time="0.000999999999748979" classname="ds.dataFrameFill_smk_factor_setup_dataframes" name="setup"/>
    <testcase time="0.00100000000020373" classname="ds.dataFrameFill_smk_factor_setup_dataframes" name="setup"/>
    <testcase time="0.00100000000020373" classname="ds.dataFrameFill_smk_factor_setup_dataframes" name="setup"/>
  </testsuite>
  <testsuite name="ds.dataFrameFill::smk::factor extend unfilled dataframes" timestamp="2025-10-28T12:50:32Z" hostname="runnervmwhb2z" tests="74" skipped="0" failures="0" errors="0" time="1.363">
    <testcase time="0.58199999999988" classname="ds.dataFrameFill_smk_factor_extend_unfilled_dataframes" name="dataFrameFill_exists"/>
    <testcase time="0.00199999999995271" classname="ds.dataFrameFill_smk_factor_extend_unfilled_dataframes" name="dataFrameFill_exists"/>
    <testcase time="0.000999999999748979" classname="ds.dataFrameFill_smk_factor_extend_unfilled_dataframes" name="dataFrameFill_exists"/>
    <testcase time="0.0970000000002074" classname="ds.dataFrameFill_smk_factor_extend_unfilled_dataframes" name="dataFrameFill_exists"/>
    <testcase time="0.00100000000020373" classname="ds.dataFrameFill_smk_factor_extend_unfilled_dataframes" name="dataFrameFill_exists"/>
    <testcase time="0.00199999999995271" classname="ds.dataFrameFill_smk_factor_extend_unfilled_dataframes" name="dataFrameFill_exists"/>
    <testcase time="0.000999999999748979" classname="ds.dataFrameFill_smk_factor_extend_unfilled_dataframes" name="dataFrameFill_exists"/>
    <testcase time="0.00100000000020373" classname="ds.dataFrameFill_smk_factor_extend_unfilled_dataframes" name="dataFrameFill_exists"/>
    <testcase time="0.000999999999748979" classname="ds.dataFrameFill_smk_factor_extend_unfilled_dataframes" name="dataFrameFill_exists"/>
    <testcase time="0.00100000000020373" classname="ds.dataFrameFill_smk_factor_extend_unfilled_dataframes" name="dataFrameFill_exists"/>
    <testcase time="0.000999999999748979" classname="ds.dataFrameFill_smk_factor_extend_unfilled_dataframes" name="dataFrameFill_exists"/>
    <testcase time="0.00200000000040745" classname="ds.dataFrameFill_smk_factor_extend_unfilled_dataframes" name="dataFrameFill_exists"/>
    <testcase time="0.000999999999748979" classname="ds.dataFrameFill_smk_factor_extend_unfilled_dataframes" name="dataFrameFill_exists"/>
    <testcase time="0.00100000000020373" classname="ds.dataFrameFill_smk_factor_extend_unfilled_dataframes" name="dataFrameFill_exists"/>
    <testcase time="0.000999999999748979" classname="ds.dataFrameFill_smk_factor_extend_unfilled_dataframes" name="dataFrameFill_exists"/>
    <testcase time="0.00100000000020373" classname="ds.dataFrameFill_smk_factor_extend_unfilled_dataframes" name="dataFrameFill_exists"/>
    <testcase time="0.00199999999995271" classname="ds.dataFrameFill_smk_factor_extend_unfilled_dataframes" name="dataFrameFill_exists"/>
    <testcase time="0.000999999999748979" classname="ds.dataFrameFill_smk_factor_extend_unfilled_dataframes" name="dataFrameFill_exists"/>
    <testcase time="0.00100000000020373" classname="ds.dataFrameFill_smk_factor_extend_unfilled_dataframes" name="dataFrameFill_exists"/>
    <testcase time="0.0760000000000218" classname="ds.dataFrameFill_smk_factor_extend_unfilled_dataframes" name="dataFrameFill_exists"/>
    <testcase time="0.00199999999995271" classname="ds.dataFrameFill_smk_factor_extend_unfilled_dataframes" name="dataFrameFill_exists"/>
    <testcase time="0.00100000000020373" classname="ds.dataFrameFill_smk_factor_extend_unfilled_dataframes" name="dataFrameFill_exists"/>
    <testcase time="0.000999999999748979" classname="ds.dataFrameFill_smk_factor_extend_unfilled_dataframes" name="dataFrameFill_exists"/>
    <testcase time="0.00100000000020373" classname="ds.dataFrameFill_smk_factor_extend_unfilled_dataframes" name="dataFrameFill_exists"/>
    <testcase time="0.00199999999995271" classname="ds.dataFrameFill_smk_factor_extend_unfilled_dataframes" name="dataFrameFill_exists"/>
    <testcase time="0.000999999999748979" classname="ds.dataFrameFill_smk_factor_extend_unfilled_dataframes" name="dataFrameFill_exists"/>
    <testcase time="0.0830000000000837" classname="ds.dataFrameFill_smk_factor_extend_unfilled_dataframes" name="dataFrameFill_exists"/>
    <testcase time="0.00100000000020373" classname="ds.dataFrameFill_smk_factor_extend_unfilled_dataframes" name="dataFrameFill_exists"/>
    <testcase time="0.00199999999995271" classname="ds.dataFrameFill_smk_factor_extend_unfilled_dataframes" name="dataFrameFill_exists"/>
    <testcase time="0.000999999999748979" classname="ds.dataFrameFill_smk_factor_extend_unfilled_dataframes" name="dataFrameFill_exists"/>
    <testcase time="0.00100000000020373" classname="ds.dataFrameFill_smk_factor_extend_unfilled_dataframes" name="dataFrameFill_exists"/>
    <testcase time="0.000999999999748979" classname="ds.dataFrameFill_smk_factor_extend_unfilled_dataframes" name="dataFrameFill_exists"/>
    <testcase time="0.00200000000040745" classname="ds.dataFrameFill_smk_factor_extend_unfilled_dataframes" name="dataFrameFill_exists"/>
    <testcase time="0.0749999999998181" classname="ds.dataFrameFill_smk_factor_extend_unfilled_dataframes" name="dataFrameFill_exists"/>
    <testcase time="0.000999999999748979" classname="ds.dataFrameFill_smk_factor_extend_unfilled_dataframes" name="dataFrameFill_exists"/>
    <testcase time="0.00100000000020373" classname="ds.dataFrameFill_smk_factor_extend_unfilled_dataframes" name="dataFrameFill_exists"/>
    <testcase time="0.00100000000020373" classname="ds.dataFrameFill_smk_factor_extend_unfilled_dataframes" name="dataFrameFill_exists"/>
    <testcase time="0.00199999999995271" classname="ds.dataFrameFill_smk_factor_extend_unfilled_dataframes" name="dataFrameFill_exists"/>
    <testcase time="0.000999999999748979" classname="ds.dataFrameFill_smk_factor_extend_unfilled_dataframes" name="dataFrameFill_exists"/>
    <testcase time="0.00100000000020373" classname="ds.dataFrameFill_smk_factor_extend_unfilled_dataframes" name="dataFrameFill_exists"/>
    <testcase time="0.0999999999999091" classname="ds.dataFrameFill_smk_factor_extend_unfilled_dataframes" name="dataFrameFill_exists"/>
    <testcase time="0.00100000000020373" classname="ds.dataFrameFill_smk_factor_extend_unfilled_dataframes" name="dataFrameFill_exists"/>
    <testcase time="0.00199999999995271" classname="ds.dataFrameFill_smk_factor_extend_unfilled_dataframes" name="dataFrameFill_exists"/>
    <testcase time="0.00199999999995271" classname="ds.dataFrameFill_smk_factor_extend_unfilled_dataframes" name="dataFrameFill_exists"/>
    <testcase time="0.00199999999995271" classname="ds.dataFrameFill_smk_factor_extend_unfilled_dataframes" name="dataFrameFill_exists"/>
    <testcase time="0.000999999999748979" classname="ds.dataFrameFill_smk_factor_extend_unfilled_dataframes" name="dataFrameFill_exists"/>
    <testcase time="0.00300000000015643" classname="ds.dataFrameFill_smk_factor_extend_unfilled_dataframes" name="dataFrameFill_exists"/>
    <testcase time="0.00100000000020373" classname="ds.dataFrameFill_smk_factor_extend_unfilled_dataframes" name="dataFrameFill_exists"/>
    <testcase time="0.000999999999748979" classname="ds.dataFrameFill_smk_factor_extend_unfilled_dataframes" name="dataFrameFill_exists"/>
    <testcase time="0.00300000000015643" classname="ds.dataFrameFill_smk_factor_extend_unfilled_dataframes" name="dataFrameFill_exists"/>
    <testcase time="0.0819999999998799" classname="ds.dataFrameFill_smk_factor_extend_unfilled_dataframes" name="dataFrameFill_exists"/>
    <testcase time="0.00199999999995271" classname="ds.dataFrameFill_smk_factor_extend_unfilled_dataframes" name="dataFrameFill_exists"/>
    <testcase time="0.00100000000020373" classname="ds.dataFrameFill_smk_factor_extend_unfilled_dataframes" name="dataFrameFill_exists"/>
    <testcase time="0.00199999999995271" classname="ds.dataFrameFill_smk_factor_extend_unfilled_dataframes" name="dataFrameFill_exists"/>
    <testcase time="0.000999999999748979" classname="ds.dataFrameFill_smk_factor_extend_unfilled_dataframes" name="dataFrameFill_exists"/>
    <testcase time="0.00100000000020373" classname="ds.dataFrameFill_smk_factor_extend_unfilled_dataframes" name="dataFrameFill_exists"/>
    <testcase time="0.00199999999995271" classname="ds.dataFrameFill_smk_factor_extend_unfilled_dataframes" name="dataFrameFill_exists"/>
    <testcase time="0.0749999999998181" classname="ds.dataFrameFill_smk_factor_extend_unfilled_dataframes" name="dataFrameFill_exists"/>
    <testcase time="0.00200000000040745" classname="ds.dataFrameFill_smk_factor_extend_unfilled_dataframes" name="dataFrameFill_exists"/>
    <testcase time="0.000999999999748979" classname="ds.dataFrameFill_smk_factor_extend_unfilled_dataframes" name="dataFrameFill_exists"/>
    <testcase time="0.00100000000020373" classname="ds.dataFrameFill_smk_factor_extend_unfilled_dataframes" name="dataFrameFill_exists"/>
    <testcase time="0.00199999999995271" classname="ds.dataFrameFill_smk_factor_extend_unfilled_dataframes" name="dataFrameFill_exists"/>
    <testcase time="0.000999999999748979" classname="ds.dataFrameFill_smk_factor_extend_unfilled_dataframes" name="dataFrameFill_exists"/>
    <testcase time="0.00100000000020373" classname="ds.dataFrameFill_smk_factor_extend_unfilled_dataframes" name="dataFrameFill_exists"/>
    <testcase time="0.0999999999999091" classname="ds.dataFrameFill_smk_factor_extend_unfilled_dataframes" name="dataFrameFill_exists"/>
    <testcase time="0.00100000000020373" classname="ds.dataFrameFill_smk_factor_extend_unfilled_dataframes" name="dataFrameFill_exists"/>
    <testcase time="0.000999999999748979" classname="ds.dataFrameFill_smk_factor_extend_unfilled_dataframes" name="dataFrameFill_exists"/>
    <testcase time="0.00300000000015643" classname="ds.dataFrameFill_smk_factor_extend_unfilled_dataframes" name="dataFrameFill_exists"/>
    <testcase time="0.00199999999995271" classname="ds.dataFrameFill_smk_factor_extend_unfilled_dataframes" name="dataFrameFill_exists"/>
    <testcase time="0.000999999999748979" classname="ds.dataFrameFill_smk_factor_extend_unfilled_dataframes" name="dataFrameFill_exists"/>
    <testcase time="0.00300000000015643" classname="ds.dataFrameFill_smk_factor_extend_unfilled_dataframes" name="dataFrameFill_exists"/>
    <testcase time="0.00100000000020373" classname="ds.dataFrameFill_smk_factor_extend_unfilled_dataframes" name="dataFrameFill_exists"/>
    <testcase time="0.00199999999995271" classname="ds.dataFrameFill_smk_factor_extend_unfilled_dataframes" name="dataFrameFill_exists"/>
    <testcase time="0.00199999999995271" classname="ds.dataFrameFill_smk_factor_extend_unfilled_dataframes" name="dataFrameFill_exists"/>
  </testsuite>
  <testsuite name="ds.dataFrameFill::smk::factor shutdown" timestamp="2025-10-28T12:50:34Z" hostname="runnervmwhb2z" tests="3" skipped="0" failures="0" errors="0" time="0.048">
    <testcase time="0.0459999999998217" classname="ds.dataFrameFill_smk_factor_shutdown" name="shutdown"/>
    <testcase time="0.00100000000020373" classname="ds.dataFrameFill_smk_factor_shutdown" name="shutdown"/>
    <testcase time="0.000999999999748979" classname="ds.dataFrameFill_smk_factor_shutdown" name="shutdown"/>
  </testsuite>
  <testsuite name="ds.dataFrameFill::smk::factor done" timestamp="2025-10-28T12:50:34Z" hostname="runnervmwhb2z" tests="0" skipped="0" failures="0" errors="0" time="0"/>
  <testsuite name="smk-ds.dataFrameFill" timestamp="2025-10-28T12:50:34Z" hostname="runnervmwhb2z" tests="0" skipped="0" failures="0" errors="0" time="0"/>
  <testsuite name="ds.dataFrameFill::smk::setup" timestamp="2025-10-28T12:50:34Z" hostname="runnervmwhb2z" tests="3" skipped="0" failures="0" errors="0" time="7.284">
    <testcase time="7.28200000000015" classname="ds.dataFrameFill_smk_setup" name="setup"/>
    <testcase time="0.00100000000020373" classname="ds.dataFrameFill_smk_setup" name="setup"/>
    <testcase time="0.000999999999748979" classname="ds.dataFrameFill_smk_setup" name="setup"/>
  </testsuite>
  <testsuite name="ds.dataFrameFill::smk::extend unfilled dataframes" timestamp="2025-10-28T12:50:41Z" hostname="runnervmwhb2z" tests="54" skipped="0" failures="0" errors="0" time="0.964">
    <testcase time="0.105000000000018" classname="ds.dataFrameFill_smk_extend_unfilled_dataframes" name="dataFrameFill_exists"/>
    <testcase time="0.00100000000020373" classname="ds.dataFrameFill_smk_extend_unfilled_dataframes" name="dataFrameFill_exists"/>
    <testcase time="0.000999999999748979" classname="ds.dataFrameFill_smk_extend_unfilled_dataframes" name="dataFrameFill_exists"/>
    <testcase time="0.00100000000020373" classname="ds.dataFrameFill_smk_extend_unfilled_dataframes" name="dataFrameFill_exists"/>
    <testcase time="0.00199999999995271" classname="ds.dataFrameFill_smk_extend_unfilled_dataframes" name="dataFrameFill_exists"/>
    <testcase time="0.000999999999748979" classname="ds.dataFrameFill_smk_extend_unfilled_dataframes" name="dataFrameFill_exists"/>
    <testcase time="0.00100000000020373" classname="ds.dataFrameFill_smk_extend_unfilled_dataframes" name="dataFrameFill_exists"/>
    <testcase time="0.00100000000020373" classname="ds.dataFrameFill_smk_extend_unfilled_dataframes" name="dataFrameFill_exists"/>
    <testcase time="0.00199999999995271" classname="ds.dataFrameFill_smk_extend_unfilled_dataframes" name="dataFrameFill_exists"/>
    <testcase time="0.000999999999748979" classname="ds.dataFrameFill_smk_extend_unfilled_dataframes" name="dataFrameFill_exists"/>
    <testcase time="0.39200000000028" classname="ds.dataFrameFill_smk_extend_unfilled_dataframes" name="dataFrameFill_exists"/>
    <testcase time="0.000999999999748979" classname="ds.dataFrameFill_smk_extend_unfilled_dataframes" name="dataFrameFill_exists"/>
    <testcase time="0.00100000000020373" classname="ds.dataFrameFill_smk_extend_unfilled_dataframes" name="dataFrameFill_exists"/>
    <testcase time="0.0989999999997053" classname="ds.dataFrameFill_smk_extend_unfilled_dataframes" name="dataFrameFill_exists"/>
    <testcase time="0.00100000000020373" classname="ds.dataFrameFill_smk_extend_unfilled_dataframes" name="dataFrameFill_exists"/>
    <testcase time="0.00199999999995271" classname="ds.dataFrameFill_smk_extend_unfilled_dataframes" name="dataFrameFill_exists"/>
    <testcase time="0.00100000000020373" classname="ds.dataFrameFill_smk_extend_unfilled_dataframes" name="dataFrameFill_exists"/>
    <testcase time="0.000999999999748979" classname="ds.dataFrameFill_smk_extend_unfilled_dataframes" name="dataFrameFill_exists"/>
    <testcase time="0.00100000000020373" classname="ds.dataFrameFill_smk_extend_unfilled_dataframes" name="dataFrameFill_exists"/>
    <testcase time="0.000999999999748979" classname="ds.dataFrameFill_smk_extend_unfilled_dataframes" name="dataFrameFill_exists"/>
    <testcase time="0.000999999999748979" classname="ds.dataFrameFill_smk_extend_unfilled_dataframes" name="dataFrameFill_exists"/>
    <testcase time="0.00100000000020373" classname="ds.dataFrameFill_smk_extend_unfilled_dataframes" name="dataFrameFill_exists"/>
    <testcase time="0.000999999999748979" classname="ds.dataFrameFill_smk_extend_unfilled_dataframes" name="dataFrameFill_exists"/>
    <testcase time="0.00100000000020373" classname="ds.dataFrameFill_smk_extend_unfilled_dataframes" name="dataFrameFill_exists"/>
    <testcase time="0.00199999999995271" classname="ds.dataFrameFill_smk_extend_unfilled_dataframes" name="dataFrameFill_exists"/>
    <testcase time="0.00100000000020373" classname="ds.dataFrameFill_smk_extend_unfilled_dataframes" name="dataFrameFill_exists"/>
    <testcase time="0.0760000000000218" classname="ds.dataFrameFill_smk_extend_unfilled_dataframes" name="dataFrameFill_exists"/>
    <testcase time="0.00199999999995271" classname="ds.dataFrameFill_smk_extend_unfilled_dataframes" name="dataFrameFill_exists"/>
    <testcase time="0.000999999999748979" classname="ds.dataFrameFill_smk_extend_unfilled_dataframes" name="dataFrameFill_exists"/>
    <testcase time="0.00100000000020373" classname="ds.dataFrameFill_smk_extend_unfilled_dataframes" name="dataFrameFill_exists"/>
    <testcase time="0.00199999999995271" classname="ds.dataFrameFill_smk_extend_unfilled_dataframes" name="dataFrameFill_exists"/>
    <testcase time="0.000999999999748979" classname="ds.dataFrameFill_smk_extend_unfilled_dataframes" name="dataFrameFill_exists"/>
    <testcase time="0.00100000000020373" classname="ds.dataFrameFill_smk_extend_unfilled_dataframes" name="dataFrameFill_exists"/>
    <testcase time="0.0839999999998327" classname="ds.dataFrameFill_smk_extend_unfilled_dataframes" name="dataFrameFill_exists"/>
    <testcase time="0.00100000000020373" classname="ds.dataFrameFill_smk_extend_unfilled_dataframes" name="dataFrameFill_exists"/>
    <testcase time="0.00199999999995271" classname="ds.dataFrameFill_smk_extend_unfilled_dataframes" name="dataFrameFill_exists"/>
    <testcase time="0.00100000000020373" classname="ds.dataFrameFill_smk_extend_unfilled_dataframes" name="dataFrameFill_exists"/>
    <testcase time="0.000999999999748979" classname="ds.dataFrameFill_smk_extend_unfilled_dataframes" name="dataFrameFill_exists"/>
    <testcase time="0.00100000000020373" classname="ds.dataFrameFill_smk_extend_unfilled_dataframes" name="dataFrameFill_exists"/>
    <testcase time="0.00199999999995271" classname="ds.dataFrameFill_smk_extend_unfilled_dataframes" name="dataFrameFill_exists"/>
    <testcase time="0.0749999999998181" classname="ds.dataFrameFill_smk_extend_unfilled_dataframes" name="dataFrameFill_exists"/>
    <testcase time="0.00199999999995271" classname="ds.dataFrameFill_smk_extend_unfilled_dataframes" name="dataFrameFill_exists"/>
    <testcase time="0.00100000000020373" classname="ds.dataFrameFill_smk_extend_unfilled_dataframes" name="dataFrameFill_exists"/>
    <testcase time="0.000999999999748979" classname="ds.dataFrameFill_smk_extend_unfilled_dataframes" name="dataFrameFill_exists"/>
    <testcase time="0.00100000000020373" classname="ds.dataFrameFill_smk_extend_unfilled_dataframes" name="dataFrameFill_exists"/>
    <testcase time="0.00199999999995271" classname="ds.dataFrameFill_smk_extend_unfilled_dataframes" name="dataFrameFill_exists"/>
    <testcase time="0.00100000000020373" classname="ds.dataFrameFill_smk_extend_unfilled_dataframes" name="dataFrameFill_exists"/>
    <testcase time="0.0749999999998181" classname="ds.dataFrameFill_smk_extend_unfilled_dataframes" name="dataFrameFill_exists"/>
    <testcase time="0.00199999999995271" classname="ds.dataFrameFill_smk_extend_unfilled_dataframes" name="dataFrameFill_exists"/>
    <testcase time="0.00100000000020373" classname="ds.dataFrameFill_smk_extend_unfilled_dataframes" name="dataFrameFill_exists"/>
    <testcase time="0.000999999999748979" classname="ds.dataFrameFill_smk_extend_unfilled_dataframes" name="dataFrameFill_exists"/>
    <testcase time="0.000999999999748979" classname="ds.dataFrameFill_smk_extend_unfilled_dataframes" name="dataFrameFill_exists"/>
    <testcase time="0.00100000000020373" classname="ds.dataFrameFill_smk_extend_unfilled_dataframes" name="dataFrameFill_exists"/>
    <testcase time="0.000999999999748979" classname="ds.dataFrameFill_smk_extend_unfilled_dataframes" name="dataFrameFill_exists"/>
  </testsuite>
  <testsuite name="ds.dataFrameFill::smk::shutdown" timestamp="2025-10-28T12:50:42Z" hostname="runnervmwhb2z" tests="3" skipped="0" failures="0" errors="0" time="0.047">
    <testcase time="0.043999999999869" classname="ds.dataFrameFill_smk_shutdown" name="shutdown"/>
    <testcase time="0.00199999999995271" classname="ds.dataFrameFill_smk_shutdown" name="shutdown"/>
    <testcase time="0.00100000000020373" classname="ds.dataFrameFill_smk_shutdown" name="shutdown"/>
  </testsuite>
  <testsuite name="ds.dataFrameFill::smk::done" timestamp="2025-10-28T12:50:42Z" hostname="runnervmwhb2z" tests="0" skipped="0" failures="0" errors="0" time="0"/>
  <testsuite name="smk-ds.dataFrameSort" timestamp="2025-10-28T12:50:42Z" hostname="runnervmwhb2z" tests="0" skipped="0" failures="0" errors="0" time="0"/>
  <testsuite name="ds.dataFrameSort::smk::setup" timestamp="2025-10-28T12:50:42Z" hostname="runnervmwhb2z" tests="3" skipped="0" failures="0" errors="0" time="7.308">
    <testcase time="7.30499999999984" classname="ds.dataFrameSort_smk_setup" name="setup"/>
    <testcase time="0.00100000000020373" classname="ds.dataFrameSort_smk_setup" name="setup"/>
    <testcase time="0.00199999999995271" classname="ds.dataFrameSort_smk_setup" name="setup"/>
  </testsuite>
  <testsuite name="ds.dataFrameSort::smk::create a sorted dataframe" timestamp="2025-10-28T12:50:49Z" hostname="runnervmwhb2z" tests="10" skipped="0" failures="0" errors="0" time="0.361">
    <testcase time="0.349999999999909" classname="ds.dataFrameSort_smk_create_a_sorted_dataframe" name="dataFrameSort_exists"/>
    <testcase time="0.00100000000020373" classname="ds.dataFrameSort_smk_create_a_sorted_dataframe" name="dataFrameSort_exists"/>
    <testcase time="0.00199999999995271" classname="ds.dataFrameSort_smk_create_a_sorted_dataframe" name="dataFrameSort_exists"/>
    <testcase time="0.000999999999748979" classname="ds.dataFrameSort_smk_create_a_sorted_dataframe" name="dataFrameSort_exists"/>
    <testcase time="0.00100000000020373" classname="ds.dataFrameSort_smk_create_a_sorted_dataframe" name="dataFrameSort_exists"/>
    <testcase time="0.000999999999748979" classname="ds.dataFrameSort_smk_create_a_sorted_dataframe" name="dataFrameSort_exists"/>
    <testcase time="0.00100000000020373" classname="ds.dataFrameSort_smk_create_a_sorted_dataframe" name="dataFrameSort_exists"/>
    <testcase time="0.00100000000020373" classname="ds.dataFrameSort_smk_create_a_sorted_dataframe" name="dataFrameSort_exists"/>
    <testcase time="0.00199999999995271" classname="ds.dataFrameSort_smk_create_a_sorted_dataframe" name="dataFrameSort_exists"/>
    <testcase time="0.000999999999748979" classname="ds.dataFrameSort_smk_create_a_sorted_dataframe" name="dataFrameSort_exists"/>
  </testsuite>
  <testsuite name="ds.dataFrameSort::smk::shutdown" timestamp="2025-10-28T12:50:50Z" hostname="runnervmwhb2z" tests="3" skipped="0" failures="0" errors="0" time="0.048">
    <testcase time="0.0450000000000728" classname="ds.dataFrameSort_smk_shutdown" name="shutdown"/>
    <testcase time="0.00199999999995271" classname="ds.dataFrameSort_smk_shutdown" name="shutdown"/>
    <testcase time="0.00100000000020373" classname="ds.dataFrameSort_smk_shutdown" name="shutdown"/>
  </testsuite>
  <testsuite name="ds.dataFrameSort::smk::done" timestamp="2025-10-28T12:50:50Z" hostname="runnervmwhb2z" tests="0" skipped="0" failures="0" errors="0" time="0"/>
  <testsuite name="smk-ds.dataFrameSubset" timestamp="2025-10-28T12:50:50Z" hostname="runnervmwhb2z" tests="0" skipped="0" failures="0" errors="0" time="0"/>
  <testsuite name="ds.dataFrameSubset::smk::setup" timestamp="2025-10-28T12:50:50Z" hostname="runnervmwhb2z" tests="3" skipped="0" failures="0" errors="0" time="7.246">
    <testcase time="7.24399999999969" classname="ds.dataFrameSubset_smk_setup" name="setup"/>
    <testcase time="0.00100000000020373" classname="ds.dataFrameSubset_smk_setup" name="setup"/>
    <testcase time="0.000999999999748979" classname="ds.dataFrameSubset_smk_setup" name="setup"/>
  </testsuite>
  <testsuite name="ds.dataFrameSubset::smk::create a subset dataframe" timestamp="2025-10-28T12:50:57Z" hostname="runnervmwhb2z" tests="23" skipped="0" failures="0" errors="0" time="0.971">
    <testcase time="0.25400000000036" classname="ds.dataFrameSubset_smk_create_a_subset_dataframe" name="dataFrameSubset_exists"/>
    <testcase time="0.000999999999748979" classname="ds.dataFrameSubset_smk_create_a_subset_dataframe" name="dataFrameSubset_exists"/>
    <testcase time="0.00100000000020373" classname="ds.dataFrameSubset_smk_create_a_subset_dataframe" name="dataFrameSubset_exists"/>
    <testcase time="0.00199999999995271" classname="ds.dataFrameSubset_smk_create_a_subset_dataframe" name="dataFrameSubset_exists"/>
    <testcase time="0.000999999999748979" classname="ds.dataFrameSubset_smk_create_a_subset_dataframe" name="dataFrameSubset_exists"/>
    <testcase time="0.00100000000020373" classname="ds.dataFrameSubset_smk_create_a_subset_dataframe" name="dataFrameSubset_exists"/>
    <testcase time="0.00100000000020373" classname="ds.dataFrameSubset_smk_create_a_subset_dataframe" name="dataFrameSubset_exists"/>
    <testcase time="0.000999999999748979" classname="ds.dataFrameSubset_smk_create_a_subset_dataframe" name="dataFrameSubset_exists"/>
    <testcase time="0.00199999999995271" classname="ds.dataFrameSubset_smk_create_a_subset_dataframe" name="dataFrameSubset_exists"/>
    <testcase time="0.00100000000020373" classname="ds.dataFrameSubset_smk_create_a_subset_dataframe" name="dataFrameSubset_exists"/>
    <testcase time="0.690999999999804" classname="ds.dataFrameSubset_smk_create_a_subset_dataframe" name="dataFrameSubset_exists"/>
    <testcase time="0.00199999999995271" classname="ds.dataFrameSubset_smk_create_a_subset_dataframe" name="dataFrameSubset_exists"/>
    <testcase time="0.00100000000020373" classname="ds.dataFrameSubset_smk_create_a_subset_dataframe" name="dataFrameSubset_exists"/>
    <testcase time="0.000999999999748979" classname="ds.dataFrameSubset_smk_create_a_subset_dataframe" name="dataFrameSubset_exists"/>
    <testcase time="0.00100000000020373" classname="ds.dataFrameSubset_smk_create_a_subset_dataframe" name="dataFrameSubset_exists"/>
    <testcase time="0.000999999999748979" classname="ds.dataFrameSubset_smk_create_a_subset_dataframe" name="dataFrameSubset_exists"/>
    <testcase time="0.00200000000040745" classname="ds.dataFrameSubset_smk_create_a_subset_dataframe" name="dataFrameSubset_exists"/>
    <testcase time="0.000999999999748979" classname="ds.dataFrameSubset_smk_create_a_subset_dataframe" name="dataFrameSubset_exists"/>
    <testcase time="0.00100000000020373" classname="ds.dataFrameSubset_smk_create_a_subset_dataframe" name="dataFrameSubset_exists"/>
    <testcase time="0.000999999999748979" classname="ds.dataFrameSubset_smk_create_a_subset_dataframe" name="dataFrameSubset_exists"/>
    <testcase time="0.00199999999995271" classname="ds.dataFrameSubset_smk_create_a_subset_dataframe" name="dataFrameSubset_exists"/>
    <testcase time="0.00100000000020373" classname="ds.dataFrameSubset_smk_create_a_subset_dataframe" name="dataFrameSubset_exists"/>
    <testcase time="0.000999999999748979" classname="ds.dataFrameSubset_smk_create_a_subset_dataframe" name="dataFrameSubset_exists"/>
  </testsuite>
  <testsuite name="ds.dataFrameSubset::smk::create a subset dataframe, based on scalar" timestamp="2025-10-28T12:50:58Z" hostname="runnervmwhb2z" tests="23" skipped="0" failures="0" errors="0" time="1.153">
    <testcase time="0.296000000000276" classname="ds.dataFrameSubset_smk_create_a_subset_dataframe_based_on_scalar" name="dataFrameSubset_exists_scalar"/>
    <testcase time="0.00199999999995271" classname="ds.dataFrameSubset_smk_create_a_subset_dataframe_based_on_scalar" name="dataFrameSubset_exists_scalar"/>
    <testcase time="0.00100000000020373" classname="ds.dataFrameSubset_smk_create_a_subset_dataframe_based_on_scalar" name="dataFrameSubset_exists_scalar"/>
    <testcase time="0.000999999999748979" classname="ds.dataFrameSubset_smk_create_a_subset_dataframe_based_on_scalar" name="dataFrameSubset_exists_scalar"/>
    <testcase time="0.00100000000020373" classname="ds.dataFrameSubset_smk_create_a_subset_dataframe_based_on_scalar" name="dataFrameSubset_exists_scalar"/>
    <testcase time="0.000999999999748979" classname="ds.dataFrameSubset_smk_create_a_subset_dataframe_based_on_scalar" name="dataFrameSubset_exists_scalar"/>
    <testcase time="0.00199999999995271" classname="ds.dataFrameSubset_smk_create_a_subset_dataframe_based_on_scalar" name="dataFrameSubset_exists_scalar"/>
    <testcase time="0.00100000000020373" classname="ds.dataFrameSubset_smk_create_a_subset_dataframe_based_on_scalar" name="dataFrameSubset_exists_scalar"/>
    <testcase time="0.000999999999748979" classname="ds.dataFrameSubset_smk_create_a_subset_dataframe_based_on_scalar" name="dataFrameSubset_exists_scalar"/>
    <testcase time="0.00100000000020373" classname="ds.dataFrameSubset_smk_create_a_subset_dataframe_based_on_scalar" name="dataFrameSubset_exists_scalar"/>
    <testcase time="0.831000000000131" classname="ds.dataFrameSubset_smk_create_a_subset_dataframe_based_on_scalar" name="dataFrameSubset_exists_scalar"/>
    <testcase time="0.00199999999995271" classname="ds.dataFrameSubset_smk_create_a_subset_dataframe_based_on_scalar" name="dataFrameSubset_exists_scalar"/>
    <testcase time="0.000999999999748979" classname="ds.dataFrameSubset_smk_create_a_subset_dataframe_based_on_scalar" name="dataFrameSubset_exists_scalar"/>
    <testcase time="0.00100000000020373" classname="ds.dataFrameSubset_smk_create_a_subset_dataframe_based_on_scalar" name="dataFrameSubset_exists_scalar"/>
    <testcase time="0.000999999999748979" classname="ds.dataFrameSubset_smk_create_a_subset_dataframe_based_on_scalar" name="dataFrameSubset_exists_scalar"/>
    <testcase time="0.00200000000040745" classname="ds.dataFrameSubset_smk_create_a_subset_dataframe_based_on_scalar" name="dataFrameSubset_exists_scalar"/>
    <testcase time="0.000999999999748979" classname="ds.dataFrameSubset_smk_create_a_subset_dataframe_based_on_scalar" name="dataFrameSubset_exists_scalar"/>
    <testcase time="0.00100000000020373" classname="ds.dataFrameSubset_smk_create_a_subset_dataframe_based_on_scalar" name="dataFrameSubset_exists_scalar"/>
    <testcase time="0.000999999999748979" classname="ds.dataFrameSubset_smk_create_a_subset_dataframe_based_on_scalar" name="dataFrameSubset_exists_scalar"/>
    <testcase time="0.00199999999995271" classname="ds.dataFrameSubset_smk_create_a_subset_dataframe_based_on_scalar" name="dataFrameSubset_exists_scalar"/>
    <testcase time="0.00100000000020373" classname="ds.dataFrameSubset_smk_create_a_subset_dataframe_based_on_scalar" name="dataFrameSubset_exists_scalar"/>
    <testcase time="0.000999999999748979" classname="ds.dataFrameSubset_smk_create_a_subset_dataframe_based_on_scalar" name="dataFrameSubset_exists_scalar"/>
    <testcase time="0.00100000000020373" classname="ds.dataFrameSubset_smk_create_a_subset_dataframe_based_on_scalar" name="dataFrameSubset_exists_scalar"/>
  </testsuite>
  <testsuite name="ds.dataFrameSubset::smk::shutdown" timestamp="2025-10-28T12:50:59Z" hostname="runnervmwhb2z" tests="3" skipped="0" failures="0" errors="0" time="0.047">
    <testcase time="0.0450000000000728" classname="ds.dataFrameSubset_smk_shutdown" name="shutdown"/>
    <testcase time="0.000999999999748979" classname="ds.dataFrameSubset_smk_shutdown" name="shutdown"/>
    <testcase time="0.00100000000020373" classname="ds.dataFrameSubset_smk_shutdown" name="shutdown"/>
  </testsuite>
  <testsuite name="ds.dataFrameSubset::smk::down" timestamp="2025-10-28T12:50:59Z" hostname="runnervmwhb2z" tests="0" skipped="0" failures="0" errors="0" time="0"/>
  <testsuite name="smk-ds.dim" timestamp="2025-10-28T12:50:59Z" hostname="runnervmwhb2z" tests="0" skipped="0" failures="0" errors="0" time="0"/>
  <testsuite name="ds.dim::smk::setup" timestamp="2025-10-28T12:50:59Z" hostname="runnervmwhb2z" tests="3" skipped="0" failures="0" errors="0" time="7.271">
    <testcase time="7.26899999999978" classname="ds.dim_smk_setup" name="setup"/>
    <testcase time="0.00100000000020373" classname="ds.dim_smk_setup" name="setup"/>
    <testcase time="0.000999999999748979" classname="ds.dim_smk_setup" name="setup"/>
  </testsuite>
  <testsuite name="ds.dim::smk" timestamp="2025-10-28T12:51:06Z" hostname="runnervmwhb2z" tests="13" skipped="0" failures="0" errors="0" time="0.058">
    <testcase time="0.0450000000000728" classname="ds.dim_smk" name="simple_dim_both"/>
    <testcase time="0.00100000000020373" classname="ds.dim_smk" name="simple_dim_both"/>
    <testcase time="0.000999999999748979" classname="ds.dim_smk" name="simple_dim_both"/>
    <testcase time="0.00200000000040745" classname="ds.dim_smk" name="simple_dim_both"/>
    <testcase time="0.000999999999748979" classname="ds.dim_smk" name="simple_dim_both"/>
    <testcase time="0.00100000000020373" classname="ds.dim_smk" name="simple_dim_both"/>
    <testcase time="0.000999999999748979" classname="ds.dim_smk" name="simple_dim_both"/>
    <testcase time="0.00100000000020373" classname="ds.dim_smk" name="simple_dim_both"/>
    <testcase time="0.000999999999748979" classname="ds.dim_smk" name="simple_dim_both"/>
    <testcase time="0.000999999999748979" classname="ds.dim_smk" name="simple_dim_both"/>
    <testcase time="0.00100000000020373" classname="ds.dim_smk" name="simple_dim_both"/>
    <testcase time="0.000999999999748979" classname="ds.dim_smk" name="simple_dim_both"/>
    <testcase time="0.00100000000020373" classname="ds.dim_smk" name="simple_dim_both"/>
  </testsuite>
  <testsuite name="ds.dim::smk" timestamp="2025-10-28T12:51:06Z" hostname="runnervmwhb2z" tests="10" skipped="0" failures="0" errors="0" time="0.056">
    <testcase time="0.0450000000000728" classname="ds.dim_smk" name="simple_dim_split"/>
    <testcase time="0.000999999999748979" classname="ds.dim_smk" name="simple_dim_split"/>
    <testcase time="0.00200000000040745" classname="ds.dim_smk" name="simple_dim_split"/>
    <testcase time="0.000999999999748979" classname="ds.dim_smk" name="simple_dim_split"/>
    <testcase time="0.00100000000020373" classname="ds.dim_smk" name="simple_dim_split"/>
    <testcase time="0.000999999999748979" classname="ds.dim_smk" name="simple_dim_split"/>
    <testcase time="0.00199999999995271" classname="ds.dim_smk" name="simple_dim_split"/>
    <testcase time="0.00100000000020373" classname="ds.dim_smk" name="simple_dim_split"/>
    <testcase time="0.000999999999748979" classname="ds.dim_smk" name="simple_dim_split"/>
    <testcase time="0.00100000000020373" classname="ds.dim_smk" name="simple_dim_split"/>
  </testsuite>
  <testsuite name="ds.dim::smk" timestamp="2025-10-28T12:51:06Z" hostname="runnervmwhb2z" tests="4" skipped="0" failures="0" errors="0" time="0.056">
    <testcase time="0.0520000000001346" classname="ds.dim_smk" name="simple_dim_combine"/>
    <testcase time="0.000999999999748979" classname="ds.dim_smk" name="simple_dim_combine"/>
    <testcase time="0.00100000000020373" classname="ds.dim_smk" name="simple_dim_combine"/>
    <testcase time="0.00199999999995271" classname="ds.dim_smk" name="simple_dim_combine"/>
  </testsuite>
  <testsuite name="ds.dim::smk::shutdown" timestamp="2025-10-28T12:51:06Z" hostname="runnervmwhb2z" tests="3" skipped="0" failures="0" errors="0" time="0.047">
    <testcase time="0.043999999999869" classname="ds.dim_smk_shutdown" name="shutdown"/>
    <testcase time="0.00199999999995271" classname="ds.dim_smk_shutdown" name="shutdown"/>
    <testcase time="0.00100000000020373" classname="ds.dim_smk_shutdown" name="shutdown"/>
  </testsuite>
  <testsuite name="ds.dim::smk::done" timestamp="2025-10-28T12:51:07Z" hostname="runnervmwhb2z" tests="0" skipped="0" failures="0" errors="0" time="0"/>
  <testsuite name="smk-ds.dmtC2S" timestamp="2025-10-28T12:51:07Z" hostname="runnervmwhb2z" tests="0" skipped="0" failures="0" errors="0" time="0"/>
  <testsuite name="ds.dmtC2S::smk::setup" timestamp="2025-10-28T12:51:07Z" hostname="runnervmwhb2z" tests="3" skipped="0" failures="0" errors="0" time="7.294">
    <testcase time="7.29199999999992" classname="ds.dmtC2S_smk_setup" name="setup"/>
    <testcase time="0.00100000000020373" classname="ds.dmtC2S_smk_setup" name="setup"/>
    <testcase time="0.000999999999748979" classname="ds.dmtC2S_smk_setup" name="setup"/>
  </testsuite>
  <testsuite name="ds.dmtC2S::smk::data.frame" timestamp="2025-10-28T12:51:14Z" hostname="runnervmwhb2z" tests="5" skipped="0" failures="0" errors="0" time="0.151">
    <testcase time="0.0670000000000073" classname="ds.dmtC2S_smk_data.frame" name="simple_dmtC2S_data.frame"/>
    <testcase time="0.0760000000000218" classname="ds.dmtC2S_smk_data.frame" name="simple_dmtC2S_data.frame"/>
    <testcase time="0.00300000000015643" classname="ds.dmtC2S_smk_data.frame" name="simple_dmtC2S_data.frame"/>
    <testcase time="0.00199999999995271" classname="ds.dmtC2S_smk_data.frame" name="simple_dmtC2S_data.frame"/>
    <testcase time="0.00299999999970169" classname="ds.dmtC2S_smk_data.frame" name="simple_dmtC2S_data.frame"/>
  </testsuite>
  <testsuite name="ds.dmtC2S::smk::matrix" timestamp="2025-10-28T12:51:14Z" hostname="runnervmwhb2z" tests="5" skipped="0" failures="0" errors="0" time="0.16">
    <testcase time="0.0750000000002728" classname="ds.dmtC2S_smk_matrix" name="simple_dmtC2S_matrix"/>
    <testcase time="0.0769999999997708" classname="ds.dmtC2S_smk_matrix" name="simple_dmtC2S_matrix"/>
    <testcase time="0.00300000000015643" classname="ds.dmtC2S_smk_matrix" name="simple_dmtC2S_matrix"/>
    <testcase time="0.00199999999995271" classname="ds.dmtC2S_smk_matrix" name="simple_dmtC2S_matrix"/>
    <testcase time="0.00300000000015643" classname="ds.dmtC2S_smk_matrix" name="simple_dmtC2S_matrix"/>
  </testsuite>
  <testsuite name="ds.dmtC2S::smk::tibble" timestamp="2025-10-28T12:51:14Z" hostname="runnervmwhb2z" tests="5" skipped="0" failures="0" errors="0" time="0.149">
    <testcase time="0.0650000000000546" classname="ds.dmtC2S_smk_tibble" name="simple_dmtC2S_tibble"/>
    <testcase time="0.0760000000000218" classname="ds.dmtC2S_smk_tibble" name="simple_dmtC2S_tibble"/>
    <testcase time="0.00299999999970169" classname="ds.dmtC2S_smk_tibble" name="simple_dmtC2S_tibble"/>
    <testcase time="0.00199999999995271" classname="ds.dmtC2S_smk_tibble" name="simple_dmtC2S_tibble"/>
    <testcase time="0.00300000000015643" classname="ds.dmtC2S_smk_tibble" name="simple_dmtC2S_tibble"/>
  </testsuite>
  <testsuite name="ds.dmtC2S::smk::shutdown" timestamp="2025-10-28T12:51:14Z" hostname="runnervmwhb2z" tests="3" skipped="0" failures="0" errors="0" time="0.053">
    <testcase time="0.0509999999999309" classname="ds.dmtC2S_smk_shutdown" name="setup"/>
    <testcase time="0.00100000000020373" classname="ds.dmtC2S_smk_shutdown" name="setup"/>
    <testcase time="0.000999999999748979" classname="ds.dmtC2S_smk_shutdown" name="setup"/>
  </testsuite>
  <testsuite name="ds.dmtC2S::smk::done" timestamp="2025-10-28T12:51:15Z" hostname="runnervmwhb2z" tests="0" skipped="0" failures="0" errors="0" time="0"/>
  <testsuite name="smk-ds.elspline" timestamp="2025-10-28T12:51:15Z" hostname="runnervmwhb2z" tests="0" skipped="0" failures="0" errors="0" time="0"/>
  <testsuite name="ds.elspline::smk::setup" timestamp="2025-10-28T12:51:15Z" hostname="runnervmwhb2z" tests="3" skipped="0" failures="0" errors="0" time="7.284">
    <testcase time="7.28200000000015" classname="ds.elspline_smk_setup" name="setup"/>
    <testcase time="0.000999999999748979" classname="ds.elspline_smk_setup" name="setup"/>
    <testcase time="0.00100000000020373" classname="ds.elspline_smk_setup" name="setup"/>
  </testsuite>
  <testsuite name="ds.elspline::smk::test1" timestamp="2025-10-28T12:51:22Z" hostname="runnervmwhb2z" tests="36" skipped="0" failures="0" errors="0" time="0.62">
    <testcase time="0.184000000000196" classname="ds.elspline_smk_test1" name="elspline"/>
    <testcase time="0.000999999999748979" classname="ds.elspline_smk_test1" name="elspline"/>
    <testcase time="0.00100000000020373" classname="ds.elspline_smk_test1" name="elspline"/>
    <testcase time="0.000999999999748979" classname="ds.elspline_smk_test1" name="elspline"/>
    <testcase time="0.00100000000020373" classname="ds.elspline_smk_test1" name="elspline"/>
    <testcase time="0.00199999999995271" classname="ds.elspline_smk_test1" name="elspline"/>
    <testcase time="0.000999999999748979" classname="ds.elspline_smk_test1" name="elspline"/>
    <testcase time="0.389000000000124" classname="ds.elspline_smk_test1" name="elspline"/>
    <testcase time="0.00199999999995271" classname="ds.elspline_smk_test1" name="elspline"/>
    <testcase time="0.00100000000020373" classname="ds.elspline_smk_test1" name="elspline"/>
    <testcase time="0.000999999999748979" classname="ds.elspline_smk_test1" name="elspline"/>
    <testcase time="0.00100000000020373" classname="ds.elspline_smk_test1" name="elspline"/>
    <testcase time="0.00199999999995271" classname="ds.elspline_smk_test1" name="elspline"/>
    <testcase time="0.00100000000020373" classname="ds.elspline_smk_test1" name="elspline"/>
    <testcase time="0.000999999999748979" classname="ds.elspline_smk_test1" name="elspline"/>
    <testcase time="0.00100000000020373" classname="ds.elspline_smk_test1" name="elspline"/>
    <testcase time="0.00199999999995271" classname="ds.elspline_smk_test1" name="elspline"/>
    <testcase time="0.000999999999748979" classname="ds.elspline_smk_test1" name="elspline"/>
    <testcase time="0.00100000000020373" classname="ds.elspline_smk_test1" name="elspline"/>
    <testcase time="0.000999999999748979" classname="ds.elspline_smk_test1" name="elspline"/>
    <testcase time="0.00100000000020373" classname="ds.elspline_smk_test1" name="elspline"/>
    <testcase time="0.00300000000015643" classname="ds.elspline_smk_test1" name="elspline"/>
    <testcase time="0.000999999999748979" classname="ds.elspline_smk_test1" name="elspline"/>
    <testcase time="0.00300000000015643" classname="ds.elspline_smk_test1" name="elspline"/>
    <testcase time="0.00199999999995271" classname="ds.elspline_smk_test1" name="elspline"/>
    <testcase time="0.00199999999995271" classname="ds.elspline_smk_test1" name="elspline"/>
    <testcase time="0.00100000000020373" classname="ds.elspline_smk_test1" name="elspline"/>
    <testcase time="0.000999999999748979" classname="ds.elspline_smk_test1" name="elspline"/>
    <testcase time="0.00199999999995271" classname="ds.elspline_smk_test1" name="elspline"/>
    <testcase time="0.00100000000020373" classname="ds.elspline_smk_test1" name="elspline"/>
    <testcase time="0.000999999999748979" classname="ds.elspline_smk_test1" name="elspline"/>
    <testcase time="0.00100000000020373" classname="ds.elspline_smk_test1" name="elspline"/>
    <testcase time="0.00199999999995271" classname="ds.elspline_smk_test1" name="elspline"/>
    <testcase time="0.00100000000020373" classname="ds.elspline_smk_test1" name="elspline"/>
    <testcase time="0.00199999999995271" classname="ds.elspline_smk_test1" name="elspline"/>
    <testcase time="0.000999999999748979" classname="ds.elspline_smk_test1" name="elspline"/>
  </testsuite>
  <testsuite name="ds.elspline::smk::test2" timestamp="2025-10-28T12:51:22Z" hostname="runnervmwhb2z" tests="40" skipped="0" failures="0" errors="0" time="0.44">
    <testcase time="0.195999999999913" classname="ds.elspline_smk_test2" name="elspline"/>
    <testcase time="0.00100000000020373" classname="ds.elspline_smk_test2" name="elspline"/>
    <testcase time="0.00100000000020373" classname="ds.elspline_smk_test2" name="elspline"/>
    <testcase time="0.000999999999748979" classname="ds.elspline_smk_test2" name="elspline"/>
    <testcase time="0.00199999999995271" classname="ds.elspline_smk_test2" name="elspline"/>
    <testcase time="0.00100000000020373" classname="ds.elspline_smk_test2" name="elspline"/>
    <testcase time="0.000999999999748979" classname="ds.elspline_smk_test2" name="elspline"/>
    <testcase time="0.192000000000007" classname="ds.elspline_smk_test2" name="elspline"/>
    <testcase time="0.00199999999995271" classname="ds.elspline_smk_test2" name="elspline"/>
    <testcase time="0.00100000000020373" classname="ds.elspline_smk_test2" name="elspline"/>
    <testcase time="0.00100000000020373" classname="ds.elspline_smk_test2" name="elspline"/>
    <testcase time="0.000999999999748979" classname="ds.elspline_smk_test2" name="elspline"/>
    <testcase time="0.00199999999995271" classname="ds.elspline_smk_test2" name="elspline"/>
    <testcase time="0.00100000000020373" classname="ds.elspline_smk_test2" name="elspline"/>
    <testcase time="0.000999999999748979" classname="ds.elspline_smk_test2" name="elspline"/>
    <testcase time="0.00100000000020373" classname="ds.elspline_smk_test2" name="elspline"/>
    <testcase time="0.00199999999995271" classname="ds.elspline_smk_test2" name="elspline"/>
    <testcase time="0.000999999999748979" classname="ds.elspline_smk_test2" name="elspline"/>
    <testcase time="0.00100000000020373" classname="ds.elspline_smk_test2" name="elspline"/>
    <testcase time="0.00100000000020373" classname="ds.elspline_smk_test2" name="elspline"/>
    <testcase time="0.000999999999748979" classname="ds.elspline_smk_test2" name="elspline"/>
    <testcase time="0.00300000000015643" classname="ds.elspline_smk_test2" name="elspline"/>
    <testcase time="0.000999999999748979" classname="ds.elspline_smk_test2" name="elspline"/>
    <testcase time="0.00300000000015643" classname="ds.elspline_smk_test2" name="elspline"/>
    <testcase time="0.00300000000015643" classname="ds.elspline_smk_test2" name="elspline"/>
    <testcase time="0.000999999999748979" classname="ds.elspline_smk_test2" name="elspline"/>
    <testcase time="0.00100000000020373" classname="ds.elspline_smk_test2" name="elspline"/>
    <testcase time="0.000999999999748979" classname="ds.elspline_smk_test2" name="elspline"/>
    <testcase time="0.000999999999748979" classname="ds.elspline_smk_test2" name="elspline"/>
    <testcase time="0.00100000000020373" classname="ds.elspline_smk_test2" name="elspline"/>
    <testcase time="0.00100000000020373" classname="ds.elspline_smk_test2" name="elspline"/>
    <testcase time="0.00199999999995271" classname="ds.elspline_smk_test2" name="elspline"/>
    <testcase time="0.000999999999748979" classname="ds.elspline_smk_test2" name="elspline"/>
    <testcase time="0.00199999999995271" classname="ds.elspline_smk_test2" name="elspline"/>
    <testcase time="0.00199999999995271" classname="ds.elspline_smk_test2" name="elspline"/>
    <testcase time="0.00100000000020373" classname="ds.elspline_smk_test2" name="elspline"/>
    <testcase time="0.000999999999748979" classname="ds.elspline_smk_test2" name="elspline"/>
    <testcase time="0.00200000000040745" classname="ds.elspline_smk_test2" name="elspline"/>
    <testcase time="0.000999999999748979" classname="ds.elspline_smk_test2" name="elspline"/>
    <testcase time="0.00100000000020373" classname="ds.elspline_smk_test2" name="elspline"/>
  </testsuite>
  <testsuite name="ds.elspline::smk::shutdown" timestamp="2025-10-28T12:51:23Z" hostname="runnervmwhb2z" tests="3" skipped="0" failures="0" errors="0" time="0.048">
    <testcase time="0.0459999999998217" classname="ds.elspline_smk_shutdown" name="shutdown"/>
    <testcase time="0.00100000000020373" classname="ds.elspline_smk_shutdown" name="shutdown"/>
    <testcase time="0.000999999999748979" classname="ds.elspline_smk_shutdown" name="shutdown"/>
  </testsuite>
  <testsuite name="ds.elspline::smk::done" timestamp="2025-10-28T12:51:23Z" hostname="runnervmwhb2z" tests="0" skipped="0" failures="0" errors="0" time="0"/>
  <testsuite name="smk-ds.exists" timestamp="2025-10-28T12:51:23Z" hostname="runnervmwhb2z" tests="0" skipped="0" failures="0" errors="0" time="0"/>
  <testsuite name="ds.exists::smk::setup" timestamp="2025-10-28T12:51:23Z" hostname="runnervmwhb2z" tests="3" skipped="0" failures="0" errors="0" time="7.245">
    <testcase time="7.24299999999994" classname="ds.exists_smk_setup" name="setup"/>
    <testcase time="0.00100000000020373" classname="ds.exists_smk_setup" name="setup"/>
    <testcase time="0.000999999999748979" classname="ds.exists_smk_setup" name="setup"/>
  </testsuite>
  <testsuite name="ds.exists::smk" timestamp="2025-10-28T12:51:30Z" hostname="runnervmwhb2z" tests="7" skipped="0" failures="0" errors="0" time="0.052">
    <testcase time="0.0450000000000728" classname="ds.exists_smk" name="simple_exists"/>
    <testcase time="0.00100000000020373" classname="ds.exists_smk" name="simple_exists"/>
    <testcase time="0.000999999999748979" classname="ds.exists_smk" name="simple_exists"/>
    <testcase time="0.00100000000020373" classname="ds.exists_smk" name="simple_exists"/>
    <testcase time="0.000999999999748979" classname="ds.exists_smk" name="simple_exists"/>
    <testcase time="0.00200000000040745" classname="ds.exists_smk" name="simple_exists"/>
    <testcase time="0.000999999999748979" classname="ds.exists_smk" name="simple_exists"/>
  </testsuite>
  <testsuite name="ds.exists::smk" timestamp="2025-10-28T12:51:30Z" hostname="runnervmwhb2z" tests="7" skipped="0" failures="0" errors="0" time="0.051">
    <testcase time="0.043999999999869" classname="ds.exists_smk" name="simple_exists_with_dollar"/>
    <testcase time="0.00100000000020373" classname="ds.exists_smk" name="simple_exists_with_dollar"/>
    <testcase time="0.00199999999995271" classname="ds.exists_smk" name="simple_exists_with_dollar"/>
    <testcase time="0.00100000000020373" classname="ds.exists_smk" name="simple_exists_with_dollar"/>
    <testcase time="0.000999999999748979" classname="ds.exists_smk" name="simple_exists_with_dollar"/>
    <testcase time="0.00100000000020373" classname="ds.exists_smk" name="simple_exists_with_dollar"/>
    <testcase time="0.000999999999748979" classname="ds.exists_smk" name="simple_exists_with_dollar"/>
  </testsuite>
  <testsuite name="ds.exists::smk" timestamp="2025-10-28T12:51:30Z" hostname="runnervmwhb2z" tests="7" skipped="0" failures="0" errors="0" time="0.151">
    <testcase time="0.144000000000233" classname="ds.exists_smk" name="simple_exists"/>
    <testcase time="0.000999999999748979" classname="ds.exists_smk" name="simple_exists"/>
    <testcase time="0.00100000000020373" classname="ds.exists_smk" name="simple_exists"/>
    <testcase time="0.000999999999748979" classname="ds.exists_smk" name="simple_exists"/>
    <testcase time="0.00100000000020373" classname="ds.exists_smk" name="simple_exists"/>
    <testcase time="0.00199999999995271" classname="ds.exists_smk" name="simple_exists"/>
    <testcase time="0.00100000000020373" classname="ds.exists_smk" name="simple_exists"/>
  </testsuite>
  <testsuite name="ds.exists::smk::shutdown" timestamp="2025-10-28T12:51:30Z" hostname="runnervmwhb2z" tests="3" skipped="0" failures="0" errors="0" time="0.046">
    <testcase time="0.043999999999869" classname="ds.exists_smk_shutdown" name="shutdown"/>
    <testcase time="0.000999999999748979" classname="ds.exists_smk_shutdown" name="shutdown"/>
    <testcase time="0.00100000000020373" classname="ds.exists_smk_shutdown" name="shutdown"/>
  </testsuite>
  <testsuite name="ds.exists::smk::done" timestamp="2025-10-28T12:51:30Z" hostname="runnervmwhb2z" tests="0" skipped="0" failures="0" errors="0" time="0"/>
  <testsuite name="smk-ds.exp" timestamp="2025-10-28T12:51:30Z" hostname="runnervmwhb2z" tests="0" skipped="0" failures="0" errors="0" time="0"/>
  <testsuite name="ds.exp::smk::setup" timestamp="2025-10-28T12:51:30Z" hostname="runnervmwhb2z" tests="3" skipped="0" failures="0" errors="0" time="7.251">
    <testcase time="7.24800000000005" classname="ds.exp_smk_setup" name="setup"/>
    <testcase time="0.00199999999995271" classname="ds.exp_smk_setup" name="setup"/>
    <testcase time="0.00100000000020373" classname="ds.exp_smk_setup" name="setup"/>
  </testsuite>
  <testsuite name="ds.exp::smk" timestamp="2025-10-28T12:51:37Z" hostname="runnervmwhb2z" tests="30" skipped="0" failures="0" errors="0" time="0.773">
    <testcase time="0.187999999999647" classname="ds.exp_smk" name="simple_exp"/>
    <testcase time="0.0399999999999636" classname="ds.exp_smk" name="simple_exp"/>
    <testcase time="0.00100000000020373" classname="ds.exp_smk" name="simple_exp"/>
    <testcase time="0.000999999999748979" classname="ds.exp_smk" name="simple_exp"/>
    <testcase time="0.00100000000020373" classname="ds.exp_smk" name="simple_exp"/>
    <testcase time="0.000999999999748979" classname="ds.exp_smk" name="simple_exp"/>
    <testcase time="0.00100000000020373" classname="ds.exp_smk" name="simple_exp"/>
    <testcase time="0.000999999999748979" classname="ds.exp_smk" name="simple_exp"/>
    <testcase time="0.0760000000000218" classname="ds.exp_smk" name="simple_exp"/>
    <testcase time="0.000999999999748979" classname="ds.exp_smk" name="simple_exp"/>
    <testcase time="0.00100000000020373" classname="ds.exp_smk" name="simple_exp"/>
    <testcase time="0.000999999999748979" classname="ds.exp_smk" name="simple_exp"/>
    <testcase time="0.00100000000020373" classname="ds.exp_smk" name="simple_exp"/>
    <testcase time="0.00199999999995271" classname="ds.exp_smk" name="simple_exp"/>
    <testcase time="0.00100000000020373" classname="ds.exp_smk" name="simple_exp"/>
    <testcase time="0.321999999999662" classname="ds.exp_smk" name="simple_exp"/>
    <testcase time="0.0380000000000109" classname="ds.exp_smk" name="simple_exp"/>
    <testcase time="0.00199999999995271" classname="ds.exp_smk" name="simple_exp"/>
    <testcase time="0.00100000000020373" classname="ds.exp_smk" name="simple_exp"/>
    <testcase time="0.00100000000020373" classname="ds.exp_smk" name="simple_exp"/>
    <testcase time="0.000999999999748979" classname="ds.exp_smk" name="simple_exp"/>
    <testcase time="0.000999999999748979" classname="ds.exp_smk" name="simple_exp"/>
    <testcase time="0.00100000000020373" classname="ds.exp_smk" name="simple_exp"/>
    <testcase time="0.0749999999998181" classname="ds.exp_smk" name="simple_exp"/>
    <testcase time="0.00199999999995271" classname="ds.exp_smk" name="simple_exp"/>
    <testcase time="0.00100000000020373" classname="ds.exp_smk" name="simple_exp"/>
    <testcase time="0.000999999999748979" classname="ds.exp_smk" name="simple_exp"/>
    <testcase time="0.00200000000040745" classname="ds.exp_smk" name="simple_exp"/>
    <testcase time="0.0069999999996071" classname="ds.exp_smk" name="simple_exp"/>
    <testcase time="0.00100000000020373" classname="ds.exp_smk" name="simple_exp"/>
  </testsuite>
  <testsuite name="ds.exp::smk::shutdown" timestamp="2025-10-28T12:51:38Z" hostname="runnervmwhb2z" tests="3" skipped="0" failures="0" errors="0" time="0.048">
    <testcase time="0.0459999999998217" classname="ds.exp_smk_shutdown" name="shutdown"/>
    <testcase time="0.00100000000020373" classname="ds.exp_smk_shutdown" name="shutdown"/>
    <testcase time="0.000999999999748979" classname="ds.exp_smk_shutdown" name="shutdown"/>
  </testsuite>
  <testsuite name="ds.exp::smk::done" timestamp="2025-10-28T12:51:39Z" hostname="runnervmwhb2z" tests="0" skipped="0" failures="0" errors="0" time="0"/>
  <testsuite name="smk-ds.gamlss" timestamp="2025-10-28T12:51:39Z" hostname="runnervmwhb2z" tests="0" skipped="0" failures="0" errors="0" time="0"/>
  <testsuite name="ds.gamlss::smk::setup" timestamp="2025-10-28T12:51:39Z" hostname="runnervmwhb2z" tests="3" skipped="0" failures="0" errors="0" time="7.246">
    <testcase time="7.24300000000039" classname="ds.gamlss_smk_setup" name="setup"/>
    <testcase time="0.00199999999995271" classname="ds.gamlss_smk_setup" name="setup"/>
    <testcase time="0.000999999999748979" classname="ds.gamlss_smk_setup" name="setup"/>
  </testsuite>
  <testsuite name="ds.gamlss::smk::mod1" timestamp="2025-10-28T12:51:46Z" hostname="runnervmwhb2z" tests="77" skipped="0" failures="0" errors="0" time="0.349">
    <testcase time="0.213000000000193" classname="ds.gamlss_smk_mod1" name="gamlss_birth_weight"/>
    <testcase time="0.000999999999748979" classname="ds.gamlss_smk_mod1" name="gamlss_birth_weight"/>
    <testcase time="0.00199999999995271" classname="ds.gamlss_smk_mod1" name="gamlss_birth_weight"/>
    <testcase time="0.00100000000020373" classname="ds.gamlss_smk_mod1" name="gamlss_birth_weight"/>
    <testcase time="0.00100000000020373" classname="ds.gamlss_smk_mod1" name="gamlss_birth_weight"/>
    <testcase time="0.00299999999970169" classname="ds.gamlss_smk_mod1" name="gamlss_birth_weight"/>
    <testcase time="0.00100000000020373" classname="ds.gamlss_smk_mod1" name="gamlss_birth_weight"/>
    <testcase time="0.00199999999995271" classname="ds.gamlss_smk_mod1" name="gamlss_birth_weight"/>
    <testcase time="0.00300000000015643" classname="ds.gamlss_smk_mod1" name="gamlss_birth_weight"/>
    <testcase time="0.000999999999748979" classname="ds.gamlss_smk_mod1" name="gamlss_birth_weight"/>
    <testcase time="0.00300000000015643" classname="ds.gamlss_smk_mod1" name="gamlss_birth_weight"/>
    <testcase time="0.00199999999995271" classname="ds.gamlss_smk_mod1" name="gamlss_birth_weight"/>
    <testcase time="0.000999999999748979" classname="ds.gamlss_smk_mod1" name="gamlss_birth_weight"/>
    <testcase time="0.00199999999995271" classname="ds.gamlss_smk_mod1" name="gamlss_birth_weight"/>
    <testcase time="0.00100000000020373" classname="ds.gamlss_smk_mod1" name="gamlss_birth_weight"/>
    <testcase time="0.00100000000020373" classname="ds.gamlss_smk_mod1" name="gamlss_birth_weight"/>
    <testcase time="0.00199999999995271" classname="ds.gamlss_smk_mod1" name="gamlss_birth_weight"/>
    <testcase time="0.000999999999748979" classname="ds.gamlss_smk_mod1" name="gamlss_birth_weight"/>
    <testcase time="0.00100000000020373" classname="ds.gamlss_smk_mod1" name="gamlss_birth_weight"/>
    <testcase time="0.00199999999995271" classname="ds.gamlss_smk_mod1" name="gamlss_birth_weight"/>
    <testcase time="0.000999999999748979" classname="ds.gamlss_smk_mod1" name="gamlss_birth_weight"/>
    <testcase time="0.00100000000020373" classname="ds.gamlss_smk_mod1" name="gamlss_birth_weight"/>
    <testcase time="0.00199999999995271" classname="ds.gamlss_smk_mod1" name="gamlss_birth_weight"/>
    <testcase time="0.00199999999995271" classname="ds.gamlss_smk_mod1" name="gamlss_birth_weight"/>
    <testcase time="0.00199999999995271" classname="ds.gamlss_smk_mod1" name="gamlss_birth_weight"/>
    <testcase time="0.00100000000020373" classname="ds.gamlss_smk_mod1" name="gamlss_birth_weight"/>
    <testcase time="0.00300000000015643" classname="ds.gamlss_smk_mod1" name="gamlss_birth_weight"/>
    <testcase time="0.00799999999981083" classname="ds.gamlss_smk_mod1" name="gamlss_birth_weight"/>
    <testcase time="0.00100000000020373" classname="ds.gamlss_smk_mod1" name="gamlss_birth_weight"/>
    <testcase time="0.00299999999970169" classname="ds.gamlss_smk_mod1" name="gamlss_birth_weight"/>
    <testcase time="0.00199999999995271" classname="ds.gamlss_smk_mod1" name="gamlss_birth_weight"/>
    <testcase time="0.00199999999995271" classname="ds.gamlss_smk_mod1" name="gamlss_birth_weight"/>
    <testcase time="0.00199999999995271" classname="ds.gamlss_smk_mod1" name="gamlss_birth_weight"/>
    <testcase time="0.00200000000040745" classname="ds.gamlss_smk_mod1" name="gamlss_birth_weight"/>
    <testcase time="0.00199999999995271" classname="ds.gamlss_smk_mod1" name="gamlss_birth_weight"/>
    <testcase time="0.00199999999995271" classname="ds.gamlss_smk_mod1" name="gamlss_birth_weight"/>
    <testcase time="0.00199999999995271" classname="ds.gamlss_smk_mod1" name="gamlss_birth_weight"/>
    <testcase time="0.00199999999995271" classname="ds.gamlss_smk_mod1" name="gamlss_birth_weight"/>
    <testcase time="0.00100000000020373" classname="ds.gamlss_smk_mod1" name="gamlss_birth_weight"/>
    <testcase time="0.000999999999748979" classname="ds.gamlss_smk_mod1" name="gamlss_birth_weight"/>
    <testcase time="0.00300000000015643" classname="ds.gamlss_smk_mod1" name="gamlss_birth_weight"/>
    <testcase time="0.00299999999970169" classname="ds.gamlss_smk_mod1" name="gamlss_birth_weight"/>
    <testcase time="0.00200000000040745" classname="ds.gamlss_smk_mod1" name="gamlss_birth_weight"/>
    <testcase time="0.00199999999995271" classname="ds.gamlss_smk_mod1" name="gamlss_birth_weight"/>
    <testcase time="0.000999999999748979" classname="ds.gamlss_smk_mod1" name="gamlss_birth_weight"/>
    <testcase time="0.00300000000015643" classname="ds.gamlss_smk_mod1" name="gamlss_birth_weight"/>
    <testcase time="0.00199999999995271" classname="ds.gamlss_smk_mod1" name="gamlss_birth_weight"/>
    <testcase time="0.00300000000015643" classname="ds.gamlss_smk_mod1" name="gamlss_birth_weight"/>
    <testcase time="0.000999999999748979" classname="ds.gamlss_smk_mod1" name="gamlss_birth_weight"/>
    <testcase time="0.00199999999995271" classname="ds.gamlss_smk_mod1" name="gamlss_birth_weight"/>
    <testcase time="0.00100000000020373" classname="ds.gamlss_smk_mod1" name="gamlss_birth_weight"/>
    <testcase time="0.000999999999748979" classname="ds.gamlss_smk_mod1" name="gamlss_birth_weight"/>
    <testcase time="0.00199999999995271" classname="ds.gamlss_smk_mod1" name="gamlss_birth_weight"/>
    <testcase time="0.00100000000020373" classname="ds.gamlss_smk_mod1" name="gamlss_birth_weight"/>
    <testcase time="0.00199999999995271" classname="ds.gamlss_smk_mod1" name="gamlss_birth_weight"/>
    <testcase time="0.00100000000020373" classname="ds.gamlss_smk_mod1" name="gamlss_birth_weight"/>
    <testcase time="0.00199999999995271" classname="ds.gamlss_smk_mod1" name="gamlss_birth_weight"/>
    <testcase time="0.00199999999995271" classname="ds.gamlss_smk_mod1" name="gamlss_birth_weight"/>
    <testcase time="0.00300000000015643" classname="ds.gamlss_smk_mod1" name="gamlss_birth_weight"/>
    <testcase time="0.000999999999748979" classname="ds.gamlss_smk_mod1" name="gamlss_birth_weight"/>
    <testcase time="0.00199999999995271" classname="ds.gamlss_smk_mod1" name="gamlss_birth_weight"/>
    <testcase time="0.00100000000020373" classname="ds.gamlss_smk_mod1" name="gamlss_birth_weight"/>
    <testcase time="0.00199999999995271" classname="ds.gamlss_smk_mod1" name="gamlss_birth_weight"/>
    <testcase time="0.000999999999748979" classname="ds.gamlss_smk_mod1" name="gamlss_birth_weight"/>
    <testcase time="0.00100000000020373" classname="ds.gamlss_smk_mod1" name="gamlss_birth_weight"/>
    <testcase time="0.00199999999995271" classname="ds.gamlss_smk_mod1" name="gamlss_birth_weight"/>
    <testcase time="0.00100000000020373" classname="ds.gamlss_smk_mod1" name="gamlss_birth_weight"/>
    <testcase time="0.00199999999995271" classname="ds.gamlss_smk_mod1" name="gamlss_birth_weight"/>
    <testcase time="0.000999999999748979" classname="ds.gamlss_smk_mod1" name="gamlss_birth_weight"/>
    <testcase time="0.00199999999995271" classname="ds.gamlss_smk_mod1" name="gamlss_birth_weight"/>
    <testcase time="0.00100000000020373" classname="ds.gamlss_smk_mod1" name="gamlss_birth_weight"/>
    <testcase time="0.00199999999995271" classname="ds.gamlss_smk_mod1" name="gamlss_birth_weight"/>
    <testcase time="0.00100000000020373" classname="ds.gamlss_smk_mod1" name="gamlss_birth_weight"/>
    <testcase time="0.000999999999748979" classname="ds.gamlss_smk_mod1" name="gamlss_birth_weight"/>
    <testcase time="0.00199999999995271" classname="ds.gamlss_smk_mod1" name="gamlss_birth_weight"/>
    <testcase time="0.00100000000020373" classname="ds.gamlss_smk_mod1" name="gamlss_birth_weight"/>
    <testcase time="0.00199999999995271" classname="ds.gamlss_smk_mod1" name="gamlss_birth_weight"/>
  </testsuite>
  <testsuite name="ds.gamlss::smk::mod2" timestamp="2025-10-28T12:51:46Z" hostname="runnervmwhb2z" tests="78" skipped="0" failures="0" errors="0" time="0.269">
    <testcase time="0.130000000000109" classname="ds.gamlss_smk_mod2" name="gamlss_Z_BMI"/>
    <testcase time="0.000999999999748979" classname="ds.gamlss_smk_mod2" name="gamlss_Z_BMI"/>
    <testcase time="0.00100000000020373" classname="ds.gamlss_smk_mod2" name="gamlss_Z_BMI"/>
    <testcase time="0.000999999999748979" classname="ds.gamlss_smk_mod2" name="gamlss_Z_BMI"/>
    <testcase time="0.00100000000020373" classname="ds.gamlss_smk_mod2" name="gamlss_Z_BMI"/>
    <testcase time="0.00299999999970169" classname="ds.gamlss_smk_mod2" name="gamlss_Z_BMI"/>
    <testcase time="0.00100000000020373" classname="ds.gamlss_smk_mod2" name="gamlss_Z_BMI"/>
    <testcase time="0.00300000000015643" classname="ds.gamlss_smk_mod2" name="gamlss_Z_BMI"/>
    <testcase time="0.00199999999995271" classname="ds.gamlss_smk_mod2" name="gamlss_Z_BMI"/>
    <testcase time="0.00199999999995271" classname="ds.gamlss_smk_mod2" name="gamlss_Z_BMI"/>
    <testcase time="0.00199999999995271" classname="ds.gamlss_smk_mod2" name="gamlss_Z_BMI"/>
    <testcase time="0.00300000000015643" classname="ds.gamlss_smk_mod2" name="gamlss_Z_BMI"/>
    <testcase time="0.000999999999748979" classname="ds.gamlss_smk_mod2" name="gamlss_Z_BMI"/>
    <testcase time="0.00100000000020373" classname="ds.gamlss_smk_mod2" name="gamlss_Z_BMI"/>
    <testcase time="0.00199999999995271" classname="ds.gamlss_smk_mod2" name="gamlss_Z_BMI"/>
    <testcase time="0.000999999999748979" classname="ds.gamlss_smk_mod2" name="gamlss_Z_BMI"/>
    <testcase time="0.00100000000020373" classname="ds.gamlss_smk_mod2" name="gamlss_Z_BMI"/>
    <testcase time="0.000999999999748979" classname="ds.gamlss_smk_mod2" name="gamlss_Z_BMI"/>
    <testcase time="0.00100000000020373" classname="ds.gamlss_smk_mod2" name="gamlss_Z_BMI"/>
    <testcase time="0.000999999999748979" classname="ds.gamlss_smk_mod2" name="gamlss_Z_BMI"/>
    <testcase time="0.00199999999995271" classname="ds.gamlss_smk_mod2" name="gamlss_Z_BMI"/>
    <testcase time="0.00100000000020373" classname="ds.gamlss_smk_mod2" name="gamlss_Z_BMI"/>
    <testcase time="0.000999999999748979" classname="ds.gamlss_smk_mod2" name="gamlss_Z_BMI"/>
    <testcase time="0.00300000000015643" classname="ds.gamlss_smk_mod2" name="gamlss_Z_BMI"/>
    <testcase time="0.00100000000020373" classname="ds.gamlss_smk_mod2" name="gamlss_Z_BMI"/>
    <testcase time="0.000999999999748979" classname="ds.gamlss_smk_mod2" name="gamlss_Z_BMI"/>
    <testcase time="0.00300000000015643" classname="ds.gamlss_smk_mod2" name="gamlss_Z_BMI"/>
    <testcase time="0.000999999999748979" classname="ds.gamlss_smk_mod2" name="gamlss_Z_BMI"/>
    <testcase time="0.00199999999995271" classname="ds.gamlss_smk_mod2" name="gamlss_Z_BMI"/>
    <testcase time="0.00900000000001455" classname="ds.gamlss_smk_mod2" name="gamlss_Z_BMI"/>
    <testcase time="0.00300000000015643" classname="ds.gamlss_smk_mod2" name="gamlss_Z_BMI"/>
    <testcase time="0.00100000000020373" classname="ds.gamlss_smk_mod2" name="gamlss_Z_BMI"/>
    <testcase time="0.00299999999970169" classname="ds.gamlss_smk_mod2" name="gamlss_Z_BMI"/>
    <testcase time="0.00100000000020373" classname="ds.gamlss_smk_mod2" name="gamlss_Z_BMI"/>
    <testcase time="0.00300000000015643" classname="ds.gamlss_smk_mod2" name="gamlss_Z_BMI"/>
    <testcase time="0.000999999999748979" classname="ds.gamlss_smk_mod2" name="gamlss_Z_BMI"/>
    <testcase time="0.00300000000015643" classname="ds.gamlss_smk_mod2" name="gamlss_Z_BMI"/>
    <testcase time="0.000999999999748979" classname="ds.gamlss_smk_mod2" name="gamlss_Z_BMI"/>
    <testcase time="0.00199999999995271" classname="ds.gamlss_smk_mod2" name="gamlss_Z_BMI"/>
    <testcase time="0.00100000000020373" classname="ds.gamlss_smk_mod2" name="gamlss_Z_BMI"/>
    <testcase time="0.00199999999995271" classname="ds.gamlss_smk_mod2" name="gamlss_Z_BMI"/>
    <testcase time="0.00300000000015643" classname="ds.gamlss_smk_mod2" name="gamlss_Z_BMI"/>
    <testcase time="0.00299999999970169" classname="ds.gamlss_smk_mod2" name="gamlss_Z_BMI"/>
    <testcase time="0.00100000000020373" classname="ds.gamlss_smk_mod2" name="gamlss_Z_BMI"/>
    <testcase time="0.00199999999995271" classname="ds.gamlss_smk_mod2" name="gamlss_Z_BMI"/>
    <testcase time="0.00100000000020373" classname="ds.gamlss_smk_mod2" name="gamlss_Z_BMI"/>
    <testcase time="0.00299999999970169" classname="ds.gamlss_smk_mod2" name="gamlss_Z_BMI"/>
    <testcase time="0.00199999999995271" classname="ds.gamlss_smk_mod2" name="gamlss_Z_BMI"/>
    <testcase time="0.00300000000015643" classname="ds.gamlss_smk_mod2" name="gamlss_Z_BMI"/>
    <testcase time="0.00199999999995271" classname="ds.gamlss_smk_mod2" name="gamlss_Z_BMI"/>
    <testcase time="0.00100000000020373" classname="ds.gamlss_smk_mod2" name="gamlss_Z_BMI"/>
    <testcase time="0.000999999999748979" classname="ds.gamlss_smk_mod2" name="gamlss_Z_BMI"/>
    <testcase time="0.00199999999995271" classname="ds.gamlss_smk_mod2" name="gamlss_Z_BMI"/>
    <testcase time="0.00100000000020373" classname="ds.gamlss_smk_mod2" name="gamlss_Z_BMI"/>
    <testcase time="0.00199999999995271" classname="ds.gamlss_smk_mod2" name="gamlss_Z_BMI"/>
    <testcase time="0.000999999999748979" classname="ds.gamlss_smk_mod2" name="gamlss_Z_BMI"/>
    <testcase time="0.00200000000040745" classname="ds.gamlss_smk_mod2" name="gamlss_Z_BMI"/>
    <testcase time="0.000999999999748979" classname="ds.gamlss_smk_mod2" name="gamlss_Z_BMI"/>
    <testcase time="0.00300000000015643" classname="ds.gamlss_smk_mod2" name="gamlss_Z_BMI"/>
    <testcase time="0.00199999999995271" classname="ds.gamlss_smk_mod2" name="gamlss_Z_BMI"/>
    <testcase time="0.00199999999995271" classname="ds.gamlss_smk_mod2" name="gamlss_Z_BMI"/>
    <testcase time="0.00199999999995271" classname="ds.gamlss_smk_mod2" name="gamlss_Z_BMI"/>
    <testcase time="0.00199999999995271" classname="ds.gamlss_smk_mod2" name="gamlss_Z_BMI"/>
    <testcase time="0.00100000000020373" classname="ds.gamlss_smk_mod2" name="gamlss_Z_BMI"/>
    <testcase time="0.00199999999995271" classname="ds.gamlss_smk_mod2" name="gamlss_Z_BMI"/>
    <testcase time="0.000999999999748979" classname="ds.gamlss_smk_mod2" name="gamlss_Z_BMI"/>
    <testcase time="0.00300000000015643" classname="ds.gamlss_smk_mod2" name="gamlss_Z_BMI"/>
    <testcase time="0.00100000000020373" classname="ds.gamlss_smk_mod2" name="gamlss_Z_BMI"/>
    <testcase time="0.00199999999995271" classname="ds.gamlss_smk_mod2" name="gamlss_Z_BMI"/>
    <testcase time="0.000999999999748979" classname="ds.gamlss_smk_mod2" name="gamlss_Z_BMI"/>
    <testcase time="0.00199999999995271" classname="ds.gamlss_smk_mod2" name="gamlss_Z_BMI"/>
    <testcase time="0.00100000000020373" classname="ds.gamlss_smk_mod2" name="gamlss_Z_BMI"/>
    <testcase time="0.00199999999995271" classname="ds.gamlss_smk_mod2" name="gamlss_Z_BMI"/>
    <testcase time="0.00100000000020373" classname="ds.gamlss_smk_mod2" name="gamlss_Z_BMI"/>
    <testcase time="0.00199999999995271" classname="ds.gamlss_smk_mod2" name="gamlss_Z_BMI"/>
    <testcase time="0.000999999999748979" classname="ds.gamlss_smk_mod2" name="gamlss_Z_BMI"/>
    <testcase time="0.00199999999995271" classname="ds.gamlss_smk_mod2" name="gamlss_Z_BMI"/>
    <testcase time="0.00100000000020373" classname="ds.gamlss_smk_mod2" name="gamlss_Z_BMI"/>
  </testsuite>
  <testsuite name="ds.gamlss::smk::mod3" timestamp="2025-10-28T12:51:46Z" hostname="runnervmwhb2z" tests="77" skipped="0" failures="0" errors="0" time="1.372">
    <testcase time="1.23700000000008" classname="ds.gamlss_smk_mod3" name="gamlss_RAVEN_TEST"/>
    <testcase time="0.00199999999995271" classname="ds.gamlss_smk_mod3" name="gamlss_RAVEN_TEST"/>
    <testcase time="0.000999999999748979" classname="ds.gamlss_smk_mod3" name="gamlss_RAVEN_TEST"/>
    <testcase time="0.00100000000020373" classname="ds.gamlss_smk_mod3" name="gamlss_RAVEN_TEST"/>
    <testcase time="0.000999999999748979" classname="ds.gamlss_smk_mod3" name="gamlss_RAVEN_TEST"/>
    <testcase time="0.00300000000015643" classname="ds.gamlss_smk_mod3" name="gamlss_RAVEN_TEST"/>
    <testcase time="0.00100000000020373" classname="ds.gamlss_smk_mod3" name="gamlss_RAVEN_TEST"/>
    <testcase time="0.00299999999970169" classname="ds.gamlss_smk_mod3" name="gamlss_RAVEN_TEST"/>
    <testcase time="0.00199999999995271" classname="ds.gamlss_smk_mod3" name="gamlss_RAVEN_TEST"/>
    <testcase time="0.00100000000020373" classname="ds.gamlss_smk_mod3" name="gamlss_RAVEN_TEST"/>
    <testcase time="0.00300000000015643" classname="ds.gamlss_smk_mod3" name="gamlss_RAVEN_TEST"/>
    <testcase time="0.00199999999995271" classname="ds.gamlss_smk_mod3" name="gamlss_RAVEN_TEST"/>
    <testcase time="0.00199999999995271" classname="ds.gamlss_smk_mod3" name="gamlss_RAVEN_TEST"/>
    <testcase time="0.000999999999748979" classname="ds.gamlss_smk_mod3" name="gamlss_RAVEN_TEST"/>
    <testcase time="0.00100000000020373" classname="ds.gamlss_smk_mod3" name="gamlss_RAVEN_TEST"/>
    <testcase time="0.00199999999995271" classname="ds.gamlss_smk_mod3" name="gamlss_RAVEN_TEST"/>
    <testcase time="0.00100000000020373" classname="ds.gamlss_smk_mod3" name="gamlss_RAVEN_TEST"/>
    <testcase time="0.000999999999748979" classname="ds.gamlss_smk_mod3" name="gamlss_RAVEN_TEST"/>
    <testcase time="0.00100000000020373" classname="ds.gamlss_smk_mod3" name="gamlss_RAVEN_TEST"/>
    <testcase time="0.00199999999995271" classname="ds.gamlss_smk_mod3" name="gamlss_RAVEN_TEST"/>
    <testcase time="0.000999999999748979" classname="ds.gamlss_smk_mod3" name="gamlss_RAVEN_TEST"/>
    <testcase time="0.00100000000020373" classname="ds.gamlss_smk_mod3" name="gamlss_RAVEN_TEST"/>
    <testcase time="0.00100000000020373" classname="ds.gamlss_smk_mod3" name="gamlss_RAVEN_TEST"/>
    <testcase time="0.00299999999970169" classname="ds.gamlss_smk_mod3" name="gamlss_RAVEN_TEST"/>
    <testcase time="0.00100000000020373" classname="ds.gamlss_smk_mod3" name="gamlss_RAVEN_TEST"/>
    <testcase time="0.00199999999995271" classname="ds.gamlss_smk_mod3" name="gamlss_RAVEN_TEST"/>
    <testcase time="0.00199999999995271" classname="ds.gamlss_smk_mod3" name="gamlss_RAVEN_TEST"/>
    <testcase time="0.00199999999995271" classname="ds.gamlss_smk_mod3" name="gamlss_RAVEN_TEST"/>
    <testcase time="0.00100000000020373" classname="ds.gamlss_smk_mod3" name="gamlss_RAVEN_TEST"/>
    <testcase time="0.00199999999995271" classname="ds.gamlss_smk_mod3" name="gamlss_RAVEN_TEST"/>
    <testcase time="0.00299999999970169" classname="ds.gamlss_smk_mod3" name="gamlss_RAVEN_TEST"/>
    <testcase time="0.00100000000020373" classname="ds.gamlss_smk_mod3" name="gamlss_RAVEN_TEST"/>
    <testcase time="0.00300000000015643" classname="ds.gamlss_smk_mod3" name="gamlss_RAVEN_TEST"/>
    <testcase time="0.00199999999995271" classname="ds.gamlss_smk_mod3" name="gamlss_RAVEN_TEST"/>
    <testcase time="0.00199999999995271" classname="ds.gamlss_smk_mod3" name="gamlss_RAVEN_TEST"/>
    <testcase time="0.000999999999748979" classname="ds.gamlss_smk_mod3" name="gamlss_RAVEN_TEST"/>
    <testcase time="0.00300000000015643" classname="ds.gamlss_smk_mod3" name="gamlss_RAVEN_TEST"/>
    <testcase time="0.00100000000020373" classname="ds.gamlss_smk_mod3" name="gamlss_RAVEN_TEST"/>
    <testcase time="0.00199999999995271" classname="ds.gamlss_smk_mod3" name="gamlss_RAVEN_TEST"/>
    <testcase time="0.000999999999748979" classname="ds.gamlss_smk_mod3" name="gamlss_RAVEN_TEST"/>
    <testcase time="0.00300000000015643" classname="ds.gamlss_smk_mod3" name="gamlss_RAVEN_TEST"/>
    <testcase time="0.00900000000001455" classname="ds.gamlss_smk_mod3" name="gamlss_RAVEN_TEST"/>
    <testcase time="0.00299999999970169" classname="ds.gamlss_smk_mod3" name="gamlss_RAVEN_TEST"/>
    <testcase time="0.00100000000020373" classname="ds.gamlss_smk_mod3" name="gamlss_RAVEN_TEST"/>
    <testcase time="0.00100000000020373" classname="ds.gamlss_smk_mod3" name="gamlss_RAVEN_TEST"/>
    <testcase time="0.00299999999970169" classname="ds.gamlss_smk_mod3" name="gamlss_RAVEN_TEST"/>
    <testcase time="0.00300000000015643" classname="ds.gamlss_smk_mod3" name="gamlss_RAVEN_TEST"/>
    <testcase time="0.00199999999995271" classname="ds.gamlss_smk_mod3" name="gamlss_RAVEN_TEST"/>
    <testcase time="0.00199999999995271" classname="ds.gamlss_smk_mod3" name="gamlss_RAVEN_TEST"/>
    <testcase time="0.00100000000020373" classname="ds.gamlss_smk_mod3" name="gamlss_RAVEN_TEST"/>
    <testcase time="0.000999999999748979" classname="ds.gamlss_smk_mod3" name="gamlss_RAVEN_TEST"/>
    <testcase time="0.00199999999995271" classname="ds.gamlss_smk_mod3" name="gamlss_RAVEN_TEST"/>
    <testcase time="0.00100000000020373" classname="ds.gamlss_smk_mod3" name="gamlss_RAVEN_TEST"/>
    <testcase time="0.00199999999995271" classname="ds.gamlss_smk_mod3" name="gamlss_RAVEN_TEST"/>
    <testcase time="0.000999999999748979" classname="ds.gamlss_smk_mod3" name="gamlss_RAVEN_TEST"/>
    <testcase time="0.00100000000020373" classname="ds.gamlss_smk_mod3" name="gamlss_RAVEN_TEST"/>
    <testcase time="0.00199999999995271" classname="ds.gamlss_smk_mod3" name="gamlss_RAVEN_TEST"/>
    <testcase time="0.00300000000015643" classname="ds.gamlss_smk_mod3" name="gamlss_RAVEN_TEST"/>
    <testcase time="0.00199999999995271" classname="ds.gamlss_smk_mod3" name="gamlss_RAVEN_TEST"/>
    <testcase time="0.00199999999995271" classname="ds.gamlss_smk_mod3" name="gamlss_RAVEN_TEST"/>
    <testcase time="0.00100000000020373" classname="ds.gamlss_smk_mod3" name="gamlss_RAVEN_TEST"/>
    <testcase time="0.000999999999748979" classname="ds.gamlss_smk_mod3" name="gamlss_RAVEN_TEST"/>
    <testcase time="0.00199999999995271" classname="ds.gamlss_smk_mod3" name="gamlss_RAVEN_TEST"/>
    <testcase time="0.00100000000020373" classname="ds.gamlss_smk_mod3" name="gamlss_RAVEN_TEST"/>
    <testcase time="0.00199999999995271" classname="ds.gamlss_smk_mod3" name="gamlss_RAVEN_TEST"/>
    <testcase time="0.000999999999748979" classname="ds.gamlss_smk_mod3" name="gamlss_RAVEN_TEST"/>
    <testcase time="0.00200000000040745" classname="ds.gamlss_smk_mod3" name="gamlss_RAVEN_TEST"/>
    <testcase time="0.000999999999748979" classname="ds.gamlss_smk_mod3" name="gamlss_RAVEN_TEST"/>
    <testcase time="0.00100000000020373" classname="ds.gamlss_smk_mod3" name="gamlss_RAVEN_TEST"/>
    <testcase time="0.00199999999995271" classname="ds.gamlss_smk_mod3" name="gamlss_RAVEN_TEST"/>
    <testcase time="0.000999999999748979" classname="ds.gamlss_smk_mod3" name="gamlss_RAVEN_TEST"/>
    <testcase time="0.00199999999995271" classname="ds.gamlss_smk_mod3" name="gamlss_RAVEN_TEST"/>
    <testcase time="0.00100000000020373" classname="ds.gamlss_smk_mod3" name="gamlss_RAVEN_TEST"/>
    <testcase time="0.00199999999995271" classname="ds.gamlss_smk_mod3" name="gamlss_RAVEN_TEST"/>
    <testcase time="0.00100000000020373" classname="ds.gamlss_smk_mod3" name="gamlss_RAVEN_TEST"/>
    <testcase time="0.00199999999995271" classname="ds.gamlss_smk_mod3" name="gamlss_RAVEN_TEST"/>
    <testcase time="0.000999999999748979" classname="ds.gamlss_smk_mod3" name="gamlss_RAVEN_TEST"/>
  </testsuite>
  <testsuite name="ds.gamlss::smk::mod4" timestamp="2025-10-28T12:51:48Z" hostname="runnervmwhb2z" tests="77" skipped="0" failures="0" errors="0" time="0.272">
    <testcase time="0.134000000000015" classname="ds.gamlss_smk_mod4" name="gamlss_WEIGHT_GAIN"/>
    <testcase time="0.00199999999995271" classname="ds.gamlss_smk_mod4" name="gamlss_WEIGHT_GAIN"/>
    <testcase time="0.00100000000020373" classname="ds.gamlss_smk_mod4" name="gamlss_WEIGHT_GAIN"/>
    <testcase time="0.00199999999995271" classname="ds.gamlss_smk_mod4" name="gamlss_WEIGHT_GAIN"/>
    <testcase time="0.00100000000020373" classname="ds.gamlss_smk_mod4" name="gamlss_WEIGHT_GAIN"/>
    <testcase time="0.00299999999970169" classname="ds.gamlss_smk_mod4" name="gamlss_WEIGHT_GAIN"/>
    <testcase time="0.00100000000020373" classname="ds.gamlss_smk_mod4" name="gamlss_WEIGHT_GAIN"/>
    <testcase time="0.00299999999970169" classname="ds.gamlss_smk_mod4" name="gamlss_WEIGHT_GAIN"/>
    <testcase time="0.00200000000040745" classname="ds.gamlss_smk_mod4" name="gamlss_WEIGHT_GAIN"/>
    <testcase time="0.00199999999995271" classname="ds.gamlss_smk_mod4" name="gamlss_WEIGHT_GAIN"/>
    <testcase time="0.00199999999995271" classname="ds.gamlss_smk_mod4" name="gamlss_WEIGHT_GAIN"/>
    <testcase time="0.00299999999970169" classname="ds.gamlss_smk_mod4" name="gamlss_WEIGHT_GAIN"/>
    <testcase time="0.00100000000020373" classname="ds.gamlss_smk_mod4" name="gamlss_WEIGHT_GAIN"/>
    <testcase time="0.000999999999748979" classname="ds.gamlss_smk_mod4" name="gamlss_WEIGHT_GAIN"/>
    <testcase time="0.00200000000040745" classname="ds.gamlss_smk_mod4" name="gamlss_WEIGHT_GAIN"/>
    <testcase time="0.000999999999748979" classname="ds.gamlss_smk_mod4" name="gamlss_WEIGHT_GAIN"/>
    <testcase time="0.00100000000020373" classname="ds.gamlss_smk_mod4" name="gamlss_WEIGHT_GAIN"/>
    <testcase time="0.000999999999748979" classname="ds.gamlss_smk_mod4" name="gamlss_WEIGHT_GAIN"/>
    <testcase time="0.00199999999995271" classname="ds.gamlss_smk_mod4" name="gamlss_WEIGHT_GAIN"/>
    <testcase time="0.00100000000020373" classname="ds.gamlss_smk_mod4" name="gamlss_WEIGHT_GAIN"/>
    <testcase time="0.000999999999748979" classname="ds.gamlss_smk_mod4" name="gamlss_WEIGHT_GAIN"/>
    <testcase time="0.00100000000020373" classname="ds.gamlss_smk_mod4" name="gamlss_WEIGHT_GAIN"/>
    <testcase time="0.00199999999995271" classname="ds.gamlss_smk_mod4" name="gamlss_WEIGHT_GAIN"/>
    <testcase time="0.00199999999995271" classname="ds.gamlss_smk_mod4" name="gamlss_WEIGHT_GAIN"/>
    <testcase time="0.00199999999995271" classname="ds.gamlss_smk_mod4" name="gamlss_WEIGHT_GAIN"/>
    <testcase time="0.00100000000020373" classname="ds.gamlss_smk_mod4" name="gamlss_WEIGHT_GAIN"/>
    <testcase time="0.00300000000015643" classname="ds.gamlss_smk_mod4" name="gamlss_WEIGHT_GAIN"/>
    <testcase time="0.000999999999748979" classname="ds.gamlss_smk_mod4" name="gamlss_WEIGHT_GAIN"/>
    <testcase time="0.00100000000020373" classname="ds.gamlss_smk_mod4" name="gamlss_WEIGHT_GAIN"/>
    <testcase time="0.00299999999970169" classname="ds.gamlss_smk_mod4" name="gamlss_WEIGHT_GAIN"/>
    <testcase time="0.00300000000015643" classname="ds.gamlss_smk_mod4" name="gamlss_WEIGHT_GAIN"/>
    <testcase time="0.000999999999748979" classname="ds.gamlss_smk_mod4" name="gamlss_WEIGHT_GAIN"/>
    <testcase time="0.00300000000015643" classname="ds.gamlss_smk_mod4" name="gamlss_WEIGHT_GAIN"/>
    <testcase time="0.00100000000020373" classname="ds.gamlss_smk_mod4" name="gamlss_WEIGHT_GAIN"/>
    <testcase time="0.00299999999970169" classname="ds.gamlss_smk_mod4" name="gamlss_WEIGHT_GAIN"/>
    <testcase time="0.00100000000020373" classname="ds.gamlss_smk_mod4" name="gamlss_WEIGHT_GAIN"/>
    <testcase time="0.00300000000015643" classname="ds.gamlss_smk_mod4" name="gamlss_WEIGHT_GAIN"/>
    <testcase time="0.000999999999748979" classname="ds.gamlss_smk_mod4" name="gamlss_WEIGHT_GAIN"/>
    <testcase time="0.00199999999995271" classname="ds.gamlss_smk_mod4" name="gamlss_WEIGHT_GAIN"/>
    <testcase time="0.00100000000020373" classname="ds.gamlss_smk_mod4" name="gamlss_WEIGHT_GAIN"/>
    <testcase time="0.00299999999970169" classname="ds.gamlss_smk_mod4" name="gamlss_WEIGHT_GAIN"/>
    <testcase time="0.00900000000001455" classname="ds.gamlss_smk_mod4" name="gamlss_WEIGHT_GAIN"/>
    <testcase time="0.00300000000015643" classname="ds.gamlss_smk_mod4" name="gamlss_WEIGHT_GAIN"/>
    <testcase time="0.00100000000020373" classname="ds.gamlss_smk_mod4" name="gamlss_WEIGHT_GAIN"/>
    <testcase time="0.00199999999995271" classname="ds.gamlss_smk_mod4" name="gamlss_WEIGHT_GAIN"/>
    <testcase time="0.00199999999995271" classname="ds.gamlss_smk_mod4" name="gamlss_WEIGHT_GAIN"/>
    <testcase time="0.00299999999970169" classname="ds.gamlss_smk_mod4" name="gamlss_WEIGHT_GAIN"/>
    <testcase time="0.00300000000015643" classname="ds.gamlss_smk_mod4" name="gamlss_WEIGHT_GAIN"/>
    <testcase time="0.00100000000020373" classname="ds.gamlss_smk_mod4" name="gamlss_WEIGHT_GAIN"/>
    <testcase time="0.00199999999995271" classname="ds.gamlss_smk_mod4" name="gamlss_WEIGHT_GAIN"/>
    <testcase time="0.000999999999748979" classname="ds.gamlss_smk_mod4" name="gamlss_WEIGHT_GAIN"/>
    <testcase time="0.00100000000020373" classname="ds.gamlss_smk_mod4" name="gamlss_WEIGHT_GAIN"/>
    <testcase time="0.00199999999995271" classname="ds.gamlss_smk_mod4" name="gamlss_WEIGHT_GAIN"/>
    <testcase time="0.00100000000020373" classname="ds.gamlss_smk_mod4" name="gamlss_WEIGHT_GAIN"/>
    <testcase time="0.00199999999995271" classname="ds.gamlss_smk_mod4" name="gamlss_WEIGHT_GAIN"/>
    <testcase time="0.000999999999748979" classname="ds.gamlss_smk_mod4" name="gamlss_WEIGHT_GAIN"/>
    <testcase time="0.00199999999995271" classname="ds.gamlss_smk_mod4" name="gamlss_WEIGHT_GAIN"/>
    <testcase time="0.00199999999995271" classname="ds.gamlss_smk_mod4" name="gamlss_WEIGHT_GAIN"/>
    <testcase time="0.00300000000015643" classname="ds.gamlss_smk_mod4" name="gamlss_WEIGHT_GAIN"/>
    <testcase time="0.00100000000020373" classname="ds.gamlss_smk_mod4" name="gamlss_WEIGHT_GAIN"/>
    <testcase time="0.00199999999995271" classname="ds.gamlss_smk_mod4" name="gamlss_WEIGHT_GAIN"/>
    <testcase time="0.000999999999748979" classname="ds.gamlss_smk_mod4" name="gamlss_WEIGHT_GAIN"/>
    <testcase time="0.00199999999995271" classname="ds.gamlss_smk_mod4" name="gamlss_WEIGHT_GAIN"/>
    <testcase time="0.00100000000020373" classname="ds.gamlss_smk_mod4" name="gamlss_WEIGHT_GAIN"/>
    <testcase time="0.00199999999995271" classname="ds.gamlss_smk_mod4" name="gamlss_WEIGHT_GAIN"/>
    <testcase time="0.00100000000020373" classname="ds.gamlss_smk_mod4" name="gamlss_WEIGHT_GAIN"/>
    <testcase time="0.00199999999995271" classname="ds.gamlss_smk_mod4" name="gamlss_WEIGHT_GAIN"/>
    <testcase time="0.000999999999748979" classname="ds.gamlss_smk_mod4" name="gamlss_WEIGHT_GAIN"/>
    <testcase time="0.00100000000020373" classname="ds.gamlss_smk_mod4" name="gamlss_WEIGHT_GAIN"/>
    <testcase time="0.00199999999995271" classname="ds.gamlss_smk_mod4" name="gamlss_WEIGHT_GAIN"/>
    <testcase time="0.000999999999748979" classname="ds.gamlss_smk_mod4" name="gamlss_WEIGHT_GAIN"/>
    <testcase time="0.00200000000040745" classname="ds.gamlss_smk_mod4" name="gamlss_WEIGHT_GAIN"/>
    <testcase time="0.000999999999748979" classname="ds.gamlss_smk_mod4" name="gamlss_WEIGHT_GAIN"/>
    <testcase time="0.00199999999995271" classname="ds.gamlss_smk_mod4" name="gamlss_WEIGHT_GAIN"/>
    <testcase time="0.00100000000020373" classname="ds.gamlss_smk_mod4" name="gamlss_WEIGHT_GAIN"/>
    <testcase time="0.00199999999995271" classname="ds.gamlss_smk_mod4" name="gamlss_WEIGHT_GAIN"/>
    <testcase time="0.000999999999748979" classname="ds.gamlss_smk_mod4" name="gamlss_WEIGHT_GAIN"/>
  </testsuite>
  <testsuite name="ds.gamlss::smk::shutdown" timestamp="2025-10-28T12:51:48Z" hostname="runnervmwhb2z" tests="3" skipped="0" failures="0" errors="0" time="0.049">
    <testcase time="0.0460000000002765" classname="ds.gamlss_smk_shutdown" name="shutdown"/>
    <testcase time="0.000999999999748979" classname="ds.gamlss_smk_shutdown" name="shutdown"/>
    <testcase time="0.00199999999995271" classname="ds.gamlss_smk_shutdown" name="shutdown"/>
  </testsuite>
  <testsuite name="ds.gamlss::smk::done" timestamp="2025-10-28T12:51:48Z" hostname="runnervmwhb2z" tests="0" skipped="0" failures="0" errors="0" time="0"/>
  <testsuite name="smk-ds.getWGSR" timestamp="2025-10-28T12:51:48Z" hostname="runnervmwhb2z" tests="0" skipped="0" failures="0" errors="0" time="0"/>
  <testsuite name="ds.getWGSR::smk::setup" timestamp="2025-10-28T12:51:48Z" hostname="runnervmwhb2z" tests="3" skipped="0" failures="0" errors="0" time="7.333">
    <testcase time="7.33000000000038" classname="ds.getWGSR_smk_setup" name="setup"/>
    <testcase time="0.00199999999995271" classname="ds.getWGSR_smk_setup" name="setup"/>
    <testcase time="0.000999999999748979" classname="ds.getWGSR_smk_setup" name="setup"/>
  </testsuite>
  <testsuite name="ds.getWGSR::smk" timestamp="2025-10-28T12:51:55Z" hostname="runnervmwhb2z" tests="21" skipped="0" failures="0" errors="0" time="2.946">
    <testcase time="2.81100000000015" classname="ds.getWGSR_smk" name="simple_getWGSR"/>
    <testcase time="0.000999999999748979" classname="ds.getWGSR_smk" name="simple_getWGSR"/>
    <testcase time="0.00100000000020373" classname="ds.getWGSR_smk" name="simple_getWGSR"/>
    <testcase time="0.00100000000020373" classname="ds.getWGSR_smk" name="simple_getWGSR"/>
    <testcase time="0.000999999999748979" classname="ds.getWGSR_smk" name="simple_getWGSR"/>
    <testcase time="0.0750000000002728" classname="ds.getWGSR_smk" name="simple_getWGSR"/>
    <testcase time="0.00199999999995271" classname="ds.getWGSR_smk" name="simple_getWGSR"/>
    <testcase time="0.000999999999748979" classname="ds.getWGSR_smk" name="simple_getWGSR"/>
    <testcase time="0.00100000000020373" classname="ds.getWGSR_smk" name="simple_getWGSR"/>
    <testcase time="0.000999999999748979" classname="ds.getWGSR_smk" name="simple_getWGSR"/>
    <testcase time="0.000999999999748979" classname="ds.getWGSR_smk" name="simple_getWGSR"/>
    <testcase time="0.00100000000020373" classname="ds.getWGSR_smk" name="simple_getWGSR"/>
    <testcase time="0.0389999999997599" classname="ds.getWGSR_smk" name="simple_getWGSR"/>
    <testcase time="0.00100000000020373" classname="ds.getWGSR_smk" name="simple_getWGSR"/>
    <testcase time="0.00199999999995271" classname="ds.getWGSR_smk" name="simple_getWGSR"/>
    <testcase time="0.00100000000020373" classname="ds.getWGSR_smk" name="simple_getWGSR"/>
    <testcase time="0.000999999999748979" classname="ds.getWGSR_smk" name="simple_getWGSR"/>
    <testcase time="0.00100000000020373" classname="ds.getWGSR_smk" name="simple_getWGSR"/>
    <testcase time="0.00199999999995271" classname="ds.getWGSR_smk" name="simple_getWGSR"/>
    <testcase time="0.000999999999748979" classname="ds.getWGSR_smk" name="simple_getWGSR"/>
    <testcase time="0.00100000000020373" classname="ds.getWGSR_smk" name="simple_getWGSR"/>
  </testsuite>
  <testsuite name="ds.getWGSR::smk::shutdown" timestamp="2025-10-28T12:51:58Z" hostname="runnervmwhb2z" tests="3" skipped="0" failures="0" errors="0" time="0.049">
    <testcase time="0.0459999999998217" classname="ds.getWGSR_smk_shutdown" name="shutdown"/>
    <testcase time="0.00200000000040745" classname="ds.getWGSR_smk_shutdown" name="shutdown"/>
    <testcase time="0.000999999999748979" classname="ds.getWGSR_smk_shutdown" name="shutdown"/>
  </testsuite>
  <testsuite name="ds.getWGSR::smk::done" timestamp="2025-10-28T12:51:58Z" hostname="runnervmwhb2z" tests="0" skipped="0" failures="0" errors="0" time="0"/>
  <testsuite name="smk-ds.glm-binomial" timestamp="2025-10-28T12:51:58Z" hostname="runnervmwhb2z" tests="0" skipped="0" failures="0" errors="0" time="0"/>
  <testsuite name="ds.glm::smk::binomial::setup" timestamp="2025-10-28T12:51:58Z" hostname="runnervmwhb2z" tests="3" skipped="0" failures="0" errors="0" time="7.313">
    <testcase time="7.31100000000015" classname="ds.glm_smk_binomial_setup" name="setup"/>
    <testcase time="0.000999999999748979" classname="ds.glm_smk_binomial_setup" name="setup"/>
    <testcase time="0.00100000000020373" classname="ds.glm_smk_binomial_setup" name="setup"/>
  </testsuite>
  <testsuite name="ds.glm::smk::binomial" timestamp="2025-10-28T12:52:06Z" hostname="runnervmwhb2z" tests="20" skipped="0" failures="0" errors="0" time="0.845">
    <testcase time="0.811999999999898" classname="ds.glm_smk_binomial" name="glm_binomial"/>
    <testcase time="0.00199999999995271" classname="ds.glm_smk_binomial" name="glm_binomial"/>
    <testcase time="0.00100000000020373" classname="ds.glm_smk_binomial" name="glm_binomial"/>
    <testcase time="0.000999999999748979" classname="ds.glm_smk_binomial" name="glm_binomial"/>
    <testcase time="0.00100000000020373" classname="ds.glm_smk_binomial" name="glm_binomial"/>
    <testcase time="0.00799999999981083" classname="ds.glm_smk_binomial" name="glm_binomial"/>
    <testcase time="0.00100000000020373" classname="ds.glm_smk_binomial" name="glm_binomial"/>
    <testcase time="0.000999999999748979" classname="ds.glm_smk_binomial" name="glm_binomial"/>
    <testcase time="0.00100000000020373" classname="ds.glm_smk_binomial" name="glm_binomial"/>
    <testcase time="0.00199999999995271" classname="ds.glm_smk_binomial" name="glm_binomial"/>
    <testcase time="0.00100000000020373" classname="ds.glm_smk_binomial" name="glm_binomial"/>
    <testcase time="0.000999999999748979" classname="ds.glm_smk_binomial" name="glm_binomial"/>
    <testcase time="0.00100000000020373" classname="ds.glm_smk_binomial" name="glm_binomial"/>
    <testcase time="0.000999999999748979" classname="ds.glm_smk_binomial" name="glm_binomial"/>
    <testcase time="0.00300000000015643" classname="ds.glm_smk_binomial" name="glm_binomial"/>
    <testcase time="0.000999999999748979" classname="ds.glm_smk_binomial" name="glm_binomial"/>
    <testcase time="0.00300000000015643" classname="ds.glm_smk_binomial" name="glm_binomial"/>
    <testcase time="0.00100000000020373" classname="ds.glm_smk_binomial" name="glm_binomial"/>
    <testcase time="0.00199999999995271" classname="ds.glm_smk_binomial" name="glm_binomial"/>
    <testcase time="0.000999999999748979" classname="ds.glm_smk_binomial" name="glm_binomial"/>
  </testsuite>
  <testsuite name="ds.glm::smk::binomial, with check" timestamp="2025-10-28T12:52:06Z" hostname="runnervmwhb2z" tests="21" skipped="0" failures="0" errors="0" time="1.663">
    <testcase time="1.63599999999997" classname="ds.glm_smk_binomial_with_check" name="glm_binomial_with_check"/>
    <testcase time="0.00100000000020373" classname="ds.glm_smk_binomial_with_check" name="glm_binomial_with_check"/>
    <testcase time="0.000999999999748979" classname="ds.glm_smk_binomial_with_check" name="glm_binomial_with_check"/>
    <testcase time="0.00200000000040745" classname="ds.glm_smk_binomial_with_check" name="glm_binomial_with_check"/>
    <testcase time="0.000999999999748979" classname="ds.glm_smk_binomial_with_check" name="glm_binomial_with_check"/>
    <testcase time="0.00100000000020373" classname="ds.glm_smk_binomial_with_check" name="glm_binomial_with_check"/>
    <testcase time="0.000999999999748979" classname="ds.glm_smk_binomial_with_check" name="glm_binomial_with_check"/>
    <testcase time="0.00100000000020373" classname="ds.glm_smk_binomial_with_check" name="glm_binomial_with_check"/>
    <testcase time="0.00199999999995271" classname="ds.glm_smk_binomial_with_check" name="glm_binomial_with_check"/>
    <testcase time="0.000999999999748979" classname="ds.glm_smk_binomial_with_check" name="glm_binomial_with_check"/>
    <testcase time="0.00100000000020373" classname="ds.glm_smk_binomial_with_check" name="glm_binomial_with_check"/>
    <testcase time="0.00100000000020373" classname="ds.glm_smk_binomial_with_check" name="glm_binomial_with_check"/>
    <testcase time="0.000999999999748979" classname="ds.glm_smk_binomial_with_check" name="glm_binomial_with_check"/>
    <testcase time="0.00199999999995271" classname="ds.glm_smk_binomial_with_check" name="glm_binomial_with_check"/>
    <testcase time="0.00100000000020373" classname="ds.glm_smk_binomial_with_check" name="glm_binomial_with_check"/>
    <testcase time="0.00299999999970169" classname="ds.glm_smk_binomial_with_check" name="glm_binomial_with_check"/>
    <testcase time="0.00100000000020373" classname="ds.glm_smk_binomial_with_check" name="glm_binomial_with_check"/>
    <testcase time="0.00199999999995271" classname="ds.glm_smk_binomial_with_check" name="glm_binomial_with_check"/>
    <testcase time="0.00199999999995271" classname="ds.glm_smk_binomial_with_check" name="glm_binomial_with_check"/>
    <testcase time="0.00100000000020373" classname="ds.glm_smk_binomial_with_check" name="glm_binomial_with_check"/>
    <testcase time="0.000999999999748979" classname="ds.glm_smk_binomial_with_check" name="glm_binomial_with_check"/>
  </testsuite>
  <testsuite name="ds.glm::smk::binomial::shutdown" timestamp="2025-10-28T12:52:08Z" hostname="runnervmwhb2z" tests="3" skipped="0" failures="0" errors="0" time="0.048">
    <testcase time="0.0460000000002765" classname="ds.glm_smk_binomial_shutdown" name="shutdown"/>
    <testcase time="0.000999999999748979" classname="ds.glm_smk_binomial_shutdown" name="shutdown"/>
    <testcase time="0.00100000000020373" classname="ds.glm_smk_binomial_shutdown" name="shutdown"/>
  </testsuite>
  <testsuite name="ds.glm::smk::binomial::done" timestamp="2025-10-28T12:52:08Z" hostname="runnervmwhb2z" tests="0" skipped="0" failures="0" errors="0" time="0"/>
  <testsuite name="smk-ds.glm-gaussian" timestamp="2025-10-28T12:52:08Z" hostname="runnervmwhb2z" tests="0" skipped="0" failures="0" errors="0" time="0"/>
  <testsuite name="ds.glm::smk::gaussian::setup" timestamp="2025-10-28T12:52:08Z" hostname="runnervmwhb2z" tests="3" skipped="0" failures="0" errors="0" time="7.283">
    <testcase time="7.28099999999995" classname="ds.glm_smk_gaussian_setup" name="setup"/>
    <testcase time="0.000999999999748979" classname="ds.glm_smk_gaussian_setup" name="setup"/>
    <testcase time="0.00100000000020373" classname="ds.glm_smk_gaussian_setup" name="setup"/>
  </testsuite>
  <testsuite name="ds.glm::smk::gaussian" timestamp="2025-10-28T12:52:15Z" hostname="runnervmwhb2z" tests="20" skipped="0" failures="0" errors="0" time="0.28">
    <testcase time="0.253999999999905" classname="ds.glm_smk_gaussian" name="glm_gaussian"/>
    <testcase time="0.00100000000020373" classname="ds.glm_smk_gaussian" name="glm_gaussian"/>
    <testcase time="0.000999999999748979" classname="ds.glm_smk_gaussian" name="glm_gaussian"/>
    <testcase time="0.00199999999995271" classname="ds.glm_smk_gaussian" name="glm_gaussian"/>
    <testcase time="0.00100000000020373" classname="ds.glm_smk_gaussian" name="glm_gaussian"/>
    <testcase time="0.000999999999748979" classname="ds.glm_smk_gaussian" name="glm_gaussian"/>
    <testcase time="0.00100000000020373" classname="ds.glm_smk_gaussian" name="glm_gaussian"/>
    <testcase time="0.00199999999995271" classname="ds.glm_smk_gaussian" name="glm_gaussian"/>
    <testcase time="0.00100000000020373" classname="ds.glm_smk_gaussian" name="glm_gaussian"/>
    <testcase time="0.000999999999748979" classname="ds.glm_smk_gaussian" name="glm_gaussian"/>
    <testcase time="0.00100000000020373" classname="ds.glm_smk_gaussian" name="glm_gaussian"/>
    <testcase time="0.000999999999748979" classname="ds.glm_smk_gaussian" name="glm_gaussian"/>
    <testcase time="0.00100000000020373" classname="ds.glm_smk_gaussian" name="glm_gaussian"/>
    <testcase time="0.00199999999995271" classname="ds.glm_smk_gaussian" name="glm_gaussian"/>
    <testcase time="0.00199999999995271" classname="ds.glm_smk_gaussian" name="glm_gaussian"/>
    <testcase time="0.00199999999995271" classname="ds.glm_smk_gaussian" name="glm_gaussian"/>
    <testcase time="0.00199999999995271" classname="ds.glm_smk_gaussian" name="glm_gaussian"/>
    <testcase time="0.00199999999995271" classname="ds.glm_smk_gaussian" name="glm_gaussian"/>
    <testcase time="0.00100000000020373" classname="ds.glm_smk_gaussian" name="glm_gaussian"/>
    <testcase time="0.00100000000020373" classname="ds.glm_smk_gaussian" name="glm_gaussian"/>
  </testsuite>
  <testsuite name="ds.glm::smk::gaussian, with check" timestamp="2025-10-28T12:52:16Z" hostname="runnervmwhb2z" tests="21" skipped="0" failures="0" errors="0" time="0.597">
    <testcase time="0.570999999999913" classname="ds.glm_smk_gaussian_with_check" name="glm_gaussian_with_check"/>
    <testcase time="0.000999999999748979" classname="ds.glm_smk_gaussian_with_check" name="glm_gaussian_with_check"/>
    <testcase time="0.00100000000020373" classname="ds.glm_smk_gaussian_with_check" name="glm_gaussian_with_check"/>
    <testcase time="0.000999999999748979" classname="ds.glm_smk_gaussian_with_check" name="glm_gaussian_with_check"/>
    <testcase time="0.000999999999748979" classname="ds.glm_smk_gaussian_with_check" name="glm_gaussian_with_check"/>
    <testcase time="0.00100000000020373" classname="ds.glm_smk_gaussian_with_check" name="glm_gaussian_with_check"/>
    <testcase time="0.00100000000020373" classname="ds.glm_smk_gaussian_with_check" name="glm_gaussian_with_check"/>
    <testcase time="0.000999999999748979" classname="ds.glm_smk_gaussian_with_check" name="glm_gaussian_with_check"/>
    <testcase time="0.00199999999995271" classname="ds.glm_smk_gaussian_with_check" name="glm_gaussian_with_check"/>
    <testcase time="0.00100000000020373" classname="ds.glm_smk_gaussian_with_check" name="glm_gaussian_with_check"/>
    <testcase time="0.000999999999748979" classname="ds.glm_smk_gaussian_with_check" name="glm_gaussian_with_check"/>
    <testcase time="0.00100000000020373" classname="ds.glm_smk_gaussian_with_check" name="glm_gaussian_with_check"/>
    <testcase time="0.000999999999748979" classname="ds.glm_smk_gaussian_with_check" name="glm_gaussian_with_check"/>
    <testcase time="0.00200000000040745" classname="ds.glm_smk_gaussian_with_check" name="glm_gaussian_with_check"/>
    <testcase time="0.000999999999748979" classname="ds.glm_smk_gaussian_with_check" name="glm_gaussian_with_check"/>
    <testcase time="0.00300000000015643" classname="ds.glm_smk_gaussian_with_check" name="glm_gaussian_with_check"/>
    <testcase time="0.000999999999748979" classname="ds.glm_smk_gaussian_with_check" name="glm_gaussian_with_check"/>
    <testcase time="0.00300000000015643" classname="ds.glm_smk_gaussian_with_check" name="glm_gaussian_with_check"/>
    <testcase time="0.00100000000020373" classname="ds.glm_smk_gaussian_with_check" name="glm_gaussian_with_check"/>
    <testcase time="0.000999999999748979" classname="ds.glm_smk_gaussian_with_check" name="glm_gaussian_with_check"/>
    <testcase time="0.00100000000020373" classname="ds.glm_smk_gaussian_with_check" name="glm_gaussian_with_check"/>
  </testsuite>
  <testsuite name="ds.glm::smk::gaussian::shutdown" timestamp="2025-10-28T12:52:16Z" hostname="runnervmwhb2z" tests="3" skipped="0" failures="0" errors="0" time="0.048">
    <testcase time="0.0459999999998217" classname="ds.glm_smk_gaussian_shutdown" name="shutdown"/>
    <testcase time="0.00100000000020373" classname="ds.glm_smk_gaussian_shutdown" name="shutdown"/>
    <testcase time="0.000999999999748979" classname="ds.glm_smk_gaussian_shutdown" name="shutdown"/>
  </testsuite>
  <testsuite name="ds.glm::smk::gaussian::done" timestamp="2025-10-28T12:52:17Z" hostname="runnervmwhb2z" tests="0" skipped="0" failures="0" errors="0" time="0"/>
  <testsuite name="smk-ds.glm-poisson" timestamp="2025-10-28T12:52:17Z" hostname="runnervmwhb2z" tests="0" skipped="0" failures="0" errors="0" time="0"/>
  <testsuite name="ds.glm::smk::poisson::setup" timestamp="2025-10-28T12:52:17Z" hostname="runnervmwhb2z" tests="3" skipped="0" failures="0" errors="0" time="7.334">
    <testcase time="7.33199999999988" classname="ds.glm_smk_poisson_setup" name="setup"/>
    <testcase time="0.00100000000020373" classname="ds.glm_smk_poisson_setup" name="setup"/>
    <testcase time="0.000999999999748979" classname="ds.glm_smk_poisson_setup" name="setup"/>
  </testsuite>
  <testsuite name="ds.glm::smk::poisson" timestamp="2025-10-28T12:52:24Z" hostname="runnervmwhb2z" tests="20" skipped="0" failures="0" errors="0" time="0.786">
    <testcase time="0.760000000000218" classname="ds.glm_smk_poisson" name="glm_gaussian"/>
    <testcase time="0.00199999999995271" classname="ds.glm_smk_poisson" name="glm_gaussian"/>
    <testcase time="0.00100000000020373" classname="ds.glm_smk_poisson" name="glm_gaussian"/>
    <testcase time="0.000999999999748979" classname="ds.glm_smk_poisson" name="glm_gaussian"/>
    <testcase time="0.00100000000020373" classname="ds.glm_smk_poisson" name="glm_gaussian"/>
    <testcase time="0.000999999999748979" classname="ds.glm_smk_poisson" name="glm_gaussian"/>
    <testcase time="0.00199999999995271" classname="ds.glm_smk_poisson" name="glm_gaussian"/>
    <testcase time="0.00100000000020373" classname="ds.glm_smk_poisson" name="glm_gaussian"/>
    <testcase time="0.00100000000020373" classname="ds.glm_smk_poisson" name="glm_gaussian"/>
    <testcase time="0.000999999999748979" classname="ds.glm_smk_poisson" name="glm_gaussian"/>
    <testcase time="0.00100000000020373" classname="ds.glm_smk_poisson" name="glm_gaussian"/>
    <testcase time="0.00199999999995271" classname="ds.glm_smk_poisson" name="glm_gaussian"/>
    <testcase time="0.000999999999748979" classname="ds.glm_smk_poisson" name="glm_gaussian"/>
    <testcase time="0.00100000000020373" classname="ds.glm_smk_poisson" name="glm_gaussian"/>
    <testcase time="0.00299999999970169" classname="ds.glm_smk_poisson" name="glm_gaussian"/>
    <testcase time="0.00100000000020373" classname="ds.glm_smk_poisson" name="glm_gaussian"/>
    <testcase time="0.00199999999995271" classname="ds.glm_smk_poisson" name="glm_gaussian"/>
    <testcase time="0.00199999999995271" classname="ds.glm_smk_poisson" name="glm_gaussian"/>
    <testcase time="0.00100000000020373" classname="ds.glm_smk_poisson" name="glm_gaussian"/>
    <testcase time="0.000999999999748979" classname="ds.glm_smk_poisson" name="glm_gaussian"/>
  </testsuite>
  <testsuite name="ds.glm::smk::poisson, with check" timestamp="2025-10-28T12:52:24Z" hostname="runnervmwhb2z" tests="21" skipped="0" failures="0" errors="0" time="1.237">
    <testcase time="1.21000000000004" classname="ds.glm_smk_poisson_with_check" name="glm_gaussian_which_check"/>
    <testcase time="0.00100000000020373" classname="ds.glm_smk_poisson_with_check" name="glm_gaussian_which_check"/>
    <testcase time="0.00199999999995271" classname="ds.glm_smk_poisson_with_check" name="glm_gaussian_which_check"/>
    <testcase time="0.000999999999748979" classname="ds.glm_smk_poisson_with_check" name="glm_gaussian_which_check"/>
    <testcase time="0.00100000000020373" classname="ds.glm_smk_poisson_with_check" name="glm_gaussian_which_check"/>
    <testcase time="0.00100000000020373" classname="ds.glm_smk_poisson_with_check" name="glm_gaussian_which_check"/>
    <testcase time="0.000999999999748979" classname="ds.glm_smk_poisson_with_check" name="glm_gaussian_which_check"/>
    <testcase time="0.00100000000020373" classname="ds.glm_smk_poisson_with_check" name="glm_gaussian_which_check"/>
    <testcase time="0.00199999999995271" classname="ds.glm_smk_poisson_with_check" name="glm_gaussian_which_check"/>
    <testcase time="0.000999999999748979" classname="ds.glm_smk_poisson_with_check" name="glm_gaussian_which_check"/>
    <testcase time="0.00100000000020373" classname="ds.glm_smk_poisson_with_check" name="glm_gaussian_which_check"/>
    <testcase time="0.000999999999748979" classname="ds.glm_smk_poisson_with_check" name="glm_gaussian_which_check"/>
    <testcase time="0.00100000000020373" classname="ds.glm_smk_poisson_with_check" name="glm_gaussian_which_check"/>
    <testcase time="0.00199999999995271" classname="ds.glm_smk_poisson_with_check" name="glm_gaussian_which_check"/>
    <testcase time="0.00100000000020373" classname="ds.glm_smk_poisson_with_check" name="glm_gaussian_which_check"/>
    <testcase time="0.00199999999995271" classname="ds.glm_smk_poisson_with_check" name="glm_gaussian_which_check"/>
    <testcase time="0.00199999999995271" classname="ds.glm_smk_poisson_with_check" name="glm_gaussian_which_check"/>
    <testcase time="0.00199999999995271" classname="ds.glm_smk_poisson_with_check" name="glm_gaussian_which_check"/>
    <testcase time="0.00199999999995271" classname="ds.glm_smk_poisson_with_check" name="glm_gaussian_which_check"/>
    <testcase time="0.00100000000020373" classname="ds.glm_smk_poisson_with_check" name="glm_gaussian_which_check"/>
    <testcase time="0.000999999999748979" classname="ds.glm_smk_poisson_with_check" name="glm_gaussian_which_check"/>
  </testsuite>
  <testsuite name="ds.glm::smk::poisson::shutdown" timestamp="2025-10-28T12:52:26Z" hostname="runnervmwhb2z" tests="3" skipped="0" failures="0" errors="0" time="0.047">
    <testcase time="0.0450000000000728" classname="ds.glm_smk_poisson_shutdown" name="shutdown"/>
    <testcase time="0.00100000000020373" classname="ds.glm_smk_poisson_shutdown" name="shutdown"/>
    <testcase time="0.000999999999748979" classname="ds.glm_smk_poisson_shutdown" name="shutdown"/>
  </testsuite>
  <testsuite name="ds.glm::smk::poisson::done" timestamp="2025-10-28T12:52:26Z" hostname="runnervmwhb2z" tests="0" skipped="0" failures="0" errors="0" time="0"/>
  <testsuite name="smk-ds.glmerSLMA" timestamp="2025-10-28T12:52:26Z" hostname="runnervmwhb2z" tests="0" skipped="0" failures="0" errors="0" time="0"/>
  <testsuite name="ds.glmerSLMA::smk::setup - phase 1" timestamp="2025-10-28T12:52:26Z" hostname="runnervmwhb2z" tests="3" skipped="0" failures="0" errors="0" time="7.324">
    <testcase time="7.32099999999991" classname="ds.glmerSLMA_smk_setup_phase_1" name="setup"/>
    <testcase time="0.00199999999995271" classname="ds.glmerSLMA_smk_setup_phase_1" name="setup"/>
    <testcase time="0.00100000000020373" classname="ds.glmerSLMA_smk_setup_phase_1" name="setup"/>
  </testsuite>
  <testsuite name="ds.glmerSLMA::smk::phase 1" timestamp="2025-10-28T12:52:33Z" hostname="runnervmwhb2z" tests="10" skipped="0" failures="0" errors="0" time="5.378">
    <testcase time="0.445999999999913" classname="ds.glmerSLMA_smk_phase_1" name="simple_glmerSLMA_tesing_mis_use_of_arguments"/>
    <testcase time="0.887000000000171" classname="ds.glmerSLMA_smk_phase_1" name="simple_glmerSLMA_tesing_mis_use_of_arguments"/>
    <testcase time="0.911999999999807" classname="ds.glmerSLMA_smk_phase_1" name="test_offsets_and_weights"/>
    <testcase time="0.382000000000062" classname="ds.glmerSLMA_smk_phase_1" name="test_offsets_and_weights"/>
    <testcase time="0.364000000000033" classname="ds.glmerSLMA_smk_phase_1" name="test_offsets_and_weights"/>
    <testcase time="0.358000000000175" classname="ds.glmerSLMA_smk_phase_1" name="test_offsets_and_weights"/>
    <testcase time="0.504999999999654" classname="ds.glmerSLMA_smk_phase_1" name="alternative_formulae_for_nested_groups"/>
    <testcase time="0.513000000000375" classname="ds.glmerSLMA_smk_phase_1" name="alternative_formulae_for_nested_groups"/>
    <testcase time="0.359999999999673" classname="ds.glmerSLMA_smk_phase_1" name="simple_glmerSLMA"/>
    <testcase time="0.651000000000295" classname="ds.glmerSLMA_smk_phase_1" name="simple_glmerSLMA_with_assign_TRUE"/>
  </testsuite>
  <testsuite name="ds.glmerSLMA::smk::shutdown - phase 1" timestamp="2025-10-28T12:52:38Z" hostname="runnervmwhb2z" tests="3" skipped="0" failures="0" errors="0" time="0.05">
    <testcase time="0.0479999999997744" classname="ds.glmerSLMA_smk_shutdown_phase_1" name="setup"/>
    <testcase time="0.00100000000020373" classname="ds.glmerSLMA_smk_shutdown_phase_1" name="setup"/>
    <testcase time="0.000999999999748979" classname="ds.glmerSLMA_smk_shutdown_phase_1" name="setup"/>
  </testsuite>
  <testsuite name="ds.glmerSLMA::smk::setup - phase 2" timestamp="2025-10-28T12:52:39Z" hostname="runnervmwhb2z" tests="3" skipped="0" failures="0" errors="0" time="7.406">
    <testcase time="7.404" classname="ds.glmerSLMA_smk_setup_phase_2" name="setup"/>
    <testcase time="0.00100000000020373" classname="ds.glmerSLMA_smk_setup_phase_2" name="setup"/>
    <testcase time="0.000999999999748979" classname="ds.glmerSLMA_smk_setup_phase_2" name="setup"/>
  </testsuite>
  <testsuite name="ds.glmerSLMA::smk::test - phase 2" timestamp="2025-10-28T12:52:46Z" hostname="runnervmwhb2z" tests="54" skipped="0" failures="0" errors="0" time="9.521">
    <testcase time="4.73300000000017" classname="ds.glmerSLMA_smk_test_phase_2" name="check_slope_formulae_1"/>
    <testcase time="0.00199999999995271" classname="ds.glmerSLMA_smk_test_phase_2" name="check_slope_formulae_1"/>
    <testcase time="0.00100000000020373" classname="ds.glmerSLMA_smk_test_phase_2" name="check_slope_formulae_1"/>
    <testcase time="0.000999999999748979" classname="ds.glmerSLMA_smk_test_phase_2" name="check_slope_formulae_1"/>
    <testcase time="0.00100000000020373" classname="ds.glmerSLMA_smk_test_phase_2" name="check_slope_formulae_1"/>
    <testcase time="0.000999999999748979" classname="ds.glmerSLMA_smk_test_phase_2" name="check_slope_formulae_1"/>
    <testcase time="0.00199999999995271" classname="ds.glmerSLMA_smk_test_phase_2" name="check_slope_formulae_1"/>
    <testcase time="0.00300000000015643" classname="ds.glmerSLMA_smk_test_phase_2" name="check_slope_formulae_1"/>
    <testcase time="0.00199999999995271" classname="ds.glmerSLMA_smk_test_phase_2" name="check_slope_formulae_1"/>
    <testcase time="0.00199999999995271" classname="ds.glmerSLMA_smk_test_phase_2" name="check_slope_formulae_1"/>
    <testcase time="0.00100000000020373" classname="ds.glmerSLMA_smk_test_phase_2" name="check_slope_formulae_1"/>
    <testcase time="0.00999999999976353" classname="ds.glmerSLMA_smk_test_phase_2" name="check_slope_formulae_1"/>
    <testcase time="0.00199999999995271" classname="ds.glmerSLMA_smk_test_phase_2" name="check_slope_formulae_1"/>
    <testcase time="0.00100000000020373" classname="ds.glmerSLMA_smk_test_phase_2" name="check_slope_formulae_1"/>
    <testcase time="0.00199999999995271" classname="ds.glmerSLMA_smk_test_phase_2" name="check_slope_formulae_1"/>
    <testcase time="0.00199999999995271" classname="ds.glmerSLMA_smk_test_phase_2" name="check_slope_formulae_1"/>
    <testcase time="0.00300000000015643" classname="ds.glmerSLMA_smk_test_phase_2" name="check_slope_formulae_1"/>
    <testcase time="0.000999999999748979" classname="ds.glmerSLMA_smk_test_phase_2" name="check_slope_formulae_1"/>
    <testcase time="0.00100000000020373" classname="ds.glmerSLMA_smk_test_phase_2" name="check_slope_formulae_1"/>
    <testcase time="0.00300000000015643" classname="ds.glmerSLMA_smk_test_phase_2" name="check_slope_formulae_1"/>
    <testcase time="0.00199999999995271" classname="ds.glmerSLMA_smk_test_phase_2" name="check_slope_formulae_1"/>
    <testcase time="0.00199999999995271" classname="ds.glmerSLMA_smk_test_phase_2" name="check_slope_formulae_1"/>
    <testcase time="0.000999999999748979" classname="ds.glmerSLMA_smk_test_phase_2" name="check_slope_formulae_1"/>
    <testcase time="0.00300000000015643" classname="ds.glmerSLMA_smk_test_phase_2" name="check_slope_formulae_1"/>
    <testcase time="0.00199999999995271" classname="ds.glmerSLMA_smk_test_phase_2" name="check_slope_formulae_1"/>
    <testcase time="0.00100000000020373" classname="ds.glmerSLMA_smk_test_phase_2" name="check_slope_formulae_1"/>
    <testcase time="0.00199999999995271" classname="ds.glmerSLMA_smk_test_phase_2" name="check_slope_formulae_1"/>
    <testcase time="4.68599999999969" classname="ds.glmerSLMA_smk_test_phase_2" name="check_slope_formulae_2"/>
    <testcase time="0.00200000000040745" classname="ds.glmerSLMA_smk_test_phase_2" name="check_slope_formulae_2"/>
    <testcase time="0.000999999999748979" classname="ds.glmerSLMA_smk_test_phase_2" name="check_slope_formulae_2"/>
    <testcase time="0.00100000000020373" classname="ds.glmerSLMA_smk_test_phase_2" name="check_slope_formulae_2"/>
    <testcase time="0.000999999999748979" classname="ds.glmerSLMA_smk_test_phase_2" name="check_slope_formulae_2"/>
    <testcase time="0.00199999999995271" classname="ds.glmerSLMA_smk_test_phase_2" name="check_slope_formulae_2"/>
    <testcase time="0.00100000000020373" classname="ds.glmerSLMA_smk_test_phase_2" name="check_slope_formulae_2"/>
    <testcase time="0.00300000000015643" classname="ds.glmerSLMA_smk_test_phase_2" name="check_slope_formulae_2"/>
    <testcase time="0.00199999999995271" classname="ds.glmerSLMA_smk_test_phase_2" name="check_slope_formulae_2"/>
    <testcase time="0.00199999999995271" classname="ds.glmerSLMA_smk_test_phase_2" name="check_slope_formulae_2"/>
    <testcase time="0.000999999999748979" classname="ds.glmerSLMA_smk_test_phase_2" name="check_slope_formulae_2"/>
    <testcase time="0.00300000000015643" classname="ds.glmerSLMA_smk_test_phase_2" name="check_slope_formulae_2"/>
    <testcase time="0.00199999999995271" classname="ds.glmerSLMA_smk_test_phase_2" name="check_slope_formulae_2"/>
    <testcase time="0.00100000000020373" classname="ds.glmerSLMA_smk_test_phase_2" name="check_slope_formulae_2"/>
    <testcase time="0.00199999999995271" classname="ds.glmerSLMA_smk_test_phase_2" name="check_slope_formulae_2"/>
    <testcase time="0.00199999999995271" classname="ds.glmerSLMA_smk_test_phase_2" name="check_slope_formulae_2"/>
    <testcase time="0.00299999999970169" classname="ds.glmerSLMA_smk_test_phase_2" name="check_slope_formulae_2"/>
    <testcase time="0.00100000000020373" classname="ds.glmerSLMA_smk_test_phase_2" name="check_slope_formulae_2"/>
    <testcase time="0.00199999999995271" classname="ds.glmerSLMA_smk_test_phase_2" name="check_slope_formulae_2"/>
    <testcase time="0.00199999999995271" classname="ds.glmerSLMA_smk_test_phase_2" name="check_slope_formulae_2"/>
    <testcase time="0.00300000000015643" classname="ds.glmerSLMA_smk_test_phase_2" name="check_slope_formulae_2"/>
    <testcase time="0.000999999999748979" classname="ds.glmerSLMA_smk_test_phase_2" name="check_slope_formulae_2"/>
    <testcase time="0.00200000000040745" classname="ds.glmerSLMA_smk_test_phase_2" name="check_slope_formulae_2"/>
    <testcase time="0.00199999999995271" classname="ds.glmerSLMA_smk_test_phase_2" name="check_slope_formulae_2"/>
    <testcase time="0.00299999999970169" classname="ds.glmerSLMA_smk_test_phase_2" name="check_slope_formulae_2"/>
    <testcase time="0.00100000000020373" classname="ds.glmerSLMA_smk_test_phase_2" name="check_slope_formulae_2"/>
    <testcase time="0.00199999999995271" classname="ds.glmerSLMA_smk_test_phase_2" name="check_slope_formulae_2"/>
  </testsuite>
  <testsuite name="ds.glmerSLMA::smk::shutdown - phase 2" timestamp="2025-10-28T12:52:55Z" hostname="runnervmwhb2z" tests="3" skipped="0" failures="0" errors="0" time="0.049">
    <testcase time="0.0459999999998217" classname="ds.glmerSLMA_smk_shutdown_phase_2" name="setup"/>
    <testcase time="0.00100000000020373" classname="ds.glmerSLMA_smk_shutdown_phase_2" name="setup"/>
    <testcase time="0.00199999999995271" classname="ds.glmerSLMA_smk_shutdown_phase_2" name="setup"/>
  </testsuite>
  <testsuite name="ds.glmerSLMA::smk::done" timestamp="2025-10-28T12:52:56Z" hostname="runnervmwhb2z" tests="0" skipped="0" failures="0" errors="0" time="0"/>
  <testsuite name="smk-ds.glmPredict-binomial" timestamp="2025-10-28T12:52:56Z" hostname="runnervmwhb2z" tests="0" skipped="0" failures="0" errors="0" time="0"/>
  <testsuite name="ds.glmPredict::smk::binomial::setup" timestamp="2025-10-28T12:52:56Z" hostname="runnervmwhb2z" tests="3" skipped="0" failures="0" errors="0" time="7.352">
    <testcase time="7.34900000000016" classname="ds.glmPredict_smk_binomial_setup" name="setup"/>
    <testcase time="0.00199999999995271" classname="ds.glmPredict_smk_binomial_setup" name="setup"/>
    <testcase time="0.000999999999748979" classname="ds.glmPredict_smk_binomial_setup" name="setup"/>
  </testsuite>
  <testsuite name="ds.glmPredict::smk::binomial::without_newobj" timestamp="2025-10-28T12:53:03Z" hostname="runnervmwhb2z" tests="69" skipped="0" failures="0" errors="0" time="0.641">
    <testcase time="0.334000000000287" classname="ds.glmPredict_smk_binomial_without_newobj" name="simple_glmPredict_binomial_without_newobj_se.fit_FALSE"/>
    <testcase time="0.000999999999748979" classname="ds.glmPredict_smk_binomial_without_newobj" name="simple_glmPredict_binomial_without_newobj_se.fit_FALSE"/>
    <testcase time="0.00100000000020373" classname="ds.glmPredict_smk_binomial_without_newobj" name="simple_glmPredict_binomial_without_newobj_se.fit_FALSE"/>
    <testcase time="0.000999999999748979" classname="ds.glmPredict_smk_binomial_without_newobj" name="simple_glmPredict_binomial_without_newobj_se.fit_FALSE"/>
    <testcase time="0.211999999999989" classname="ds.glmPredict_smk_binomial_without_newobj" name="simple_glmPredict_binomial_without_newobj_se.fit_FALSE"/>
    <testcase time="0.00100000000020373" classname="ds.glmPredict_smk_binomial_without_newobj" name="simple_glmPredict_binomial_without_newobj_se.fit_FALSE"/>
    <testcase time="0.000999999999748979" classname="ds.glmPredict_smk_binomial_without_newobj" name="simple_glmPredict_binomial_without_newobj_se.fit_FALSE"/>
    <testcase time="0.00100000000020373" classname="ds.glmPredict_smk_binomial_without_newobj" name="simple_glmPredict_binomial_without_newobj_se.fit_FALSE"/>
    <testcase time="0.00199999999995271" classname="ds.glmPredict_smk_binomial_without_newobj" name="simple_glmPredict_binomial_without_newobj_se.fit_FALSE"/>
    <testcase time="0.00100000000020373" classname="ds.glmPredict_smk_binomial_without_newobj" name="simple_glmPredict_binomial_without_newobj_se.fit_FALSE"/>
    <testcase time="0.00199999999995271" classname="ds.glmPredict_smk_binomial_without_newobj" name="simple_glmPredict_binomial_without_newobj_se.fit_FALSE"/>
    <testcase time="0.00199999999995271" classname="ds.glmPredict_smk_binomial_without_newobj" name="simple_glmPredict_binomial_without_newobj_se.fit_FALSE"/>
    <testcase time="0.00199999999995271" classname="ds.glmPredict_smk_binomial_without_newobj" name="simple_glmPredict_binomial_without_newobj_se.fit_FALSE"/>
    <testcase time="0.00199999999995271" classname="ds.glmPredict_smk_binomial_without_newobj" name="simple_glmPredict_binomial_without_newobj_se.fit_FALSE"/>
    <testcase time="0.00100000000020373" classname="ds.glmPredict_smk_binomial_without_newobj" name="simple_glmPredict_binomial_without_newobj_se.fit_FALSE"/>
    <testcase time="0.000999999999748979" classname="ds.glmPredict_smk_binomial_without_newobj" name="simple_glmPredict_binomial_without_newobj_se.fit_FALSE"/>
    <testcase time="0.00100000000020373" classname="ds.glmPredict_smk_binomial_without_newobj" name="simple_glmPredict_binomial_without_newobj_se.fit_FALSE"/>
    <testcase time="0.00199999999995271" classname="ds.glmPredict_smk_binomial_without_newobj" name="simple_glmPredict_binomial_without_newobj_se.fit_FALSE"/>
    <testcase time="0.000999999999748979" classname="ds.glmPredict_smk_binomial_without_newobj" name="simple_glmPredict_binomial_without_newobj_se.fit_FALSE"/>
    <testcase time="0.00100000000020373" classname="ds.glmPredict_smk_binomial_without_newobj" name="simple_glmPredict_binomial_without_newobj_se.fit_FALSE"/>
    <testcase time="0.000999999999748979" classname="ds.glmPredict_smk_binomial_without_newobj" name="simple_glmPredict_binomial_without_newobj_se.fit_FALSE"/>
    <testcase time="0.00200000000040745" classname="ds.glmPredict_smk_binomial_without_newobj" name="simple_glmPredict_binomial_without_newobj_se.fit_FALSE"/>
    <testcase time="0.000999999999748979" classname="ds.glmPredict_smk_binomial_without_newobj" name="simple_glmPredict_binomial_without_newobj_se.fit_FALSE"/>
    <testcase time="0.00100000000020373" classname="ds.glmPredict_smk_binomial_without_newobj" name="simple_glmPredict_binomial_without_newobj_se.fit_FALSE"/>
    <testcase time="0.00199999999995271" classname="ds.glmPredict_smk_binomial_without_newobj" name="simple_glmPredict_binomial_without_newobj_se.fit_FALSE"/>
    <testcase time="0.000999999999748979" classname="ds.glmPredict_smk_binomial_without_newobj" name="simple_glmPredict_binomial_without_newobj_se.fit_FALSE"/>
    <testcase time="0.00100000000020373" classname="ds.glmPredict_smk_binomial_without_newobj" name="simple_glmPredict_binomial_without_newobj_se.fit_FALSE"/>
    <testcase time="0.000999999999748979" classname="ds.glmPredict_smk_binomial_without_newobj" name="simple_glmPredict_binomial_without_newobj_se.fit_FALSE"/>
    <testcase time="0.00100000000020373" classname="ds.glmPredict_smk_binomial_without_newobj" name="simple_glmPredict_binomial_without_newobj_se.fit_FALSE"/>
    <testcase time="0.00199999999995271" classname="ds.glmPredict_smk_binomial_without_newobj" name="simple_glmPredict_binomial_without_newobj_se.fit_FALSE"/>
    <testcase time="0.00100000000020373" classname="ds.glmPredict_smk_binomial_without_newobj" name="simple_glmPredict_binomial_without_newobj_se.fit_FALSE"/>
    <testcase time="0.00299999999970169" classname="ds.glmPredict_smk_binomial_without_newobj" name="simple_glmPredict_binomial_without_newobj_se.fit_FALSE"/>
    <testcase time="0.00100000000020373" classname="ds.glmPredict_smk_binomial_without_newobj" name="simple_glmPredict_binomial_without_newobj_se.fit_FALSE"/>
    <testcase time="0.00300000000015643" classname="ds.glmPredict_smk_binomial_without_newobj" name="simple_glmPredict_binomial_without_newobj_se.fit_FALSE"/>
    <testcase time="0.000999999999748979" classname="ds.glmPredict_smk_binomial_without_newobj" name="simple_glmPredict_binomial_without_newobj_se.fit_FALSE"/>
    <testcase time="0.00100000000020373" classname="ds.glmPredict_smk_binomial_without_newobj" name="simple_glmPredict_binomial_without_newobj_se.fit_FALSE"/>
    <testcase time="0.00199999999995271" classname="ds.glmPredict_smk_binomial_without_newobj" name="simple_glmPredict_binomial_without_newobj_se.fit_FALSE"/>
    <testcase time="0.000999999999748979" classname="ds.glmPredict_smk_binomial_without_newobj" name="simple_glmPredict_binomial_without_newobj_se.fit_FALSE"/>
    <testcase time="0.00100000000020373" classname="ds.glmPredict_smk_binomial_without_newobj" name="simple_glmPredict_binomial_without_newobj_se.fit_FALSE"/>
    <testcase time="0.000999999999748979" classname="ds.glmPredict_smk_binomial_without_newobj" name="simple_glmPredict_binomial_without_newobj_se.fit_FALSE"/>
    <testcase time="0.00199999999995271" classname="ds.glmPredict_smk_binomial_without_newobj" name="simple_glmPredict_binomial_without_newobj_se.fit_FALSE"/>
    <testcase time="0.00100000000020373" classname="ds.glmPredict_smk_binomial_without_newobj" name="simple_glmPredict_binomial_without_newobj_se.fit_FALSE"/>
    <testcase time="0.00100000000020373" classname="ds.glmPredict_smk_binomial_without_newobj" name="simple_glmPredict_binomial_without_newobj_se.fit_FALSE"/>
    <testcase time="0.00199999999995271" classname="ds.glmPredict_smk_binomial_without_newobj" name="simple_glmPredict_binomial_without_newobj_se.fit_FALSE"/>
    <testcase time="0.000999999999748979" classname="ds.glmPredict_smk_binomial_without_newobj" name="simple_glmPredict_binomial_without_newobj_se.fit_FALSE"/>
    <testcase time="0.00100000000020373" classname="ds.glmPredict_smk_binomial_without_newobj" name="simple_glmPredict_binomial_without_newobj_se.fit_FALSE"/>
    <testcase time="0.00199999999995271" classname="ds.glmPredict_smk_binomial_without_newobj" name="simple_glmPredict_binomial_without_newobj_se.fit_FALSE"/>
    <testcase time="0.000999999999748979" classname="ds.glmPredict_smk_binomial_without_newobj" name="simple_glmPredict_binomial_without_newobj_se.fit_FALSE"/>
    <testcase time="0.00100000000020373" classname="ds.glmPredict_smk_binomial_without_newobj" name="simple_glmPredict_binomial_without_newobj_se.fit_FALSE"/>
    <testcase time="0.00199999999995271" classname="ds.glmPredict_smk_binomial_without_newobj" name="simple_glmPredict_binomial_without_newobj_se.fit_FALSE"/>
    <testcase time="0.00100000000020373" classname="ds.glmPredict_smk_binomial_without_newobj" name="simple_glmPredict_binomial_without_newobj_se.fit_FALSE"/>
    <testcase time="0.000999999999748979" classname="ds.glmPredict_smk_binomial_without_newobj" name="simple_glmPredict_binomial_without_newobj_se.fit_FALSE"/>
    <testcase time="0.00300000000015643" classname="ds.glmPredict_smk_binomial_without_newobj" name="simple_glmPredict_binomial_without_newobj_se.fit_FALSE"/>
    <testcase time="0.000999999999748979" classname="ds.glmPredict_smk_binomial_without_newobj" name="simple_glmPredict_binomial_without_newobj_se.fit_FALSE"/>
    <testcase time="0.00300000000015643" classname="ds.glmPredict_smk_binomial_without_newobj" name="simple_glmPredict_binomial_without_newobj_se.fit_FALSE"/>
    <testcase time="0.00100000000020373" classname="ds.glmPredict_smk_binomial_without_newobj" name="simple_glmPredict_binomial_without_newobj_se.fit_FALSE"/>
    <testcase time="0.00199999999995271" classname="ds.glmPredict_smk_binomial_without_newobj" name="simple_glmPredict_binomial_without_newobj_se.fit_FALSE"/>
    <testcase time="0.000999999999748979" classname="ds.glmPredict_smk_binomial_without_newobj" name="simple_glmPredict_binomial_without_newobj_se.fit_FALSE"/>
    <testcase time="0.00199999999995271" classname="ds.glmPredict_smk_binomial_without_newobj" name="simple_glmPredict_binomial_without_newobj_se.fit_FALSE"/>
    <testcase time="0.00100000000020373" classname="ds.glmPredict_smk_binomial_without_newobj" name="simple_glmPredict_binomial_without_newobj_se.fit_FALSE"/>
    <testcase time="0.000999999999748979" classname="ds.glmPredict_smk_binomial_without_newobj" name="simple_glmPredict_binomial_without_newobj_se.fit_FALSE"/>
    <testcase time="0.00200000000040745" classname="ds.glmPredict_smk_binomial_without_newobj" name="simple_glmPredict_binomial_without_newobj_se.fit_FALSE"/>
    <testcase time="0.000999999999748979" classname="ds.glmPredict_smk_binomial_without_newobj" name="simple_glmPredict_binomial_without_newobj_se.fit_FALSE"/>
    <testcase time="0.00100000000020373" classname="ds.glmPredict_smk_binomial_without_newobj" name="simple_glmPredict_binomial_without_newobj_se.fit_FALSE"/>
    <testcase time="0.00199999999995271" classname="ds.glmPredict_smk_binomial_without_newobj" name="simple_glmPredict_binomial_without_newobj_se.fit_FALSE"/>
    <testcase time="0.000999999999748979" classname="ds.glmPredict_smk_binomial_without_newobj" name="simple_glmPredict_binomial_without_newobj_se.fit_FALSE"/>
    <testcase time="0.00199999999995271" classname="ds.glmPredict_smk_binomial_without_newobj" name="simple_glmPredict_binomial_without_newobj_se.fit_FALSE"/>
    <testcase time="0.00100000000020373" classname="ds.glmPredict_smk_binomial_without_newobj" name="simple_glmPredict_binomial_without_newobj_se.fit_FALSE"/>
    <testcase time="0.00199999999995271" classname="ds.glmPredict_smk_binomial_without_newobj" name="simple_glmPredict_binomial_without_newobj_se.fit_FALSE"/>
  </testsuite>
  <testsuite name="ds.glmPredict::smk::binomial::with_newobj" timestamp="2025-10-28T12:53:03Z" hostname="runnervmwhb2z" tests="69" skipped="0" failures="0" errors="0" time="0.565">
    <testcase time="0.258000000000266" classname="ds.glmPredict_smk_binomial_with_newobj" name="simple_glmPredict_binomial_with_newobj_se.fit_FALSE"/>
    <testcase time="0.00199999999995271" classname="ds.glmPredict_smk_binomial_with_newobj" name="simple_glmPredict_binomial_with_newobj_se.fit_FALSE"/>
    <testcase time="0.000999999999748979" classname="ds.glmPredict_smk_binomial_with_newobj" name="simple_glmPredict_binomial_with_newobj_se.fit_FALSE"/>
    <testcase time="0.00100000000020373" classname="ds.glmPredict_smk_binomial_with_newobj" name="simple_glmPredict_binomial_with_newobj_se.fit_FALSE"/>
    <testcase time="0.210000000000036" classname="ds.glmPredict_smk_binomial_with_newobj" name="simple_glmPredict_binomial_with_newobj_se.fit_FALSE"/>
    <testcase time="0.000999999999748979" classname="ds.glmPredict_smk_binomial_with_newobj" name="simple_glmPredict_binomial_with_newobj_se.fit_FALSE"/>
    <testcase time="0.00199999999995271" classname="ds.glmPredict_smk_binomial_with_newobj" name="simple_glmPredict_binomial_with_newobj_se.fit_FALSE"/>
    <testcase time="0.00100000000020373" classname="ds.glmPredict_smk_binomial_with_newobj" name="simple_glmPredict_binomial_with_newobj_se.fit_FALSE"/>
    <testcase time="0.000999999999748979" classname="ds.glmPredict_smk_binomial_with_newobj" name="simple_glmPredict_binomial_with_newobj_se.fit_FALSE"/>
    <testcase time="0.00100000000020373" classname="ds.glmPredict_smk_binomial_with_newobj" name="simple_glmPredict_binomial_with_newobj_se.fit_FALSE"/>
    <testcase time="0.00300000000015643" classname="ds.glmPredict_smk_binomial_with_newobj" name="simple_glmPredict_binomial_with_newobj_se.fit_FALSE"/>
    <testcase time="0.000999999999748979" classname="ds.glmPredict_smk_binomial_with_newobj" name="simple_glmPredict_binomial_with_newobj_se.fit_FALSE"/>
    <testcase time="0.00300000000015643" classname="ds.glmPredict_smk_binomial_with_newobj" name="simple_glmPredict_binomial_with_newobj_se.fit_FALSE"/>
    <testcase time="0.000999999999748979" classname="ds.glmPredict_smk_binomial_with_newobj" name="simple_glmPredict_binomial_with_newobj_se.fit_FALSE"/>
    <testcase time="0.00199999999995271" classname="ds.glmPredict_smk_binomial_with_newobj" name="simple_glmPredict_binomial_with_newobj_se.fit_FALSE"/>
    <testcase time="0.00100000000020373" classname="ds.glmPredict_smk_binomial_with_newobj" name="simple_glmPredict_binomial_with_newobj_se.fit_FALSE"/>
    <testcase time="0.00100000000020373" classname="ds.glmPredict_smk_binomial_with_newobj" name="simple_glmPredict_binomial_with_newobj_se.fit_FALSE"/>
    <testcase time="0.000999999999748979" classname="ds.glmPredict_smk_binomial_with_newobj" name="simple_glmPredict_binomial_with_newobj_se.fit_FALSE"/>
    <testcase time="0.00100000000020373" classname="ds.glmPredict_smk_binomial_with_newobj" name="simple_glmPredict_binomial_with_newobj_se.fit_FALSE"/>
    <testcase time="0.00199999999995271" classname="ds.glmPredict_smk_binomial_with_newobj" name="simple_glmPredict_binomial_with_newobj_se.fit_FALSE"/>
    <testcase time="0.000999999999748979" classname="ds.glmPredict_smk_binomial_with_newobj" name="simple_glmPredict_binomial_with_newobj_se.fit_FALSE"/>
    <testcase time="0.00100000000020373" classname="ds.glmPredict_smk_binomial_with_newobj" name="simple_glmPredict_binomial_with_newobj_se.fit_FALSE"/>
    <testcase time="0.00199999999995271" classname="ds.glmPredict_smk_binomial_with_newobj" name="simple_glmPredict_binomial_with_newobj_se.fit_FALSE"/>
    <testcase time="0.00100000000020373" classname="ds.glmPredict_smk_binomial_with_newobj" name="simple_glmPredict_binomial_with_newobj_se.fit_FALSE"/>
    <testcase time="0.000999999999748979" classname="ds.glmPredict_smk_binomial_with_newobj" name="simple_glmPredict_binomial_with_newobj_se.fit_FALSE"/>
    <testcase time="0.00100000000020373" classname="ds.glmPredict_smk_binomial_with_newobj" name="simple_glmPredict_binomial_with_newobj_se.fit_FALSE"/>
    <testcase time="0.00199999999995271" classname="ds.glmPredict_smk_binomial_with_newobj" name="simple_glmPredict_binomial_with_newobj_se.fit_FALSE"/>
    <testcase time="0.000999999999748979" classname="ds.glmPredict_smk_binomial_with_newobj" name="simple_glmPredict_binomial_with_newobj_se.fit_FALSE"/>
    <testcase time="0.00100000000020373" classname="ds.glmPredict_smk_binomial_with_newobj" name="simple_glmPredict_binomial_with_newobj_se.fit_FALSE"/>
    <testcase time="0.000999999999748979" classname="ds.glmPredict_smk_binomial_with_newobj" name="simple_glmPredict_binomial_with_newobj_se.fit_FALSE"/>
    <testcase time="0.00200000000040745" classname="ds.glmPredict_smk_binomial_with_newobj" name="simple_glmPredict_binomial_with_newobj_se.fit_FALSE"/>
    <testcase time="0.00199999999995271" classname="ds.glmPredict_smk_binomial_with_newobj" name="simple_glmPredict_binomial_with_newobj_se.fit_FALSE"/>
    <testcase time="0.00199999999995271" classname="ds.glmPredict_smk_binomial_with_newobj" name="simple_glmPredict_binomial_with_newobj_se.fit_FALSE"/>
    <testcase time="0.00199999999995271" classname="ds.glmPredict_smk_binomial_with_newobj" name="simple_glmPredict_binomial_with_newobj_se.fit_FALSE"/>
    <testcase time="0.00199999999995271" classname="ds.glmPredict_smk_binomial_with_newobj" name="simple_glmPredict_binomial_with_newobj_se.fit_FALSE"/>
    <testcase time="0.000999999999748979" classname="ds.glmPredict_smk_binomial_with_newobj" name="simple_glmPredict_binomial_with_newobj_se.fit_FALSE"/>
    <testcase time="0.00100000000020373" classname="ds.glmPredict_smk_binomial_with_newobj" name="simple_glmPredict_binomial_with_newobj_se.fit_FALSE"/>
    <testcase time="0.00199999999995271" classname="ds.glmPredict_smk_binomial_with_newobj" name="simple_glmPredict_binomial_with_newobj_se.fit_FALSE"/>
    <testcase time="0.00100000000020373" classname="ds.glmPredict_smk_binomial_with_newobj" name="simple_glmPredict_binomial_with_newobj_se.fit_FALSE"/>
    <testcase time="0.000999999999748979" classname="ds.glmPredict_smk_binomial_with_newobj" name="simple_glmPredict_binomial_with_newobj_se.fit_FALSE"/>
    <testcase time="0.00100000000020373" classname="ds.glmPredict_smk_binomial_with_newobj" name="simple_glmPredict_binomial_with_newobj_se.fit_FALSE"/>
    <testcase time="0.00199999999995271" classname="ds.glmPredict_smk_binomial_with_newobj" name="simple_glmPredict_binomial_with_newobj_se.fit_FALSE"/>
    <testcase time="0.000999999999748979" classname="ds.glmPredict_smk_binomial_with_newobj" name="simple_glmPredict_binomial_with_newobj_se.fit_FALSE"/>
    <testcase time="0.00200000000040745" classname="ds.glmPredict_smk_binomial_with_newobj" name="simple_glmPredict_binomial_with_newobj_se.fit_FALSE"/>
    <testcase time="0.000999999999748979" classname="ds.glmPredict_smk_binomial_with_newobj" name="simple_glmPredict_binomial_with_newobj_se.fit_FALSE"/>
    <testcase time="0.00100000000020373" classname="ds.glmPredict_smk_binomial_with_newobj" name="simple_glmPredict_binomial_with_newobj_se.fit_FALSE"/>
    <testcase time="0.00199999999995271" classname="ds.glmPredict_smk_binomial_with_newobj" name="simple_glmPredict_binomial_with_newobj_se.fit_FALSE"/>
    <testcase time="0.000999999999748979" classname="ds.glmPredict_smk_binomial_with_newobj" name="simple_glmPredict_binomial_with_newobj_se.fit_FALSE"/>
    <testcase time="0.00100000000020373" classname="ds.glmPredict_smk_binomial_with_newobj" name="simple_glmPredict_binomial_with_newobj_se.fit_FALSE"/>
    <testcase time="0.000999999999748979" classname="ds.glmPredict_smk_binomial_with_newobj" name="simple_glmPredict_binomial_with_newobj_se.fit_FALSE"/>
    <testcase time="0.00200000000040745" classname="ds.glmPredict_smk_binomial_with_newobj" name="simple_glmPredict_binomial_with_newobj_se.fit_FALSE"/>
    <testcase time="0.000999999999748979" classname="ds.glmPredict_smk_binomial_with_newobj" name="simple_glmPredict_binomial_with_newobj_se.fit_FALSE"/>
    <testcase time="0.00300000000015643" classname="ds.glmPredict_smk_binomial_with_newobj" name="simple_glmPredict_binomial_with_newobj_se.fit_FALSE"/>
    <testcase time="0.000999999999748979" classname="ds.glmPredict_smk_binomial_with_newobj" name="simple_glmPredict_binomial_with_newobj_se.fit_FALSE"/>
    <testcase time="0.00300000000015643" classname="ds.glmPredict_smk_binomial_with_newobj" name="simple_glmPredict_binomial_with_newobj_se.fit_FALSE"/>
    <testcase time="0.00100000000020373" classname="ds.glmPredict_smk_binomial_with_newobj" name="simple_glmPredict_binomial_with_newobj_se.fit_FALSE"/>
    <testcase time="0.00199999999995271" classname="ds.glmPredict_smk_binomial_with_newobj" name="simple_glmPredict_binomial_with_newobj_se.fit_FALSE"/>
    <testcase time="0.000999999999748979" classname="ds.glmPredict_smk_binomial_with_newobj" name="simple_glmPredict_binomial_with_newobj_se.fit_FALSE"/>
    <testcase time="0.00199999999995271" classname="ds.glmPredict_smk_binomial_with_newobj" name="simple_glmPredict_binomial_with_newobj_se.fit_FALSE"/>
    <testcase time="0.00100000000020373" classname="ds.glmPredict_smk_binomial_with_newobj" name="simple_glmPredict_binomial_with_newobj_se.fit_FALSE"/>
    <testcase time="0.000999999999748979" classname="ds.glmPredict_smk_binomial_with_newobj" name="simple_glmPredict_binomial_with_newobj_se.fit_FALSE"/>
    <testcase time="0.00199999999995271" classname="ds.glmPredict_smk_binomial_with_newobj" name="simple_glmPredict_binomial_with_newobj_se.fit_FALSE"/>
    <testcase time="0.00100000000020373" classname="ds.glmPredict_smk_binomial_with_newobj" name="simple_glmPredict_binomial_with_newobj_se.fit_FALSE"/>
    <testcase time="0.00199999999995271" classname="ds.glmPredict_smk_binomial_with_newobj" name="simple_glmPredict_binomial_with_newobj_se.fit_FALSE"/>
    <testcase time="0.00100000000020373" classname="ds.glmPredict_smk_binomial_with_newobj" name="simple_glmPredict_binomial_with_newobj_se.fit_FALSE"/>
    <testcase time="0.000999999999748979" classname="ds.glmPredict_smk_binomial_with_newobj" name="simple_glmPredict_binomial_with_newobj_se.fit_FALSE"/>
    <testcase time="0.00199999999995271" classname="ds.glmPredict_smk_binomial_with_newobj" name="simple_glmPredict_binomial_with_newobj_se.fit_FALSE"/>
    <testcase time="0.00100000000020373" classname="ds.glmPredict_smk_binomial_with_newobj" name="simple_glmPredict_binomial_with_newobj_se.fit_FALSE"/>
    <testcase time="0.00199999999995271" classname="ds.glmPredict_smk_binomial_with_newobj" name="simple_glmPredict_binomial_with_newobj_se.fit_FALSE"/>
  </testsuite>
  <testsuite name="ds.glmPredict::smk::binomial::sefit_true" timestamp="2025-10-28T12:53:04Z" hostname="runnervmwhb2z" tests="114" skipped="0" failures="0" errors="0" time="0.641">
    <testcase time="0.255000000000109" classname="ds.glmPredict_smk_binomial_sefit_true" name="simple_glmPredict_binomial_with_newobj_se.fit_TRUE"/>
    <testcase time="0.00199999999995271" classname="ds.glmPredict_smk_binomial_sefit_true" name="simple_glmPredict_binomial_with_newobj_se.fit_TRUE"/>
    <testcase time="0.000999999999748979" classname="ds.glmPredict_smk_binomial_sefit_true" name="simple_glmPredict_binomial_with_newobj_se.fit_TRUE"/>
    <testcase time="0.00100000000020373" classname="ds.glmPredict_smk_binomial_sefit_true" name="simple_glmPredict_binomial_with_newobj_se.fit_TRUE"/>
    <testcase time="0.215000000000146" classname="ds.glmPredict_smk_binomial_sefit_true" name="simple_glmPredict_binomial_with_newobj_se.fit_TRUE"/>
    <testcase time="0.00199999999995271" classname="ds.glmPredict_smk_binomial_sefit_true" name="simple_glmPredict_binomial_with_newobj_se.fit_TRUE"/>
    <testcase time="0.000999999999748979" classname="ds.glmPredict_smk_binomial_sefit_true" name="simple_glmPredict_binomial_with_newobj_se.fit_TRUE"/>
    <testcase time="0.00100000000020373" classname="ds.glmPredict_smk_binomial_sefit_true" name="simple_glmPredict_binomial_with_newobj_se.fit_TRUE"/>
    <testcase time="0.00199999999995271" classname="ds.glmPredict_smk_binomial_sefit_true" name="simple_glmPredict_binomial_with_newobj_se.fit_TRUE"/>
    <testcase time="0.00100000000020373" classname="ds.glmPredict_smk_binomial_sefit_true" name="simple_glmPredict_binomial_with_newobj_se.fit_TRUE"/>
    <testcase time="0.00299999999970169" classname="ds.glmPredict_smk_binomial_sefit_true" name="simple_glmPredict_binomial_with_newobj_se.fit_TRUE"/>
    <testcase time="0.00100000000020373" classname="ds.glmPredict_smk_binomial_sefit_true" name="simple_glmPredict_binomial_with_newobj_se.fit_TRUE"/>
    <testcase time="0.00199999999995271" classname="ds.glmPredict_smk_binomial_sefit_true" name="simple_glmPredict_binomial_with_newobj_se.fit_TRUE"/>
    <testcase time="0.00199999999995271" classname="ds.glmPredict_smk_binomial_sefit_true" name="simple_glmPredict_binomial_with_newobj_se.fit_TRUE"/>
    <testcase time="0.000999999999748979" classname="ds.glmPredict_smk_binomial_sefit_true" name="simple_glmPredict_binomial_with_newobj_se.fit_TRUE"/>
    <testcase time="0.00100000000020373" classname="ds.glmPredict_smk_binomial_sefit_true" name="simple_glmPredict_binomial_with_newobj_se.fit_TRUE"/>
    <testcase time="0.00100000000020373" classname="ds.glmPredict_smk_binomial_sefit_true" name="simple_glmPredict_binomial_with_newobj_se.fit_TRUE"/>
    <testcase time="0.00199999999995271" classname="ds.glmPredict_smk_binomial_sefit_true" name="simple_glmPredict_binomial_with_newobj_se.fit_TRUE"/>
    <testcase time="0.000999999999748979" classname="ds.glmPredict_smk_binomial_sefit_true" name="simple_glmPredict_binomial_with_newobj_se.fit_TRUE"/>
    <testcase time="0.00100000000020373" classname="ds.glmPredict_smk_binomial_sefit_true" name="simple_glmPredict_binomial_with_newobj_se.fit_TRUE"/>
    <testcase time="0.000999999999748979" classname="ds.glmPredict_smk_binomial_sefit_true" name="simple_glmPredict_binomial_with_newobj_se.fit_TRUE"/>
    <testcase time="0.00199999999995271" classname="ds.glmPredict_smk_binomial_sefit_true" name="simple_glmPredict_binomial_with_newobj_se.fit_TRUE"/>
    <testcase time="0.00100000000020373" classname="ds.glmPredict_smk_binomial_sefit_true" name="simple_glmPredict_binomial_with_newobj_se.fit_TRUE"/>
    <testcase time="0.00100000000020373" classname="ds.glmPredict_smk_binomial_sefit_true" name="simple_glmPredict_binomial_with_newobj_se.fit_TRUE"/>
    <testcase time="0.00199999999995271" classname="ds.glmPredict_smk_binomial_sefit_true" name="simple_glmPredict_binomial_with_newobj_se.fit_TRUE"/>
    <testcase time="0.000999999999748979" classname="ds.glmPredict_smk_binomial_sefit_true" name="simple_glmPredict_binomial_with_newobj_se.fit_TRUE"/>
    <testcase time="0.00100000000020373" classname="ds.glmPredict_smk_binomial_sefit_true" name="simple_glmPredict_binomial_with_newobj_se.fit_TRUE"/>
    <testcase time="0.000999999999748979" classname="ds.glmPredict_smk_binomial_sefit_true" name="simple_glmPredict_binomial_with_newobj_se.fit_TRUE"/>
    <testcase time="0.00199999999995271" classname="ds.glmPredict_smk_binomial_sefit_true" name="simple_glmPredict_binomial_with_newobj_se.fit_TRUE"/>
    <testcase time="0.00100000000020373" classname="ds.glmPredict_smk_binomial_sefit_true" name="simple_glmPredict_binomial_with_newobj_se.fit_TRUE"/>
    <testcase time="0.00100000000020373" classname="ds.glmPredict_smk_binomial_sefit_true" name="simple_glmPredict_binomial_with_newobj_se.fit_TRUE"/>
    <testcase time="0.00199999999995271" classname="ds.glmPredict_smk_binomial_sefit_true" name="simple_glmPredict_binomial_with_newobj_se.fit_TRUE"/>
    <testcase time="0.000999999999748979" classname="ds.glmPredict_smk_binomial_sefit_true" name="simple_glmPredict_binomial_with_newobj_se.fit_TRUE"/>
    <testcase time="0.00100000000020373" classname="ds.glmPredict_smk_binomial_sefit_true" name="simple_glmPredict_binomial_with_newobj_se.fit_TRUE"/>
    <testcase time="0.000999999999748979" classname="ds.glmPredict_smk_binomial_sefit_true" name="simple_glmPredict_binomial_with_newobj_se.fit_TRUE"/>
    <testcase time="0.00199999999995271" classname="ds.glmPredict_smk_binomial_sefit_true" name="simple_glmPredict_binomial_with_newobj_se.fit_TRUE"/>
    <testcase time="0.00100000000020373" classname="ds.glmPredict_smk_binomial_sefit_true" name="simple_glmPredict_binomial_with_newobj_se.fit_TRUE"/>
    <testcase time="0.000999999999748979" classname="ds.glmPredict_smk_binomial_sefit_true" name="simple_glmPredict_binomial_with_newobj_se.fit_TRUE"/>
    <testcase time="0.00200000000040745" classname="ds.glmPredict_smk_binomial_sefit_true" name="simple_glmPredict_binomial_with_newobj_se.fit_TRUE"/>
    <testcase time="0.000999999999748979" classname="ds.glmPredict_smk_binomial_sefit_true" name="simple_glmPredict_binomial_with_newobj_se.fit_TRUE"/>
    <testcase time="0.00100000000020373" classname="ds.glmPredict_smk_binomial_sefit_true" name="simple_glmPredict_binomial_with_newobj_se.fit_TRUE"/>
    <testcase time="0.00199999999995271" classname="ds.glmPredict_smk_binomial_sefit_true" name="simple_glmPredict_binomial_with_newobj_se.fit_TRUE"/>
    <testcase time="0.000999999999748979" classname="ds.glmPredict_smk_binomial_sefit_true" name="simple_glmPredict_binomial_with_newobj_se.fit_TRUE"/>
    <testcase time="0.00100000000020373" classname="ds.glmPredict_smk_binomial_sefit_true" name="simple_glmPredict_binomial_with_newobj_se.fit_TRUE"/>
    <testcase time="0.000999999999748979" classname="ds.glmPredict_smk_binomial_sefit_true" name="simple_glmPredict_binomial_with_newobj_se.fit_TRUE"/>
    <testcase time="0.00200000000040745" classname="ds.glmPredict_smk_binomial_sefit_true" name="simple_glmPredict_binomial_with_newobj_se.fit_TRUE"/>
    <testcase time="0.00299999999970169" classname="ds.glmPredict_smk_binomial_sefit_true" name="simple_glmPredict_binomial_with_newobj_se.fit_TRUE"/>
    <testcase time="0.00100000000020373" classname="ds.glmPredict_smk_binomial_sefit_true" name="simple_glmPredict_binomial_with_newobj_se.fit_TRUE"/>
    <testcase time="0.00299999999970169" classname="ds.glmPredict_smk_binomial_sefit_true" name="simple_glmPredict_binomial_with_newobj_se.fit_TRUE"/>
    <testcase time="0.00100000000020373" classname="ds.glmPredict_smk_binomial_sefit_true" name="simple_glmPredict_binomial_with_newobj_se.fit_TRUE"/>
    <testcase time="0.00100000000020373" classname="ds.glmPredict_smk_binomial_sefit_true" name="simple_glmPredict_binomial_with_newobj_se.fit_TRUE"/>
    <testcase time="0.00199999999995271" classname="ds.glmPredict_smk_binomial_sefit_true" name="simple_glmPredict_binomial_with_newobj_se.fit_TRUE"/>
    <testcase time="0.000999999999748979" classname="ds.glmPredict_smk_binomial_sefit_true" name="simple_glmPredict_binomial_with_newobj_se.fit_TRUE"/>
    <testcase time="0.00199999999995271" classname="ds.glmPredict_smk_binomial_sefit_true" name="simple_glmPredict_binomial_with_newobj_se.fit_TRUE"/>
    <testcase time="0.00100000000020373" classname="ds.glmPredict_smk_binomial_sefit_true" name="simple_glmPredict_binomial_with_newobj_se.fit_TRUE"/>
    <testcase time="0.000999999999748979" classname="ds.glmPredict_smk_binomial_sefit_true" name="simple_glmPredict_binomial_with_newobj_se.fit_TRUE"/>
    <testcase time="0.00199999999995271" classname="ds.glmPredict_smk_binomial_sefit_true" name="simple_glmPredict_binomial_with_newobj_se.fit_TRUE"/>
    <testcase time="0.00100000000020373" classname="ds.glmPredict_smk_binomial_sefit_true" name="simple_glmPredict_binomial_with_newobj_se.fit_TRUE"/>
    <testcase time="0.00100000000020373" classname="ds.glmPredict_smk_binomial_sefit_true" name="simple_glmPredict_binomial_with_newobj_se.fit_TRUE"/>
    <testcase time="0.00199999999995271" classname="ds.glmPredict_smk_binomial_sefit_true" name="simple_glmPredict_binomial_with_newobj_se.fit_TRUE"/>
    <testcase time="0.000999999999748979" classname="ds.glmPredict_smk_binomial_sefit_true" name="simple_glmPredict_binomial_with_newobj_se.fit_TRUE"/>
    <testcase time="0.00199999999995271" classname="ds.glmPredict_smk_binomial_sefit_true" name="simple_glmPredict_binomial_with_newobj_se.fit_TRUE"/>
    <testcase time="0.00100000000020373" classname="ds.glmPredict_smk_binomial_sefit_true" name="simple_glmPredict_binomial_with_newobj_se.fit_TRUE"/>
    <testcase time="0.000999999999748979" classname="ds.glmPredict_smk_binomial_sefit_true" name="simple_glmPredict_binomial_with_newobj_se.fit_TRUE"/>
    <testcase time="0.00200000000040745" classname="ds.glmPredict_smk_binomial_sefit_true" name="simple_glmPredict_binomial_with_newobj_se.fit_TRUE"/>
    <testcase time="0.000999999999748979" classname="ds.glmPredict_smk_binomial_sefit_true" name="simple_glmPredict_binomial_with_newobj_se.fit_TRUE"/>
    <testcase time="0.00100000000020373" classname="ds.glmPredict_smk_binomial_sefit_true" name="simple_glmPredict_binomial_with_newobj_se.fit_TRUE"/>
    <testcase time="0.00100000000020373" classname="ds.glmPredict_smk_binomial_sefit_true" name="simple_glmPredict_binomial_with_newobj_se.fit_TRUE"/>
    <testcase time="0.000999999999748979" classname="ds.glmPredict_smk_binomial_sefit_true" name="simple_glmPredict_binomial_with_newobj_se.fit_TRUE"/>
    <testcase time="0.00199999999995271" classname="ds.glmPredict_smk_binomial_sefit_true" name="simple_glmPredict_binomial_with_newobj_se.fit_TRUE"/>
    <testcase time="0.00100000000020373" classname="ds.glmPredict_smk_binomial_sefit_true" name="simple_glmPredict_binomial_with_newobj_se.fit_TRUE"/>
    <testcase time="0.00199999999995271" classname="ds.glmPredict_smk_binomial_sefit_true" name="simple_glmPredict_binomial_with_newobj_se.fit_TRUE"/>
    <testcase time="0.00100000000020373" classname="ds.glmPredict_smk_binomial_sefit_true" name="simple_glmPredict_binomial_with_newobj_se.fit_TRUE"/>
    <testcase time="0.000999999999748979" classname="ds.glmPredict_smk_binomial_sefit_true" name="simple_glmPredict_binomial_with_newobj_se.fit_TRUE"/>
    <testcase time="0.00199999999995271" classname="ds.glmPredict_smk_binomial_sefit_true" name="simple_glmPredict_binomial_with_newobj_se.fit_TRUE"/>
    <testcase time="0.00100000000020373" classname="ds.glmPredict_smk_binomial_sefit_true" name="simple_glmPredict_binomial_with_newobj_se.fit_TRUE"/>
    <testcase time="0.00199999999995271" classname="ds.glmPredict_smk_binomial_sefit_true" name="simple_glmPredict_binomial_with_newobj_se.fit_TRUE"/>
    <testcase time="0.000999999999748979" classname="ds.glmPredict_smk_binomial_sefit_true" name="simple_glmPredict_binomial_with_newobj_se.fit_TRUE"/>
    <testcase time="0.00200000000040745" classname="ds.glmPredict_smk_binomial_sefit_true" name="simple_glmPredict_binomial_with_newobj_se.fit_TRUE"/>
    <testcase time="0.000999999999748979" classname="ds.glmPredict_smk_binomial_sefit_true" name="simple_glmPredict_binomial_with_newobj_se.fit_TRUE"/>
    <testcase time="0.00199999999995271" classname="ds.glmPredict_smk_binomial_sefit_true" name="simple_glmPredict_binomial_with_newobj_se.fit_TRUE"/>
    <testcase time="0.00100000000020373" classname="ds.glmPredict_smk_binomial_sefit_true" name="simple_glmPredict_binomial_with_newobj_se.fit_TRUE"/>
    <testcase time="0.00299999999970169" classname="ds.glmPredict_smk_binomial_sefit_true" name="simple_glmPredict_binomial_with_newobj_se.fit_TRUE"/>
    <testcase time="0.00100000000020373" classname="ds.glmPredict_smk_binomial_sefit_true" name="simple_glmPredict_binomial_with_newobj_se.fit_TRUE"/>
    <testcase time="0.00300000000015643" classname="ds.glmPredict_smk_binomial_sefit_true" name="simple_glmPredict_binomial_with_newobj_se.fit_TRUE"/>
    <testcase time="0.00199999999995271" classname="ds.glmPredict_smk_binomial_sefit_true" name="simple_glmPredict_binomial_with_newobj_se.fit_TRUE"/>
    <testcase time="0.000999999999748979" classname="ds.glmPredict_smk_binomial_sefit_true" name="simple_glmPredict_binomial_with_newobj_se.fit_TRUE"/>
    <testcase time="0.00199999999995271" classname="ds.glmPredict_smk_binomial_sefit_true" name="simple_glmPredict_binomial_with_newobj_se.fit_TRUE"/>
    <testcase time="0.00100000000020373" classname="ds.glmPredict_smk_binomial_sefit_true" name="simple_glmPredict_binomial_with_newobj_se.fit_TRUE"/>
    <testcase time="0.00199999999995271" classname="ds.glmPredict_smk_binomial_sefit_true" name="simple_glmPredict_binomial_with_newobj_se.fit_TRUE"/>
    <testcase time="0.00100000000020373" classname="ds.glmPredict_smk_binomial_sefit_true" name="simple_glmPredict_binomial_with_newobj_se.fit_TRUE"/>
    <testcase time="0.00199999999995271" classname="ds.glmPredict_smk_binomial_sefit_true" name="simple_glmPredict_binomial_with_newobj_se.fit_TRUE"/>
    <testcase time="0.000999999999748979" classname="ds.glmPredict_smk_binomial_sefit_true" name="simple_glmPredict_binomial_with_newobj_se.fit_TRUE"/>
    <testcase time="0.00199999999995271" classname="ds.glmPredict_smk_binomial_sefit_true" name="simple_glmPredict_binomial_with_newobj_se.fit_TRUE"/>
    <testcase time="0.00200000000040745" classname="ds.glmPredict_smk_binomial_sefit_true" name="simple_glmPredict_binomial_with_newobj_se.fit_TRUE"/>
    <testcase time="0.000999999999748979" classname="ds.glmPredict_smk_binomial_sefit_true" name="simple_glmPredict_binomial_with_newobj_se.fit_TRUE"/>
    <testcase time="0.00199999999995271" classname="ds.glmPredict_smk_binomial_sefit_true" name="simple_glmPredict_binomial_with_newobj_se.fit_TRUE"/>
    <testcase time="0.00100000000020373" classname="ds.glmPredict_smk_binomial_sefit_true" name="simple_glmPredict_binomial_with_newobj_se.fit_TRUE"/>
    <testcase time="0.00199999999995271" classname="ds.glmPredict_smk_binomial_sefit_true" name="simple_glmPredict_binomial_with_newobj_se.fit_TRUE"/>
    <testcase time="0.00799999999981083" classname="ds.glmPredict_smk_binomial_sefit_true" name="simple_glmPredict_binomial_with_newobj_se.fit_TRUE"/>
    <testcase time="0.00199999999995271" classname="ds.glmPredict_smk_binomial_sefit_true" name="simple_glmPredict_binomial_with_newobj_se.fit_TRUE"/>
    <testcase time="0.00100000000020373" classname="ds.glmPredict_smk_binomial_sefit_true" name="simple_glmPredict_binomial_with_newobj_se.fit_TRUE"/>
    <testcase time="0.00199999999995271" classname="ds.glmPredict_smk_binomial_sefit_true" name="simple_glmPredict_binomial_with_newobj_se.fit_TRUE"/>
    <testcase time="0.00100000000020373" classname="ds.glmPredict_smk_binomial_sefit_true" name="simple_glmPredict_binomial_with_newobj_se.fit_TRUE"/>
    <testcase time="0.00199999999995271" classname="ds.glmPredict_smk_binomial_sefit_true" name="simple_glmPredict_binomial_with_newobj_se.fit_TRUE"/>
    <testcase time="0.000999999999748979" classname="ds.glmPredict_smk_binomial_sefit_true" name="simple_glmPredict_binomial_with_newobj_se.fit_TRUE"/>
    <testcase time="0.00199999999995271" classname="ds.glmPredict_smk_binomial_sefit_true" name="simple_glmPredict_binomial_with_newobj_se.fit_TRUE"/>
    <testcase time="0.00199999999995271" classname="ds.glmPredict_smk_binomial_sefit_true" name="simple_glmPredict_binomial_with_newobj_se.fit_TRUE"/>
    <testcase time="0.00100000000020373" classname="ds.glmPredict_smk_binomial_sefit_true" name="simple_glmPredict_binomial_with_newobj_se.fit_TRUE"/>
    <testcase time="0.00199999999995271" classname="ds.glmPredict_smk_binomial_sefit_true" name="simple_glmPredict_binomial_with_newobj_se.fit_TRUE"/>
    <testcase time="0.00100000000020373" classname="ds.glmPredict_smk_binomial_sefit_true" name="simple_glmPredict_binomial_with_newobj_se.fit_TRUE"/>
    <testcase time="0.00199999999995271" classname="ds.glmPredict_smk_binomial_sefit_true" name="simple_glmPredict_binomial_with_newobj_se.fit_TRUE"/>
    <testcase time="0.000999999999748979" classname="ds.glmPredict_smk_binomial_sefit_true" name="simple_glmPredict_binomial_with_newobj_se.fit_TRUE"/>
    <testcase time="0.00199999999995271" classname="ds.glmPredict_smk_binomial_sefit_true" name="simple_glmPredict_binomial_with_newobj_se.fit_TRUE"/>
  </testsuite>
  <testsuite name="ds.glmPredict::smk::binomial::shutdown" timestamp="2025-10-28T12:53:05Z" hostname="runnervmwhb2z" tests="3" skipped="0" failures="0" errors="0" time="0.049">
    <testcase time="0.0470000000000255" classname="ds.glmPredict_smk_binomial_shutdown" name="shutdown"/>
    <testcase time="0.00100000000020373" classname="ds.glmPredict_smk_binomial_shutdown" name="shutdown"/>
    <testcase time="0.000999999999748979" classname="ds.glmPredict_smk_binomial_shutdown" name="shutdown"/>
  </testsuite>
  <testsuite name="ds.glmPredict::smk::binomial::done" timestamp="2025-10-28T12:53:05Z" hostname="runnervmwhb2z" tests="0" skipped="0" failures="0" errors="0" time="0"/>
  <testsuite name="smk-ds.glmPredict-gaussian" timestamp="2025-10-28T12:53:05Z" hostname="runnervmwhb2z" tests="0" skipped="0" failures="0" errors="0" time="0"/>
  <testsuite name="ds.glmPredict::smk::gaussian::setup" timestamp="2025-10-28T12:53:05Z" hostname="runnervmwhb2z" tests="3" skipped="0" failures="0" errors="0" time="7.286">
    <testcase time="7.28400000000011" classname="ds.glmPredict_smk_gaussian_setup" name="setup"/>
    <testcase time="0.00100000000020373" classname="ds.glmPredict_smk_gaussian_setup" name="setup"/>
    <testcase time="0.000999999999748979" classname="ds.glmPredict_smk_gaussian_setup" name="setup"/>
  </testsuite>
  <testsuite name="ds.glmPredict::smk::gaussian::without_newobj" timestamp="2025-10-28T12:53:12Z" hostname="runnervmwhb2z" tests="69" skipped="0" failures="0" errors="0" time="0.631">
    <testcase time="0.324000000000069" classname="ds.glmPredict_smk_gaussian_without_newobj" name="simple_glmPredict_gaussian_without_newobj_se.fit_FALSE"/>
    <testcase time="0.00100000000020373" classname="ds.glmPredict_smk_gaussian_without_newobj" name="simple_glmPredict_gaussian_without_newobj_se.fit_FALSE"/>
    <testcase time="0.000999999999748979" classname="ds.glmPredict_smk_gaussian_without_newobj" name="simple_glmPredict_gaussian_without_newobj_se.fit_FALSE"/>
    <testcase time="0.00100000000020373" classname="ds.glmPredict_smk_gaussian_without_newobj" name="simple_glmPredict_gaussian_without_newobj_se.fit_FALSE"/>
    <testcase time="0.210999999999785" classname="ds.glmPredict_smk_gaussian_without_newobj" name="simple_glmPredict_gaussian_without_newobj_se.fit_FALSE"/>
    <testcase time="0.00100000000020373" classname="ds.glmPredict_smk_gaussian_without_newobj" name="simple_glmPredict_gaussian_without_newobj_se.fit_FALSE"/>
    <testcase time="0.000999999999748979" classname="ds.glmPredict_smk_gaussian_without_newobj" name="simple_glmPredict_gaussian_without_newobj_se.fit_FALSE"/>
    <testcase time="0.00100000000020373" classname="ds.glmPredict_smk_gaussian_without_newobj" name="simple_glmPredict_gaussian_without_newobj_se.fit_FALSE"/>
    <testcase time="0.00199999999995271" classname="ds.glmPredict_smk_gaussian_without_newobj" name="simple_glmPredict_gaussian_without_newobj_se.fit_FALSE"/>
    <testcase time="0.00100000000020373" classname="ds.glmPredict_smk_gaussian_without_newobj" name="simple_glmPredict_gaussian_without_newobj_se.fit_FALSE"/>
    <testcase time="0.00299999999970169" classname="ds.glmPredict_smk_gaussian_without_newobj" name="simple_glmPredict_gaussian_without_newobj_se.fit_FALSE"/>
    <testcase time="0.00100000000020373" classname="ds.glmPredict_smk_gaussian_without_newobj" name="simple_glmPredict_gaussian_without_newobj_se.fit_FALSE"/>
    <testcase time="0.00199999999995271" classname="ds.glmPredict_smk_gaussian_without_newobj" name="simple_glmPredict_gaussian_without_newobj_se.fit_FALSE"/>
    <testcase time="0.00199999999995271" classname="ds.glmPredict_smk_gaussian_without_newobj" name="simple_glmPredict_gaussian_without_newobj_se.fit_FALSE"/>
    <testcase time="0.00100000000020373" classname="ds.glmPredict_smk_gaussian_without_newobj" name="simple_glmPredict_gaussian_without_newobj_se.fit_FALSE"/>
    <testcase time="0.000999999999748979" classname="ds.glmPredict_smk_gaussian_without_newobj" name="simple_glmPredict_gaussian_without_newobj_se.fit_FALSE"/>
    <testcase time="0.00100000000020373" classname="ds.glmPredict_smk_gaussian_without_newobj" name="simple_glmPredict_gaussian_without_newobj_se.fit_FALSE"/>
    <testcase time="0.00199999999995271" classname="ds.glmPredict_smk_gaussian_without_newobj" name="simple_glmPredict_gaussian_without_newobj_se.fit_FALSE"/>
    <testcase time="0.000999999999748979" classname="ds.glmPredict_smk_gaussian_without_newobj" name="simple_glmPredict_gaussian_without_newobj_se.fit_FALSE"/>
    <testcase time="0.00100000000020373" classname="ds.glmPredict_smk_gaussian_without_newobj" name="simple_glmPredict_gaussian_without_newobj_se.fit_FALSE"/>
    <testcase time="0.000999999999748979" classname="ds.glmPredict_smk_gaussian_without_newobj" name="simple_glmPredict_gaussian_without_newobj_se.fit_FALSE"/>
    <testcase time="0.00200000000040745" classname="ds.glmPredict_smk_gaussian_without_newobj" name="simple_glmPredict_gaussian_without_newobj_se.fit_FALSE"/>
    <testcase time="0.000999999999748979" classname="ds.glmPredict_smk_gaussian_without_newobj" name="simple_glmPredict_gaussian_without_newobj_se.fit_FALSE"/>
    <testcase time="0.00100000000020373" classname="ds.glmPredict_smk_gaussian_without_newobj" name="simple_glmPredict_gaussian_without_newobj_se.fit_FALSE"/>
    <testcase time="0.00199999999995271" classname="ds.glmPredict_smk_gaussian_without_newobj" name="simple_glmPredict_gaussian_without_newobj_se.fit_FALSE"/>
    <testcase time="0.000999999999748979" classname="ds.glmPredict_smk_gaussian_without_newobj" name="simple_glmPredict_gaussian_without_newobj_se.fit_FALSE"/>
    <testcase time="0.00100000000020373" classname="ds.glmPredict_smk_gaussian_without_newobj" name="simple_glmPredict_gaussian_without_newobj_se.fit_FALSE"/>
    <testcase time="0.000999999999748979" classname="ds.glmPredict_smk_gaussian_without_newobj" name="simple_glmPredict_gaussian_without_newobj_se.fit_FALSE"/>
    <testcase time="0.00199999999995271" classname="ds.glmPredict_smk_gaussian_without_newobj" name="simple_glmPredict_gaussian_without_newobj_se.fit_FALSE"/>
    <testcase time="0.00100000000020373" classname="ds.glmPredict_smk_gaussian_without_newobj" name="simple_glmPredict_gaussian_without_newobj_se.fit_FALSE"/>
    <testcase time="0.00100000000020373" classname="ds.glmPredict_smk_gaussian_without_newobj" name="simple_glmPredict_gaussian_without_newobj_se.fit_FALSE"/>
    <testcase time="0.00299999999970169" classname="ds.glmPredict_smk_gaussian_without_newobj" name="simple_glmPredict_gaussian_without_newobj_se.fit_FALSE"/>
    <testcase time="0.00100000000020373" classname="ds.glmPredict_smk_gaussian_without_newobj" name="simple_glmPredict_gaussian_without_newobj_se.fit_FALSE"/>
    <testcase time="0.00299999999970169" classname="ds.glmPredict_smk_gaussian_without_newobj" name="simple_glmPredict_gaussian_without_newobj_se.fit_FALSE"/>
    <testcase time="0.00100000000020373" classname="ds.glmPredict_smk_gaussian_without_newobj" name="simple_glmPredict_gaussian_without_newobj_se.fit_FALSE"/>
    <testcase time="0.00100000000020373" classname="ds.glmPredict_smk_gaussian_without_newobj" name="simple_glmPredict_gaussian_without_newobj_se.fit_FALSE"/>
    <testcase time="0.00199999999995271" classname="ds.glmPredict_smk_gaussian_without_newobj" name="simple_glmPredict_gaussian_without_newobj_se.fit_FALSE"/>
    <testcase time="0.000999999999748979" classname="ds.glmPredict_smk_gaussian_without_newobj" name="simple_glmPredict_gaussian_without_newobj_se.fit_FALSE"/>
    <testcase time="0.00199999999995271" classname="ds.glmPredict_smk_gaussian_without_newobj" name="simple_glmPredict_gaussian_without_newobj_se.fit_FALSE"/>
    <testcase time="0.00100000000020373" classname="ds.glmPredict_smk_gaussian_without_newobj" name="simple_glmPredict_gaussian_without_newobj_se.fit_FALSE"/>
    <testcase time="0.000999999999748979" classname="ds.glmPredict_smk_gaussian_without_newobj" name="simple_glmPredict_gaussian_without_newobj_se.fit_FALSE"/>
    <testcase time="0.00100000000020373" classname="ds.glmPredict_smk_gaussian_without_newobj" name="simple_glmPredict_gaussian_without_newobj_se.fit_FALSE"/>
    <testcase time="0.00199999999995271" classname="ds.glmPredict_smk_gaussian_without_newobj" name="simple_glmPredict_gaussian_without_newobj_se.fit_FALSE"/>
    <testcase time="0.00100000000020373" classname="ds.glmPredict_smk_gaussian_without_newobj" name="simple_glmPredict_gaussian_without_newobj_se.fit_FALSE"/>
    <testcase time="0.00199999999995271" classname="ds.glmPredict_smk_gaussian_without_newobj" name="simple_glmPredict_gaussian_without_newobj_se.fit_FALSE"/>
    <testcase time="0.000999999999748979" classname="ds.glmPredict_smk_gaussian_without_newobj" name="simple_glmPredict_gaussian_without_newobj_se.fit_FALSE"/>
    <testcase time="0.00100000000020373" classname="ds.glmPredict_smk_gaussian_without_newobj" name="simple_glmPredict_gaussian_without_newobj_se.fit_FALSE"/>
    <testcase time="0.00199999999995271" classname="ds.glmPredict_smk_gaussian_without_newobj" name="simple_glmPredict_gaussian_without_newobj_se.fit_FALSE"/>
    <testcase time="0.000999999999748979" classname="ds.glmPredict_smk_gaussian_without_newobj" name="simple_glmPredict_gaussian_without_newobj_se.fit_FALSE"/>
    <testcase time="0.00100000000020373" classname="ds.glmPredict_smk_gaussian_without_newobj" name="simple_glmPredict_gaussian_without_newobj_se.fit_FALSE"/>
    <testcase time="0.00199999999995271" classname="ds.glmPredict_smk_gaussian_without_newobj" name="simple_glmPredict_gaussian_without_newobj_se.fit_FALSE"/>
    <testcase time="0.00100000000020373" classname="ds.glmPredict_smk_gaussian_without_newobj" name="simple_glmPredict_gaussian_without_newobj_se.fit_FALSE"/>
    <testcase time="0.00299999999970169" classname="ds.glmPredict_smk_gaussian_without_newobj" name="simple_glmPredict_gaussian_without_newobj_se.fit_FALSE"/>
    <testcase time="0.00100000000020373" classname="ds.glmPredict_smk_gaussian_without_newobj" name="simple_glmPredict_gaussian_without_newobj_se.fit_FALSE"/>
    <testcase time="0.00300000000015643" classname="ds.glmPredict_smk_gaussian_without_newobj" name="simple_glmPredict_gaussian_without_newobj_se.fit_FALSE"/>
    <testcase time="0.000999999999748979" classname="ds.glmPredict_smk_gaussian_without_newobj" name="simple_glmPredict_gaussian_without_newobj_se.fit_FALSE"/>
    <testcase time="0.00199999999995271" classname="ds.glmPredict_smk_gaussian_without_newobj" name="simple_glmPredict_gaussian_without_newobj_se.fit_FALSE"/>
    <testcase time="0.00100000000020373" classname="ds.glmPredict_smk_gaussian_without_newobj" name="simple_glmPredict_gaussian_without_newobj_se.fit_FALSE"/>
    <testcase time="0.00199999999995271" classname="ds.glmPredict_smk_gaussian_without_newobj" name="simple_glmPredict_gaussian_without_newobj_se.fit_FALSE"/>
    <testcase time="0.000999999999748979" classname="ds.glmPredict_smk_gaussian_without_newobj" name="simple_glmPredict_gaussian_without_newobj_se.fit_FALSE"/>
    <testcase time="0.00100000000020373" classname="ds.glmPredict_smk_gaussian_without_newobj" name="simple_glmPredict_gaussian_without_newobj_se.fit_FALSE"/>
    <testcase time="0.00199999999995271" classname="ds.glmPredict_smk_gaussian_without_newobj" name="simple_glmPredict_gaussian_without_newobj_se.fit_FALSE"/>
    <testcase time="0.00100000000020373" classname="ds.glmPredict_smk_gaussian_without_newobj" name="simple_glmPredict_gaussian_without_newobj_se.fit_FALSE"/>
    <testcase time="0.00199999999995271" classname="ds.glmPredict_smk_gaussian_without_newobj" name="simple_glmPredict_gaussian_without_newobj_se.fit_FALSE"/>
    <testcase time="0.000999999999748979" classname="ds.glmPredict_smk_gaussian_without_newobj" name="simple_glmPredict_gaussian_without_newobj_se.fit_FALSE"/>
    <testcase time="0.00199999999995271" classname="ds.glmPredict_smk_gaussian_without_newobj" name="simple_glmPredict_gaussian_without_newobj_se.fit_FALSE"/>
    <testcase time="0.00100000000020373" classname="ds.glmPredict_smk_gaussian_without_newobj" name="simple_glmPredict_gaussian_without_newobj_se.fit_FALSE"/>
    <testcase time="0.00100000000020373" classname="ds.glmPredict_smk_gaussian_without_newobj" name="simple_glmPredict_gaussian_without_newobj_se.fit_FALSE"/>
    <testcase time="0.00199999999995271" classname="ds.glmPredict_smk_gaussian_without_newobj" name="simple_glmPredict_gaussian_without_newobj_se.fit_FALSE"/>
  </testsuite>
  <testsuite name="ds.glmPredict::smk::gaussian::with_newobj" timestamp="2025-10-28T12:53:13Z" hostname="runnervmwhb2z" tests="69" skipped="0" failures="0" errors="0" time="0.555">
    <testcase time="0.25" classname="ds.glmPredict_smk_gaussian_with_newobj" name="simple_glmPredict_gaussian_with_newobj_se.fit_FALSE"/>
    <testcase time="0.000999999999748979" classname="ds.glmPredict_smk_gaussian_with_newobj" name="simple_glmPredict_gaussian_with_newobj_se.fit_FALSE"/>
    <testcase time="0.00100000000020373" classname="ds.glmPredict_smk_gaussian_with_newobj" name="simple_glmPredict_gaussian_with_newobj_se.fit_FALSE"/>
    <testcase time="0.00199999999995271" classname="ds.glmPredict_smk_gaussian_with_newobj" name="simple_glmPredict_gaussian_with_newobj_se.fit_FALSE"/>
    <testcase time="0.210000000000036" classname="ds.glmPredict_smk_gaussian_with_newobj" name="simple_glmPredict_gaussian_with_newobj_se.fit_FALSE"/>
    <testcase time="0.000999999999748979" classname="ds.glmPredict_smk_gaussian_with_newobj" name="simple_glmPredict_gaussian_with_newobj_se.fit_FALSE"/>
    <testcase time="0.00199999999995271" classname="ds.glmPredict_smk_gaussian_with_newobj" name="simple_glmPredict_gaussian_with_newobj_se.fit_FALSE"/>
    <testcase time="0.00100000000020373" classname="ds.glmPredict_smk_gaussian_with_newobj" name="simple_glmPredict_gaussian_with_newobj_se.fit_FALSE"/>
    <testcase time="0.000999999999748979" classname="ds.glmPredict_smk_gaussian_with_newobj" name="simple_glmPredict_gaussian_with_newobj_se.fit_FALSE"/>
    <testcase time="0.00100000000020373" classname="ds.glmPredict_smk_gaussian_with_newobj" name="simple_glmPredict_gaussian_with_newobj_se.fit_FALSE"/>
    <testcase time="0.00300000000015643" classname="ds.glmPredict_smk_gaussian_with_newobj" name="simple_glmPredict_gaussian_with_newobj_se.fit_FALSE"/>
    <testcase time="0.000999999999748979" classname="ds.glmPredict_smk_gaussian_with_newobj" name="simple_glmPredict_gaussian_with_newobj_se.fit_FALSE"/>
    <testcase time="0.00300000000015643" classname="ds.glmPredict_smk_gaussian_with_newobj" name="simple_glmPredict_gaussian_with_newobj_se.fit_FALSE"/>
    <testcase time="0.000999999999748979" classname="ds.glmPredict_smk_gaussian_with_newobj" name="simple_glmPredict_gaussian_with_newobj_se.fit_FALSE"/>
    <testcase time="0.00100000000020373" classname="ds.glmPredict_smk_gaussian_with_newobj" name="simple_glmPredict_gaussian_with_newobj_se.fit_FALSE"/>
    <testcase time="0.00100000000020373" classname="ds.glmPredict_smk_gaussian_with_newobj" name="simple_glmPredict_gaussian_with_newobj_se.fit_FALSE"/>
    <testcase time="0.00199999999995271" classname="ds.glmPredict_smk_gaussian_with_newobj" name="simple_glmPredict_gaussian_with_newobj_se.fit_FALSE"/>
    <testcase time="0.000999999999748979" classname="ds.glmPredict_smk_gaussian_with_newobj" name="simple_glmPredict_gaussian_with_newobj_se.fit_FALSE"/>
    <testcase time="0.00100000000020373" classname="ds.glmPredict_smk_gaussian_with_newobj" name="simple_glmPredict_gaussian_with_newobj_se.fit_FALSE"/>
    <testcase time="0.000999999999748979" classname="ds.glmPredict_smk_gaussian_with_newobj" name="simple_glmPredict_gaussian_with_newobj_se.fit_FALSE"/>
    <testcase time="0.00199999999995271" classname="ds.glmPredict_smk_gaussian_with_newobj" name="simple_glmPredict_gaussian_with_newobj_se.fit_FALSE"/>
    <testcase time="0.00100000000020373" classname="ds.glmPredict_smk_gaussian_with_newobj" name="simple_glmPredict_gaussian_with_newobj_se.fit_FALSE"/>
    <testcase time="0.00100000000020373" classname="ds.glmPredict_smk_gaussian_with_newobj" name="simple_glmPredict_gaussian_with_newobj_se.fit_FALSE"/>
    <testcase time="0.000999999999748979" classname="ds.glmPredict_smk_gaussian_with_newobj" name="simple_glmPredict_gaussian_with_newobj_se.fit_FALSE"/>
    <testcase time="0.00199999999995271" classname="ds.glmPredict_smk_gaussian_with_newobj" name="simple_glmPredict_gaussian_with_newobj_se.fit_FALSE"/>
    <testcase time="0.00100000000020373" classname="ds.glmPredict_smk_gaussian_with_newobj" name="simple_glmPredict_gaussian_with_newobj_se.fit_FALSE"/>
    <testcase time="0.000999999999748979" classname="ds.glmPredict_smk_gaussian_with_newobj" name="simple_glmPredict_gaussian_with_newobj_se.fit_FALSE"/>
    <testcase time="0.00199999999995271" classname="ds.glmPredict_smk_gaussian_with_newobj" name="simple_glmPredict_gaussian_with_newobj_se.fit_FALSE"/>
    <testcase time="0.00100000000020373" classname="ds.glmPredict_smk_gaussian_with_newobj" name="simple_glmPredict_gaussian_with_newobj_se.fit_FALSE"/>
    <testcase time="0.00100000000020373" classname="ds.glmPredict_smk_gaussian_with_newobj" name="simple_glmPredict_gaussian_with_newobj_se.fit_FALSE"/>
    <testcase time="0.000999999999748979" classname="ds.glmPredict_smk_gaussian_with_newobj" name="simple_glmPredict_gaussian_with_newobj_se.fit_FALSE"/>
    <testcase time="0.00300000000015643" classname="ds.glmPredict_smk_gaussian_with_newobj" name="simple_glmPredict_gaussian_with_newobj_se.fit_FALSE"/>
    <testcase time="0.000999999999748979" classname="ds.glmPredict_smk_gaussian_with_newobj" name="simple_glmPredict_gaussian_with_newobj_se.fit_FALSE"/>
    <testcase time="0.00300000000015643" classname="ds.glmPredict_smk_gaussian_with_newobj" name="simple_glmPredict_gaussian_with_newobj_se.fit_FALSE"/>
    <testcase time="0.000999999999748979" classname="ds.glmPredict_smk_gaussian_with_newobj" name="simple_glmPredict_gaussian_with_newobj_se.fit_FALSE"/>
    <testcase time="0.00100000000020373" classname="ds.glmPredict_smk_gaussian_with_newobj" name="simple_glmPredict_gaussian_with_newobj_se.fit_FALSE"/>
    <testcase time="0.000999999999748979" classname="ds.glmPredict_smk_gaussian_with_newobj" name="simple_glmPredict_gaussian_with_newobj_se.fit_FALSE"/>
    <testcase time="0.00100000000020373" classname="ds.glmPredict_smk_gaussian_with_newobj" name="simple_glmPredict_gaussian_with_newobj_se.fit_FALSE"/>
    <testcase time="0.000999999999748979" classname="ds.glmPredict_smk_gaussian_with_newobj" name="simple_glmPredict_gaussian_with_newobj_se.fit_FALSE"/>
    <testcase time="0.00199999999995271" classname="ds.glmPredict_smk_gaussian_with_newobj" name="simple_glmPredict_gaussian_with_newobj_se.fit_FALSE"/>
    <testcase time="0.00100000000020373" classname="ds.glmPredict_smk_gaussian_with_newobj" name="simple_glmPredict_gaussian_with_newobj_se.fit_FALSE"/>
    <testcase time="0.000999999999748979" classname="ds.glmPredict_smk_gaussian_with_newobj" name="simple_glmPredict_gaussian_with_newobj_se.fit_FALSE"/>
    <testcase time="0.00200000000040745" classname="ds.glmPredict_smk_gaussian_with_newobj" name="simple_glmPredict_gaussian_with_newobj_se.fit_FALSE"/>
    <testcase time="0.000999999999748979" classname="ds.glmPredict_smk_gaussian_with_newobj" name="simple_glmPredict_gaussian_with_newobj_se.fit_FALSE"/>
    <testcase time="0.00100000000020373" classname="ds.glmPredict_smk_gaussian_with_newobj" name="simple_glmPredict_gaussian_with_newobj_se.fit_FALSE"/>
    <testcase time="0.00199999999995271" classname="ds.glmPredict_smk_gaussian_with_newobj" name="simple_glmPredict_gaussian_with_newobj_se.fit_FALSE"/>
    <testcase time="0.000999999999748979" classname="ds.glmPredict_smk_gaussian_with_newobj" name="simple_glmPredict_gaussian_with_newobj_se.fit_FALSE"/>
    <testcase time="0.00100000000020373" classname="ds.glmPredict_smk_gaussian_with_newobj" name="simple_glmPredict_gaussian_with_newobj_se.fit_FALSE"/>
    <testcase time="0.00199999999995271" classname="ds.glmPredict_smk_gaussian_with_newobj" name="simple_glmPredict_gaussian_with_newobj_se.fit_FALSE"/>
    <testcase time="0.00100000000020373" classname="ds.glmPredict_smk_gaussian_with_newobj" name="simple_glmPredict_gaussian_with_newobj_se.fit_FALSE"/>
    <testcase time="0.000999999999748979" classname="ds.glmPredict_smk_gaussian_with_newobj" name="simple_glmPredict_gaussian_with_newobj_se.fit_FALSE"/>
    <testcase time="0.00199999999995271" classname="ds.glmPredict_smk_gaussian_with_newobj" name="simple_glmPredict_gaussian_with_newobj_se.fit_FALSE"/>
    <testcase time="0.00199999999995271" classname="ds.glmPredict_smk_gaussian_with_newobj" name="simple_glmPredict_gaussian_with_newobj_se.fit_FALSE"/>
    <testcase time="0.00199999999995271" classname="ds.glmPredict_smk_gaussian_with_newobj" name="simple_glmPredict_gaussian_with_newobj_se.fit_FALSE"/>
    <testcase time="0.00199999999995271" classname="ds.glmPredict_smk_gaussian_with_newobj" name="simple_glmPredict_gaussian_with_newobj_se.fit_FALSE"/>
    <testcase time="0.00200000000040745" classname="ds.glmPredict_smk_gaussian_with_newobj" name="simple_glmPredict_gaussian_with_newobj_se.fit_FALSE"/>
    <testcase time="0.000999999999748979" classname="ds.glmPredict_smk_gaussian_with_newobj" name="simple_glmPredict_gaussian_with_newobj_se.fit_FALSE"/>
    <testcase time="0.00199999999995271" classname="ds.glmPredict_smk_gaussian_with_newobj" name="simple_glmPredict_gaussian_with_newobj_se.fit_FALSE"/>
    <testcase time="0.00100000000020373" classname="ds.glmPredict_smk_gaussian_with_newobj" name="simple_glmPredict_gaussian_with_newobj_se.fit_FALSE"/>
    <testcase time="0.000999999999748979" classname="ds.glmPredict_smk_gaussian_with_newobj" name="simple_glmPredict_gaussian_with_newobj_se.fit_FALSE"/>
    <testcase time="0.00199999999995271" classname="ds.glmPredict_smk_gaussian_with_newobj" name="simple_glmPredict_gaussian_with_newobj_se.fit_FALSE"/>
    <testcase time="0.00100000000020373" classname="ds.glmPredict_smk_gaussian_with_newobj" name="simple_glmPredict_gaussian_with_newobj_se.fit_FALSE"/>
    <testcase time="0.00199999999995271" classname="ds.glmPredict_smk_gaussian_with_newobj" name="simple_glmPredict_gaussian_with_newobj_se.fit_FALSE"/>
    <testcase time="0.00100000000020373" classname="ds.glmPredict_smk_gaussian_with_newobj" name="simple_glmPredict_gaussian_with_newobj_se.fit_FALSE"/>
    <testcase time="0.000999999999748979" classname="ds.glmPredict_smk_gaussian_with_newobj" name="simple_glmPredict_gaussian_with_newobj_se.fit_FALSE"/>
    <testcase time="0.00199999999995271" classname="ds.glmPredict_smk_gaussian_with_newobj" name="simple_glmPredict_gaussian_with_newobj_se.fit_FALSE"/>
    <testcase time="0.00100000000020373" classname="ds.glmPredict_smk_gaussian_with_newobj" name="simple_glmPredict_gaussian_with_newobj_se.fit_FALSE"/>
    <testcase time="0.00199999999995271" classname="ds.glmPredict_smk_gaussian_with_newobj" name="simple_glmPredict_gaussian_with_newobj_se.fit_FALSE"/>
    <testcase time="0.00100000000020373" classname="ds.glmPredict_smk_gaussian_with_newobj" name="simple_glmPredict_gaussian_with_newobj_se.fit_FALSE"/>
  </testsuite>
  <testsuite name="ds.glmPredict::smk::gaussian::sefit_true" timestamp="2025-10-28T12:53:13Z" hostname="runnervmwhb2z" tests="114" skipped="0" failures="0" errors="0" time="0.636">
    <testcase time="0.252999999999702" classname="ds.glmPredict_smk_gaussian_sefit_true" name="simple_glmPredict_gaussian_with_newobj_se.fit_TRUE"/>
    <testcase time="0.00100000000020373" classname="ds.glmPredict_smk_gaussian_sefit_true" name="simple_glmPredict_gaussian_with_newobj_se.fit_TRUE"/>
    <testcase time="0.000999999999748979" classname="ds.glmPredict_smk_gaussian_sefit_true" name="simple_glmPredict_gaussian_with_newobj_se.fit_TRUE"/>
    <testcase time="0.00100000000020373" classname="ds.glmPredict_smk_gaussian_sefit_true" name="simple_glmPredict_gaussian_with_newobj_se.fit_TRUE"/>
    <testcase time="0.211999999999989" classname="ds.glmPredict_smk_gaussian_sefit_true" name="simple_glmPredict_gaussian_with_newobj_se.fit_TRUE"/>
    <testcase time="0.00199999999995271" classname="ds.glmPredict_smk_gaussian_sefit_true" name="simple_glmPredict_gaussian_with_newobj_se.fit_TRUE"/>
    <testcase time="0.00100000000020373" classname="ds.glmPredict_smk_gaussian_sefit_true" name="simple_glmPredict_gaussian_with_newobj_se.fit_TRUE"/>
    <testcase time="0.000999999999748979" classname="ds.glmPredict_smk_gaussian_sefit_true" name="simple_glmPredict_gaussian_with_newobj_se.fit_TRUE"/>
    <testcase time="0.00100000000020373" classname="ds.glmPredict_smk_gaussian_sefit_true" name="simple_glmPredict_gaussian_with_newobj_se.fit_TRUE"/>
    <testcase time="0.000999999999748979" classname="ds.glmPredict_smk_gaussian_sefit_true" name="simple_glmPredict_gaussian_with_newobj_se.fit_TRUE"/>
    <testcase time="0.00300000000015643" classname="ds.glmPredict_smk_gaussian_sefit_true" name="simple_glmPredict_gaussian_with_newobj_se.fit_TRUE"/>
    <testcase time="0.000999999999748979" classname="ds.glmPredict_smk_gaussian_sefit_true" name="simple_glmPredict_gaussian_with_newobj_se.fit_TRUE"/>
    <testcase time="0.00300000000015643" classname="ds.glmPredict_smk_gaussian_sefit_true" name="simple_glmPredict_gaussian_with_newobj_se.fit_TRUE"/>
    <testcase time="0.00100000000020373" classname="ds.glmPredict_smk_gaussian_sefit_true" name="simple_glmPredict_gaussian_with_newobj_se.fit_TRUE"/>
    <testcase time="0.000999999999748979" classname="ds.glmPredict_smk_gaussian_sefit_true" name="simple_glmPredict_gaussian_with_newobj_se.fit_TRUE"/>
    <testcase time="0.00100000000020373" classname="ds.glmPredict_smk_gaussian_sefit_true" name="simple_glmPredict_gaussian_with_newobj_se.fit_TRUE"/>
    <testcase time="0.00199999999995271" classname="ds.glmPredict_smk_gaussian_sefit_true" name="simple_glmPredict_gaussian_with_newobj_se.fit_TRUE"/>
    <testcase time="0.000999999999748979" classname="ds.glmPredict_smk_gaussian_sefit_true" name="simple_glmPredict_gaussian_with_newobj_se.fit_TRUE"/>
    <testcase time="0.00100000000020373" classname="ds.glmPredict_smk_gaussian_sefit_true" name="simple_glmPredict_gaussian_with_newobj_se.fit_TRUE"/>
    <testcase time="0.000999999999748979" classname="ds.glmPredict_smk_gaussian_sefit_true" name="simple_glmPredict_gaussian_with_newobj_se.fit_TRUE"/>
    <testcase time="0.00200000000040745" classname="ds.glmPredict_smk_gaussian_sefit_true" name="simple_glmPredict_gaussian_with_newobj_se.fit_TRUE"/>
    <testcase time="0.000999999999748979" classname="ds.glmPredict_smk_gaussian_sefit_true" name="simple_glmPredict_gaussian_with_newobj_se.fit_TRUE"/>
    <testcase time="0.00100000000020373" classname="ds.glmPredict_smk_gaussian_sefit_true" name="simple_glmPredict_gaussian_with_newobj_se.fit_TRUE"/>
    <testcase time="0.000999999999748979" classname="ds.glmPredict_smk_gaussian_sefit_true" name="simple_glmPredict_gaussian_with_newobj_se.fit_TRUE"/>
    <testcase time="0.00199999999995271" classname="ds.glmPredict_smk_gaussian_sefit_true" name="simple_glmPredict_gaussian_with_newobj_se.fit_TRUE"/>
    <testcase time="0.00100000000020373" classname="ds.glmPredict_smk_gaussian_sefit_true" name="simple_glmPredict_gaussian_with_newobj_se.fit_TRUE"/>
    <testcase time="0.000999999999748979" classname="ds.glmPredict_smk_gaussian_sefit_true" name="simple_glmPredict_gaussian_with_newobj_se.fit_TRUE"/>
    <testcase time="0.00200000000040745" classname="ds.glmPredict_smk_gaussian_sefit_true" name="simple_glmPredict_gaussian_with_newobj_se.fit_TRUE"/>
    <testcase time="0.000999999999748979" classname="ds.glmPredict_smk_gaussian_sefit_true" name="simple_glmPredict_gaussian_with_newobj_se.fit_TRUE"/>
    <testcase time="0.00100000000020373" classname="ds.glmPredict_smk_gaussian_sefit_true" name="simple_glmPredict_gaussian_with_newobj_se.fit_TRUE"/>
    <testcase time="0.00199999999995271" classname="ds.glmPredict_smk_gaussian_sefit_true" name="simple_glmPredict_gaussian_with_newobj_se.fit_TRUE"/>
    <testcase time="0.000999999999748979" classname="ds.glmPredict_smk_gaussian_sefit_true" name="simple_glmPredict_gaussian_with_newobj_se.fit_TRUE"/>
    <testcase time="0.00100000000020373" classname="ds.glmPredict_smk_gaussian_sefit_true" name="simple_glmPredict_gaussian_with_newobj_se.fit_TRUE"/>
    <testcase time="0.00199999999995271" classname="ds.glmPredict_smk_gaussian_sefit_true" name="simple_glmPredict_gaussian_with_newobj_se.fit_TRUE"/>
    <testcase time="0.000999999999748979" classname="ds.glmPredict_smk_gaussian_sefit_true" name="simple_glmPredict_gaussian_with_newobj_se.fit_TRUE"/>
    <testcase time="0.00100000000020373" classname="ds.glmPredict_smk_gaussian_sefit_true" name="simple_glmPredict_gaussian_with_newobj_se.fit_TRUE"/>
    <testcase time="0.00100000000020373" classname="ds.glmPredict_smk_gaussian_sefit_true" name="simple_glmPredict_gaussian_with_newobj_se.fit_TRUE"/>
    <testcase time="0.00199999999995271" classname="ds.glmPredict_smk_gaussian_sefit_true" name="simple_glmPredict_gaussian_with_newobj_se.fit_TRUE"/>
    <testcase time="0.000999999999748979" classname="ds.glmPredict_smk_gaussian_sefit_true" name="simple_glmPredict_gaussian_with_newobj_se.fit_TRUE"/>
    <testcase time="0.00100000000020373" classname="ds.glmPredict_smk_gaussian_sefit_true" name="simple_glmPredict_gaussian_with_newobj_se.fit_TRUE"/>
    <testcase time="0.00199999999995271" classname="ds.glmPredict_smk_gaussian_sefit_true" name="simple_glmPredict_gaussian_with_newobj_se.fit_TRUE"/>
    <testcase time="0.000999999999748979" classname="ds.glmPredict_smk_gaussian_sefit_true" name="simple_glmPredict_gaussian_with_newobj_se.fit_TRUE"/>
    <testcase time="0.00100000000020373" classname="ds.glmPredict_smk_gaussian_sefit_true" name="simple_glmPredict_gaussian_with_newobj_se.fit_TRUE"/>
    <testcase time="0.00199999999995271" classname="ds.glmPredict_smk_gaussian_sefit_true" name="simple_glmPredict_gaussian_with_newobj_se.fit_TRUE"/>
    <testcase time="0.00100000000020373" classname="ds.glmPredict_smk_gaussian_sefit_true" name="simple_glmPredict_gaussian_with_newobj_se.fit_TRUE"/>
    <testcase time="0.000999999999748979" classname="ds.glmPredict_smk_gaussian_sefit_true" name="simple_glmPredict_gaussian_with_newobj_se.fit_TRUE"/>
    <testcase time="0.00300000000015643" classname="ds.glmPredict_smk_gaussian_sefit_true" name="simple_glmPredict_gaussian_with_newobj_se.fit_TRUE"/>
    <testcase time="0.000999999999748979" classname="ds.glmPredict_smk_gaussian_sefit_true" name="simple_glmPredict_gaussian_with_newobj_se.fit_TRUE"/>
    <testcase time="0.00300000000015643" classname="ds.glmPredict_smk_gaussian_sefit_true" name="simple_glmPredict_gaussian_with_newobj_se.fit_TRUE"/>
    <testcase time="0.00100000000020373" classname="ds.glmPredict_smk_gaussian_sefit_true" name="simple_glmPredict_gaussian_with_newobj_se.fit_TRUE"/>
    <testcase time="0.00199999999995271" classname="ds.glmPredict_smk_gaussian_sefit_true" name="simple_glmPredict_gaussian_with_newobj_se.fit_TRUE"/>
    <testcase time="0.000999999999748979" classname="ds.glmPredict_smk_gaussian_sefit_true" name="simple_glmPredict_gaussian_with_newobj_se.fit_TRUE"/>
    <testcase time="0.00199999999995271" classname="ds.glmPredict_smk_gaussian_sefit_true" name="simple_glmPredict_gaussian_with_newobj_se.fit_TRUE"/>
    <testcase time="0.00100000000020373" classname="ds.glmPredict_smk_gaussian_sefit_true" name="simple_glmPredict_gaussian_with_newobj_se.fit_TRUE"/>
    <testcase time="0.000999999999748979" classname="ds.glmPredict_smk_gaussian_sefit_true" name="simple_glmPredict_gaussian_with_newobj_se.fit_TRUE"/>
    <testcase time="0.00200000000040745" classname="ds.glmPredict_smk_gaussian_sefit_true" name="simple_glmPredict_gaussian_with_newobj_se.fit_TRUE"/>
    <testcase time="0.000999999999748979" classname="ds.glmPredict_smk_gaussian_sefit_true" name="simple_glmPredict_gaussian_with_newobj_se.fit_TRUE"/>
    <testcase time="0.00100000000020373" classname="ds.glmPredict_smk_gaussian_sefit_true" name="simple_glmPredict_gaussian_with_newobj_se.fit_TRUE"/>
    <testcase time="0.00199999999995271" classname="ds.glmPredict_smk_gaussian_sefit_true" name="simple_glmPredict_gaussian_with_newobj_se.fit_TRUE"/>
    <testcase time="0.000999999999748979" classname="ds.glmPredict_smk_gaussian_sefit_true" name="simple_glmPredict_gaussian_with_newobj_se.fit_TRUE"/>
    <testcase time="0.00199999999995271" classname="ds.glmPredict_smk_gaussian_sefit_true" name="simple_glmPredict_gaussian_with_newobj_se.fit_TRUE"/>
    <testcase time="0.00100000000020373" classname="ds.glmPredict_smk_gaussian_sefit_true" name="simple_glmPredict_gaussian_with_newobj_se.fit_TRUE"/>
    <testcase time="0.00100000000020373" classname="ds.glmPredict_smk_gaussian_sefit_true" name="simple_glmPredict_gaussian_with_newobj_se.fit_TRUE"/>
    <testcase time="0.00199999999995271" classname="ds.glmPredict_smk_gaussian_sefit_true" name="simple_glmPredict_gaussian_with_newobj_se.fit_TRUE"/>
    <testcase time="0.000999999999748979" classname="ds.glmPredict_smk_gaussian_sefit_true" name="simple_glmPredict_gaussian_with_newobj_se.fit_TRUE"/>
    <testcase time="0.00199999999995271" classname="ds.glmPredict_smk_gaussian_sefit_true" name="simple_glmPredict_gaussian_with_newobj_se.fit_TRUE"/>
    <testcase time="0.00100000000020373" classname="ds.glmPredict_smk_gaussian_sefit_true" name="simple_glmPredict_gaussian_with_newobj_se.fit_TRUE"/>
    <testcase time="0.00199999999995271" classname="ds.glmPredict_smk_gaussian_sefit_true" name="simple_glmPredict_gaussian_with_newobj_se.fit_TRUE"/>
    <testcase time="0.00100000000020373" classname="ds.glmPredict_smk_gaussian_sefit_true" name="simple_glmPredict_gaussian_with_newobj_se.fit_TRUE"/>
    <testcase time="0.000999999999748979" classname="ds.glmPredict_smk_gaussian_sefit_true" name="simple_glmPredict_gaussian_with_newobj_se.fit_TRUE"/>
    <testcase time="0.00199999999995271" classname="ds.glmPredict_smk_gaussian_sefit_true" name="simple_glmPredict_gaussian_with_newobj_se.fit_TRUE"/>
    <testcase time="0.00100000000020373" classname="ds.glmPredict_smk_gaussian_sefit_true" name="simple_glmPredict_gaussian_with_newobj_se.fit_TRUE"/>
    <testcase time="0.00199999999995271" classname="ds.glmPredict_smk_gaussian_sefit_true" name="simple_glmPredict_gaussian_with_newobj_se.fit_TRUE"/>
    <testcase time="0.000999999999748979" classname="ds.glmPredict_smk_gaussian_sefit_true" name="simple_glmPredict_gaussian_with_newobj_se.fit_TRUE"/>
    <testcase time="0.00100000000020373" classname="ds.glmPredict_smk_gaussian_sefit_true" name="simple_glmPredict_gaussian_with_newobj_se.fit_TRUE"/>
    <testcase time="0.00199999999995271" classname="ds.glmPredict_smk_gaussian_sefit_true" name="simple_glmPredict_gaussian_with_newobj_se.fit_TRUE"/>
    <testcase time="0.00199999999995271" classname="ds.glmPredict_smk_gaussian_sefit_true" name="simple_glmPredict_gaussian_with_newobj_se.fit_TRUE"/>
    <testcase time="0.00100000000020373" classname="ds.glmPredict_smk_gaussian_sefit_true" name="simple_glmPredict_gaussian_with_newobj_se.fit_TRUE"/>
    <testcase time="0.00199999999995271" classname="ds.glmPredict_smk_gaussian_sefit_true" name="simple_glmPredict_gaussian_with_newobj_se.fit_TRUE"/>
    <testcase time="0.000999999999748979" classname="ds.glmPredict_smk_gaussian_sefit_true" name="simple_glmPredict_gaussian_with_newobj_se.fit_TRUE"/>
    <testcase time="0.00100000000020373" classname="ds.glmPredict_smk_gaussian_sefit_true" name="simple_glmPredict_gaussian_with_newobj_se.fit_TRUE"/>
    <testcase time="0.00199999999995271" classname="ds.glmPredict_smk_gaussian_sefit_true" name="simple_glmPredict_gaussian_with_newobj_se.fit_TRUE"/>
    <testcase time="0.00300000000015643" classname="ds.glmPredict_smk_gaussian_sefit_true" name="simple_glmPredict_gaussian_with_newobj_se.fit_TRUE"/>
    <testcase time="0.000999999999748979" classname="ds.glmPredict_smk_gaussian_sefit_true" name="simple_glmPredict_gaussian_with_newobj_se.fit_TRUE"/>
    <testcase time="0.00300000000015643" classname="ds.glmPredict_smk_gaussian_sefit_true" name="simple_glmPredict_gaussian_with_newobj_se.fit_TRUE"/>
    <testcase time="0.000999999999748979" classname="ds.glmPredict_smk_gaussian_sefit_true" name="simple_glmPredict_gaussian_with_newobj_se.fit_TRUE"/>
    <testcase time="0.00200000000040745" classname="ds.glmPredict_smk_gaussian_sefit_true" name="simple_glmPredict_gaussian_with_newobj_se.fit_TRUE"/>
    <testcase time="0.000999999999748979" classname="ds.glmPredict_smk_gaussian_sefit_true" name="simple_glmPredict_gaussian_with_newobj_se.fit_TRUE"/>
    <testcase time="0.00199999999995271" classname="ds.glmPredict_smk_gaussian_sefit_true" name="simple_glmPredict_gaussian_with_newobj_se.fit_TRUE"/>
    <testcase time="0.00100000000020373" classname="ds.glmPredict_smk_gaussian_sefit_true" name="simple_glmPredict_gaussian_with_newobj_se.fit_TRUE"/>
    <testcase time="0.00199999999995271" classname="ds.glmPredict_smk_gaussian_sefit_true" name="simple_glmPredict_gaussian_with_newobj_se.fit_TRUE"/>
    <testcase time="0.00199999999995271" classname="ds.glmPredict_smk_gaussian_sefit_true" name="simple_glmPredict_gaussian_with_newobj_se.fit_TRUE"/>
    <testcase time="0.00100000000020373" classname="ds.glmPredict_smk_gaussian_sefit_true" name="simple_glmPredict_gaussian_with_newobj_se.fit_TRUE"/>
    <testcase time="0.00199999999995271" classname="ds.glmPredict_smk_gaussian_sefit_true" name="simple_glmPredict_gaussian_with_newobj_se.fit_TRUE"/>
    <testcase time="0.000999999999748979" classname="ds.glmPredict_smk_gaussian_sefit_true" name="simple_glmPredict_gaussian_with_newobj_se.fit_TRUE"/>
    <testcase time="0.00199999999995271" classname="ds.glmPredict_smk_gaussian_sefit_true" name="simple_glmPredict_gaussian_with_newobj_se.fit_TRUE"/>
    <testcase time="0.00100000000020373" classname="ds.glmPredict_smk_gaussian_sefit_true" name="simple_glmPredict_gaussian_with_newobj_se.fit_TRUE"/>
    <testcase time="0.00199999999995271" classname="ds.glmPredict_smk_gaussian_sefit_true" name="simple_glmPredict_gaussian_with_newobj_se.fit_TRUE"/>
    <testcase time="0.000999999999748979" classname="ds.glmPredict_smk_gaussian_sefit_true" name="simple_glmPredict_gaussian_with_newobj_se.fit_TRUE"/>
    <testcase time="0.00200000000040745" classname="ds.glmPredict_smk_gaussian_sefit_true" name="simple_glmPredict_gaussian_with_newobj_se.fit_TRUE"/>
    <testcase time="0.00199999999995271" classname="ds.glmPredict_smk_gaussian_sefit_true" name="simple_glmPredict_gaussian_with_newobj_se.fit_TRUE"/>
    <testcase time="0.00199999999995271" classname="ds.glmPredict_smk_gaussian_sefit_true" name="simple_glmPredict_gaussian_with_newobj_se.fit_TRUE"/>
    <testcase time="0.000999999999748979" classname="ds.glmPredict_smk_gaussian_sefit_true" name="simple_glmPredict_gaussian_with_newobj_se.fit_TRUE"/>
    <testcase time="0.00900000000001455" classname="ds.glmPredict_smk_gaussian_sefit_true" name="simple_glmPredict_gaussian_with_newobj_se.fit_TRUE"/>
    <testcase time="0.00100000000020373" classname="ds.glmPredict_smk_gaussian_sefit_true" name="simple_glmPredict_gaussian_with_newobj_se.fit_TRUE"/>
    <testcase time="0.00199999999995271" classname="ds.glmPredict_smk_gaussian_sefit_true" name="simple_glmPredict_gaussian_with_newobj_se.fit_TRUE"/>
    <testcase time="0.00100000000020373" classname="ds.glmPredict_smk_gaussian_sefit_true" name="simple_glmPredict_gaussian_with_newobj_se.fit_TRUE"/>
    <testcase time="0.00199999999995271" classname="ds.glmPredict_smk_gaussian_sefit_true" name="simple_glmPredict_gaussian_with_newobj_se.fit_TRUE"/>
    <testcase time="0.000999999999748979" classname="ds.glmPredict_smk_gaussian_sefit_true" name="simple_glmPredict_gaussian_with_newobj_se.fit_TRUE"/>
    <testcase time="0.00199999999995271" classname="ds.glmPredict_smk_gaussian_sefit_true" name="simple_glmPredict_gaussian_with_newobj_se.fit_TRUE"/>
    <testcase time="0.00199999999995271" classname="ds.glmPredict_smk_gaussian_sefit_true" name="simple_glmPredict_gaussian_with_newobj_se.fit_TRUE"/>
    <testcase time="0.00100000000020373" classname="ds.glmPredict_smk_gaussian_sefit_true" name="simple_glmPredict_gaussian_with_newobj_se.fit_TRUE"/>
    <testcase time="0.00199999999995271" classname="ds.glmPredict_smk_gaussian_sefit_true" name="simple_glmPredict_gaussian_with_newobj_se.fit_TRUE"/>
    <testcase time="0.00100000000020373" classname="ds.glmPredict_smk_gaussian_sefit_true" name="simple_glmPredict_gaussian_with_newobj_se.fit_TRUE"/>
  </testsuite>
  <testsuite name="ds.glmPredict::smk::gaussian::shutdown" timestamp="2025-10-28T12:53:14Z" hostname="runnervmwhb2z" tests="3" skipped="0" failures="0" errors="0" time="0.049">
    <testcase time="0.0470000000000255" classname="ds.glmPredict_smk_gaussian_shutdown" name="shutdown"/>
    <testcase time="0.000999999999748979" classname="ds.glmPredict_smk_gaussian_shutdown" name="shutdown"/>
    <testcase time="0.00100000000020373" classname="ds.glmPredict_smk_gaussian_shutdown" name="shutdown"/>
  </testsuite>
  <testsuite name="ds.glmPredict::smk::gaussian::done" timestamp="2025-10-28T12:53:14Z" hostname="runnervmwhb2z" tests="0" skipped="0" failures="0" errors="0" time="0"/>
  <testsuite name="smk-ds.glmPredict-poisson" timestamp="2025-10-28T12:53:14Z" hostname="runnervmwhb2z" tests="0" skipped="0" failures="0" errors="0" time="0"/>
  <testsuite name="ds.glmPredict::smk::poisson::setup" timestamp="2025-10-28T12:53:14Z" hostname="runnervmwhb2z" tests="3" skipped="0" failures="0" errors="0" time="7.267">
    <testcase time="7.26499999999987" classname="ds.glmPredict_smk_poisson_setup" name="setup"/>
    <testcase time="0.000999999999748979" classname="ds.glmPredict_smk_poisson_setup" name="setup"/>
    <testcase time="0.00100000000020373" classname="ds.glmPredict_smk_poisson_setup" name="setup"/>
  </testsuite>
  <testsuite name="ds.glmPredict::smk::poisson::without_newobj" timestamp="2025-10-28T12:53:21Z" hostname="runnervmwhb2z" tests="69" skipped="0" failures="0" errors="0" time="0.859">
    <testcase time="0.548999999999978" classname="ds.glmPredict_smk_poisson_without_newobj" name="simple_glmPredict_poisson_without_newobj_se.fit_FALSE"/>
    <testcase time="0.00199999999995271" classname="ds.glmPredict_smk_poisson_without_newobj" name="simple_glmPredict_poisson_without_newobj_se.fit_FALSE"/>
    <testcase time="0.00100000000020373" classname="ds.glmPredict_smk_poisson_without_newobj" name="simple_glmPredict_poisson_without_newobj_se.fit_FALSE"/>
    <testcase time="0.000999999999748979" classname="ds.glmPredict_smk_poisson_without_newobj" name="simple_glmPredict_poisson_without_newobj_se.fit_FALSE"/>
    <testcase time="0.213000000000193" classname="ds.glmPredict_smk_poisson_without_newobj" name="simple_glmPredict_poisson_without_newobj_se.fit_FALSE"/>
    <testcase time="0.000999999999748979" classname="ds.glmPredict_smk_poisson_without_newobj" name="simple_glmPredict_poisson_without_newobj_se.fit_FALSE"/>
    <testcase time="0.00200000000040745" classname="ds.glmPredict_smk_poisson_without_newobj" name="simple_glmPredict_poisson_without_newobj_se.fit_FALSE"/>
    <testcase time="0.000999999999748979" classname="ds.glmPredict_smk_poisson_without_newobj" name="simple_glmPredict_poisson_without_newobj_se.fit_FALSE"/>
    <testcase time="0.00100000000020373" classname="ds.glmPredict_smk_poisson_without_newobj" name="simple_glmPredict_poisson_without_newobj_se.fit_FALSE"/>
    <testcase time="0.000999999999748979" classname="ds.glmPredict_smk_poisson_without_newobj" name="simple_glmPredict_poisson_without_newobj_se.fit_FALSE"/>
    <testcase time="0.00300000000015643" classname="ds.glmPredict_smk_poisson_without_newobj" name="simple_glmPredict_poisson_without_newobj_se.fit_FALSE"/>
    <testcase time="0.000999999999748979" classname="ds.glmPredict_smk_poisson_without_newobj" name="simple_glmPredict_poisson_without_newobj_se.fit_FALSE"/>
    <testcase time="0.00300000000015643" classname="ds.glmPredict_smk_poisson_without_newobj" name="simple_glmPredict_poisson_without_newobj_se.fit_FALSE"/>
    <testcase time="0.00100000000020373" classname="ds.glmPredict_smk_poisson_without_newobj" name="simple_glmPredict_poisson_without_newobj_se.fit_FALSE"/>
    <testcase time="0.000999999999748979" classname="ds.glmPredict_smk_poisson_without_newobj" name="simple_glmPredict_poisson_without_newobj_se.fit_FALSE"/>
    <testcase time="0.00100000000020373" classname="ds.glmPredict_smk_poisson_without_newobj" name="simple_glmPredict_poisson_without_newobj_se.fit_FALSE"/>
    <testcase time="0.00199999999995271" classname="ds.glmPredict_smk_poisson_without_newobj" name="simple_glmPredict_poisson_without_newobj_se.fit_FALSE"/>
    <testcase time="0.000999999999748979" classname="ds.glmPredict_smk_poisson_without_newobj" name="simple_glmPredict_poisson_without_newobj_se.fit_FALSE"/>
    <testcase time="0.00100000000020373" classname="ds.glmPredict_smk_poisson_without_newobj" name="simple_glmPredict_poisson_without_newobj_se.fit_FALSE"/>
    <testcase time="0.000999999999748979" classname="ds.glmPredict_smk_poisson_without_newobj" name="simple_glmPredict_poisson_without_newobj_se.fit_FALSE"/>
    <testcase time="0.00200000000040745" classname="ds.glmPredict_smk_poisson_without_newobj" name="simple_glmPredict_poisson_without_newobj_se.fit_FALSE"/>
    <testcase time="0.000999999999748979" classname="ds.glmPredict_smk_poisson_without_newobj" name="simple_glmPredict_poisson_without_newobj_se.fit_FALSE"/>
    <testcase time="0.00100000000020373" classname="ds.glmPredict_smk_poisson_without_newobj" name="simple_glmPredict_poisson_without_newobj_se.fit_FALSE"/>
    <testcase time="0.00199999999995271" classname="ds.glmPredict_smk_poisson_without_newobj" name="simple_glmPredict_poisson_without_newobj_se.fit_FALSE"/>
    <testcase time="0.000999999999748979" classname="ds.glmPredict_smk_poisson_without_newobj" name="simple_glmPredict_poisson_without_newobj_se.fit_FALSE"/>
    <testcase time="0.00199999999995271" classname="ds.glmPredict_smk_poisson_without_newobj" name="simple_glmPredict_poisson_without_newobj_se.fit_FALSE"/>
    <testcase time="0.00100000000020373" classname="ds.glmPredict_smk_poisson_without_newobj" name="simple_glmPredict_poisson_without_newobj_se.fit_FALSE"/>
    <testcase time="0.00100000000020373" classname="ds.glmPredict_smk_poisson_without_newobj" name="simple_glmPredict_poisson_without_newobj_se.fit_FALSE"/>
    <testcase time="0.000999999999748979" classname="ds.glmPredict_smk_poisson_without_newobj" name="simple_glmPredict_poisson_without_newobj_se.fit_FALSE"/>
    <testcase time="0.00199999999995271" classname="ds.glmPredict_smk_poisson_without_newobj" name="simple_glmPredict_poisson_without_newobj_se.fit_FALSE"/>
    <testcase time="0.00100000000020373" classname="ds.glmPredict_smk_poisson_without_newobj" name="simple_glmPredict_poisson_without_newobj_se.fit_FALSE"/>
    <testcase time="0.00299999999970169" classname="ds.glmPredict_smk_poisson_without_newobj" name="simple_glmPredict_poisson_without_newobj_se.fit_FALSE"/>
    <testcase time="0.00100000000020373" classname="ds.glmPredict_smk_poisson_without_newobj" name="simple_glmPredict_poisson_without_newobj_se.fit_FALSE"/>
    <testcase time="0.00300000000015643" classname="ds.glmPredict_smk_poisson_without_newobj" name="simple_glmPredict_poisson_without_newobj_se.fit_FALSE"/>
    <testcase time="0.000999999999748979" classname="ds.glmPredict_smk_poisson_without_newobj" name="simple_glmPredict_poisson_without_newobj_se.fit_FALSE"/>
    <testcase time="0.00100000000020373" classname="ds.glmPredict_smk_poisson_without_newobj" name="simple_glmPredict_poisson_without_newobj_se.fit_FALSE"/>
    <testcase time="0.00199999999995271" classname="ds.glmPredict_smk_poisson_without_newobj" name="simple_glmPredict_poisson_without_newobj_se.fit_FALSE"/>
    <testcase time="0.000999999999748979" classname="ds.glmPredict_smk_poisson_without_newobj" name="simple_glmPredict_poisson_without_newobj_se.fit_FALSE"/>
    <testcase time="0.00100000000020373" classname="ds.glmPredict_smk_poisson_without_newobj" name="simple_glmPredict_poisson_without_newobj_se.fit_FALSE"/>
    <testcase time="0.000999999999748979" classname="ds.glmPredict_smk_poisson_without_newobj" name="simple_glmPredict_poisson_without_newobj_se.fit_FALSE"/>
    <testcase time="0.00200000000040745" classname="ds.glmPredict_smk_poisson_without_newobj" name="simple_glmPredict_poisson_without_newobj_se.fit_FALSE"/>
    <testcase time="0.000999999999748979" classname="ds.glmPredict_smk_poisson_without_newobj" name="simple_glmPredict_poisson_without_newobj_se.fit_FALSE"/>
    <testcase time="0.00100000000020373" classname="ds.glmPredict_smk_poisson_without_newobj" name="simple_glmPredict_poisson_without_newobj_se.fit_FALSE"/>
    <testcase time="0.00199999999995271" classname="ds.glmPredict_smk_poisson_without_newobj" name="simple_glmPredict_poisson_without_newobj_se.fit_FALSE"/>
    <testcase time="0.000999999999748979" classname="ds.glmPredict_smk_poisson_without_newobj" name="simple_glmPredict_poisson_without_newobj_se.fit_FALSE"/>
    <testcase time="0.00100000000020373" classname="ds.glmPredict_smk_poisson_without_newobj" name="simple_glmPredict_poisson_without_newobj_se.fit_FALSE"/>
    <testcase time="0.00199999999995271" classname="ds.glmPredict_smk_poisson_without_newobj" name="simple_glmPredict_poisson_without_newobj_se.fit_FALSE"/>
    <testcase time="0.00100000000020373" classname="ds.glmPredict_smk_poisson_without_newobj" name="simple_glmPredict_poisson_without_newobj_se.fit_FALSE"/>
    <testcase time="0.000999999999748979" classname="ds.glmPredict_smk_poisson_without_newobj" name="simple_glmPredict_poisson_without_newobj_se.fit_FALSE"/>
    <testcase time="0.00199999999995271" classname="ds.glmPredict_smk_poisson_without_newobj" name="simple_glmPredict_poisson_without_newobj_se.fit_FALSE"/>
    <testcase time="0.00100000000020373" classname="ds.glmPredict_smk_poisson_without_newobj" name="simple_glmPredict_poisson_without_newobj_se.fit_FALSE"/>
    <testcase time="0.000999999999748979" classname="ds.glmPredict_smk_poisson_without_newobj" name="simple_glmPredict_poisson_without_newobj_se.fit_FALSE"/>
    <testcase time="0.00300000000015643" classname="ds.glmPredict_smk_poisson_without_newobj" name="simple_glmPredict_poisson_without_newobj_se.fit_FALSE"/>
    <testcase time="0.000999999999748979" classname="ds.glmPredict_smk_poisson_without_newobj" name="simple_glmPredict_poisson_without_newobj_se.fit_FALSE"/>
    <testcase time="0.00300000000015643" classname="ds.glmPredict_smk_poisson_without_newobj" name="simple_glmPredict_poisson_without_newobj_se.fit_FALSE"/>
    <testcase time="0.00199999999995271" classname="ds.glmPredict_smk_poisson_without_newobj" name="simple_glmPredict_poisson_without_newobj_se.fit_FALSE"/>
    <testcase time="0.00100000000020373" classname="ds.glmPredict_smk_poisson_without_newobj" name="simple_glmPredict_poisson_without_newobj_se.fit_FALSE"/>
    <testcase time="0.000999999999748979" classname="ds.glmPredict_smk_poisson_without_newobj" name="simple_glmPredict_poisson_without_newobj_se.fit_FALSE"/>
    <testcase time="0.00199999999995271" classname="ds.glmPredict_smk_poisson_without_newobj" name="simple_glmPredict_poisson_without_newobj_se.fit_FALSE"/>
    <testcase time="0.00100000000020373" classname="ds.glmPredict_smk_poisson_without_newobj" name="simple_glmPredict_poisson_without_newobj_se.fit_FALSE"/>
    <testcase time="0.00100000000020373" classname="ds.glmPredict_smk_poisson_without_newobj" name="simple_glmPredict_poisson_without_newobj_se.fit_FALSE"/>
    <testcase time="0.00199999999995271" classname="ds.glmPredict_smk_poisson_without_newobj" name="simple_glmPredict_poisson_without_newobj_se.fit_FALSE"/>
    <testcase time="0.000999999999748979" classname="ds.glmPredict_smk_poisson_without_newobj" name="simple_glmPredict_poisson_without_newobj_se.fit_FALSE"/>
    <testcase time="0.00199999999995271" classname="ds.glmPredict_smk_poisson_without_newobj" name="simple_glmPredict_poisson_without_newobj_se.fit_FALSE"/>
    <testcase time="0.00100000000020373" classname="ds.glmPredict_smk_poisson_without_newobj" name="simple_glmPredict_poisson_without_newobj_se.fit_FALSE"/>
    <testcase time="0.000999999999748979" classname="ds.glmPredict_smk_poisson_without_newobj" name="simple_glmPredict_poisson_without_newobj_se.fit_FALSE"/>
    <testcase time="0.00200000000040745" classname="ds.glmPredict_smk_poisson_without_newobj" name="simple_glmPredict_poisson_without_newobj_se.fit_FALSE"/>
    <testcase time="0.000999999999748979" classname="ds.glmPredict_smk_poisson_without_newobj" name="simple_glmPredict_poisson_without_newobj_se.fit_FALSE"/>
    <testcase time="0.00199999999995271" classname="ds.glmPredict_smk_poisson_without_newobj" name="simple_glmPredict_poisson_without_newobj_se.fit_FALSE"/>
  </testsuite>
  <testsuite name="ds.glmPredict::smk::poisson::with_newobj" timestamp="2025-10-28T12:53:22Z" hostname="runnervmwhb2z" tests="69" skipped="0" failures="0" errors="0" time="0.752">
    <testcase time="0.425999999999931" classname="ds.glmPredict_smk_poisson_with_newobj" name="simple_glmPredict_poisson_with_newobj_se.fit_FALSE"/>
    <testcase time="0.000999999999748979" classname="ds.glmPredict_smk_poisson_with_newobj" name="simple_glmPredict_poisson_with_newobj_se.fit_FALSE"/>
    <testcase time="0.00100000000020373" classname="ds.glmPredict_smk_poisson_with_newobj" name="simple_glmPredict_poisson_with_newobj_se.fit_FALSE"/>
    <testcase time="0.00100000000020373" classname="ds.glmPredict_smk_poisson_with_newobj" name="simple_glmPredict_poisson_with_newobj_se.fit_FALSE"/>
    <testcase time="0.228999999999814" classname="ds.glmPredict_smk_poisson_with_newobj" name="simple_glmPredict_poisson_with_newobj_se.fit_FALSE"/>
    <testcase time="0.00100000000020373" classname="ds.glmPredict_smk_poisson_with_newobj" name="simple_glmPredict_poisson_with_newobj_se.fit_FALSE"/>
    <testcase time="0.00199999999995271" classname="ds.glmPredict_smk_poisson_with_newobj" name="simple_glmPredict_poisson_with_newobj_se.fit_FALSE"/>
    <testcase time="0.000999999999748979" classname="ds.glmPredict_smk_poisson_with_newobj" name="simple_glmPredict_poisson_with_newobj_se.fit_FALSE"/>
    <testcase time="0.00100000000020373" classname="ds.glmPredict_smk_poisson_with_newobj" name="simple_glmPredict_poisson_with_newobj_se.fit_FALSE"/>
    <testcase time="0.000999999999748979" classname="ds.glmPredict_smk_poisson_with_newobj" name="simple_glmPredict_poisson_with_newobj_se.fit_FALSE"/>
    <testcase time="0.00300000000015643" classname="ds.glmPredict_smk_poisson_with_newobj" name="simple_glmPredict_poisson_with_newobj_se.fit_FALSE"/>
    <testcase time="0.000999999999748979" classname="ds.glmPredict_smk_poisson_with_newobj" name="simple_glmPredict_poisson_with_newobj_se.fit_FALSE"/>
    <testcase time="0.00300000000015643" classname="ds.glmPredict_smk_poisson_with_newobj" name="simple_glmPredict_poisson_with_newobj_se.fit_FALSE"/>
    <testcase time="0.00100000000020373" classname="ds.glmPredict_smk_poisson_with_newobj" name="simple_glmPredict_poisson_with_newobj_se.fit_FALSE"/>
    <testcase time="0.000999999999748979" classname="ds.glmPredict_smk_poisson_with_newobj" name="simple_glmPredict_poisson_with_newobj_se.fit_FALSE"/>
    <testcase time="0.00199999999995271" classname="ds.glmPredict_smk_poisson_with_newobj" name="simple_glmPredict_poisson_with_newobj_se.fit_FALSE"/>
    <testcase time="0.00100000000020373" classname="ds.glmPredict_smk_poisson_with_newobj" name="simple_glmPredict_poisson_with_newobj_se.fit_FALSE"/>
    <testcase time="0.000999999999748979" classname="ds.glmPredict_smk_poisson_with_newobj" name="simple_glmPredict_poisson_with_newobj_se.fit_FALSE"/>
    <testcase time="0.00100000000020373" classname="ds.glmPredict_smk_poisson_with_newobj" name="simple_glmPredict_poisson_with_newobj_se.fit_FALSE"/>
    <testcase time="0.00199999999995271" classname="ds.glmPredict_smk_poisson_with_newobj" name="simple_glmPredict_poisson_with_newobj_se.fit_FALSE"/>
    <testcase time="0.00100000000020373" classname="ds.glmPredict_smk_poisson_with_newobj" name="simple_glmPredict_poisson_with_newobj_se.fit_FALSE"/>
    <testcase time="0.000999999999748979" classname="ds.glmPredict_smk_poisson_with_newobj" name="simple_glmPredict_poisson_with_newobj_se.fit_FALSE"/>
    <testcase time="0.00100000000020373" classname="ds.glmPredict_smk_poisson_with_newobj" name="simple_glmPredict_poisson_with_newobj_se.fit_FALSE"/>
    <testcase time="0.00199999999995271" classname="ds.glmPredict_smk_poisson_with_newobj" name="simple_glmPredict_poisson_with_newobj_se.fit_FALSE"/>
    <testcase time="0.000999999999748979" classname="ds.glmPredict_smk_poisson_with_newobj" name="simple_glmPredict_poisson_with_newobj_se.fit_FALSE"/>
    <testcase time="0.00100000000020373" classname="ds.glmPredict_smk_poisson_with_newobj" name="simple_glmPredict_poisson_with_newobj_se.fit_FALSE"/>
    <testcase time="0.00199999999995271" classname="ds.glmPredict_smk_poisson_with_newobj" name="simple_glmPredict_poisson_with_newobj_se.fit_FALSE"/>
    <testcase time="0.00100000000020373" classname="ds.glmPredict_smk_poisson_with_newobj" name="simple_glmPredict_poisson_with_newobj_se.fit_FALSE"/>
    <testcase time="0.000999999999748979" classname="ds.glmPredict_smk_poisson_with_newobj" name="simple_glmPredict_poisson_with_newobj_se.fit_FALSE"/>
    <testcase time="0.00100000000020373" classname="ds.glmPredict_smk_poisson_with_newobj" name="simple_glmPredict_poisson_with_newobj_se.fit_FALSE"/>
    <testcase time="0.000999999999748979" classname="ds.glmPredict_smk_poisson_with_newobj" name="simple_glmPredict_poisson_with_newobj_se.fit_FALSE"/>
    <testcase time="0.00300000000015643" classname="ds.glmPredict_smk_poisson_with_newobj" name="simple_glmPredict_poisson_with_newobj_se.fit_FALSE"/>
    <testcase time="0.00199999999995271" classname="ds.glmPredict_smk_poisson_with_newobj" name="simple_glmPredict_poisson_with_newobj_se.fit_FALSE"/>
    <testcase time="0.00199999999995271" classname="ds.glmPredict_smk_poisson_with_newobj" name="simple_glmPredict_poisson_with_newobj_se.fit_FALSE"/>
    <testcase time="0.00199999999995271" classname="ds.glmPredict_smk_poisson_with_newobj" name="simple_glmPredict_poisson_with_newobj_se.fit_FALSE"/>
    <testcase time="0.00100000000020373" classname="ds.glmPredict_smk_poisson_with_newobj" name="simple_glmPredict_poisson_with_newobj_se.fit_FALSE"/>
    <testcase time="0.00199999999995271" classname="ds.glmPredict_smk_poisson_with_newobj" name="simple_glmPredict_poisson_with_newobj_se.fit_FALSE"/>
    <testcase time="0.000999999999748979" classname="ds.glmPredict_smk_poisson_with_newobj" name="simple_glmPredict_poisson_with_newobj_se.fit_FALSE"/>
    <testcase time="0.00100000000020373" classname="ds.glmPredict_smk_poisson_with_newobj" name="simple_glmPredict_poisson_with_newobj_se.fit_FALSE"/>
    <testcase time="0.00100000000020373" classname="ds.glmPredict_smk_poisson_with_newobj" name="simple_glmPredict_poisson_with_newobj_se.fit_FALSE"/>
    <testcase time="0.00199999999995271" classname="ds.glmPredict_smk_poisson_with_newobj" name="simple_glmPredict_poisson_with_newobj_se.fit_FALSE"/>
    <testcase time="0.000999999999748979" classname="ds.glmPredict_smk_poisson_with_newobj" name="simple_glmPredict_poisson_with_newobj_se.fit_FALSE"/>
    <testcase time="0.00100000000020373" classname="ds.glmPredict_smk_poisson_with_newobj" name="simple_glmPredict_poisson_with_newobj_se.fit_FALSE"/>
    <testcase time="0.00199999999995271" classname="ds.glmPredict_smk_poisson_with_newobj" name="simple_glmPredict_poisson_with_newobj_se.fit_FALSE"/>
    <testcase time="0.000999999999748979" classname="ds.glmPredict_smk_poisson_with_newobj" name="simple_glmPredict_poisson_with_newobj_se.fit_FALSE"/>
    <testcase time="0.00200000000040745" classname="ds.glmPredict_smk_poisson_with_newobj" name="simple_glmPredict_poisson_with_newobj_se.fit_FALSE"/>
    <testcase time="0.000999999999748979" classname="ds.glmPredict_smk_poisson_with_newobj" name="simple_glmPredict_poisson_with_newobj_se.fit_FALSE"/>
    <testcase time="0.00100000000020373" classname="ds.glmPredict_smk_poisson_with_newobj" name="simple_glmPredict_poisson_with_newobj_se.fit_FALSE"/>
    <testcase time="0.00199999999995271" classname="ds.glmPredict_smk_poisson_with_newobj" name="simple_glmPredict_poisson_with_newobj_se.fit_FALSE"/>
    <testcase time="0.000999999999748979" classname="ds.glmPredict_smk_poisson_with_newobj" name="simple_glmPredict_poisson_with_newobj_se.fit_FALSE"/>
    <testcase time="0.00100000000020373" classname="ds.glmPredict_smk_poisson_with_newobj" name="simple_glmPredict_poisson_with_newobj_se.fit_FALSE"/>
    <testcase time="0.00199999999995271" classname="ds.glmPredict_smk_poisson_with_newobj" name="simple_glmPredict_poisson_with_newobj_se.fit_FALSE"/>
    <testcase time="0.00199999999995271" classname="ds.glmPredict_smk_poisson_with_newobj" name="simple_glmPredict_poisson_with_newobj_se.fit_FALSE"/>
    <testcase time="0.00199999999995271" classname="ds.glmPredict_smk_poisson_with_newobj" name="simple_glmPredict_poisson_with_newobj_se.fit_FALSE"/>
    <testcase time="0.00300000000015643" classname="ds.glmPredict_smk_poisson_with_newobj" name="simple_glmPredict_poisson_with_newobj_se.fit_FALSE"/>
    <testcase time="0.000999999999748979" classname="ds.glmPredict_smk_poisson_with_newobj" name="simple_glmPredict_poisson_with_newobj_se.fit_FALSE"/>
    <testcase time="0.00100000000020373" classname="ds.glmPredict_smk_poisson_with_newobj" name="simple_glmPredict_poisson_with_newobj_se.fit_FALSE"/>
    <testcase time="0.00199999999995271" classname="ds.glmPredict_smk_poisson_with_newobj" name="simple_glmPredict_poisson_with_newobj_se.fit_FALSE"/>
    <testcase time="0.00100000000020373" classname="ds.glmPredict_smk_poisson_with_newobj" name="simple_glmPredict_poisson_with_newobj_se.fit_FALSE"/>
    <testcase time="0.00199999999995271" classname="ds.glmPredict_smk_poisson_with_newobj" name="simple_glmPredict_poisson_with_newobj_se.fit_FALSE"/>
    <testcase time="0.000999999999748979" classname="ds.glmPredict_smk_poisson_with_newobj" name="simple_glmPredict_poisson_with_newobj_se.fit_FALSE"/>
    <testcase time="0.00199999999995271" classname="ds.glmPredict_smk_poisson_with_newobj" name="simple_glmPredict_poisson_with_newobj_se.fit_FALSE"/>
    <testcase time="0.00100000000020373" classname="ds.glmPredict_smk_poisson_with_newobj" name="simple_glmPredict_poisson_with_newobj_se.fit_FALSE"/>
    <testcase time="0.00199999999995271" classname="ds.glmPredict_smk_poisson_with_newobj" name="simple_glmPredict_poisson_with_newobj_se.fit_FALSE"/>
    <testcase time="0.00100000000020373" classname="ds.glmPredict_smk_poisson_with_newobj" name="simple_glmPredict_poisson_with_newobj_se.fit_FALSE"/>
    <testcase time="0.000999999999748979" classname="ds.glmPredict_smk_poisson_with_newobj" name="simple_glmPredict_poisson_with_newobj_se.fit_FALSE"/>
    <testcase time="0.00199999999995271" classname="ds.glmPredict_smk_poisson_with_newobj" name="simple_glmPredict_poisson_with_newobj_se.fit_FALSE"/>
    <testcase time="0.00100000000020373" classname="ds.glmPredict_smk_poisson_with_newobj" name="simple_glmPredict_poisson_with_newobj_se.fit_FALSE"/>
    <testcase time="0.00199999999995271" classname="ds.glmPredict_smk_poisson_with_newobj" name="simple_glmPredict_poisson_with_newobj_se.fit_FALSE"/>
  </testsuite>
  <testsuite name="ds.glmPredict::smk::poisson::sefit_true" timestamp="2025-10-28T12:53:23Z" hostname="runnervmwhb2z" tests="114" skipped="0" failures="0" errors="0" time="0.801">
    <testcase time="0.41800000000012" classname="ds.glmPredict_smk_poisson_sefit_true" name="simple_glmPredict_poisson_with_newobj_se.fit_TRUE"/>
    <testcase time="0.000999999999748979" classname="ds.glmPredict_smk_poisson_sefit_true" name="simple_glmPredict_poisson_with_newobj_se.fit_TRUE"/>
    <testcase time="0.000999999999748979" classname="ds.glmPredict_smk_poisson_sefit_true" name="simple_glmPredict_poisson_with_newobj_se.fit_TRUE"/>
    <testcase time="0.00100000000020373" classname="ds.glmPredict_smk_poisson_sefit_true" name="simple_glmPredict_poisson_with_newobj_se.fit_TRUE"/>
    <testcase time="0.212999999999738" classname="ds.glmPredict_smk_poisson_sefit_true" name="simple_glmPredict_poisson_with_newobj_se.fit_TRUE"/>
    <testcase time="0.00100000000020373" classname="ds.glmPredict_smk_poisson_sefit_true" name="simple_glmPredict_poisson_with_newobj_se.fit_TRUE"/>
    <testcase time="0.000999999999748979" classname="ds.glmPredict_smk_poisson_sefit_true" name="simple_glmPredict_poisson_with_newobj_se.fit_TRUE"/>
    <testcase time="0.00100000000020373" classname="ds.glmPredict_smk_poisson_sefit_true" name="simple_glmPredict_poisson_with_newobj_se.fit_TRUE"/>
    <testcase time="0.00100000000020373" classname="ds.glmPredict_smk_poisson_sefit_true" name="simple_glmPredict_poisson_with_newobj_se.fit_TRUE"/>
    <testcase time="0.00199999999995271" classname="ds.glmPredict_smk_poisson_sefit_true" name="simple_glmPredict_poisson_with_newobj_se.fit_TRUE"/>
    <testcase time="0.00199999999995271" classname="ds.glmPredict_smk_poisson_sefit_true" name="simple_glmPredict_poisson_with_newobj_se.fit_TRUE"/>
    <testcase time="0.00199999999995271" classname="ds.glmPredict_smk_poisson_sefit_true" name="simple_glmPredict_poisson_with_newobj_se.fit_TRUE"/>
    <testcase time="0.00199999999995271" classname="ds.glmPredict_smk_poisson_sefit_true" name="simple_glmPredict_poisson_with_newobj_se.fit_TRUE"/>
    <testcase time="0.00199999999995271" classname="ds.glmPredict_smk_poisson_sefit_true" name="simple_glmPredict_poisson_with_newobj_se.fit_TRUE"/>
    <testcase time="0.00100000000020373" classname="ds.glmPredict_smk_poisson_sefit_true" name="simple_glmPredict_poisson_with_newobj_se.fit_TRUE"/>
    <testcase time="0.000999999999748979" classname="ds.glmPredict_smk_poisson_sefit_true" name="simple_glmPredict_poisson_with_newobj_se.fit_TRUE"/>
    <testcase time="0.00100000000020373" classname="ds.glmPredict_smk_poisson_sefit_true" name="simple_glmPredict_poisson_with_newobj_se.fit_TRUE"/>
    <testcase time="0.00199999999995271" classname="ds.glmPredict_smk_poisson_sefit_true" name="simple_glmPredict_poisson_with_newobj_se.fit_TRUE"/>
    <testcase time="0.000999999999748979" classname="ds.glmPredict_smk_poisson_sefit_true" name="simple_glmPredict_poisson_with_newobj_se.fit_TRUE"/>
    <testcase time="0.00100000000020373" classname="ds.glmPredict_smk_poisson_sefit_true" name="simple_glmPredict_poisson_with_newobj_se.fit_TRUE"/>
    <testcase time="0.00100000000020373" classname="ds.glmPredict_smk_poisson_sefit_true" name="simple_glmPredict_poisson_with_newobj_se.fit_TRUE"/>
    <testcase time="0.00199999999995271" classname="ds.glmPredict_smk_poisson_sefit_true" name="simple_glmPredict_poisson_with_newobj_se.fit_TRUE"/>
    <testcase time="0.000999999999748979" classname="ds.glmPredict_smk_poisson_sefit_true" name="simple_glmPredict_poisson_with_newobj_se.fit_TRUE"/>
    <testcase time="0.00100000000020373" classname="ds.glmPredict_smk_poisson_sefit_true" name="simple_glmPredict_poisson_with_newobj_se.fit_TRUE"/>
    <testcase time="0.00199999999995271" classname="ds.glmPredict_smk_poisson_sefit_true" name="simple_glmPredict_poisson_with_newobj_se.fit_TRUE"/>
    <testcase time="0.000999999999748979" classname="ds.glmPredict_smk_poisson_sefit_true" name="simple_glmPredict_poisson_with_newobj_se.fit_TRUE"/>
    <testcase time="0.00100000000020373" classname="ds.glmPredict_smk_poisson_sefit_true" name="simple_glmPredict_poisson_with_newobj_se.fit_TRUE"/>
    <testcase time="0.000999999999748979" classname="ds.glmPredict_smk_poisson_sefit_true" name="simple_glmPredict_poisson_with_newobj_se.fit_TRUE"/>
    <testcase time="0.00200000000040745" classname="ds.glmPredict_smk_poisson_sefit_true" name="simple_glmPredict_poisson_with_newobj_se.fit_TRUE"/>
    <testcase time="0.000999999999748979" classname="ds.glmPredict_smk_poisson_sefit_true" name="simple_glmPredict_poisson_with_newobj_se.fit_TRUE"/>
    <testcase time="0.00100000000020373" classname="ds.glmPredict_smk_poisson_sefit_true" name="simple_glmPredict_poisson_with_newobj_se.fit_TRUE"/>
    <testcase time="0.00199999999995271" classname="ds.glmPredict_smk_poisson_sefit_true" name="simple_glmPredict_poisson_with_newobj_se.fit_TRUE"/>
    <testcase time="0.000999999999748979" classname="ds.glmPredict_smk_poisson_sefit_true" name="simple_glmPredict_poisson_with_newobj_se.fit_TRUE"/>
    <testcase time="0.00100000000020373" classname="ds.glmPredict_smk_poisson_sefit_true" name="simple_glmPredict_poisson_with_newobj_se.fit_TRUE"/>
    <testcase time="0.000999999999748979" classname="ds.glmPredict_smk_poisson_sefit_true" name="simple_glmPredict_poisson_with_newobj_se.fit_TRUE"/>
    <testcase time="0.00200000000040745" classname="ds.glmPredict_smk_poisson_sefit_true" name="simple_glmPredict_poisson_with_newobj_se.fit_TRUE"/>
    <testcase time="0.000999999999748979" classname="ds.glmPredict_smk_poisson_sefit_true" name="simple_glmPredict_poisson_with_newobj_se.fit_TRUE"/>
    <testcase time="0.00100000000020373" classname="ds.glmPredict_smk_poisson_sefit_true" name="simple_glmPredict_poisson_with_newobj_se.fit_TRUE"/>
    <testcase time="0.00199999999995271" classname="ds.glmPredict_smk_poisson_sefit_true" name="simple_glmPredict_poisson_with_newobj_se.fit_TRUE"/>
    <testcase time="0.000999999999748979" classname="ds.glmPredict_smk_poisson_sefit_true" name="simple_glmPredict_poisson_with_newobj_se.fit_TRUE"/>
    <testcase time="0.00100000000020373" classname="ds.glmPredict_smk_poisson_sefit_true" name="simple_glmPredict_poisson_with_newobj_se.fit_TRUE"/>
    <testcase time="0.00199999999995271" classname="ds.glmPredict_smk_poisson_sefit_true" name="simple_glmPredict_poisson_with_newobj_se.fit_TRUE"/>
    <testcase time="0.00100000000020373" classname="ds.glmPredict_smk_poisson_sefit_true" name="simple_glmPredict_poisson_with_newobj_se.fit_TRUE"/>
    <testcase time="0.000999999999748979" classname="ds.glmPredict_smk_poisson_sefit_true" name="simple_glmPredict_poisson_with_newobj_se.fit_TRUE"/>
    <testcase time="0.00100000000020373" classname="ds.glmPredict_smk_poisson_sefit_true" name="simple_glmPredict_poisson_with_newobj_se.fit_TRUE"/>
    <testcase time="0.00199999999995271" classname="ds.glmPredict_smk_poisson_sefit_true" name="simple_glmPredict_poisson_with_newobj_se.fit_TRUE"/>
    <testcase time="0.00299999999970169" classname="ds.glmPredict_smk_poisson_sefit_true" name="simple_glmPredict_poisson_with_newobj_se.fit_TRUE"/>
    <testcase time="0.00100000000020373" classname="ds.glmPredict_smk_poisson_sefit_true" name="simple_glmPredict_poisson_with_newobj_se.fit_TRUE"/>
    <testcase time="0.00300000000015643" classname="ds.glmPredict_smk_poisson_sefit_true" name="simple_glmPredict_poisson_with_newobj_se.fit_TRUE"/>
    <testcase time="0.000999999999748979" classname="ds.glmPredict_smk_poisson_sefit_true" name="simple_glmPredict_poisson_with_newobj_se.fit_TRUE"/>
    <testcase time="0.00100000000020373" classname="ds.glmPredict_smk_poisson_sefit_true" name="simple_glmPredict_poisson_with_newobj_se.fit_TRUE"/>
    <testcase time="0.00199999999995271" classname="ds.glmPredict_smk_poisson_sefit_true" name="simple_glmPredict_poisson_with_newobj_se.fit_TRUE"/>
    <testcase time="0.000999999999748979" classname="ds.glmPredict_smk_poisson_sefit_true" name="simple_glmPredict_poisson_with_newobj_se.fit_TRUE"/>
    <testcase time="0.00199999999995271" classname="ds.glmPredict_smk_poisson_sefit_true" name="simple_glmPredict_poisson_with_newobj_se.fit_TRUE"/>
    <testcase time="0.00100000000020373" classname="ds.glmPredict_smk_poisson_sefit_true" name="simple_glmPredict_poisson_with_newobj_se.fit_TRUE"/>
    <testcase time="0.00100000000020373" classname="ds.glmPredict_smk_poisson_sefit_true" name="simple_glmPredict_poisson_with_newobj_se.fit_TRUE"/>
    <testcase time="0.00199999999995271" classname="ds.glmPredict_smk_poisson_sefit_true" name="simple_glmPredict_poisson_with_newobj_se.fit_TRUE"/>
    <testcase time="0.000999999999748979" classname="ds.glmPredict_smk_poisson_sefit_true" name="simple_glmPredict_poisson_with_newobj_se.fit_TRUE"/>
    <testcase time="0.00100000000020373" classname="ds.glmPredict_smk_poisson_sefit_true" name="simple_glmPredict_poisson_with_newobj_se.fit_TRUE"/>
    <testcase time="0.00199999999995271" classname="ds.glmPredict_smk_poisson_sefit_true" name="simple_glmPredict_poisson_with_newobj_se.fit_TRUE"/>
    <testcase time="0.000999999999748979" classname="ds.glmPredict_smk_poisson_sefit_true" name="simple_glmPredict_poisson_with_newobj_se.fit_TRUE"/>
    <testcase time="0.00200000000040745" classname="ds.glmPredict_smk_poisson_sefit_true" name="simple_glmPredict_poisson_with_newobj_se.fit_TRUE"/>
    <testcase time="0.000999999999748979" classname="ds.glmPredict_smk_poisson_sefit_true" name="simple_glmPredict_poisson_with_newobj_se.fit_TRUE"/>
    <testcase time="0.00100000000020373" classname="ds.glmPredict_smk_poisson_sefit_true" name="simple_glmPredict_poisson_with_newobj_se.fit_TRUE"/>
    <testcase time="0.00199999999995271" classname="ds.glmPredict_smk_poisson_sefit_true" name="simple_glmPredict_poisson_with_newobj_se.fit_TRUE"/>
    <testcase time="0.00199999999995271" classname="ds.glmPredict_smk_poisson_sefit_true" name="simple_glmPredict_poisson_with_newobj_se.fit_TRUE"/>
    <testcase time="0.000999999999748979" classname="ds.glmPredict_smk_poisson_sefit_true" name="simple_glmPredict_poisson_with_newobj_se.fit_TRUE"/>
    <testcase time="0.00100000000020373" classname="ds.glmPredict_smk_poisson_sefit_true" name="simple_glmPredict_poisson_with_newobj_se.fit_TRUE"/>
    <testcase time="0.00199999999995271" classname="ds.glmPredict_smk_poisson_sefit_true" name="simple_glmPredict_poisson_with_newobj_se.fit_TRUE"/>
    <testcase time="0.00100000000020373" classname="ds.glmPredict_smk_poisson_sefit_true" name="simple_glmPredict_poisson_with_newobj_se.fit_TRUE"/>
    <testcase time="0.00199999999995271" classname="ds.glmPredict_smk_poisson_sefit_true" name="simple_glmPredict_poisson_with_newobj_se.fit_TRUE"/>
    <testcase time="0.000999999999748979" classname="ds.glmPredict_smk_poisson_sefit_true" name="simple_glmPredict_poisson_with_newobj_se.fit_TRUE"/>
    <testcase time="0.00199999999995271" classname="ds.glmPredict_smk_poisson_sefit_true" name="simple_glmPredict_poisson_with_newobj_se.fit_TRUE"/>
    <testcase time="0.00100000000020373" classname="ds.glmPredict_smk_poisson_sefit_true" name="simple_glmPredict_poisson_with_newobj_se.fit_TRUE"/>
    <testcase time="0.00799999999981083" classname="ds.glmPredict_smk_poisson_sefit_true" name="simple_glmPredict_poisson_with_newobj_se.fit_TRUE"/>
    <testcase time="0.00199999999995271" classname="ds.glmPredict_smk_poisson_sefit_true" name="simple_glmPredict_poisson_with_newobj_se.fit_TRUE"/>
    <testcase time="0.00100000000020373" classname="ds.glmPredict_smk_poisson_sefit_true" name="simple_glmPredict_poisson_with_newobj_se.fit_TRUE"/>
    <testcase time="0.00199999999995271" classname="ds.glmPredict_smk_poisson_sefit_true" name="simple_glmPredict_poisson_with_newobj_se.fit_TRUE"/>
    <testcase time="0.00100000000020373" classname="ds.glmPredict_smk_poisson_sefit_true" name="simple_glmPredict_poisson_with_newobj_se.fit_TRUE"/>
    <testcase time="0.00199999999995271" classname="ds.glmPredict_smk_poisson_sefit_true" name="simple_glmPredict_poisson_with_newobj_se.fit_TRUE"/>
    <testcase time="0.000999999999748979" classname="ds.glmPredict_smk_poisson_sefit_true" name="simple_glmPredict_poisson_with_newobj_se.fit_TRUE"/>
    <testcase time="0.00100000000020373" classname="ds.glmPredict_smk_poisson_sefit_true" name="simple_glmPredict_poisson_with_newobj_se.fit_TRUE"/>
    <testcase time="0.00300000000015643" classname="ds.glmPredict_smk_poisson_sefit_true" name="simple_glmPredict_poisson_with_newobj_se.fit_TRUE"/>
    <testcase time="0.00199999999995271" classname="ds.glmPredict_smk_poisson_sefit_true" name="simple_glmPredict_poisson_with_newobj_se.fit_TRUE"/>
    <testcase time="0.00299999999970169" classname="ds.glmPredict_smk_poisson_sefit_true" name="simple_glmPredict_poisson_with_newobj_se.fit_TRUE"/>
    <testcase time="0.00100000000020373" classname="ds.glmPredict_smk_poisson_sefit_true" name="simple_glmPredict_poisson_with_newobj_se.fit_TRUE"/>
    <testcase time="0.00199999999995271" classname="ds.glmPredict_smk_poisson_sefit_true" name="simple_glmPredict_poisson_with_newobj_se.fit_TRUE"/>
    <testcase time="0.000999999999748979" classname="ds.glmPredict_smk_poisson_sefit_true" name="simple_glmPredict_poisson_with_newobj_se.fit_TRUE"/>
    <testcase time="0.00200000000040745" classname="ds.glmPredict_smk_poisson_sefit_true" name="simple_glmPredict_poisson_with_newobj_se.fit_TRUE"/>
    <testcase time="0.000999999999748979" classname="ds.glmPredict_smk_poisson_sefit_true" name="simple_glmPredict_poisson_with_newobj_se.fit_TRUE"/>
    <testcase time="0.00199999999995271" classname="ds.glmPredict_smk_poisson_sefit_true" name="simple_glmPredict_poisson_with_newobj_se.fit_TRUE"/>
    <testcase time="0.00100000000020373" classname="ds.glmPredict_smk_poisson_sefit_true" name="simple_glmPredict_poisson_with_newobj_se.fit_TRUE"/>
    <testcase time="0.00199999999995271" classname="ds.glmPredict_smk_poisson_sefit_true" name="simple_glmPredict_poisson_with_newobj_se.fit_TRUE"/>
    <testcase time="0.000999999999748979" classname="ds.glmPredict_smk_poisson_sefit_true" name="simple_glmPredict_poisson_with_newobj_se.fit_TRUE"/>
    <testcase time="0.00200000000040745" classname="ds.glmPredict_smk_poisson_sefit_true" name="simple_glmPredict_poisson_with_newobj_se.fit_TRUE"/>
    <testcase time="0.000999999999748979" classname="ds.glmPredict_smk_poisson_sefit_true" name="simple_glmPredict_poisson_with_newobj_se.fit_TRUE"/>
    <testcase time="0.00199999999995271" classname="ds.glmPredict_smk_poisson_sefit_true" name="simple_glmPredict_poisson_with_newobj_se.fit_TRUE"/>
    <testcase time="0.00100000000020373" classname="ds.glmPredict_smk_poisson_sefit_true" name="simple_glmPredict_poisson_with_newobj_se.fit_TRUE"/>
    <testcase time="0.00199999999995271" classname="ds.glmPredict_smk_poisson_sefit_true" name="simple_glmPredict_poisson_with_newobj_se.fit_TRUE"/>
    <testcase time="0.000999999999748979" classname="ds.glmPredict_smk_poisson_sefit_true" name="simple_glmPredict_poisson_with_newobj_se.fit_TRUE"/>
    <testcase time="0.00200000000040745" classname="ds.glmPredict_smk_poisson_sefit_true" name="simple_glmPredict_poisson_with_newobj_se.fit_TRUE"/>
    <testcase time="0.000999999999748979" classname="ds.glmPredict_smk_poisson_sefit_true" name="simple_glmPredict_poisson_with_newobj_se.fit_TRUE"/>
    <testcase time="0.00199999999995271" classname="ds.glmPredict_smk_poisson_sefit_true" name="simple_glmPredict_poisson_with_newobj_se.fit_TRUE"/>
    <testcase time="0.00100000000020373" classname="ds.glmPredict_smk_poisson_sefit_true" name="simple_glmPredict_poisson_with_newobj_se.fit_TRUE"/>
    <testcase time="0.00199999999995271" classname="ds.glmPredict_smk_poisson_sefit_true" name="simple_glmPredict_poisson_with_newobj_se.fit_TRUE"/>
    <testcase time="0.000999999999748979" classname="ds.glmPredict_smk_poisson_sefit_true" name="simple_glmPredict_poisson_with_newobj_se.fit_TRUE"/>
    <testcase time="0.00199999999995271" classname="ds.glmPredict_smk_poisson_sefit_true" name="simple_glmPredict_poisson_with_newobj_se.fit_TRUE"/>
    <testcase time="0.00200000000040745" classname="ds.glmPredict_smk_poisson_sefit_true" name="simple_glmPredict_poisson_with_newobj_se.fit_TRUE"/>
    <testcase time="0.000999999999748979" classname="ds.glmPredict_smk_poisson_sefit_true" name="simple_glmPredict_poisson_with_newobj_se.fit_TRUE"/>
    <testcase time="0.00199999999995271" classname="ds.glmPredict_smk_poisson_sefit_true" name="simple_glmPredict_poisson_with_newobj_se.fit_TRUE"/>
    <testcase time="0.00100000000020373" classname="ds.glmPredict_smk_poisson_sefit_true" name="simple_glmPredict_poisson_with_newobj_se.fit_TRUE"/>
    <testcase time="0.00199999999995271" classname="ds.glmPredict_smk_poisson_sefit_true" name="simple_glmPredict_poisson_with_newobj_se.fit_TRUE"/>
    <testcase time="0.000999999999748979" classname="ds.glmPredict_smk_poisson_sefit_true" name="simple_glmPredict_poisson_with_newobj_se.fit_TRUE"/>
    <testcase time="0.00200000000040745" classname="ds.glmPredict_smk_poisson_sefit_true" name="simple_glmPredict_poisson_with_newobj_se.fit_TRUE"/>
  </testsuite>
  <testsuite name="ds.glmPredict::smk::poisson::shutdown" timestamp="2025-10-28T12:53:23Z" hostname="runnervmwhb2z" tests="3" skipped="0" failures="0" errors="0" time="0.049">
    <testcase time="0.0469999999995707" classname="ds.glmPredict_smk_poisson_shutdown" name="shutdown"/>
    <testcase time="0.00100000000020373" classname="ds.glmPredict_smk_poisson_shutdown" name="shutdown"/>
    <testcase time="0.00100000000020373" classname="ds.glmPredict_smk_poisson_shutdown" name="shutdown"/>
  </testsuite>
  <testsuite name="ds.glmPredict::smk::poisson::done" timestamp="2025-10-28T12:53:24Z" hostname="runnervmwhb2z" tests="0" skipped="0" failures="0" errors="0" time="0"/>
  <testsuite name="smk-ds.glmSLMA" timestamp="2025-10-28T12:53:24Z" hostname="runnervmwhb2z" tests="0" skipped="0" failures="0" errors="0" time="0"/>
  <testsuite name="ds.glmSLMA::smk::setup" timestamp="2025-10-28T12:53:24Z" hostname="runnervmwhb2z" tests="3" skipped="0" failures="0" errors="0" time="7.293">
    <testcase time="7.28999999999996" classname="ds.glmSLMA_smk_setup" name="setup"/>
    <testcase time="0.000999999999748979" classname="ds.glmSLMA_smk_setup" name="setup"/>
    <testcase time="0.00199999999995271" classname="ds.glmSLMA_smk_setup" name="setup"/>
  </testsuite>
  <testsuite name="ds.glmSLMA::smk::gaussian" timestamp="2025-10-28T12:53:31Z" hostname="runnervmwhb2z" tests="47" skipped="0" failures="0" errors="0" time="0.457">
    <testcase time="0.380000000000109" classname="ds.glmSLMA_smk_gaussian" name="simple_glmSLMA_gaussian"/>
    <testcase time="0.00100000000020373" classname="ds.glmSLMA_smk_gaussian" name="simple_glmSLMA_gaussian"/>
    <testcase time="0.00299999999970169" classname="ds.glmSLMA_smk_gaussian" name="simple_glmSLMA_gaussian"/>
    <testcase time="0.00300000000015643" classname="ds.glmSLMA_smk_gaussian" name="simple_glmSLMA_gaussian"/>
    <testcase time="0.00199999999995271" classname="ds.glmSLMA_smk_gaussian" name="simple_glmSLMA_gaussian"/>
    <testcase time="0.00300000000015643" classname="ds.glmSLMA_smk_gaussian" name="simple_glmSLMA_gaussian"/>
    <testcase time="0.00199999999995271" classname="ds.glmSLMA_smk_gaussian" name="simple_glmSLMA_gaussian"/>
    <testcase time="0.000999999999748979" classname="ds.glmSLMA_smk_gaussian" name="simple_glmSLMA_gaussian"/>
    <testcase time="0.00300000000015643" classname="ds.glmSLMA_smk_gaussian" name="simple_glmSLMA_gaussian"/>
    <testcase time="0.00300000000015643" classname="ds.glmSLMA_smk_gaussian" name="simple_glmSLMA_gaussian"/>
    <testcase time="0.000999999999748979" classname="ds.glmSLMA_smk_gaussian" name="simple_glmSLMA_gaussian"/>
    <testcase time="0.00199999999995271" classname="ds.glmSLMA_smk_gaussian" name="simple_glmSLMA_gaussian"/>
    <testcase time="0.00300000000015643" classname="ds.glmSLMA_smk_gaussian" name="simple_glmSLMA_gaussian"/>
    <testcase time="0.00100000000020373" classname="ds.glmSLMA_smk_gaussian" name="simple_glmSLMA_gaussian"/>
    <testcase time="0.00199999999995271" classname="ds.glmSLMA_smk_gaussian" name="simple_glmSLMA_gaussian"/>
    <testcase time="0.000999999999748979" classname="ds.glmSLMA_smk_gaussian" name="simple_glmSLMA_gaussian"/>
    <testcase time="0.00100000000020373" classname="ds.glmSLMA_smk_gaussian" name="simple_glmSLMA_gaussian"/>
    <testcase time="0.000999999999748979" classname="ds.glmSLMA_smk_gaussian" name="simple_glmSLMA_gaussian"/>
    <testcase time="0.00199999999995271" classname="ds.glmSLMA_smk_gaussian" name="simple_glmSLMA_gaussian"/>
    <testcase time="0.00100000000020373" classname="ds.glmSLMA_smk_gaussian" name="simple_glmSLMA_gaussian"/>
    <testcase time="0.00100000000020373" classname="ds.glmSLMA_smk_gaussian" name="simple_glmSLMA_gaussian"/>
    <testcase time="0.000999999999748979" classname="ds.glmSLMA_smk_gaussian" name="simple_glmSLMA_gaussian"/>
    <testcase time="0.00300000000015643" classname="ds.glmSLMA_smk_gaussian" name="simple_glmSLMA_gaussian"/>
    <testcase time="0.00299999999970169" classname="ds.glmSLMA_smk_gaussian" name="simple_glmSLMA_gaussian"/>
    <testcase time="0.00100000000020373" classname="ds.glmSLMA_smk_gaussian" name="simple_glmSLMA_gaussian"/>
    <testcase time="0.000999999999748979" classname="ds.glmSLMA_smk_gaussian" name="simple_glmSLMA_gaussian"/>
    <testcase time="0.00100000000020373" classname="ds.glmSLMA_smk_gaussian" name="simple_glmSLMA_gaussian"/>
    <testcase time="0.00199999999995271" classname="ds.glmSLMA_smk_gaussian" name="simple_glmSLMA_gaussian"/>
    <testcase time="0.00100000000020373" classname="ds.glmSLMA_smk_gaussian" name="simple_glmSLMA_gaussian"/>
    <testcase time="0.000999999999748979" classname="ds.glmSLMA_smk_gaussian" name="simple_glmSLMA_gaussian"/>
    <testcase time="0.00199999999995271" classname="ds.glmSLMA_smk_gaussian" name="simple_glmSLMA_gaussian"/>
    <testcase time="0.00100000000020373" classname="ds.glmSLMA_smk_gaussian" name="simple_glmSLMA_gaussian"/>
    <testcase time="0.000999999999748979" classname="ds.glmSLMA_smk_gaussian" name="simple_glmSLMA_gaussian"/>
    <testcase time="0.00300000000015643" classname="ds.glmSLMA_smk_gaussian" name="simple_glmSLMA_gaussian"/>
    <testcase time="0.00300000000015643" classname="ds.glmSLMA_smk_gaussian" name="simple_glmSLMA_gaussian"/>
    <testcase time="0.000999999999748979" classname="ds.glmSLMA_smk_gaussian" name="simple_glmSLMA_gaussian"/>
    <testcase time="0.00100000000020373" classname="ds.glmSLMA_smk_gaussian" name="simple_glmSLMA_gaussian"/>
    <testcase time="0.00199999999995271" classname="ds.glmSLMA_smk_gaussian" name="simple_glmSLMA_gaussian"/>
    <testcase time="0.00100000000020373" classname="ds.glmSLMA_smk_gaussian" name="simple_glmSLMA_gaussian"/>
    <testcase time="0.000999999999748979" classname="ds.glmSLMA_smk_gaussian" name="simple_glmSLMA_gaussian"/>
    <testcase time="0.00199999999995271" classname="ds.glmSLMA_smk_gaussian" name="simple_glmSLMA_gaussian"/>
    <testcase time="0.00100000000020373" classname="ds.glmSLMA_smk_gaussian" name="simple_glmSLMA_gaussian"/>
    <testcase time="0.000999999999748979" classname="ds.glmSLMA_smk_gaussian" name="simple_glmSLMA_gaussian"/>
    <testcase time="0.00199999999995271" classname="ds.glmSLMA_smk_gaussian" name="simple_glmSLMA_gaussian"/>
    <testcase time="0.00100000000020373" classname="ds.glmSLMA_smk_gaussian" name="simple_glmSLMA_gaussian"/>
    <testcase time="0.000999999999748979" classname="ds.glmSLMA_smk_gaussian" name="simple_glmSLMA_gaussian"/>
    <testcase time="0.00200000000040745" classname="ds.glmSLMA_smk_gaussian" name="simple_glmSLMA_gaussian"/>
  </testsuite>
  <testsuite name="ds.glmSLMA::smk::gaussian-assigned" timestamp="2025-10-28T12:53:31Z" hostname="runnervmwhb2z" tests="47" skipped="0" failures="0" errors="0" time="0.337">
    <testcase time="0.252999999999702" classname="ds.glmSLMA_smk_gaussian_assigned" name="simple_glmSLMA_gaussian_assigned"/>
    <testcase time="0.00199999999995271" classname="ds.glmSLMA_smk_gaussian_assigned" name="simple_glmSLMA_gaussian_assigned"/>
    <testcase time="0.00300000000015643" classname="ds.glmSLMA_smk_gaussian_assigned" name="simple_glmSLMA_gaussian_assigned"/>
    <testcase time="0.00199999999995271" classname="ds.glmSLMA_smk_gaussian_assigned" name="simple_glmSLMA_gaussian_assigned"/>
    <testcase time="0.00300000000015643" classname="ds.glmSLMA_smk_gaussian_assigned" name="simple_glmSLMA_gaussian_assigned"/>
    <testcase time="0.00199999999995271" classname="ds.glmSLMA_smk_gaussian_assigned" name="simple_glmSLMA_gaussian_assigned"/>
    <testcase time="0.00200000000040745" classname="ds.glmSLMA_smk_gaussian_assigned" name="simple_glmSLMA_gaussian_assigned"/>
    <testcase time="0.000999999999748979" classname="ds.glmSLMA_smk_gaussian_assigned" name="simple_glmSLMA_gaussian_assigned"/>
    <testcase time="0.00300000000015643" classname="ds.glmSLMA_smk_gaussian_assigned" name="simple_glmSLMA_gaussian_assigned"/>
    <testcase time="0.00299999999970169" classname="ds.glmSLMA_smk_gaussian_assigned" name="simple_glmSLMA_gaussian_assigned"/>
    <testcase time="0.00100000000020373" classname="ds.glmSLMA_smk_gaussian_assigned" name="simple_glmSLMA_gaussian_assigned"/>
    <testcase time="0.00199999999995271" classname="ds.glmSLMA_smk_gaussian_assigned" name="simple_glmSLMA_gaussian_assigned"/>
    <testcase time="0.00300000000015643" classname="ds.glmSLMA_smk_gaussian_assigned" name="simple_glmSLMA_gaussian_assigned"/>
    <testcase time="0.000999999999748979" classname="ds.glmSLMA_smk_gaussian_assigned" name="simple_glmSLMA_gaussian_assigned"/>
    <testcase time="0.00100000000020373" classname="ds.glmSLMA_smk_gaussian_assigned" name="simple_glmSLMA_gaussian_assigned"/>
    <testcase time="0.00199999999995271" classname="ds.glmSLMA_smk_gaussian_assigned" name="simple_glmSLMA_gaussian_assigned"/>
    <testcase time="0.000999999999748979" classname="ds.glmSLMA_smk_gaussian_assigned" name="simple_glmSLMA_gaussian_assigned"/>
    <testcase time="0.00100000000020373" classname="ds.glmSLMA_smk_gaussian_assigned" name="simple_glmSLMA_gaussian_assigned"/>
    <testcase time="0.00199999999995271" classname="ds.glmSLMA_smk_gaussian_assigned" name="simple_glmSLMA_gaussian_assigned"/>
    <testcase time="0.00100000000020373" classname="ds.glmSLMA_smk_gaussian_assigned" name="simple_glmSLMA_gaussian_assigned"/>
    <testcase time="0.000999999999748979" classname="ds.glmSLMA_smk_gaussian_assigned" name="simple_glmSLMA_gaussian_assigned"/>
    <testcase time="0.00100000000020373" classname="ds.glmSLMA_smk_gaussian_assigned" name="simple_glmSLMA_gaussian_assigned"/>
    <testcase time="0.00299999999970169" classname="ds.glmSLMA_smk_gaussian_assigned" name="simple_glmSLMA_gaussian_assigned"/>
    <testcase time="0.00300000000015643" classname="ds.glmSLMA_smk_gaussian_assigned" name="simple_glmSLMA_gaussian_assigned"/>
    <testcase time="0.00100000000020373" classname="ds.glmSLMA_smk_gaussian_assigned" name="simple_glmSLMA_gaussian_assigned"/>
    <testcase time="0.000999999999748979" classname="ds.glmSLMA_smk_gaussian_assigned" name="simple_glmSLMA_gaussian_assigned"/>
    <testcase time="0.00199999999995271" classname="ds.glmSLMA_smk_gaussian_assigned" name="simple_glmSLMA_gaussian_assigned"/>
    <testcase time="0.00100000000020373" classname="ds.glmSLMA_smk_gaussian_assigned" name="simple_glmSLMA_gaussian_assigned"/>
    <testcase time="0.00199999999995271" classname="ds.glmSLMA_smk_gaussian_assigned" name="simple_glmSLMA_gaussian_assigned"/>
    <testcase time="0.00100000000020373" classname="ds.glmSLMA_smk_gaussian_assigned" name="simple_glmSLMA_gaussian_assigned"/>
    <testcase time="0.000999999999748979" classname="ds.glmSLMA_smk_gaussian_assigned" name="simple_glmSLMA_gaussian_assigned"/>
    <testcase time="0.00199999999995271" classname="ds.glmSLMA_smk_gaussian_assigned" name="simple_glmSLMA_gaussian_assigned"/>
    <testcase time="0.00100000000020373" classname="ds.glmSLMA_smk_gaussian_assigned" name="simple_glmSLMA_gaussian_assigned"/>
    <testcase time="0.00199999999995271" classname="ds.glmSLMA_smk_gaussian_assigned" name="simple_glmSLMA_gaussian_assigned"/>
    <testcase time="0.00299999999970169" classname="ds.glmSLMA_smk_gaussian_assigned" name="simple_glmSLMA_gaussian_assigned"/>
    <testcase time="0.00800000000026557" classname="ds.glmSLMA_smk_gaussian_assigned" name="simple_glmSLMA_gaussian_assigned"/>
    <testcase time="0.00199999999995271" classname="ds.glmSLMA_smk_gaussian_assigned" name="simple_glmSLMA_gaussian_assigned"/>
    <testcase time="0.00100000000020373" classname="ds.glmSLMA_smk_gaussian_assigned" name="simple_glmSLMA_gaussian_assigned"/>
    <testcase time="0.000999999999748979" classname="ds.glmSLMA_smk_gaussian_assigned" name="simple_glmSLMA_gaussian_assigned"/>
    <testcase time="0.00199999999995271" classname="ds.glmSLMA_smk_gaussian_assigned" name="simple_glmSLMA_gaussian_assigned"/>
    <testcase time="0.00100000000020373" classname="ds.glmSLMA_smk_gaussian_assigned" name="simple_glmSLMA_gaussian_assigned"/>
    <testcase time="0.000999999999748979" classname="ds.glmSLMA_smk_gaussian_assigned" name="simple_glmSLMA_gaussian_assigned"/>
    <testcase time="0.00199999999995271" classname="ds.glmSLMA_smk_gaussian_assigned" name="simple_glmSLMA_gaussian_assigned"/>
    <testcase time="0.00100000000020373" classname="ds.glmSLMA_smk_gaussian_assigned" name="simple_glmSLMA_gaussian_assigned"/>
    <testcase time="0.00100000000020373" classname="ds.glmSLMA_smk_gaussian_assigned" name="simple_glmSLMA_gaussian_assigned"/>
    <testcase time="0.000999999999748979" classname="ds.glmSLMA_smk_gaussian_assigned" name="simple_glmSLMA_gaussian_assigned"/>
    <testcase time="0.00199999999995271" classname="ds.glmSLMA_smk_gaussian_assigned" name="simple_glmSLMA_gaussian_assigned"/>
  </testsuite>
  <testsuite name="ds.glmSLMA::smk::binomial" timestamp="2025-10-28T12:53:32Z" hostname="runnervmwhb2z" tests="47" skipped="0" failures="0" errors="0" time="1.616">
    <testcase time="1.53600000000006" classname="ds.glmSLMA_smk_binomial" name="simple_glmSLMA_binomial"/>
    <testcase time="0.00199999999995271" classname="ds.glmSLMA_smk_binomial" name="simple_glmSLMA_binomial"/>
    <testcase time="0.00399999999990541" classname="ds.glmSLMA_smk_binomial" name="simple_glmSLMA_binomial"/>
    <testcase time="0.00400000000036016" classname="ds.glmSLMA_smk_binomial" name="simple_glmSLMA_binomial"/>
    <testcase time="0.00299999999970169" classname="ds.glmSLMA_smk_binomial" name="simple_glmSLMA_binomial"/>
    <testcase time="0.00300000000015643" classname="ds.glmSLMA_smk_binomial" name="simple_glmSLMA_binomial"/>
    <testcase time="0.00300000000015643" classname="ds.glmSLMA_smk_binomial" name="simple_glmSLMA_binomial"/>
    <testcase time="0.000999999999748979" classname="ds.glmSLMA_smk_binomial" name="simple_glmSLMA_binomial"/>
    <testcase time="0.00199999999995271" classname="ds.glmSLMA_smk_binomial" name="simple_glmSLMA_binomial"/>
    <testcase time="0.00300000000015643" classname="ds.glmSLMA_smk_binomial" name="simple_glmSLMA_binomial"/>
    <testcase time="0.000999999999748979" classname="ds.glmSLMA_smk_binomial" name="simple_glmSLMA_binomial"/>
    <testcase time="0.00200000000040745" classname="ds.glmSLMA_smk_binomial" name="simple_glmSLMA_binomial"/>
    <testcase time="0.00299999999970169" classname="ds.glmSLMA_smk_binomial" name="simple_glmSLMA_binomial"/>
    <testcase time="0.00100000000020373" classname="ds.glmSLMA_smk_binomial" name="simple_glmSLMA_binomial"/>
    <testcase time="0.00199999999995271" classname="ds.glmSLMA_smk_binomial" name="simple_glmSLMA_binomial"/>
    <testcase time="0.000999999999748979" classname="ds.glmSLMA_smk_binomial" name="simple_glmSLMA_binomial"/>
    <testcase time="0.00100000000020373" classname="ds.glmSLMA_smk_binomial" name="simple_glmSLMA_binomial"/>
    <testcase time="0.000999999999748979" classname="ds.glmSLMA_smk_binomial" name="simple_glmSLMA_binomial"/>
    <testcase time="0.00200000000040745" classname="ds.glmSLMA_smk_binomial" name="simple_glmSLMA_binomial"/>
    <testcase time="0.000999999999748979" classname="ds.glmSLMA_smk_binomial" name="simple_glmSLMA_binomial"/>
    <testcase time="0.00100000000020373" classname="ds.glmSLMA_smk_binomial" name="simple_glmSLMA_binomial"/>
    <testcase time="0.000999999999748979" classname="ds.glmSLMA_smk_binomial" name="simple_glmSLMA_binomial"/>
    <testcase time="0.00300000000015643" classname="ds.glmSLMA_smk_binomial" name="simple_glmSLMA_binomial"/>
    <testcase time="0.00300000000015643" classname="ds.glmSLMA_smk_binomial" name="simple_glmSLMA_binomial"/>
    <testcase time="0.000999999999748979" classname="ds.glmSLMA_smk_binomial" name="simple_glmSLMA_binomial"/>
    <testcase time="0.00100000000020373" classname="ds.glmSLMA_smk_binomial" name="simple_glmSLMA_binomial"/>
    <testcase time="0.00199999999995271" classname="ds.glmSLMA_smk_binomial" name="simple_glmSLMA_binomial"/>
    <testcase time="0.000999999999748979" classname="ds.glmSLMA_smk_binomial" name="simple_glmSLMA_binomial"/>
    <testcase time="0.00100000000020373" classname="ds.glmSLMA_smk_binomial" name="simple_glmSLMA_binomial"/>
    <testcase time="0.000999999999748979" classname="ds.glmSLMA_smk_binomial" name="simple_glmSLMA_binomial"/>
    <testcase time="0.00200000000040745" classname="ds.glmSLMA_smk_binomial" name="simple_glmSLMA_binomial"/>
    <testcase time="0.000999999999748979" classname="ds.glmSLMA_smk_binomial" name="simple_glmSLMA_binomial"/>
    <testcase time="0.00100000000020373" classname="ds.glmSLMA_smk_binomial" name="simple_glmSLMA_binomial"/>
    <testcase time="0.00299999999970169" classname="ds.glmSLMA_smk_binomial" name="simple_glmSLMA_binomial"/>
    <testcase time="0.00300000000015643" classname="ds.glmSLMA_smk_binomial" name="simple_glmSLMA_binomial"/>
    <testcase time="0.000999999999748979" classname="ds.glmSLMA_smk_binomial" name="simple_glmSLMA_binomial"/>
    <testcase time="0.00100000000020373" classname="ds.glmSLMA_smk_binomial" name="simple_glmSLMA_binomial"/>
    <testcase time="0.00199999999995271" classname="ds.glmSLMA_smk_binomial" name="simple_glmSLMA_binomial"/>
    <testcase time="0.00100000000020373" classname="ds.glmSLMA_smk_binomial" name="simple_glmSLMA_binomial"/>
    <testcase time="0.000999999999748979" classname="ds.glmSLMA_smk_binomial" name="simple_glmSLMA_binomial"/>
    <testcase time="0.00199999999995271" classname="ds.glmSLMA_smk_binomial" name="simple_glmSLMA_binomial"/>
    <testcase time="0.00100000000020373" classname="ds.glmSLMA_smk_binomial" name="simple_glmSLMA_binomial"/>
    <testcase time="0.000999999999748979" classname="ds.glmSLMA_smk_binomial" name="simple_glmSLMA_binomial"/>
    <testcase time="0.00200000000040745" classname="ds.glmSLMA_smk_binomial" name="simple_glmSLMA_binomial"/>
    <testcase time="0.000999999999748979" classname="ds.glmSLMA_smk_binomial" name="simple_glmSLMA_binomial"/>
    <testcase time="0.00100000000020373" classname="ds.glmSLMA_smk_binomial" name="simple_glmSLMA_binomial"/>
    <testcase time="0.000999999999748979" classname="ds.glmSLMA_smk_binomial" name="simple_glmSLMA_binomial"/>
  </testsuite>
  <testsuite name="ds.glmSLMA::smk::binomial-assigned" timestamp="2025-10-28T12:53:33Z" hostname="runnervmwhb2z" tests="47" skipped="0" failures="0" errors="0" time="1.519">
    <testcase time="1.4380000000001" classname="ds.glmSLMA_smk_binomial_assigned" name="simple_glmSLMA_binomial_assigned"/>
    <testcase time="0.00100000000020373" classname="ds.glmSLMA_smk_binomial_assigned" name="simple_glmSLMA_binomial_assigned"/>
    <testcase time="0.00299999999970169" classname="ds.glmSLMA_smk_binomial_assigned" name="simple_glmSLMA_binomial_assigned"/>
    <testcase time="0.00300000000015643" classname="ds.glmSLMA_smk_binomial_assigned" name="simple_glmSLMA_binomial_assigned"/>
    <testcase time="0.00300000000015643" classname="ds.glmSLMA_smk_binomial_assigned" name="simple_glmSLMA_binomial_assigned"/>
    <testcase time="0.00199999999995271" classname="ds.glmSLMA_smk_binomial_assigned" name="simple_glmSLMA_binomial_assigned"/>
    <testcase time="0.00900000000001455" classname="ds.glmSLMA_smk_binomial_assigned" name="simple_glmSLMA_binomial_assigned"/>
    <testcase time="0.000999999999748979" classname="ds.glmSLMA_smk_binomial_assigned" name="simple_glmSLMA_binomial_assigned"/>
    <testcase time="0.00199999999995271" classname="ds.glmSLMA_smk_binomial_assigned" name="simple_glmSLMA_binomial_assigned"/>
    <testcase time="0.00300000000015643" classname="ds.glmSLMA_smk_binomial_assigned" name="simple_glmSLMA_binomial_assigned"/>
    <testcase time="0.000999999999748979" classname="ds.glmSLMA_smk_binomial_assigned" name="simple_glmSLMA_binomial_assigned"/>
    <testcase time="0.00300000000015643" classname="ds.glmSLMA_smk_binomial_assigned" name="simple_glmSLMA_binomial_assigned"/>
    <testcase time="0.00199999999995271" classname="ds.glmSLMA_smk_binomial_assigned" name="simple_glmSLMA_binomial_assigned"/>
    <testcase time="0.00100000000020373" classname="ds.glmSLMA_smk_binomial_assigned" name="simple_glmSLMA_binomial_assigned"/>
    <testcase time="0.00199999999995271" classname="ds.glmSLMA_smk_binomial_assigned" name="simple_glmSLMA_binomial_assigned"/>
    <testcase time="0.000999999999748979" classname="ds.glmSLMA_smk_binomial_assigned" name="simple_glmSLMA_binomial_assigned"/>
    <testcase time="0.00100000000020373" classname="ds.glmSLMA_smk_binomial_assigned" name="simple_glmSLMA_binomial_assigned"/>
    <testcase time="0.00100000000020373" classname="ds.glmSLMA_smk_binomial_assigned" name="simple_glmSLMA_binomial_assigned"/>
    <testcase time="0.00100000000020373" classname="ds.glmSLMA_smk_binomial_assigned" name="simple_glmSLMA_binomial_assigned"/>
    <testcase time="0.000999999999748979" classname="ds.glmSLMA_smk_binomial_assigned" name="simple_glmSLMA_binomial_assigned"/>
    <testcase time="0.00100000000020373" classname="ds.glmSLMA_smk_binomial_assigned" name="simple_glmSLMA_binomial_assigned"/>
    <testcase time="0.00199999999995271" classname="ds.glmSLMA_smk_binomial_assigned" name="simple_glmSLMA_binomial_assigned"/>
    <testcase time="0.00199999999995271" classname="ds.glmSLMA_smk_binomial_assigned" name="simple_glmSLMA_binomial_assigned"/>
    <testcase time="0.00300000000015643" classname="ds.glmSLMA_smk_binomial_assigned" name="simple_glmSLMA_binomial_assigned"/>
    <testcase time="0.000999999999748979" classname="ds.glmSLMA_smk_binomial_assigned" name="simple_glmSLMA_binomial_assigned"/>
    <testcase time="0.00100000000020373" classname="ds.glmSLMA_smk_binomial_assigned" name="simple_glmSLMA_binomial_assigned"/>
    <testcase time="0.000999999999748979" classname="ds.glmSLMA_smk_binomial_assigned" name="simple_glmSLMA_binomial_assigned"/>
    <testcase time="0.00199999999995271" classname="ds.glmSLMA_smk_binomial_assigned" name="simple_glmSLMA_binomial_assigned"/>
    <testcase time="0.00100000000020373" classname="ds.glmSLMA_smk_binomial_assigned" name="simple_glmSLMA_binomial_assigned"/>
    <testcase time="0.000999999999748979" classname="ds.glmSLMA_smk_binomial_assigned" name="simple_glmSLMA_binomial_assigned"/>
    <testcase time="0.00200000000040745" classname="ds.glmSLMA_smk_binomial_assigned" name="simple_glmSLMA_binomial_assigned"/>
    <testcase time="0.000999999999748979" classname="ds.glmSLMA_smk_binomial_assigned" name="simple_glmSLMA_binomial_assigned"/>
    <testcase time="0.00100000000020373" classname="ds.glmSLMA_smk_binomial_assigned" name="simple_glmSLMA_binomial_assigned"/>
    <testcase time="0.00299999999970169" classname="ds.glmSLMA_smk_binomial_assigned" name="simple_glmSLMA_binomial_assigned"/>
    <testcase time="0.00199999999995271" classname="ds.glmSLMA_smk_binomial_assigned" name="simple_glmSLMA_binomial_assigned"/>
    <testcase time="0.00200000000040745" classname="ds.glmSLMA_smk_binomial_assigned" name="simple_glmSLMA_binomial_assigned"/>
    <testcase time="0.000999999999748979" classname="ds.glmSLMA_smk_binomial_assigned" name="simple_glmSLMA_binomial_assigned"/>
    <testcase time="0.00100000000020373" classname="ds.glmSLMA_smk_binomial_assigned" name="simple_glmSLMA_binomial_assigned"/>
    <testcase time="0.00199999999995271" classname="ds.glmSLMA_smk_binomial_assigned" name="simple_glmSLMA_binomial_assigned"/>
    <testcase time="0.000999999999748979" classname="ds.glmSLMA_smk_binomial_assigned" name="simple_glmSLMA_binomial_assigned"/>
    <testcase time="0.00100000000020373" classname="ds.glmSLMA_smk_binomial_assigned" name="simple_glmSLMA_binomial_assigned"/>
    <testcase time="0.00199999999995271" classname="ds.glmSLMA_smk_binomial_assigned" name="simple_glmSLMA_binomial_assigned"/>
    <testcase time="0.000999999999748979" classname="ds.glmSLMA_smk_binomial_assigned" name="simple_glmSLMA_binomial_assigned"/>
    <testcase time="0.00100000000020373" classname="ds.glmSLMA_smk_binomial_assigned" name="simple_glmSLMA_binomial_assigned"/>
    <testcase time="0.00199999999995271" classname="ds.glmSLMA_smk_binomial_assigned" name="simple_glmSLMA_binomial_assigned"/>
    <testcase time="0.00100000000020373" classname="ds.glmSLMA_smk_binomial_assigned" name="simple_glmSLMA_binomial_assigned"/>
    <testcase time="0.000999999999748979" classname="ds.glmSLMA_smk_binomial_assigned" name="simple_glmSLMA_binomial_assigned"/>
  </testsuite>
  <testsuite name="ds.glmSLMA::smk::poisson" timestamp="2025-10-28T12:53:35Z" hostname="runnervmwhb2z" tests="47" skipped="0" failures="0" errors="0" time="0.575">
    <testcase time="0.499000000000251" classname="ds.glmSLMA_smk_poisson" name="simple_glmSLMA_poisson"/>
    <testcase time="0.000999999999748979" classname="ds.glmSLMA_smk_poisson" name="simple_glmSLMA_poisson"/>
    <testcase time="0.00300000000015643" classname="ds.glmSLMA_smk_poisson" name="simple_glmSLMA_poisson"/>
    <testcase time="0.00300000000015643" classname="ds.glmSLMA_smk_poisson" name="simple_glmSLMA_poisson"/>
    <testcase time="0.00199999999995271" classname="ds.glmSLMA_smk_poisson" name="simple_glmSLMA_poisson"/>
    <testcase time="0.00299999999970169" classname="ds.glmSLMA_smk_poisson" name="simple_glmSLMA_poisson"/>
    <testcase time="0.00199999999995271" classname="ds.glmSLMA_smk_poisson" name="simple_glmSLMA_poisson"/>
    <testcase time="0.00100000000020373" classname="ds.glmSLMA_smk_poisson" name="simple_glmSLMA_poisson"/>
    <testcase time="0.00300000000015643" classname="ds.glmSLMA_smk_poisson" name="simple_glmSLMA_poisson"/>
    <testcase time="0.00199999999995271" classname="ds.glmSLMA_smk_poisson" name="simple_glmSLMA_poisson"/>
    <testcase time="0.00199999999995271" classname="ds.glmSLMA_smk_poisson" name="simple_glmSLMA_poisson"/>
    <testcase time="0.00199999999995271" classname="ds.glmSLMA_smk_poisson" name="simple_glmSLMA_poisson"/>
    <testcase time="0.00300000000015643" classname="ds.glmSLMA_smk_poisson" name="simple_glmSLMA_poisson"/>
    <testcase time="0.000999999999748979" classname="ds.glmSLMA_smk_poisson" name="simple_glmSLMA_poisson"/>
    <testcase time="0.00100000000020373" classname="ds.glmSLMA_smk_poisson" name="simple_glmSLMA_poisson"/>
    <testcase time="0.00199999999995271" classname="ds.glmSLMA_smk_poisson" name="simple_glmSLMA_poisson"/>
    <testcase time="0.000999999999748979" classname="ds.glmSLMA_smk_poisson" name="simple_glmSLMA_poisson"/>
    <testcase time="0.00100000000020373" classname="ds.glmSLMA_smk_poisson" name="simple_glmSLMA_poisson"/>
    <testcase time="0.000999999999748979" classname="ds.glmSLMA_smk_poisson" name="simple_glmSLMA_poisson"/>
    <testcase time="0.00200000000040745" classname="ds.glmSLMA_smk_poisson" name="simple_glmSLMA_poisson"/>
    <testcase time="0.000999999999748979" classname="ds.glmSLMA_smk_poisson" name="simple_glmSLMA_poisson"/>
    <testcase time="0.00100000000020373" classname="ds.glmSLMA_smk_poisson" name="simple_glmSLMA_poisson"/>
    <testcase time="0.00299999999970169" classname="ds.glmSLMA_smk_poisson" name="simple_glmSLMA_poisson"/>
    <testcase time="0.00199999999995271" classname="ds.glmSLMA_smk_poisson" name="simple_glmSLMA_poisson"/>
    <testcase time="0.00200000000040745" classname="ds.glmSLMA_smk_poisson" name="simple_glmSLMA_poisson"/>
    <testcase time="0.000999999999748979" classname="ds.glmSLMA_smk_poisson" name="simple_glmSLMA_poisson"/>
    <testcase time="0.00100000000020373" classname="ds.glmSLMA_smk_poisson" name="simple_glmSLMA_poisson"/>
    <testcase time="0.000999999999748979" classname="ds.glmSLMA_smk_poisson" name="simple_glmSLMA_poisson"/>
    <testcase time="0.00199999999995271" classname="ds.glmSLMA_smk_poisson" name="simple_glmSLMA_poisson"/>
    <testcase time="0.00100000000020373" classname="ds.glmSLMA_smk_poisson" name="simple_glmSLMA_poisson"/>
    <testcase time="0.000999999999748979" classname="ds.glmSLMA_smk_poisson" name="simple_glmSLMA_poisson"/>
    <testcase time="0.00200000000040745" classname="ds.glmSLMA_smk_poisson" name="simple_glmSLMA_poisson"/>
    <testcase time="0.000999999999748979" classname="ds.glmSLMA_smk_poisson" name="simple_glmSLMA_poisson"/>
    <testcase time="0.00199999999995271" classname="ds.glmSLMA_smk_poisson" name="simple_glmSLMA_poisson"/>
    <testcase time="0.00300000000015643" classname="ds.glmSLMA_smk_poisson" name="simple_glmSLMA_poisson"/>
    <testcase time="0.000999999999748979" classname="ds.glmSLMA_smk_poisson" name="simple_glmSLMA_poisson"/>
    <testcase time="0.00199999999995271" classname="ds.glmSLMA_smk_poisson" name="simple_glmSLMA_poisson"/>
    <testcase time="0.00100000000020373" classname="ds.glmSLMA_smk_poisson" name="simple_glmSLMA_poisson"/>
    <testcase time="0.00100000000020373" classname="ds.glmSLMA_smk_poisson" name="simple_glmSLMA_poisson"/>
    <testcase time="0.00199999999995271" classname="ds.glmSLMA_smk_poisson" name="simple_glmSLMA_poisson"/>
    <testcase time="0.000999999999748979" classname="ds.glmSLMA_smk_poisson" name="simple_glmSLMA_poisson"/>
    <testcase time="0.00100000000020373" classname="ds.glmSLMA_smk_poisson" name="simple_glmSLMA_poisson"/>
    <testcase time="0.00199999999995271" classname="ds.glmSLMA_smk_poisson" name="simple_glmSLMA_poisson"/>
    <testcase time="0.000999999999748979" classname="ds.glmSLMA_smk_poisson" name="simple_glmSLMA_poisson"/>
    <testcase time="0.00100000000020373" classname="ds.glmSLMA_smk_poisson" name="simple_glmSLMA_poisson"/>
    <testcase time="0.00100000000020373" classname="ds.glmSLMA_smk_poisson" name="simple_glmSLMA_poisson"/>
    <testcase time="0.00199999999995271" classname="ds.glmSLMA_smk_poisson" name="simple_glmSLMA_poisson"/>
  </testsuite>
  <testsuite name="ds.glmSLMA::smk::poisson-assigned" timestamp="2025-10-28T12:53:35Z" hostname="runnervmwhb2z" tests="47" skipped="0" failures="0" errors="0" time="0.499">
    <testcase time="0.415999999999713" classname="ds.glmSLMA_smk_poisson_assigned" name="simple_glmSLMA_poisson_assigned"/>
    <testcase time="0.00199999999995271" classname="ds.glmSLMA_smk_poisson_assigned" name="simple_glmSLMA_poisson_assigned"/>
    <testcase time="0.00300000000015643" classname="ds.glmSLMA_smk_poisson_assigned" name="simple_glmSLMA_poisson_assigned"/>
    <testcase time="0.00199999999995271" classname="ds.glmSLMA_smk_poisson_assigned" name="simple_glmSLMA_poisson_assigned"/>
    <testcase time="0.00300000000015643" classname="ds.glmSLMA_smk_poisson_assigned" name="simple_glmSLMA_poisson_assigned"/>
    <testcase time="0.00199999999995271" classname="ds.glmSLMA_smk_poisson_assigned" name="simple_glmSLMA_poisson_assigned"/>
    <testcase time="0.00300000000015643" classname="ds.glmSLMA_smk_poisson_assigned" name="simple_glmSLMA_poisson_assigned"/>
    <testcase time="0.000999999999748979" classname="ds.glmSLMA_smk_poisson_assigned" name="simple_glmSLMA_poisson_assigned"/>
    <testcase time="0.00300000000015643" classname="ds.glmSLMA_smk_poisson_assigned" name="simple_glmSLMA_poisson_assigned"/>
    <testcase time="0.00199999999995271" classname="ds.glmSLMA_smk_poisson_assigned" name="simple_glmSLMA_poisson_assigned"/>
    <testcase time="0.000999999999748979" classname="ds.glmSLMA_smk_poisson_assigned" name="simple_glmSLMA_poisson_assigned"/>
    <testcase time="0.00300000000015643" classname="ds.glmSLMA_smk_poisson_assigned" name="simple_glmSLMA_poisson_assigned"/>
    <testcase time="0.00199999999995271" classname="ds.glmSLMA_smk_poisson_assigned" name="simple_glmSLMA_poisson_assigned"/>
    <testcase time="0.00199999999995271" classname="ds.glmSLMA_smk_poisson_assigned" name="simple_glmSLMA_poisson_assigned"/>
    <testcase time="0.00100000000020373" classname="ds.glmSLMA_smk_poisson_assigned" name="simple_glmSLMA_poisson_assigned"/>
    <testcase time="0.000999999999748979" classname="ds.glmSLMA_smk_poisson_assigned" name="simple_glmSLMA_poisson_assigned"/>
    <testcase time="0.00100000000020373" classname="ds.glmSLMA_smk_poisson_assigned" name="simple_glmSLMA_poisson_assigned"/>
    <testcase time="0.00199999999995271" classname="ds.glmSLMA_smk_poisson_assigned" name="simple_glmSLMA_poisson_assigned"/>
    <testcase time="0.00100000000020373" classname="ds.glmSLMA_smk_poisson_assigned" name="simple_glmSLMA_poisson_assigned"/>
    <testcase time="0.000999999999748979" classname="ds.glmSLMA_smk_poisson_assigned" name="simple_glmSLMA_poisson_assigned"/>
    <testcase time="0.00100000000020373" classname="ds.glmSLMA_smk_poisson_assigned" name="simple_glmSLMA_poisson_assigned"/>
    <testcase time="0.00199999999995271" classname="ds.glmSLMA_smk_poisson_assigned" name="simple_glmSLMA_poisson_assigned"/>
    <testcase time="0.00199999999995271" classname="ds.glmSLMA_smk_poisson_assigned" name="simple_glmSLMA_poisson_assigned"/>
    <testcase time="0.00300000000015643" classname="ds.glmSLMA_smk_poisson_assigned" name="simple_glmSLMA_poisson_assigned"/>
    <testcase time="0.000999999999748979" classname="ds.glmSLMA_smk_poisson_assigned" name="simple_glmSLMA_poisson_assigned"/>
    <testcase time="0.00199999999995271" classname="ds.glmSLMA_smk_poisson_assigned" name="simple_glmSLMA_poisson_assigned"/>
    <testcase time="0.00100000000020373" classname="ds.glmSLMA_smk_poisson_assigned" name="simple_glmSLMA_poisson_assigned"/>
    <testcase time="0.000999999999748979" classname="ds.glmSLMA_smk_poisson_assigned" name="simple_glmSLMA_poisson_assigned"/>
    <testcase time="0.00199999999995271" classname="ds.glmSLMA_smk_poisson_assigned" name="simple_glmSLMA_poisson_assigned"/>
    <testcase time="0.00100000000020373" classname="ds.glmSLMA_smk_poisson_assigned" name="simple_glmSLMA_poisson_assigned"/>
    <testcase time="0.00700000000006185" classname="ds.glmSLMA_smk_poisson_assigned" name="simple_glmSLMA_poisson_assigned"/>
    <testcase time="0.00199999999995271" classname="ds.glmSLMA_smk_poisson_assigned" name="simple_glmSLMA_poisson_assigned"/>
    <testcase time="0.00100000000020373" classname="ds.glmSLMA_smk_poisson_assigned" name="simple_glmSLMA_poisson_assigned"/>
    <testcase time="0.00299999999970169" classname="ds.glmSLMA_smk_poisson_assigned" name="simple_glmSLMA_poisson_assigned"/>
    <testcase time="0.00199999999995271" classname="ds.glmSLMA_smk_poisson_assigned" name="simple_glmSLMA_poisson_assigned"/>
    <testcase time="0.00199999999995271" classname="ds.glmSLMA_smk_poisson_assigned" name="simple_glmSLMA_poisson_assigned"/>
    <testcase time="0.00100000000020373" classname="ds.glmSLMA_smk_poisson_assigned" name="simple_glmSLMA_poisson_assigned"/>
    <testcase time="0.000999999999748979" classname="ds.glmSLMA_smk_poisson_assigned" name="simple_glmSLMA_poisson_assigned"/>
    <testcase time="0.00100000000020373" classname="ds.glmSLMA_smk_poisson_assigned" name="simple_glmSLMA_poisson_assigned"/>
    <testcase time="0.00199999999995271" classname="ds.glmSLMA_smk_poisson_assigned" name="simple_glmSLMA_poisson_assigned"/>
    <testcase time="0.00100000000020373" classname="ds.glmSLMA_smk_poisson_assigned" name="simple_glmSLMA_poisson_assigned"/>
    <testcase time="0.000999999999748979" classname="ds.glmSLMA_smk_poisson_assigned" name="simple_glmSLMA_poisson_assigned"/>
    <testcase time="0.00199999999995271" classname="ds.glmSLMA_smk_poisson_assigned" name="simple_glmSLMA_poisson_assigned"/>
    <testcase time="0.00100000000020373" classname="ds.glmSLMA_smk_poisson_assigned" name="simple_glmSLMA_poisson_assigned"/>
    <testcase time="0.000999999999748979" classname="ds.glmSLMA_smk_poisson_assigned" name="simple_glmSLMA_poisson_assigned"/>
    <testcase time="0.00200000000040745" classname="ds.glmSLMA_smk_poisson_assigned" name="simple_glmSLMA_poisson_assigned"/>
    <testcase time="0.000999999999748979" classname="ds.glmSLMA_smk_poisson_assigned" name="simple_glmSLMA_poisson_assigned"/>
  </testsuite>
  <testsuite name="ds.glmSLMA::smk::shutdown" timestamp="2025-10-28T12:53:36Z" hostname="runnervmwhb2z" tests="3" skipped="0" failures="0" errors="0" time="0.049">
    <testcase time="0.0470000000000255" classname="ds.glmSLMA_smk_shutdown" name="shutdown"/>
    <testcase time="0.00100000000020373" classname="ds.glmSLMA_smk_shutdown" name="shutdown"/>
    <testcase time="0.000999999999748979" classname="ds.glmSLMA_smk_shutdown" name="shutdown"/>
  </testsuite>
  <testsuite name="ds.glmSLMA::smk::done" timestamp="2025-10-28T12:53:36Z" hostname="runnervmwhb2z" tests="0" skipped="0" failures="0" errors="0" time="0"/>
  <testsuite name="smk-ds.glmSummary" timestamp="2025-10-28T12:53:36Z" hostname="runnervmwhb2z" tests="0" skipped="0" failures="0" errors="0" time="0"/>
  <testsuite name="ds.glmSummary::smk::setup" timestamp="2025-10-28T12:53:36Z" hostname="runnervmwhb2z" tests="3" skipped="0" failures="0" errors="0" time="7.327">
    <testcase time="7.32500000000027" classname="ds.glmSummary_smk_setup" name="setup"/>
    <testcase time="0.000999999999748979" classname="ds.glmSummary_smk_setup" name="setup"/>
    <testcase time="0.00100000000020373" classname="ds.glmSummary_smk_setup" name="setup"/>
  </testsuite>
  <testsuite name="ds.glmSummary::smk::gaussian" timestamp="2025-10-28T12:53:43Z" hostname="runnervmwhb2z" tests="46" skipped="0" failures="0" errors="0" time="1.119">
    <testcase time="0.347999999999956" classname="ds.glmSummary_smk_gaussian" name="simple_glmSummary_gaussian_without_newobj"/>
    <testcase time="0.00199999999995271" classname="ds.glmSummary_smk_gaussian" name="simple_glmSummary_gaussian_without_newobj"/>
    <testcase time="0.000999999999748979" classname="ds.glmSummary_smk_gaussian" name="simple_glmSummary_gaussian_without_newobj"/>
    <testcase time="0.00100000000020373" classname="ds.glmSummary_smk_gaussian" name="simple_glmSummary_gaussian_without_newobj"/>
    <testcase time="0.210000000000036" classname="ds.glmSummary_smk_gaussian" name="simple_glmSummary_gaussian_without_newobj"/>
    <testcase time="0.000999999999748979" classname="ds.glmSummary_smk_gaussian" name="simple_glmSummary_gaussian_without_newobj"/>
    <testcase time="0.00100000000020373" classname="ds.glmSummary_smk_gaussian" name="simple_glmSummary_gaussian_without_newobj"/>
    <testcase time="0.00300000000015643" classname="ds.glmSummary_smk_gaussian" name="simple_glmSummary_gaussian_without_newobj"/>
    <testcase time="0.00299999999970169" classname="ds.glmSummary_smk_gaussian" name="simple_glmSummary_gaussian_without_newobj"/>
    <testcase time="0.00100000000020373" classname="ds.glmSummary_smk_gaussian" name="simple_glmSummary_gaussian_without_newobj"/>
    <testcase time="0.000999999999748979" classname="ds.glmSummary_smk_gaussian" name="simple_glmSummary_gaussian_without_newobj"/>
    <testcase time="0.00100000000020373" classname="ds.glmSummary_smk_gaussian" name="simple_glmSummary_gaussian_without_newobj"/>
    <testcase time="0.00100000000020373" classname="ds.glmSummary_smk_gaussian" name="simple_glmSummary_gaussian_without_newobj"/>
    <testcase time="0.00299999999970169" classname="ds.glmSummary_smk_gaussian" name="simple_glmSummary_gaussian_without_newobj"/>
    <testcase time="0.00199999999995271" classname="ds.glmSummary_smk_gaussian" name="simple_glmSummary_gaussian_without_newobj"/>
    <testcase time="0.00199999999995271" classname="ds.glmSummary_smk_gaussian" name="simple_glmSummary_gaussian_without_newobj"/>
    <testcase time="0.00100000000020373" classname="ds.glmSummary_smk_gaussian" name="simple_glmSummary_gaussian_without_newobj"/>
    <testcase time="0.000999999999748979" classname="ds.glmSummary_smk_gaussian" name="simple_glmSummary_gaussian_without_newobj"/>
    <testcase time="0.00100000000020373" classname="ds.glmSummary_smk_gaussian" name="simple_glmSummary_gaussian_without_newobj"/>
    <testcase time="0.00300000000015643" classname="ds.glmSummary_smk_gaussian" name="simple_glmSummary_gaussian_without_newobj"/>
    <testcase time="0.00199999999995271" classname="ds.glmSummary_smk_gaussian" name="simple_glmSummary_gaussian_without_newobj"/>
    <testcase time="0.000999999999748979" classname="ds.glmSummary_smk_gaussian" name="simple_glmSummary_gaussian_without_newobj"/>
    <testcase time="0.00199999999995271" classname="ds.glmSummary_smk_gaussian" name="simple_glmSummary_gaussian_without_newobj"/>
    <testcase time="0.234000000000378" classname="ds.glmSummary_smk_gaussian" name="simple_glmSummary_gaussian"/>
    <testcase time="0.000999999999748979" classname="ds.glmSummary_smk_gaussian" name="simple_glmSummary_gaussian"/>
    <testcase time="0.00199999999995271" classname="ds.glmSummary_smk_gaussian" name="simple_glmSummary_gaussian"/>
    <testcase time="0.00700000000006185" classname="ds.glmSummary_smk_gaussian" name="simple_glmSummary_gaussian"/>
    <testcase time="0.244999999999891" classname="ds.glmSummary_smk_gaussian" name="simple_glmSummary_gaussian"/>
    <testcase time="0.00100000000020373" classname="ds.glmSummary_smk_gaussian" name="simple_glmSummary_gaussian"/>
    <testcase time="0.000999999999748979" classname="ds.glmSummary_smk_gaussian" name="simple_glmSummary_gaussian"/>
    <testcase time="0.00300000000015643" classname="ds.glmSummary_smk_gaussian" name="simple_glmSummary_gaussian"/>
    <testcase time="0.00300000000015643" classname="ds.glmSummary_smk_gaussian" name="simple_glmSummary_gaussian"/>
    <testcase time="0.000999999999748979" classname="ds.glmSummary_smk_gaussian" name="simple_glmSummary_gaussian"/>
    <testcase time="0.00199999999995271" classname="ds.glmSummary_smk_gaussian" name="simple_glmSummary_gaussian"/>
    <testcase time="0.00100000000020373" classname="ds.glmSummary_smk_gaussian" name="simple_glmSummary_gaussian"/>
    <testcase time="0.00100000000020373" classname="ds.glmSummary_smk_gaussian" name="simple_glmSummary_gaussian"/>
    <testcase time="0.00900000000001455" classname="ds.glmSummary_smk_gaussian" name="simple_glmSummary_gaussian"/>
    <testcase time="0.00199999999995271" classname="ds.glmSummary_smk_gaussian" name="simple_glmSummary_gaussian"/>
    <testcase time="0.00199999999995271" classname="ds.glmSummary_smk_gaussian" name="simple_glmSummary_gaussian"/>
    <testcase time="0.000999999999748979" classname="ds.glmSummary_smk_gaussian" name="simple_glmSummary_gaussian"/>
    <testcase time="0.00100000000020373" classname="ds.glmSummary_smk_gaussian" name="simple_glmSummary_gaussian"/>
    <testcase time="0.00199999999995271" classname="ds.glmSummary_smk_gaussian" name="simple_glmSummary_gaussian"/>
    <testcase time="0.00199999999995271" classname="ds.glmSummary_smk_gaussian" name="simple_glmSummary_gaussian"/>
    <testcase time="0.00300000000015643" classname="ds.glmSummary_smk_gaussian" name="simple_glmSummary_gaussian"/>
    <testcase time="0.000999999999748979" classname="ds.glmSummary_smk_gaussian" name="simple_glmSummary_gaussian"/>
    <testcase time="0.00199999999995271" classname="ds.glmSummary_smk_gaussian" name="simple_glmSummary_gaussian"/>
  </testsuite>
  <testsuite name="ds.glmSummary::smk::poisson" timestamp="2025-10-28T12:53:44Z" hostname="runnervmwhb2z" tests="46" skipped="0" failures="0" errors="0" time="1.398">
    <testcase time="0.478000000000065" classname="ds.glmSummary_smk_poisson" name="simple_glmSummary_poisson_without_newobj"/>
    <testcase time="0.00100000000020373" classname="ds.glmSummary_smk_poisson" name="simple_glmSummary_poisson_without_newobj"/>
    <testcase time="0.000999999999748979" classname="ds.glmSummary_smk_poisson" name="simple_glmSummary_poisson_without_newobj"/>
    <testcase time="0.00100000000020373" classname="ds.glmSummary_smk_poisson" name="simple_glmSummary_poisson_without_newobj"/>
    <testcase time="0.204999999999927" classname="ds.glmSummary_smk_poisson" name="simple_glmSummary_poisson_without_newobj"/>
    <testcase time="0.00100000000020373" classname="ds.glmSummary_smk_poisson" name="simple_glmSummary_poisson_without_newobj"/>
    <testcase time="0.00199999999995271" classname="ds.glmSummary_smk_poisson" name="simple_glmSummary_poisson_without_newobj"/>
    <testcase time="0.00199999999995271" classname="ds.glmSummary_smk_poisson" name="simple_glmSummary_poisson_without_newobj"/>
    <testcase time="0.00299999999970169" classname="ds.glmSummary_smk_poisson" name="simple_glmSummary_poisson_without_newobj"/>
    <testcase time="0.00100000000020373" classname="ds.glmSummary_smk_poisson" name="simple_glmSummary_poisson_without_newobj"/>
    <testcase time="0.00100000000020373" classname="ds.glmSummary_smk_poisson" name="simple_glmSummary_poisson_without_newobj"/>
    <testcase time="0.00199999999995271" classname="ds.glmSummary_smk_poisson" name="simple_glmSummary_poisson_without_newobj"/>
    <testcase time="0.000999999999748979" classname="ds.glmSummary_smk_poisson" name="simple_glmSummary_poisson_without_newobj"/>
    <testcase time="0.00199999999995271" classname="ds.glmSummary_smk_poisson" name="simple_glmSummary_poisson_without_newobj"/>
    <testcase time="0.00300000000015643" classname="ds.glmSummary_smk_poisson" name="simple_glmSummary_poisson_without_newobj"/>
    <testcase time="0.00100000000020373" classname="ds.glmSummary_smk_poisson" name="simple_glmSummary_poisson_without_newobj"/>
    <testcase time="0.000999999999748979" classname="ds.glmSummary_smk_poisson" name="simple_glmSummary_poisson_without_newobj"/>
    <testcase time="0.00100000000020373" classname="ds.glmSummary_smk_poisson" name="simple_glmSummary_poisson_without_newobj"/>
    <testcase time="0.00199999999995271" classname="ds.glmSummary_smk_poisson" name="simple_glmSummary_poisson_without_newobj"/>
    <testcase time="0.00199999999995271" classname="ds.glmSummary_smk_poisson" name="simple_glmSummary_poisson_without_newobj"/>
    <testcase time="0.00299999999970169" classname="ds.glmSummary_smk_poisson" name="simple_glmSummary_poisson_without_newobj"/>
    <testcase time="0.00100000000020373" classname="ds.glmSummary_smk_poisson" name="simple_glmSummary_poisson_without_newobj"/>
    <testcase time="0.00100000000020373" classname="ds.glmSummary_smk_poisson" name="simple_glmSummary_poisson_without_newobj"/>
    <testcase time="0.422999999999774" classname="ds.glmSummary_smk_poisson" name="simple_glmSummary_poisson"/>
    <testcase time="0.00199999999995271" classname="ds.glmSummary_smk_poisson" name="simple_glmSummary_poisson"/>
    <testcase time="0.00100000000020373" classname="ds.glmSummary_smk_poisson" name="simple_glmSummary_poisson"/>
    <testcase time="0.000999999999748979" classname="ds.glmSummary_smk_poisson" name="simple_glmSummary_poisson"/>
    <testcase time="0.222999999999956" classname="ds.glmSummary_smk_poisson" name="simple_glmSummary_poisson"/>
    <testcase time="0.00199999999995271" classname="ds.glmSummary_smk_poisson" name="simple_glmSummary_poisson"/>
    <testcase time="0.00100000000020373" classname="ds.glmSummary_smk_poisson" name="simple_glmSummary_poisson"/>
    <testcase time="0.00300000000015643" classname="ds.glmSummary_smk_poisson" name="simple_glmSummary_poisson"/>
    <testcase time="0.00199999999995271" classname="ds.glmSummary_smk_poisson" name="simple_glmSummary_poisson"/>
    <testcase time="0.00199999999995271" classname="ds.glmSummary_smk_poisson" name="simple_glmSummary_poisson"/>
    <testcase time="0.000999999999748979" classname="ds.glmSummary_smk_poisson" name="simple_glmSummary_poisson"/>
    <testcase time="0.00100000000020373" classname="ds.glmSummary_smk_poisson" name="simple_glmSummary_poisson"/>
    <testcase time="0.00199999999995271" classname="ds.glmSummary_smk_poisson" name="simple_glmSummary_poisson"/>
    <testcase time="0.00199999999995271" classname="ds.glmSummary_smk_poisson" name="simple_glmSummary_poisson"/>
    <testcase time="0.00300000000015643" classname="ds.glmSummary_smk_poisson" name="simple_glmSummary_poisson"/>
    <testcase time="0.000999999999748979" classname="ds.glmSummary_smk_poisson" name="simple_glmSummary_poisson"/>
    <testcase time="0.00100000000020373" classname="ds.glmSummary_smk_poisson" name="simple_glmSummary_poisson"/>
    <testcase time="0.00199999999995271" classname="ds.glmSummary_smk_poisson" name="simple_glmSummary_poisson"/>
    <testcase time="0.00100000000020373" classname="ds.glmSummary_smk_poisson" name="simple_glmSummary_poisson"/>
    <testcase time="0.00299999999970169" classname="ds.glmSummary_smk_poisson" name="simple_glmSummary_poisson"/>
    <testcase time="0.00199999999995271" classname="ds.glmSummary_smk_poisson" name="simple_glmSummary_poisson"/>
    <testcase time="0.00199999999995271" classname="ds.glmSummary_smk_poisson" name="simple_glmSummary_poisson"/>
    <testcase time="0.00100000000020373" classname="ds.glmSummary_smk_poisson" name="simple_glmSummary_poisson"/>
  </testsuite>
  <testsuite name="ds.glmSummary::smk::shutdown" timestamp="2025-10-28T12:53:46Z" hostname="runnervmwhb2z" tests="3" skipped="0" failures="0" errors="0" time="0.049">
    <testcase time="0.0459999999998217" classname="ds.glmSummary_smk_shutdown" name="shutdown"/>
    <testcase time="0.00100000000020373" classname="ds.glmSummary_smk_shutdown" name="shutdown"/>
    <testcase time="0.00199999999995271" classname="ds.glmSummary_smk_shutdown" name="shutdown"/>
  </testsuite>
  <testsuite name="ds.glmSummary::smk::done" timestamp="2025-10-28T12:53:46Z" hostname="runnervmwhb2z" tests="0" skipped="0" failures="0" errors="0" time="0"/>
  <testsuite name="smk-ds.hetcor" timestamp="2025-10-28T12:53:46Z" hostname="runnervmwhb2z" tests="0" skipped="0" failures="0" errors="0" time="0"/>
  <testsuite name="ds.hetcor::smk::setup" timestamp="2025-10-28T12:53:46Z" hostname="runnervmwhb2z" tests="3" skipped="0" failures="0" errors="0" time="7.291">
    <testcase time="7.28800000000001" classname="ds.hetcor_smk_setup" name="setup"/>
    <testcase time="0.00199999999995271" classname="ds.hetcor_smk_setup" name="setup"/>
    <testcase time="0.00100000000020373" classname="ds.hetcor_smk_setup" name="setup"/>
  </testsuite>
  <testsuite name="ds.hetcor::smk::test1" timestamp="2025-10-28T12:53:53Z" hostname="runnervmwhb2z" tests="123" skipped="0" failures="0" errors="0" time="4.489">
    <testcase time="4.27500000000009" classname="ds.hetcor_smk_test1" name="hetcor"/>
    <testcase time="0.000999999999748979" classname="ds.hetcor_smk_test1" name="hetcor"/>
    <testcase time="0.00100000000020373" classname="ds.hetcor_smk_test1" name="hetcor"/>
    <testcase time="0.00199999999995271" classname="ds.hetcor_smk_test1" name="hetcor"/>
    <testcase time="0.000999999999748979" classname="ds.hetcor_smk_test1" name="hetcor"/>
    <testcase time="0.00199999999995271" classname="ds.hetcor_smk_test1" name="hetcor"/>
    <testcase time="0.00300000000015643" classname="ds.hetcor_smk_test1" name="hetcor"/>
    <testcase time="0.00199999999995271" classname="ds.hetcor_smk_test1" name="hetcor"/>
    <testcase time="0.00300000000015643" classname="ds.hetcor_smk_test1" name="hetcor"/>
    <testcase time="0.00199999999995271" classname="ds.hetcor_smk_test1" name="hetcor"/>
    <testcase time="0.00300000000015643" classname="ds.hetcor_smk_test1" name="hetcor"/>
    <testcase time="0.00299999999970169" classname="ds.hetcor_smk_test1" name="hetcor"/>
    <testcase time="0.00199999999995271" classname="ds.hetcor_smk_test1" name="hetcor"/>
    <testcase time="0.00300000000015643" classname="ds.hetcor_smk_test1" name="hetcor"/>
    <testcase time="0.00199999999995271" classname="ds.hetcor_smk_test1" name="hetcor"/>
    <testcase time="0.00300000000015643" classname="ds.hetcor_smk_test1" name="hetcor"/>
    <testcase time="0.00199999999995271" classname="ds.hetcor_smk_test1" name="hetcor"/>
    <testcase time="0.00199999999995271" classname="ds.hetcor_smk_test1" name="hetcor"/>
    <testcase time="0.000999999999748979" classname="ds.hetcor_smk_test1" name="hetcor"/>
    <testcase time="0.00100000000020373" classname="ds.hetcor_smk_test1" name="hetcor"/>
    <testcase time="0.00100000000020373" classname="ds.hetcor_smk_test1" name="hetcor"/>
    <testcase time="0.000999999999748979" classname="ds.hetcor_smk_test1" name="hetcor"/>
    <testcase time="0.00199999999995271" classname="ds.hetcor_smk_test1" name="hetcor"/>
    <testcase time="0.00199999999995271" classname="ds.hetcor_smk_test1" name="hetcor"/>
    <testcase time="0.00300000000015643" classname="ds.hetcor_smk_test1" name="hetcor"/>
    <testcase time="0.00199999999995271" classname="ds.hetcor_smk_test1" name="hetcor"/>
    <testcase time="0.00300000000015643" classname="ds.hetcor_smk_test1" name="hetcor"/>
    <testcase time="0.00299999999970169" classname="ds.hetcor_smk_test1" name="hetcor"/>
    <testcase time="0.00200000000040745" classname="ds.hetcor_smk_test1" name="hetcor"/>
    <testcase time="0.00199999999995271" classname="ds.hetcor_smk_test1" name="hetcor"/>
    <testcase time="0.000999999999748979" classname="ds.hetcor_smk_test1" name="hetcor"/>
    <testcase time="0.00100000000020373" classname="ds.hetcor_smk_test1" name="hetcor"/>
    <testcase time="0.00299999999970169" classname="ds.hetcor_smk_test1" name="hetcor"/>
    <testcase time="0.00300000000015643" classname="ds.hetcor_smk_test1" name="hetcor"/>
    <testcase time="0.00199999999995271" classname="ds.hetcor_smk_test1" name="hetcor"/>
    <testcase time="0.00300000000015643" classname="ds.hetcor_smk_test1" name="hetcor"/>
    <testcase time="0.00199999999995271" classname="ds.hetcor_smk_test1" name="hetcor"/>
    <testcase time="0.00300000000015643" classname="ds.hetcor_smk_test1" name="hetcor"/>
    <testcase time="0.00199999999995271" classname="ds.hetcor_smk_test1" name="hetcor"/>
    <testcase time="0.000999999999748979" classname="ds.hetcor_smk_test1" name="hetcor"/>
    <testcase time="0.00100000000020373" classname="ds.hetcor_smk_test1" name="hetcor"/>
    <testcase time="0.00199999999995271" classname="ds.hetcor_smk_test1" name="hetcor"/>
    <testcase time="0.000999999999748979" classname="ds.hetcor_smk_test1" name="hetcor"/>
    <testcase time="0.00100000000020373" classname="ds.hetcor_smk_test1" name="hetcor"/>
    <testcase time="0.00199999999995271" classname="ds.hetcor_smk_test1" name="hetcor"/>
    <testcase time="0.00100000000020373" classname="ds.hetcor_smk_test1" name="hetcor"/>
    <testcase time="0.000999999999748979" classname="ds.hetcor_smk_test1" name="hetcor"/>
    <testcase time="0.00199999999995271" classname="ds.hetcor_smk_test1" name="hetcor"/>
    <testcase time="0.00100000000020373" classname="ds.hetcor_smk_test1" name="hetcor"/>
    <testcase time="0.00300000000015643" classname="ds.hetcor_smk_test1" name="hetcor"/>
    <testcase time="0.00199999999995271" classname="ds.hetcor_smk_test1" name="hetcor"/>
    <testcase time="0.000999999999748979" classname="ds.hetcor_smk_test1" name="hetcor"/>
    <testcase time="0.00100000000020373" classname="ds.hetcor_smk_test1" name="hetcor"/>
    <testcase time="0.00199999999995271" classname="ds.hetcor_smk_test1" name="hetcor"/>
    <testcase time="0.000999999999748979" classname="ds.hetcor_smk_test1" name="hetcor"/>
    <testcase time="0.00199999999995271" classname="ds.hetcor_smk_test1" name="hetcor"/>
    <testcase time="0.00700000000006185" classname="ds.hetcor_smk_test1" name="hetcor"/>
    <testcase time="0.00199999999995271" classname="ds.hetcor_smk_test1" name="hetcor"/>
    <testcase time="0.00200000000040745" classname="ds.hetcor_smk_test1" name="hetcor"/>
    <testcase time="0.000999999999748979" classname="ds.hetcor_smk_test1" name="hetcor"/>
    <testcase time="0.00100000000020373" classname="ds.hetcor_smk_test1" name="hetcor"/>
    <testcase time="0.00199999999995271" classname="ds.hetcor_smk_test1" name="hetcor"/>
    <testcase time="0.000999999999748979" classname="ds.hetcor_smk_test1" name="hetcor"/>
    <testcase time="0.00100000000020373" classname="ds.hetcor_smk_test1" name="hetcor"/>
    <testcase time="0.00199999999995271" classname="ds.hetcor_smk_test1" name="hetcor"/>
    <testcase time="0.00100000000020373" classname="ds.hetcor_smk_test1" name="hetcor"/>
    <testcase time="0.00199999999995271" classname="ds.hetcor_smk_test1" name="hetcor"/>
    <testcase time="0.000999999999748979" classname="ds.hetcor_smk_test1" name="hetcor"/>
    <testcase time="0.00100000000020373" classname="ds.hetcor_smk_test1" name="hetcor"/>
    <testcase time="0.00199999999995271" classname="ds.hetcor_smk_test1" name="hetcor"/>
    <testcase time="0.000999999999748979" classname="ds.hetcor_smk_test1" name="hetcor"/>
    <testcase time="0.00100000000020373" classname="ds.hetcor_smk_test1" name="hetcor"/>
    <testcase time="0.00199999999995271" classname="ds.hetcor_smk_test1" name="hetcor"/>
    <testcase time="0.00100000000020373" classname="ds.hetcor_smk_test1" name="hetcor"/>
    <testcase time="0.00199999999995271" classname="ds.hetcor_smk_test1" name="hetcor"/>
    <testcase time="0.000999999999748979" classname="ds.hetcor_smk_test1" name="hetcor"/>
    <testcase time="0.00100000000020373" classname="ds.hetcor_smk_test1" name="hetcor"/>
    <testcase time="0.00199999999995271" classname="ds.hetcor_smk_test1" name="hetcor"/>
    <testcase time="0.000999999999748979" classname="ds.hetcor_smk_test1" name="hetcor"/>
    <testcase time="0.00200000000040745" classname="ds.hetcor_smk_test1" name="hetcor"/>
    <testcase time="0.000999999999748979" classname="ds.hetcor_smk_test1" name="hetcor"/>
    <testcase time="0.00199999999995271" classname="ds.hetcor_smk_test1" name="hetcor"/>
    <testcase time="0.00100000000020373" classname="ds.hetcor_smk_test1" name="hetcor"/>
    <testcase time="0.000999999999748979" classname="ds.hetcor_smk_test1" name="hetcor"/>
    <testcase time="0.00199999999995271" classname="ds.hetcor_smk_test1" name="hetcor"/>
    <testcase time="0.00100000000020373" classname="ds.hetcor_smk_test1" name="hetcor"/>
    <testcase time="0.00199999999995271" classname="ds.hetcor_smk_test1" name="hetcor"/>
    <testcase time="0.00100000000020373" classname="ds.hetcor_smk_test1" name="hetcor"/>
    <testcase time="0.00199999999995271" classname="ds.hetcor_smk_test1" name="hetcor"/>
    <testcase time="0.000999999999748979" classname="ds.hetcor_smk_test1" name="hetcor"/>
    <testcase time="0.00199999999995271" classname="ds.hetcor_smk_test1" name="hetcor"/>
    <testcase time="0.00100000000020373" classname="ds.hetcor_smk_test1" name="hetcor"/>
    <testcase time="0.00199999999995271" classname="ds.hetcor_smk_test1" name="hetcor"/>
    <testcase time="0.00100000000020373" classname="ds.hetcor_smk_test1" name="hetcor"/>
    <testcase time="0.00199999999995271" classname="ds.hetcor_smk_test1" name="hetcor"/>
    <testcase time="0.000999999999748979" classname="ds.hetcor_smk_test1" name="hetcor"/>
    <testcase time="0.00199999999995271" classname="ds.hetcor_smk_test1" name="hetcor"/>
    <testcase time="0.00100000000020373" classname="ds.hetcor_smk_test1" name="hetcor"/>
    <testcase time="0.00199999999995271" classname="ds.hetcor_smk_test1" name="hetcor"/>
    <testcase time="0.00199999999995271" classname="ds.hetcor_smk_test1" name="hetcor"/>
    <testcase time="0.00300000000015643" classname="ds.hetcor_smk_test1" name="hetcor"/>
    <testcase time="0.000999999999748979" classname="ds.hetcor_smk_test1" name="hetcor"/>
    <testcase time="0.00199999999995271" classname="ds.hetcor_smk_test1" name="hetcor"/>
    <testcase time="0.00100000000020373" classname="ds.hetcor_smk_test1" name="hetcor"/>
    <testcase time="0.00199999999995271" classname="ds.hetcor_smk_test1" name="hetcor"/>
    <testcase time="0.00199999999995271" classname="ds.hetcor_smk_test1" name="hetcor"/>
    <testcase time="0.00100000000020373" classname="ds.hetcor_smk_test1" name="hetcor"/>
    <testcase time="0.00199999999995271" classname="ds.hetcor_smk_test1" name="hetcor"/>
    <testcase time="0.000999999999748979" classname="ds.hetcor_smk_test1" name="hetcor"/>
    <testcase time="0.00200000000040745" classname="ds.hetcor_smk_test1" name="hetcor"/>
    <testcase time="0.00199999999995271" classname="ds.hetcor_smk_test1" name="hetcor"/>
    <testcase time="0.000999999999748979" classname="ds.hetcor_smk_test1" name="hetcor"/>
    <testcase time="0.00199999999995271" classname="ds.hetcor_smk_test1" name="hetcor"/>
    <testcase time="0.00100000000020373" classname="ds.hetcor_smk_test1" name="hetcor"/>
    <testcase time="0.00199999999995271" classname="ds.hetcor_smk_test1" name="hetcor"/>
    <testcase time="0.000999999999748979" classname="ds.hetcor_smk_test1" name="hetcor"/>
    <testcase time="0.00200000000040745" classname="ds.hetcor_smk_test1" name="hetcor"/>
    <testcase time="0.00299999999970169" classname="ds.hetcor_smk_test1" name="hetcor"/>
    <testcase time="0.00199999999995271" classname="ds.hetcor_smk_test1" name="hetcor"/>
    <testcase time="0.00100000000020373" classname="ds.hetcor_smk_test1" name="hetcor"/>
    <testcase time="0.00199999999995271" classname="ds.hetcor_smk_test1" name="hetcor"/>
    <testcase time="0.00199999999995271" classname="ds.hetcor_smk_test1" name="hetcor"/>
    <testcase time="0.00100000000020373" classname="ds.hetcor_smk_test1" name="hetcor"/>
  </testsuite>
  <testsuite name="ds.hetcor::smk::shutdown" timestamp="2025-10-28T12:53:58Z" hostname="runnervmwhb2z" tests="3" skipped="0" failures="0" errors="0" time="0.05">
    <testcase time="0.0479999999997744" classname="ds.hetcor_smk_shutdown" name="shutdown"/>
    <testcase time="0.00100000000020373" classname="ds.hetcor_smk_shutdown" name="shutdown"/>
    <testcase time="0.000999999999748979" classname="ds.hetcor_smk_shutdown" name="shutdown"/>
  </testsuite>
  <testsuite name="ds.hetcor::smk::done" timestamp="2025-10-28T12:53:58Z" hostname="runnervmwhb2z" tests="0" skipped="0" failures="0" errors="0" time="0"/>
  <testsuite name="smk-ds.isNA" timestamp="2025-10-28T12:53:58Z" hostname="runnervmwhb2z" tests="0" skipped="0" failures="0" errors="0" time="0"/>
  <testsuite name="ds.isNA::smk::setup" timestamp="2025-10-28T12:53:58Z" hostname="runnervmwhb2z" tests="3" skipped="0" failures="0" errors="0" time="7.267">
    <testcase time="7.26500000000033" classname="ds.isNA_smk_setup" name="setup"/>
    <testcase time="0.000999999999748979" classname="ds.isNA_smk_setup" name="setup"/>
    <testcase time="0.00100000000020373" classname="ds.isNA_smk_setup" name="setup"/>
  </testsuite>
  <testsuite name="ds.isNA::smk" timestamp="2025-10-28T12:54:05Z" hostname="runnervmwhb2z" tests="3" skipped="0" failures="0" errors="0" time="0.151">
    <testcase time="0.145999999999731" classname="ds.isNA_smk" name="isNA"/>
    <testcase time="0.00199999999995271" classname="ds.isNA_smk" name="isNA"/>
    <testcase time="0.00300000000015643" classname="ds.isNA_smk" name="isNA"/>
  </testsuite>
  <testsuite name="ds.isNA::smk::shutdown" timestamp="2025-10-28T12:54:05Z" hostname="runnervmwhb2z" tests="3" skipped="0" failures="0" errors="0" time="0.047">
    <testcase time="0.043999999999869" classname="ds.isNA_smk_shutdown" name="shutdown"/>
    <testcase time="0.00199999999995271" classname="ds.isNA_smk_shutdown" name="shutdown"/>
    <testcase time="0.00100000000020373" classname="ds.isNA_smk_shutdown" name="shutdown"/>
  </testsuite>
  <testsuite name="ds.isNA::smk::done" timestamp="2025-10-28T12:54:05Z" hostname="runnervmwhb2z" tests="0" skipped="0" failures="0" errors="0" time="0"/>
  <testsuite name="smk-ds.isValid" timestamp="2025-10-28T12:54:05Z" hostname="runnervmwhb2z" tests="0" skipped="0" failures="0" errors="0" time="0"/>
  <testsuite name="ds.isValid::smk::setup" timestamp="2025-10-28T12:54:05Z" hostname="runnervmwhb2z" tests="3" skipped="0" failures="0" errors="0" time="7.282">
    <testcase time="7.27999999999975" classname="ds.isValid_smk_setup" name="setup"/>
    <testcase time="0.00100000000020373" classname="ds.isValid_smk_setup" name="setup"/>
    <testcase time="0.00100000000020373" classname="ds.isValid_smk_setup" name="setup"/>
  </testsuite>
  <testsuite name="ds.isValid::smk" timestamp="2025-10-28T12:54:12Z" hostname="runnervmwhb2z" tests="7" skipped="0" failures="0" errors="0" time="0.117">
    <testcase time="0.105999999999767" classname="ds.isValid_smk" name="isValid"/>
    <testcase time="0.00100000000020373" classname="ds.isValid_smk" name="isValid"/>
    <testcase time="0.00299999999970169" classname="ds.isValid_smk" name="isValid"/>
    <testcase time="0.00100000000020373" classname="ds.isValid_smk" name="isValid"/>
    <testcase time="0.00300000000015643" classname="ds.isValid_smk" name="isValid"/>
    <testcase time="0.000999999999748979" classname="ds.isValid_smk" name="isValid"/>
    <testcase time="0.00199999999995271" classname="ds.isValid_smk" name="isValid"/>
  </testsuite>
  <testsuite name="ds.isValid::smk::shutdown" timestamp="2025-10-28T12:54:12Z" hostname="runnervmwhb2z" tests="3" skipped="0" failures="0" errors="0" time="0.056">
    <testcase time="0.0540000000000873" classname="ds.isValid_smk_shutdown" name="shutdown"/>
    <testcase time="0.00100000000020373" classname="ds.isValid_smk_shutdown" name="shutdown"/>
    <testcase time="0.000999999999748979" classname="ds.isValid_smk_shutdown" name="shutdown"/>
  </testsuite>
  <testsuite name="ds.isValid::smk::done" timestamp="2025-10-28T12:54:13Z" hostname="runnervmwhb2z" tests="0" skipped="0" failures="0" errors="0" time="0"/>
  <testsuite name="smk-ds.kurtosis" timestamp="2025-10-28T12:54:13Z" hostname="runnervmwhb2z" tests="0" skipped="0" failures="0" errors="0" time="0"/>
  <testsuite name="ds.kurtosis::smk::setup" timestamp="2025-10-28T12:54:13Z" hostname="runnervmwhb2z" tests="3" skipped="0" failures="0" errors="0" time="7.389">
    <testcase time="7.38700000000017" classname="ds.kurtosis_smk_setup" name="setup"/>
    <testcase time="0.000999999999748979" classname="ds.kurtosis_smk_setup" name="setup"/>
    <testcase time="0.00100000000020373" classname="ds.kurtosis_smk_setup" name="setup"/>
  </testsuite>
  <testsuite name="ds.kurtosis::smk::method 1::split" timestamp="2025-10-28T12:54:20Z" hostname="runnervmwhb2z" tests="70" skipped="0" failures="0" errors="0" time="0.618">
    <testcase time="0.106999999999971" classname="ds.kurtosis_smk_method_1_split" name="simple_kurtosis_method_1_split_on_LAB_TSC"/>
    <testcase time="0.00199999999995271" classname="ds.kurtosis_smk_method_1_split" name="simple_kurtosis_method_1_split_on_LAB_TSC"/>
    <testcase time="0.00100000000020373" classname="ds.kurtosis_smk_method_1_split" name="simple_kurtosis_method_1_split_on_LAB_TSC"/>
    <testcase time="0.000999999999748979" classname="ds.kurtosis_smk_method_1_split" name="simple_kurtosis_method_1_split_on_LAB_TSC"/>
    <testcase time="0.00100000000020373" classname="ds.kurtosis_smk_method_1_split" name="simple_kurtosis_method_1_split_on_LAB_TSC"/>
    <testcase time="0.00199999999995271" classname="ds.kurtosis_smk_method_1_split" name="simple_kurtosis_method_1_split_on_LAB_TSC"/>
    <testcase time="0.000999999999748979" classname="ds.kurtosis_smk_method_1_split" name="simple_kurtosis_method_1_split_on_LAB_TSC"/>
    <testcase time="0.00100000000020373" classname="ds.kurtosis_smk_method_1_split" name="simple_kurtosis_method_1_split_on_LAB_TSC"/>
    <testcase time="0.000999999999748979" classname="ds.kurtosis_smk_method_1_split" name="simple_kurtosis_method_1_split_on_LAB_TSC"/>
    <testcase time="0.00200000000040745" classname="ds.kurtosis_smk_method_1_split" name="simple_kurtosis_method_1_split_on_LAB_TSC"/>
    <testcase time="0.000999999999748979" classname="ds.kurtosis_smk_method_1_split" name="simple_kurtosis_method_1_split_on_LAB_TSC"/>
    <testcase time="0.00100000000020373" classname="ds.kurtosis_smk_method_1_split" name="simple_kurtosis_method_1_split_on_LAB_TSC"/>
    <testcase time="0.00199999999995271" classname="ds.kurtosis_smk_method_1_split" name="simple_kurtosis_method_1_split_on_LAB_TSC"/>
    <testcase time="0.000999999999748979" classname="ds.kurtosis_smk_method_1_split" name="simple_kurtosis_method_1_split_on_LAB_TSC"/>
    <testcase time="0.108999999999924" classname="ds.kurtosis_smk_method_1_split" name="simple_kurtosis_method_1_split_on_LAB_TRIG"/>
    <testcase time="0.00200000000040745" classname="ds.kurtosis_smk_method_1_split" name="simple_kurtosis_method_1_split_on_LAB_TRIG"/>
    <testcase time="0.000999999999748979" classname="ds.kurtosis_smk_method_1_split" name="simple_kurtosis_method_1_split_on_LAB_TRIG"/>
    <testcase time="0.00100000000020373" classname="ds.kurtosis_smk_method_1_split" name="simple_kurtosis_method_1_split_on_LAB_TRIG"/>
    <testcase time="0.00199999999995271" classname="ds.kurtosis_smk_method_1_split" name="simple_kurtosis_method_1_split_on_LAB_TRIG"/>
    <testcase time="0.000999999999748979" classname="ds.kurtosis_smk_method_1_split" name="simple_kurtosis_method_1_split_on_LAB_TRIG"/>
    <testcase time="0.00100000000020373" classname="ds.kurtosis_smk_method_1_split" name="simple_kurtosis_method_1_split_on_LAB_TRIG"/>
    <testcase time="0.000999999999748979" classname="ds.kurtosis_smk_method_1_split" name="simple_kurtosis_method_1_split_on_LAB_TRIG"/>
    <testcase time="0.00200000000040745" classname="ds.kurtosis_smk_method_1_split" name="simple_kurtosis_method_1_split_on_LAB_TRIG"/>
    <testcase time="0.000999999999748979" classname="ds.kurtosis_smk_method_1_split" name="simple_kurtosis_method_1_split_on_LAB_TRIG"/>
    <testcase time="0.00100000000020373" classname="ds.kurtosis_smk_method_1_split" name="simple_kurtosis_method_1_split_on_LAB_TRIG"/>
    <testcase time="0.000999999999748979" classname="ds.kurtosis_smk_method_1_split" name="simple_kurtosis_method_1_split_on_LAB_TRIG"/>
    <testcase time="0.00199999999995271" classname="ds.kurtosis_smk_method_1_split" name="simple_kurtosis_method_1_split_on_LAB_TRIG"/>
    <testcase time="0.00100000000020373" classname="ds.kurtosis_smk_method_1_split" name="simple_kurtosis_method_1_split_on_LAB_TRIG"/>
    <testcase time="0.101999999999862" classname="ds.kurtosis_smk_method_1_split" name="simple_kurtosis_method_1_split_on_LAB_HDL"/>
    <testcase time="0.00100000000020373" classname="ds.kurtosis_smk_method_1_split" name="simple_kurtosis_method_1_split_on_LAB_HDL"/>
    <testcase time="0.000999999999748979" classname="ds.kurtosis_smk_method_1_split" name="simple_kurtosis_method_1_split_on_LAB_HDL"/>
    <testcase time="0.00199999999995271" classname="ds.kurtosis_smk_method_1_split" name="simple_kurtosis_method_1_split_on_LAB_HDL"/>
    <testcase time="0.00100000000020373" classname="ds.kurtosis_smk_method_1_split" name="simple_kurtosis_method_1_split_on_LAB_HDL"/>
    <testcase time="0.00199999999995271" classname="ds.kurtosis_smk_method_1_split" name="simple_kurtosis_method_1_split_on_LAB_HDL"/>
    <testcase time="0.00100000000020373" classname="ds.kurtosis_smk_method_1_split" name="simple_kurtosis_method_1_split_on_LAB_HDL"/>
    <testcase time="0.000999999999748979" classname="ds.kurtosis_smk_method_1_split" name="simple_kurtosis_method_1_split_on_LAB_HDL"/>
    <testcase time="0.00100000000020373" classname="ds.kurtosis_smk_method_1_split" name="simple_kurtosis_method_1_split_on_LAB_HDL"/>
    <testcase time="0.00199999999995271" classname="ds.kurtosis_smk_method_1_split" name="simple_kurtosis_method_1_split_on_LAB_HDL"/>
    <testcase time="0.000999999999748979" classname="ds.kurtosis_smk_method_1_split" name="simple_kurtosis_method_1_split_on_LAB_HDL"/>
    <testcase time="0.00100000000020373" classname="ds.kurtosis_smk_method_1_split" name="simple_kurtosis_method_1_split_on_LAB_HDL"/>
    <testcase time="0.00199999999995271" classname="ds.kurtosis_smk_method_1_split" name="simple_kurtosis_method_1_split_on_LAB_HDL"/>
    <testcase time="0.00100000000020373" classname="ds.kurtosis_smk_method_1_split" name="simple_kurtosis_method_1_split_on_LAB_HDL"/>
    <testcase time="0.108999999999924" classname="ds.kurtosis_smk_method_1_split" name="simple_kurtosis_method_1_split_on_LAB_GLUC_ADJUSTED"/>
    <testcase time="0.00199999999995271" classname="ds.kurtosis_smk_method_1_split" name="simple_kurtosis_method_1_split_on_LAB_GLUC_ADJUSTED"/>
    <testcase time="0.000999999999748979" classname="ds.kurtosis_smk_method_1_split" name="simple_kurtosis_method_1_split_on_LAB_GLUC_ADJUSTED"/>
    <testcase time="0.00100000000020373" classname="ds.kurtosis_smk_method_1_split" name="simple_kurtosis_method_1_split_on_LAB_GLUC_ADJUSTED"/>
    <testcase time="0.00199999999995271" classname="ds.kurtosis_smk_method_1_split" name="simple_kurtosis_method_1_split_on_LAB_GLUC_ADJUSTED"/>
    <testcase time="0.00100000000020373" classname="ds.kurtosis_smk_method_1_split" name="simple_kurtosis_method_1_split_on_LAB_GLUC_ADJUSTED"/>
    <testcase time="0.00199999999995271" classname="ds.kurtosis_smk_method_1_split" name="simple_kurtosis_method_1_split_on_LAB_GLUC_ADJUSTED"/>
    <testcase time="0.000999999999748979" classname="ds.kurtosis_smk_method_1_split" name="simple_kurtosis_method_1_split_on_LAB_GLUC_ADJUSTED"/>
    <testcase time="0.00100000000020373" classname="ds.kurtosis_smk_method_1_split" name="simple_kurtosis_method_1_split_on_LAB_GLUC_ADJUSTED"/>
    <testcase time="0.00199999999995271" classname="ds.kurtosis_smk_method_1_split" name="simple_kurtosis_method_1_split_on_LAB_GLUC_ADJUSTED"/>
    <testcase time="0.000999999999748979" classname="ds.kurtosis_smk_method_1_split" name="simple_kurtosis_method_1_split_on_LAB_GLUC_ADJUSTED"/>
    <testcase time="0.00100000000020373" classname="ds.kurtosis_smk_method_1_split" name="simple_kurtosis_method_1_split_on_LAB_GLUC_ADJUSTED"/>
    <testcase time="0.00199999999995271" classname="ds.kurtosis_smk_method_1_split" name="simple_kurtosis_method_1_split_on_LAB_GLUC_ADJUSTED"/>
    <testcase time="0.00100000000020373" classname="ds.kurtosis_smk_method_1_split" name="simple_kurtosis_method_1_split_on_LAB_GLUC_ADJUSTED"/>
    <testcase time="0.102999999999611" classname="ds.kurtosis_smk_method_1_split" name="simple_kurtosis_method_1_split_on_PM_BMI_CONTINUOUS"/>
    <testcase time="0.00200000000040745" classname="ds.kurtosis_smk_method_1_split" name="simple_kurtosis_method_1_split_on_PM_BMI_CONTINUOUS"/>
    <testcase time="0.000999999999748979" classname="ds.kurtosis_smk_method_1_split" name="simple_kurtosis_method_1_split_on_PM_BMI_CONTINUOUS"/>
    <testcase time="0.00100000000020373" classname="ds.kurtosis_smk_method_1_split" name="simple_kurtosis_method_1_split_on_PM_BMI_CONTINUOUS"/>
    <testcase time="0.00199999999995271" classname="ds.kurtosis_smk_method_1_split" name="simple_kurtosis_method_1_split_on_PM_BMI_CONTINUOUS"/>
    <testcase time="0.000999999999748979" classname="ds.kurtosis_smk_method_1_split" name="simple_kurtosis_method_1_split_on_PM_BMI_CONTINUOUS"/>
    <testcase time="0.00199999999995271" classname="ds.kurtosis_smk_method_1_split" name="simple_kurtosis_method_1_split_on_PM_BMI_CONTINUOUS"/>
    <testcase time="0.00100000000020373" classname="ds.kurtosis_smk_method_1_split" name="simple_kurtosis_method_1_split_on_PM_BMI_CONTINUOUS"/>
    <testcase time="0.00199999999995271" classname="ds.kurtosis_smk_method_1_split" name="simple_kurtosis_method_1_split_on_PM_BMI_CONTINUOUS"/>
    <testcase time="0.00100000000020373" classname="ds.kurtosis_smk_method_1_split" name="simple_kurtosis_method_1_split_on_PM_BMI_CONTINUOUS"/>
    <testcase time="0.000999999999748979" classname="ds.kurtosis_smk_method_1_split" name="simple_kurtosis_method_1_split_on_PM_BMI_CONTINUOUS"/>
    <testcase time="0.00199999999995271" classname="ds.kurtosis_smk_method_1_split" name="simple_kurtosis_method_1_split_on_PM_BMI_CONTINUOUS"/>
    <testcase time="0.00100000000020373" classname="ds.kurtosis_smk_method_1_split" name="simple_kurtosis_method_1_split_on_PM_BMI_CONTINUOUS"/>
    <testcase time="0.00199999999995271" classname="ds.kurtosis_smk_method_1_split" name="simple_kurtosis_method_1_split_on_PM_BMI_CONTINUOUS"/>
  </testsuite>
  <testsuite name="ds.kurtosis::smk::method 1::combine" timestamp="2025-10-28T12:54:21Z" hostname="runnervmwhb2z" tests="40" skipped="0" failures="0" errors="0" time="0.768">
    <testcase time="0.15099999999984" classname="ds.kurtosis_smk_method_1_combine" name="simple_kurtosis_combine_on_LAB_TSC"/>
    <testcase time="0.00199999999995271" classname="ds.kurtosis_smk_method_1_combine" name="simple_kurtosis_combine_on_LAB_TSC"/>
    <testcase time="0.00100000000020373" classname="ds.kurtosis_smk_method_1_combine" name="simple_kurtosis_combine_on_LAB_TSC"/>
    <testcase time="0.00100000000020373" classname="ds.kurtosis_smk_method_1_combine" name="simple_kurtosis_combine_on_LAB_TSC"/>
    <testcase time="0.000999999999748979" classname="ds.kurtosis_smk_method_1_combine" name="simple_kurtosis_combine_on_LAB_TSC"/>
    <testcase time="0.00100000000020373" classname="ds.kurtosis_smk_method_1_combine" name="simple_kurtosis_combine_on_LAB_TSC"/>
    <testcase time="0.000999999999748979" classname="ds.kurtosis_smk_method_1_combine" name="simple_kurtosis_combine_on_LAB_TSC"/>
    <testcase time="0.00199999999995271" classname="ds.kurtosis_smk_method_1_combine" name="simple_kurtosis_combine_on_LAB_TSC"/>
    <testcase time="0.13799999999992" classname="ds.kurtosis_smk_method_1_combine" name="simple_kurtosis_method_1_combine_on_LAB_TRIG"/>
    <testcase time="0.00100000000020373" classname="ds.kurtosis_smk_method_1_combine" name="simple_kurtosis_method_1_combine_on_LAB_TRIG"/>
    <testcase time="0.00100000000020373" classname="ds.kurtosis_smk_method_1_combine" name="simple_kurtosis_method_1_combine_on_LAB_TRIG"/>
    <testcase time="0.00100000000020373" classname="ds.kurtosis_smk_method_1_combine" name="simple_kurtosis_method_1_combine_on_LAB_TRIG"/>
    <testcase time="0.000999999999748979" classname="ds.kurtosis_smk_method_1_combine" name="simple_kurtosis_method_1_combine_on_LAB_TRIG"/>
    <testcase time="0.00100000000020373" classname="ds.kurtosis_smk_method_1_combine" name="simple_kurtosis_method_1_combine_on_LAB_TRIG"/>
    <testcase time="0.000999999999748979" classname="ds.kurtosis_smk_method_1_combine" name="simple_kurtosis_method_1_combine_on_LAB_TRIG"/>
    <testcase time="0.00199999999995271" classname="ds.kurtosis_smk_method_1_combine" name="simple_kurtosis_method_1_combine_on_LAB_TRIG"/>
    <testcase time="0.146000000000186" classname="ds.kurtosis_smk_method_1_combine" name="simple_kurtosis_method_1_combine_on_LAB_HDL"/>
    <testcase time="0.00100000000020373" classname="ds.kurtosis_smk_method_1_combine" name="simple_kurtosis_method_1_combine_on_LAB_HDL"/>
    <testcase time="0.00199999999995271" classname="ds.kurtosis_smk_method_1_combine" name="simple_kurtosis_method_1_combine_on_LAB_HDL"/>
    <testcase time="0.000999999999748979" classname="ds.kurtosis_smk_method_1_combine" name="simple_kurtosis_method_1_combine_on_LAB_HDL"/>
    <testcase time="0.00100000000020373" classname="ds.kurtosis_smk_method_1_combine" name="simple_kurtosis_method_1_combine_on_LAB_HDL"/>
    <testcase time="0.000999999999748979" classname="ds.kurtosis_smk_method_1_combine" name="simple_kurtosis_method_1_combine_on_LAB_HDL"/>
    <testcase time="0.00199999999995271" classname="ds.kurtosis_smk_method_1_combine" name="simple_kurtosis_method_1_combine_on_LAB_HDL"/>
    <testcase time="0.00100000000020373" classname="ds.kurtosis_smk_method_1_combine" name="simple_kurtosis_method_1_combine_on_LAB_HDL"/>
    <testcase time="0.141999999999825" classname="ds.kurtosis_smk_method_1_combine" name="simple_kurtosis_method_1_combine_on_LAB_GLUC_ADJUSTED"/>
    <testcase time="0.00100000000020373" classname="ds.kurtosis_smk_method_1_combine" name="simple_kurtosis_method_1_combine_on_LAB_GLUC_ADJUSTED"/>
    <testcase time="0.000999999999748979" classname="ds.kurtosis_smk_method_1_combine" name="simple_kurtosis_method_1_combine_on_LAB_GLUC_ADJUSTED"/>
    <testcase time="0.00200000000040745" classname="ds.kurtosis_smk_method_1_combine" name="simple_kurtosis_method_1_combine_on_LAB_GLUC_ADJUSTED"/>
    <testcase time="0.000999999999748979" classname="ds.kurtosis_smk_method_1_combine" name="simple_kurtosis_method_1_combine_on_LAB_GLUC_ADJUSTED"/>
    <testcase time="0.00100000000020373" classname="ds.kurtosis_smk_method_1_combine" name="simple_kurtosis_method_1_combine_on_LAB_GLUC_ADJUSTED"/>
    <testcase time="0.000999999999748979" classname="ds.kurtosis_smk_method_1_combine" name="simple_kurtosis_method_1_combine_on_LAB_GLUC_ADJUSTED"/>
    <testcase time="0.00199999999995271" classname="ds.kurtosis_smk_method_1_combine" name="simple_kurtosis_method_1_combine_on_LAB_GLUC_ADJUSTED"/>
    <testcase time="0.146999999999935" classname="ds.kurtosis_smk_method_1_combine" name="simple_kurtosis_method_1_combine_on_PM_BMI_CONTINUOUS"/>
    <testcase time="0.00100000000020373" classname="ds.kurtosis_smk_method_1_combine" name="simple_kurtosis_method_1_combine_on_PM_BMI_CONTINUOUS"/>
    <testcase time="0.00100000000020373" classname="ds.kurtosis_smk_method_1_combine" name="simple_kurtosis_method_1_combine_on_PM_BMI_CONTINUOUS"/>
    <testcase time="0.00199999999995271" classname="ds.kurtosis_smk_method_1_combine" name="simple_kurtosis_method_1_combine_on_PM_BMI_CONTINUOUS"/>
    <testcase time="0.000999999999748979" classname="ds.kurtosis_smk_method_1_combine" name="simple_kurtosis_method_1_combine_on_PM_BMI_CONTINUOUS"/>
    <testcase time="0.00100000000020373" classname="ds.kurtosis_smk_method_1_combine" name="simple_kurtosis_method_1_combine_on_PM_BMI_CONTINUOUS"/>
    <testcase time="0.00199999999995271" classname="ds.kurtosis_smk_method_1_combine" name="simple_kurtosis_method_1_combine_on_PM_BMI_CONTINUOUS"/>
    <testcase time="0.000999999999748979" classname="ds.kurtosis_smk_method_1_combine" name="simple_kurtosis_method_1_combine_on_PM_BMI_CONTINUOUS"/>
  </testsuite>
  <testsuite name="ds.kurtosis::smk::method 1::both" timestamp="2025-10-28T12:54:21Z" hostname="runnervmwhb2z" tests="110" skipped="0" failures="0" errors="0" time="1.076">
    <testcase time="0.188000000000102" classname="ds.kurtosis_smk_method_1_both" name="simple_kurtosis_both_on_LAB_TSC"/>
    <testcase time="0.00100000000020373" classname="ds.kurtosis_smk_method_1_both" name="simple_kurtosis_both_on_LAB_TSC"/>
    <testcase time="0.00199999999995271" classname="ds.kurtosis_smk_method_1_both" name="simple_kurtosis_both_on_LAB_TSC"/>
    <testcase time="0.000999999999748979" classname="ds.kurtosis_smk_method_1_both" name="simple_kurtosis_both_on_LAB_TSC"/>
    <testcase time="0.00100000000020373" classname="ds.kurtosis_smk_method_1_both" name="simple_kurtosis_both_on_LAB_TSC"/>
    <testcase time="0.00100000000020373" classname="ds.kurtosis_smk_method_1_both" name="simple_kurtosis_both_on_LAB_TSC"/>
    <testcase time="0.00199999999995271" classname="ds.kurtosis_smk_method_1_both" name="simple_kurtosis_both_on_LAB_TSC"/>
    <testcase time="0.000999999999748979" classname="ds.kurtosis_smk_method_1_both" name="simple_kurtosis_both_on_LAB_TSC"/>
    <testcase time="0.00100000000020373" classname="ds.kurtosis_smk_method_1_both" name="simple_kurtosis_both_on_LAB_TSC"/>
    <testcase time="0.000999999999748979" classname="ds.kurtosis_smk_method_1_both" name="simple_kurtosis_both_on_LAB_TSC"/>
    <testcase time="0.00199999999995271" classname="ds.kurtosis_smk_method_1_both" name="simple_kurtosis_both_on_LAB_TSC"/>
    <testcase time="0.00100000000020373" classname="ds.kurtosis_smk_method_1_both" name="simple_kurtosis_both_on_LAB_TSC"/>
    <testcase time="0.000999999999748979" classname="ds.kurtosis_smk_method_1_both" name="simple_kurtosis_both_on_LAB_TSC"/>
    <testcase time="0.00100000000020373" classname="ds.kurtosis_smk_method_1_both" name="simple_kurtosis_both_on_LAB_TSC"/>
    <testcase time="0.00100000000020373" classname="ds.kurtosis_smk_method_1_both" name="simple_kurtosis_both_on_LAB_TSC"/>
    <testcase time="0.000999999999748979" classname="ds.kurtosis_smk_method_1_both" name="simple_kurtosis_both_on_LAB_TSC"/>
    <testcase time="0.00199999999995271" classname="ds.kurtosis_smk_method_1_both" name="simple_kurtosis_both_on_LAB_TSC"/>
    <testcase time="0.00100000000020373" classname="ds.kurtosis_smk_method_1_both" name="simple_kurtosis_both_on_LAB_TSC"/>
    <testcase time="0.000999999999748979" classname="ds.kurtosis_smk_method_1_both" name="simple_kurtosis_both_on_LAB_TSC"/>
    <testcase time="0.00100000000020373" classname="ds.kurtosis_smk_method_1_both" name="simple_kurtosis_both_on_LAB_TSC"/>
    <testcase time="0.000999999999748979" classname="ds.kurtosis_smk_method_1_both" name="simple_kurtosis_both_on_LAB_TSC"/>
    <testcase time="0.00200000000040745" classname="ds.kurtosis_smk_method_1_both" name="simple_kurtosis_both_on_LAB_TSC"/>
    <testcase time="0.187999999999647" classname="ds.kurtosis_smk_method_1_both" name="simple_kurtosis_method_1_both_on_LAB_TRIG"/>
    <testcase time="0.00100000000020373" classname="ds.kurtosis_smk_method_1_both" name="simple_kurtosis_method_1_both_on_LAB_TRIG"/>
    <testcase time="0.000999999999748979" classname="ds.kurtosis_smk_method_1_both" name="simple_kurtosis_method_1_both_on_LAB_TRIG"/>
    <testcase time="0.00200000000040745" classname="ds.kurtosis_smk_method_1_both" name="simple_kurtosis_method_1_both_on_LAB_TRIG"/>
    <testcase time="0.000999999999748979" classname="ds.kurtosis_smk_method_1_both" name="simple_kurtosis_method_1_both_on_LAB_TRIG"/>
    <testcase time="0.00100000000020373" classname="ds.kurtosis_smk_method_1_both" name="simple_kurtosis_method_1_both_on_LAB_TRIG"/>
    <testcase time="0.00199999999995271" classname="ds.kurtosis_smk_method_1_both" name="simple_kurtosis_method_1_both_on_LAB_TRIG"/>
    <testcase time="0.000999999999748979" classname="ds.kurtosis_smk_method_1_both" name="simple_kurtosis_method_1_both_on_LAB_TRIG"/>
    <testcase time="0.00100000000020373" classname="ds.kurtosis_smk_method_1_both" name="simple_kurtosis_method_1_both_on_LAB_TRIG"/>
    <testcase time="0.000999999999748979" classname="ds.kurtosis_smk_method_1_both" name="simple_kurtosis_method_1_both_on_LAB_TRIG"/>
    <testcase time="0.00200000000040745" classname="ds.kurtosis_smk_method_1_both" name="simple_kurtosis_method_1_both_on_LAB_TRIG"/>
    <testcase time="0.000999999999748979" classname="ds.kurtosis_smk_method_1_both" name="simple_kurtosis_method_1_both_on_LAB_TRIG"/>
    <testcase time="0.00100000000020373" classname="ds.kurtosis_smk_method_1_both" name="simple_kurtosis_method_1_both_on_LAB_TRIG"/>
    <testcase time="0.00199999999995271" classname="ds.kurtosis_smk_method_1_both" name="simple_kurtosis_method_1_both_on_LAB_TRIG"/>
    <testcase time="0.000999999999748979" classname="ds.kurtosis_smk_method_1_both" name="simple_kurtosis_method_1_both_on_LAB_TRIG"/>
    <testcase time="0.00100000000020373" classname="ds.kurtosis_smk_method_1_both" name="simple_kurtosis_method_1_both_on_LAB_TRIG"/>
    <testcase time="0.00199999999995271" classname="ds.kurtosis_smk_method_1_both" name="simple_kurtosis_method_1_both_on_LAB_TRIG"/>
    <testcase time="0.000999999999748979" classname="ds.kurtosis_smk_method_1_both" name="simple_kurtosis_method_1_both_on_LAB_TRIG"/>
    <testcase time="0.00100000000020373" classname="ds.kurtosis_smk_method_1_both" name="simple_kurtosis_method_1_both_on_LAB_TRIG"/>
    <testcase time="0.00100000000020373" classname="ds.kurtosis_smk_method_1_both" name="simple_kurtosis_method_1_both_on_LAB_TRIG"/>
    <testcase time="0.00199999999995271" classname="ds.kurtosis_smk_method_1_both" name="simple_kurtosis_method_1_both_on_LAB_TRIG"/>
    <testcase time="0.000999999999748979" classname="ds.kurtosis_smk_method_1_both" name="simple_kurtosis_method_1_both_on_LAB_TRIG"/>
    <testcase time="0.184000000000196" classname="ds.kurtosis_smk_method_1_both" name="simple_kurtosis_method_1_both_on_LAB_HDL"/>
    <testcase time="0.00199999999995271" classname="ds.kurtosis_smk_method_1_both" name="simple_kurtosis_method_1_both_on_LAB_HDL"/>
    <testcase time="0.000999999999748979" classname="ds.kurtosis_smk_method_1_both" name="simple_kurtosis_method_1_both_on_LAB_HDL"/>
    <testcase time="0.00100000000020373" classname="ds.kurtosis_smk_method_1_both" name="simple_kurtosis_method_1_both_on_LAB_HDL"/>
    <testcase time="0.00199999999995271" classname="ds.kurtosis_smk_method_1_both" name="simple_kurtosis_method_1_both_on_LAB_HDL"/>
    <testcase time="0.00100000000020373" classname="ds.kurtosis_smk_method_1_both" name="simple_kurtosis_method_1_both_on_LAB_HDL"/>
    <testcase time="0.00199999999995271" classname="ds.kurtosis_smk_method_1_both" name="simple_kurtosis_method_1_both_on_LAB_HDL"/>
    <testcase time="0.000999999999748979" classname="ds.kurtosis_smk_method_1_both" name="simple_kurtosis_method_1_both_on_LAB_HDL"/>
    <testcase time="0.00100000000020373" classname="ds.kurtosis_smk_method_1_both" name="simple_kurtosis_method_1_both_on_LAB_HDL"/>
    <testcase time="0.00199999999995271" classname="ds.kurtosis_smk_method_1_both" name="simple_kurtosis_method_1_both_on_LAB_HDL"/>
    <testcase time="0.00100000000020373" classname="ds.kurtosis_smk_method_1_both" name="simple_kurtosis_method_1_both_on_LAB_HDL"/>
    <testcase time="0.000999999999748979" classname="ds.kurtosis_smk_method_1_both" name="simple_kurtosis_method_1_both_on_LAB_HDL"/>
    <testcase time="0.00199999999995271" classname="ds.kurtosis_smk_method_1_both" name="simple_kurtosis_method_1_both_on_LAB_HDL"/>
    <testcase time="0.00100000000020373" classname="ds.kurtosis_smk_method_1_both" name="simple_kurtosis_method_1_both_on_LAB_HDL"/>
    <testcase time="0.000999999999748979" classname="ds.kurtosis_smk_method_1_both" name="simple_kurtosis_method_1_both_on_LAB_HDL"/>
    <testcase time="0.00199999999995271" classname="ds.kurtosis_smk_method_1_both" name="simple_kurtosis_method_1_both_on_LAB_HDL"/>
    <testcase time="0.00100000000020373" classname="ds.kurtosis_smk_method_1_both" name="simple_kurtosis_method_1_both_on_LAB_HDL"/>
    <testcase time="0.00199999999995271" classname="ds.kurtosis_smk_method_1_both" name="simple_kurtosis_method_1_both_on_LAB_HDL"/>
    <testcase time="0.00100000000020373" classname="ds.kurtosis_smk_method_1_both" name="simple_kurtosis_method_1_both_on_LAB_HDL"/>
    <testcase time="0.000999999999748979" classname="ds.kurtosis_smk_method_1_both" name="simple_kurtosis_method_1_both_on_LAB_HDL"/>
    <testcase time="0.00199999999995271" classname="ds.kurtosis_smk_method_1_both" name="simple_kurtosis_method_1_both_on_LAB_HDL"/>
    <testcase time="0.00100000000020373" classname="ds.kurtosis_smk_method_1_both" name="simple_kurtosis_method_1_both_on_LAB_HDL"/>
    <testcase time="0.184999999999945" classname="ds.kurtosis_smk_method_1_both" name="simple_kurtosis_method_1_both_on_LAB_GLUC_ADJUSTED"/>
    <testcase time="0.000999999999748979" classname="ds.kurtosis_smk_method_1_both" name="simple_kurtosis_method_1_both_on_LAB_GLUC_ADJUSTED"/>
    <testcase time="0.00200000000040745" classname="ds.kurtosis_smk_method_1_both" name="simple_kurtosis_method_1_both_on_LAB_GLUC_ADJUSTED"/>
    <testcase time="0.000999999999748979" classname="ds.kurtosis_smk_method_1_both" name="simple_kurtosis_method_1_both_on_LAB_GLUC_ADJUSTED"/>
    <testcase time="0.00199999999995271" classname="ds.kurtosis_smk_method_1_both" name="simple_kurtosis_method_1_both_on_LAB_GLUC_ADJUSTED"/>
    <testcase time="0.00100000000020373" classname="ds.kurtosis_smk_method_1_both" name="simple_kurtosis_method_1_both_on_LAB_GLUC_ADJUSTED"/>
    <testcase time="0.00199999999995271" classname="ds.kurtosis_smk_method_1_both" name="simple_kurtosis_method_1_both_on_LAB_GLUC_ADJUSTED"/>
    <testcase time="0.000999999999748979" classname="ds.kurtosis_smk_method_1_both" name="simple_kurtosis_method_1_both_on_LAB_GLUC_ADJUSTED"/>
    <testcase time="0.00200000000040745" classname="ds.kurtosis_smk_method_1_both" name="simple_kurtosis_method_1_both_on_LAB_GLUC_ADJUSTED"/>
    <testcase time="0.000999999999748979" classname="ds.kurtosis_smk_method_1_both" name="simple_kurtosis_method_1_both_on_LAB_GLUC_ADJUSTED"/>
    <testcase time="0.00199999999995271" classname="ds.kurtosis_smk_method_1_both" name="simple_kurtosis_method_1_both_on_LAB_GLUC_ADJUSTED"/>
    <testcase time="0.00100000000020373" classname="ds.kurtosis_smk_method_1_both" name="simple_kurtosis_method_1_both_on_LAB_GLUC_ADJUSTED"/>
    <testcase time="0.00199999999995271" classname="ds.kurtosis_smk_method_1_both" name="simple_kurtosis_method_1_both_on_LAB_GLUC_ADJUSTED"/>
    <testcase time="0.000999999999748979" classname="ds.kurtosis_smk_method_1_both" name="simple_kurtosis_method_1_both_on_LAB_GLUC_ADJUSTED"/>
    <testcase time="0.00100000000020373" classname="ds.kurtosis_smk_method_1_both" name="simple_kurtosis_method_1_both_on_LAB_GLUC_ADJUSTED"/>
    <testcase time="0.00199999999995271" classname="ds.kurtosis_smk_method_1_both" name="simple_kurtosis_method_1_both_on_LAB_GLUC_ADJUSTED"/>
    <testcase time="0.00100000000020373" classname="ds.kurtosis_smk_method_1_both" name="simple_kurtosis_method_1_both_on_LAB_GLUC_ADJUSTED"/>
    <testcase time="0.00199999999995271" classname="ds.kurtosis_smk_method_1_both" name="simple_kurtosis_method_1_both_on_LAB_GLUC_ADJUSTED"/>
    <testcase time="0.000999999999748979" classname="ds.kurtosis_smk_method_1_both" name="simple_kurtosis_method_1_both_on_LAB_GLUC_ADJUSTED"/>
    <testcase time="0.00199999999995271" classname="ds.kurtosis_smk_method_1_both" name="simple_kurtosis_method_1_both_on_LAB_GLUC_ADJUSTED"/>
    <testcase time="0.00100000000020373" classname="ds.kurtosis_smk_method_1_both" name="simple_kurtosis_method_1_both_on_LAB_GLUC_ADJUSTED"/>
    <testcase time="0.00100000000020373" classname="ds.kurtosis_smk_method_1_both" name="simple_kurtosis_method_1_both_on_LAB_GLUC_ADJUSTED"/>
    <testcase time="0.185999999999694" classname="ds.kurtosis_smk_method_1_both" name="simple_kurtosis_method_1_both_on_PM_BMI_CONTINUOUS"/>
    <testcase time="0.00199999999995271" classname="ds.kurtosis_smk_method_1_both" name="simple_kurtosis_method_1_both_on_PM_BMI_CONTINUOUS"/>
    <testcase time="0.00100000000020373" classname="ds.kurtosis_smk_method_1_both" name="simple_kurtosis_method_1_both_on_PM_BMI_CONTINUOUS"/>
    <testcase time="0.00199999999995271" classname="ds.kurtosis_smk_method_1_both" name="simple_kurtosis_method_1_both_on_PM_BMI_CONTINUOUS"/>
    <testcase time="0.00199999999995271" classname="ds.kurtosis_smk_method_1_both" name="simple_kurtosis_method_1_both_on_PM_BMI_CONTINUOUS"/>
    <testcase time="0.00100000000020373" classname="ds.kurtosis_smk_method_1_both" name="simple_kurtosis_method_1_both_on_PM_BMI_CONTINUOUS"/>
    <testcase time="0.00199999999995271" classname="ds.kurtosis_smk_method_1_both" name="simple_kurtosis_method_1_both_on_PM_BMI_CONTINUOUS"/>
    <testcase time="0.000999999999748979" classname="ds.kurtosis_smk_method_1_both" name="simple_kurtosis_method_1_both_on_PM_BMI_CONTINUOUS"/>
    <testcase time="0.00199999999995271" classname="ds.kurtosis_smk_method_1_both" name="simple_kurtosis_method_1_both_on_PM_BMI_CONTINUOUS"/>
    <testcase time="0.00100000000020373" classname="ds.kurtosis_smk_method_1_both" name="simple_kurtosis_method_1_both_on_PM_BMI_CONTINUOUS"/>
    <testcase time="0.00199999999995271" classname="ds.kurtosis_smk_method_1_both" name="simple_kurtosis_method_1_both_on_PM_BMI_CONTINUOUS"/>
    <testcase time="0.00100000000020373" classname="ds.kurtosis_smk_method_1_both" name="simple_kurtosis_method_1_both_on_PM_BMI_CONTINUOUS"/>
    <testcase time="0.00199999999995271" classname="ds.kurtosis_smk_method_1_both" name="simple_kurtosis_method_1_both_on_PM_BMI_CONTINUOUS"/>
    <testcase time="0.000999999999748979" classname="ds.kurtosis_smk_method_1_both" name="simple_kurtosis_method_1_both_on_PM_BMI_CONTINUOUS"/>
    <testcase time="0.00199999999995271" classname="ds.kurtosis_smk_method_1_both" name="simple_kurtosis_method_1_both_on_PM_BMI_CONTINUOUS"/>
    <testcase time="0.00199999999995271" classname="ds.kurtosis_smk_method_1_both" name="simple_kurtosis_method_1_both_on_PM_BMI_CONTINUOUS"/>
    <testcase time="0.00100000000020373" classname="ds.kurtosis_smk_method_1_both" name="simple_kurtosis_method_1_both_on_PM_BMI_CONTINUOUS"/>
    <testcase time="0.00199999999995271" classname="ds.kurtosis_smk_method_1_both" name="simple_kurtosis_method_1_both_on_PM_BMI_CONTINUOUS"/>
    <testcase time="0.00100000000020373" classname="ds.kurtosis_smk_method_1_both" name="simple_kurtosis_method_1_both_on_PM_BMI_CONTINUOUS"/>
    <testcase time="0.00199999999995271" classname="ds.kurtosis_smk_method_1_both" name="simple_kurtosis_method_1_both_on_PM_BMI_CONTINUOUS"/>
    <testcase time="0.000999999999748979" classname="ds.kurtosis_smk_method_1_both" name="simple_kurtosis_method_1_both_on_PM_BMI_CONTINUOUS"/>
    <testcase time="0.00199999999995271" classname="ds.kurtosis_smk_method_1_both" name="simple_kurtosis_method_1_both_on_PM_BMI_CONTINUOUS"/>
  </testsuite>
  <testsuite name="ds.kurtosis::smk::method 2::split" timestamp="2025-10-28T12:54:22Z" hostname="runnervmwhb2z" tests="70" skipped="0" failures="0" errors="0" time="0.695">
    <testcase time="0.109000000000378" classname="ds.kurtosis_smk_method_2_split" name="simple_kurtosis_method_2_split_on_LAB_TSC"/>
    <testcase time="0.000999999999748979" classname="ds.kurtosis_smk_method_2_split" name="simple_kurtosis_method_2_split_on_LAB_TSC"/>
    <testcase time="0.00199999999995271" classname="ds.kurtosis_smk_method_2_split" name="simple_kurtosis_method_2_split_on_LAB_TSC"/>
    <testcase time="0.00100000000020373" classname="ds.kurtosis_smk_method_2_split" name="simple_kurtosis_method_2_split_on_LAB_TSC"/>
    <testcase time="0.000999999999748979" classname="ds.kurtosis_smk_method_2_split" name="simple_kurtosis_method_2_split_on_LAB_TSC"/>
    <testcase time="0.00100000000020373" classname="ds.kurtosis_smk_method_2_split" name="simple_kurtosis_method_2_split_on_LAB_TSC"/>
    <testcase time="0.00199999999995271" classname="ds.kurtosis_smk_method_2_split" name="simple_kurtosis_method_2_split_on_LAB_TSC"/>
    <testcase time="0.00100000000020373" classname="ds.kurtosis_smk_method_2_split" name="simple_kurtosis_method_2_split_on_LAB_TSC"/>
    <testcase time="0.000999999999748979" classname="ds.kurtosis_smk_method_2_split" name="simple_kurtosis_method_2_split_on_LAB_TSC"/>
    <testcase time="0.00100000000020373" classname="ds.kurtosis_smk_method_2_split" name="simple_kurtosis_method_2_split_on_LAB_TSC"/>
    <testcase time="0.000999999999748979" classname="ds.kurtosis_smk_method_2_split" name="simple_kurtosis_method_2_split_on_LAB_TSC"/>
    <testcase time="0.00199999999995271" classname="ds.kurtosis_smk_method_2_split" name="simple_kurtosis_method_2_split_on_LAB_TSC"/>
    <testcase time="0.00100000000020373" classname="ds.kurtosis_smk_method_2_split" name="simple_kurtosis_method_2_split_on_LAB_TSC"/>
    <testcase time="0.000999999999748979" classname="ds.kurtosis_smk_method_2_split" name="simple_kurtosis_method_2_split_on_LAB_TSC"/>
    <testcase time="0.111000000000331" classname="ds.kurtosis_smk_method_2_split" name="simple_kurtosis_method_2_split_on_LAB_TRIG"/>
    <testcase time="0.000999999999748979" classname="ds.kurtosis_smk_method_2_split" name="simple_kurtosis_method_2_split_on_LAB_TRIG"/>
    <testcase time="0.00199999999995271" classname="ds.kurtosis_smk_method_2_split" name="simple_kurtosis_method_2_split_on_LAB_TRIG"/>
    <testcase time="0.00100000000020373" classname="ds.kurtosis_smk_method_2_split" name="simple_kurtosis_method_2_split_on_LAB_TRIG"/>
    <testcase time="0.000999999999748979" classname="ds.kurtosis_smk_method_2_split" name="simple_kurtosis_method_2_split_on_LAB_TRIG"/>
    <testcase time="0.00200000000040745" classname="ds.kurtosis_smk_method_2_split" name="simple_kurtosis_method_2_split_on_LAB_TRIG"/>
    <testcase time="0.000999999999748979" classname="ds.kurtosis_smk_method_2_split" name="simple_kurtosis_method_2_split_on_LAB_TRIG"/>
    <testcase time="0.00100000000020373" classname="ds.kurtosis_smk_method_2_split" name="simple_kurtosis_method_2_split_on_LAB_TRIG"/>
    <testcase time="0.000999999999748979" classname="ds.kurtosis_smk_method_2_split" name="simple_kurtosis_method_2_split_on_LAB_TRIG"/>
    <testcase time="0.00199999999995271" classname="ds.kurtosis_smk_method_2_split" name="simple_kurtosis_method_2_split_on_LAB_TRIG"/>
    <testcase time="0.00100000000020373" classname="ds.kurtosis_smk_method_2_split" name="simple_kurtosis_method_2_split_on_LAB_TRIG"/>
    <testcase time="0.000999999999748979" classname="ds.kurtosis_smk_method_2_split" name="simple_kurtosis_method_2_split_on_LAB_TRIG"/>
    <testcase time="0.00100000000020373" classname="ds.kurtosis_smk_method_2_split" name="simple_kurtosis_method_2_split_on_LAB_TRIG"/>
    <testcase time="0.00199999999995271" classname="ds.kurtosis_smk_method_2_split" name="simple_kurtosis_method_2_split_on_LAB_TRIG"/>
    <testcase time="0.103999999999814" classname="ds.kurtosis_smk_method_2_split" name="simple_kurtosis_method_2_split_on_LAB_HDL"/>
    <testcase time="0.00100000000020373" classname="ds.kurtosis_smk_method_2_split" name="simple_kurtosis_method_2_split_on_LAB_HDL"/>
    <testcase time="0.00100000000020373" classname="ds.kurtosis_smk_method_2_split" name="simple_kurtosis_method_2_split_on_LAB_HDL"/>
    <testcase time="0.00199999999995271" classname="ds.kurtosis_smk_method_2_split" name="simple_kurtosis_method_2_split_on_LAB_HDL"/>
    <testcase time="0.000999999999748979" classname="ds.kurtosis_smk_method_2_split" name="simple_kurtosis_method_2_split_on_LAB_HDL"/>
    <testcase time="0.00199999999995271" classname="ds.kurtosis_smk_method_2_split" name="simple_kurtosis_method_2_split_on_LAB_HDL"/>
    <testcase time="0.00100000000020373" classname="ds.kurtosis_smk_method_2_split" name="simple_kurtosis_method_2_split_on_LAB_HDL"/>
    <testcase time="0.000999999999748979" classname="ds.kurtosis_smk_method_2_split" name="simple_kurtosis_method_2_split_on_LAB_HDL"/>
    <testcase time="0.00100000000020373" classname="ds.kurtosis_smk_method_2_split" name="simple_kurtosis_method_2_split_on_LAB_HDL"/>
    <testcase time="0.00199999999995271" classname="ds.kurtosis_smk_method_2_split" name="simple_kurtosis_method_2_split_on_LAB_HDL"/>
    <testcase time="0.00100000000020373" classname="ds.kurtosis_smk_method_2_split" name="simple_kurtosis_method_2_split_on_LAB_HDL"/>
    <testcase time="0.000999999999748979" classname="ds.kurtosis_smk_method_2_split" name="simple_kurtosis_method_2_split_on_LAB_HDL"/>
    <testcase time="0.00199999999995271" classname="ds.kurtosis_smk_method_2_split" name="simple_kurtosis_method_2_split_on_LAB_HDL"/>
    <testcase time="0.00100000000020373" classname="ds.kurtosis_smk_method_2_split" name="simple_kurtosis_method_2_split_on_LAB_HDL"/>
    <testcase time="0.179000000000087" classname="ds.kurtosis_smk_method_2_split" name="simple_kurtosis_method_2_split_on_LAB_GLUC_ADJUSTED"/>
    <testcase time="0.00199999999995271" classname="ds.kurtosis_smk_method_2_split" name="simple_kurtosis_method_2_split_on_LAB_GLUC_ADJUSTED"/>
    <testcase time="0.000999999999748979" classname="ds.kurtosis_smk_method_2_split" name="simple_kurtosis_method_2_split_on_LAB_GLUC_ADJUSTED"/>
    <testcase time="0.00100000000020373" classname="ds.kurtosis_smk_method_2_split" name="simple_kurtosis_method_2_split_on_LAB_GLUC_ADJUSTED"/>
    <testcase time="0.00199999999995271" classname="ds.kurtosis_smk_method_2_split" name="simple_kurtosis_method_2_split_on_LAB_GLUC_ADJUSTED"/>
    <testcase time="0.00100000000020373" classname="ds.kurtosis_smk_method_2_split" name="simple_kurtosis_method_2_split_on_LAB_GLUC_ADJUSTED"/>
    <testcase time="0.00199999999995271" classname="ds.kurtosis_smk_method_2_split" name="simple_kurtosis_method_2_split_on_LAB_GLUC_ADJUSTED"/>
    <testcase time="0.000999999999748979" classname="ds.kurtosis_smk_method_2_split" name="simple_kurtosis_method_2_split_on_LAB_GLUC_ADJUSTED"/>
    <testcase time="0.00100000000020373" classname="ds.kurtosis_smk_method_2_split" name="simple_kurtosis_method_2_split_on_LAB_GLUC_ADJUSTED"/>
    <testcase time="0.00199999999995271" classname="ds.kurtosis_smk_method_2_split" name="simple_kurtosis_method_2_split_on_LAB_GLUC_ADJUSTED"/>
    <testcase time="0.000999999999748979" classname="ds.kurtosis_smk_method_2_split" name="simple_kurtosis_method_2_split_on_LAB_GLUC_ADJUSTED"/>
    <testcase time="0.00100000000020373" classname="ds.kurtosis_smk_method_2_split" name="simple_kurtosis_method_2_split_on_LAB_GLUC_ADJUSTED"/>
    <testcase time="0.00199999999995271" classname="ds.kurtosis_smk_method_2_split" name="simple_kurtosis_method_2_split_on_LAB_GLUC_ADJUSTED"/>
    <testcase time="0.00100000000020373" classname="ds.kurtosis_smk_method_2_split" name="simple_kurtosis_method_2_split_on_LAB_GLUC_ADJUSTED"/>
    <testcase time="0.105999999999767" classname="ds.kurtosis_smk_method_2_split" name="simple_kurtosis_method_2_split_on_PM_BMI_CONTINUOUS"/>
    <testcase time="0.00100000000020373" classname="ds.kurtosis_smk_method_2_split" name="simple_kurtosis_method_2_split_on_PM_BMI_CONTINUOUS"/>
    <testcase time="0.00199999999995271" classname="ds.kurtosis_smk_method_2_split" name="simple_kurtosis_method_2_split_on_PM_BMI_CONTINUOUS"/>
    <testcase time="0.000999999999748979" classname="ds.kurtosis_smk_method_2_split" name="simple_kurtosis_method_2_split_on_PM_BMI_CONTINUOUS"/>
    <testcase time="0.00199999999995271" classname="ds.kurtosis_smk_method_2_split" name="simple_kurtosis_method_2_split_on_PM_BMI_CONTINUOUS"/>
    <testcase time="0.00100000000020373" classname="ds.kurtosis_smk_method_2_split" name="simple_kurtosis_method_2_split_on_PM_BMI_CONTINUOUS"/>
    <testcase time="0.00100000000020373" classname="ds.kurtosis_smk_method_2_split" name="simple_kurtosis_method_2_split_on_PM_BMI_CONTINUOUS"/>
    <testcase time="0.00199999999995271" classname="ds.kurtosis_smk_method_2_split" name="simple_kurtosis_method_2_split_on_PM_BMI_CONTINUOUS"/>
    <testcase time="0.000999999999748979" classname="ds.kurtosis_smk_method_2_split" name="simple_kurtosis_method_2_split_on_PM_BMI_CONTINUOUS"/>
    <testcase time="0.00199999999995271" classname="ds.kurtosis_smk_method_2_split" name="simple_kurtosis_method_2_split_on_PM_BMI_CONTINUOUS"/>
    <testcase time="0.00100000000020373" classname="ds.kurtosis_smk_method_2_split" name="simple_kurtosis_method_2_split_on_PM_BMI_CONTINUOUS"/>
    <testcase time="0.000999999999748979" classname="ds.kurtosis_smk_method_2_split" name="simple_kurtosis_method_2_split_on_PM_BMI_CONTINUOUS"/>
    <testcase time="0.00199999999995271" classname="ds.kurtosis_smk_method_2_split" name="simple_kurtosis_method_2_split_on_PM_BMI_CONTINUOUS"/>
    <testcase time="0.00100000000020373" classname="ds.kurtosis_smk_method_2_split" name="simple_kurtosis_method_2_split_on_PM_BMI_CONTINUOUS"/>
  </testsuite>
  <testsuite name="ds.kurtosis::smk::method 2::combine" timestamp="2025-10-28T12:54:23Z" hostname="runnervmwhb2z" tests="40" skipped="0" failures="0" errors="0" time="0.769">
    <testcase time="0.153999999999996" classname="ds.kurtosis_smk_method_2_combine" name="simple_kurtosis_combine_on_LAB_TSC"/>
    <testcase time="0.00100000000020373" classname="ds.kurtosis_smk_method_2_combine" name="simple_kurtosis_combine_on_LAB_TSC"/>
    <testcase time="0.000999999999748979" classname="ds.kurtosis_smk_method_2_combine" name="simple_kurtosis_combine_on_LAB_TSC"/>
    <testcase time="0.00199999999995271" classname="ds.kurtosis_smk_method_2_combine" name="simple_kurtosis_combine_on_LAB_TSC"/>
    <testcase time="0.00100000000020373" classname="ds.kurtosis_smk_method_2_combine" name="simple_kurtosis_combine_on_LAB_TSC"/>
    <testcase time="0.000999999999748979" classname="ds.kurtosis_smk_method_2_combine" name="simple_kurtosis_combine_on_LAB_TSC"/>
    <testcase time="0.00100000000020373" classname="ds.kurtosis_smk_method_2_combine" name="simple_kurtosis_combine_on_LAB_TSC"/>
    <testcase time="0.000999999999748979" classname="ds.kurtosis_smk_method_2_combine" name="simple_kurtosis_combine_on_LAB_TSC"/>
    <testcase time="0.139000000000124" classname="ds.kurtosis_smk_method_2_combine" name="simple_kurtosis_method_2_combine_on_LAB_TRIG"/>
    <testcase time="0.00100000000020373" classname="ds.kurtosis_smk_method_2_combine" name="simple_kurtosis_method_2_combine_on_LAB_TRIG"/>
    <testcase time="0.00199999999995271" classname="ds.kurtosis_smk_method_2_combine" name="simple_kurtosis_method_2_combine_on_LAB_TRIG"/>
    <testcase time="0.000999999999748979" classname="ds.kurtosis_smk_method_2_combine" name="simple_kurtosis_method_2_combine_on_LAB_TRIG"/>
    <testcase time="0.00100000000020373" classname="ds.kurtosis_smk_method_2_combine" name="simple_kurtosis_method_2_combine_on_LAB_TRIG"/>
    <testcase time="0.000999999999748979" classname="ds.kurtosis_smk_method_2_combine" name="simple_kurtosis_method_2_combine_on_LAB_TRIG"/>
    <testcase time="0.00200000000040745" classname="ds.kurtosis_smk_method_2_combine" name="simple_kurtosis_method_2_combine_on_LAB_TRIG"/>
    <testcase time="0.000999999999748979" classname="ds.kurtosis_smk_method_2_combine" name="simple_kurtosis_method_2_combine_on_LAB_TRIG"/>
    <testcase time="0.146999999999935" classname="ds.kurtosis_smk_method_2_combine" name="simple_kurtosis_method_2_combine_on_LAB_HDL"/>
    <testcase time="0.00100000000020373" classname="ds.kurtosis_smk_method_2_combine" name="simple_kurtosis_method_2_combine_on_LAB_HDL"/>
    <testcase time="0.00199999999995271" classname="ds.kurtosis_smk_method_2_combine" name="simple_kurtosis_method_2_combine_on_LAB_HDL"/>
    <testcase time="0.00100000000020373" classname="ds.kurtosis_smk_method_2_combine" name="simple_kurtosis_method_2_combine_on_LAB_HDL"/>
    <testcase time="0.000999999999748979" classname="ds.kurtosis_smk_method_2_combine" name="simple_kurtosis_method_2_combine_on_LAB_HDL"/>
    <testcase time="0.00100000000020373" classname="ds.kurtosis_smk_method_2_combine" name="simple_kurtosis_method_2_combine_on_LAB_HDL"/>
    <testcase time="0.00199999999995271" classname="ds.kurtosis_smk_method_2_combine" name="simple_kurtosis_method_2_combine_on_LAB_HDL"/>
    <testcase time="0.000999999999748979" classname="ds.kurtosis_smk_method_2_combine" name="simple_kurtosis_method_2_combine_on_LAB_HDL"/>
    <testcase time="0.139000000000124" classname="ds.kurtosis_smk_method_2_combine" name="simple_kurtosis_method_2_combine_on_LAB_GLUC_ADJUSTED"/>
    <testcase time="0.00199999999995271" classname="ds.kurtosis_smk_method_2_combine" name="simple_kurtosis_method_2_combine_on_LAB_GLUC_ADJUSTED"/>
    <testcase time="0.00100000000020373" classname="ds.kurtosis_smk_method_2_combine" name="simple_kurtosis_method_2_combine_on_LAB_GLUC_ADJUSTED"/>
    <testcase time="0.000999999999748979" classname="ds.kurtosis_smk_method_2_combine" name="simple_kurtosis_method_2_combine_on_LAB_GLUC_ADJUSTED"/>
    <testcase time="0.00199999999995271" classname="ds.kurtosis_smk_method_2_combine" name="simple_kurtosis_method_2_combine_on_LAB_GLUC_ADJUSTED"/>
    <testcase time="0.00100000000020373" classname="ds.kurtosis_smk_method_2_combine" name="simple_kurtosis_method_2_combine_on_LAB_GLUC_ADJUSTED"/>
    <testcase time="0.000999999999748979" classname="ds.kurtosis_smk_method_2_combine" name="simple_kurtosis_method_2_combine_on_LAB_GLUC_ADJUSTED"/>
    <testcase time="0.00100000000020373" classname="ds.kurtosis_smk_method_2_combine" name="simple_kurtosis_method_2_combine_on_LAB_GLUC_ADJUSTED"/>
    <testcase time="0.145999999999731" classname="ds.kurtosis_smk_method_2_combine" name="simple_kurtosis_method_2_combine_on_PM_BMI_CONTINUOUS"/>
    <testcase time="0.00199999999995271" classname="ds.kurtosis_smk_method_2_combine" name="simple_kurtosis_method_2_combine_on_PM_BMI_CONTINUOUS"/>
    <testcase time="0.00100000000020373" classname="ds.kurtosis_smk_method_2_combine" name="simple_kurtosis_method_2_combine_on_PM_BMI_CONTINUOUS"/>
    <testcase time="0.000999999999748979" classname="ds.kurtosis_smk_method_2_combine" name="simple_kurtosis_method_2_combine_on_PM_BMI_CONTINUOUS"/>
    <testcase time="0.00199999999995271" classname="ds.kurtosis_smk_method_2_combine" name="simple_kurtosis_method_2_combine_on_PM_BMI_CONTINUOUS"/>
    <testcase time="0.00100000000020373" classname="ds.kurtosis_smk_method_2_combine" name="simple_kurtosis_method_2_combine_on_PM_BMI_CONTINUOUS"/>
    <testcase time="0.00100000000020373" classname="ds.kurtosis_smk_method_2_combine" name="simple_kurtosis_method_2_combine_on_PM_BMI_CONTINUOUS"/>
    <testcase time="0.000999999999748979" classname="ds.kurtosis_smk_method_2_combine" name="simple_kurtosis_method_2_combine_on_PM_BMI_CONTINUOUS"/>
  </testsuite>
  <testsuite name="ds.kurtosis::smk::method 2::both" timestamp="2025-10-28T12:54:24Z" hostname="runnervmwhb2z" tests="110" skipped="0" failures="0" errors="0" time="1.277">
    <testcase time="0.411999999999807" classname="ds.kurtosis_smk_method_2_both" name="simple_kurtosis_both_on_LAB_TSC"/>
    <testcase time="0.00200000000040745" classname="ds.kurtosis_smk_method_2_both" name="simple_kurtosis_both_on_LAB_TSC"/>
    <testcase time="0.000999999999748979" classname="ds.kurtosis_smk_method_2_both" name="simple_kurtosis_both_on_LAB_TSC"/>
    <testcase time="0.00100000000020373" classname="ds.kurtosis_smk_method_2_both" name="simple_kurtosis_both_on_LAB_TSC"/>
    <testcase time="0.000999999999748979" classname="ds.kurtosis_smk_method_2_both" name="simple_kurtosis_both_on_LAB_TSC"/>
    <testcase time="0.00199999999995271" classname="ds.kurtosis_smk_method_2_both" name="simple_kurtosis_both_on_LAB_TSC"/>
    <testcase time="0.00100000000020373" classname="ds.kurtosis_smk_method_2_both" name="simple_kurtosis_both_on_LAB_TSC"/>
    <testcase time="0.000999999999748979" classname="ds.kurtosis_smk_method_2_both" name="simple_kurtosis_both_on_LAB_TSC"/>
    <testcase time="0.00100000000020373" classname="ds.kurtosis_smk_method_2_both" name="simple_kurtosis_both_on_LAB_TSC"/>
    <testcase time="0.00100000000020373" classname="ds.kurtosis_smk_method_2_both" name="simple_kurtosis_both_on_LAB_TSC"/>
    <testcase time="0.00199999999995271" classname="ds.kurtosis_smk_method_2_both" name="simple_kurtosis_both_on_LAB_TSC"/>
    <testcase time="0.000999999999748979" classname="ds.kurtosis_smk_method_2_both" name="simple_kurtosis_both_on_LAB_TSC"/>
    <testcase time="0.00100000000020373" classname="ds.kurtosis_smk_method_2_both" name="simple_kurtosis_both_on_LAB_TSC"/>
    <testcase time="0.000999999999748979" classname="ds.kurtosis_smk_method_2_both" name="simple_kurtosis_both_on_LAB_TSC"/>
    <testcase time="0.00100000000020373" classname="ds.kurtosis_smk_method_2_both" name="simple_kurtosis_both_on_LAB_TSC"/>
    <testcase time="0.000999999999748979" classname="ds.kurtosis_smk_method_2_both" name="simple_kurtosis_both_on_LAB_TSC"/>
    <testcase time="0.00200000000040745" classname="ds.kurtosis_smk_method_2_both" name="simple_kurtosis_both_on_LAB_TSC"/>
    <testcase time="0.000999999999748979" classname="ds.kurtosis_smk_method_2_both" name="simple_kurtosis_both_on_LAB_TSC"/>
    <testcase time="0.00100000000020373" classname="ds.kurtosis_smk_method_2_both" name="simple_kurtosis_both_on_LAB_TSC"/>
    <testcase time="0.000999999999748979" classname="ds.kurtosis_smk_method_2_both" name="simple_kurtosis_both_on_LAB_TSC"/>
    <testcase time="0.00199999999995271" classname="ds.kurtosis_smk_method_2_both" name="simple_kurtosis_both_on_LAB_TSC"/>
    <testcase time="0.00100000000020373" classname="ds.kurtosis_smk_method_2_both" name="simple_kurtosis_both_on_LAB_TSC"/>
    <testcase time="0.173999999999978" classname="ds.kurtosis_smk_method_2_both" name="simple_kurtosis_method_2_both_on_LAB_TRIG"/>
    <testcase time="0.00199999999995271" classname="ds.kurtosis_smk_method_2_both" name="simple_kurtosis_method_2_both_on_LAB_TRIG"/>
    <testcase time="0.00100000000020373" classname="ds.kurtosis_smk_method_2_both" name="simple_kurtosis_method_2_both_on_LAB_TRIG"/>
    <testcase time="0.000999999999748979" classname="ds.kurtosis_smk_method_2_both" name="simple_kurtosis_method_2_both_on_LAB_TRIG"/>
    <testcase time="0.00100000000020373" classname="ds.kurtosis_smk_method_2_both" name="simple_kurtosis_method_2_both_on_LAB_TRIG"/>
    <testcase time="0.00199999999995271" classname="ds.kurtosis_smk_method_2_both" name="simple_kurtosis_method_2_both_on_LAB_TRIG"/>
    <testcase time="0.000999999999748979" classname="ds.kurtosis_smk_method_2_both" name="simple_kurtosis_method_2_both_on_LAB_TRIG"/>
    <testcase time="0.00100000000020373" classname="ds.kurtosis_smk_method_2_both" name="simple_kurtosis_method_2_both_on_LAB_TRIG"/>
    <testcase time="0.00199999999995271" classname="ds.kurtosis_smk_method_2_both" name="simple_kurtosis_method_2_both_on_LAB_TRIG"/>
    <testcase time="0.00100000000020373" classname="ds.kurtosis_smk_method_2_both" name="simple_kurtosis_method_2_both_on_LAB_TRIG"/>
    <testcase time="0.000999999999748979" classname="ds.kurtosis_smk_method_2_both" name="simple_kurtosis_method_2_both_on_LAB_TRIG"/>
    <testcase time="0.00100000000020373" classname="ds.kurtosis_smk_method_2_both" name="simple_kurtosis_method_2_both_on_LAB_TRIG"/>
    <testcase time="0.00199999999995271" classname="ds.kurtosis_smk_method_2_both" name="simple_kurtosis_method_2_both_on_LAB_TRIG"/>
    <testcase time="0.000999999999748979" classname="ds.kurtosis_smk_method_2_both" name="simple_kurtosis_method_2_both_on_LAB_TRIG"/>
    <testcase time="0.00100000000020373" classname="ds.kurtosis_smk_method_2_both" name="simple_kurtosis_method_2_both_on_LAB_TRIG"/>
    <testcase time="0.000999999999748979" classname="ds.kurtosis_smk_method_2_both" name="simple_kurtosis_method_2_both_on_LAB_TRIG"/>
    <testcase time="0.00199999999995271" classname="ds.kurtosis_smk_method_2_both" name="simple_kurtosis_method_2_both_on_LAB_TRIG"/>
    <testcase time="0.00100000000020373" classname="ds.kurtosis_smk_method_2_both" name="simple_kurtosis_method_2_both_on_LAB_TRIG"/>
    <testcase time="0.00100000000020373" classname="ds.kurtosis_smk_method_2_both" name="simple_kurtosis_method_2_both_on_LAB_TRIG"/>
    <testcase time="0.000999999999748979" classname="ds.kurtosis_smk_method_2_both" name="simple_kurtosis_method_2_both_on_LAB_TRIG"/>
    <testcase time="0.00199999999995271" classname="ds.kurtosis_smk_method_2_both" name="simple_kurtosis_method_2_both_on_LAB_TRIG"/>
    <testcase time="0.00100000000020373" classname="ds.kurtosis_smk_method_2_both" name="simple_kurtosis_method_2_both_on_LAB_TRIG"/>
    <testcase time="0.182999999999993" classname="ds.kurtosis_smk_method_2_both" name="simple_kurtosis_method_2_both_on_LAB_HDL"/>
    <testcase time="0.000999999999748979" classname="ds.kurtosis_smk_method_2_both" name="simple_kurtosis_method_2_both_on_LAB_HDL"/>
    <testcase time="0.00100000000020373" classname="ds.kurtosis_smk_method_2_both" name="simple_kurtosis_method_2_both_on_LAB_HDL"/>
    <testcase time="0.00199999999995271" classname="ds.kurtosis_smk_method_2_both" name="simple_kurtosis_method_2_both_on_LAB_HDL"/>
    <testcase time="0.00100000000020373" classname="ds.kurtosis_smk_method_2_both" name="simple_kurtosis_method_2_both_on_LAB_HDL"/>
    <testcase time="0.000999999999748979" classname="ds.kurtosis_smk_method_2_both" name="simple_kurtosis_method_2_both_on_LAB_HDL"/>
    <testcase time="0.00199999999995271" classname="ds.kurtosis_smk_method_2_both" name="simple_kurtosis_method_2_both_on_LAB_HDL"/>
    <testcase time="0.00100000000020373" classname="ds.kurtosis_smk_method_2_both" name="simple_kurtosis_method_2_both_on_LAB_HDL"/>
    <testcase time="0.000999999999748979" classname="ds.kurtosis_smk_method_2_both" name="simple_kurtosis_method_2_both_on_LAB_HDL"/>
    <testcase time="0.00199999999995271" classname="ds.kurtosis_smk_method_2_both" name="simple_kurtosis_method_2_both_on_LAB_HDL"/>
    <testcase time="0.00100000000020373" classname="ds.kurtosis_smk_method_2_both" name="simple_kurtosis_method_2_both_on_LAB_HDL"/>
    <testcase time="0.00100000000020373" classname="ds.kurtosis_smk_method_2_both" name="simple_kurtosis_method_2_both_on_LAB_HDL"/>
    <testcase time="0.00199999999995271" classname="ds.kurtosis_smk_method_2_both" name="simple_kurtosis_method_2_both_on_LAB_HDL"/>
    <testcase time="0.000999999999748979" classname="ds.kurtosis_smk_method_2_both" name="simple_kurtosis_method_2_both_on_LAB_HDL"/>
    <testcase time="0.00100000000020373" classname="ds.kurtosis_smk_method_2_both" name="simple_kurtosis_method_2_both_on_LAB_HDL"/>
    <testcase time="0.00199999999995271" classname="ds.kurtosis_smk_method_2_both" name="simple_kurtosis_method_2_both_on_LAB_HDL"/>
    <testcase time="0.000999999999748979" classname="ds.kurtosis_smk_method_2_both" name="simple_kurtosis_method_2_both_on_LAB_HDL"/>
    <testcase time="0.00100000000020373" classname="ds.kurtosis_smk_method_2_both" name="simple_kurtosis_method_2_both_on_LAB_HDL"/>
    <testcase time="0.00199999999995271" classname="ds.kurtosis_smk_method_2_both" name="simple_kurtosis_method_2_both_on_LAB_HDL"/>
    <testcase time="0.00100000000020373" classname="ds.kurtosis_smk_method_2_both" name="simple_kurtosis_method_2_both_on_LAB_HDL"/>
    <testcase time="0.000999999999748979" classname="ds.kurtosis_smk_method_2_both" name="simple_kurtosis_method_2_both_on_LAB_HDL"/>
    <testcase time="0.00199999999995271" classname="ds.kurtosis_smk_method_2_both" name="simple_kurtosis_method_2_both_on_LAB_HDL"/>
    <testcase time="0.184000000000196" classname="ds.kurtosis_smk_method_2_both" name="simple_kurtosis_method_2_both_on_LAB_GLUC_ADJUSTED"/>
    <testcase time="0.000999999999748979" classname="ds.kurtosis_smk_method_2_both" name="simple_kurtosis_method_2_both_on_LAB_GLUC_ADJUSTED"/>
    <testcase time="0.00199999999995271" classname="ds.kurtosis_smk_method_2_both" name="simple_kurtosis_method_2_both_on_LAB_GLUC_ADJUSTED"/>
    <testcase time="0.00100000000020373" classname="ds.kurtosis_smk_method_2_both" name="simple_kurtosis_method_2_both_on_LAB_GLUC_ADJUSTED"/>
    <testcase time="0.00199999999995271" classname="ds.kurtosis_smk_method_2_both" name="simple_kurtosis_method_2_both_on_LAB_GLUC_ADJUSTED"/>
    <testcase time="0.00100000000020373" classname="ds.kurtosis_smk_method_2_both" name="simple_kurtosis_method_2_both_on_LAB_GLUC_ADJUSTED"/>
    <testcase time="0.00199999999995271" classname="ds.kurtosis_smk_method_2_both" name="simple_kurtosis_method_2_both_on_LAB_GLUC_ADJUSTED"/>
    <testcase time="0.000999999999748979" classname="ds.kurtosis_smk_method_2_both" name="simple_kurtosis_method_2_both_on_LAB_GLUC_ADJUSTED"/>
    <testcase time="0.00100000000020373" classname="ds.kurtosis_smk_method_2_both" name="simple_kurtosis_method_2_both_on_LAB_GLUC_ADJUSTED"/>
    <testcase time="0.00199999999995271" classname="ds.kurtosis_smk_method_2_both" name="simple_kurtosis_method_2_both_on_LAB_GLUC_ADJUSTED"/>
    <testcase time="0.00100000000020373" classname="ds.kurtosis_smk_method_2_both" name="simple_kurtosis_method_2_both_on_LAB_GLUC_ADJUSTED"/>
    <testcase time="0.00199999999995271" classname="ds.kurtosis_smk_method_2_both" name="simple_kurtosis_method_2_both_on_LAB_GLUC_ADJUSTED"/>
    <testcase time="0.000999999999748979" classname="ds.kurtosis_smk_method_2_both" name="simple_kurtosis_method_2_both_on_LAB_GLUC_ADJUSTED"/>
    <testcase time="0.00199999999995271" classname="ds.kurtosis_smk_method_2_both" name="simple_kurtosis_method_2_both_on_LAB_GLUC_ADJUSTED"/>
    <testcase time="0.00100000000020373" classname="ds.kurtosis_smk_method_2_both" name="simple_kurtosis_method_2_both_on_LAB_GLUC_ADJUSTED"/>
    <testcase time="0.000999999999748979" classname="ds.kurtosis_smk_method_2_both" name="simple_kurtosis_method_2_both_on_LAB_GLUC_ADJUSTED"/>
    <testcase time="0.00200000000040745" classname="ds.kurtosis_smk_method_2_both" name="simple_kurtosis_method_2_both_on_LAB_GLUC_ADJUSTED"/>
    <testcase time="0.000999999999748979" classname="ds.kurtosis_smk_method_2_both" name="simple_kurtosis_method_2_both_on_LAB_GLUC_ADJUSTED"/>
    <testcase time="0.00199999999995271" classname="ds.kurtosis_smk_method_2_both" name="simple_kurtosis_method_2_both_on_LAB_GLUC_ADJUSTED"/>
    <testcase time="0.00100000000020373" classname="ds.kurtosis_smk_method_2_both" name="simple_kurtosis_method_2_both_on_LAB_GLUC_ADJUSTED"/>
    <testcase time="0.00199999999995271" classname="ds.kurtosis_smk_method_2_both" name="simple_kurtosis_method_2_both_on_LAB_GLUC_ADJUSTED"/>
    <testcase time="0.000999999999748979" classname="ds.kurtosis_smk_method_2_both" name="simple_kurtosis_method_2_both_on_LAB_GLUC_ADJUSTED"/>
    <testcase time="0.184000000000196" classname="ds.kurtosis_smk_method_2_both" name="simple_kurtosis_method_2_both_on_PM_BMI_CONTINUOUS"/>
    <testcase time="0.00199999999995271" classname="ds.kurtosis_smk_method_2_both" name="simple_kurtosis_method_2_both_on_PM_BMI_CONTINUOUS"/>
    <testcase time="0.00100000000020373" classname="ds.kurtosis_smk_method_2_both" name="simple_kurtosis_method_2_both_on_PM_BMI_CONTINUOUS"/>
    <testcase time="0.00199999999995271" classname="ds.kurtosis_smk_method_2_both" name="simple_kurtosis_method_2_both_on_PM_BMI_CONTINUOUS"/>
    <testcase time="0.000999999999748979" classname="ds.kurtosis_smk_method_2_both" name="simple_kurtosis_method_2_both_on_PM_BMI_CONTINUOUS"/>
    <testcase time="0.00199999999995271" classname="ds.kurtosis_smk_method_2_both" name="simple_kurtosis_method_2_both_on_PM_BMI_CONTINUOUS"/>
    <testcase time="0.00100000000020373" classname="ds.kurtosis_smk_method_2_both" name="simple_kurtosis_method_2_both_on_PM_BMI_CONTINUOUS"/>
    <testcase time="0.00199999999995271" classname="ds.kurtosis_smk_method_2_both" name="simple_kurtosis_method_2_both_on_PM_BMI_CONTINUOUS"/>
    <testcase time="0.00100000000020373" classname="ds.kurtosis_smk_method_2_both" name="simple_kurtosis_method_2_both_on_PM_BMI_CONTINUOUS"/>
    <testcase time="0.00199999999995271" classname="ds.kurtosis_smk_method_2_both" name="simple_kurtosis_method_2_both_on_PM_BMI_CONTINUOUS"/>
    <testcase time="0.000999999999748979" classname="ds.kurtosis_smk_method_2_both" name="simple_kurtosis_method_2_both_on_PM_BMI_CONTINUOUS"/>
    <testcase time="0.00199999999995271" classname="ds.kurtosis_smk_method_2_both" name="simple_kurtosis_method_2_both_on_PM_BMI_CONTINUOUS"/>
    <testcase time="0.00100000000020373" classname="ds.kurtosis_smk_method_2_both" name="simple_kurtosis_method_2_both_on_PM_BMI_CONTINUOUS"/>
    <testcase time="0.00199999999995271" classname="ds.kurtosis_smk_method_2_both" name="simple_kurtosis_method_2_both_on_PM_BMI_CONTINUOUS"/>
    <testcase time="0.00100000000020373" classname="ds.kurtosis_smk_method_2_both" name="simple_kurtosis_method_2_both_on_PM_BMI_CONTINUOUS"/>
    <testcase time="0.00100000000020373" classname="ds.kurtosis_smk_method_2_both" name="simple_kurtosis_method_2_both_on_PM_BMI_CONTINUOUS"/>
    <testcase time="0.000999999999748979" classname="ds.kurtosis_smk_method_2_both" name="simple_kurtosis_method_2_both_on_PM_BMI_CONTINUOUS"/>
    <testcase time="0.00199999999995271" classname="ds.kurtosis_smk_method_2_both" name="simple_kurtosis_method_2_both_on_PM_BMI_CONTINUOUS"/>
    <testcase time="0.00100000000020373" classname="ds.kurtosis_smk_method_2_both" name="simple_kurtosis_method_2_both_on_PM_BMI_CONTINUOUS"/>
    <testcase time="0.00100000000020373" classname="ds.kurtosis_smk_method_2_both" name="simple_kurtosis_method_2_both_on_PM_BMI_CONTINUOUS"/>
    <testcase time="0.00100000000020373" classname="ds.kurtosis_smk_method_2_both" name="simple_kurtosis_method_2_both_on_PM_BMI_CONTINUOUS"/>
    <testcase time="0.00100000000020373" classname="ds.kurtosis_smk_method_2_both" name="simple_kurtosis_method_2_both_on_PM_BMI_CONTINUOUS"/>
  </testsuite>
  <testsuite name="ds.kurtosis::smk::method 3::split" timestamp="2025-10-28T12:54:25Z" hostname="runnervmwhb2z" tests="70" skipped="0" failures="0" errors="0" time="0.619">
    <testcase time="0.10799999999972" classname="ds.kurtosis_smk_method_3_split" name="simple_kurtosis_method_3_split_on_LAB_TSC"/>
    <testcase time="0.00100000000020373" classname="ds.kurtosis_smk_method_3_split" name="simple_kurtosis_method_3_split_on_LAB_TSC"/>
    <testcase time="0.000999999999748979" classname="ds.kurtosis_smk_method_3_split" name="simple_kurtosis_method_3_split_on_LAB_TSC"/>
    <testcase time="0.00199999999995271" classname="ds.kurtosis_smk_method_3_split" name="simple_kurtosis_method_3_split_on_LAB_TSC"/>
    <testcase time="0.00100000000020373" classname="ds.kurtosis_smk_method_3_split" name="simple_kurtosis_method_3_split_on_LAB_TSC"/>
    <testcase time="0.00100000000020373" classname="ds.kurtosis_smk_method_3_split" name="simple_kurtosis_method_3_split_on_LAB_TSC"/>
    <testcase time="0.000999999999748979" classname="ds.kurtosis_smk_method_3_split" name="simple_kurtosis_method_3_split_on_LAB_TSC"/>
    <testcase time="0.00100000000020373" classname="ds.kurtosis_smk_method_3_split" name="simple_kurtosis_method_3_split_on_LAB_TSC"/>
    <testcase time="0.00199999999995271" classname="ds.kurtosis_smk_method_3_split" name="simple_kurtosis_method_3_split_on_LAB_TSC"/>
    <testcase time="0.000999999999748979" classname="ds.kurtosis_smk_method_3_split" name="simple_kurtosis_method_3_split_on_LAB_TSC"/>
    <testcase time="0.00100000000020373" classname="ds.kurtosis_smk_method_3_split" name="simple_kurtosis_method_3_split_on_LAB_TSC"/>
    <testcase time="0.000999999999748979" classname="ds.kurtosis_smk_method_3_split" name="simple_kurtosis_method_3_split_on_LAB_TSC"/>
    <testcase time="0.00200000000040745" classname="ds.kurtosis_smk_method_3_split" name="simple_kurtosis_method_3_split_on_LAB_TSC"/>
    <testcase time="0.000999999999748979" classname="ds.kurtosis_smk_method_3_split" name="simple_kurtosis_method_3_split_on_LAB_TSC"/>
    <testcase time="0.110000000000127" classname="ds.kurtosis_smk_method_3_split" name="simple_kurtosis_method_3_split_on_LAB_TRIG"/>
    <testcase time="0.000999999999748979" classname="ds.kurtosis_smk_method_3_split" name="simple_kurtosis_method_3_split_on_LAB_TRIG"/>
    <testcase time="0.00199999999995271" classname="ds.kurtosis_smk_method_3_split" name="simple_kurtosis_method_3_split_on_LAB_TRIG"/>
    <testcase time="0.00100000000020373" classname="ds.kurtosis_smk_method_3_split" name="simple_kurtosis_method_3_split_on_LAB_TRIG"/>
    <testcase time="0.00100000000020373" classname="ds.kurtosis_smk_method_3_split" name="simple_kurtosis_method_3_split_on_LAB_TRIG"/>
    <testcase time="0.00199999999995271" classname="ds.kurtosis_smk_method_3_split" name="simple_kurtosis_method_3_split_on_LAB_TRIG"/>
    <testcase time="0.000999999999748979" classname="ds.kurtosis_smk_method_3_split" name="simple_kurtosis_method_3_split_on_LAB_TRIG"/>
    <testcase time="0.00100000000020373" classname="ds.kurtosis_smk_method_3_split" name="simple_kurtosis_method_3_split_on_LAB_TRIG"/>
    <testcase time="0.000999999999748979" classname="ds.kurtosis_smk_method_3_split" name="simple_kurtosis_method_3_split_on_LAB_TRIG"/>
    <testcase time="0.00100000000020373" classname="ds.kurtosis_smk_method_3_split" name="simple_kurtosis_method_3_split_on_LAB_TRIG"/>
    <testcase time="0.00199999999995271" classname="ds.kurtosis_smk_method_3_split" name="simple_kurtosis_method_3_split_on_LAB_TRIG"/>
    <testcase time="0.00100000000020373" classname="ds.kurtosis_smk_method_3_split" name="simple_kurtosis_method_3_split_on_LAB_TRIG"/>
    <testcase time="0.000999999999748979" classname="ds.kurtosis_smk_method_3_split" name="simple_kurtosis_method_3_split_on_LAB_TRIG"/>
    <testcase time="0.00199999999995271" classname="ds.kurtosis_smk_method_3_split" name="simple_kurtosis_method_3_split_on_LAB_TRIG"/>
    <testcase time="0.103000000000065" classname="ds.kurtosis_smk_method_3_split" name="simple_kurtosis_method_3_split_on_LAB_HDL"/>
    <testcase time="0.00100000000020373" classname="ds.kurtosis_smk_method_3_split" name="simple_kurtosis_method_3_split_on_LAB_HDL"/>
    <testcase time="0.000999999999748979" classname="ds.kurtosis_smk_method_3_split" name="simple_kurtosis_method_3_split_on_LAB_HDL"/>
    <testcase time="0.00199999999995271" classname="ds.kurtosis_smk_method_3_split" name="simple_kurtosis_method_3_split_on_LAB_HDL"/>
    <testcase time="0.00100000000020373" classname="ds.kurtosis_smk_method_3_split" name="simple_kurtosis_method_3_split_on_LAB_HDL"/>
    <testcase time="0.000999999999748979" classname="ds.kurtosis_smk_method_3_split" name="simple_kurtosis_method_3_split_on_LAB_HDL"/>
    <testcase time="0.00199999999995271" classname="ds.kurtosis_smk_method_3_split" name="simple_kurtosis_method_3_split_on_LAB_HDL"/>
    <testcase time="0.00100000000020373" classname="ds.kurtosis_smk_method_3_split" name="simple_kurtosis_method_3_split_on_LAB_HDL"/>
    <testcase time="0.00100000000020373" classname="ds.kurtosis_smk_method_3_split" name="simple_kurtosis_method_3_split_on_LAB_HDL"/>
    <testcase time="0.000999999999748979" classname="ds.kurtosis_smk_method_3_split" name="simple_kurtosis_method_3_split_on_LAB_HDL"/>
    <testcase time="0.00199999999995271" classname="ds.kurtosis_smk_method_3_split" name="simple_kurtosis_method_3_split_on_LAB_HDL"/>
    <testcase time="0.00100000000020373" classname="ds.kurtosis_smk_method_3_split" name="simple_kurtosis_method_3_split_on_LAB_HDL"/>
    <testcase time="0.000999999999748979" classname="ds.kurtosis_smk_method_3_split" name="simple_kurtosis_method_3_split_on_LAB_HDL"/>
    <testcase time="0.00100000000020373" classname="ds.kurtosis_smk_method_3_split" name="simple_kurtosis_method_3_split_on_LAB_HDL"/>
    <testcase time="0.110000000000127" classname="ds.kurtosis_smk_method_3_split" name="simple_kurtosis_method_3_split_on_LAB_GLUC_ADJUSTED"/>
    <testcase time="0.000999999999748979" classname="ds.kurtosis_smk_method_3_split" name="simple_kurtosis_method_3_split_on_LAB_GLUC_ADJUSTED"/>
    <testcase time="0.00199999999995271" classname="ds.kurtosis_smk_method_3_split" name="simple_kurtosis_method_3_split_on_LAB_GLUC_ADJUSTED"/>
    <testcase time="0.00100000000020373" classname="ds.kurtosis_smk_method_3_split" name="simple_kurtosis_method_3_split_on_LAB_GLUC_ADJUSTED"/>
    <testcase time="0.000999999999748979" classname="ds.kurtosis_smk_method_3_split" name="simple_kurtosis_method_3_split_on_LAB_GLUC_ADJUSTED"/>
    <testcase time="0.00199999999995271" classname="ds.kurtosis_smk_method_3_split" name="simple_kurtosis_method_3_split_on_LAB_GLUC_ADJUSTED"/>
    <testcase time="0.00100000000020373" classname="ds.kurtosis_smk_method_3_split" name="simple_kurtosis_method_3_split_on_LAB_GLUC_ADJUSTED"/>
    <testcase time="0.00100000000020373" classname="ds.kurtosis_smk_method_3_split" name="simple_kurtosis_method_3_split_on_LAB_GLUC_ADJUSTED"/>
    <testcase time="0.00199999999995271" classname="ds.kurtosis_smk_method_3_split" name="simple_kurtosis_method_3_split_on_LAB_GLUC_ADJUSTED"/>
    <testcase time="0.000999999999748979" classname="ds.kurtosis_smk_method_3_split" name="simple_kurtosis_method_3_split_on_LAB_GLUC_ADJUSTED"/>
    <testcase time="0.00100000000020373" classname="ds.kurtosis_smk_method_3_split" name="simple_kurtosis_method_3_split_on_LAB_GLUC_ADJUSTED"/>
    <testcase time="0.00199999999995271" classname="ds.kurtosis_smk_method_3_split" name="simple_kurtosis_method_3_split_on_LAB_GLUC_ADJUSTED"/>
    <testcase time="0.000999999999748979" classname="ds.kurtosis_smk_method_3_split" name="simple_kurtosis_method_3_split_on_LAB_GLUC_ADJUSTED"/>
    <testcase time="0.00100000000020373" classname="ds.kurtosis_smk_method_3_split" name="simple_kurtosis_method_3_split_on_LAB_GLUC_ADJUSTED"/>
    <testcase time="0.103999999999814" classname="ds.kurtosis_smk_method_3_split" name="simple_kurtosis_method_3_split_on_PM_BMI_CONTINUOUS"/>
    <testcase time="0.00100000000020373" classname="ds.kurtosis_smk_method_3_split" name="simple_kurtosis_method_3_split_on_PM_BMI_CONTINUOUS"/>
    <testcase time="0.000999999999748979" classname="ds.kurtosis_smk_method_3_split" name="simple_kurtosis_method_3_split_on_PM_BMI_CONTINUOUS"/>
    <testcase time="0.00200000000040745" classname="ds.kurtosis_smk_method_3_split" name="simple_kurtosis_method_3_split_on_PM_BMI_CONTINUOUS"/>
    <testcase time="0.000999999999748979" classname="ds.kurtosis_smk_method_3_split" name="simple_kurtosis_method_3_split_on_PM_BMI_CONTINUOUS"/>
    <testcase time="0.00199999999995271" classname="ds.kurtosis_smk_method_3_split" name="simple_kurtosis_method_3_split_on_PM_BMI_CONTINUOUS"/>
    <testcase time="0.00100000000020373" classname="ds.kurtosis_smk_method_3_split" name="simple_kurtosis_method_3_split_on_PM_BMI_CONTINUOUS"/>
    <testcase time="0.00199999999995271" classname="ds.kurtosis_smk_method_3_split" name="simple_kurtosis_method_3_split_on_PM_BMI_CONTINUOUS"/>
    <testcase time="0.000999999999748979" classname="ds.kurtosis_smk_method_3_split" name="simple_kurtosis_method_3_split_on_PM_BMI_CONTINUOUS"/>
    <testcase time="0.00100000000020373" classname="ds.kurtosis_smk_method_3_split" name="simple_kurtosis_method_3_split_on_PM_BMI_CONTINUOUS"/>
    <testcase time="0.00199999999995271" classname="ds.kurtosis_smk_method_3_split" name="simple_kurtosis_method_3_split_on_PM_BMI_CONTINUOUS"/>
    <testcase time="0.00100000000020373" classname="ds.kurtosis_smk_method_3_split" name="simple_kurtosis_method_3_split_on_PM_BMI_CONTINUOUS"/>
    <testcase time="0.000999999999748979" classname="ds.kurtosis_smk_method_3_split" name="simple_kurtosis_method_3_split_on_PM_BMI_CONTINUOUS"/>
    <testcase time="0.00199999999995271" classname="ds.kurtosis_smk_method_3_split" name="simple_kurtosis_method_3_split_on_PM_BMI_CONTINUOUS"/>
  </testsuite>
  <testsuite name="ds.kurtosis::smk::method 3::combine" timestamp="2025-10-28T12:54:26Z" hostname="runnervmwhb2z" tests="40" skipped="0" failures="0" errors="0" time="0.761">
    <testcase time="0.150000000000091" classname="ds.kurtosis_smk_method_3_combine" name="simple_kurtosis_combine_on_LAB_TSC"/>
    <testcase time="0.00100000000020373" classname="ds.kurtosis_smk_method_3_combine" name="simple_kurtosis_combine_on_LAB_TSC"/>
    <testcase time="0.000999999999748979" classname="ds.kurtosis_smk_method_3_combine" name="simple_kurtosis_combine_on_LAB_TSC"/>
    <testcase time="0.00199999999995271" classname="ds.kurtosis_smk_method_3_combine" name="simple_kurtosis_combine_on_LAB_TSC"/>
    <testcase time="0.00100000000020373" classname="ds.kurtosis_smk_method_3_combine" name="simple_kurtosis_combine_on_LAB_TSC"/>
    <testcase time="0.000999999999748979" classname="ds.kurtosis_smk_method_3_combine" name="simple_kurtosis_combine_on_LAB_TSC"/>
    <testcase time="0.00100000000020373" classname="ds.kurtosis_smk_method_3_combine" name="simple_kurtosis_combine_on_LAB_TSC"/>
    <testcase time="0.00100000000020373" classname="ds.kurtosis_smk_method_3_combine" name="simple_kurtosis_combine_on_LAB_TSC"/>
    <testcase time="0.139999999999873" classname="ds.kurtosis_smk_method_3_combine" name="simple_kurtosis_method_3_combine_on_LAB_TRIG"/>
    <testcase time="0.000999999999748979" classname="ds.kurtosis_smk_method_3_combine" name="simple_kurtosis_method_3_combine_on_LAB_TRIG"/>
    <testcase time="0.00100000000020373" classname="ds.kurtosis_smk_method_3_combine" name="simple_kurtosis_method_3_combine_on_LAB_TRIG"/>
    <testcase time="0.00199999999995271" classname="ds.kurtosis_smk_method_3_combine" name="simple_kurtosis_method_3_combine_on_LAB_TRIG"/>
    <testcase time="0.00100000000020373" classname="ds.kurtosis_smk_method_3_combine" name="simple_kurtosis_method_3_combine_on_LAB_TRIG"/>
    <testcase time="0.000999999999748979" classname="ds.kurtosis_smk_method_3_combine" name="simple_kurtosis_method_3_combine_on_LAB_TRIG"/>
    <testcase time="0.00100000000020373" classname="ds.kurtosis_smk_method_3_combine" name="simple_kurtosis_method_3_combine_on_LAB_TRIG"/>
    <testcase time="0.000999999999748979" classname="ds.kurtosis_smk_method_3_combine" name="simple_kurtosis_method_3_combine_on_LAB_TRIG"/>
    <testcase time="0.144999999999982" classname="ds.kurtosis_smk_method_3_combine" name="simple_kurtosis_method_3_combine_on_LAB_HDL"/>
    <testcase time="0.00199999999995271" classname="ds.kurtosis_smk_method_3_combine" name="simple_kurtosis_method_3_combine_on_LAB_HDL"/>
    <testcase time="0.00100000000020373" classname="ds.kurtosis_smk_method_3_combine" name="simple_kurtosis_method_3_combine_on_LAB_HDL"/>
    <testcase time="0.000999999999748979" classname="ds.kurtosis_smk_method_3_combine" name="simple_kurtosis_method_3_combine_on_LAB_HDL"/>
    <testcase time="0.00100000000020373" classname="ds.kurtosis_smk_method_3_combine" name="simple_kurtosis_method_3_combine_on_LAB_HDL"/>
    <testcase time="0.00199999999995271" classname="ds.kurtosis_smk_method_3_combine" name="simple_kurtosis_method_3_combine_on_LAB_HDL"/>
    <testcase time="0.00100000000020373" classname="ds.kurtosis_smk_method_3_combine" name="simple_kurtosis_method_3_combine_on_LAB_HDL"/>
    <testcase time="0.000999999999748979" classname="ds.kurtosis_smk_method_3_combine" name="simple_kurtosis_method_3_combine_on_LAB_HDL"/>
    <testcase time="0.140000000000327" classname="ds.kurtosis_smk_method_3_combine" name="simple_kurtosis_method_3_combine_on_LAB_GLUC_ADJUSTED"/>
    <testcase time="0.000999999999748979" classname="ds.kurtosis_smk_method_3_combine" name="simple_kurtosis_method_3_combine_on_LAB_GLUC_ADJUSTED"/>
    <testcase time="0.00100000000020373" classname="ds.kurtosis_smk_method_3_combine" name="simple_kurtosis_method_3_combine_on_LAB_GLUC_ADJUSTED"/>
    <testcase time="0.00199999999995271" classname="ds.kurtosis_smk_method_3_combine" name="simple_kurtosis_method_3_combine_on_LAB_GLUC_ADJUSTED"/>
    <testcase time="0.000999999999748979" classname="ds.kurtosis_smk_method_3_combine" name="simple_kurtosis_method_3_combine_on_LAB_GLUC_ADJUSTED"/>
    <testcase time="0.00100000000020373" classname="ds.kurtosis_smk_method_3_combine" name="simple_kurtosis_method_3_combine_on_LAB_GLUC_ADJUSTED"/>
    <testcase time="0.000999999999748979" classname="ds.kurtosis_smk_method_3_combine" name="simple_kurtosis_method_3_combine_on_LAB_GLUC_ADJUSTED"/>
    <testcase time="0.000999999999748979" classname="ds.kurtosis_smk_method_3_combine" name="simple_kurtosis_method_3_combine_on_LAB_GLUC_ADJUSTED"/>
    <testcase time="0.144000000000233" classname="ds.kurtosis_smk_method_3_combine" name="simple_kurtosis_method_3_combine_on_PM_BMI_CONTINUOUS"/>
    <testcase time="0.00199999999995271" classname="ds.kurtosis_smk_method_3_combine" name="simple_kurtosis_method_3_combine_on_PM_BMI_CONTINUOUS"/>
    <testcase time="0.00100000000020373" classname="ds.kurtosis_smk_method_3_combine" name="simple_kurtosis_method_3_combine_on_PM_BMI_CONTINUOUS"/>
    <testcase time="0.000999999999748979" classname="ds.kurtosis_smk_method_3_combine" name="simple_kurtosis_method_3_combine_on_PM_BMI_CONTINUOUS"/>
    <testcase time="0.00199999999995271" classname="ds.kurtosis_smk_method_3_combine" name="simple_kurtosis_method_3_combine_on_PM_BMI_CONTINUOUS"/>
    <testcase time="0.00100000000020373" classname="ds.kurtosis_smk_method_3_combine" name="simple_kurtosis_method_3_combine_on_PM_BMI_CONTINUOUS"/>
    <testcase time="0.000999999999748979" classname="ds.kurtosis_smk_method_3_combine" name="simple_kurtosis_method_3_combine_on_PM_BMI_CONTINUOUS"/>
    <testcase time="0.00100000000020373" classname="ds.kurtosis_smk_method_3_combine" name="simple_kurtosis_method_3_combine_on_PM_BMI_CONTINUOUS"/>
  </testsuite>
  <testsuite name="ds.kurtosis::smk::method 3::both" timestamp="2025-10-28T12:54:27Z" hostname="runnervmwhb2z" tests="110" skipped="0" failures="0" errors="0" time="1.079">
    <testcase time="0.201000000000022" classname="ds.kurtosis_smk_method_3_both" name="simple_kurtosis_both_on_LAB_TSC"/>
    <testcase time="0.00199999999995271" classname="ds.kurtosis_smk_method_3_both" name="simple_kurtosis_both_on_LAB_TSC"/>
    <testcase time="0.00100000000020373" classname="ds.kurtosis_smk_method_3_both" name="simple_kurtosis_both_on_LAB_TSC"/>
    <testcase time="0.00799999999981083" classname="ds.kurtosis_smk_method_3_both" name="simple_kurtosis_both_on_LAB_TSC"/>
    <testcase time="0.00100000000020373" classname="ds.kurtosis_smk_method_3_both" name="simple_kurtosis_both_on_LAB_TSC"/>
    <testcase time="0.00199999999995271" classname="ds.kurtosis_smk_method_3_both" name="simple_kurtosis_both_on_LAB_TSC"/>
    <testcase time="0.000999999999748979" classname="ds.kurtosis_smk_method_3_both" name="simple_kurtosis_both_on_LAB_TSC"/>
    <testcase time="0.00100000000020373" classname="ds.kurtosis_smk_method_3_both" name="simple_kurtosis_both_on_LAB_TSC"/>
    <testcase time="0.000999999999748979" classname="ds.kurtosis_smk_method_3_both" name="simple_kurtosis_both_on_LAB_TSC"/>
    <testcase time="0.00100000000020373" classname="ds.kurtosis_smk_method_3_both" name="simple_kurtosis_both_on_LAB_TSC"/>
    <testcase time="0.00199999999995271" classname="ds.kurtosis_smk_method_3_both" name="simple_kurtosis_both_on_LAB_TSC"/>
    <testcase time="0.000999999999748979" classname="ds.kurtosis_smk_method_3_both" name="simple_kurtosis_both_on_LAB_TSC"/>
    <testcase time="0.00100000000020373" classname="ds.kurtosis_smk_method_3_both" name="simple_kurtosis_both_on_LAB_TSC"/>
    <testcase time="0.00100000000020373" classname="ds.kurtosis_smk_method_3_both" name="simple_kurtosis_both_on_LAB_TSC"/>
    <testcase time="0.000999999999748979" classname="ds.kurtosis_smk_method_3_both" name="simple_kurtosis_both_on_LAB_TSC"/>
    <testcase time="0.00100000000020373" classname="ds.kurtosis_smk_method_3_both" name="simple_kurtosis_both_on_LAB_TSC"/>
    <testcase time="0.00100000000020373" classname="ds.kurtosis_smk_method_3_both" name="simple_kurtosis_both_on_LAB_TSC"/>
    <testcase time="0.000999999999748979" classname="ds.kurtosis_smk_method_3_both" name="simple_kurtosis_both_on_LAB_TSC"/>
    <testcase time="0.00100000000020373" classname="ds.kurtosis_smk_method_3_both" name="simple_kurtosis_both_on_LAB_TSC"/>
    <testcase time="0.000999999999748979" classname="ds.kurtosis_smk_method_3_both" name="simple_kurtosis_both_on_LAB_TSC"/>
    <testcase time="0.00100000000020373" classname="ds.kurtosis_smk_method_3_both" name="simple_kurtosis_both_on_LAB_TSC"/>
    <testcase time="0.00199999999995271" classname="ds.kurtosis_smk_method_3_both" name="simple_kurtosis_both_on_LAB_TSC"/>
    <testcase time="0.175999999999931" classname="ds.kurtosis_smk_method_3_both" name="simple_kurtosis_method_3_both_on_LAB_TRIG"/>
    <testcase time="0.00100000000020373" classname="ds.kurtosis_smk_method_3_both" name="simple_kurtosis_method_3_both_on_LAB_TRIG"/>
    <testcase time="0.00199999999995271" classname="ds.kurtosis_smk_method_3_both" name="simple_kurtosis_method_3_both_on_LAB_TRIG"/>
    <testcase time="0.000999999999748979" classname="ds.kurtosis_smk_method_3_both" name="simple_kurtosis_method_3_both_on_LAB_TRIG"/>
    <testcase time="0.00100000000020373" classname="ds.kurtosis_smk_method_3_both" name="simple_kurtosis_method_3_both_on_LAB_TRIG"/>
    <testcase time="0.00100000000020373" classname="ds.kurtosis_smk_method_3_both" name="simple_kurtosis_method_3_both_on_LAB_TRIG"/>
    <testcase time="0.00199999999995271" classname="ds.kurtosis_smk_method_3_both" name="simple_kurtosis_method_3_both_on_LAB_TRIG"/>
    <testcase time="0.000999999999748979" classname="ds.kurtosis_smk_method_3_both" name="simple_kurtosis_method_3_both_on_LAB_TRIG"/>
    <testcase time="0.00100000000020373" classname="ds.kurtosis_smk_method_3_both" name="simple_kurtosis_method_3_both_on_LAB_TRIG"/>
    <testcase time="0.000999999999748979" classname="ds.kurtosis_smk_method_3_both" name="simple_kurtosis_method_3_both_on_LAB_TRIG"/>
    <testcase time="0.000999999999748979" classname="ds.kurtosis_smk_method_3_both" name="simple_kurtosis_method_3_both_on_LAB_TRIG"/>
    <testcase time="0.00100000000020373" classname="ds.kurtosis_smk_method_3_both" name="simple_kurtosis_method_3_both_on_LAB_TRIG"/>
    <testcase time="0.00100000000020373" classname="ds.kurtosis_smk_method_3_both" name="simple_kurtosis_method_3_both_on_LAB_TRIG"/>
    <testcase time="0.00199999999995271" classname="ds.kurtosis_smk_method_3_both" name="simple_kurtosis_method_3_both_on_LAB_TRIG"/>
    <testcase time="0.000999999999748979" classname="ds.kurtosis_smk_method_3_both" name="simple_kurtosis_method_3_both_on_LAB_TRIG"/>
    <testcase time="0.00100000000020373" classname="ds.kurtosis_smk_method_3_both" name="simple_kurtosis_method_3_both_on_LAB_TRIG"/>
    <testcase time="0.000999999999748979" classname="ds.kurtosis_smk_method_3_both" name="simple_kurtosis_method_3_both_on_LAB_TRIG"/>
    <testcase time="0.00199999999995271" classname="ds.kurtosis_smk_method_3_both" name="simple_kurtosis_method_3_both_on_LAB_TRIG"/>
    <testcase time="0.00100000000020373" classname="ds.kurtosis_smk_method_3_both" name="simple_kurtosis_method_3_both_on_LAB_TRIG"/>
    <testcase time="0.00100000000020373" classname="ds.kurtosis_smk_method_3_both" name="simple_kurtosis_method_3_both_on_LAB_TRIG"/>
    <testcase time="0.000999999999748979" classname="ds.kurtosis_smk_method_3_both" name="simple_kurtosis_method_3_both_on_LAB_TRIG"/>
    <testcase time="0.00199999999995271" classname="ds.kurtosis_smk_method_3_both" name="simple_kurtosis_method_3_both_on_LAB_TRIG"/>
    <testcase time="0.184000000000196" classname="ds.kurtosis_smk_method_3_both" name="simple_kurtosis_method_3_both_on_LAB_HDL"/>
    <testcase time="0.00199999999995271" classname="ds.kurtosis_smk_method_3_both" name="simple_kurtosis_method_3_both_on_LAB_HDL"/>
    <testcase time="0.000999999999748979" classname="ds.kurtosis_smk_method_3_both" name="simple_kurtosis_method_3_both_on_LAB_HDL"/>
    <testcase time="0.00100000000020373" classname="ds.kurtosis_smk_method_3_both" name="simple_kurtosis_method_3_both_on_LAB_HDL"/>
    <testcase time="0.00199999999995271" classname="ds.kurtosis_smk_method_3_both" name="simple_kurtosis_method_3_both_on_LAB_HDL"/>
    <testcase time="0.00100000000020373" classname="ds.kurtosis_smk_method_3_both" name="simple_kurtosis_method_3_both_on_LAB_HDL"/>
    <testcase time="0.00199999999995271" classname="ds.kurtosis_smk_method_3_both" name="simple_kurtosis_method_3_both_on_LAB_HDL"/>
    <testcase time="0.000999999999748979" classname="ds.kurtosis_smk_method_3_both" name="simple_kurtosis_method_3_both_on_LAB_HDL"/>
    <testcase time="0.00199999999995271" classname="ds.kurtosis_smk_method_3_both" name="simple_kurtosis_method_3_both_on_LAB_HDL"/>
    <testcase time="0.00100000000020373" classname="ds.kurtosis_smk_method_3_both" name="simple_kurtosis_method_3_both_on_LAB_HDL"/>
    <testcase time="0.000999999999748979" classname="ds.kurtosis_smk_method_3_both" name="simple_kurtosis_method_3_both_on_LAB_HDL"/>
    <testcase time="0.00200000000040745" classname="ds.kurtosis_smk_method_3_both" name="simple_kurtosis_method_3_both_on_LAB_HDL"/>
    <testcase time="0.000999999999748979" classname="ds.kurtosis_smk_method_3_both" name="simple_kurtosis_method_3_both_on_LAB_HDL"/>
    <testcase time="0.00100000000020373" classname="ds.kurtosis_smk_method_3_both" name="simple_kurtosis_method_3_both_on_LAB_HDL"/>
    <testcase time="0.00199999999995271" classname="ds.kurtosis_smk_method_3_both" name="simple_kurtosis_method_3_both_on_LAB_HDL"/>
    <testcase time="0.000999999999748979" classname="ds.kurtosis_smk_method_3_both" name="simple_kurtosis_method_3_both_on_LAB_HDL"/>
    <testcase time="0.00100000000020373" classname="ds.kurtosis_smk_method_3_both" name="simple_kurtosis_method_3_both_on_LAB_HDL"/>
    <testcase time="0.00199999999995271" classname="ds.kurtosis_smk_method_3_both" name="simple_kurtosis_method_3_both_on_LAB_HDL"/>
    <testcase time="0.00100000000020373" classname="ds.kurtosis_smk_method_3_both" name="simple_kurtosis_method_3_both_on_LAB_HDL"/>
    <testcase time="0.000999999999748979" classname="ds.kurtosis_smk_method_3_both" name="simple_kurtosis_method_3_both_on_LAB_HDL"/>
    <testcase time="0.00199999999995271" classname="ds.kurtosis_smk_method_3_both" name="simple_kurtosis_method_3_both_on_LAB_HDL"/>
    <testcase time="0.00100000000020373" classname="ds.kurtosis_smk_method_3_both" name="simple_kurtosis_method_3_both_on_LAB_HDL"/>
    <testcase time="0.185999999999694" classname="ds.kurtosis_smk_method_3_both" name="simple_kurtosis_method_3_both_on_LAB_GLUC_ADJUSTED"/>
    <testcase time="0.00100000000020373" classname="ds.kurtosis_smk_method_3_both" name="simple_kurtosis_method_3_both_on_LAB_GLUC_ADJUSTED"/>
    <testcase time="0.00100000000020373" classname="ds.kurtosis_smk_method_3_both" name="simple_kurtosis_method_3_both_on_LAB_GLUC_ADJUSTED"/>
    <testcase time="0.00199999999995271" classname="ds.kurtosis_smk_method_3_both" name="simple_kurtosis_method_3_both_on_LAB_GLUC_ADJUSTED"/>
    <testcase time="0.000999999999748979" classname="ds.kurtosis_smk_method_3_both" name="simple_kurtosis_method_3_both_on_LAB_GLUC_ADJUSTED"/>
    <testcase time="0.00199999999995271" classname="ds.kurtosis_smk_method_3_both" name="simple_kurtosis_method_3_both_on_LAB_GLUC_ADJUSTED"/>
    <testcase time="0.00100000000020373" classname="ds.kurtosis_smk_method_3_both" name="simple_kurtosis_method_3_both_on_LAB_GLUC_ADJUSTED"/>
    <testcase time="0.00199999999995271" classname="ds.kurtosis_smk_method_3_both" name="simple_kurtosis_method_3_both_on_LAB_GLUC_ADJUSTED"/>
    <testcase time="0.000999999999748979" classname="ds.kurtosis_smk_method_3_both" name="simple_kurtosis_method_3_both_on_LAB_GLUC_ADJUSTED"/>
    <testcase time="0.00100000000020373" classname="ds.kurtosis_smk_method_3_both" name="simple_kurtosis_method_3_both_on_LAB_GLUC_ADJUSTED"/>
    <testcase time="0.00199999999995271" classname="ds.kurtosis_smk_method_3_both" name="simple_kurtosis_method_3_both_on_LAB_GLUC_ADJUSTED"/>
    <testcase time="0.00100000000020373" classname="ds.kurtosis_smk_method_3_both" name="simple_kurtosis_method_3_both_on_LAB_GLUC_ADJUSTED"/>
    <testcase time="0.00199999999995271" classname="ds.kurtosis_smk_method_3_both" name="simple_kurtosis_method_3_both_on_LAB_GLUC_ADJUSTED"/>
    <testcase time="0.000999999999748979" classname="ds.kurtosis_smk_method_3_both" name="simple_kurtosis_method_3_both_on_LAB_GLUC_ADJUSTED"/>
    <testcase time="0.00199999999995271" classname="ds.kurtosis_smk_method_3_both" name="simple_kurtosis_method_3_both_on_LAB_GLUC_ADJUSTED"/>
    <testcase time="0.00100000000020373" classname="ds.kurtosis_smk_method_3_both" name="simple_kurtosis_method_3_both_on_LAB_GLUC_ADJUSTED"/>
    <testcase time="0.00100000000020373" classname="ds.kurtosis_smk_method_3_both" name="simple_kurtosis_method_3_both_on_LAB_GLUC_ADJUSTED"/>
    <testcase time="0.00199999999995271" classname="ds.kurtosis_smk_method_3_both" name="simple_kurtosis_method_3_both_on_LAB_GLUC_ADJUSTED"/>
    <testcase time="0.000999999999748979" classname="ds.kurtosis_smk_method_3_both" name="simple_kurtosis_method_3_both_on_LAB_GLUC_ADJUSTED"/>
    <testcase time="0.00199999999995271" classname="ds.kurtosis_smk_method_3_both" name="simple_kurtosis_method_3_both_on_LAB_GLUC_ADJUSTED"/>
    <testcase time="0.00100000000020373" classname="ds.kurtosis_smk_method_3_both" name="simple_kurtosis_method_3_both_on_LAB_GLUC_ADJUSTED"/>
    <testcase time="0.000999999999748979" classname="ds.kurtosis_smk_method_3_both" name="simple_kurtosis_method_3_both_on_LAB_GLUC_ADJUSTED"/>
    <testcase time="0.1850000000004" classname="ds.kurtosis_smk_method_3_both" name="simple_kurtosis_method_3_both_on_PM_BMI_CONTINUOUS"/>
    <testcase time="0.00199999999995271" classname="ds.kurtosis_smk_method_3_both" name="simple_kurtosis_method_3_both_on_PM_BMI_CONTINUOUS"/>
    <testcase time="0.000999999999748979" classname="ds.kurtosis_smk_method_3_both" name="simple_kurtosis_method_3_both_on_PM_BMI_CONTINUOUS"/>
    <testcase time="0.00199999999995271" classname="ds.kurtosis_smk_method_3_both" name="simple_kurtosis_method_3_both_on_PM_BMI_CONTINUOUS"/>
    <testcase time="0.00100000000020373" classname="ds.kurtosis_smk_method_3_both" name="simple_kurtosis_method_3_both_on_PM_BMI_CONTINUOUS"/>
    <testcase time="0.00199999999995271" classname="ds.kurtosis_smk_method_3_both" name="simple_kurtosis_method_3_both_on_PM_BMI_CONTINUOUS"/>
    <testcase time="0.00100000000020373" classname="ds.kurtosis_smk_method_3_both" name="simple_kurtosis_method_3_both_on_PM_BMI_CONTINUOUS"/>
    <testcase time="0.00199999999995271" classname="ds.kurtosis_smk_method_3_both" name="simple_kurtosis_method_3_both_on_PM_BMI_CONTINUOUS"/>
    <testcase time="0.000999999999748979" classname="ds.kurtosis_smk_method_3_both" name="simple_kurtosis_method_3_both_on_PM_BMI_CONTINUOUS"/>
    <testcase time="0.00199999999995271" classname="ds.kurtosis_smk_method_3_both" name="simple_kurtosis_method_3_both_on_PM_BMI_CONTINUOUS"/>
    <testcase time="0.00100000000020373" classname="ds.kurtosis_smk_method_3_both" name="simple_kurtosis_method_3_both_on_PM_BMI_CONTINUOUS"/>
    <testcase time="0.00199999999995271" classname="ds.kurtosis_smk_method_3_both" name="simple_kurtosis_method_3_both_on_PM_BMI_CONTINUOUS"/>
    <testcase time="0.000999999999748979" classname="ds.kurtosis_smk_method_3_both" name="simple_kurtosis_method_3_both_on_PM_BMI_CONTINUOUS"/>
    <testcase time="0.00200000000040745" classname="ds.kurtosis_smk_method_3_both" name="simple_kurtosis_method_3_both_on_PM_BMI_CONTINUOUS"/>
    <testcase time="0.000999999999748979" classname="ds.kurtosis_smk_method_3_both" name="simple_kurtosis_method_3_both_on_PM_BMI_CONTINUOUS"/>
    <testcase time="0.00100000000020373" classname="ds.kurtosis_smk_method_3_both" name="simple_kurtosis_method_3_both_on_PM_BMI_CONTINUOUS"/>
    <testcase time="0.00199999999995271" classname="ds.kurtosis_smk_method_3_both" name="simple_kurtosis_method_3_both_on_PM_BMI_CONTINUOUS"/>
    <testcase time="0.00199999999995271" classname="ds.kurtosis_smk_method_3_both" name="simple_kurtosis_method_3_both_on_PM_BMI_CONTINUOUS"/>
    <testcase time="0.000999999999748979" classname="ds.kurtosis_smk_method_3_both" name="simple_kurtosis_method_3_both_on_PM_BMI_CONTINUOUS"/>
    <testcase time="0.00100000000020373" classname="ds.kurtosis_smk_method_3_both" name="simple_kurtosis_method_3_both_on_PM_BMI_CONTINUOUS"/>
    <testcase time="0.00199999999995271" classname="ds.kurtosis_smk_method_3_both" name="simple_kurtosis_method_3_both_on_PM_BMI_CONTINUOUS"/>
    <testcase time="0.00100000000020373" classname="ds.kurtosis_smk_method_3_both" name="simple_kurtosis_method_3_both_on_PM_BMI_CONTINUOUS"/>
  </testsuite>
  <testsuite name="ds.kurtosis::smk::shutdown" timestamp="2025-10-28T12:54:28Z" hostname="runnervmwhb2z" tests="3" skipped="0" failures="0" errors="0" time="0.05">
    <testcase time="0.0479999999997744" classname="ds.kurtosis_smk_shutdown" name="shutdown"/>
    <testcase time="0.00100000000020373" classname="ds.kurtosis_smk_shutdown" name="shutdown"/>
    <testcase time="0.000999999999748979" classname="ds.kurtosis_smk_shutdown" name="shutdown"/>
  </testsuite>
  <testsuite name="ds.kurtosis::smk::done" timestamp="2025-10-28T12:54:28Z" hostname="runnervmwhb2z" tests="0" skipped="0" failures="0" errors="0" time="0"/>
  <testsuite name="smk-ds.length" timestamp="2025-10-28T12:54:28Z" hostname="runnervmwhb2z" tests="0" skipped="0" failures="0" errors="0" time="0"/>
  <testsuite name="ds.length::smk::setup" timestamp="2025-10-28T12:54:28Z" hostname="runnervmwhb2z" tests="3" skipped="0" failures="0" errors="0" time="7.352">
    <testcase time="7.34999999999991" classname="ds.length_smk_setup" name="setup"/>
    <testcase time="0.00100000000020373" classname="ds.length_smk_setup" name="setup"/>
    <testcase time="0.00100000000020373" classname="ds.length_smk_setup" name="setup"/>
  </testsuite>
  <testsuite name="ds.length::smk" timestamp="2025-10-28T12:54:35Z" hostname="runnervmwhb2z" tests="22" skipped="0" failures="0" errors="0" time="0.47">
    <testcase time="0.0459999999998217" classname="ds.length_smk" name="basic_length_both"/>
    <testcase time="0.00199999999995271" classname="ds.length_smk" name="basic_length_both"/>
    <testcase time="0.00100000000020373" classname="ds.length_smk" name="basic_length_both"/>
    <testcase time="0.000999999999748979" classname="ds.length_smk" name="basic_length_both"/>
    <testcase time="0.00100000000020373" classname="ds.length_smk" name="basic_length_both"/>
    <testcase time="0.0409999999997126" classname="ds.length_smk" name="basic_length_split"/>
    <testcase time="0.00199999999995271" classname="ds.length_smk" name="basic_length_split"/>
    <testcase time="0.00100000000020373" classname="ds.length_smk" name="basic_length_split"/>
    <testcase time="0.00100000000020373" classname="ds.length_smk" name="basic_length_split"/>
    <testcase time="0.0489999999999782" classname="ds.length_smk" name="basic_length_combine"/>
    <testcase time="0.00199999999995271" classname="ds.length_smk" name="basic_length_combine"/>
    <testcase time="0.101999999999862" classname="ds.length_smk" name="basic_length_both"/>
    <testcase time="0.00199999999995271" classname="ds.length_smk" name="basic_length_both"/>
    <testcase time="0.00100000000020373" classname="ds.length_smk" name="basic_length_both"/>
    <testcase time="0.000999999999748979" classname="ds.length_smk" name="basic_length_both"/>
    <testcase time="0.00199999999995271" classname="ds.length_smk" name="basic_length_both"/>
    <testcase time="0.102000000000317" classname="ds.length_smk" name="basic_length_split"/>
    <testcase time="0.000999999999748979" classname="ds.length_smk" name="basic_length_split"/>
    <testcase time="0.00100000000020373" classname="ds.length_smk" name="basic_length_split"/>
    <testcase time="0.00199999999995271" classname="ds.length_smk" name="basic_length_split"/>
    <testcase time="0.106999999999971" classname="ds.length_smk" name="basic_length_combine"/>
    <testcase time="0.00199999999995271" classname="ds.length_smk" name="basic_length_combine"/>
  </testsuite>
  <testsuite name="ds.length::smk::shutdown" timestamp="2025-10-28T12:54:35Z" hostname="runnervmwhb2z" tests="3" skipped="0" failures="0" errors="0" time="0.047">
    <testcase time="0.0450000000000728" classname="ds.length_smk_shutdown" name="shutdown"/>
    <testcase time="0.000999999999748979" classname="ds.length_smk_shutdown" name="shutdown"/>
    <testcase time="0.00100000000020373" classname="ds.length_smk_shutdown" name="shutdown"/>
  </testsuite>
  <testsuite name="ds.length::smk::done" timestamp="2025-10-28T12:54:36Z" hostname="runnervmwhb2z" tests="0" skipped="0" failures="0" errors="0" time="0"/>
  <testsuite name="smk-ds.levels" timestamp="2025-10-28T12:54:36Z" hostname="runnervmwhb2z" tests="0" skipped="0" failures="0" errors="0" time="0"/>
  <testsuite name="ds.levels::smk::setup" timestamp="2025-10-28T12:54:36Z" hostname="runnervmwhb2z" tests="3" skipped="0" failures="0" errors="0" time="7.281">
    <testcase time="7.279" classname="ds.levels_smk_setup" name="setup"/>
    <testcase time="0.00100000000020373" classname="ds.levels_smk_setup" name="setup"/>
    <testcase time="0.000999999999748979" classname="ds.levels_smk_setup" name="setup"/>
  </testsuite>
  <testsuite name="ds.levels::smk" timestamp="2025-10-28T12:54:43Z" hostname="runnervmwhb2z" tests="19" skipped="0" failures="0" errors="0" time="0.269">
    <testcase time="0.246000000000095" classname="ds.levels_smk" name="simple_levels"/>
    <testcase time="0.000999999999748979" classname="ds.levels_smk" name="simple_levels"/>
    <testcase time="0.00100000000020373" classname="ds.levels_smk" name="simple_levels"/>
    <testcase time="0.00199999999995271" classname="ds.levels_smk" name="simple_levels"/>
    <testcase time="0.00100000000020373" classname="ds.levels_smk" name="simple_levels"/>
    <testcase time="0.000999999999748979" classname="ds.levels_smk" name="simple_levels"/>
    <testcase time="0.00100000000020373" classname="ds.levels_smk" name="simple_levels"/>
    <testcase time="0.00199999999995271" classname="ds.levels_smk" name="simple_levels"/>
    <testcase time="0.00199999999995271" classname="ds.levels_smk" name="simple_levels"/>
    <testcase time="0.000999999999748979" classname="ds.levels_smk" name="simple_levels"/>
    <testcase time="0.00100000000020373" classname="ds.levels_smk" name="simple_levels"/>
    <testcase time="0.00100000000020373" classname="ds.levels_smk" name="simple_levels"/>
    <testcase time="0.00199999999995271" classname="ds.levels_smk" name="simple_levels"/>
    <testcase time="0.000999999999748979" classname="ds.levels_smk" name="simple_levels"/>
    <testcase time="0.00100000000020373" classname="ds.levels_smk" name="simple_levels"/>
    <testcase time="0.000999999999748979" classname="ds.levels_smk" name="simple_levels"/>
    <testcase time="0.00100000000020373" classname="ds.levels_smk" name="simple_levels"/>
    <testcase time="0.000999999999748979" classname="ds.levels_smk" name="simple_levels"/>
    <testcase time="0.00200000000040745" classname="ds.levels_smk" name="simple_levels"/>
  </testsuite>
  <testsuite name="ds.levels::smk" timestamp="2025-10-28T12:54:43Z" hostname="runnervmwhb2z" tests="22" skipped="0" failures="0" errors="0" time="0.268">
    <testcase time="0.242999999999938" classname="ds.levels_smk" name="simple_levels"/>
    <testcase time="0.00199999999995271" classname="ds.levels_smk" name="simple_levels"/>
    <testcase time="0.000999999999748979" classname="ds.levels_smk" name="simple_levels"/>
    <testcase time="0.00100000000020373" classname="ds.levels_smk" name="simple_levels"/>
    <testcase time="0.000999999999748979" classname="ds.levels_smk" name="simple_levels"/>
    <testcase time="0.00100000000020373" classname="ds.levels_smk" name="simple_levels"/>
    <testcase time="0.00199999999995271" classname="ds.levels_smk" name="simple_levels"/>
    <testcase time="0.00100000000020373" classname="ds.levels_smk" name="simple_levels"/>
    <testcase time="0.000999999999748979" classname="ds.levels_smk" name="simple_levels"/>
    <testcase time="0.00100000000020373" classname="ds.levels_smk" name="simple_levels"/>
    <testcase time="0.000999999999748979" classname="ds.levels_smk" name="simple_levels"/>
    <testcase time="0.00100000000020373" classname="ds.levels_smk" name="simple_levels"/>
    <testcase time="0.00199999999995271" classname="ds.levels_smk" name="simple_levels"/>
    <testcase time="0.00100000000020373" classname="ds.levels_smk" name="simple_levels"/>
    <testcase time="0.000999999999748979" classname="ds.levels_smk" name="simple_levels"/>
    <testcase time="0.00100000000020373" classname="ds.levels_smk" name="simple_levels"/>
    <testcase time="0.000999999999748979" classname="ds.levels_smk" name="simple_levels"/>
    <testcase time="0.00100000000020373" classname="ds.levels_smk" name="simple_levels"/>
    <testcase time="0.00199999999995271" classname="ds.levels_smk" name="simple_levels"/>
    <testcase time="0.000999999999748979" classname="ds.levels_smk" name="simple_levels"/>
    <testcase time="0.00100000000020373" classname="ds.levels_smk" name="simple_levels"/>
    <testcase time="0.000999999999748979" classname="ds.levels_smk" name="simple_levels"/>
  </testsuite>
  <testsuite name="ds.levels::smk::shutdown" timestamp="2025-10-28T12:54:43Z" hostname="runnervmwhb2z" tests="3" skipped="0" failures="0" errors="0" time="0.048">
    <testcase time="0.0460000000002765" classname="ds.levels_smk_shutdown" name="shutdown"/>
    <testcase time="0.000999999999748979" classname="ds.levels_smk_shutdown" name="shutdown"/>
    <testcase time="0.00100000000020373" classname="ds.levels_smk_shutdown" name="shutdown"/>
  </testsuite>
  <testsuite name="ds.levels::smk::done" timestamp="2025-10-28T12:54:44Z" hostname="runnervmwhb2z" tests="0" skipped="0" failures="0" errors="0" time="0"/>
  <testsuite name="smk-ds.lexis" timestamp="2025-10-28T12:54:44Z" hostname="runnervmwhb2z" tests="0" skipped="0" failures="0" errors="0" time="0"/>
  <testsuite name="ds.lexis::smk::setup" timestamp="2025-10-28T12:54:44Z" hostname="runnervmwhb2z" tests="3" skipped="0" failures="0" errors="0" time="7.337">
    <testcase time="7.33500000000004" classname="ds.lexis_smk_setup" name="setup"/>
    <testcase time="0.000999999999748979" classname="ds.lexis_smk_setup" name="setup"/>
    <testcase time="0.00100000000020373" classname="ds.lexis_smk_setup" name="setup"/>
  </testsuite>
  <testsuite name="ds.lexis::smk" timestamp="2025-10-28T12:54:51Z" hostname="runnervmwhb2z" tests="15" skipped="0" failures="0" errors="0" time="0.353">
    <testcase time="0.242000000000189" classname="ds.lexis_smk" name="simple_lexis"/>
    <testcase time="0.000999999999748979" classname="ds.lexis_smk" name="simple_lexis"/>
    <testcase time="0.00100000000020373" classname="ds.lexis_smk" name="simple_lexis"/>
    <testcase time="0.00199999999995271" classname="ds.lexis_smk" name="simple_lexis"/>
    <testcase time="0.000999999999748979" classname="ds.lexis_smk" name="simple_lexis"/>
    <testcase time="0.00100000000020373" classname="ds.lexis_smk" name="simple_lexis"/>
    <testcase time="0.0389999999997599" classname="ds.lexis_smk" name="simple_lexis"/>
    <testcase time="0.00300000000015643" classname="ds.lexis_smk" name="simple_lexis"/>
    <testcase time="0.00300000000015643" classname="ds.lexis_smk" name="simple_lexis"/>
    <testcase time="0.00199999999995271" classname="ds.lexis_smk" name="simple_lexis"/>
    <testcase time="0.0529999999998836" classname="ds.lexis_smk" name="simple_lexis"/>
    <testcase time="0.00100000000020373" classname="ds.lexis_smk" name="simple_lexis"/>
    <testcase time="0.00199999999995271" classname="ds.lexis_smk" name="simple_lexis"/>
    <testcase time="0.000999999999748979" classname="ds.lexis_smk" name="simple_lexis"/>
    <testcase time="0.00100000000020373" classname="ds.lexis_smk" name="simple_lexis"/>
  </testsuite>
  <testsuite name="ds.lexis::smk::shutdown" timestamp="2025-10-28T12:54:51Z" hostname="runnervmwhb2z" tests="3" skipped="0" failures="0" errors="0" time="0.048">
    <testcase time="0.0459999999998217" classname="ds.lexis_smk_shutdown" name="shutdown"/>
    <testcase time="0.00100000000020373" classname="ds.lexis_smk_shutdown" name="shutdown"/>
    <testcase time="0.000999999999748979" classname="ds.lexis_smk_shutdown" name="shutdown"/>
  </testsuite>
  <testsuite name="ds.lexis::smk::done" timestamp="2025-10-28T12:54:51Z" hostname="runnervmwhb2z" tests="0" skipped="0" failures="0" errors="0" time="0"/>
  <testsuite name="smk-ds.list" timestamp="2025-10-28T12:54:51Z" hostname="runnervmwhb2z" tests="0" skipped="0" failures="0" errors="0" time="0"/>
  <testsuite name="ds.list::smk::setup" timestamp="2025-10-28T12:54:51Z" hostname="runnervmwhb2z" tests="3" skipped="0" failures="0" errors="0" time="7.271">
    <testcase time="7.26900000000023" classname="ds.list_smk_setup" name="setup"/>
    <testcase time="0.000999999999748979" classname="ds.list_smk_setup" name="setup"/>
    <testcase time="0.00100000000020373" classname="ds.list_smk_setup" name="setup"/>
  </testsuite>
  <testsuite name="ds.list::smk" timestamp="2025-10-28T12:54:58Z" hostname="runnervmwhb2z" tests="28" skipped="0" failures="0" errors="0" time="0.435">
    <testcase time="0.210000000000036" classname="ds.list_smk" name="Is_List"/>
    <testcase time="0.0380000000000109" classname="ds.list_smk" name="Is_List"/>
    <testcase time="0.00199999999995271" classname="ds.list_smk" name="Is_List"/>
    <testcase time="0.000999999999748979" classname="ds.list_smk" name="Is_List"/>
    <testcase time="0.00100000000020373" classname="ds.list_smk" name="Is_List"/>
    <testcase time="0.00100000000020373" classname="ds.list_smk" name="Is_List"/>
    <testcase time="0.000999999999748979" classname="ds.list_smk" name="Is_List"/>
    <testcase time="0.00100000000020373" classname="ds.list_smk" name="Is_List"/>
    <testcase time="0.00199999999995271" classname="ds.list_smk" name="Is_List"/>
    <testcase time="0.000999999999748979" classname="ds.list_smk" name="Is_List"/>
    <testcase time="0.00100000000020373" classname="ds.list_smk" name="Is_List"/>
    <testcase time="0.000999999999748979" classname="ds.list_smk" name="Is_List"/>
    <testcase time="0.00100000000020373" classname="ds.list_smk" name="Is_List"/>
    <testcase time="0.00100000000020373" classname="ds.list_smk" name="Is_List"/>
    <testcase time="0.0760000000000218" classname="ds.list_smk" name="Is_List"/>
    <testcase time="0.000999999999748979" classname="ds.list_smk" name="Is_List"/>
    <testcase time="0.00100000000020373" classname="ds.list_smk" name="Is_List"/>
    <testcase time="0.00199999999995271" classname="ds.list_smk" name="Is_List"/>
    <testcase time="0.0749999999998181" classname="ds.list_smk" name="Is_List"/>
    <testcase time="0.00800000000026557" classname="ds.list_smk" name="Is_List"/>
    <testcase time="0.00199999999995271" classname="ds.list_smk" name="Is_List"/>
    <testcase time="0.000999999999748979" classname="ds.list_smk" name="Is_List"/>
    <testcase time="0.00100000000020373" classname="ds.list_smk" name="Is_List"/>
    <testcase time="0.000999999999748979" classname="ds.list_smk" name="Is_List"/>
    <testcase time="0.00199999999995271" classname="ds.list_smk" name="Is_List"/>
    <testcase time="0.00100000000020373" classname="ds.list_smk" name="Is_List"/>
    <testcase time="0.00100000000020373" classname="ds.list_smk" name="Is_List"/>
    <testcase time="0.000999999999748979" classname="ds.list_smk" name="Is_List"/>
  </testsuite>
  <testsuite name="ds.list::smk::shutdown" timestamp="2025-10-28T12:54:59Z" hostname="runnervmwhb2z" tests="3" skipped="0" failures="0" errors="0" time="0.049">
    <testcase time="0.0459999999998217" classname="ds.list_smk_shutdown" name="shutdown"/>
    <testcase time="0.00100000000020373" classname="ds.list_smk_shutdown" name="shutdown"/>
    <testcase time="0.00199999999995271" classname="ds.list_smk_shutdown" name="shutdown"/>
  </testsuite>
  <testsuite name="ds.list::smk::down" timestamp="2025-10-28T12:54:59Z" hostname="runnervmwhb2z" tests="0" skipped="0" failures="0" errors="0" time="0"/>
  <testsuite name="smk-ds.listClientsideFunctions" timestamp="2025-10-28T12:54:59Z" hostname="runnervmwhb2z" tests="0" skipped="0" failures="0" errors="0" time="0"/>
  <testsuite name="ds.listClientsideFunctions::smk::setup" timestamp="2025-10-28T12:54:59Z" hostname="runnervmwhb2z" tests="3" skipped="0" failures="0" errors="0" time="7.307">
    <testcase time="7.30400000000009" classname="ds.listClientsideFunctions_smk_setup" name="setup"/>
    <testcase time="0.00199999999995271" classname="ds.listClientsideFunctions_smk_setup" name="setup"/>
    <testcase time="0.00100000000020373" classname="ds.listClientsideFunctions_smk_setup" name="setup"/>
  </testsuite>
  <testsuite name="ds.listClientsideFunctions::smk::check results" timestamp="2025-10-28T12:55:06Z" hostname="runnervmwhb2z" tests="112" skipped="0" failures="0" errors="0" time="0.326">
    <testcase time="0.00999999999976353" classname="ds.listClientsideFunctions_smk_check_results" name="check_results"/>
    <testcase time="0.00199999999995271" classname="ds.listClientsideFunctions_smk_check_results" name="check_results"/>
    <testcase time="0.00300000000015643" classname="ds.listClientsideFunctions_smk_check_results" name="check_results"/>
    <testcase time="0.00199999999995271" classname="ds.listClientsideFunctions_smk_check_results" name="check_results"/>
    <testcase time="0.00300000000015643" classname="ds.listClientsideFunctions_smk_check_results" name="check_results"/>
    <testcase time="0.00199999999995271" classname="ds.listClientsideFunctions_smk_check_results" name="check_results"/>
    <testcase time="0.00299999999970169" classname="ds.listClientsideFunctions_smk_check_results" name="check_results"/>
    <testcase time="0.00199999999995271" classname="ds.listClientsideFunctions_smk_check_results" name="check_results"/>
    <testcase time="0.00300000000015643" classname="ds.listClientsideFunctions_smk_check_results" name="check_results"/>
    <testcase time="0.00199999999995271" classname="ds.listClientsideFunctions_smk_check_results" name="check_results"/>
    <testcase time="0.00300000000015643" classname="ds.listClientsideFunctions_smk_check_results" name="check_results"/>
    <testcase time="0.00199999999995271" classname="ds.listClientsideFunctions_smk_check_results" name="check_results"/>
    <testcase time="0.00300000000015643" classname="ds.listClientsideFunctions_smk_check_results" name="check_results"/>
    <testcase time="0.00199999999995271" classname="ds.listClientsideFunctions_smk_check_results" name="check_results"/>
    <testcase time="0.00299999999970169" classname="ds.listClientsideFunctions_smk_check_results" name="check_results"/>
    <testcase time="0.00200000000040745" classname="ds.listClientsideFunctions_smk_check_results" name="check_results"/>
    <testcase time="0.00299999999970169" classname="ds.listClientsideFunctions_smk_check_results" name="check_results"/>
    <testcase time="0.00199999999995271" classname="ds.listClientsideFunctions_smk_check_results" name="check_results"/>
    <testcase time="0.00300000000015643" classname="ds.listClientsideFunctions_smk_check_results" name="check_results"/>
    <testcase time="0.00300000000015643" classname="ds.listClientsideFunctions_smk_check_results" name="check_results"/>
    <testcase time="0.00199999999995271" classname="ds.listClientsideFunctions_smk_check_results" name="check_results"/>
    <testcase time="0.00299999999970169" classname="ds.listClientsideFunctions_smk_check_results" name="check_results"/>
    <testcase time="0.00199999999995271" classname="ds.listClientsideFunctions_smk_check_results" name="check_results"/>
    <testcase time="0.00300000000015643" classname="ds.listClientsideFunctions_smk_check_results" name="check_results"/>
    <testcase time="0.00199999999995271" classname="ds.listClientsideFunctions_smk_check_results" name="check_results"/>
    <testcase time="0.00300000000015643" classname="ds.listClientsideFunctions_smk_check_results" name="check_results"/>
    <testcase time="0.00300000000015643" classname="ds.listClientsideFunctions_smk_check_results" name="check_results"/>
    <testcase time="0.00199999999995271" classname="ds.listClientsideFunctions_smk_check_results" name="check_results"/>
    <testcase time="0.00299999999970169" classname="ds.listClientsideFunctions_smk_check_results" name="check_results"/>
    <testcase time="0.00300000000015643" classname="ds.listClientsideFunctions_smk_check_results" name="check_results"/>
    <testcase time="0.00199999999995271" classname="ds.listClientsideFunctions_smk_check_results" name="check_results"/>
    <testcase time="0.00300000000015643" classname="ds.listClientsideFunctions_smk_check_results" name="check_results"/>
    <testcase time="0.00999999999976353" classname="ds.listClientsideFunctions_smk_check_results" name="check_results"/>
    <testcase time="0.00199999999995271" classname="ds.listClientsideFunctions_smk_check_results" name="check_results"/>
    <testcase time="0.00300000000015643" classname="ds.listClientsideFunctions_smk_check_results" name="check_results"/>
    <testcase time="0.00300000000015643" classname="ds.listClientsideFunctions_smk_check_results" name="check_results"/>
    <testcase time="0.00199999999995271" classname="ds.listClientsideFunctions_smk_check_results" name="check_results"/>
    <testcase time="0.00299999999970169" classname="ds.listClientsideFunctions_smk_check_results" name="check_results"/>
    <testcase time="0.00200000000040745" classname="ds.listClientsideFunctions_smk_check_results" name="check_results"/>
    <testcase time="0.00199999999995271" classname="ds.listClientsideFunctions_smk_check_results" name="check_results"/>
    <testcase time="0.00300000000015643" classname="ds.listClientsideFunctions_smk_check_results" name="check_results"/>
    <testcase time="0.00299999999970169" classname="ds.listClientsideFunctions_smk_check_results" name="check_results"/>
    <testcase time="0.00200000000040745" classname="ds.listClientsideFunctions_smk_check_results" name="check_results"/>
    <testcase time="0.00299999999970169" classname="ds.listClientsideFunctions_smk_check_results" name="check_results"/>
    <testcase time="0.00199999999995271" classname="ds.listClientsideFunctions_smk_check_results" name="check_results"/>
    <testcase time="0.00300000000015643" classname="ds.listClientsideFunctions_smk_check_results" name="check_results"/>
    <testcase time="0.00300000000015643" classname="ds.listClientsideFunctions_smk_check_results" name="check_results"/>
    <testcase time="0.00199999999995271" classname="ds.listClientsideFunctions_smk_check_results" name="check_results"/>
    <testcase time="0.00299999999970169" classname="ds.listClientsideFunctions_smk_check_results" name="check_results"/>
    <testcase time="0.00300000000015643" classname="ds.listClientsideFunctions_smk_check_results" name="check_results"/>
    <testcase time="0.00199999999995271" classname="ds.listClientsideFunctions_smk_check_results" name="check_results"/>
    <testcase time="0.00300000000015643" classname="ds.listClientsideFunctions_smk_check_results" name="check_results"/>
    <testcase time="0.00299999999970169" classname="ds.listClientsideFunctions_smk_check_results" name="check_results"/>
    <testcase time="0.00200000000040745" classname="ds.listClientsideFunctions_smk_check_results" name="check_results"/>
    <testcase time="0.00299999999970169" classname="ds.listClientsideFunctions_smk_check_results" name="check_results"/>
    <testcase time="0.00300000000015643" classname="ds.listClientsideFunctions_smk_check_results" name="check_results"/>
    <testcase time="0.00199999999995271" classname="ds.listClientsideFunctions_smk_check_results" name="check_results"/>
    <testcase time="0.00300000000015643" classname="ds.listClientsideFunctions_smk_check_results" name="check_results"/>
    <testcase time="0.00299999999970169" classname="ds.listClientsideFunctions_smk_check_results" name="check_results"/>
    <testcase time="0.00300000000015643" classname="ds.listClientsideFunctions_smk_check_results" name="check_results"/>
    <testcase time="0.00199999999995271" classname="ds.listClientsideFunctions_smk_check_results" name="check_results"/>
    <testcase time="0.00300000000015643" classname="ds.listClientsideFunctions_smk_check_results" name="check_results"/>
    <testcase time="0.00299999999970169" classname="ds.listClientsideFunctions_smk_check_results" name="check_results"/>
    <testcase time="0.00199999999995271" classname="ds.listClientsideFunctions_smk_check_results" name="check_results"/>
    <testcase time="0.00300000000015643" classname="ds.listClientsideFunctions_smk_check_results" name="check_results"/>
    <testcase time="0.00300000000015643" classname="ds.listClientsideFunctions_smk_check_results" name="check_results"/>
    <testcase time="0.00299999999970169" classname="ds.listClientsideFunctions_smk_check_results" name="check_results"/>
    <testcase time="0.00200000000040745" classname="ds.listClientsideFunctions_smk_check_results" name="check_results"/>
    <testcase time="0.00299999999970169" classname="ds.listClientsideFunctions_smk_check_results" name="check_results"/>
    <testcase time="0.00300000000015643" classname="ds.listClientsideFunctions_smk_check_results" name="check_results"/>
    <testcase time="0.00300000000015643" classname="ds.listClientsideFunctions_smk_check_results" name="check_results"/>
    <testcase time="0.00199999999995271" classname="ds.listClientsideFunctions_smk_check_results" name="check_results"/>
    <testcase time="0.00299999999970169" classname="ds.listClientsideFunctions_smk_check_results" name="check_results"/>
    <testcase time="0.00300000000015643" classname="ds.listClientsideFunctions_smk_check_results" name="check_results"/>
    <testcase time="0.00300000000015643" classname="ds.listClientsideFunctions_smk_check_results" name="check_results"/>
    <testcase time="0.00199999999995271" classname="ds.listClientsideFunctions_smk_check_results" name="check_results"/>
    <testcase time="0.00299999999970169" classname="ds.listClientsideFunctions_smk_check_results" name="check_results"/>
    <testcase time="0.00300000000015643" classname="ds.listClientsideFunctions_smk_check_results" name="check_results"/>
    <testcase time="0.00300000000015643" classname="ds.listClientsideFunctions_smk_check_results" name="check_results"/>
    <testcase time="0.00299999999970169" classname="ds.listClientsideFunctions_smk_check_results" name="check_results"/>
    <testcase time="0.00300000000015643" classname="ds.listClientsideFunctions_smk_check_results" name="check_results"/>
    <testcase time="0.00199999999995271" classname="ds.listClientsideFunctions_smk_check_results" name="check_results"/>
    <testcase time="0.00300000000015643" classname="ds.listClientsideFunctions_smk_check_results" name="check_results"/>
    <testcase time="0.00299999999970169" classname="ds.listClientsideFunctions_smk_check_results" name="check_results"/>
    <testcase time="0.00300000000015643" classname="ds.listClientsideFunctions_smk_check_results" name="check_results"/>
    <testcase time="0.00199999999995271" classname="ds.listClientsideFunctions_smk_check_results" name="check_results"/>
    <testcase time="0.00300000000015643" classname="ds.listClientsideFunctions_smk_check_results" name="check_results"/>
    <testcase time="0.00299999999970169" classname="ds.listClientsideFunctions_smk_check_results" name="check_results"/>
    <testcase time="0.00300000000015643" classname="ds.listClientsideFunctions_smk_check_results" name="check_results"/>
    <testcase time="0.00300000000015643" classname="ds.listClientsideFunctions_smk_check_results" name="check_results"/>
    <testcase time="0.00299999999970169" classname="ds.listClientsideFunctions_smk_check_results" name="check_results"/>
    <testcase time="0.00200000000040745" classname="ds.listClientsideFunctions_smk_check_results" name="check_results"/>
    <testcase time="0.00299999999970169" classname="ds.listClientsideFunctions_smk_check_results" name="check_results"/>
    <testcase time="0.00300000000015643" classname="ds.listClientsideFunctions_smk_check_results" name="check_results"/>
    <testcase time="0.00300000000015643" classname="ds.listClientsideFunctions_smk_check_results" name="check_results"/>
    <testcase time="0.01299999999992" classname="ds.listClientsideFunctions_smk_check_results" name="check_results"/>
    <testcase time="0.00299999999970169" classname="ds.listClientsideFunctions_smk_check_results" name="check_results"/>
    <testcase time="0.00199999999995271" classname="ds.listClientsideFunctions_smk_check_results" name="check_results"/>
    <testcase time="0.00300000000015643" classname="ds.listClientsideFunctions_smk_check_results" name="check_results"/>
    <testcase time="0.00299999999970169" classname="ds.listClientsideFunctions_smk_check_results" name="check_results"/>
    <testcase time="0.00300000000015643" classname="ds.listClientsideFunctions_smk_check_results" name="check_results"/>
    <testcase time="0.00300000000015643" classname="ds.listClientsideFunctions_smk_check_results" name="check_results"/>
    <testcase time="0.00299999999970169" classname="ds.listClientsideFunctions_smk_check_results" name="check_results"/>
    <testcase time="0.00300000000015643" classname="ds.listClientsideFunctions_smk_check_results" name="check_results"/>
    <testcase time="0.00300000000015643" classname="ds.listClientsideFunctions_smk_check_results" name="check_results"/>
    <testcase time="0.00199999999995271" classname="ds.listClientsideFunctions_smk_check_results" name="check_results"/>
    <testcase time="0.00299999999970169" classname="ds.listClientsideFunctions_smk_check_results" name="check_results"/>
    <testcase time="0.00300000000015643" classname="ds.listClientsideFunctions_smk_check_results" name="check_results"/>
    <testcase time="0.00300000000015643" classname="ds.listClientsideFunctions_smk_check_results" name="check_results"/>
    <testcase time="0.00299999999970169" classname="ds.listClientsideFunctions_smk_check_results" name="check_results"/>
    <testcase time="0.00300000000015643" classname="ds.listClientsideFunctions_smk_check_results" name="check_results"/>
    <testcase time="0.00300000000015643" classname="ds.listClientsideFunctions_smk_check_results" name="check_results"/>
  </testsuite>
  <testsuite name="ds.listClientsideFunctions::smk::shutdown" timestamp="2025-10-28T12:55:06Z" hostname="runnervmwhb2z" tests="3" skipped="0" failures="0" errors="0" time="0.049">
    <testcase time="0.0470000000000255" classname="ds.listClientsideFunctions_smk_shutdown" name="shutdown"/>
    <testcase time="0.000999999999748979" classname="ds.listClientsideFunctions_smk_shutdown" name="shutdown"/>
    <testcase time="0.00100000000020373" classname="ds.listClientsideFunctions_smk_shutdown" name="shutdown"/>
  </testsuite>
  <testsuite name="ds.listClientsideFunctions::smk::done" timestamp="2025-10-28T12:55:07Z" hostname="runnervmwhb2z" tests="0" skipped="0" failures="0" errors="0" time="0"/>
  <testsuite name="smk-ds.listDisclosureSettings" timestamp="2025-10-28T12:55:07Z" hostname="runnervmwhb2z" tests="0" skipped="0" failures="0" errors="0" time="0"/>
  <testsuite name="ds.listDisclosureSettings::smk::setup" timestamp="2025-10-28T12:55:07Z" hostname="runnervmwhb2z" tests="3" skipped="0" failures="0" errors="0" time="7.32">
    <testcase time="7.31700000000001" classname="ds.listDisclosureSettings_smk_setup" name="setup"/>
    <testcase time="0.00199999999995271" classname="ds.listDisclosureSettings_smk_setup" name="setup"/>
    <testcase time="0.000999999999748979" classname="ds.listDisclosureSettings_smk_setup" name="setup"/>
  </testsuite>
  <testsuite name="ds.listDisclosureSettings::smk::check results" timestamp="2025-10-28T12:55:14Z" hostname="runnervmwhb2z" tests="37" skipped="0" failures="0" errors="0" time="0.089">
    <testcase time="0.0440000000003238" classname="ds.listDisclosureSettings_smk_check_results" name="check_results"/>
    <testcase time="0.00199999999995271" classname="ds.listDisclosureSettings_smk_check_results" name="check_results"/>
    <testcase time="0.000999999999748979" classname="ds.listDisclosureSettings_smk_check_results" name="check_results"/>
    <testcase time="0.00100000000020373" classname="ds.listDisclosureSettings_smk_check_results" name="check_results"/>
    <testcase time="0.000999999999748979" classname="ds.listDisclosureSettings_smk_check_results" name="check_results"/>
    <testcase time="0.00199999999995271" classname="ds.listDisclosureSettings_smk_check_results" name="check_results"/>
    <testcase time="0.00100000000020373" classname="ds.listDisclosureSettings_smk_check_results" name="check_results"/>
    <testcase time="0.00100000000020373" classname="ds.listDisclosureSettings_smk_check_results" name="check_results"/>
    <testcase time="0.000999999999748979" classname="ds.listDisclosureSettings_smk_check_results" name="check_results"/>
    <testcase time="0.00199999999995271" classname="ds.listDisclosureSettings_smk_check_results" name="check_results"/>
    <testcase time="0.00100000000020373" classname="ds.listDisclosureSettings_smk_check_results" name="check_results"/>
    <testcase time="0.000999999999748979" classname="ds.listDisclosureSettings_smk_check_results" name="check_results"/>
    <testcase time="0.00100000000020373" classname="ds.listDisclosureSettings_smk_check_results" name="check_results"/>
    <testcase time="0.00199999999995271" classname="ds.listDisclosureSettings_smk_check_results" name="check_results"/>
    <testcase time="0.00100000000020373" classname="ds.listDisclosureSettings_smk_check_results" name="check_results"/>
    <testcase time="0.000999999999748979" classname="ds.listDisclosureSettings_smk_check_results" name="check_results"/>
    <testcase time="0.00100000000020373" classname="ds.listDisclosureSettings_smk_check_results" name="check_results"/>
    <testcase time="0.000999999999748979" classname="ds.listDisclosureSettings_smk_check_results" name="check_results"/>
    <testcase time="0.00199999999995271" classname="ds.listDisclosureSettings_smk_check_results" name="check_results"/>
    <testcase time="0.00100000000020373" classname="ds.listDisclosureSettings_smk_check_results" name="check_results"/>
    <testcase time="0.000999999999748979" classname="ds.listDisclosureSettings_smk_check_results" name="check_results"/>
    <testcase time="0.00100000000020373" classname="ds.listDisclosureSettings_smk_check_results" name="check_results"/>
    <testcase time="0.000999999999748979" classname="ds.listDisclosureSettings_smk_check_results" name="check_results"/>
    <testcase time="0.00100000000020373" classname="ds.listDisclosureSettings_smk_check_results" name="check_results"/>
    <testcase time="0.000999999999748979" classname="ds.listDisclosureSettings_smk_check_results" name="check_results"/>
    <testcase time="0.00199999999995271" classname="ds.listDisclosureSettings_smk_check_results" name="check_results"/>
    <testcase time="0.00100000000020373" classname="ds.listDisclosureSettings_smk_check_results" name="check_results"/>
    <testcase time="0.000999999999748979" classname="ds.listDisclosureSettings_smk_check_results" name="check_results"/>
    <testcase time="0.00100000000020373" classname="ds.listDisclosureSettings_smk_check_results" name="check_results"/>
    <testcase time="0.00199999999995271" classname="ds.listDisclosureSettings_smk_check_results" name="check_results"/>
    <testcase time="0.00100000000020373" classname="ds.listDisclosureSettings_smk_check_results" name="check_results"/>
    <testcase time="0.000999999999748979" classname="ds.listDisclosureSettings_smk_check_results" name="check_results"/>
    <testcase time="0.00199999999995271" classname="ds.listDisclosureSettings_smk_check_results" name="check_results"/>
    <testcase time="0.00100000000020373" classname="ds.listDisclosureSettings_smk_check_results" name="check_results"/>
    <testcase time="0.000999999999748979" classname="ds.listDisclosureSettings_smk_check_results" name="check_results"/>
    <testcase time="0.00199999999995271" classname="ds.listDisclosureSettings_smk_check_results" name="check_results"/>
    <testcase time="0.00100000000020373" classname="ds.listDisclosureSettings_smk_check_results" name="check_results"/>
  </testsuite>
  <testsuite name="ds.listDisclosureSettings::smk::shutdown" timestamp="2025-10-28T12:55:14Z" hostname="runnervmwhb2z" tests="3" skipped="0" failures="0" errors="0" time="0.056">
    <testcase time="0.0540000000000873" classname="ds.listDisclosureSettings_smk_shutdown" name="shutdown"/>
    <testcase time="0.000999999999748979" classname="ds.listDisclosureSettings_smk_shutdown" name="shutdown"/>
    <testcase time="0.00100000000020373" classname="ds.listDisclosureSettings_smk_shutdown" name="shutdown"/>
  </testsuite>
  <testsuite name="ds.listDisclosureSettings::smk::down" timestamp="2025-10-28T12:55:14Z" hostname="runnervmwhb2z" tests="0" skipped="0" failures="0" errors="0" time="0"/>
  <testsuite name="smk-ds.listServersideFunctions" timestamp="2025-10-28T12:55:14Z" hostname="runnervmwhb2z" tests="0" skipped="0" failures="0" errors="0" time="0"/>
  <testsuite name="ds.listServersideFunctions::smk::check results" timestamp="2025-10-28T12:55:21Z" hostname="runnervmwhb2z" tests="448" skipped="0" failures="0" errors="0" time="8.84">
    <testcase time="7.30000000000018" classname="ds.listServersideFunctions_smk_check_results" name="check_results"/>
    <testcase time="0.000999999999748979" classname="ds.listServersideFunctions_smk_check_results" name="check_results"/>
    <testcase time="0.00100000000020373" classname="ds.listServersideFunctions_smk_check_results" name="check_results"/>
    <testcase time="0.000999999999748979" classname="ds.listServersideFunctions_smk_check_results" name="check_results"/>
    <testcase time="0.00300000000015643" classname="ds.listServersideFunctions_smk_check_results" name="check_results"/>
    <testcase time="0.00299999999970169" classname="ds.listServersideFunctions_smk_check_results" name="check_results"/>
    <testcase time="0.00200000000040745" classname="ds.listServersideFunctions_smk_check_results" name="check_results"/>
    <testcase time="0.00299999999970169" classname="ds.listServersideFunctions_smk_check_results" name="check_results"/>
    <testcase time="0.00199999999995271" classname="ds.listServersideFunctions_smk_check_results" name="check_results"/>
    <testcase time="0.00300000000015643" classname="ds.listServersideFunctions_smk_check_results" name="check_results"/>
    <testcase time="0.00199999999995271" classname="ds.listServersideFunctions_smk_check_results" name="check_results"/>
    <testcase time="0.00300000000015643" classname="ds.listServersideFunctions_smk_check_results" name="check_results"/>
    <testcase time="0.00199999999995271" classname="ds.listServersideFunctions_smk_check_results" name="check_results"/>
    <testcase time="0.00300000000015643" classname="ds.listServersideFunctions_smk_check_results" name="check_results"/>
    <testcase time="0.00299999999970169" classname="ds.listServersideFunctions_smk_check_results" name="check_results"/>
    <testcase time="0.00199999999995271" classname="ds.listServersideFunctions_smk_check_results" name="check_results"/>
    <testcase time="0.00300000000015643" classname="ds.listServersideFunctions_smk_check_results" name="check_results"/>
    <testcase time="0.00199999999995271" classname="ds.listServersideFunctions_smk_check_results" name="check_results"/>
    <testcase time="0.00300000000015643" classname="ds.listServersideFunctions_smk_check_results" name="check_results"/>
    <testcase time="0.00199999999995271" classname="ds.listServersideFunctions_smk_check_results" name="check_results"/>
    <testcase time="0.00299999999970169" classname="ds.listServersideFunctions_smk_check_results" name="check_results"/>
    <testcase time="0.00300000000015643" classname="ds.listServersideFunctions_smk_check_results" name="check_results"/>
    <testcase time="0.00199999999995271" classname="ds.listServersideFunctions_smk_check_results" name="check_results"/>
    <testcase time="0.00300000000015643" classname="ds.listServersideFunctions_smk_check_results" name="check_results"/>
    <testcase time="0.00199999999995271" classname="ds.listServersideFunctions_smk_check_results" name="check_results"/>
    <testcase time="0.00300000000015643" classname="ds.listServersideFunctions_smk_check_results" name="check_results"/>
    <testcase time="0.00299999999970169" classname="ds.listServersideFunctions_smk_check_results" name="check_results"/>
    <testcase time="0.00900000000001455" classname="ds.listServersideFunctions_smk_check_results" name="check_results"/>
    <testcase time="0.00300000000015643" classname="ds.listServersideFunctions_smk_check_results" name="check_results"/>
    <testcase time="0.00300000000015643" classname="ds.listServersideFunctions_smk_check_results" name="check_results"/>
    <testcase time="0.00199999999995271" classname="ds.listServersideFunctions_smk_check_results" name="check_results"/>
    <testcase time="0.00299999999970169" classname="ds.listServersideFunctions_smk_check_results" name="check_results"/>
    <testcase time="0.00300000000015643" classname="ds.listServersideFunctions_smk_check_results" name="check_results"/>
    <testcase time="0.00199999999995271" classname="ds.listServersideFunctions_smk_check_results" name="check_results"/>
    <testcase time="0.00300000000015643" classname="ds.listServersideFunctions_smk_check_results" name="check_results"/>
    <testcase time="0.00199999999995271" classname="ds.listServersideFunctions_smk_check_results" name="check_results"/>
    <testcase time="0.00300000000015643" classname="ds.listServersideFunctions_smk_check_results" name="check_results"/>
    <testcase time="0.00299999999970169" classname="ds.listServersideFunctions_smk_check_results" name="check_results"/>
    <testcase time="0.00199999999995271" classname="ds.listServersideFunctions_smk_check_results" name="check_results"/>
    <testcase time="0.00300000000015643" classname="ds.listServersideFunctions_smk_check_results" name="check_results"/>
    <testcase time="0.00300000000015643" classname="ds.listServersideFunctions_smk_check_results" name="check_results"/>
    <testcase time="0.00199999999995271" classname="ds.listServersideFunctions_smk_check_results" name="check_results"/>
    <testcase time="0.00299999999970169" classname="ds.listServersideFunctions_smk_check_results" name="check_results"/>
    <testcase time="0.00300000000015643" classname="ds.listServersideFunctions_smk_check_results" name="check_results"/>
    <testcase time="0.00199999999995271" classname="ds.listServersideFunctions_smk_check_results" name="check_results"/>
    <testcase time="0.00300000000015643" classname="ds.listServersideFunctions_smk_check_results" name="check_results"/>
    <testcase time="0.00199999999995271" classname="ds.listServersideFunctions_smk_check_results" name="check_results"/>
    <testcase time="0.00300000000015643" classname="ds.listServersideFunctions_smk_check_results" name="check_results"/>
    <testcase time="0.00299999999970169" classname="ds.listServersideFunctions_smk_check_results" name="check_results"/>
    <testcase time="0.00300000000015643" classname="ds.listServersideFunctions_smk_check_results" name="check_results"/>
    <testcase time="0.00199999999995271" classname="ds.listServersideFunctions_smk_check_results" name="check_results"/>
    <testcase time="0.00300000000015643" classname="ds.listServersideFunctions_smk_check_results" name="check_results"/>
    <testcase time="0.00299999999970169" classname="ds.listServersideFunctions_smk_check_results" name="check_results"/>
    <testcase time="0.00199999999995271" classname="ds.listServersideFunctions_smk_check_results" name="check_results"/>
    <testcase time="0.00300000000015643" classname="ds.listServersideFunctions_smk_check_results" name="check_results"/>
    <testcase time="0.00300000000015643" classname="ds.listServersideFunctions_smk_check_results" name="check_results"/>
    <testcase time="0.00299999999970169" classname="ds.listServersideFunctions_smk_check_results" name="check_results"/>
    <testcase time="0.00199999999995271" classname="ds.listServersideFunctions_smk_check_results" name="check_results"/>
    <testcase time="0.00300000000015643" classname="ds.listServersideFunctions_smk_check_results" name="check_results"/>
    <testcase time="0.00300000000015643" classname="ds.listServersideFunctions_smk_check_results" name="check_results"/>
    <testcase time="0.00199999999995271" classname="ds.listServersideFunctions_smk_check_results" name="check_results"/>
    <testcase time="0.00299999999970169" classname="ds.listServersideFunctions_smk_check_results" name="check_results"/>
    <testcase time="0.00300000000015643" classname="ds.listServersideFunctions_smk_check_results" name="check_results"/>
    <testcase time="0.00300000000015643" classname="ds.listServersideFunctions_smk_check_results" name="check_results"/>
    <testcase time="0.00199999999995271" classname="ds.listServersideFunctions_smk_check_results" name="check_results"/>
    <testcase time="0.00300000000015643" classname="ds.listServersideFunctions_smk_check_results" name="check_results"/>
    <testcase time="0.00299999999970169" classname="ds.listServersideFunctions_smk_check_results" name="check_results"/>
    <testcase time="0.00199999999995271" classname="ds.listServersideFunctions_smk_check_results" name="check_results"/>
    <testcase time="0.00300000000015643" classname="ds.listServersideFunctions_smk_check_results" name="check_results"/>
    <testcase time="0.00300000000015643" classname="ds.listServersideFunctions_smk_check_results" name="check_results"/>
    <testcase time="0.00299999999970169" classname="ds.listServersideFunctions_smk_check_results" name="check_results"/>
    <testcase time="0.00199999999995271" classname="ds.listServersideFunctions_smk_check_results" name="check_results"/>
    <testcase time="0.00300000000015643" classname="ds.listServersideFunctions_smk_check_results" name="check_results"/>
    <testcase time="0.00300000000015643" classname="ds.listServersideFunctions_smk_check_results" name="check_results"/>
    <testcase time="0.00299999999970169" classname="ds.listServersideFunctions_smk_check_results" name="check_results"/>
    <testcase time="0.00199999999995271" classname="ds.listServersideFunctions_smk_check_results" name="check_results"/>
    <testcase time="0.00300000000015643" classname="ds.listServersideFunctions_smk_check_results" name="check_results"/>
    <testcase time="0.00300000000015643" classname="ds.listServersideFunctions_smk_check_results" name="check_results"/>
    <testcase time="0.00299999999970169" classname="ds.listServersideFunctions_smk_check_results" name="check_results"/>
    <testcase time="0.00200000000040745" classname="ds.listServersideFunctions_smk_check_results" name="check_results"/>
    <testcase time="0.00199999999995271" classname="ds.listServersideFunctions_smk_check_results" name="check_results"/>
    <testcase time="0.00300000000015643" classname="ds.listServersideFunctions_smk_check_results" name="check_results"/>
    <testcase time="0.00300000000015643" classname="ds.listServersideFunctions_smk_check_results" name="check_results"/>
    <testcase time="0.00299999999970169" classname="ds.listServersideFunctions_smk_check_results" name="check_results"/>
    <testcase time="0.00199999999995271" classname="ds.listServersideFunctions_smk_check_results" name="check_results"/>
    <testcase time="0.00300000000015643" classname="ds.listServersideFunctions_smk_check_results" name="check_results"/>
    <testcase time="0.00300000000015643" classname="ds.listServersideFunctions_smk_check_results" name="check_results"/>
    <testcase time="0.00299999999970169" classname="ds.listServersideFunctions_smk_check_results" name="check_results"/>
    <testcase time="0.00300000000015643" classname="ds.listServersideFunctions_smk_check_results" name="check_results"/>
    <testcase time="0.00300000000015643" classname="ds.listServersideFunctions_smk_check_results" name="check_results"/>
    <testcase time="0.00299999999970169" classname="ds.listServersideFunctions_smk_check_results" name="check_results"/>
    <testcase time="0.00900000000001455" classname="ds.listServersideFunctions_smk_check_results" name="check_results"/>
    <testcase time="0.00300000000015643" classname="ds.listServersideFunctions_smk_check_results" name="check_results"/>
    <testcase time="0.00299999999970169" classname="ds.listServersideFunctions_smk_check_results" name="check_results"/>
    <testcase time="0.00300000000015643" classname="ds.listServersideFunctions_smk_check_results" name="check_results"/>
    <testcase time="0.00300000000015643" classname="ds.listServersideFunctions_smk_check_results" name="check_results"/>
    <testcase time="0.00299999999970169" classname="ds.listServersideFunctions_smk_check_results" name="check_results"/>
    <testcase time="0.00200000000040745" classname="ds.listServersideFunctions_smk_check_results" name="check_results"/>
    <testcase time="0.00299999999970169" classname="ds.listServersideFunctions_smk_check_results" name="check_results"/>
    <testcase time="0.00300000000015643" classname="ds.listServersideFunctions_smk_check_results" name="check_results"/>
    <testcase time="0.00300000000015643" classname="ds.listServersideFunctions_smk_check_results" name="check_results"/>
    <testcase time="0.00299999999970169" classname="ds.listServersideFunctions_smk_check_results" name="check_results"/>
    <testcase time="0.00300000000015643" classname="ds.listServersideFunctions_smk_check_results" name="check_results"/>
    <testcase time="0.00199999999995271" classname="ds.listServersideFunctions_smk_check_results" name="check_results"/>
    <testcase time="0.00300000000015643" classname="ds.listServersideFunctions_smk_check_results" name="check_results"/>
    <testcase time="0.00299999999970169" classname="ds.listServersideFunctions_smk_check_results" name="check_results"/>
    <testcase time="0.00300000000015643" classname="ds.listServersideFunctions_smk_check_results" name="check_results"/>
    <testcase time="0.00300000000015643" classname="ds.listServersideFunctions_smk_check_results" name="check_results"/>
    <testcase time="0.00299999999970169" classname="ds.listServersideFunctions_smk_check_results" name="check_results"/>
    <testcase time="0.00300000000015643" classname="ds.listServersideFunctions_smk_check_results" name="check_results"/>
    <testcase time="0.00199999999995271" classname="ds.listServersideFunctions_smk_check_results" name="check_results"/>
    <testcase time="0.00300000000015643" classname="ds.listServersideFunctions_smk_check_results" name="check_results"/>
    <testcase time="0.00299999999970169" classname="ds.listServersideFunctions_smk_check_results" name="check_results"/>
    <testcase time="0.00300000000015643" classname="ds.listServersideFunctions_smk_check_results" name="check_results"/>
    <testcase time="0.00300000000015643" classname="ds.listServersideFunctions_smk_check_results" name="check_results"/>
    <testcase time="0.00299999999970169" classname="ds.listServersideFunctions_smk_check_results" name="check_results"/>
    <testcase time="0.00300000000015643" classname="ds.listServersideFunctions_smk_check_results" name="check_results"/>
    <testcase time="0.00300000000015643" classname="ds.listServersideFunctions_smk_check_results" name="check_results"/>
    <testcase time="0.00299999999970169" classname="ds.listServersideFunctions_smk_check_results" name="check_results"/>
    <testcase time="0.00300000000015643" classname="ds.listServersideFunctions_smk_check_results" name="check_results"/>
    <testcase time="0.00300000000015643" classname="ds.listServersideFunctions_smk_check_results" name="check_results"/>
    <testcase time="0.00299999999970169" classname="ds.listServersideFunctions_smk_check_results" name="check_results"/>
    <testcase time="0.00300000000015643" classname="ds.listServersideFunctions_smk_check_results" name="check_results"/>
    <testcase time="0.00300000000015643" classname="ds.listServersideFunctions_smk_check_results" name="check_results"/>
    <testcase time="0.00299999999970169" classname="ds.listServersideFunctions_smk_check_results" name="check_results"/>
    <testcase time="0.00300000000015643" classname="ds.listServersideFunctions_smk_check_results" name="check_results"/>
    <testcase time="0.00199999999995271" classname="ds.listServersideFunctions_smk_check_results" name="check_results"/>
    <testcase time="0.00300000000015643" classname="ds.listServersideFunctions_smk_check_results" name="check_results"/>
    <testcase time="0.00299999999970169" classname="ds.listServersideFunctions_smk_check_results" name="check_results"/>
    <testcase time="0.00300000000015643" classname="ds.listServersideFunctions_smk_check_results" name="check_results"/>
    <testcase time="0.00300000000015643" classname="ds.listServersideFunctions_smk_check_results" name="check_results"/>
    <testcase time="0.00299999999970169" classname="ds.listServersideFunctions_smk_check_results" name="check_results"/>
    <testcase time="0.00300000000015643" classname="ds.listServersideFunctions_smk_check_results" name="check_results"/>
    <testcase time="0.00300000000015643" classname="ds.listServersideFunctions_smk_check_results" name="check_results"/>
    <testcase time="0.00299999999970169" classname="ds.listServersideFunctions_smk_check_results" name="check_results"/>
    <testcase time="0.00300000000015643" classname="ds.listServersideFunctions_smk_check_results" name="check_results"/>
    <testcase time="0.00299999999970169" classname="ds.listServersideFunctions_smk_check_results" name="check_results"/>
    <testcase time="0.00300000000015643" classname="ds.listServersideFunctions_smk_check_results" name="check_results"/>
    <testcase time="0.00300000000015643" classname="ds.listServersideFunctions_smk_check_results" name="check_results"/>
    <testcase time="0.00299999999970169" classname="ds.listServersideFunctions_smk_check_results" name="check_results"/>
    <testcase time="0.00300000000015643" classname="ds.listServersideFunctions_smk_check_results" name="check_results"/>
    <testcase time="0.00300000000015643" classname="ds.listServersideFunctions_smk_check_results" name="check_results"/>
    <testcase time="0.00299999999970169" classname="ds.listServersideFunctions_smk_check_results" name="check_results"/>
    <testcase time="0.00300000000015643" classname="ds.listServersideFunctions_smk_check_results" name="check_results"/>
    <testcase time="0.00300000000015643" classname="ds.listServersideFunctions_smk_check_results" name="check_results"/>
    <testcase time="0.00299999999970169" classname="ds.listServersideFunctions_smk_check_results" name="check_results"/>
    <testcase time="0.00300000000015643" classname="ds.listServersideFunctions_smk_check_results" name="check_results"/>
    <testcase time="0.0100000000002183" classname="ds.listServersideFunctions_smk_check_results" name="check_results"/>
    <testcase time="0.00299999999970169" classname="ds.listServersideFunctions_smk_check_results" name="check_results"/>
    <testcase time="0.00300000000015643" classname="ds.listServersideFunctions_smk_check_results" name="check_results"/>
    <testcase time="0.00300000000015643" classname="ds.listServersideFunctions_smk_check_results" name="check_results"/>
    <testcase time="0.00299999999970169" classname="ds.listServersideFunctions_smk_check_results" name="check_results"/>
    <testcase time="0.00300000000015643" classname="ds.listServersideFunctions_smk_check_results" name="check_results"/>
    <testcase time="0.00299999999970169" classname="ds.listServersideFunctions_smk_check_results" name="check_results"/>
    <testcase time="0.00300000000015643" classname="ds.listServersideFunctions_smk_check_results" name="check_results"/>
    <testcase time="0.00300000000015643" classname="ds.listServersideFunctions_smk_check_results" name="check_results"/>
    <testcase time="0.00299999999970169" classname="ds.listServersideFunctions_smk_check_results" name="check_results"/>
    <testcase time="0.00300000000015643" classname="ds.listServersideFunctions_smk_check_results" name="check_results"/>
    <testcase time="0.00399999999990541" classname="ds.listServersideFunctions_smk_check_results" name="check_results"/>
    <testcase time="0.00300000000015643" classname="ds.listServersideFunctions_smk_check_results" name="check_results"/>
    <testcase time="0.00300000000015643" classname="ds.listServersideFunctions_smk_check_results" name="check_results"/>
    <testcase time="0.00299999999970169" classname="ds.listServersideFunctions_smk_check_results" name="check_results"/>
    <testcase time="0.00300000000015643" classname="ds.listServersideFunctions_smk_check_results" name="check_results"/>
    <testcase time="0.00300000000015643" classname="ds.listServersideFunctions_smk_check_results" name="check_results"/>
    <testcase time="0.00299999999970169" classname="ds.listServersideFunctions_smk_check_results" name="check_results"/>
    <testcase time="0.00300000000015643" classname="ds.listServersideFunctions_smk_check_results" name="check_results"/>
    <testcase time="0.00300000000015643" classname="ds.listServersideFunctions_smk_check_results" name="check_results"/>
    <testcase time="0.00299999999970169" classname="ds.listServersideFunctions_smk_check_results" name="check_results"/>
    <testcase time="0.00300000000015643" classname="ds.listServersideFunctions_smk_check_results" name="check_results"/>
    <testcase time="0.00300000000015643" classname="ds.listServersideFunctions_smk_check_results" name="check_results"/>
    <testcase time="0.00399999999990541" classname="ds.listServersideFunctions_smk_check_results" name="check_results"/>
    <testcase time="0.00299999999970169" classname="ds.listServersideFunctions_smk_check_results" name="check_results"/>
    <testcase time="0.00300000000015643" classname="ds.listServersideFunctions_smk_check_results" name="check_results"/>
    <testcase time="0.00300000000015643" classname="ds.listServersideFunctions_smk_check_results" name="check_results"/>
    <testcase time="0.00299999999970169" classname="ds.listServersideFunctions_smk_check_results" name="check_results"/>
    <testcase time="0.00300000000015643" classname="ds.listServersideFunctions_smk_check_results" name="check_results"/>
    <testcase time="0.00300000000015643" classname="ds.listServersideFunctions_smk_check_results" name="check_results"/>
    <testcase time="0.00299999999970169" classname="ds.listServersideFunctions_smk_check_results" name="check_results"/>
    <testcase time="0.00400000000036016" classname="ds.listServersideFunctions_smk_check_results" name="check_results"/>
    <testcase time="0.00299999999970169" classname="ds.listServersideFunctions_smk_check_results" name="check_results"/>
    <testcase time="0.00300000000015643" classname="ds.listServersideFunctions_smk_check_results" name="check_results"/>
    <testcase time="0.00300000000015643" classname="ds.listServersideFunctions_smk_check_results" name="check_results"/>
    <testcase time="0.00299999999970169" classname="ds.listServersideFunctions_smk_check_results" name="check_results"/>
    <testcase time="0.00300000000015643" classname="ds.listServersideFunctions_smk_check_results" name="check_results"/>
    <testcase time="0.00299999999970169" classname="ds.listServersideFunctions_smk_check_results" name="check_results"/>
    <testcase time="0.00400000000036016" classname="ds.listServersideFunctions_smk_check_results" name="check_results"/>
    <testcase time="0.00299999999970169" classname="ds.listServersideFunctions_smk_check_results" name="check_results"/>
    <testcase time="0.00300000000015643" classname="ds.listServersideFunctions_smk_check_results" name="check_results"/>
    <testcase time="0.00300000000015643" classname="ds.listServersideFunctions_smk_check_results" name="check_results"/>
    <testcase time="0.00299999999970169" classname="ds.listServersideFunctions_smk_check_results" name="check_results"/>
    <testcase time="0.00400000000036016" classname="ds.listServersideFunctions_smk_check_results" name="check_results"/>
    <testcase time="0.00299999999970169" classname="ds.listServersideFunctions_smk_check_results" name="check_results"/>
    <testcase time="0.00300000000015643" classname="ds.listServersideFunctions_smk_check_results" name="check_results"/>
    <testcase time="0.00299999999970169" classname="ds.listServersideFunctions_smk_check_results" name="check_results"/>
    <testcase time="0.00400000000036016" classname="ds.listServersideFunctions_smk_check_results" name="check_results"/>
    <testcase time="0.00299999999970169" classname="ds.listServersideFunctions_smk_check_results" name="check_results"/>
    <testcase time="0.00300000000015643" classname="ds.listServersideFunctions_smk_check_results" name="check_results"/>
    <testcase time="0.00300000000015643" classname="ds.listServersideFunctions_smk_check_results" name="check_results"/>
    <testcase time="0.00999999999976353" classname="ds.listServersideFunctions_smk_check_results" name="check_results"/>
    <testcase time="0.00300000000015643" classname="ds.listServersideFunctions_smk_check_results" name="check_results"/>
    <testcase time="0.00399999999990541" classname="ds.listServersideFunctions_smk_check_results" name="check_results"/>
    <testcase time="0.00300000000015643" classname="ds.listServersideFunctions_smk_check_results" name="check_results"/>
    <testcase time="0.00299999999970169" classname="ds.listServersideFunctions_smk_check_results" name="check_results"/>
    <testcase time="0.00300000000015643" classname="ds.listServersideFunctions_smk_check_results" name="check_results"/>
    <testcase time="0.00399999999990541" classname="ds.listServersideFunctions_smk_check_results" name="check_results"/>
    <testcase time="0.00300000000015643" classname="ds.listServersideFunctions_smk_check_results" name="check_results"/>
    <testcase time="0.00300000000015643" classname="ds.listServersideFunctions_smk_check_results" name="check_results"/>
    <testcase time="0.00299999999970169" classname="ds.listServersideFunctions_smk_check_results" name="check_results"/>
    <testcase time="0.00300000000015643" classname="ds.listServersideFunctions_smk_check_results" name="check_results"/>
    <testcase time="0.00399999999990541" classname="ds.listServersideFunctions_smk_check_results" name="check_results"/>
    <testcase time="0.00300000000015643" classname="ds.listServersideFunctions_smk_check_results" name="check_results"/>
    <testcase time="0.00299999999970169" classname="ds.listServersideFunctions_smk_check_results" name="check_results"/>
    <testcase time="0.00300000000015643" classname="ds.listServersideFunctions_smk_check_results" name="check_results"/>
    <testcase time="0.00399999999990541" classname="ds.listServersideFunctions_smk_check_results" name="check_results"/>
    <testcase time="0.00300000000015643" classname="ds.listServersideFunctions_smk_check_results" name="check_results"/>
    <testcase time="0.00300000000015643" classname="ds.listServersideFunctions_smk_check_results" name="check_results"/>
    <testcase time="0.00399999999990541" classname="ds.listServersideFunctions_smk_check_results" name="check_results"/>
    <testcase time="0.00299999999970169" classname="ds.listServersideFunctions_smk_check_results" name="check_results"/>
    <testcase time="0.00300000000015643" classname="ds.listServersideFunctions_smk_check_results" name="check_results"/>
    <testcase time="0.00399999999990541" classname="ds.listServersideFunctions_smk_check_results" name="check_results"/>
    <testcase time="0.00300000000015643" classname="ds.listServersideFunctions_smk_check_results" name="check_results"/>
    <testcase time="0.00300000000015643" classname="ds.listServersideFunctions_smk_check_results" name="check_results"/>
    <testcase time="0.00399999999990541" classname="ds.listServersideFunctions_smk_check_results" name="check_results"/>
    <testcase time="0.00299999999970169" classname="ds.listServersideFunctions_smk_check_results" name="check_results"/>
    <testcase time="0.00300000000015643" classname="ds.listServersideFunctions_smk_check_results" name="check_results"/>
    <testcase time="0.00300000000015643" classname="ds.listServersideFunctions_smk_check_results" name="check_results"/>
    <testcase time="0.00399999999990541" classname="ds.listServersideFunctions_smk_check_results" name="check_results"/>
    <testcase time="0.00300000000015643" classname="ds.listServersideFunctions_smk_check_results" name="check_results"/>
    <testcase time="0.00399999999990541" classname="ds.listServersideFunctions_smk_check_results" name="check_results"/>
    <testcase time="0.00299999999970169" classname="ds.listServersideFunctions_smk_check_results" name="check_results"/>
    <testcase time="0.00300000000015643" classname="ds.listServersideFunctions_smk_check_results" name="check_results"/>
    <testcase time="0.00399999999990541" classname="ds.listServersideFunctions_smk_check_results" name="check_results"/>
    <testcase time="0.00300000000015643" classname="ds.listServersideFunctions_smk_check_results" name="check_results"/>
    <testcase time="0.00300000000015643" classname="ds.listServersideFunctions_smk_check_results" name="check_results"/>
    <testcase time="0.00399999999990541" classname="ds.listServersideFunctions_smk_check_results" name="check_results"/>
    <testcase time="0.00300000000015643" classname="ds.listServersideFunctions_smk_check_results" name="check_results"/>
    <testcase time="0.00299999999970169" classname="ds.listServersideFunctions_smk_check_results" name="check_results"/>
    <testcase time="0.00399999999990541" classname="ds.listServersideFunctions_smk_check_results" name="check_results"/>
    <testcase time="0.00300000000015643" classname="ds.listServersideFunctions_smk_check_results" name="check_results"/>
    <testcase time="0.00300000000015643" classname="ds.listServersideFunctions_smk_check_results" name="check_results"/>
    <testcase time="0.00399999999990541" classname="ds.listServersideFunctions_smk_check_results" name="check_results"/>
    <testcase time="0.00300000000015643" classname="ds.listServersideFunctions_smk_check_results" name="check_results"/>
    <testcase time="0.00399999999990541" classname="ds.listServersideFunctions_smk_check_results" name="check_results"/>
    <testcase time="0.00299999999970169" classname="ds.listServersideFunctions_smk_check_results" name="check_results"/>
    <testcase time="0.0100000000002183" classname="ds.listServersideFunctions_smk_check_results" name="check_results"/>
    <testcase time="0.00399999999990541" classname="ds.listServersideFunctions_smk_check_results" name="check_results"/>
    <testcase time="0.00300000000015643" classname="ds.listServersideFunctions_smk_check_results" name="check_results"/>
    <testcase time="0.00299999999970169" classname="ds.listServersideFunctions_smk_check_results" name="check_results"/>
    <testcase time="0.00400000000036016" classname="ds.listServersideFunctions_smk_check_results" name="check_results"/>
    <testcase time="0.00299999999970169" classname="ds.listServersideFunctions_smk_check_results" name="check_results"/>
    <testcase time="0.00400000000036016" classname="ds.listServersideFunctions_smk_check_results" name="check_results"/>
    <testcase time="0.00299999999970169" classname="ds.listServersideFunctions_smk_check_results" name="check_results"/>
    <testcase time="0.00300000000015643" classname="ds.listServersideFunctions_smk_check_results" name="check_results"/>
    <testcase time="0.00399999999990541" classname="ds.listServersideFunctions_smk_check_results" name="check_results"/>
    <testcase time="0.00300000000015643" classname="ds.listServersideFunctions_smk_check_results" name="check_results"/>
    <testcase time="0.00399999999990541" classname="ds.listServersideFunctions_smk_check_results" name="check_results"/>
    <testcase time="0.00300000000015643" classname="ds.listServersideFunctions_smk_check_results" name="check_results"/>
    <testcase time="0.00299999999970169" classname="ds.listServersideFunctions_smk_check_results" name="check_results"/>
    <testcase time="0.00399999999990541" classname="ds.listServersideFunctions_smk_check_results" name="check_results"/>
    <testcase time="0.00300000000015643" classname="ds.listServersideFunctions_smk_check_results" name="check_results"/>
    <testcase time="0.00399999999990541" classname="ds.listServersideFunctions_smk_check_results" name="check_results"/>
    <testcase time="0.00300000000015643" classname="ds.listServersideFunctions_smk_check_results" name="check_results"/>
    <testcase time="0.00399999999990541" classname="ds.listServersideFunctions_smk_check_results" name="check_results"/>
    <testcase time="0.00300000000015643" classname="ds.listServersideFunctions_smk_check_results" name="check_results"/>
    <testcase time="0.00399999999990541" classname="ds.listServersideFunctions_smk_check_results" name="check_results"/>
    <testcase time="0.00300000000015643" classname="ds.listServersideFunctions_smk_check_results" name="check_results"/>
    <testcase time="0.00399999999990541" classname="ds.listServersideFunctions_smk_check_results" name="check_results"/>
    <testcase time="0.00300000000015643" classname="ds.listServersideFunctions_smk_check_results" name="check_results"/>
    <testcase time="0.00399999999990541" classname="ds.listServersideFunctions_smk_check_results" name="check_results"/>
    <testcase time="0.00299999999970169" classname="ds.listServersideFunctions_smk_check_results" name="check_results"/>
    <testcase time="0.00300000000015643" classname="ds.listServersideFunctions_smk_check_results" name="check_results"/>
    <testcase time="0.00399999999990541" classname="ds.listServersideFunctions_smk_check_results" name="check_results"/>
    <testcase time="0.00300000000015643" classname="ds.listServersideFunctions_smk_check_results" name="check_results"/>
    <testcase time="0.00399999999990541" classname="ds.listServersideFunctions_smk_check_results" name="check_results"/>
    <testcase time="0.00300000000015643" classname="ds.listServersideFunctions_smk_check_results" name="check_results"/>
    <testcase time="0.00399999999990541" classname="ds.listServersideFunctions_smk_check_results" name="check_results"/>
    <testcase time="0.00399999999990541" classname="ds.listServersideFunctions_smk_check_results" name="check_results"/>
    <testcase time="0.00300000000015643" classname="ds.listServersideFunctions_smk_check_results" name="check_results"/>
    <testcase time="0.00300000000015643" classname="ds.listServersideFunctions_smk_check_results" name="check_results"/>
    <testcase time="0.00399999999990541" classname="ds.listServersideFunctions_smk_check_results" name="check_results"/>
    <testcase time="0.00299999999970169" classname="ds.listServersideFunctions_smk_check_results" name="check_results"/>
    <testcase time="0.00400000000036016" classname="ds.listServersideFunctions_smk_check_results" name="check_results"/>
    <testcase time="0.00299999999970169" classname="ds.listServersideFunctions_smk_check_results" name="check_results"/>
    <testcase time="0.00399999999990541" classname="ds.listServersideFunctions_smk_check_results" name="check_results"/>
    <testcase time="0.00400000000036016" classname="ds.listServersideFunctions_smk_check_results" name="check_results"/>
    <testcase time="0.00299999999970169" classname="ds.listServersideFunctions_smk_check_results" name="check_results"/>
    <testcase time="0.00400000000036016" classname="ds.listServersideFunctions_smk_check_results" name="check_results"/>
    <testcase time="0.00999999999976353" classname="ds.listServersideFunctions_smk_check_results" name="check_results"/>
    <testcase time="0.00300000000015643" classname="ds.listServersideFunctions_smk_check_results" name="check_results"/>
    <testcase time="0.00399999999990541" classname="ds.listServersideFunctions_smk_check_results" name="check_results"/>
    <testcase time="0.00300000000015643" classname="ds.listServersideFunctions_smk_check_results" name="check_results"/>
    <testcase time="0.00399999999990541" classname="ds.listServersideFunctions_smk_check_results" name="check_results"/>
    <testcase time="0.00299999999970169" classname="ds.listServersideFunctions_smk_check_results" name="check_results"/>
    <testcase time="0.00400000000036016" classname="ds.listServersideFunctions_smk_check_results" name="check_results"/>
    <testcase time="0.00299999999970169" classname="ds.listServersideFunctions_smk_check_results" name="check_results"/>
    <testcase time="0.00400000000036016" classname="ds.listServersideFunctions_smk_check_results" name="check_results"/>
    <testcase time="0.00399999999990541" classname="ds.listServersideFunctions_smk_check_results" name="check_results"/>
    <testcase time="0.00299999999970169" classname="ds.listServersideFunctions_smk_check_results" name="check_results"/>
    <testcase time="0.00400000000036016" classname="ds.listServersideFunctions_smk_check_results" name="check_results"/>
    <testcase time="0.00299999999970169" classname="ds.listServersideFunctions_smk_check_results" name="check_results"/>
    <testcase time="0.00399999999990541" classname="ds.listServersideFunctions_smk_check_results" name="check_results"/>
    <testcase time="0.00300000000015643" classname="ds.listServersideFunctions_smk_check_results" name="check_results"/>
    <testcase time="0.00399999999990541" classname="ds.listServersideFunctions_smk_check_results" name="check_results"/>
    <testcase time="0.00400000000036016" classname="ds.listServersideFunctions_smk_check_results" name="check_results"/>
    <testcase time="0.00299999999970169" classname="ds.listServersideFunctions_smk_check_results" name="check_results"/>
    <testcase time="0.00399999999990541" classname="ds.listServersideFunctions_smk_check_results" name="check_results"/>
    <testcase time="0.00300000000015643" classname="ds.listServersideFunctions_smk_check_results" name="check_results"/>
    <testcase time="0.00399999999990541" classname="ds.listServersideFunctions_smk_check_results" name="check_results"/>
    <testcase time="0.00300000000015643" classname="ds.listServersideFunctions_smk_check_results" name="check_results"/>
    <testcase time="0.00399999999990541" classname="ds.listServersideFunctions_smk_check_results" name="check_results"/>
    <testcase time="0.00399999999990541" classname="ds.listServersideFunctions_smk_check_results" name="check_results"/>
    <testcase time="0.00300000000015643" classname="ds.listServersideFunctions_smk_check_results" name="check_results"/>
    <testcase time="0.00399999999990541" classname="ds.listServersideFunctions_smk_check_results" name="check_results"/>
    <testcase time="0.00300000000015643" classname="ds.listServersideFunctions_smk_check_results" name="check_results"/>
    <testcase time="0.00399999999990541" classname="ds.listServersideFunctions_smk_check_results" name="check_results"/>
    <testcase time="0.00399999999990541" classname="ds.listServersideFunctions_smk_check_results" name="check_results"/>
    <testcase time="0.00300000000015643" classname="ds.listServersideFunctions_smk_check_results" name="check_results"/>
    <testcase time="0.00399999999990541" classname="ds.listServersideFunctions_smk_check_results" name="check_results"/>
    <testcase time="0.00399999999990541" classname="ds.listServersideFunctions_smk_check_results" name="check_results"/>
    <testcase time="0.00300000000015643" classname="ds.listServersideFunctions_smk_check_results" name="check_results"/>
    <testcase time="0.00399999999990541" classname="ds.listServersideFunctions_smk_check_results" name="check_results"/>
    <testcase time="0.00300000000015643" classname="ds.listServersideFunctions_smk_check_results" name="check_results"/>
    <testcase time="0.00300000000015643" classname="ds.listServersideFunctions_smk_check_results" name="check_results"/>
    <testcase time="0.00399999999990541" classname="ds.listServersideFunctions_smk_check_results" name="check_results"/>
    <testcase time="0.00399999999990541" classname="ds.listServersideFunctions_smk_check_results" name="check_results"/>
    <testcase time="0.00300000000015643" classname="ds.listServersideFunctions_smk_check_results" name="check_results"/>
    <testcase time="0.00399999999990541" classname="ds.listServersideFunctions_smk_check_results" name="check_results"/>
    <testcase time="0.0100000000002183" classname="ds.listServersideFunctions_smk_check_results" name="check_results"/>
    <testcase time="0.00399999999990541" classname="ds.listServersideFunctions_smk_check_results" name="check_results"/>
    <testcase time="0.00399999999990541" classname="ds.listServersideFunctions_smk_check_results" name="check_results"/>
    <testcase time="0.00300000000015643" classname="ds.listServersideFunctions_smk_check_results" name="check_results"/>
    <testcase time="0.00399999999990541" classname="ds.listServersideFunctions_smk_check_results" name="check_results"/>
    <testcase time="0.00399999999990541" classname="ds.listServersideFunctions_smk_check_results" name="check_results"/>
    <testcase time="0.00300000000015643" classname="ds.listServersideFunctions_smk_check_results" name="check_results"/>
    <testcase time="0.00399999999990541" classname="ds.listServersideFunctions_smk_check_results" name="check_results"/>
    <testcase time="0.00399999999990541" classname="ds.listServersideFunctions_smk_check_results" name="check_results"/>
    <testcase time="0.00300000000015643" classname="ds.listServersideFunctions_smk_check_results" name="check_results"/>
    <testcase time="0.00399999999990541" classname="ds.listServersideFunctions_smk_check_results" name="check_results"/>
    <testcase time="0.00400000000036016" classname="ds.listServersideFunctions_smk_check_results" name="check_results"/>
    <testcase time="0.00299999999970169" classname="ds.listServersideFunctions_smk_check_results" name="check_results"/>
    <testcase time="0.00399999999990541" classname="ds.listServersideFunctions_smk_check_results" name="check_results"/>
    <testcase time="0.00400000000036016" classname="ds.listServersideFunctions_smk_check_results" name="check_results"/>
    <testcase time="0.00399999999990541" classname="ds.listServersideFunctions_smk_check_results" name="check_results"/>
    <testcase time="0.00299999999970169" classname="ds.listServersideFunctions_smk_check_results" name="check_results"/>
    <testcase time="0.00400000000036016" classname="ds.listServersideFunctions_smk_check_results" name="check_results"/>
    <testcase time="0.00399999999990541" classname="ds.listServersideFunctions_smk_check_results" name="check_results"/>
    <testcase time="0.00300000000015643" classname="ds.listServersideFunctions_smk_check_results" name="check_results"/>
    <testcase time="0.00399999999990541" classname="ds.listServersideFunctions_smk_check_results" name="check_results"/>
    <testcase time="0.00399999999990541" classname="ds.listServersideFunctions_smk_check_results" name="check_results"/>
    <testcase time="0.00399999999990541" classname="ds.listServersideFunctions_smk_check_results" name="check_results"/>
    <testcase time="0.00300000000015643" classname="ds.listServersideFunctions_smk_check_results" name="check_results"/>
    <testcase time="0.00399999999990541" classname="ds.listServersideFunctions_smk_check_results" name="check_results"/>
    <testcase time="0.00399999999990541" classname="ds.listServersideFunctions_smk_check_results" name="check_results"/>
    <testcase time="0.00300000000015643" classname="ds.listServersideFunctions_smk_check_results" name="check_results"/>
    <testcase time="0.00399999999990541" classname="ds.listServersideFunctions_smk_check_results" name="check_results"/>
    <testcase time="0.00399999999990541" classname="ds.listServersideFunctions_smk_check_results" name="check_results"/>
    <testcase time="0.00399999999990541" classname="ds.listServersideFunctions_smk_check_results" name="check_results"/>
    <testcase time="0.00400000000036016" classname="ds.listServersideFunctions_smk_check_results" name="check_results"/>
    <testcase time="0.00399999999990541" classname="ds.listServersideFunctions_smk_check_results" name="check_results"/>
    <testcase time="0.00300000000015643" classname="ds.listServersideFunctions_smk_check_results" name="check_results"/>
    <testcase time="0.00399999999990541" classname="ds.listServersideFunctions_smk_check_results" name="check_results"/>
    <testcase time="0.00399999999990541" classname="ds.listServersideFunctions_smk_check_results" name="check_results"/>
    <testcase time="0.00399999999990541" classname="ds.listServersideFunctions_smk_check_results" name="check_results"/>
    <testcase time="0.00399999999990541" classname="ds.listServersideFunctions_smk_check_results" name="check_results"/>
    <testcase time="0.00400000000036016" classname="ds.listServersideFunctions_smk_check_results" name="check_results"/>
    <testcase time="0.00999999999976353" classname="ds.listServersideFunctions_smk_check_results" name="check_results"/>
    <testcase time="0.00399999999990541" classname="ds.listServersideFunctions_smk_check_results" name="check_results"/>
    <testcase time="0.00300000000015643" classname="ds.listServersideFunctions_smk_check_results" name="check_results"/>
    <testcase time="0.00399999999990541" classname="ds.listServersideFunctions_smk_check_results" name="check_results"/>
    <testcase time="0.00399999999990541" classname="ds.listServersideFunctions_smk_check_results" name="check_results"/>
    <testcase time="0.00400000000036016" classname="ds.listServersideFunctions_smk_check_results" name="check_results"/>
    <testcase time="0.00399999999990541" classname="ds.listServersideFunctions_smk_check_results" name="check_results"/>
    <testcase time="0.00299999999970169" classname="ds.listServersideFunctions_smk_check_results" name="check_results"/>
    <testcase time="0.00400000000036016" classname="ds.listServersideFunctions_smk_check_results" name="check_results"/>
    <testcase time="0.00399999999990541" classname="ds.listServersideFunctions_smk_check_results" name="check_results"/>
    <testcase time="0.00399999999990541" classname="ds.listServersideFunctions_smk_check_results" name="check_results"/>
    <testcase time="0.00399999999990541" classname="ds.listServersideFunctions_smk_check_results" name="check_results"/>
    <testcase time="0.00300000000015643" classname="ds.listServersideFunctions_smk_check_results" name="check_results"/>
    <testcase time="0.00399999999990541" classname="ds.listServersideFunctions_smk_check_results" name="check_results"/>
    <testcase time="0.00399999999990541" classname="ds.listServersideFunctions_smk_check_results" name="check_results"/>
    <testcase time="0.00400000000036016" classname="ds.listServersideFunctions_smk_check_results" name="check_results"/>
    <testcase time="0.00399999999990541" classname="ds.listServersideFunctions_smk_check_results" name="check_results"/>
    <testcase time="0.00399999999990541" classname="ds.listServersideFunctions_smk_check_results" name="check_results"/>
    <testcase time="0.00399999999990541" classname="ds.listServersideFunctions_smk_check_results" name="check_results"/>
    <testcase time="0.00399999999990541" classname="ds.listServersideFunctions_smk_check_results" name="check_results"/>
    <testcase time="0.00400000000036016" classname="ds.listServersideFunctions_smk_check_results" name="check_results"/>
    <testcase time="0.00399999999990541" classname="ds.listServersideFunctions_smk_check_results" name="check_results"/>
    <testcase time="0.00299999999970169" classname="ds.listServersideFunctions_smk_check_results" name="check_results"/>
    <testcase time="0.00400000000036016" classname="ds.listServersideFunctions_smk_check_results" name="check_results"/>
    <testcase time="0.00399999999990541" classname="ds.listServersideFunctions_smk_check_results" name="check_results"/>
    <testcase time="0.00399999999990541" classname="ds.listServersideFunctions_smk_check_results" name="check_results"/>
    <testcase time="0.00399999999990541" classname="ds.listServersideFunctions_smk_check_results" name="check_results"/>
    <testcase time="0.00400000000036016" classname="ds.listServersideFunctions_smk_check_results" name="check_results"/>
    <testcase time="0.00399999999990541" classname="ds.listServersideFunctions_smk_check_results" name="check_results"/>
    <testcase time="0.00399999999990541" classname="ds.listServersideFunctions_smk_check_results" name="check_results"/>
    <testcase time="0.00399999999990541" classname="ds.listServersideFunctions_smk_check_results" name="check_results"/>
    <testcase time="0.00399999999990541" classname="ds.listServersideFunctions_smk_check_results" name="check_results"/>
    <testcase time="0.00300000000015643" classname="ds.listServersideFunctions_smk_check_results" name="check_results"/>
    <testcase time="0.00399999999990541" classname="ds.listServersideFunctions_smk_check_results" name="check_results"/>
    <testcase time="0.00500000000010914" classname="ds.listServersideFunctions_smk_check_results" name="check_results"/>
    <testcase time="0.00399999999990541" classname="ds.listServersideFunctions_smk_check_results" name="check_results"/>
    <testcase time="0.0100000000002183" classname="ds.listServersideFunctions_smk_check_results" name="check_results"/>
    <testcase time="0.00499999999965439" classname="ds.listServersideFunctions_smk_check_results" name="check_results"/>
    <testcase time="0.00400000000036016" classname="ds.listServersideFunctions_smk_check_results" name="check_results"/>
    <testcase time="0.00399999999990541" classname="ds.listServersideFunctions_smk_check_results" name="check_results"/>
    <testcase time="0.00399999999990541" classname="ds.listServersideFunctions_smk_check_results" name="check_results"/>
    <testcase time="0.00399999999990541" classname="ds.listServersideFunctions_smk_check_results" name="check_results"/>
    <testcase time="0.00400000000036016" classname="ds.listServersideFunctions_smk_check_results" name="check_results"/>
    <testcase time="0.00399999999990541" classname="ds.listServersideFunctions_smk_check_results" name="check_results"/>
    <testcase time="0.00399999999990541" classname="ds.listServersideFunctions_smk_check_results" name="check_results"/>
    <testcase time="0.00399999999990541" classname="ds.listServersideFunctions_smk_check_results" name="check_results"/>
    <testcase time="0.00399999999990541" classname="ds.listServersideFunctions_smk_check_results" name="check_results"/>
    <testcase time="0.00400000000036016" classname="ds.listServersideFunctions_smk_check_results" name="check_results"/>
    <testcase time="0.00399999999990541" classname="ds.listServersideFunctions_smk_check_results" name="check_results"/>
    <testcase time="0.00399999999990541" classname="ds.listServersideFunctions_smk_check_results" name="check_results"/>
    <testcase time="0.00399999999990541" classname="ds.listServersideFunctions_smk_check_results" name="check_results"/>
    <testcase time="0.00399999999990541" classname="ds.listServersideFunctions_smk_check_results" name="check_results"/>
    <testcase time="0.00400000000036016" classname="ds.listServersideFunctions_smk_check_results" name="check_results"/>
    <testcase time="0.00399999999990541" classname="ds.listServersideFunctions_smk_check_results" name="check_results"/>
    <testcase time="0.00399999999990541" classname="ds.listServersideFunctions_smk_check_results" name="check_results"/>
    <testcase time="0.00300000000015643" classname="ds.listServersideFunctions_smk_check_results" name="check_results"/>
    <testcase time="0.00399999999990541" classname="ds.listServersideFunctions_smk_check_results" name="check_results"/>
    <testcase time="0.00399999999990541" classname="ds.listServersideFunctions_smk_check_results" name="check_results"/>
    <testcase time="0.00399999999990541" classname="ds.listServersideFunctions_smk_check_results" name="check_results"/>
    <testcase time="0.00399999999990541" classname="ds.listServersideFunctions_smk_check_results" name="check_results"/>
    <testcase time="0.00400000000036016" classname="ds.listServersideFunctions_smk_check_results" name="check_results"/>
    <testcase time="0.00399999999990541" classname="ds.listServersideFunctions_smk_check_results" name="check_results"/>
    <testcase time="0.00399999999990541" classname="ds.listServersideFunctions_smk_check_results" name="check_results"/>
    <testcase time="0.00399999999990541" classname="ds.listServersideFunctions_smk_check_results" name="check_results"/>
    <testcase time="0.00400000000036016" classname="ds.listServersideFunctions_smk_check_results" name="check_results"/>
    <testcase time="0.00499999999965439" classname="ds.listServersideFunctions_smk_check_results" name="check_results"/>
    <testcase time="0.00400000000036016" classname="ds.listServersideFunctions_smk_check_results" name="check_results"/>
    <testcase time="0.00399999999990541" classname="ds.listServersideFunctions_smk_check_results" name="check_results"/>
    <testcase time="0.00399999999990541" classname="ds.listServersideFunctions_smk_check_results" name="check_results"/>
    <testcase time="0.00399999999990541" classname="ds.listServersideFunctions_smk_check_results" name="check_results"/>
    <testcase time="0.00399999999990541" classname="ds.listServersideFunctions_smk_check_results" name="check_results"/>
    <testcase time="0.0109999999999673" classname="ds.listServersideFunctions_smk_check_results" name="check_results"/>
    <testcase time="0.00400000000036016" classname="ds.listServersideFunctions_smk_check_results" name="check_results"/>
    <testcase time="0.00399999999990541" classname="ds.listServersideFunctions_smk_check_results" name="check_results"/>
    <testcase time="0.00399999999990541" classname="ds.listServersideFunctions_smk_check_results" name="check_results"/>
    <testcase time="0.00399999999990541" classname="ds.listServersideFunctions_smk_check_results" name="check_results"/>
    <testcase time="0.00399999999990541" classname="ds.listServersideFunctions_smk_check_results" name="check_results"/>
    <testcase time="0.00400000000036016" classname="ds.listServersideFunctions_smk_check_results" name="check_results"/>
    <testcase time="0.00399999999990541" classname="ds.listServersideFunctions_smk_check_results" name="check_results"/>
    <testcase time="0.00399999999990541" classname="ds.listServersideFunctions_smk_check_results" name="check_results"/>
    <testcase time="0.00399999999990541" classname="ds.listServersideFunctions_smk_check_results" name="check_results"/>
    <testcase time="0.00399999999990541" classname="ds.listServersideFunctions_smk_check_results" name="check_results"/>
    <testcase time="0.00400000000036016" classname="ds.listServersideFunctions_smk_check_results" name="check_results"/>
  </testsuite>
  <testsuite name="smk-ds.lmerSLMA" timestamp="2025-10-28T12:55:23Z" hostname="runnervmwhb2z" tests="0" skipped="0" failures="0" errors="0" time="0"/>
  <testsuite name="ds.lmerSLMA::smk::setup phase 1" timestamp="2025-10-28T12:55:23Z" hostname="runnervmwhb2z" tests="3" skipped="0" failures="0" errors="0" time="7.325">
    <testcase time="7.32199999999966" classname="ds.lmerSLMA_smk_setup_phase_1" name="setup"/>
    <testcase time="0.00200000000040745" classname="ds.lmerSLMA_smk_setup_phase_1" name="setup"/>
    <testcase time="0.000999999999748979" classname="ds.lmerSLMA_smk_setup_phase_1" name="setup"/>
  </testsuite>
  <testsuite name="ds.lmerSLMA::smk::phase 1" timestamp="2025-10-28T12:55:30Z" hostname="runnervmwhb2z" tests="11" skipped="0" failures="0" errors="0" time="2.635">
    <testcase time="0.284000000000106" classname="ds.lmerSLMA_smk_phase_1" name="simple_lmerSLMA"/>
    <testcase time="0.199000000000069" classname="ds.lmerSLMA_smk_phase_1" name="alternative_formulae_for_nested_groups"/>
    <testcase time="0.203999999999724" classname="ds.lmerSLMA_smk_phase_1" name="alternative_formulae_for_nested_groups"/>
    <testcase time="0.166000000000167" classname="ds.lmerSLMA_smk_phase_1" name="alternative_formulae_for_nested_groups"/>
    <testcase time="0.197999999999865" classname="ds.lmerSLMA_smk_phase_1" name="server_side_error"/>
    <testcase time="0.0480000000002292" classname="ds.lmerSLMA_smk_phase_1" name="server_side_error"/>
    <testcase time="0.192000000000007" classname="ds.lmerSLMA_smk_phase_1" name="server_side_error"/>
    <testcase time="0.746000000000095" classname="ds.lmerSLMA_smk_phase_1" name="test_offsets_and_weights"/>
    <testcase time="0.201999999999771" classname="ds.lmerSLMA_smk_phase_1" name="test_offsets_and_weights"/>
    <testcase time="0.19399999999996" classname="ds.lmerSLMA_smk_phase_1" name="test_offsets_and_weights"/>
    <testcase time="0.202000000000226" classname="ds.lmerSLMA_smk_phase_1" name="test_offsets_and_weights"/>
  </testsuite>
  <testsuite name="ds.lmerSLMA::smk::shutdown phase 1" timestamp="2025-10-28T12:55:33Z" hostname="runnervmwhb2z" tests="3" skipped="0" failures="0" errors="0" time="0.049">
    <testcase time="0.0459999999998217" classname="ds.lmerSLMA_smk_shutdown_phase_1" name="shutdown"/>
    <testcase time="0.00199999999995271" classname="ds.lmerSLMA_smk_shutdown_phase_1" name="shutdown"/>
    <testcase time="0.00100000000020373" classname="ds.lmerSLMA_smk_shutdown_phase_1" name="shutdown"/>
  </testsuite>
  <testsuite name="ds.lmerSLMA::smk::setup phase 2" timestamp="2025-10-28T12:55:33Z" hostname="runnervmwhb2z" tests="3" skipped="0" failures="0" errors="0" time="7.439">
    <testcase time="7.43599999999969" classname="ds.lmerSLMA_smk_setup_phase_2" name="setup"/>
    <testcase time="0.00199999999995271" classname="ds.lmerSLMA_smk_setup_phase_2" name="setup"/>
    <testcase time="0.00100000000020373" classname="ds.lmerSLMA_smk_setup_phase_2" name="setup"/>
  </testsuite>
  <testsuite name="ds.lmerSLMA::smk::test phase 2" timestamp="2025-10-28T12:55:40Z" hostname="runnervmwhb2z" tests="54" skipped="0" failures="0" errors="0" time="1.078">
    <testcase time="0.519999999999982" classname="ds.lmerSLMA_smk_test_phase_2" name="check_slope_formulae"/>
    <testcase time="0.00199999999995271" classname="ds.lmerSLMA_smk_test_phase_2" name="check_slope_formulae"/>
    <testcase time="0.00100000000020373" classname="ds.lmerSLMA_smk_test_phase_2" name="check_slope_formulae"/>
    <testcase time="0.000999999999748979" classname="ds.lmerSLMA_smk_test_phase_2" name="check_slope_formulae"/>
    <testcase time="0.00100000000020373" classname="ds.lmerSLMA_smk_test_phase_2" name="check_slope_formulae"/>
    <testcase time="0.000999999999748979" classname="ds.lmerSLMA_smk_test_phase_2" name="check_slope_formulae"/>
    <testcase time="0.00199999999995271" classname="ds.lmerSLMA_smk_test_phase_2" name="check_slope_formulae"/>
    <testcase time="0.00300000000015643" classname="ds.lmerSLMA_smk_test_phase_2" name="check_slope_formulae"/>
    <testcase time="0.00199999999995271" classname="ds.lmerSLMA_smk_test_phase_2" name="check_slope_formulae"/>
    <testcase time="0.00100000000020373" classname="ds.lmerSLMA_smk_test_phase_2" name="check_slope_formulae"/>
    <testcase time="0.00199999999995271" classname="ds.lmerSLMA_smk_test_phase_2" name="check_slope_formulae"/>
    <testcase time="0.00199999999995271" classname="ds.lmerSLMA_smk_test_phase_2" name="check_slope_formulae"/>
    <testcase time="0.00300000000015643" classname="ds.lmerSLMA_smk_test_phase_2" name="check_slope_formulae"/>
    <testcase time="0.000999999999748979" classname="ds.lmerSLMA_smk_test_phase_2" name="check_slope_formulae"/>
    <testcase time="0.00199999999995271" classname="ds.lmerSLMA_smk_test_phase_2" name="check_slope_formulae"/>
    <testcase time="0.00199999999995271" classname="ds.lmerSLMA_smk_test_phase_2" name="check_slope_formulae"/>
    <testcase time="0.00300000000015643" classname="ds.lmerSLMA_smk_test_phase_2" name="check_slope_formulae"/>
    <testcase time="0.00100000000020373" classname="ds.lmerSLMA_smk_test_phase_2" name="check_slope_formulae"/>
    <testcase time="0.000999999999748979" classname="ds.lmerSLMA_smk_test_phase_2" name="check_slope_formulae"/>
    <testcase time="0.00300000000015643" classname="ds.lmerSLMA_smk_test_phase_2" name="check_slope_formulae"/>
    <testcase time="0.00299999999970169" classname="ds.lmerSLMA_smk_test_phase_2" name="check_slope_formulae"/>
    <testcase time="0.00100000000020373" classname="ds.lmerSLMA_smk_test_phase_2" name="check_slope_formulae"/>
    <testcase time="0.00100000000020373" classname="ds.lmerSLMA_smk_test_phase_2" name="check_slope_formulae"/>
    <testcase time="0.00399999999990541" classname="ds.lmerSLMA_smk_test_phase_2" name="check_slope_formulae"/>
    <testcase time="0.00299999999970169" classname="ds.lmerSLMA_smk_test_phase_2" name="check_slope_formulae"/>
    <testcase time="0.00100000000020373" classname="ds.lmerSLMA_smk_test_phase_2" name="check_slope_formulae"/>
    <testcase time="0.00199999999995271" classname="ds.lmerSLMA_smk_test_phase_2" name="check_slope_formulae"/>
    <testcase time="0.46100000000024" classname="ds.lmerSLMA_smk_test_phase_2" name="check_slope_formulae"/>
    <testcase time="0.00199999999995271" classname="ds.lmerSLMA_smk_test_phase_2" name="check_slope_formulae"/>
    <testcase time="0.000999999999748979" classname="ds.lmerSLMA_smk_test_phase_2" name="check_slope_formulae"/>
    <testcase time="0.00199999999995271" classname="ds.lmerSLMA_smk_test_phase_2" name="check_slope_formulae"/>
    <testcase time="0.00100000000020373" classname="ds.lmerSLMA_smk_test_phase_2" name="check_slope_formulae"/>
    <testcase time="0.000999999999748979" classname="ds.lmerSLMA_smk_test_phase_2" name="check_slope_formulae"/>
    <testcase time="0.00200000000040745" classname="ds.lmerSLMA_smk_test_phase_2" name="check_slope_formulae"/>
    <testcase time="0.00199999999995271" classname="ds.lmerSLMA_smk_test_phase_2" name="check_slope_formulae"/>
    <testcase time="0.00199999999995271" classname="ds.lmerSLMA_smk_test_phase_2" name="check_slope_formulae"/>
    <testcase time="0.00199999999995271" classname="ds.lmerSLMA_smk_test_phase_2" name="check_slope_formulae"/>
    <testcase time="0.00100000000020373" classname="ds.lmerSLMA_smk_test_phase_2" name="check_slope_formulae"/>
    <testcase time="0.00300000000015643" classname="ds.lmerSLMA_smk_test_phase_2" name="check_slope_formulae"/>
    <testcase time="0.00199999999995271" classname="ds.lmerSLMA_smk_test_phase_2" name="check_slope_formulae"/>
    <testcase time="0.00199999999995271" classname="ds.lmerSLMA_smk_test_phase_2" name="check_slope_formulae"/>
    <testcase time="0.000999999999748979" classname="ds.lmerSLMA_smk_test_phase_2" name="check_slope_formulae"/>
    <testcase time="0.00300000000015643" classname="ds.lmerSLMA_smk_test_phase_2" name="check_slope_formulae"/>
    <testcase time="0.00199999999995271" classname="ds.lmerSLMA_smk_test_phase_2" name="check_slope_formulae"/>
    <testcase time="0.00199999999995271" classname="ds.lmerSLMA_smk_test_phase_2" name="check_slope_formulae"/>
    <testcase time="0.00100000000020373" classname="ds.lmerSLMA_smk_test_phase_2" name="check_slope_formulae"/>
    <testcase time="0.00299999999970169" classname="ds.lmerSLMA_smk_test_phase_2" name="check_slope_formulae"/>
    <testcase time="0.00300000000015643" classname="ds.lmerSLMA_smk_test_phase_2" name="check_slope_formulae"/>
    <testcase time="0.00100000000020373" classname="ds.lmerSLMA_smk_test_phase_2" name="check_slope_formulae"/>
    <testcase time="0.000999999999748979" classname="ds.lmerSLMA_smk_test_phase_2" name="check_slope_formulae"/>
    <testcase time="0.00300000000015643" classname="ds.lmerSLMA_smk_test_phase_2" name="check_slope_formulae"/>
    <testcase time="0.00299999999970169" classname="ds.lmerSLMA_smk_test_phase_2" name="check_slope_formulae"/>
    <testcase time="0.00100000000020373" classname="ds.lmerSLMA_smk_test_phase_2" name="check_slope_formulae"/>
    <testcase time="0.00100000000020373" classname="ds.lmerSLMA_smk_test_phase_2" name="check_slope_formulae"/>
  </testsuite>
  <testsuite name="ds.lmerSLMA::smk::shutdown phase 2" timestamp="2025-10-28T12:55:41Z" hostname="runnervmwhb2z" tests="3" skipped="0" failures="0" errors="0" time="0.05">
    <testcase time="0.0479999999997744" classname="ds.lmerSLMA_smk_shutdown_phase_2" name="shutdown"/>
    <testcase time="0.00100000000020373" classname="ds.lmerSLMA_smk_shutdown_phase_2" name="shutdown"/>
    <testcase time="0.000999999999748979" classname="ds.lmerSLMA_smk_shutdown_phase_2" name="shutdown"/>
  </testsuite>
  <testsuite name="ds.lmerSLMA::smk::done" timestamp="2025-10-28T12:55:42Z" hostname="runnervmwhb2z" tests="0" skipped="0" failures="0" errors="0" time="0"/>
  <testsuite name="smk-ds.log" timestamp="2025-10-28T12:55:42Z" hostname="runnervmwhb2z" tests="0" skipped="0" failures="0" errors="0" time="0"/>
  <testsuite name="ds.log::smk::setup" timestamp="2025-10-28T12:55:42Z" hostname="runnervmwhb2z" tests="3" skipped="0" failures="0" errors="0" time="7.327">
    <testcase time="7.32400000000007" classname="ds.log_smk_setup" name="setup"/>
    <testcase time="0.00199999999995271" classname="ds.log_smk_setup" name="setup"/>
    <testcase time="0.00100000000020373" classname="ds.log_smk_setup" name="setup"/>
  </testsuite>
  <testsuite name="ds.log::smk" timestamp="2025-10-28T12:55:49Z" hostname="runnervmwhb2z" tests="30" skipped="0" failures="0" errors="0" time="0.803">
    <testcase time="0.205999999999676" classname="ds.log_smk" name="simple_log"/>
    <testcase time="0.0390000000002146" classname="ds.log_smk" name="simple_log"/>
    <testcase time="0.00199999999995271" classname="ds.log_smk" name="simple_log"/>
    <testcase time="0.00100000000020373" classname="ds.log_smk" name="simple_log"/>
    <testcase time="0.000999999999748979" classname="ds.log_smk" name="simple_log"/>
    <testcase time="0.00199999999995271" classname="ds.log_smk" name="simple_log"/>
    <testcase time="0.00100000000020373" classname="ds.log_smk" name="simple_log"/>
    <testcase time="0.000999999999748979" classname="ds.log_smk" name="simple_log"/>
    <testcase time="0.0770000000002256" classname="ds.log_smk" name="simple_log"/>
    <testcase time="0.00199999999995271" classname="ds.log_smk" name="simple_log"/>
    <testcase time="0.00100000000020373" classname="ds.log_smk" name="simple_log"/>
    <testcase time="0.000999999999748979" classname="ds.log_smk" name="simple_log"/>
    <testcase time="0.00100000000020373" classname="ds.log_smk" name="simple_log"/>
    <testcase time="0.000999999999748979" classname="ds.log_smk" name="simple_log"/>
    <testcase time="0.00199999999995271" classname="ds.log_smk" name="simple_log"/>
    <testcase time="0.331000000000131" classname="ds.log_smk" name="simple_log"/>
    <testcase time="0.0390000000002146" classname="ds.log_smk" name="simple_log"/>
    <testcase time="0.00199999999995271" classname="ds.log_smk" name="simple_log"/>
    <testcase time="0.000999999999748979" classname="ds.log_smk" name="simple_log"/>
    <testcase time="0.00199999999995271" classname="ds.log_smk" name="simple_log"/>
    <testcase time="0.00100000000020373" classname="ds.log_smk" name="simple_log"/>
    <testcase time="0.000999999999748979" classname="ds.log_smk" name="simple_log"/>
    <testcase time="0.00100000000020373" classname="ds.log_smk" name="simple_log"/>
    <testcase time="0.0790000000001783" classname="ds.log_smk" name="simple_log"/>
    <testcase time="0.000999999999748979" classname="ds.log_smk" name="simple_log"/>
    <testcase time="0.00199999999995271" classname="ds.log_smk" name="simple_log"/>
    <testcase time="0.00100000000020373" classname="ds.log_smk" name="simple_log"/>
    <testcase time="0.000999999999748979" classname="ds.log_smk" name="simple_log"/>
    <testcase time="0.00100000000020373" classname="ds.log_smk" name="simple_log"/>
    <testcase time="0.00199999999995271" classname="ds.log_smk" name="simple_log"/>
  </testsuite>
  <testsuite name="ds.log::smk::shutdown" timestamp="2025-10-28T12:55:50Z" hostname="runnervmwhb2z" tests="3" skipped="0" failures="0" errors="0" time="0.049">
    <testcase time="0.0459999999998217" classname="ds.log_smk_shutdown" name="shutdown"/>
    <testcase time="0.00199999999995271" classname="ds.log_smk_shutdown" name="shutdown"/>
    <testcase time="0.00100000000020373" classname="ds.log_smk_shutdown" name="shutdown"/>
  </testsuite>
  <testsuite name="ds.log::smk::done" timestamp="2025-10-28T12:55:50Z" hostname="runnervmwhb2z" tests="0" skipped="0" failures="0" errors="0" time="0"/>
  <testsuite name="smk-ds.look" timestamp="2025-10-28T12:55:50Z" hostname="runnervmwhb2z" tests="0" skipped="0" failures="0" errors="0" time="0"/>
  <testsuite name="ds.look::smk::setup" timestamp="2025-10-28T12:55:50Z" hostname="runnervmwhb2z" tests="3" skipped="0" failures="0" errors="0" time="7.34">
    <testcase time="7.33699999999999" classname="ds.look_smk_setup" name="setup"/>
    <testcase time="0.00199999999995271" classname="ds.look_smk_setup" name="setup"/>
    <testcase time="0.00100000000020373" classname="ds.look_smk_setup" name="setup"/>
  </testsuite>
  <testsuite name="ds.look::smk" timestamp="2025-10-28T12:55:57Z" hostname="runnervmwhb2z" tests="5" skipped="0" failures="0" errors="0" time="0.062">
    <testcase time="0.056999999999789" classname="ds.look_smk" name="simple_look"/>
    <testcase time="0.000999999999748979" classname="ds.look_smk" name="simple_look"/>
    <testcase time="0.00100000000020373" classname="ds.look_smk" name="simple_look"/>
    <testcase time="0.000999999999748979" classname="ds.look_smk" name="simple_look"/>
    <testcase time="0.00199999999995271" classname="ds.look_smk" name="simple_look"/>
  </testsuite>
  <testsuite name="ds.look::smk::shutdown" timestamp="2025-10-28T12:55:57Z" hostname="runnervmwhb2z" tests="3" skipped="0" failures="0" errors="0" time="0.048">
    <testcase time="0.0450000000000728" classname="ds.look_smk_shutdown" name="shutdown"/>
    <testcase time="0.00199999999995271" classname="ds.look_smk_shutdown" name="shutdown"/>
    <testcase time="0.00100000000020373" classname="ds.look_smk_shutdown" name="shutdown"/>
  </testsuite>
  <testsuite name="ds.look::smk::done" timestamp="2025-10-28T12:55:57Z" hostname="runnervmwhb2z" tests="0" skipped="0" failures="0" errors="0" time="0"/>
  <testsuite name="smk-ds.ls" timestamp="2025-10-28T12:55:57Z" hostname="runnervmwhb2z" tests="0" skipped="0" failures="0" errors="0" time="0"/>
  <testsuite name="ds.ls::smk::setup" timestamp="2025-10-28T12:55:57Z" hostname="runnervmwhb2z" tests="3" skipped="0" failures="0" errors="0" time="7.309">
    <testcase time="7.30699999999979" classname="ds.ls_smk_setup" name="setup"/>
    <testcase time="0.00100000000020373" classname="ds.ls_smk_setup" name="setup"/>
    <testcase time="0.00100000000020373" classname="ds.ls_smk_setup" name="setup"/>
  </testsuite>
  <testsuite name="ds.ls::smk" timestamp="2025-10-28T12:56:04Z" hostname="runnervmwhb2z" tests="53" skipped="0" failures="0" errors="0" time="0.274">
    <testcase time="0.0459999999998217" classname="ds.ls_smk" name="simple_ls"/>
    <testcase time="0.000999999999748979" classname="ds.ls_smk" name="simple_ls"/>
    <testcase time="0.00100000000020373" classname="ds.ls_smk" name="simple_ls"/>
    <testcase time="0.00100000000020373" classname="ds.ls_smk" name="simple_ls"/>
    <testcase time="0.00199999999995271" classname="ds.ls_smk" name="simple_ls"/>
    <testcase time="0.000999999999748979" classname="ds.ls_smk" name="simple_ls"/>
    <testcase time="0.00100000000020373" classname="ds.ls_smk" name="simple_ls"/>
    <testcase time="0.000999999999748979" classname="ds.ls_smk" name="simple_ls"/>
    <testcase time="0.00100000000020373" classname="ds.ls_smk" name="simple_ls"/>
    <testcase time="0.000999999999748979" classname="ds.ls_smk" name="simple_ls"/>
    <testcase time="0.00100000000020373" classname="ds.ls_smk" name="simple_ls"/>
    <testcase time="0.000999999999748979" classname="ds.ls_smk" name="simple_ls"/>
    <testcase time="0.00100000000020373" classname="ds.ls_smk" name="simple_ls"/>
    <testcase time="0.0409999999997126" classname="ds.ls_smk" name="simple_ls_with_envir"/>
    <testcase time="0.00199999999995271" classname="ds.ls_smk" name="simple_ls_with_envir"/>
    <testcase time="0.00100000000020373" classname="ds.ls_smk" name="simple_ls_with_envir"/>
    <testcase time="0.000999999999748979" classname="ds.ls_smk" name="simple_ls_with_envir"/>
    <testcase time="0.00100000000020373" classname="ds.ls_smk" name="simple_ls_with_envir"/>
    <testcase time="0.00199999999995271" classname="ds.ls_smk" name="simple_ls_with_envir"/>
    <testcase time="0.00100000000020373" classname="ds.ls_smk" name="simple_ls_with_envir"/>
    <testcase time="0.000999999999748979" classname="ds.ls_smk" name="simple_ls_with_envir"/>
    <testcase time="0.00100000000020373" classname="ds.ls_smk" name="simple_ls_with_envir"/>
    <testcase time="0.000999999999748979" classname="ds.ls_smk" name="simple_ls_with_envir"/>
    <testcase time="0.0430000000001201" classname="ds.ls_smk" name="simple_ls_with_envir_with_wildcard_postfix"/>
    <testcase time="0.00100000000020373" classname="ds.ls_smk" name="simple_ls_with_envir_with_wildcard_postfix"/>
    <testcase time="0.000999999999748979" classname="ds.ls_smk" name="simple_ls_with_envir_with_wildcard_postfix"/>
    <testcase time="0.00199999999995271" classname="ds.ls_smk" name="simple_ls_with_envir_with_wildcard_postfix"/>
    <testcase time="0.00100000000020373" classname="ds.ls_smk" name="simple_ls_with_envir_with_wildcard_postfix"/>
    <testcase time="0.000999999999748979" classname="ds.ls_smk" name="simple_ls_with_envir_with_wildcard_postfix"/>
    <testcase time="0.00100000000020373" classname="ds.ls_smk" name="simple_ls_with_envir_with_wildcard_postfix"/>
    <testcase time="0.00199999999995271" classname="ds.ls_smk" name="simple_ls_with_envir_with_wildcard_postfix"/>
    <testcase time="0.00100000000020373" classname="ds.ls_smk" name="simple_ls_with_envir_with_wildcard_postfix"/>
    <testcase time="0.000999999999748979" classname="ds.ls_smk" name="simple_ls_with_envir_with_wildcard_postfix"/>
    <testcase time="0.0430000000001201" classname="ds.ls_smk" name="simple_ls_with_envir_with_wildcard_infix"/>
    <testcase time="0.000999999999748979" classname="ds.ls_smk" name="simple_ls_with_envir_with_wildcard_infix"/>
    <testcase time="0.00200000000040745" classname="ds.ls_smk" name="simple_ls_with_envir_with_wildcard_infix"/>
    <testcase time="0.000999999999748979" classname="ds.ls_smk" name="simple_ls_with_envir_with_wildcard_infix"/>
    <testcase time="0.00100000000020373" classname="ds.ls_smk" name="simple_ls_with_envir_with_wildcard_infix"/>
    <testcase time="0.000999999999748979" classname="ds.ls_smk" name="simple_ls_with_envir_with_wildcard_infix"/>
    <testcase time="0.00199999999995271" classname="ds.ls_smk" name="simple_ls_with_envir_with_wildcard_infix"/>
    <testcase time="0.00100000000020373" classname="ds.ls_smk" name="simple_ls_with_envir_with_wildcard_infix"/>
    <testcase time="0.000999999999748979" classname="ds.ls_smk" name="simple_ls_with_envir_with_wildcard_infix"/>
    <testcase time="0.00200000000040745" classname="ds.ls_smk" name="simple_ls_with_envir_with_wildcard_infix"/>
    <testcase time="0.0419999999999163" classname="ds.ls_smk" name="simple_ls_with_envir_with_wildcard_prefix"/>
    <testcase time="0.000999999999748979" classname="ds.ls_smk" name="simple_ls_with_envir_with_wildcard_prefix"/>
    <testcase time="0.00199999999995271" classname="ds.ls_smk" name="simple_ls_with_envir_with_wildcard_prefix"/>
    <testcase time="0.00100000000020373" classname="ds.ls_smk" name="simple_ls_with_envir_with_wildcard_prefix"/>
    <testcase time="0.000999999999748979" classname="ds.ls_smk" name="simple_ls_with_envir_with_wildcard_prefix"/>
    <testcase time="0.00200000000040745" classname="ds.ls_smk" name="simple_ls_with_envir_with_wildcard_prefix"/>
    <testcase time="0.000999999999748979" classname="ds.ls_smk" name="simple_ls_with_envir_with_wildcard_prefix"/>
    <testcase time="0.00100000000020373" classname="ds.ls_smk" name="simple_ls_with_envir_with_wildcard_prefix"/>
    <testcase time="0.00199999999995271" classname="ds.ls_smk" name="simple_ls_with_envir_with_wildcard_prefix"/>
    <testcase time="0.000999999999748979" classname="ds.ls_smk" name="simple_ls_with_envir_with_wildcard_prefix"/>
  </testsuite>
  <testsuite name="ds.ls::smk::shutdown" timestamp="2025-10-28T12:56:05Z" hostname="runnervmwhb2z" tests="3" skipped="0" failures="0" errors="0" time="0.056">
    <testcase time="0.0540000000000873" classname="ds.ls_smk_shutdown" name="shutdown"/>
    <testcase time="0.00100000000020373" classname="ds.ls_smk_shutdown" name="shutdown"/>
    <testcase time="0.000999999999748979" classname="ds.ls_smk_shutdown" name="shutdown"/>
  </testsuite>
  <testsuite name="ds.ls::smk::done" timestamp="2025-10-28T12:56:05Z" hostname="runnervmwhb2z" tests="0" skipped="0" failures="0" errors="0" time="0"/>
  <testsuite name="smk-ds.lspline" timestamp="2025-10-28T12:56:05Z" hostname="runnervmwhb2z" tests="0" skipped="0" failures="0" errors="0" time="0"/>
  <testsuite name="ds.lspline::smk::setup" timestamp="2025-10-28T12:56:05Z" hostname="runnervmwhb2z" tests="3" skipped="0" failures="0" errors="0" time="7.302">
    <testcase time="7.30000000000018" classname="ds.lspline_smk_setup" name="setup"/>
    <testcase time="0.000999999999748979" classname="ds.lspline_smk_setup" name="setup"/>
    <testcase time="0.00100000000020373" classname="ds.lspline_smk_setup" name="setup"/>
  </testsuite>
  <testsuite name="ds.lspline::smk::test1" timestamp="2025-10-28T12:56:12Z" hostname="runnervmwhb2z" tests="38" skipped="0" failures="0" errors="0" time="0.477">
    <testcase time="0.173999999999978" classname="ds.lspline_smk_test1" name="lspline"/>
    <testcase time="0.00100000000020373" classname="ds.lspline_smk_test1" name="lspline"/>
    <testcase time="0.000999999999748979" classname="ds.lspline_smk_test1" name="lspline"/>
    <testcase time="0.00100000000020373" classname="ds.lspline_smk_test1" name="lspline"/>
    <testcase time="0.00199999999995271" classname="ds.lspline_smk_test1" name="lspline"/>
    <testcase time="0.000999999999748979" classname="ds.lspline_smk_test1" name="lspline"/>
    <testcase time="0.00100000000020373" classname="ds.lspline_smk_test1" name="lspline"/>
    <testcase time="0.246000000000095" classname="ds.lspline_smk_test1" name="lspline"/>
    <testcase time="0.00199999999995271" classname="ds.lspline_smk_test1" name="lspline"/>
    <testcase time="0.000999999999748979" classname="ds.lspline_smk_test1" name="lspline"/>
    <testcase time="0.00100000000020373" classname="ds.lspline_smk_test1" name="lspline"/>
    <testcase time="0.00199999999995271" classname="ds.lspline_smk_test1" name="lspline"/>
    <testcase time="0.00100000000020373" classname="ds.lspline_smk_test1" name="lspline"/>
    <testcase time="0.000999999999748979" classname="ds.lspline_smk_test1" name="lspline"/>
    <testcase time="0.00100000000020373" classname="ds.lspline_smk_test1" name="lspline"/>
    <testcase time="0.00199999999995271" classname="ds.lspline_smk_test1" name="lspline"/>
    <testcase time="0.000999999999748979" classname="ds.lspline_smk_test1" name="lspline"/>
    <testcase time="0.00100000000020373" classname="ds.lspline_smk_test1" name="lspline"/>
    <testcase time="0.00799999999981083" classname="ds.lspline_smk_test1" name="lspline"/>
    <testcase time="0.00100000000020373" classname="ds.lspline_smk_test1" name="lspline"/>
    <testcase time="0.000999999999748979" classname="ds.lspline_smk_test1" name="lspline"/>
    <testcase time="0.00300000000015643" classname="ds.lspline_smk_test1" name="lspline"/>
    <testcase time="0.00100000000020373" classname="ds.lspline_smk_test1" name="lspline"/>
    <testcase time="0.00299999999970169" classname="ds.lspline_smk_test1" name="lspline"/>
    <testcase time="0.00300000000015643" classname="ds.lspline_smk_test1" name="lspline"/>
    <testcase time="0.000999999999748979" classname="ds.lspline_smk_test1" name="lspline"/>
    <testcase time="0.00100000000020373" classname="ds.lspline_smk_test1" name="lspline"/>
    <testcase time="0.00199999999995271" classname="ds.lspline_smk_test1" name="lspline"/>
    <testcase time="0.00100000000020373" classname="ds.lspline_smk_test1" name="lspline"/>
    <testcase time="0.000999999999748979" classname="ds.lspline_smk_test1" name="lspline"/>
    <testcase time="0.00199999999995271" classname="ds.lspline_smk_test1" name="lspline"/>
    <testcase time="0.00100000000020373" classname="ds.lspline_smk_test1" name="lspline"/>
    <testcase time="0.000999999999748979" classname="ds.lspline_smk_test1" name="lspline"/>
    <testcase time="0.00100000000020373" classname="ds.lspline_smk_test1" name="lspline"/>
    <testcase time="0.00199999999995271" classname="ds.lspline_smk_test1" name="lspline"/>
    <testcase time="0.00100000000020373" classname="ds.lspline_smk_test1" name="lspline"/>
    <testcase time="0.000999999999748979" classname="ds.lspline_smk_test1" name="lspline"/>
    <testcase time="0.00199999999995271" classname="ds.lspline_smk_test1" name="lspline"/>
  </testsuite>
  <testsuite name="ds.lspline::smk::shutdown" timestamp="2025-10-28T12:56:12Z" hostname="runnervmwhb2z" tests="3" skipped="0" failures="0" errors="0" time="0.049">
    <testcase time="0.0470000000000255" classname="ds.lspline_smk_shutdown" name="shutdown"/>
    <testcase time="0.00100000000020373" classname="ds.lspline_smk_shutdown" name="shutdown"/>
    <testcase time="0.000999999999748979" classname="ds.lspline_smk_shutdown" name="shutdown"/>
  </testsuite>
  <testsuite name="ds.qlspline::smk::done" timestamp="2025-10-28T12:56:13Z" hostname="runnervmwhb2z" tests="0" skipped="0" failures="0" errors="0" time="0"/>
  <testsuite name="smk-ds.make" timestamp="2025-10-28T12:56:13Z" hostname="runnervmwhb2z" tests="0" skipped="0" failures="0" errors="0" time="0"/>
  <testsuite name="ds.make::smk::setup" timestamp="2025-10-28T12:56:13Z" hostname="runnervmwhb2z" tests="3" skipped="0" failures="0" errors="0" time="7.449">
    <testcase time="7.44700000000012" classname="ds.make_smk_setup" name="setup"/>
    <testcase time="0.00100000000020373" classname="ds.make_smk_setup" name="setup"/>
    <testcase time="0.000999999999748979" classname="ds.make_smk_setup" name="setup"/>
  </testsuite>
  <testsuite name="ds.make::smk" timestamp="2025-10-28T12:56:20Z" hostname="runnervmwhb2z" tests="3" skipped="0" failures="0" errors="0" time="0.137">
    <testcase time="0.134000000000015" classname="ds.make_smk" name="simple_make"/>
    <testcase time="0.00199999999995271" classname="ds.make_smk" name="simple_make"/>
    <testcase time="0.00100000000020373" classname="ds.make_smk" name="simple_make"/>
  </testsuite>
  <testsuite name="ds.make::smk" timestamp="2025-10-28T12:56:20Z" hostname="runnervmwhb2z" tests="3" skipped="0" failures="0" errors="0" time="0.141">
    <testcase time="0.138999999999669" classname="ds.make_smk" name="simple_make"/>
    <testcase time="0.00100000000020373" classname="ds.make_smk" name="simple_make"/>
    <testcase time="0.00100000000020373" classname="ds.make_smk" name="simple_make"/>
  </testsuite>
  <testsuite name="ds.make::smk" timestamp="2025-10-28T12:56:20Z" hostname="runnervmwhb2z" tests="3" skipped="0" failures="0" errors="0" time="0.146">
    <testcase time="0.143000000000029" classname="ds.make_smk" name="simple_make"/>
    <testcase time="0.00199999999995271" classname="ds.make_smk" name="simple_make"/>
    <testcase time="0.00100000000020373" classname="ds.make_smk" name="simple_make"/>
  </testsuite>
  <testsuite name="ds.make::smk::shutdown" timestamp="2025-10-28T12:56:20Z" hostname="runnervmwhb2z" tests="3" skipped="0" failures="0" errors="0" time="0.047">
    <testcase time="0.0450000000000728" classname="ds.make_smk_shutdown" name="shutdown"/>
    <testcase time="0.000999999999748979" classname="ds.make_smk_shutdown" name="shutdown"/>
    <testcase time="0.00100000000020373" classname="ds.make_smk_shutdown" name="shutdown"/>
  </testsuite>
  <testsuite name="ds.make::smk::done" timestamp="2025-10-28T12:56:21Z" hostname="runnervmwhb2z" tests="0" skipped="0" failures="0" errors="0" time="0"/>
  <testsuite name="smk-ds.matrix" timestamp="2025-10-28T12:56:21Z" hostname="runnervmwhb2z" tests="0" skipped="0" failures="0" errors="0" time="0"/>
  <testsuite name="ds.matrix::smk::setup" timestamp="2025-10-28T12:56:21Z" hostname="runnervmwhb2z" tests="3" skipped="0" failures="0" errors="0" time="7.343">
    <testcase time="7.34099999999989" classname="ds.matrix_smk_setup" name="setup"/>
    <testcase time="0.00100000000020373" classname="ds.matrix_smk_setup" name="setup"/>
    <testcase time="0.00100000000020373" classname="ds.matrix_smk_setup" name="setup"/>
  </testsuite>
  <testsuite name="ds.matrix::smk" timestamp="2025-10-28T12:56:28Z" hostname="runnervmwhb2z" tests="7" skipped="0" failures="0" errors="0" time="0.28">
    <testcase time="0.187999999999647" classname="ds.matrix_smk" name="simplest_ds.matrix"/>
    <testcase time="0.00199999999995271" classname="ds.matrix_smk" name="simplest_ds.matrix"/>
    <testcase time="0.00100000000020373" classname="ds.matrix_smk" name="simplest_ds.matrix"/>
    <testcase time="0.081000000000131" classname="ds.matrix_smk" name="simplest_ds.matrix"/>
    <testcase time="0.00299999999970169" classname="ds.matrix_smk" name="simplest_ds.matrix"/>
    <testcase time="0.00199999999995271" classname="ds.matrix_smk" name="simplest_ds.matrix"/>
    <testcase time="0.00300000000015643" classname="ds.matrix_smk" name="simplest_ds.matrix"/>
  </testsuite>
  <testsuite name="ds.matrix::smk::shutdown" timestamp="2025-10-28T12:56:28Z" hostname="runnervmwhb2z" tests="3" skipped="0" failures="0" errors="0" time="0.055">
    <testcase time="0.0529999999998836" classname="ds.matrix_smk_shutdown" name="shutdown"/>
    <testcase time="0.00100000000020373" classname="ds.matrix_smk_shutdown" name="shutdown"/>
    <testcase time="0.000999999999748979" classname="ds.matrix_smk_shutdown" name="shutdown"/>
  </testsuite>
  <testsuite name="ds.matrix::smk::done" timestamp="2025-10-28T12:56:28Z" hostname="runnervmwhb2z" tests="0" skipped="0" failures="0" errors="0" time="0"/>
  <testsuite name="smk-ds.matrixDet" timestamp="2025-10-28T12:56:28Z" hostname="runnervmwhb2z" tests="0" skipped="0" failures="0" errors="0" time="0"/>
  <testsuite name="ds.matrixDet::smk::setup" timestamp="2025-10-28T12:56:28Z" hostname="runnervmwhb2z" tests="3" skipped="0" failures="0" errors="0" time="7.287">
    <testcase time="7.28400000000011" classname="ds.matrixDet_smk_setup" name="setup"/>
    <testcase time="0.00199999999995271" classname="ds.matrixDet_smk_setup" name="setup"/>
    <testcase time="0.00100000000020373" classname="ds.matrixDet_smk_setup" name="setup"/>
  </testsuite>
  <testsuite name="ds.matrixDet::smk" timestamp="2025-10-28T12:56:35Z" hostname="runnervmwhb2z" tests="7" skipped="0" failures="0" errors="0" time="0.435">
    <testcase time="0.353999999999814" classname="ds.matrixDet_smk" name="simplest_ds.matrixDet"/>
    <testcase time="0.00100000000020373" classname="ds.matrixDet_smk" name="simplest_ds.matrixDet"/>
    <testcase time="0.000999999999748979" classname="ds.matrixDet_smk" name="simplest_ds.matrixDet"/>
    <testcase time="0.0760000000000218" classname="ds.matrixDet_smk" name="simplest_ds.matrixDet"/>
    <testcase time="0.00100000000020373" classname="ds.matrixDet_smk" name="simplest_ds.matrixDet"/>
    <testcase time="0.000999999999748979" classname="ds.matrixDet_smk" name="simplest_ds.matrixDet"/>
    <testcase time="0.00100000000020373" classname="ds.matrixDet_smk" name="simplest_ds.matrixDet"/>
  </testsuite>
  <testsuite name="ds.matrixDet::smk::shutdown" timestamp="2025-10-28T12:56:36Z" hostname="runnervmwhb2z" tests="3" skipped="0" failures="0" errors="0" time="0.048">
    <testcase time="0.0459999999998217" classname="ds.matrixDet_smk_shutdown" name="shutdown"/>
    <testcase time="0.00100000000020373" classname="ds.matrixDet_smk_shutdown" name="shutdown"/>
    <testcase time="0.000999999999748979" classname="ds.matrixDet_smk_shutdown" name="shutdown"/>
  </testsuite>
  <testsuite name="ds.matrixDet::smk::done" timestamp="2025-10-28T12:56:36Z" hostname="runnervmwhb2z" tests="0" skipped="0" failures="0" errors="0" time="0"/>
  <testsuite name="smk-ds.matrixDet.report" timestamp="2025-10-28T12:56:36Z" hostname="runnervmwhb2z" tests="0" skipped="0" failures="0" errors="0" time="0"/>
  <testsuite name="ds.matrixDet.report::smk::setup" timestamp="2025-10-28T12:56:36Z" hostname="runnervmwhb2z" tests="3" skipped="0" failures="0" errors="0" time="7.332">
    <testcase time="7.32999999999993" classname="ds.matrixDet.report_smk_setup" name="setup"/>
    <testcase time="0.00100000000020373" classname="ds.matrixDet.report_smk_setup" name="setup"/>
    <testcase time="0.000999999999748979" classname="ds.matrixDet.report_smk_setup" name="setup"/>
  </testsuite>
  <testsuite name="ds.matrixDet.report::smk" timestamp="2025-10-28T12:56:43Z" hostname="runnervmwhb2z" tests="14" skipped="0" failures="0" errors="0" time="0.205">
    <testcase time="0.189000000000306" classname="ds.matrixDet.report_smk" name="simplest_ds.matrixDet.report"/>
    <testcase time="0.000999999999748979" classname="ds.matrixDet.report_smk" name="simplest_ds.matrixDet.report"/>
    <testcase time="0.00100000000020373" classname="ds.matrixDet.report_smk" name="simplest_ds.matrixDet.report"/>
    <testcase time="0.00199999999995271" classname="ds.matrixDet.report_smk" name="simplest_ds.matrixDet.report"/>
    <testcase time="0.000999999999748979" classname="ds.matrixDet.report_smk" name="simplest_ds.matrixDet.report"/>
    <testcase time="0.00100000000020373" classname="ds.matrixDet.report_smk" name="simplest_ds.matrixDet.report"/>
    <testcase time="0.00100000000020373" classname="ds.matrixDet.report_smk" name="simplest_ds.matrixDet.report"/>
    <testcase time="0.000999999999748979" classname="ds.matrixDet.report_smk" name="simplest_ds.matrixDet.report"/>
    <testcase time="0.00199999999995271" classname="ds.matrixDet.report_smk" name="simplest_ds.matrixDet.report"/>
    <testcase time="0.00100000000020373" classname="ds.matrixDet.report_smk" name="simplest_ds.matrixDet.report"/>
    <testcase time="0.000999999999748979" classname="ds.matrixDet.report_smk" name="simplest_ds.matrixDet.report"/>
    <testcase time="0.00100000000020373" classname="ds.matrixDet.report_smk" name="simplest_ds.matrixDet.report"/>
    <testcase time="0.000999999999748979" classname="ds.matrixDet.report_smk" name="simplest_ds.matrixDet.report"/>
    <testcase time="0.00200000000040745" classname="ds.matrixDet.report_smk" name="simplest_ds.matrixDet.report"/>
  </testsuite>
  <testsuite name="ds.matrixDet.report::smk::shutdown" timestamp="2025-10-28T12:56:43Z" hostname="runnervmwhb2z" tests="3" skipped="0" failures="0" errors="0" time="0.048">
    <testcase time="0.0459999999998217" classname="ds.matrixDet.report_smk_shutdown" name="shutdown"/>
    <testcase time="0.000999999999748979" classname="ds.matrixDet.report_smk_shutdown" name="shutdown"/>
    <testcase time="0.00100000000020373" classname="ds.matrixDet.report_smk_shutdown" name="shutdown"/>
  </testsuite>
  <testsuite name="ds.matrixDet.report::smk::done" timestamp="2025-10-28T12:56:44Z" hostname="runnervmwhb2z" tests="0" skipped="0" failures="0" errors="0" time="0"/>
  <testsuite name="smk-ds.matrixDiag" timestamp="2025-10-28T12:56:44Z" hostname="runnervmwhb2z" tests="0" skipped="0" failures="0" errors="0" time="0"/>
  <testsuite name="ds.matrixDiag::smk::setup" timestamp="2025-10-28T12:56:44Z" hostname="runnervmwhb2z" tests="3" skipped="0" failures="0" errors="0" time="7.279">
    <testcase time="7.27700000000004" classname="ds.matrixDiag_smk_setup" name="setup"/>
    <testcase time="0.000999999999748979" classname="ds.matrixDiag_smk_setup" name="setup"/>
    <testcase time="0.00100000000020373" classname="ds.matrixDiag_smk_setup" name="setup"/>
  </testsuite>
  <testsuite name="ds.matrixDiag::smk" timestamp="2025-10-28T12:56:51Z" hostname="runnervmwhb2z" tests="7" skipped="0" failures="0" errors="0" time="0.282">
    <testcase time="0.193000000000211" classname="ds.matrixDiag_smk" name="simplest_ds.matrixDiag"/>
    <testcase time="0.00199999999995271" classname="ds.matrixDiag_smk" name="simplest_ds.matrixDiag"/>
    <testcase time="0.000999999999748979" classname="ds.matrixDiag_smk" name="simplest_ds.matrixDiag"/>
    <testcase time="0.0770000000002256" classname="ds.matrixDiag_smk" name="simplest_ds.matrixDiag"/>
    <testcase time="0.00299999999970169" classname="ds.matrixDiag_smk" name="simplest_ds.matrixDiag"/>
    <testcase time="0.00300000000015643" classname="ds.matrixDiag_smk" name="simplest_ds.matrixDiag"/>
    <testcase time="0.00300000000015643" classname="ds.matrixDiag_smk" name="simplest_ds.matrixDiag"/>
  </testsuite>
  <testsuite name="ds.matrixDiag::smk" timestamp="2025-10-28T12:56:51Z" hostname="runnervmwhb2z" tests="7" skipped="0" failures="0" errors="0" time="0.234">
    <testcase time="0.146999999999935" classname="ds.matrixDiag_smk" name="simplest_ds.matrixDiag"/>
    <testcase time="0.00199999999995271" classname="ds.matrixDiag_smk" name="simplest_ds.matrixDiag"/>
    <testcase time="0.000999999999748979" classname="ds.matrixDiag_smk" name="simplest_ds.matrixDiag"/>
    <testcase time="0.0760000000000218" classname="ds.matrixDiag_smk" name="simplest_ds.matrixDiag"/>
    <testcase time="0.00200000000040745" classname="ds.matrixDiag_smk" name="simplest_ds.matrixDiag"/>
    <testcase time="0.00299999999970169" classname="ds.matrixDiag_smk" name="simplest_ds.matrixDiag"/>
    <testcase time="0.00300000000015643" classname="ds.matrixDiag_smk" name="simplest_ds.matrixDiag"/>
  </testsuite>
  <testsuite name="ds.matrixDiag::smk::shutdown" timestamp="2025-10-28T12:56:51Z" hostname="runnervmwhb2z" tests="3" skipped="0" failures="0" errors="0" time="0.048">
    <testcase time="0.0459999999998217" classname="ds.matrixDiag_smk_shutdown" name="shutdown"/>
    <testcase time="0.00100000000020373" classname="ds.matrixDiag_smk_shutdown" name="shutdown"/>
    <testcase time="0.000999999999748979" classname="ds.matrixDiag_smk_shutdown" name="shutdown"/>
  </testsuite>
  <testsuite name="ds.matrixDiag::smk::done" timestamp="2025-10-28T12:56:52Z" hostname="runnervmwhb2z" tests="0" skipped="0" failures="0" errors="0" time="0"/>
  <testsuite name="smk-ds.matrixDimnames" timestamp="2025-10-28T12:56:52Z" hostname="runnervmwhb2z" tests="0" skipped="0" failures="0" errors="0" time="0"/>
  <testsuite name="ds.matrixDimnames::smk::setup" timestamp="2025-10-28T12:56:52Z" hostname="runnervmwhb2z" tests="3" skipped="0" failures="0" errors="0" time="7.377">
    <testcase time="7.37400000000025" classname="ds.matrixDimnames_smk_setup" name="setup"/>
    <testcase time="0.000999999999748979" classname="ds.matrixDimnames_smk_setup" name="setup"/>
    <testcase time="0.00199999999995271" classname="ds.matrixDimnames_smk_setup" name="setup"/>
  </testsuite>
  <testsuite name="ds.matrixDimnames::smk" timestamp="2025-10-28T12:56:59Z" hostname="runnervmwhb2z" tests="7" skipped="0" failures="0" errors="0" time="0.397">
    <testcase time="0.304000000000087" classname="ds.matrixDimnames_smk" name="simplest_ds.matrixDimnames"/>
    <testcase time="0.00100000000020373" classname="ds.matrixDimnames_smk" name="simplest_ds.matrixDimnames"/>
    <testcase time="0.00100000000020373" classname="ds.matrixDimnames_smk" name="simplest_ds.matrixDimnames"/>
    <testcase time="0.0830000000000837" classname="ds.matrixDimnames_smk" name="simplest_ds.matrixDimnames"/>
    <testcase time="0.00299999999970169" classname="ds.matrixDimnames_smk" name="simplest_ds.matrixDimnames"/>
    <testcase time="0.00199999999995271" classname="ds.matrixDimnames_smk" name="simplest_ds.matrixDimnames"/>
    <testcase time="0.00300000000015643" classname="ds.matrixDimnames_smk" name="simplest_ds.matrixDimnames"/>
  </testsuite>
  <testsuite name="ds.matrixDimnames::smk::shutdown" timestamp="2025-10-28T12:56:59Z" hostname="runnervmwhb2z" tests="3" skipped="0" failures="0" errors="0" time="0.049">
    <testcase time="0.0460000000002765" classname="ds.matrixDimnames_smk_shutdown" name="shutdown"/>
    <testcase time="0.000999999999748979" classname="ds.matrixDimnames_smk_shutdown" name="shutdown"/>
    <testcase time="0.00199999999995271" classname="ds.matrixDimnames_smk_shutdown" name="shutdown"/>
  </testsuite>
  <testsuite name="ds.matrixDimnames::smk::done" timestamp="2025-10-28T12:56:59Z" hostname="runnervmwhb2z" tests="0" skipped="0" failures="0" errors="0" time="0"/>
  <testsuite name="smk-ds.matrixInvert" timestamp="2025-10-28T12:56:59Z" hostname="runnervmwhb2z" tests="0" skipped="0" failures="0" errors="0" time="0"/>
  <testsuite name="ds.matrixInvert::smk::setup" timestamp="2025-10-28T12:56:59Z" hostname="runnervmwhb2z" tests="3" skipped="0" failures="0" errors="0" time="7.313">
    <testcase time="7.31100000000015" classname="ds.matrixInvert_smk_setup" name="setup"/>
    <testcase time="0.000999999999748979" classname="ds.matrixInvert_smk_setup" name="setup"/>
    <testcase time="0.00100000000020373" classname="ds.matrixInvert_smk_setup" name="setup"/>
  </testsuite>
  <testsuite name="ds.matrixInvert::smk" timestamp="2025-10-28T12:57:06Z" hostname="runnervmwhb2z" tests="7" skipped="0" failures="0" errors="0" time="0.399">
    <testcase time="0.304999999999836" classname="ds.matrixInvert_smk" name="simplest_ds.matrixInvert"/>
    <testcase time="0.00100000000020373" classname="ds.matrixInvert_smk" name="simplest_ds.matrixInvert"/>
    <testcase time="0.00199999999995271" classname="ds.matrixInvert_smk" name="simplest_ds.matrixInvert"/>
    <testcase time="0.0830000000000837" classname="ds.matrixInvert_smk" name="simplest_ds.matrixInvert"/>
    <testcase time="0.00299999999970169" classname="ds.matrixInvert_smk" name="simplest_ds.matrixInvert"/>
    <testcase time="0.00200000000040745" classname="ds.matrixInvert_smk" name="simplest_ds.matrixInvert"/>
    <testcase time="0.00299999999970169" classname="ds.matrixInvert_smk" name="simplest_ds.matrixInvert"/>
  </testsuite>
  <testsuite name="ds.matrixInvert::smk::shutdown" timestamp="2025-10-28T12:57:07Z" hostname="runnervmwhb2z" tests="3" skipped="0" failures="0" errors="0" time="0.047">
    <testcase time="0.0440000000003238" classname="ds.matrixInvert_smk_shutdown" name="shutdown"/>
    <testcase time="0.00199999999995271" classname="ds.matrixInvert_smk_shutdown" name="shutdown"/>
    <testcase time="0.000999999999748979" classname="ds.matrixInvert_smk_shutdown" name="shutdown"/>
  </testsuite>
  <testsuite name="ds.matrixInvert::smk::done" timestamp="2025-10-28T12:57:07Z" hostname="runnervmwhb2z" tests="0" skipped="0" failures="0" errors="0" time="0"/>
  <testsuite name="smk-ds.matrixMult" timestamp="2025-10-28T12:57:07Z" hostname="runnervmwhb2z" tests="0" skipped="0" failures="0" errors="0" time="0"/>
  <testsuite name="ds.matrixMult::smk::setup" timestamp="2025-10-28T12:57:07Z" hostname="runnervmwhb2z" tests="3" skipped="0" failures="0" errors="0" time="7.3">
    <testcase time="7.29800000000023" classname="ds.matrixMult_smk_setup" name="setup"/>
    <testcase time="0.000999999999748979" classname="ds.matrixMult_smk_setup" name="setup"/>
    <testcase time="0.00100000000020373" classname="ds.matrixMult_smk_setup" name="setup"/>
  </testsuite>
  <testsuite name="ds.matrixMult::smk" timestamp="2025-10-28T12:57:14Z" hostname="runnervmwhb2z" tests="7" skipped="0" failures="0" errors="0" time="0.526">
    <testcase time="0.438999999999851" classname="ds.matrixMult_smk" name="simplest_ds.matrixMult"/>
    <testcase time="0.00199999999995271" classname="ds.matrixMult_smk" name="simplest_ds.matrixMult"/>
    <testcase time="0.00100000000020373" classname="ds.matrixMult_smk" name="simplest_ds.matrixMult"/>
    <testcase time="0.0760000000000218" classname="ds.matrixMult_smk" name="simplest_ds.matrixMult"/>
    <testcase time="0.00299999999970169" classname="ds.matrixMult_smk" name="simplest_ds.matrixMult"/>
    <testcase time="0.00300000000015643" classname="ds.matrixMult_smk" name="simplest_ds.matrixMult"/>
    <testcase time="0.00199999999995271" classname="ds.matrixMult_smk" name="simplest_ds.matrixMult"/>
  </testsuite>
  <testsuite name="ds.matrixMult::smk::shutdown" timestamp="2025-10-28T12:57:15Z" hostname="runnervmwhb2z" tests="3" skipped="0" failures="0" errors="0" time="0.055">
    <testcase time="0.0529999999998836" classname="ds.matrixMult_smk_shutdown" name="shutdown"/>
    <testcase time="0.000999999999748979" classname="ds.matrixMult_smk_shutdown" name="shutdown"/>
    <testcase time="0.00100000000020373" classname="ds.matrixMult_smk_shutdown" name="shutdown"/>
  </testsuite>
  <testsuite name="ds.matrixMult::smk::done" timestamp="2025-10-28T12:57:15Z" hostname="runnervmwhb2z" tests="0" skipped="0" failures="0" errors="0" time="0"/>
  <testsuite name="smk-ds.matrixTranspose" timestamp="2025-10-28T12:57:15Z" hostname="runnervmwhb2z" tests="0" skipped="0" failures="0" errors="0" time="0"/>
  <testsuite name="ds.matrixTranspose::smk::setup" timestamp="2025-10-28T12:57:15Z" hostname="runnervmwhb2z" tests="3" skipped="0" failures="0" errors="0" time="7.323">
    <testcase time="7.32099999999991" classname="ds.matrixTranspose_smk_setup" name="setup"/>
    <testcase time="0.00100000000020373" classname="ds.matrixTranspose_smk_setup" name="setup"/>
    <testcase time="0.000999999999748979" classname="ds.matrixTranspose_smk_setup" name="setup"/>
  </testsuite>
  <testsuite name="ds.matrixTranspose::smk" timestamp="2025-10-28T12:57:22Z" hostname="runnervmwhb2z" tests="7" skipped="0" failures="0" errors="0" time="0.4">
    <testcase time="0.307000000000244" classname="ds.matrixTranspose_smk" name="simplest_ds.matrixTranspose"/>
    <testcase time="0.000999999999748979" classname="ds.matrixTranspose_smk" name="simplest_ds.matrixTranspose"/>
    <testcase time="0.00199999999995271" classname="ds.matrixTranspose_smk" name="simplest_ds.matrixTranspose"/>
    <testcase time="0.0820000000003347" classname="ds.matrixTranspose_smk" name="simplest_ds.matrixTranspose"/>
    <testcase time="0.00299999999970169" classname="ds.matrixTranspose_smk" name="simplest_ds.matrixTranspose"/>
    <testcase time="0.00300000000015643" classname="ds.matrixTranspose_smk" name="simplest_ds.matrixTranspose"/>
    <testcase time="0.00199999999995271" classname="ds.matrixTranspose_smk" name="simplest_ds.matrixTranspose"/>
  </testsuite>
  <testsuite name="ds.matrixTranspose::smk::shutdown" timestamp="2025-10-28T12:57:23Z" hostname="runnervmwhb2z" tests="3" skipped="0" failures="0" errors="0" time="0.048">
    <testcase time="0.0460000000002765" classname="ds.matrixTranspose_smk_shutdown" name="shutdown"/>
    <testcase time="0.000999999999748979" classname="ds.matrixTranspose_smk_shutdown" name="shutdown"/>
    <testcase time="0.00100000000020373" classname="ds.matrixTranspose_smk_shutdown" name="shutdown"/>
  </testsuite>
  <testsuite name="ds.matrixTranspose::smk::done" timestamp="2025-10-28T12:57:23Z" hostname="runnervmwhb2z" tests="0" skipped="0" failures="0" errors="0" time="0"/>
  <testsuite name="smk-ds.mean" timestamp="2025-10-28T12:57:23Z" hostname="runnervmwhb2z" tests="0" skipped="0" failures="0" errors="0" time="0"/>
  <testsuite name="ds.mean::smk::setup" timestamp="2025-10-28T12:57:23Z" hostname="runnervmwhb2z" tests="3" skipped="0" failures="0" errors="0" time="7.294">
    <testcase time="7.29199999999992" classname="ds.mean_smk_setup" name="setup"/>
    <testcase time="0.000999999999748979" classname="ds.mean_smk_setup" name="setup"/>
    <testcase time="0.00100000000020373" classname="ds.mean_smk_setup" name="setup"/>
  </testsuite>
  <testsuite name="ds.mean::smk::type=combine" timestamp="2025-10-28T12:57:30Z" hostname="runnervmwhb2z" tests="23" skipped="0" failures="0" errors="0" time="0.277">
    <testcase time="0.192999999999756" classname="ds.mean_smk_type_combine" name="mean_values_combine_"/>
    <testcase time="0.00100000000020373" classname="ds.mean_smk_type_combine" name="mean_values_combine_"/>
    <testcase time="0.00100000000020373" classname="ds.mean_smk_type_combine" name="mean_values_combine_"/>
    <testcase time="0.00199999999995271" classname="ds.mean_smk_type_combine" name="mean_values_combine_"/>
    <testcase time="0.000999999999748979" classname="ds.mean_smk_type_combine" name="mean_values_combine_"/>
    <testcase time="0.00199999999995271" classname="ds.mean_smk_type_combine" name="mean_values_combine_"/>
    <testcase time="0.00100000000020373" classname="ds.mean_smk_type_combine" name="mean_values_combine_"/>
    <testcase time="0.000999999999748979" classname="ds.mean_smk_type_combine" name="mean_values_combine_"/>
    <testcase time="0.00100000000020373" classname="ds.mean_smk_type_combine" name="mean_values_combine_"/>
    <testcase time="0.00199999999995271" classname="ds.mean_smk_type_combine" name="mean_values_combine_"/>
    <testcase time="0.00100000000020373" classname="ds.mean_smk_type_combine" name="mean_values_combine_"/>
    <testcase time="0.0429999999996653" classname="ds.mean_smk_type_combine" name="mean_values_combine_"/>
    <testcase time="0.00199999999995271" classname="ds.mean_smk_type_combine" name="mean_values_combine_"/>
    <testcase time="0.00300000000015643" classname="ds.mean_smk_type_combine" name="mean_values_combine_"/>
    <testcase time="0.00300000000015643" classname="ds.mean_smk_type_combine" name="mean_values_combine_"/>
    <testcase time="0.00199999999995271" classname="ds.mean_smk_type_combine" name="mean_values_combine_"/>
    <testcase time="0.00200000000040745" classname="ds.mean_smk_type_combine" name="mean_values_combine_"/>
    <testcase time="0.00299999999970169" classname="ds.mean_smk_type_combine" name="mean_values_combine_"/>
    <testcase time="0.00199999999995271" classname="ds.mean_smk_type_combine" name="mean_values_combine_"/>
    <testcase time="0.00300000000015643" classname="ds.mean_smk_type_combine" name="mean_values_combine_"/>
    <testcase time="0.00300000000015643" classname="ds.mean_smk_type_combine" name="mean_values_combine_"/>
    <testcase time="0.00199999999995271" classname="ds.mean_smk_type_combine" name="mean_values_combine_"/>
    <testcase time="0.00299999999970169" classname="ds.mean_smk_type_combine" name="mean_values_combine_"/>
  </testsuite>
  <testsuite name="ds.mean::smk::type=split" timestamp="2025-10-28T12:57:30Z" hostname="runnervmwhb2z" tests="31" skipped="0" failures="0" errors="0" time="0.298">
    <testcase time="0.204000000000178" classname="ds.mean_smk_type_split" name="mean_values_split_"/>
    <testcase time="0.00100000000020373" classname="ds.mean_smk_type_split" name="mean_values_split_"/>
    <testcase time="0.000999999999748979" classname="ds.mean_smk_type_split" name="mean_values_split_"/>
    <testcase time="0.00199999999995271" classname="ds.mean_smk_type_split" name="mean_values_split_"/>
    <testcase time="0.00100000000020373" classname="ds.mean_smk_type_split" name="mean_values_split_"/>
    <testcase time="0.000999999999748979" classname="ds.mean_smk_type_split" name="mean_values_split_"/>
    <testcase time="0.00100000000020373" classname="ds.mean_smk_type_split" name="mean_values_split_"/>
    <testcase time="0.00199999999995271" classname="ds.mean_smk_type_split" name="mean_values_split_"/>
    <testcase time="0.000999999999748979" classname="ds.mean_smk_type_split" name="mean_values_split_"/>
    <testcase time="0.00100000000020373" classname="ds.mean_smk_type_split" name="mean_values_split_"/>
    <testcase time="0.00100000000020373" classname="ds.mean_smk_type_split" name="mean_values_split_"/>
    <testcase time="0.00199999999995271" classname="ds.mean_smk_type_split" name="mean_values_split_"/>
    <testcase time="0.000999999999748979" classname="ds.mean_smk_type_split" name="mean_values_split_"/>
    <testcase time="0.00100000000020373" classname="ds.mean_smk_type_split" name="mean_values_split_"/>
    <testcase time="0.000999999999748979" classname="ds.mean_smk_type_split" name="mean_values_split_"/>
    <testcase time="0.00199999999995271" classname="ds.mean_smk_type_split" name="mean_values_split_"/>
    <testcase time="0.00100000000020373" classname="ds.mean_smk_type_split" name="mean_values_split_"/>
    <testcase time="0.00100000000020373" classname="ds.mean_smk_type_split" name="mean_values_split_"/>
    <testcase time="0.000999999999748979" classname="ds.mean_smk_type_split" name="mean_values_split_"/>
    <testcase time="0.0419999999999163" classname="ds.mean_smk_type_split" name="mean_values_split_"/>
    <testcase time="0.00300000000015643" classname="ds.mean_smk_type_split" name="mean_values_split_"/>
    <testcase time="0.00300000000015643" classname="ds.mean_smk_type_split" name="mean_values_split_"/>
    <testcase time="0.00299999999970169" classname="ds.mean_smk_type_split" name="mean_values_split_"/>
    <testcase time="0.00199999999995271" classname="ds.mean_smk_type_split" name="mean_values_split_"/>
    <testcase time="0.00300000000015643" classname="ds.mean_smk_type_split" name="mean_values_split_"/>
    <testcase time="0.00199999999995271" classname="ds.mean_smk_type_split" name="mean_values_split_"/>
    <testcase time="0.00300000000015643" classname="ds.mean_smk_type_split" name="mean_values_split_"/>
    <testcase time="0.00299999999970169" classname="ds.mean_smk_type_split" name="mean_values_split_"/>
    <testcase time="0.00200000000040745" classname="ds.mean_smk_type_split" name="mean_values_split_"/>
    <testcase time="0.00299999999970169" classname="ds.mean_smk_type_split" name="mean_values_split_"/>
    <testcase time="0.00300000000015643" classname="ds.mean_smk_type_split" name="mean_values_split_"/>
  </testsuite>
  <testsuite name="ds.mean::smk::type=both" timestamp="2025-10-28T12:57:30Z" hostname="runnervmwhb2z" tests="36" skipped="0" failures="0" errors="0" time="0.3">
    <testcase time="0.195000000000164" classname="ds.mean_smk_type_both" name="mean_values_both_"/>
    <testcase time="0.000999999999748979" classname="ds.mean_smk_type_both" name="mean_values_both_"/>
    <testcase time="0.00100000000020373" classname="ds.mean_smk_type_both" name="mean_values_both_"/>
    <testcase time="0.000999999999748979" classname="ds.mean_smk_type_both" name="mean_values_both_"/>
    <testcase time="0.000999999999748979" classname="ds.mean_smk_type_both" name="mean_values_both_"/>
    <testcase time="0.00100000000020373" classname="ds.mean_smk_type_both" name="mean_values_both_"/>
    <testcase time="0.000999999999748979" classname="ds.mean_smk_type_both" name="mean_values_both_"/>
    <testcase time="0.00199999999995271" classname="ds.mean_smk_type_both" name="mean_values_both_"/>
    <testcase time="0.00100000000020373" classname="ds.mean_smk_type_both" name="mean_values_both_"/>
    <testcase time="0.00100000000020373" classname="ds.mean_smk_type_both" name="mean_values_both_"/>
    <testcase time="0.000999999999748979" classname="ds.mean_smk_type_both" name="mean_values_both_"/>
    <testcase time="0.00199999999995271" classname="ds.mean_smk_type_both" name="mean_values_both_"/>
    <testcase time="0.00100000000020373" classname="ds.mean_smk_type_both" name="mean_values_both_"/>
    <testcase time="0.000999999999748979" classname="ds.mean_smk_type_both" name="mean_values_both_"/>
    <testcase time="0.00100000000020373" classname="ds.mean_smk_type_both" name="mean_values_both_"/>
    <testcase time="0.00199999999995271" classname="ds.mean_smk_type_both" name="mean_values_both_"/>
    <testcase time="0.00100000000020373" classname="ds.mean_smk_type_both" name="mean_values_both_"/>
    <testcase time="0.000999999999748979" classname="ds.mean_smk_type_both" name="mean_values_both_"/>
    <testcase time="0.00199999999995271" classname="ds.mean_smk_type_both" name="mean_values_both_"/>
    <testcase time="0.00100000000020373" classname="ds.mean_smk_type_both" name="mean_values_both_"/>
    <testcase time="0.000999999999748979" classname="ds.mean_smk_type_both" name="mean_values_both_"/>
    <testcase time="0.00100000000020373" classname="ds.mean_smk_type_both" name="mean_values_both_"/>
    <testcase time="0.000999999999748979" classname="ds.mean_smk_type_both" name="mean_values_both_"/>
    <testcase time="0.00200000000040745" classname="ds.mean_smk_type_both" name="mean_values_both_"/>
    <testcase time="0.0479999999997744" classname="ds.mean_smk_type_both" name="mean_values_both_"/>
    <testcase time="0.00199999999995271" classname="ds.mean_smk_type_both" name="mean_values_both_"/>
    <testcase time="0.00300000000015643" classname="ds.mean_smk_type_both" name="mean_values_both_"/>
    <testcase time="0.00299999999970169" classname="ds.mean_smk_type_both" name="mean_values_both_"/>
    <testcase time="0.00200000000040745" classname="ds.mean_smk_type_both" name="mean_values_both_"/>
    <testcase time="0.00299999999970169" classname="ds.mean_smk_type_both" name="mean_values_both_"/>
    <testcase time="0.00300000000015643" classname="ds.mean_smk_type_both" name="mean_values_both_"/>
    <testcase time="0.00199999999995271" classname="ds.mean_smk_type_both" name="mean_values_both_"/>
    <testcase time="0.00300000000015643" classname="ds.mean_smk_type_both" name="mean_values_both_"/>
    <testcase time="0.00299999999970169" classname="ds.mean_smk_type_both" name="mean_values_both_"/>
    <testcase time="0.00199999999995271" classname="ds.mean_smk_type_both" name="mean_values_both_"/>
    <testcase time="0.00300000000015643" classname="ds.mean_smk_type_both" name="mean_values_both_"/>
  </testsuite>
  <testsuite name="ds.mean::smk::type=combine,save.mean.Nvalid=TRUE" timestamp="2025-10-28T12:57:31Z" hostname="runnervmwhb2z" tests="23" skipped="0" failures="0" errors="0" time="0.533">
    <testcase time="0.44399999999996" classname="ds.mean_smk_type_combine_save.mean.Nvalid_TRUE" name="mean_values_combine_"/>
    <testcase time="0.00199999999995271" classname="ds.mean_smk_type_combine_save.mean.Nvalid_TRUE" name="mean_values_combine_"/>
    <testcase time="0.00100000000020373" classname="ds.mean_smk_type_combine_save.mean.Nvalid_TRUE" name="mean_values_combine_"/>
    <testcase time="0.000999999999748979" classname="ds.mean_smk_type_combine_save.mean.Nvalid_TRUE" name="mean_values_combine_"/>
    <testcase time="0.00199999999995271" classname="ds.mean_smk_type_combine_save.mean.Nvalid_TRUE" name="mean_values_combine_"/>
    <testcase time="0.00100000000020373" classname="ds.mean_smk_type_combine_save.mean.Nvalid_TRUE" name="mean_values_combine_"/>
    <testcase time="0.00799999999981083" classname="ds.mean_smk_type_combine_save.mean.Nvalid_TRUE" name="mean_values_combine_"/>
    <testcase time="0.00100000000020373" classname="ds.mean_smk_type_combine_save.mean.Nvalid_TRUE" name="mean_values_combine_"/>
    <testcase time="0.000999999999748979" classname="ds.mean_smk_type_combine_save.mean.Nvalid_TRUE" name="mean_values_combine_"/>
    <testcase time="0.00100000000020373" classname="ds.mean_smk_type_combine_save.mean.Nvalid_TRUE" name="mean_values_combine_"/>
    <testcase time="0.00100000000020373" classname="ds.mean_smk_type_combine_save.mean.Nvalid_TRUE" name="mean_values_combine_"/>
    <testcase time="0.0419999999999163" classname="ds.mean_smk_type_combine_save.mean.Nvalid_TRUE" name="mean_values_combine_"/>
    <testcase time="0.00199999999995271" classname="ds.mean_smk_type_combine_save.mean.Nvalid_TRUE" name="mean_values_combine_"/>
    <testcase time="0.00300000000015643" classname="ds.mean_smk_type_combine_save.mean.Nvalid_TRUE" name="mean_values_combine_"/>
    <testcase time="0.00199999999995271" classname="ds.mean_smk_type_combine_save.mean.Nvalid_TRUE" name="mean_values_combine_"/>
    <testcase time="0.00299999999970169" classname="ds.mean_smk_type_combine_save.mean.Nvalid_TRUE" name="mean_values_combine_"/>
    <testcase time="0.00199999999995271" classname="ds.mean_smk_type_combine_save.mean.Nvalid_TRUE" name="mean_values_combine_"/>
    <testcase time="0.00300000000015643" classname="ds.mean_smk_type_combine_save.mean.Nvalid_TRUE" name="mean_values_combine_"/>
    <testcase time="0.00199999999995271" classname="ds.mean_smk_type_combine_save.mean.Nvalid_TRUE" name="mean_values_combine_"/>
    <testcase time="0.00300000000015643" classname="ds.mean_smk_type_combine_save.mean.Nvalid_TRUE" name="mean_values_combine_"/>
    <testcase time="0.00299999999970169" classname="ds.mean_smk_type_combine_save.mean.Nvalid_TRUE" name="mean_values_combine_"/>
    <testcase time="0.00200000000040745" classname="ds.mean_smk_type_combine_save.mean.Nvalid_TRUE" name="mean_values_combine_"/>
    <testcase time="0.00299999999970169" classname="ds.mean_smk_type_combine_save.mean.Nvalid_TRUE" name="mean_values_combine_"/>
  </testsuite>
  <testsuite name="ds.mean::smk::type=split,save.mean.Nvalid=TRUE" timestamp="2025-10-28T12:57:31Z" hostname="runnervmwhb2z" tests="31" skipped="0" failures="0" errors="0" time="0.542">
    <testcase time="0.451000000000022" classname="ds.mean_smk_type_split_save.mean.Nvalid_TRUE" name="mean_values_split_"/>
    <testcase time="0.00100000000020373" classname="ds.mean_smk_type_split_save.mean.Nvalid_TRUE" name="mean_values_split_"/>
    <testcase time="0.000999999999748979" classname="ds.mean_smk_type_split_save.mean.Nvalid_TRUE" name="mean_values_split_"/>
    <testcase time="0.00100000000020373" classname="ds.mean_smk_type_split_save.mean.Nvalid_TRUE" name="mean_values_split_"/>
    <testcase time="0.00199999999995271" classname="ds.mean_smk_type_split_save.mean.Nvalid_TRUE" name="mean_values_split_"/>
    <testcase time="0.000999999999748979" classname="ds.mean_smk_type_split_save.mean.Nvalid_TRUE" name="mean_values_split_"/>
    <testcase time="0.00100000000020373" classname="ds.mean_smk_type_split_save.mean.Nvalid_TRUE" name="mean_values_split_"/>
    <testcase time="0.00100000000020373" classname="ds.mean_smk_type_split_save.mean.Nvalid_TRUE" name="mean_values_split_"/>
    <testcase time="0.000999999999748979" classname="ds.mean_smk_type_split_save.mean.Nvalid_TRUE" name="mean_values_split_"/>
    <testcase time="0.00199999999995271" classname="ds.mean_smk_type_split_save.mean.Nvalid_TRUE" name="mean_values_split_"/>
    <testcase time="0.00100000000020373" classname="ds.mean_smk_type_split_save.mean.Nvalid_TRUE" name="mean_values_split_"/>
    <testcase time="0.000999999999748979" classname="ds.mean_smk_type_split_save.mean.Nvalid_TRUE" name="mean_values_split_"/>
    <testcase time="0.00100000000020373" classname="ds.mean_smk_type_split_save.mean.Nvalid_TRUE" name="mean_values_split_"/>
    <testcase time="0.00199999999995271" classname="ds.mean_smk_type_split_save.mean.Nvalid_TRUE" name="mean_values_split_"/>
    <testcase time="0.00100000000020373" classname="ds.mean_smk_type_split_save.mean.Nvalid_TRUE" name="mean_values_split_"/>
    <testcase time="0.000999999999748979" classname="ds.mean_smk_type_split_save.mean.Nvalid_TRUE" name="mean_values_split_"/>
    <testcase time="0.00100000000020373" classname="ds.mean_smk_type_split_save.mean.Nvalid_TRUE" name="mean_values_split_"/>
    <testcase time="0.000999999999748979" classname="ds.mean_smk_type_split_save.mean.Nvalid_TRUE" name="mean_values_split_"/>
    <testcase time="0.00100000000020373" classname="ds.mean_smk_type_split_save.mean.Nvalid_TRUE" name="mean_values_split_"/>
    <testcase time="0.0419999999999163" classname="ds.mean_smk_type_split_save.mean.Nvalid_TRUE" name="mean_values_split_"/>
    <testcase time="0.00199999999995271" classname="ds.mean_smk_type_split_save.mean.Nvalid_TRUE" name="mean_values_split_"/>
    <testcase time="0.00300000000015643" classname="ds.mean_smk_type_split_save.mean.Nvalid_TRUE" name="mean_values_split_"/>
    <testcase time="0.00199999999995271" classname="ds.mean_smk_type_split_save.mean.Nvalid_TRUE" name="mean_values_split_"/>
    <testcase time="0.00299999999970169" classname="ds.mean_smk_type_split_save.mean.Nvalid_TRUE" name="mean_values_split_"/>
    <testcase time="0.00300000000015643" classname="ds.mean_smk_type_split_save.mean.Nvalid_TRUE" name="mean_values_split_"/>
    <testcase time="0.00199999999995271" classname="ds.mean_smk_type_split_save.mean.Nvalid_TRUE" name="mean_values_split_"/>
    <testcase time="0.00300000000015643" classname="ds.mean_smk_type_split_save.mean.Nvalid_TRUE" name="mean_values_split_"/>
    <testcase time="0.00199999999995271" classname="ds.mean_smk_type_split_save.mean.Nvalid_TRUE" name="mean_values_split_"/>
    <testcase time="0.00300000000015643" classname="ds.mean_smk_type_split_save.mean.Nvalid_TRUE" name="mean_values_split_"/>
    <testcase time="0.00299999999970169" classname="ds.mean_smk_type_split_save.mean.Nvalid_TRUE" name="mean_values_split_"/>
    <testcase time="0.00199999999995271" classname="ds.mean_smk_type_split_save.mean.Nvalid_TRUE" name="mean_values_split_"/>
  </testsuite>
  <testsuite name="ds.mean::smk::type=both,save.mean.Nvalid=TRUE" timestamp="2025-10-28T12:57:32Z" hostname="runnervmwhb2z" tests="36" skipped="0" failures="0" errors="0" time="0.403">
    <testcase time="0.296000000000276" classname="ds.mean_smk_type_both_save.mean.Nvalid_TRUE" name="mean_values_both_"/>
    <testcase time="0.000999999999748979" classname="ds.mean_smk_type_both_save.mean.Nvalid_TRUE" name="mean_values_both_"/>
    <testcase time="0.00199999999995271" classname="ds.mean_smk_type_both_save.mean.Nvalid_TRUE" name="mean_values_both_"/>
    <testcase time="0.00100000000020373" classname="ds.mean_smk_type_both_save.mean.Nvalid_TRUE" name="mean_values_both_"/>
    <testcase time="0.00100000000020373" classname="ds.mean_smk_type_both_save.mean.Nvalid_TRUE" name="mean_values_both_"/>
    <testcase time="0.000999999999748979" classname="ds.mean_smk_type_both_save.mean.Nvalid_TRUE" name="mean_values_both_"/>
    <testcase time="0.00199999999995271" classname="ds.mean_smk_type_both_save.mean.Nvalid_TRUE" name="mean_values_both_"/>
    <testcase time="0.00100000000020373" classname="ds.mean_smk_type_both_save.mean.Nvalid_TRUE" name="mean_values_both_"/>
    <testcase time="0.000999999999748979" classname="ds.mean_smk_type_both_save.mean.Nvalid_TRUE" name="mean_values_both_"/>
    <testcase time="0.00100000000020373" classname="ds.mean_smk_type_both_save.mean.Nvalid_TRUE" name="mean_values_both_"/>
    <testcase time="0.00199999999995271" classname="ds.mean_smk_type_both_save.mean.Nvalid_TRUE" name="mean_values_both_"/>
    <testcase time="0.00100000000020373" classname="ds.mean_smk_type_both_save.mean.Nvalid_TRUE" name="mean_values_both_"/>
    <testcase time="0.000999999999748979" classname="ds.mean_smk_type_both_save.mean.Nvalid_TRUE" name="mean_values_both_"/>
    <testcase time="0.00100000000020373" classname="ds.mean_smk_type_both_save.mean.Nvalid_TRUE" name="mean_values_both_"/>
    <testcase time="0.00199999999995271" classname="ds.mean_smk_type_both_save.mean.Nvalid_TRUE" name="mean_values_both_"/>
    <testcase time="0.000999999999748979" classname="ds.mean_smk_type_both_save.mean.Nvalid_TRUE" name="mean_values_both_"/>
    <testcase time="0.00100000000020373" classname="ds.mean_smk_type_both_save.mean.Nvalid_TRUE" name="mean_values_both_"/>
    <testcase time="0.000999999999748979" classname="ds.mean_smk_type_both_save.mean.Nvalid_TRUE" name="mean_values_both_"/>
    <testcase time="0.00200000000040745" classname="ds.mean_smk_type_both_save.mean.Nvalid_TRUE" name="mean_values_both_"/>
    <testcase time="0.000999999999748979" classname="ds.mean_smk_type_both_save.mean.Nvalid_TRUE" name="mean_values_both_"/>
    <testcase time="0.00100000000020373" classname="ds.mean_smk_type_both_save.mean.Nvalid_TRUE" name="mean_values_both_"/>
    <testcase time="0.000999999999748979" classname="ds.mean_smk_type_both_save.mean.Nvalid_TRUE" name="mean_values_both_"/>
    <testcase time="0.00199999999995271" classname="ds.mean_smk_type_both_save.mean.Nvalid_TRUE" name="mean_values_both_"/>
    <testcase time="0.00100000000020373" classname="ds.mean_smk_type_both_save.mean.Nvalid_TRUE" name="mean_values_both_"/>
    <testcase time="0.0409999999997126" classname="ds.mean_smk_type_both_save.mean.Nvalid_TRUE" name="mean_values_both_"/>
    <testcase time="0.00300000000015643" classname="ds.mean_smk_type_both_save.mean.Nvalid_TRUE" name="mean_values_both_"/>
    <testcase time="0.00300000000015643" classname="ds.mean_smk_type_both_save.mean.Nvalid_TRUE" name="mean_values_both_"/>
    <testcase time="0.00199999999995271" classname="ds.mean_smk_type_both_save.mean.Nvalid_TRUE" name="mean_values_both_"/>
    <testcase time="0.00300000000015643" classname="ds.mean_smk_type_both_save.mean.Nvalid_TRUE" name="mean_values_both_"/>
    <testcase time="0.00999999999976353" classname="ds.mean_smk_type_both_save.mean.Nvalid_TRUE" name="mean_values_both_"/>
    <testcase time="0.00300000000015643" classname="ds.mean_smk_type_both_save.mean.Nvalid_TRUE" name="mean_values_both_"/>
    <testcase time="0.00199999999995271" classname="ds.mean_smk_type_both_save.mean.Nvalid_TRUE" name="mean_values_both_"/>
    <testcase time="0.00299999999970169" classname="ds.mean_smk_type_both_save.mean.Nvalid_TRUE" name="mean_values_both_"/>
    <testcase time="0.00300000000015643" classname="ds.mean_smk_type_both_save.mean.Nvalid_TRUE" name="mean_values_both_"/>
    <testcase time="0.00199999999995271" classname="ds.mean_smk_type_both_save.mean.Nvalid_TRUE" name="mean_values_both_"/>
    <testcase time="0.00300000000015643" classname="ds.mean_smk_type_both_save.mean.Nvalid_TRUE" name="mean_values_both_"/>
  </testsuite>
  <testsuite name="ds.mean::smk::shutdown" timestamp="2025-10-28T12:57:32Z" hostname="runnervmwhb2z" tests="3" skipped="0" failures="0" errors="0" time="0.049">
    <testcase time="0.0459999999998217" classname="ds.mean_smk_shutdown" name="shutdown"/>
    <testcase time="0.00199999999995271" classname="ds.mean_smk_shutdown" name="shutdown"/>
    <testcase time="0.00100000000020373" classname="ds.mean_smk_shutdown" name="shutdown"/>
  </testsuite>
  <testsuite name="ds.mean::smk::done" timestamp="2025-10-28T12:57:33Z" hostname="runnervmwhb2z" tests="0" skipped="0" failures="0" errors="0" time="0"/>
  <testsuite name="smk-ds.meanByClass" timestamp="2025-10-28T12:57:33Z" hostname="runnervmwhb2z" tests="0" skipped="0" failures="0" errors="0" time="0"/>
  <testsuite name="ds.meanByClass::smk::setup" timestamp="2025-10-28T12:57:33Z" hostname="runnervmwhb2z" tests="3" skipped="0" failures="0" errors="0" time="7.347">
    <testcase time="7.3449999999998" classname="ds.meanByClass_smk_setup" name="setup"/>
    <testcase time="0.00100000000020373" classname="ds.meanByClass_smk_setup" name="setup"/>
    <testcase time="0.000999999999748979" classname="ds.meanByClass_smk_setup" name="setup"/>
  </testsuite>
  <testsuite name="ds.meanByClass::smk::LAB_TSC across PM_BMI_CATEGORICAL categories where both vectors are 'loose'" timestamp="2025-10-28T12:57:40Z" hostname="runnervmwhb2z" tests="7" skipped="0" failures="0" errors="0" time="1.15">
    <testcase time="1.14300000000003" classname="ds.meanByClass_smk_LAB_TSC_across_PM_BMI_CATEGORICAL_categories_where_both_vectors_are_loose_" name="LAB_TSC_across_"/>
    <testcase time="0.00100000000020373" classname="ds.meanByClass_smk_LAB_TSC_across_PM_BMI_CATEGORICAL_categories_where_both_vectors_are_loose_" name="LAB_TSC_across_"/>
    <testcase time="0.00100000000020373" classname="ds.meanByClass_smk_LAB_TSC_across_PM_BMI_CATEGORICAL_categories_where_both_vectors_are_loose_" name="LAB_TSC_across_"/>
    <testcase time="0.00199999999995271" classname="ds.meanByClass_smk_LAB_TSC_across_PM_BMI_CATEGORICAL_categories_where_both_vectors_are_loose_" name="LAB_TSC_across_"/>
    <testcase time="0.000999999999748979" classname="ds.meanByClass_smk_LAB_TSC_across_PM_BMI_CATEGORICAL_categories_where_both_vectors_are_loose_" name="LAB_TSC_across_"/>
    <testcase time="0.00100000000020373" classname="ds.meanByClass_smk_LAB_TSC_across_PM_BMI_CATEGORICAL_categories_where_both_vectors_are_loose_" name="LAB_TSC_across_"/>
    <testcase time="0.000999999999748979" classname="ds.meanByClass_smk_LAB_TSC_across_PM_BMI_CATEGORICAL_categories_where_both_vectors_are_loose_" name="LAB_TSC_across_"/>
  </testsuite>
  <testsuite name="ds.meanByClass::smk::calculate the mean proportion for LAB_HDL across PM_BMI_CATEGORICAL categories" timestamp="2025-10-28T12:57:41Z" hostname="runnervmwhb2z" tests="7" skipped="0" failures="0" errors="0" time="0.838">
    <testcase time="0.831000000000131" classname="ds.meanByClass_smk_calculate_the_mean_proportion_for_LAB_HDL_across_PM_BMI_CATEGORICAL_categories" name="LAB_HDL_across_PM_BMI_CATEGORICAL"/>
    <testcase time="0.00100000000020373" classname="ds.meanByClass_smk_calculate_the_mean_proportion_for_LAB_HDL_across_PM_BMI_CATEGORICAL_categories" name="LAB_HDL_across_PM_BMI_CATEGORICAL"/>
    <testcase time="0.000999999999748979" classname="ds.meanByClass_smk_calculate_the_mean_proportion_for_LAB_HDL_across_PM_BMI_CATEGORICAL_categories" name="LAB_HDL_across_PM_BMI_CATEGORICAL"/>
    <testcase time="0.00100000000020373" classname="ds.meanByClass_smk_calculate_the_mean_proportion_for_LAB_HDL_across_PM_BMI_CATEGORICAL_categories" name="LAB_HDL_across_PM_BMI_CATEGORICAL"/>
    <testcase time="0.00199999999995271" classname="ds.meanByClass_smk_calculate_the_mean_proportion_for_LAB_HDL_across_PM_BMI_CATEGORICAL_categories" name="LAB_HDL_across_PM_BMI_CATEGORICAL"/>
    <testcase time="0.000999999999748979" classname="ds.meanByClass_smk_calculate_the_mean_proportion_for_LAB_HDL_across_PM_BMI_CATEGORICAL_categories" name="LAB_HDL_across_PM_BMI_CATEGORICAL"/>
    <testcase time="0.00100000000020373" classname="ds.meanByClass_smk_calculate_the_mean_proportion_for_LAB_HDL_across_PM_BMI_CATEGORICAL_categories" name="LAB_HDL_across_PM_BMI_CATEGORICAL"/>
  </testsuite>
  <testsuite name="ds.meanByClass::smk::calculate the mean proportion for LAB_HDL &amp; LAB_TSC across bmi categories" timestamp="2025-10-28T12:57:42Z" hostname="runnervmwhb2z" tests="13" skipped="0" failures="0" errors="0" time="1.064">
    <testcase time="1.04899999999998" classname="ds.meanByClass_smk_calculate_the_mean_proportion_for_LAB_HDL_LAB_TSC_across_bmi_categories" name="LAB_HDL_LAB_TSC_across_PM_BMI_CATEGORICAL"/>
    <testcase time="0.00199999999995271" classname="ds.meanByClass_smk_calculate_the_mean_proportion_for_LAB_HDL_LAB_TSC_across_bmi_categories" name="LAB_HDL_LAB_TSC_across_PM_BMI_CATEGORICAL"/>
    <testcase time="0.00100000000020373" classname="ds.meanByClass_smk_calculate_the_mean_proportion_for_LAB_HDL_LAB_TSC_across_bmi_categories" name="LAB_HDL_LAB_TSC_across_PM_BMI_CATEGORICAL"/>
    <testcase time="0.000999999999748979" classname="ds.meanByClass_smk_calculate_the_mean_proportion_for_LAB_HDL_LAB_TSC_across_bmi_categories" name="LAB_HDL_LAB_TSC_across_PM_BMI_CATEGORICAL"/>
    <testcase time="0.00100000000020373" classname="ds.meanByClass_smk_calculate_the_mean_proportion_for_LAB_HDL_LAB_TSC_across_bmi_categories" name="LAB_HDL_LAB_TSC_across_PM_BMI_CATEGORICAL"/>
    <testcase time="0.00199999999995271" classname="ds.meanByClass_smk_calculate_the_mean_proportion_for_LAB_HDL_LAB_TSC_across_bmi_categories" name="LAB_HDL_LAB_TSC_across_PM_BMI_CATEGORICAL"/>
    <testcase time="0.000999999999748979" classname="ds.meanByClass_smk_calculate_the_mean_proportion_for_LAB_HDL_LAB_TSC_across_bmi_categories" name="LAB_HDL_LAB_TSC_across_PM_BMI_CATEGORICAL"/>
    <testcase time="0.00100000000020373" classname="ds.meanByClass_smk_calculate_the_mean_proportion_for_LAB_HDL_LAB_TSC_across_bmi_categories" name="LAB_HDL_LAB_TSC_across_PM_BMI_CATEGORICAL"/>
    <testcase time="0.000999999999748979" classname="ds.meanByClass_smk_calculate_the_mean_proportion_for_LAB_HDL_LAB_TSC_across_bmi_categories" name="LAB_HDL_LAB_TSC_across_PM_BMI_CATEGORICAL"/>
    <testcase time="0.00100000000020373" classname="ds.meanByClass_smk_calculate_the_mean_proportion_for_LAB_HDL_LAB_TSC_across_bmi_categories" name="LAB_HDL_LAB_TSC_across_PM_BMI_CATEGORICAL"/>
    <testcase time="0.00100000000020373" classname="ds.meanByClass_smk_calculate_the_mean_proportion_for_LAB_HDL_LAB_TSC_across_bmi_categories" name="LAB_HDL_LAB_TSC_across_PM_BMI_CATEGORICAL"/>
    <testcase time="0.00199999999995271" classname="ds.meanByClass_smk_calculate_the_mean_proportion_for_LAB_HDL_LAB_TSC_across_bmi_categories" name="LAB_HDL_LAB_TSC_across_PM_BMI_CATEGORICAL"/>
    <testcase time="0.000999999999748979" classname="ds.meanByClass_smk_calculate_the_mean_proportion_for_LAB_HDL_LAB_TSC_across_bmi_categories" name="LAB_HDL_LAB_TSC_across_PM_BMI_CATEGORICAL"/>
  </testsuite>
  <testsuite name="ds.meanByClass::smk::calculate the mean proportion for LAB_HDL across PM_BMI_CATEGORICAL categories, split" timestamp="2025-10-28T12:57:43Z" hostname="runnervmwhb2z" tests="22" skipped="0" failures="0" errors="0" time="0.815">
    <testcase time="0.789999999999964" classname="ds.meanByClass_smk_calculate_the_mean_proportion_for_LAB_HDL_across_PM_BMI_CATEGORICAL_categories_split" name="LAB_HDL_across_PM_BMI_CATEGORICAL"/>
    <testcase time="0.00100000000020373" classname="ds.meanByClass_smk_calculate_the_mean_proportion_for_LAB_HDL_across_PM_BMI_CATEGORICAL_categories_split" name="LAB_HDL_across_PM_BMI_CATEGORICAL"/>
    <testcase time="0.000999999999748979" classname="ds.meanByClass_smk_calculate_the_mean_proportion_for_LAB_HDL_across_PM_BMI_CATEGORICAL_categories_split" name="LAB_HDL_across_PM_BMI_CATEGORICAL"/>
    <testcase time="0.00100000000020373" classname="ds.meanByClass_smk_calculate_the_mean_proportion_for_LAB_HDL_across_PM_BMI_CATEGORICAL_categories_split" name="LAB_HDL_across_PM_BMI_CATEGORICAL"/>
    <testcase time="0.00199999999995271" classname="ds.meanByClass_smk_calculate_the_mean_proportion_for_LAB_HDL_across_PM_BMI_CATEGORICAL_categories_split" name="LAB_HDL_across_PM_BMI_CATEGORICAL"/>
    <testcase time="0.00100000000020373" classname="ds.meanByClass_smk_calculate_the_mean_proportion_for_LAB_HDL_across_PM_BMI_CATEGORICAL_categories_split" name="LAB_HDL_across_PM_BMI_CATEGORICAL"/>
    <testcase time="0.000999999999748979" classname="ds.meanByClass_smk_calculate_the_mean_proportion_for_LAB_HDL_across_PM_BMI_CATEGORICAL_categories_split" name="LAB_HDL_across_PM_BMI_CATEGORICAL"/>
    <testcase time="0.00100000000020373" classname="ds.meanByClass_smk_calculate_the_mean_proportion_for_LAB_HDL_across_PM_BMI_CATEGORICAL_categories_split" name="LAB_HDL_across_PM_BMI_CATEGORICAL"/>
    <testcase time="0.000999999999748979" classname="ds.meanByClass_smk_calculate_the_mean_proportion_for_LAB_HDL_across_PM_BMI_CATEGORICAL_categories_split" name="LAB_HDL_across_PM_BMI_CATEGORICAL"/>
    <testcase time="0.00100000000020373" classname="ds.meanByClass_smk_calculate_the_mean_proportion_for_LAB_HDL_across_PM_BMI_CATEGORICAL_categories_split" name="LAB_HDL_across_PM_BMI_CATEGORICAL"/>
    <testcase time="0.00199999999995271" classname="ds.meanByClass_smk_calculate_the_mean_proportion_for_LAB_HDL_across_PM_BMI_CATEGORICAL_categories_split" name="LAB_HDL_across_PM_BMI_CATEGORICAL"/>
    <testcase time="0.000999999999748979" classname="ds.meanByClass_smk_calculate_the_mean_proportion_for_LAB_HDL_across_PM_BMI_CATEGORICAL_categories_split" name="LAB_HDL_across_PM_BMI_CATEGORICAL"/>
    <testcase time="0.00100000000020373" classname="ds.meanByClass_smk_calculate_the_mean_proportion_for_LAB_HDL_across_PM_BMI_CATEGORICAL_categories_split" name="LAB_HDL_across_PM_BMI_CATEGORICAL"/>
    <testcase time="0.00100000000020373" classname="ds.meanByClass_smk_calculate_the_mean_proportion_for_LAB_HDL_across_PM_BMI_CATEGORICAL_categories_split" name="LAB_HDL_across_PM_BMI_CATEGORICAL"/>
    <testcase time="0.00199999999995271" classname="ds.meanByClass_smk_calculate_the_mean_proportion_for_LAB_HDL_across_PM_BMI_CATEGORICAL_categories_split" name="LAB_HDL_across_PM_BMI_CATEGORICAL"/>
    <testcase time="0.000999999999748979" classname="ds.meanByClass_smk_calculate_the_mean_proportion_for_LAB_HDL_across_PM_BMI_CATEGORICAL_categories_split" name="LAB_HDL_across_PM_BMI_CATEGORICAL"/>
    <testcase time="0.00100000000020373" classname="ds.meanByClass_smk_calculate_the_mean_proportion_for_LAB_HDL_across_PM_BMI_CATEGORICAL_categories_split" name="LAB_HDL_across_PM_BMI_CATEGORICAL"/>
    <testcase time="0.000999999999748979" classname="ds.meanByClass_smk_calculate_the_mean_proportion_for_LAB_HDL_across_PM_BMI_CATEGORICAL_categories_split" name="LAB_HDL_across_PM_BMI_CATEGORICAL"/>
    <testcase time="0.00199999999995271" classname="ds.meanByClass_smk_calculate_the_mean_proportion_for_LAB_HDL_across_PM_BMI_CATEGORICAL_categories_split" name="LAB_HDL_across_PM_BMI_CATEGORICAL"/>
    <testcase time="0.00100000000020373" classname="ds.meanByClass_smk_calculate_the_mean_proportion_for_LAB_HDL_across_PM_BMI_CATEGORICAL_categories_split" name="LAB_HDL_across_PM_BMI_CATEGORICAL"/>
    <testcase time="0.000999999999748979" classname="ds.meanByClass_smk_calculate_the_mean_proportion_for_LAB_HDL_across_PM_BMI_CATEGORICAL_categories_split" name="LAB_HDL_across_PM_BMI_CATEGORICAL"/>
    <testcase time="0.00100000000020373" classname="ds.meanByClass_smk_calculate_the_mean_proportion_for_LAB_HDL_across_PM_BMI_CATEGORICAL_categories_split" name="LAB_HDL_across_PM_BMI_CATEGORICAL"/>
  </testsuite>
  <testsuite name="ds.meanByClass::smk::shutdown" timestamp="2025-10-28T12:57:43Z" hostname="runnervmwhb2z" tests="3" skipped="0" failures="0" errors="0" time="0.05">
    <testcase time="0.0480000000002292" classname="ds.meanByClass_smk_shutdown" name="shutdown"/>
    <testcase time="0.000999999999748979" classname="ds.meanByClass_smk_shutdown" name="shutdown"/>
    <testcase time="0.00100000000020373" classname="ds.meanByClass_smk_shutdown" name="shutdown"/>
  </testsuite>
  <testsuite name="ds.meanByClass::smk::done" timestamp="2025-10-28T12:57:44Z" hostname="runnervmwhb2z" tests="0" skipped="0" failures="0" errors="0" time="0"/>
  <testsuite name="smk-ds.meanSdGp" timestamp="2025-10-28T12:57:44Z" hostname="runnervmwhb2z" tests="0" skipped="0" failures="0" errors="0" time="0"/>
  <testsuite name="ds.meanSdGp::smk::setup" timestamp="2025-10-28T12:57:44Z" hostname="runnervmwhb2z" tests="3" skipped="0" failures="0" errors="0" time="7.309">
    <testcase time="7.30699999999979" classname="ds.meanSdGp_smk_setup" name="setup"/>
    <testcase time="0.00100000000020373" classname="ds.meanSdGp_smk_setup" name="setup"/>
    <testcase time="0.000999999999748979" classname="ds.meanSdGp_smk_setup" name="setup"/>
  </testsuite>
  <testsuite name="ds.meanSdGp::smk::type=split" timestamp="2025-10-28T12:57:51Z" hostname="runnervmwhb2z" tests="8" skipped="0" failures="0" errors="0" time="0.19">
    <testcase time="0.172000000000025" classname="ds.meanSdGp_smk_type_split" name="meanSdGp_values_split_"/>
    <testcase time="0.00300000000015643" classname="ds.meanSdGp_smk_type_split" name="meanSdGp_values_split_"/>
    <testcase time="0.00199999999995271" classname="ds.meanSdGp_smk_type_split" name="meanSdGp_values_split_"/>
    <testcase time="0.00300000000015643" classname="ds.meanSdGp_smk_type_split" name="meanSdGp_values_split_"/>
    <testcase time="0.00299999999970169" classname="ds.meanSdGp_smk_type_split" name="meanSdGp_values_split_"/>
    <testcase time="0.00199999999995271" classname="ds.meanSdGp_smk_type_split" name="meanSdGp_values_split_"/>
    <testcase time="0.00300000000015643" classname="ds.meanSdGp_smk_type_split" name="meanSdGp_values_split_"/>
    <testcase time="0.00199999999995271" classname="ds.meanSdGp_smk_type_split" name="meanSdGp_values_split_"/>
  </testsuite>
  <testsuite name="ds.meanSdGp::smk::type=combine" timestamp="2025-10-28T12:57:51Z" hostname="runnervmwhb2z" tests="8" skipped="0" failures="0" errors="0" time="0.073">
    <testcase time="0.0549999999998363" classname="ds.meanSdGp_smk_type_combine" name="meanSdGp_values_combine_"/>
    <testcase time="0.00199999999995271" classname="ds.meanSdGp_smk_type_combine" name="meanSdGp_values_combine_"/>
    <testcase time="0.00300000000015643" classname="ds.meanSdGp_smk_type_combine" name="meanSdGp_values_combine_"/>
    <testcase time="0.00299999999970169" classname="ds.meanSdGp_smk_type_combine" name="meanSdGp_values_combine_"/>
    <testcase time="0.00200000000040745" classname="ds.meanSdGp_smk_type_combine" name="meanSdGp_values_combine_"/>
    <testcase time="0.00299999999970169" classname="ds.meanSdGp_smk_type_combine" name="meanSdGp_values_combine_"/>
    <testcase time="0.00199999999995271" classname="ds.meanSdGp_smk_type_combine" name="meanSdGp_values_combine_"/>
    <testcase time="0.00300000000015643" classname="ds.meanSdGp_smk_type_combine" name="meanSdGp_values_combine_"/>
  </testsuite>
  <testsuite name="ds.meanSdGp::smk::type=both" timestamp="2025-10-28T12:57:51Z" hostname="runnervmwhb2z" tests="8" skipped="0" failures="0" errors="0" time="0.064">
    <testcase time="0.0459999999998217" classname="ds.meanSdGp_smk_type_both" name="meanSdGp_values_both_"/>
    <testcase time="0.00300000000015643" classname="ds.meanSdGp_smk_type_both" name="meanSdGp_values_both_"/>
    <testcase time="0.00199999999995271" classname="ds.meanSdGp_smk_type_both" name="meanSdGp_values_both_"/>
    <testcase time="0.00300000000015643" classname="ds.meanSdGp_smk_type_both" name="meanSdGp_values_both_"/>
    <testcase time="0.00199999999995271" classname="ds.meanSdGp_smk_type_both" name="meanSdGp_values_both_"/>
    <testcase time="0.00300000000015643" classname="ds.meanSdGp_smk_type_both" name="meanSdGp_values_both_"/>
    <testcase time="0.00199999999995271" classname="ds.meanSdGp_smk_type_both" name="meanSdGp_values_both_"/>
    <testcase time="0.00299999999970169" classname="ds.meanSdGp_smk_type_both" name="meanSdGp_values_both_"/>
  </testsuite>
  <testsuite name="ds.meanSdGp::smk::shutdown" timestamp="2025-10-28T12:57:51Z" hostname="runnervmwhb2z" tests="3" skipped="0" failures="0" errors="0" time="0.049">
    <testcase time="0.0460000000002765" classname="ds.meanSdGp_smk_shutdown" name="shutdown"/>
    <testcase time="0.000999999999748979" classname="ds.meanSdGp_smk_shutdown" name="shutdown"/>
    <testcase time="0.00199999999995271" classname="ds.meanSdGp_smk_shutdown" name="shutdown"/>
  </testsuite>
  <testsuite name="ds.meanSdGp::smk::done" timestamp="2025-10-28T12:57:51Z" hostname="runnervmwhb2z" tests="0" skipped="0" failures="0" errors="0" time="0"/>
  <testsuite name="smk-ds.merge" timestamp="2025-10-28T12:57:51Z" hostname="runnervmwhb2z" tests="0" skipped="0" failures="0" errors="0" time="0"/>
  <testsuite name="ds.merge::smk::setup" timestamp="2025-10-28T12:57:51Z" hostname="runnervmwhb2z" tests="3" skipped="0" failures="0" errors="0" time="7.304">
    <testcase time="7.30200000000013" classname="ds.merge_smk_setup" name="setup"/>
    <testcase time="0.00100000000020373" classname="ds.merge_smk_setup" name="setup"/>
    <testcase time="0.000999999999748979" classname="ds.merge_smk_setup" name="setup"/>
  </testsuite>
  <testsuite name="ds.merge::smk" timestamp="2025-10-28T12:57:59Z" hostname="runnervmwhb2z" tests="7" skipped="0" failures="0" errors="0" time="1.854">
    <testcase time="1.77199999999993" classname="ds.merge_smk" name="simple_test"/>
    <testcase time="0.000999999999748979" classname="ds.merge_smk" name="simple_test"/>
    <testcase time="0.00100000000020373" classname="ds.merge_smk" name="simple_test"/>
    <testcase time="0.0760000000000218" classname="ds.merge_smk" name="simple_test"/>
    <testcase time="0.000999999999748979" classname="ds.merge_smk" name="simple_test"/>
    <testcase time="0.00200000000040745" classname="ds.merge_smk" name="simple_test"/>
    <testcase time="0.000999999999748979" classname="ds.merge_smk" name="simple_test"/>
  </testsuite>
  <testsuite name="ds.merge::smk::shutdown" timestamp="2025-10-28T12:58:00Z" hostname="runnervmwhb2z" tests="3" skipped="0" failures="0" errors="0" time="0.055">
    <testcase time="0.0520000000001346" classname="ds.merge_smk_shutdown" name="shutdown"/>
    <testcase time="0.00199999999995271" classname="ds.merge_smk_shutdown" name="shutdown"/>
    <testcase time="0.000999999999748979" classname="ds.merge_smk_shutdown" name="shutdown"/>
  </testsuite>
  <testsuite name="ds.merge::smk::done" timestamp="2025-10-28T12:58:01Z" hostname="runnervmwhb2z" tests="0" skipped="0" failures="0" errors="0" time="0"/>
  <testsuite name="smk-ds.message" timestamp="2025-10-28T12:58:01Z" hostname="runnervmwhb2z" tests="0" skipped="0" failures="0" errors="0" time="0"/>
  <testsuite name="ds.message::smk::setup" timestamp="2025-10-28T12:58:01Z" hostname="runnervmwhb2z" tests="3" skipped="0" failures="0" errors="0" time="7.289">
    <testcase time="7.28600000000006" classname="ds.message_smk_setup" name="setup"/>
    <testcase time="0.00199999999995271" classname="ds.message_smk_setup" name="setup"/>
    <testcase time="0.00100000000020373" classname="ds.message_smk_setup" name="setup"/>
  </testsuite>
  <testsuite name="ds.message::smk" timestamp="2025-10-28T12:58:08Z" hostname="runnervmwhb2z" tests="20" skipped="0" failures="0" errors="0" time="0.737">
    <testcase time="0.0459999999998217" classname="ds.message_smk" name="not_exists_request_message"/>
    <testcase time="0.00100000000020373" classname="ds.message_smk" name="not_exists_request_message"/>
    <testcase time="0.00100000000020373" classname="ds.message_smk" name="not_exists_request_message"/>
    <testcase time="0.00100000000020373" classname="ds.message_smk" name="not_exists_request_message"/>
    <testcase time="0.190999999999804" classname="ds.message_smk" name="exists_request_message"/>
    <testcase time="0.00100000000020373" classname="ds.message_smk" name="exists_request_message"/>
    <testcase time="0.00199999999995271" classname="ds.message_smk" name="exists_request_message"/>
    <testcase time="0.000999999999748979" classname="ds.message_smk" name="exists_request_message"/>
    <testcase time="0.139000000000124" classname="ds.message_smk" name="partial_request_message_conn_1"/>
    <testcase time="0.000999999999748979" classname="ds.message_smk" name="partial_request_message_conn_1"/>
    <testcase time="0.00100000000020373" classname="ds.message_smk" name="partial_request_message_conn_1"/>
    <testcase time="0.00199999999995271" classname="ds.message_smk" name="partial_request_message_conn_1"/>
    <testcase time="0.173000000000229" classname="ds.message_smk" name="partial_request_message_conn_2"/>
    <testcase time="0.00199999999995271" classname="ds.message_smk" name="partial_request_message_conn_2"/>
    <testcase time="0.000999999999748979" classname="ds.message_smk" name="partial_request_message_conn_2"/>
    <testcase time="0.00100000000020373" classname="ds.message_smk" name="partial_request_message_conn_2"/>
    <testcase time="0.168999999999869" classname="ds.message_smk" name="partial_request_message_conn_3"/>
    <testcase time="0.00199999999995271" classname="ds.message_smk" name="partial_request_message_conn_3"/>
    <testcase time="0.00100000000020373" classname="ds.message_smk" name="partial_request_message_conn_3"/>
    <testcase time="0.000999999999748979" classname="ds.message_smk" name="partial_request_message_conn_3"/>
  </testsuite>
  <testsuite name="ds.message::smk::shutdown" timestamp="2025-10-28T12:58:08Z" hostname="runnervmwhb2z" tests="3" skipped="0" failures="0" errors="0" time="0.087">
    <testcase time="0.0840000000002874" classname="ds.message_smk_shutdown" name="shutdown"/>
    <testcase time="0.00199999999995271" classname="ds.message_smk_shutdown" name="shutdown"/>
    <testcase time="0.000999999999748979" classname="ds.message_smk_shutdown" name="shutdown"/>
  </testsuite>
  <testsuite name="ds.message::smk::done" timestamp="2025-10-28T12:58:09Z" hostname="runnervmwhb2z" tests="0" skipped="0" failures="0" errors="0" time="0"/>
  <testsuite name="smk-ds.metadata" timestamp="2025-10-28T12:58:09Z" hostname="runnervmwhb2z" tests="0" skipped="0" failures="0" errors="0" time="0"/>
  <testsuite name="ds.metadata::smk::setup" timestamp="2025-10-28T12:58:09Z" hostname="runnervmwhb2z" tests="3" skipped="0" failures="0" errors="0" time="7.326">
    <testcase time="7.32400000000007" classname="ds.metadata_smk_setup" name="setup"/>
    <testcase time="0.00100000000020373" classname="ds.metadata_smk_setup" name="setup"/>
    <testcase time="0.000999999999748979" classname="ds.metadata_smk_setup" name="setup"/>
  </testsuite>
  <testsuite name="ds.metadata::smk" timestamp="2025-10-28T12:58:16Z" hostname="runnervmwhb2z" tests="22" skipped="0" failures="0" errors="0" time="0.201">
    <testcase time="0.0869999999999891" classname="ds.metadata_smk" name="data.frame_metadata"/>
    <testcase time="0.00199999999995271" classname="ds.metadata_smk" name="data.frame_metadata"/>
    <testcase time="0.00100000000020373" classname="ds.metadata_smk" name="data.frame_metadata"/>
    <testcase time="0.00199999999995271" classname="ds.metadata_smk" name="data.frame_metadata"/>
    <testcase time="0.00300000000015643" classname="ds.metadata_smk" name="data.frame_metadata"/>
    <testcase time="0.000999999999748979" classname="ds.metadata_smk" name="data.frame_metadata"/>
    <testcase time="0.00100000000020373" classname="ds.metadata_smk" name="data.frame_metadata"/>
    <testcase time="0.000999999999748979" classname="ds.metadata_smk" name="data.frame_metadata"/>
    <testcase time="0.00300000000015643" classname="ds.metadata_smk" name="data.frame_metadata"/>
    <testcase time="0.00300000000015643" classname="ds.metadata_smk" name="data.frame_metadata"/>
    <testcase time="0.000999999999748979" classname="ds.metadata_smk" name="data.frame_metadata"/>
    <testcase time="0.00100000000020373" classname="ds.metadata_smk" name="data.frame_metadata"/>
    <testcase time="0.000999999999748979" classname="ds.metadata_smk" name="data.frame_metadata"/>
    <testcase time="0.00300000000015643" classname="ds.metadata_smk" name="data.frame_metadata"/>
    <testcase time="0.00199999999995271" classname="ds.metadata_smk" name="data.frame_metadata"/>
    <testcase time="0.00199999999995271" classname="ds.metadata_smk" name="data.frame_metadata"/>
    <testcase time="0.00100000000020373" classname="ds.metadata_smk" name="data.frame_metadata"/>
    <testcase time="0.081000000000131" classname="ds.metadata_smk" name="column_metadata"/>
    <testcase time="0.00199999999995271" classname="ds.metadata_smk" name="column_metadata"/>
    <testcase time="0.000999999999748979" classname="ds.metadata_smk" name="column_metadata"/>
    <testcase time="0.00100000000020373" classname="ds.metadata_smk" name="column_metadata"/>
    <testcase time="0.000999999999748979" classname="ds.metadata_smk" name="column_metadata"/>
  </testsuite>
  <testsuite name="ds.metadata::smk::shutdown" timestamp="2025-10-28T12:58:16Z" hostname="runnervmwhb2z" tests="3" skipped="0" failures="0" errors="0" time="0.05">
    <testcase time="0.0470000000000255" classname="ds.metadata_smk_shutdown" name="shutdown"/>
    <testcase time="0.00199999999995271" classname="ds.metadata_smk_shutdown" name="shutdown"/>
    <testcase time="0.00100000000020373" classname="ds.metadata_smk_shutdown" name="shutdown"/>
  </testsuite>
  <testsuite name="ds.metadata::smk::done" timestamp="2025-10-28T12:58:16Z" hostname="runnervmwhb2z" tests="0" skipped="0" failures="0" errors="0" time="0"/>
  <testsuite name="smk-ds.mice" timestamp="2025-10-28T12:58:16Z" hostname="runnervmwhb2z" tests="0" skipped="0" failures="0" errors="0" time="0"/>
  <testsuite name="ds.mice::smk::setup" timestamp="2025-10-28T12:58:16Z" hostname="runnervmwhb2z" tests="3" skipped="0" failures="0" errors="0" time="7.353">
    <testcase time="7.35100000000011" classname="ds.mice_smk_setup" name="setup"/>
    <testcase time="0.000999999999748979" classname="ds.mice_smk_setup" name="setup"/>
    <testcase time="0.00100000000020373" classname="ds.mice_smk_setup" name="setup"/>
  </testsuite>
  <testsuite name="ds.mice::smk::imp1" timestamp="2025-10-28T12:58:23Z" hostname="runnervmwhb2z" tests="24" skipped="0" failures="0" errors="0" time="2.664">
    <testcase time="2.53099999999995" classname="ds.mice_smk_imp1" name="mice_initial_imputation"/>
    <testcase time="0.000999999999748979" classname="ds.mice_smk_imp1" name="mice_initial_imputation"/>
    <testcase time="0.00100000000020373" classname="ds.mice_smk_imp1" name="mice_initial_imputation"/>
    <testcase time="0.00100000000020373" classname="ds.mice_smk_imp1" name="mice_initial_imputation"/>
    <testcase time="0.00299999999970169" classname="ds.mice_smk_imp1" name="mice_initial_imputation"/>
    <testcase time="0.00100000000020373" classname="ds.mice_smk_imp1" name="mice_initial_imputation"/>
    <testcase time="0.00299999999970169" classname="ds.mice_smk_imp1" name="mice_initial_imputation"/>
    <testcase time="0.00199999999995271" classname="ds.mice_smk_imp1" name="mice_initial_imputation"/>
    <testcase time="0.00100000000020373" classname="ds.mice_smk_imp1" name="mice_initial_imputation"/>
    <testcase time="0.00199999999995271" classname="ds.mice_smk_imp1" name="mice_initial_imputation"/>
    <testcase time="0.00100000000020373" classname="ds.mice_smk_imp1" name="mice_initial_imputation"/>
    <testcase time="0.000999999999748979" classname="ds.mice_smk_imp1" name="mice_initial_imputation"/>
    <testcase time="0.00199999999995271" classname="ds.mice_smk_imp1" name="mice_initial_imputation"/>
    <testcase time="0.00100000000020373" classname="ds.mice_smk_imp1" name="mice_initial_imputation"/>
    <testcase time="0.000999999999748979" classname="ds.mice_smk_imp1" name="mice_initial_imputation"/>
    <testcase time="0.00100000000020373" classname="ds.mice_smk_imp1" name="mice_initial_imputation"/>
    <testcase time="0.00199999999995271" classname="ds.mice_smk_imp1" name="mice_initial_imputation"/>
    <testcase time="0.00100000000020373" classname="ds.mice_smk_imp1" name="mice_initial_imputation"/>
    <testcase time="0.000999999999748979" classname="ds.mice_smk_imp1" name="mice_initial_imputation"/>
    <testcase time="0.00300000000015643" classname="ds.mice_smk_imp1" name="mice_initial_imputation"/>
    <testcase time="0.000999999999748979" classname="ds.mice_smk_imp1" name="mice_initial_imputation"/>
    <testcase time="0.100000000000364" classname="ds.mice_smk_imp1" name="mice_initial_imputation"/>
    <testcase time="0.000999999999748979" classname="ds.mice_smk_imp1" name="mice_initial_imputation"/>
    <testcase time="0.00199999999995271" classname="ds.mice_smk_imp1" name="mice_initial_imputation"/>
  </testsuite>
  <testsuite name="ds.mice::smk::imp2" timestamp="2025-10-28T12:58:26Z" hostname="runnervmwhb2z" tests="36" skipped="0" failures="0" errors="0" time="4.631">
    <testcase time="4.09000000000015" classname="ds.mice_smk_imp2" name="mice_second_imputation"/>
    <testcase time="0.000999999999748979" classname="ds.mice_smk_imp2" name="mice_second_imputation"/>
    <testcase time="0.00100000000020373" classname="ds.mice_smk_imp2" name="mice_second_imputation"/>
    <testcase time="0.00100000000020373" classname="ds.mice_smk_imp2" name="mice_second_imputation"/>
    <testcase time="0.00299999999970169" classname="ds.mice_smk_imp2" name="mice_second_imputation"/>
    <testcase time="0.00100000000020373" classname="ds.mice_smk_imp2" name="mice_second_imputation"/>
    <testcase time="0.00199999999995271" classname="ds.mice_smk_imp2" name="mice_second_imputation"/>
    <testcase time="0.00300000000015643" classname="ds.mice_smk_imp2" name="mice_second_imputation"/>
    <testcase time="0.000999999999748979" classname="ds.mice_smk_imp2" name="mice_second_imputation"/>
    <testcase time="0.00199999999995271" classname="ds.mice_smk_imp2" name="mice_second_imputation"/>
    <testcase time="0.00100000000020373" classname="ds.mice_smk_imp2" name="mice_second_imputation"/>
    <testcase time="0.000999999999748979" classname="ds.mice_smk_imp2" name="mice_second_imputation"/>
    <testcase time="0.00100000000020373" classname="ds.mice_smk_imp2" name="mice_second_imputation"/>
    <testcase time="0.00199999999995271" classname="ds.mice_smk_imp2" name="mice_second_imputation"/>
    <testcase time="0.00100000000020373" classname="ds.mice_smk_imp2" name="mice_second_imputation"/>
    <testcase time="0.000999999999748979" classname="ds.mice_smk_imp2" name="mice_second_imputation"/>
    <testcase time="0.00100000000020373" classname="ds.mice_smk_imp2" name="mice_second_imputation"/>
    <testcase time="0.00199999999995271" classname="ds.mice_smk_imp2" name="mice_second_imputation"/>
    <testcase time="0.000999999999748979" classname="ds.mice_smk_imp2" name="mice_second_imputation"/>
    <testcase time="0.00199999999995271" classname="ds.mice_smk_imp2" name="mice_second_imputation"/>
    <testcase time="0.00200000000040745" classname="ds.mice_smk_imp2" name="mice_second_imputation"/>
    <testcase time="0.0979999999999563" classname="ds.mice_smk_imp2" name="mice_second_imputation"/>
    <testcase time="0.00199999999995271" classname="ds.mice_smk_imp2" name="mice_second_imputation"/>
    <testcase time="0.000999999999748979" classname="ds.mice_smk_imp2" name="mice_second_imputation"/>
    <testcase time="0.0990000000001601" classname="ds.mice_smk_imp2" name="mice_second_imputation"/>
    <testcase time="0.00199999999995271" classname="ds.mice_smk_imp2" name="mice_second_imputation"/>
    <testcase time="0.00100000000020373" classname="ds.mice_smk_imp2" name="mice_second_imputation"/>
    <testcase time="0.0979999999999563" classname="ds.mice_smk_imp2" name="mice_second_imputation"/>
    <testcase time="0.00100000000020373" classname="ds.mice_smk_imp2" name="mice_second_imputation"/>
    <testcase time="0.000999999999748979" classname="ds.mice_smk_imp2" name="mice_second_imputation"/>
    <testcase time="0.106000000000222" classname="ds.mice_smk_imp2" name="mice_second_imputation"/>
    <testcase time="0.00199999999995271" classname="ds.mice_smk_imp2" name="mice_second_imputation"/>
    <testcase time="0.000999999999748979" classname="ds.mice_smk_imp2" name="mice_second_imputation"/>
    <testcase time="0.0960000000000036" classname="ds.mice_smk_imp2" name="mice_second_imputation"/>
    <testcase time="0.00200000000040745" classname="ds.mice_smk_imp2" name="mice_second_imputation"/>
    <testcase time="0.000999999999748979" classname="ds.mice_smk_imp2" name="mice_second_imputation"/>
  </testsuite>
  <testsuite name="ds.mice::smk::shutdown" timestamp="2025-10-28T12:58:31Z" hostname="runnervmwhb2z" tests="3" skipped="0" failures="0" errors="0" time="0.048">
    <testcase time="0.0460000000002765" classname="ds.mice_smk_shutdown" name="shutdown"/>
    <testcase time="0.000999999999748979" classname="ds.mice_smk_shutdown" name="shutdown"/>
    <testcase time="0.00100000000020373" classname="ds.mice_smk_shutdown" name="shutdown"/>
  </testsuite>
  <testsuite name="ds.mice::smk::done" timestamp="2025-10-28T12:58:31Z" hostname="runnervmwhb2z" tests="0" skipped="0" failures="0" errors="0" time="0"/>
  <testsuite name="smk-ds.names" timestamp="2025-10-28T12:58:31Z" hostname="runnervmwhb2z" tests="0" skipped="0" failures="0" errors="0" time="0"/>
  <testsuite name="ds.names::smk::setup" timestamp="2025-10-28T12:58:31Z" hostname="runnervmwhb2z" tests="3" skipped="0" failures="0" errors="0" time="7.319">
    <testcase time="7.31700000000001" classname="ds.names_smk_setup" name="setup"/>
    <testcase time="0.000999999999748979" classname="ds.names_smk_setup" name="setup"/>
    <testcase time="0.00100000000020373" classname="ds.names_smk_setup" name="setup"/>
  </testsuite>
  <testsuite name="ds.names::smk" timestamp="2025-10-28T12:58:38Z" hostname="runnervmwhb2z" tests="10" skipped="0" failures="0" errors="0" time="0.271">
    <testcase time="0.259999999999764" classname="ds.names_smk" name="level_names"/>
    <testcase time="0.00100000000020373" classname="ds.names_smk" name="level_names"/>
    <testcase time="0.00199999999995271" classname="ds.names_smk" name="level_names"/>
    <testcase time="0.000999999999748979" classname="ds.names_smk" name="level_names"/>
    <testcase time="0.00100000000020373" classname="ds.names_smk" name="level_names"/>
    <testcase time="0.00100000000020373" classname="ds.names_smk" name="level_names"/>
    <testcase time="0.000999999999748979" classname="ds.names_smk" name="level_names"/>
    <testcase time="0.00199999999995271" classname="ds.names_smk" name="level_names"/>
    <testcase time="0.00100000000020373" classname="ds.names_smk" name="level_names"/>
    <testcase time="0.000999999999748979" classname="ds.names_smk" name="level_names"/>
  </testsuite>
  <testsuite name="ds.names::smk::shutdown" timestamp="2025-10-28T12:58:38Z" hostname="runnervmwhb2z" tests="3" skipped="0" failures="0" errors="0" time="0.049">
    <testcase time="0.0470000000000255" classname="ds.names_smk_shutdown" name="shutdown"/>
    <testcase time="0.00100000000020373" classname="ds.names_smk_shutdown" name="shutdown"/>
    <testcase time="0.000999999999748979" classname="ds.names_smk_shutdown" name="shutdown"/>
  </testsuite>
  <testsuite name="ds.names::smk::done" timestamp="2025-10-28T12:58:39Z" hostname="runnervmwhb2z" tests="0" skipped="0" failures="0" errors="0" time="0"/>
  <testsuite name="smk-ds.ns" timestamp="2025-10-28T12:58:39Z" hostname="runnervmwhb2z" tests="0" skipped="0" failures="0" errors="0" time="0"/>
  <testsuite name="ds.ns::smk::setup" timestamp="2025-10-28T12:58:39Z" hostname="runnervmwhb2z" tests="3" skipped="0" failures="0" errors="0" time="7.325">
    <testcase time="7.32200000000012" classname="ds.ns_smk_setup" name="setup"/>
    <testcase time="0.00199999999995271" classname="ds.ns_smk_setup" name="setup"/>
    <testcase time="0.00100000000020373" classname="ds.ns_smk_setup" name="setup"/>
  </testsuite>
  <testsuite name="ds.ns::smk::test1" timestamp="2025-10-28T12:58:46Z" hostname="runnervmwhb2z" tests="41" skipped="0" failures="0" errors="0" time="0.448">
    <testcase time="0.147999999999683" classname="ds.ns_smk_test1" name="ns"/>
    <testcase time="0.00100000000020373" classname="ds.ns_smk_test1" name="ns"/>
    <testcase time="0.00100000000020373" classname="ds.ns_smk_test1" name="ns"/>
    <testcase time="0.00199999999995271" classname="ds.ns_smk_test1" name="ns"/>
    <testcase time="0.000999999999748979" classname="ds.ns_smk_test1" name="ns"/>
    <testcase time="0.00100000000020373" classname="ds.ns_smk_test1" name="ns"/>
    <testcase time="0.000999999999748979" classname="ds.ns_smk_test1" name="ns"/>
    <testcase time="0.00100000000020373" classname="ds.ns_smk_test1" name="ns"/>
    <testcase time="0.00199999999995271" classname="ds.ns_smk_test1" name="ns"/>
    <testcase time="0.00100000000020373" classname="ds.ns_smk_test1" name="ns"/>
    <testcase time="0.238999999999578" classname="ds.ns_smk_test1" name="ns"/>
    <testcase time="0.00100000000020373" classname="ds.ns_smk_test1" name="ns"/>
    <testcase time="0.00199999999995271" classname="ds.ns_smk_test1" name="ns"/>
    <testcase time="0.00100000000020373" classname="ds.ns_smk_test1" name="ns"/>
    <testcase time="0.000999999999748979" classname="ds.ns_smk_test1" name="ns"/>
    <testcase time="0.00199999999995271" classname="ds.ns_smk_test1" name="ns"/>
    <testcase time="0.00100000000020373" classname="ds.ns_smk_test1" name="ns"/>
    <testcase time="0.000999999999748979" classname="ds.ns_smk_test1" name="ns"/>
    <testcase time="0.00100000000020373" classname="ds.ns_smk_test1" name="ns"/>
    <testcase time="0.00199999999995271" classname="ds.ns_smk_test1" name="ns"/>
    <testcase time="0.00100000000020373" classname="ds.ns_smk_test1" name="ns"/>
    <testcase time="0.000999999999748979" classname="ds.ns_smk_test1" name="ns"/>
    <testcase time="0.00100000000020373" classname="ds.ns_smk_test1" name="ns"/>
    <testcase time="0.00199999999995271" classname="ds.ns_smk_test1" name="ns"/>
    <testcase time="0.00999999999976353" classname="ds.ns_smk_test1" name="ns"/>
    <testcase time="0.00100000000020373" classname="ds.ns_smk_test1" name="ns"/>
    <testcase time="0.00300000000015643" classname="ds.ns_smk_test1" name="ns"/>
    <testcase time="0.00199999999995271" classname="ds.ns_smk_test1" name="ns"/>
    <testcase time="0.00199999999995271" classname="ds.ns_smk_test1" name="ns"/>
    <testcase time="0.000999999999748979" classname="ds.ns_smk_test1" name="ns"/>
    <testcase time="0.00100000000020373" classname="ds.ns_smk_test1" name="ns"/>
    <testcase time="0.00199999999995271" classname="ds.ns_smk_test1" name="ns"/>
    <testcase time="0.00100000000020373" classname="ds.ns_smk_test1" name="ns"/>
    <testcase time="0.000999999999748979" classname="ds.ns_smk_test1" name="ns"/>
    <testcase time="0.00199999999995271" classname="ds.ns_smk_test1" name="ns"/>
    <testcase time="0.00100000000020373" classname="ds.ns_smk_test1" name="ns"/>
    <testcase time="0.000999999999748979" classname="ds.ns_smk_test1" name="ns"/>
    <testcase time="0.00100000000020373" classname="ds.ns_smk_test1" name="ns"/>
    <testcase time="0.00199999999995271" classname="ds.ns_smk_test1" name="ns"/>
    <testcase time="0.000999999999748979" classname="ds.ns_smk_test1" name="ns"/>
    <testcase time="0.00100000000020373" classname="ds.ns_smk_test1" name="ns"/>
  </testsuite>
  <testsuite name="ds.ns::smk::shutdown" timestamp="2025-10-28T12:58:46Z" hostname="runnervmwhb2z" tests="3" skipped="0" failures="0" errors="0" time="0.049">
    <testcase time="0.0470000000000255" classname="ds.ns_smk_shutdown" name="shutdown"/>
    <testcase time="0.00100000000020373" classname="ds.ns_smk_shutdown" name="shutdown"/>
    <testcase time="0.000999999999748979" classname="ds.ns_smk_shutdown" name="shutdown"/>
  </testsuite>
  <testsuite name="ds.ns::smk::done" timestamp="2025-10-28T12:58:47Z" hostname="runnervmwhb2z" tests="0" skipped="0" failures="0" errors="0" time="0"/>
  <testsuite name="smk-ds.numNA" timestamp="2025-10-28T12:58:47Z" hostname="runnervmwhb2z" tests="0" skipped="0" failures="0" errors="0" time="0"/>
  <testsuite name="ds.numNA::smk::setup" timestamp="2025-10-28T12:58:47Z" hostname="runnervmwhb2z" tests="3" skipped="0" failures="0" errors="0" time="7.336">
    <testcase time="7.33399999999983" classname="ds.numNA_smk_setup" name="setup"/>
    <testcase time="0.00100000000020373" classname="ds.numNA_smk_setup" name="setup"/>
    <testcase time="0.00100000000020373" classname="ds.numNA_smk_setup" name="setup"/>
  </testsuite>
  <testsuite name="ds.numNA::smk" timestamp="2025-10-28T12:58:54Z" hostname="runnervmwhb2z" tests="12" skipped="0" failures="0" errors="0" time="0.329">
    <testcase time="0.108999999999924" classname="ds.numNA_smk" name="simple_numNA"/>
    <testcase time="0.000999999999748979" classname="ds.numNA_smk" name="simple_numNA"/>
    <testcase time="0.00100000000020373" classname="ds.numNA_smk" name="simple_numNA"/>
    <testcase time="0.000999999999748979" classname="ds.numNA_smk" name="simple_numNA"/>
    <testcase time="0.104000000000269" classname="ds.numNA_smk" name="simple_numNA"/>
    <testcase time="0.000999999999748979" classname="ds.numNA_smk" name="simple_numNA"/>
    <testcase time="0.00199999999995271" classname="ds.numNA_smk" name="simple_numNA"/>
    <testcase time="0.00100000000020373" classname="ds.numNA_smk" name="simple_numNA"/>
    <testcase time="0.105000000000018" classname="ds.numNA_smk" name="simple_numNA"/>
    <testcase time="0.00199999999995271" classname="ds.numNA_smk" name="simple_numNA"/>
    <testcase time="0.00100000000020373" classname="ds.numNA_smk" name="simple_numNA"/>
    <testcase time="0.000999999999748979" classname="ds.numNA_smk" name="simple_numNA"/>
  </testsuite>
  <testsuite name="ds.numNA::smk::shutdown" timestamp="2025-10-28T12:58:54Z" hostname="runnervmwhb2z" tests="3" skipped="0" failures="0" errors="0" time="0.059">
    <testcase time="0.0570000000002437" classname="ds.numNA_smk_shutdown" name="shutdown"/>
    <testcase time="0.000999999999748979" classname="ds.numNA_smk_shutdown" name="shutdown"/>
    <testcase time="0.00100000000020373" classname="ds.numNA_smk_shutdown" name="shutdown"/>
  </testsuite>
  <testsuite name="ds.numNA::smk::done" timestamp="2025-10-28T12:58:54Z" hostname="runnervmwhb2z" tests="0" skipped="0" failures="0" errors="0" time="0"/>
  <testsuite name="smk-ds.qlspline" timestamp="2025-10-28T12:58:54Z" hostname="runnervmwhb2z" tests="0" skipped="0" failures="0" errors="0" time="0"/>
  <testsuite name="ds.qlspline::smk::setup" timestamp="2025-10-28T12:58:54Z" hostname="runnervmwhb2z" tests="3" skipped="0" failures="0" errors="0" time="7.324">
    <testcase time="7.32099999999991" classname="ds.qlspline_smk_setup" name="setup"/>
    <testcase time="0.00199999999995271" classname="ds.qlspline_smk_setup" name="setup"/>
    <testcase time="0.00100000000020373" classname="ds.qlspline_smk_setup" name="setup"/>
  </testsuite>
  <testsuite name="ds.qlspline::smk::test1" timestamp="2025-10-28T12:59:01Z" hostname="runnervmwhb2z" tests="38" skipped="0" failures="0" errors="0" time="0.474">
    <testcase time="0.174999999999727" classname="ds.qlspline_smk_test1" name="qlspline"/>
    <testcase time="0.00199999999995271" classname="ds.qlspline_smk_test1" name="qlspline"/>
    <testcase time="0.00100000000020373" classname="ds.qlspline_smk_test1" name="qlspline"/>
    <testcase time="0.000999999999748979" classname="ds.qlspline_smk_test1" name="qlspline"/>
    <testcase time="0.00200000000040745" classname="ds.qlspline_smk_test1" name="qlspline"/>
    <testcase time="0.000999999999748979" classname="ds.qlspline_smk_test1" name="qlspline"/>
    <testcase time="0.00100000000020373" classname="ds.qlspline_smk_test1" name="qlspline"/>
    <testcase time="0.240999999999985" classname="ds.qlspline_smk_test1" name="qlspline"/>
    <testcase time="0.00199999999995271" classname="ds.qlspline_smk_test1" name="qlspline"/>
    <testcase time="0.000999999999748979" classname="ds.qlspline_smk_test1" name="qlspline"/>
    <testcase time="0.00100000000020373" classname="ds.qlspline_smk_test1" name="qlspline"/>
    <testcase time="0.00199999999995271" classname="ds.qlspline_smk_test1" name="qlspline"/>
    <testcase time="0.00100000000020373" classname="ds.qlspline_smk_test1" name="qlspline"/>
    <testcase time="0.000999999999748979" classname="ds.qlspline_smk_test1" name="qlspline"/>
    <testcase time="0.00100000000020373" classname="ds.qlspline_smk_test1" name="qlspline"/>
    <testcase time="0.00199999999995271" classname="ds.qlspline_smk_test1" name="qlspline"/>
    <testcase time="0.00799999999981083" classname="ds.qlspline_smk_test1" name="qlspline"/>
    <testcase time="0.00100000000020373" classname="ds.qlspline_smk_test1" name="qlspline"/>
    <testcase time="0.000999999999748979" classname="ds.qlspline_smk_test1" name="qlspline"/>
    <testcase time="0.00199999999995271" classname="ds.qlspline_smk_test1" name="qlspline"/>
    <testcase time="0.00100000000020373" classname="ds.qlspline_smk_test1" name="qlspline"/>
    <testcase time="0.00300000000015643" classname="ds.qlspline_smk_test1" name="qlspline"/>
    <testcase time="0.000999999999748979" classname="ds.qlspline_smk_test1" name="qlspline"/>
    <testcase time="0.00300000000015643" classname="ds.qlspline_smk_test1" name="qlspline"/>
    <testcase time="0.00199999999995271" classname="ds.qlspline_smk_test1" name="qlspline"/>
    <testcase time="0.000999999999748979" classname="ds.qlspline_smk_test1" name="qlspline"/>
    <testcase time="0.00200000000040745" classname="ds.qlspline_smk_test1" name="qlspline"/>
    <testcase time="0.000999999999748979" classname="ds.qlspline_smk_test1" name="qlspline"/>
    <testcase time="0.00100000000020373" classname="ds.qlspline_smk_test1" name="qlspline"/>
    <testcase time="0.00199999999995271" classname="ds.qlspline_smk_test1" name="qlspline"/>
    <testcase time="0.000999999999748979" classname="ds.qlspline_smk_test1" name="qlspline"/>
    <testcase time="0.00100000000020373" classname="ds.qlspline_smk_test1" name="qlspline"/>
    <testcase time="0.00199999999995271" classname="ds.qlspline_smk_test1" name="qlspline"/>
    <testcase time="0.000999999999748979" classname="ds.qlspline_smk_test1" name="qlspline"/>
    <testcase time="0.00100000000020373" classname="ds.qlspline_smk_test1" name="qlspline"/>
    <testcase time="0.00100000000020373" classname="ds.qlspline_smk_test1" name="qlspline"/>
    <testcase time="0.00199999999995271" classname="ds.qlspline_smk_test1" name="qlspline"/>
    <testcase time="0.000999999999748979" classname="ds.qlspline_smk_test1" name="qlspline"/>
  </testsuite>
  <testsuite name="ds.qlspline::smk::test2" timestamp="2025-10-28T12:59:02Z" hostname="runnervmwhb2z" tests="36" skipped="0" failures="0" errors="0" time="0.391">
    <testcase time="0.175999999999931" classname="ds.qlspline_smk_test2" name="qlspline"/>
    <testcase time="0.00100000000020373" classname="ds.qlspline_smk_test2" name="qlspline"/>
    <testcase time="0.000999999999748979" classname="ds.qlspline_smk_test2" name="qlspline"/>
    <testcase time="0.00200000000040745" classname="ds.qlspline_smk_test2" name="qlspline"/>
    <testcase time="0.000999999999748979" classname="ds.qlspline_smk_test2" name="qlspline"/>
    <testcase time="0.00100000000020373" classname="ds.qlspline_smk_test2" name="qlspline"/>
    <testcase time="0.000999999999748979" classname="ds.qlspline_smk_test2" name="qlspline"/>
    <testcase time="0.16800000000012" classname="ds.qlspline_smk_test2" name="qlspline"/>
    <testcase time="0.00199999999995271" classname="ds.qlspline_smk_test2" name="qlspline"/>
    <testcase time="0.00100000000020373" classname="ds.qlspline_smk_test2" name="qlspline"/>
    <testcase time="0.000999999999748979" classname="ds.qlspline_smk_test2" name="qlspline"/>
    <testcase time="0.00100000000020373" classname="ds.qlspline_smk_test2" name="qlspline"/>
    <testcase time="0.00199999999995271" classname="ds.qlspline_smk_test2" name="qlspline"/>
    <testcase time="0.000999999999748979" classname="ds.qlspline_smk_test2" name="qlspline"/>
    <testcase time="0.00100000000020373" classname="ds.qlspline_smk_test2" name="qlspline"/>
    <testcase time="0.00100000000020373" classname="ds.qlspline_smk_test2" name="qlspline"/>
    <testcase time="0.00199999999995271" classname="ds.qlspline_smk_test2" name="qlspline"/>
    <testcase time="0.000999999999748979" classname="ds.qlspline_smk_test2" name="qlspline"/>
    <testcase time="0.00100000000020373" classname="ds.qlspline_smk_test2" name="qlspline"/>
    <testcase time="0.000999999999748979" classname="ds.qlspline_smk_test2" name="qlspline"/>
    <testcase time="0.00199999999995271" classname="ds.qlspline_smk_test2" name="qlspline"/>
    <testcase time="0.00199999999995271" classname="ds.qlspline_smk_test2" name="qlspline"/>
    <testcase time="0.00200000000040745" classname="ds.qlspline_smk_test2" name="qlspline"/>
    <testcase time="0.00199999999995271" classname="ds.qlspline_smk_test2" name="qlspline"/>
    <testcase time="0.00299999999970169" classname="ds.qlspline_smk_test2" name="qlspline"/>
    <testcase time="0.00100000000020373" classname="ds.qlspline_smk_test2" name="qlspline"/>
    <testcase time="0.00199999999995271" classname="ds.qlspline_smk_test2" name="qlspline"/>
    <testcase time="0.00100000000020373" classname="ds.qlspline_smk_test2" name="qlspline"/>
    <testcase time="0.000999999999748979" classname="ds.qlspline_smk_test2" name="qlspline"/>
    <testcase time="0.00199999999995271" classname="ds.qlspline_smk_test2" name="qlspline"/>
    <testcase time="0.00100000000020373" classname="ds.qlspline_smk_test2" name="qlspline"/>
    <testcase time="0.000999999999748979" classname="ds.qlspline_smk_test2" name="qlspline"/>
    <testcase time="0.00199999999995271" classname="ds.qlspline_smk_test2" name="qlspline"/>
    <testcase time="0.00100000000020373" classname="ds.qlspline_smk_test2" name="qlspline"/>
    <testcase time="0.00100000000020373" classname="ds.qlspline_smk_test2" name="qlspline"/>
    <testcase time="0.00100000000020373" classname="ds.qlspline_smk_test2" name="qlspline"/>
  </testsuite>
  <testsuite name="ds.qlspline::smk::shutdown" timestamp="2025-10-28T12:59:02Z" hostname="runnervmwhb2z" tests="3" skipped="0" failures="0" errors="0" time="0.057">
    <testcase time="0.0479999999997744" classname="ds.qlspline_smk_shutdown" name="shutdown"/>
    <testcase time="0.00800000000026557" classname="ds.qlspline_smk_shutdown" name="shutdown"/>
    <testcase time="0.000999999999748979" classname="ds.qlspline_smk_shutdown" name="shutdown"/>
  </testsuite>
  <testsuite name="ds.qlspline::smk::done" timestamp="2025-10-28T12:59:02Z" hostname="runnervmwhb2z" tests="0" skipped="0" failures="0" errors="0" time="0"/>
  <testsuite name="smk-ds.quantileMean" timestamp="2025-10-28T12:59:03Z" hostname="runnervmwhb2z" tests="0" skipped="0" failures="0" errors="0" time="0"/>
  <testsuite name="ds.quantileMean::smk::setup" timestamp="2025-10-28T12:59:03Z" hostname="runnervmwhb2z" tests="3" skipped="0" failures="0" errors="0" time="7.329">
    <testcase time="7.32700000000023" classname="ds.quantileMean_smk_setup" name="setup"/>
    <testcase time="0.000999999999748979" classname="ds.quantileMean_smk_setup" name="setup"/>
    <testcase time="0.000999999999748979" classname="ds.quantileMean_smk_setup" name="setup"/>
  </testsuite>
  <testsuite name="ds.quantileMean::smk::standard" timestamp="2025-10-28T12:59:10Z" hostname="runnervmwhb2z" tests="9" skipped="0" failures="0" errors="0" time="0.223">
    <testcase time="0.213000000000193" classname="ds.quantileMean_smk_standard" name="quantileMean"/>
    <testcase time="0.000999999999748979" classname="ds.quantileMean_smk_standard" name="quantileMean"/>
    <testcase time="0.00100000000020373" classname="ds.quantileMean_smk_standard" name="quantileMean"/>
    <testcase time="0.00199999999995271" classname="ds.quantileMean_smk_standard" name="quantileMean"/>
    <testcase time="0.00100000000020373" classname="ds.quantileMean_smk_standard" name="quantileMean"/>
    <testcase time="0.000999999999748979" classname="ds.quantileMean_smk_standard" name="quantileMean"/>
    <testcase time="0.00100000000020373" classname="ds.quantileMean_smk_standard" name="quantileMean"/>
    <testcase time="0.00199999999995271" classname="ds.quantileMean_smk_standard" name="quantileMean"/>
    <testcase time="0.000999999999748979" classname="ds.quantileMean_smk_standard" name="quantileMean"/>
  </testsuite>
  <testsuite name="ds.quantileMean::smk::split" timestamp="2025-10-28T12:59:10Z" hostname="runnervmwhb2z" tests="28" skipped="0" failures="0" errors="0" time="0.313">
    <testcase time="0.278999999999996" classname="ds.quantileMean_smk_split" name="quantileMean_split"/>
    <testcase time="0.00199999999995271" classname="ds.quantileMean_smk_split" name="quantileMean_split"/>
    <testcase time="0.00100000000020373" classname="ds.quantileMean_smk_split" name="quantileMean_split"/>
    <testcase time="0.00199999999995271" classname="ds.quantileMean_smk_split" name="quantileMean_split"/>
    <testcase time="0.00100000000020373" classname="ds.quantileMean_smk_split" name="quantileMean_split"/>
    <testcase time="0.000999999999748979" classname="ds.quantileMean_smk_split" name="quantileMean_split"/>
    <testcase time="0.00100000000020373" classname="ds.quantileMean_smk_split" name="quantileMean_split"/>
    <testcase time="0.00199999999995271" classname="ds.quantileMean_smk_split" name="quantileMean_split"/>
    <testcase time="0.000999999999748979" classname="ds.quantileMean_smk_split" name="quantileMean_split"/>
    <testcase time="0.00100000000020373" classname="ds.quantileMean_smk_split" name="quantileMean_split"/>
    <testcase time="0.00100000000020373" classname="ds.quantileMean_smk_split" name="quantileMean_split"/>
    <testcase time="0.000999999999748979" classname="ds.quantileMean_smk_split" name="quantileMean_split"/>
    <testcase time="0.00199999999995271" classname="ds.quantileMean_smk_split" name="quantileMean_split"/>
    <testcase time="0.00100000000020373" classname="ds.quantileMean_smk_split" name="quantileMean_split"/>
    <testcase time="0.000999999999748979" classname="ds.quantileMean_smk_split" name="quantileMean_split"/>
    <testcase time="0.00100000000020373" classname="ds.quantileMean_smk_split" name="quantileMean_split"/>
    <testcase time="0.00199999999995271" classname="ds.quantileMean_smk_split" name="quantileMean_split"/>
    <testcase time="0.000999999999748979" classname="ds.quantileMean_smk_split" name="quantileMean_split"/>
    <testcase time="0.00100000000020373" classname="ds.quantileMean_smk_split" name="quantileMean_split"/>
    <testcase time="0.00100000000020373" classname="ds.quantileMean_smk_split" name="quantileMean_split"/>
    <testcase time="0.000999999999748979" classname="ds.quantileMean_smk_split" name="quantileMean_split"/>
    <testcase time="0.00199999999995271" classname="ds.quantileMean_smk_split" name="quantileMean_split"/>
    <testcase time="0.00100000000020373" classname="ds.quantileMean_smk_split" name="quantileMean_split"/>
    <testcase time="0.000999999999748979" classname="ds.quantileMean_smk_split" name="quantileMean_split"/>
    <testcase time="0.00199999999995271" classname="ds.quantileMean_smk_split" name="quantileMean_split"/>
    <testcase time="0.00100000000020373" classname="ds.quantileMean_smk_split" name="quantileMean_split"/>
    <testcase time="0.00100000000020373" classname="ds.quantileMean_smk_split" name="quantileMean_split"/>
    <testcase time="0.000999999999748979" classname="ds.quantileMean_smk_split" name="quantileMean_split"/>
  </testsuite>
  <testsuite name="ds.quantileMean::smk::shutdown" timestamp="2025-10-28T12:59:10Z" hostname="runnervmwhb2z" tests="3" skipped="0" failures="0" errors="0" time="0.051">
    <testcase time="0.0480000000002292" classname="ds.quantileMean_smk_shutdown" name="shutdown"/>
    <testcase time="0.000999999999748979" classname="ds.quantileMean_smk_shutdown" name="shutdown"/>
    <testcase time="0.00199999999995271" classname="ds.quantileMean_smk_shutdown" name="shutdown"/>
  </testsuite>
  <testsuite name="ds.quantileMean::smk::done" timestamp="2025-10-28T12:59:10Z" hostname="runnervmwhb2z" tests="0" skipped="0" failures="0" errors="0" time="0"/>
  <testsuite name="smk-ds.ranksSecure" timestamp="2025-10-28T12:59:10Z" hostname="runnervmwhb2z" tests="0" skipped="0" failures="0" errors="0" time="0"/>
  <testsuite name="ds.ranksSecure::smk::setup" timestamp="2025-10-28T12:59:10Z" hostname="runnervmwhb2z" tests="3" skipped="0" failures="0" errors="0" time="7.283">
    <testcase time="7.2800000000002" classname="ds.ranksSecure_smk_setup" name="setup"/>
    <testcase time="0.000999999999748979" classname="ds.ranksSecure_smk_setup" name="setup"/>
    <testcase time="0.00199999999995271" classname="ds.ranksSecure_smk_setup" name="setup"/>
  </testsuite>
  <testsuite name="ds.ranksSecure::smk::continous, without NAs, all positive" timestamp="2025-10-28T12:59:17Z" hostname="runnervmwhb2z" tests="16" skipped="0" failures="0" errors="0" time="11.869">
    <testcase time="0.174000000000433" classname="ds.ranksSecure_smk_continous_without_NAs_all_positive" name="continous_without_NAs_all_positive"/>
    <testcase time="0.101999999999862" classname="ds.ranksSecure_smk_continous_without_NAs_all_positive" name="continous_without_NAs_all_positive"/>
    <testcase time="0.000999999999748979" classname="ds.ranksSecure_smk_continous_without_NAs_all_positive" name="continous_without_NAs_all_positive"/>
    <testcase time="0.00100000000020373" classname="ds.ranksSecure_smk_continous_without_NAs_all_positive" name="continous_without_NAs_all_positive"/>
    <testcase time="0.00199999999995271" classname="ds.ranksSecure_smk_continous_without_NAs_all_positive" name="continous_without_NAs_all_positive"/>
    <testcase time="11.5630000000001" classname="ds.ranksSecure_smk_continous_without_NAs_all_positive" name="continous_without_NAs_all_positive"/>
    <testcase time="0.000999999999748979" classname="ds.ranksSecure_smk_continous_without_NAs_all_positive" name="continous_without_NAs_all_positive"/>
    <testcase time="0.00300000000015643" classname="ds.ranksSecure_smk_continous_without_NAs_all_positive" name="continous_without_NAs_all_positive"/>
    <testcase time="0.00100000000020373" classname="ds.ranksSecure_smk_continous_without_NAs_all_positive" name="continous_without_NAs_all_positive"/>
    <testcase time="0.00299999999970169" classname="ds.ranksSecure_smk_continous_without_NAs_all_positive" name="continous_without_NAs_all_positive"/>
    <testcase time="0.00100000000020373" classname="ds.ranksSecure_smk_continous_without_NAs_all_positive" name="continous_without_NAs_all_positive"/>
    <testcase time="0.000999999999748979" classname="ds.ranksSecure_smk_continous_without_NAs_all_positive" name="continous_without_NAs_all_positive"/>
    <testcase time="0.00199999999995271" classname="ds.ranksSecure_smk_continous_without_NAs_all_positive" name="continous_without_NAs_all_positive"/>
    <testcase time="0.00200000000040745" classname="ds.ranksSecure_smk_continous_without_NAs_all_positive" name="continous_without_NAs_all_positive"/>
    <testcase time="0.000999999999748979" classname="ds.ranksSecure_smk_continous_without_NAs_all_positive" name="continous_without_NAs_all_positive"/>
    <testcase time="0.0109999999999673" classname="ds.ranksSecure_smk_continous_without_NAs_all_positive" name="continous_without_NAs_all_positive"/>
  </testsuite>
  <testsuite name="ds.ranksSecure::smk::continous, without NAs, with negative" timestamp="2025-10-28T12:59:29Z" hostname="runnervmwhb2z" tests="16" skipped="0" failures="0" errors="0" time="11.794">
    <testcase time="0.173999999999978" classname="ds.ranksSecure_smk_continous_without_NAs_with_negative" name="continous_without_NAs_with_negative"/>
    <testcase time="0.101000000000113" classname="ds.ranksSecure_smk_continous_without_NAs_with_negative" name="continous_without_NAs_with_negative"/>
    <testcase time="0.00100000000020373" classname="ds.ranksSecure_smk_continous_without_NAs_with_negative" name="continous_without_NAs_with_negative"/>
    <testcase time="0.000999999999748979" classname="ds.ranksSecure_smk_continous_without_NAs_with_negative" name="continous_without_NAs_with_negative"/>
    <testcase time="0.00100000000020373" classname="ds.ranksSecure_smk_continous_without_NAs_with_negative" name="continous_without_NAs_with_negative"/>
    <testcase time="11.498" classname="ds.ranksSecure_smk_continous_without_NAs_with_negative" name="continous_without_NAs_with_negative"/>
    <testcase time="0.00100000000020373" classname="ds.ranksSecure_smk_continous_without_NAs_with_negative" name="continous_without_NAs_with_negative"/>
    <testcase time="0.00299999999970169" classname="ds.ranksSecure_smk_continous_without_NAs_with_negative" name="continous_without_NAs_with_negative"/>
    <testcase time="0.00100000000020373" classname="ds.ranksSecure_smk_continous_without_NAs_with_negative" name="continous_without_NAs_with_negative"/>
    <testcase time="0.00300000000015643" classname="ds.ranksSecure_smk_continous_without_NAs_with_negative" name="continous_without_NAs_with_negative"/>
    <testcase time="0.000999999999748979" classname="ds.ranksSecure_smk_continous_without_NAs_with_negative" name="continous_without_NAs_with_negative"/>
    <testcase time="0.00100000000020373" classname="ds.ranksSecure_smk_continous_without_NAs_with_negative" name="continous_without_NAs_with_negative"/>
    <testcase time="0.00299999999970169" classname="ds.ranksSecure_smk_continous_without_NAs_with_negative" name="continous_without_NAs_with_negative"/>
    <testcase time="0.00100000000020373" classname="ds.ranksSecure_smk_continous_without_NAs_with_negative" name="continous_without_NAs_with_negative"/>
    <testcase time="0.000999999999748979" classname="ds.ranksSecure_smk_continous_without_NAs_with_negative" name="continous_without_NAs_with_negative"/>
    <testcase time="0.00300000000015643" classname="ds.ranksSecure_smk_continous_without_NAs_with_negative" name="continous_without_NAs_with_negative"/>
  </testsuite>
  <testsuite name="ds.ranksSecure::smk::continous, with NAs, all positive" timestamp="2025-10-28T12:59:41Z" hostname="runnervmwhb2z" tests="11" skipped="0" failures="0" errors="0" time="11.538">
    <testcase time="11.5210000000002" classname="ds.ranksSecure_smk_continous_with_NAs_all_positive" name="continous_with_NAs_all_positive"/>
    <testcase time="0.00100000000020373" classname="ds.ranksSecure_smk_continous_with_NAs_all_positive" name="continous_with_NAs_all_positive"/>
    <testcase time="0.00199999999995271" classname="ds.ranksSecure_smk_continous_with_NAs_all_positive" name="continous_with_NAs_all_positive"/>
    <testcase time="0.00199999999995271" classname="ds.ranksSecure_smk_continous_with_NAs_all_positive" name="continous_with_NAs_all_positive"/>
    <testcase time="0.00199999999995271" classname="ds.ranksSecure_smk_continous_with_NAs_all_positive" name="continous_with_NAs_all_positive"/>
    <testcase time="0.00100000000020373" classname="ds.ranksSecure_smk_continous_with_NAs_all_positive" name="continous_with_NAs_all_positive"/>
    <testcase time="0.000999999999748979" classname="ds.ranksSecure_smk_continous_with_NAs_all_positive" name="continous_with_NAs_all_positive"/>
    <testcase time="0.00300000000015643" classname="ds.ranksSecure_smk_continous_with_NAs_all_positive" name="continous_with_NAs_all_positive"/>
    <testcase time="0.000999999999748979" classname="ds.ranksSecure_smk_continous_with_NAs_all_positive" name="continous_with_NAs_all_positive"/>
    <testcase time="0.00100000000020373" classname="ds.ranksSecure_smk_continous_with_NAs_all_positive" name="continous_with_NAs_all_positive"/>
    <testcase time="0.00300000000015643" classname="ds.ranksSecure_smk_continous_with_NAs_all_positive" name="continous_with_NAs_all_positive"/>
  </testsuite>
  <testsuite name="ds.ranksSecure::smk::continous, with NAs, with negative" timestamp="2025-10-28T12:59:53Z" hostname="runnervmwhb2z" tests="11" skipped="0" failures="0" errors="0" time="11.351">
    <testcase time="11.3339999999998" classname="ds.ranksSecure_smk_continous_with_NAs_with_negative" name="continous_with_NAs_with_negative"/>
    <testcase time="0.000999999999748979" classname="ds.ranksSecure_smk_continous_with_NAs_with_negative" name="continous_with_NAs_with_negative"/>
    <testcase time="0.00199999999995271" classname="ds.ranksSecure_smk_continous_with_NAs_with_negative" name="continous_with_NAs_with_negative"/>
    <testcase time="0.00199999999995271" classname="ds.ranksSecure_smk_continous_with_NAs_with_negative" name="continous_with_NAs_with_negative"/>
    <testcase time="0.00199999999995271" classname="ds.ranksSecure_smk_continous_with_NAs_with_negative" name="continous_with_NAs_with_negative"/>
    <testcase time="0.00100000000020373" classname="ds.ranksSecure_smk_continous_with_NAs_with_negative" name="continous_with_NAs_with_negative"/>
    <testcase time="0.00199999999995271" classname="ds.ranksSecure_smk_continous_with_NAs_with_negative" name="continous_with_NAs_with_negative"/>
    <testcase time="0.00199999999995271" classname="ds.ranksSecure_smk_continous_with_NAs_with_negative" name="continous_with_NAs_with_negative"/>
    <testcase time="0.00100000000020373" classname="ds.ranksSecure_smk_continous_with_NAs_with_negative" name="continous_with_NAs_with_negative"/>
    <testcase time="0.00199999999995271" classname="ds.ranksSecure_smk_continous_with_NAs_with_negative" name="continous_with_NAs_with_negative"/>
    <testcase time="0.00199999999995271" classname="ds.ranksSecure_smk_continous_with_NAs_with_negative" name="continous_with_NAs_with_negative"/>
  </testsuite>
  <testsuite name="ds.ranksSecure::smk::shutdown" timestamp="2025-10-28T13:00:04Z" hostname="runnervmwhb2z" tests="3" skipped="0" failures="0" errors="0" time="0.05">
    <testcase time="0.0479999999997744" classname="ds.ranksSecure_smk_shutdown" name="setup"/>
    <testcase time="0.00100000000020373" classname="ds.ranksSecure_smk_shutdown" name="setup"/>
    <testcase time="0.000999999999748979" classname="ds.ranksSecure_smk_shutdown" name="setup"/>
  </testsuite>
  <testsuite name="ds.ranksSecure::smk::done" timestamp="2025-10-28T13:00:04Z" hostname="runnervmwhb2z" tests="0" skipped="0" failures="0" errors="0" time="0"/>
  <testsuite name="smk-ds.rbind" timestamp="2025-10-28T13:00:04Z" hostname="runnervmwhb2z" tests="0" skipped="0" failures="0" errors="0" time="0"/>
  <testsuite name="ds.rbind::smk::setup" timestamp="2025-10-28T13:00:04Z" hostname="runnervmwhb2z" tests="3" skipped="0" failures="0" errors="0" time="7.396">
    <testcase time="7.39300000000003" classname="ds.rbind_smk_setup" name="setup"/>
    <testcase time="0.00199999999995271" classname="ds.rbind_smk_setup" name="setup"/>
    <testcase time="0.00100000000020373" classname="ds.rbind_smk_setup" name="setup"/>
  </testsuite>
  <testsuite name="ds.rbind::smk" timestamp="2025-10-28T13:00:11Z" hostname="runnervmwhb2z" tests="5" skipped="0" failures="0" errors="0" time="0.479">
    <testcase time="0.396000000000186" classname="ds.rbind_smk" name="simple_test"/>
    <testcase time="0.000999999999748979" classname="ds.rbind_smk" name="simple_test"/>
    <testcase time="0.0770000000002256" classname="ds.rbind_smk" name="simple_test"/>
    <testcase time="0.00299999999970169" classname="ds.rbind_smk" name="simple_test"/>
    <testcase time="0.00199999999995271" classname="ds.rbind_smk" name="simple_test"/>
  </testsuite>
  <testsuite name="ds.rbind::smk::shutdown" timestamp="2025-10-28T13:00:12Z" hostname="runnervmwhb2z" tests="3" skipped="0" failures="0" errors="0" time="0.05">
    <testcase time="0.0470000000000255" classname="ds.rbind_smk_shutdown" name="shutdown"/>
    <testcase time="0.00200000000040745" classname="ds.rbind_smk_shutdown" name="shutdown"/>
    <testcase time="0.000999999999748979" classname="ds.rbind_smk_shutdown" name="shutdown"/>
  </testsuite>
  <testsuite name="ds.rbind::smk::done" timestamp="2025-10-28T13:00:12Z" hostname="runnervmwhb2z" tests="0" skipped="0" failures="0" errors="0" time="0"/>
  <testsuite name="smk-ds.rBinom" timestamp="2025-10-28T13:00:12Z" hostname="runnervmwhb2z" tests="0" skipped="0" failures="0" errors="0" time="0"/>
  <testsuite name="ds.rBinom::smk::setup" timestamp="2025-10-28T13:00:12Z" hostname="runnervmwhb2z" tests="3" skipped="0" failures="0" errors="0" time="7.385">
    <testcase time="7.38200000000006" classname="ds.rBinom_smk_setup" name="setup"/>
    <testcase time="0.00199999999995271" classname="ds.rBinom_smk_setup" name="setup"/>
    <testcase time="0.00100000000020373" classname="ds.rBinom_smk_setup" name="setup"/>
  </testsuite>
  <testsuite name="ds.rBinom::smk::simple test" timestamp="2025-10-28T13:00:19Z" hostname="runnervmwhb2z" tests="11" skipped="0" failures="0" errors="0" time="0.292">
    <testcase time="0.271999999999935" classname="ds.rBinom_smk_simple_test" name="simple_test"/>
    <testcase time="0.000999999999748979" classname="ds.rBinom_smk_simple_test" name="simple_test"/>
    <testcase time="0.00199999999995271" classname="ds.rBinom_smk_simple_test" name="simple_test"/>
    <testcase time="0.00100000000020373" classname="ds.rBinom_smk_simple_test" name="simple_test"/>
    <testcase time="0.000999999999748979" classname="ds.rBinom_smk_simple_test" name="simple_test"/>
    <testcase time="0.00200000000040745" classname="ds.rBinom_smk_simple_test" name="simple_test"/>
    <testcase time="0.000999999999748979" classname="ds.rBinom_smk_simple_test" name="simple_test"/>
    <testcase time="0.00800000000026557" classname="ds.rBinom_smk_simple_test" name="simple_test"/>
    <testcase time="0.00199999999995271" classname="ds.rBinom_smk_simple_test" name="simple_test"/>
    <testcase time="0.000999999999748979" classname="ds.rBinom_smk_simple_test" name="simple_test"/>
    <testcase time="0.00100000000020373" classname="ds.rBinom_smk_simple_test" name="simple_test"/>
  </testsuite>
  <testsuite name="ds.rBinom::smk::shutdown" timestamp="2025-10-28T13:00:20Z" hostname="runnervmwhb2z" tests="3" skipped="0" failures="0" errors="0" time="0.05">
    <testcase time="0.0470000000000255" classname="ds.rBinom_smk_shutdown" name="shutdown"/>
    <testcase time="0.00199999999995271" classname="ds.rBinom_smk_shutdown" name="shutdown"/>
    <testcase time="0.000999999999748979" classname="ds.rBinom_smk_shutdown" name="shutdown"/>
  </testsuite>
  <testsuite name="ds.rBinom::smk::done" timestamp="2025-10-28T13:00:20Z" hostname="runnervmwhb2z" tests="0" skipped="0" failures="0" errors="0" time="0"/>
  <testsuite name="smk-ds.recodeLevels" timestamp="2025-10-28T13:00:20Z" hostname="runnervmwhb2z" tests="0" skipped="0" failures="0" errors="0" time="0"/>
  <testsuite name="ds.recodeLevels::smk::setup" timestamp="2025-10-28T13:00:20Z" hostname="runnervmwhb2z" tests="3" skipped="0" failures="0" errors="0" time="7.325">
    <testcase time="7.32300000000032" classname="ds.recodeLevels_smk_setup" name="setup"/>
    <testcase time="0.000999999999748979" classname="ds.recodeLevels_smk_setup" name="setup"/>
    <testcase time="0.00100000000020373" classname="ds.recodeLevels_smk_setup" name="setup"/>
  </testsuite>
  <testsuite name="ds.recodeLevels::smk" timestamp="2025-10-28T13:00:27Z" hostname="runnervmwhb2z" tests="8" skipped="0" failures="0" errors="0" time="0.304">
    <testcase time="0.197000000000116" classname="ds.recodeLevels_smk" name="new_levels"/>
    <testcase time="0.0999999999999091" classname="ds.recodeLevels_smk" name="new_levels"/>
    <testcase time="0.000999999999748979" classname="ds.recodeLevels_smk" name="new_levels"/>
    <testcase time="0.00100000000020373" classname="ds.recodeLevels_smk" name="new_levels"/>
    <testcase time="0.000999999999748979" classname="ds.recodeLevels_smk" name="new_levels"/>
    <testcase time="0.00199999999995271" classname="ds.recodeLevels_smk" name="new_levels"/>
    <testcase time="0.00100000000020373" classname="ds.recodeLevels_smk" name="new_levels"/>
    <testcase time="0.00100000000020373" classname="ds.recodeLevels_smk" name="new_levels"/>
  </testsuite>
  <testsuite name="ds.recodeLevels::smk::no connections or newobj" timestamp="2025-10-28T13:00:27Z" hostname="runnervmwhb2z" tests="8" skipped="0" failures="0" errors="0" time="0.31">
    <testcase time="0.205999999999676" classname="ds.recodeLevels_smk_no_connections_or_newobj" name="new_levels_auto"/>
    <testcase time="0.0970000000002074" classname="ds.recodeLevels_smk_no_connections_or_newobj" name="new_levels_auto"/>
    <testcase time="0.000999999999748979" classname="ds.recodeLevels_smk_no_connections_or_newobj" name="new_levels_auto"/>
    <testcase time="0.00199999999995271" classname="ds.recodeLevels_smk_no_connections_or_newobj" name="new_levels_auto"/>
    <testcase time="0.00100000000020373" classname="ds.recodeLevels_smk_no_connections_or_newobj" name="new_levels_auto"/>
    <testcase time="0.00100000000020373" classname="ds.recodeLevels_smk_no_connections_or_newobj" name="new_levels_auto"/>
    <testcase time="0.000999999999748979" classname="ds.recodeLevels_smk_no_connections_or_newobj" name="new_levels_auto"/>
    <testcase time="0.00100000000020373" classname="ds.recodeLevels_smk_no_connections_or_newobj" name="new_levels_auto"/>
  </testsuite>
  <testsuite name="ds.recodeLevels::smk::shutdown" timestamp="2025-10-28T13:00:28Z" hostname="runnervmwhb2z" tests="3" skipped="0" failures="0" errors="0" time="0.049">
    <testcase time="0.0459999999998217" classname="ds.recodeLevels_smk_shutdown" name="shutdown"/>
    <testcase time="0.00199999999995271" classname="ds.recodeLevels_smk_shutdown" name="shutdown"/>
    <testcase time="0.00100000000020373" classname="ds.recodeLevels_smk_shutdown" name="shutdown"/>
  </testsuite>
  <testsuite name="ds.recodeLevels::smk::done" timestamp="2025-10-28T13:00:28Z" hostname="runnervmwhb2z" tests="0" skipped="0" failures="0" errors="0" time="0"/>
  <testsuite name="smk-ds.recodeValues" timestamp="2025-10-28T13:00:28Z" hostname="runnervmwhb2z" tests="0" skipped="0" failures="0" errors="0" time="0"/>
  <testsuite name="ds.recodeValues::smk::setup" timestamp="2025-10-28T13:00:28Z" hostname="runnervmwhb2z" tests="3" skipped="0" failures="0" errors="0" time="7.376">
    <testcase time="7.3739999999998" classname="ds.recodeValues_smk_setup" name="setup"/>
    <testcase time="0.00100000000020373" classname="ds.recodeValues_smk_setup" name="setup"/>
    <testcase time="0.000999999999748979" classname="ds.recodeValues_smk_setup" name="setup"/>
  </testsuite>
  <testsuite name="ds.recodeValues::smk" timestamp="2025-10-28T13:00:35Z" hostname="runnervmwhb2z" tests="7" skipped="0" failures="0" errors="0" time="0.263">
    <testcase time="0.180000000000291" classname="ds.recodeValues_smk" name="simple_test"/>
    <testcase time="0.000999999999748979" classname="ds.recodeValues_smk" name="simple_test"/>
    <testcase time="0.00100000000020373" classname="ds.recodeValues_smk" name="simple_test"/>
    <testcase time="0.0769999999997708" classname="ds.recodeValues_smk" name="simple_test"/>
    <testcase time="0.00199999999995271" classname="ds.recodeValues_smk" name="simple_test"/>
    <testcase time="0.00100000000020373" classname="ds.recodeValues_smk" name="simple_test"/>
    <testcase time="0.000999999999748979" classname="ds.recodeValues_smk" name="simple_test"/>
  </testsuite>
  <testsuite name="ds.recodeValues::smk::shutdown" timestamp="2025-10-28T13:00:35Z" hostname="runnervmwhb2z" tests="3" skipped="0" failures="0" errors="0" time="0.05">
    <testcase time="0.0480000000002292" classname="ds.recodeValues_smk_shutdown" name="shutdown"/>
    <testcase time="0.00100000000020373" classname="ds.recodeValues_smk_shutdown" name="shutdown"/>
    <testcase time="0.000999999999748979" classname="ds.recodeValues_smk_shutdown" name="shutdown"/>
  </testsuite>
  <testsuite name="ds.recodeValues::smk::done" timestamp="2025-10-28T13:00:36Z" hostname="runnervmwhb2z" tests="0" skipped="0" failures="0" errors="0" time="0"/>
  <testsuite name="smk-ds.rep-complex" timestamp="2025-10-28T13:00:36Z" hostname="runnervmwhb2z" tests="0" skipped="0" failures="0" errors="0" time="0"/>
  <testsuite name="ds.rep::smk::complex setup" timestamp="2025-10-28T13:00:36Z" hostname="runnervmwhb2z" tests="3" skipped="0" failures="0" errors="0" time="7.334">
    <testcase time="7.33199999999988" classname="ds.rep_smk_complex_setup" name="setup"/>
    <testcase time="0.00100000000020373" classname="ds.rep_smk_complex_setup" name="setup"/>
    <testcase time="0.000999999999748979" classname="ds.rep_smk_complex_setup" name="setup"/>
  </testsuite>
  <testsuite name="ds.rep::smk::complex" timestamp="2025-10-28T13:00:43Z" hostname="runnervmwhb2z" tests="6" skipped="0" failures="0" errors="0" time="0.391">
    <testcase time="0.231000000000222" classname="ds.rep_smk_complex" name="complex_test"/>
    <testcase time="0.000999999999748979" classname="ds.rep_smk_complex" name="complex_test"/>
    <testcase time="0.00200000000040745" classname="ds.rep_smk_complex" name="complex_test"/>
    <testcase time="0.154999999999745" classname="ds.rep_smk_complex" name="complex_test"/>
    <testcase time="0.00100000000020373" classname="ds.rep_smk_complex" name="complex_test"/>
    <testcase time="0.000999999999748979" classname="ds.rep_smk_complex" name="complex_test"/>
  </testsuite>
  <testsuite name="ds.rep::smk::complex shutdown" timestamp="2025-10-28T13:00:43Z" hostname="runnervmwhb2z" tests="3" skipped="0" failures="0" errors="0" time="0.049">
    <testcase time="0.0470000000000255" classname="ds.rep_smk_complex_shutdown" name="shutdown"/>
    <testcase time="0.00100000000020373" classname="ds.rep_smk_complex_shutdown" name="shutdown"/>
    <testcase time="0.000999999999748979" classname="ds.rep_smk_complex_shutdown" name="shutdown"/>
  </testsuite>
  <testsuite name="ds.rep::smk::complex done" timestamp="2025-10-28T13:00:43Z" hostname="runnervmwhb2z" tests="0" skipped="0" failures="0" errors="0" time="0"/>
  <testsuite name="smk-ds.rep" timestamp="2025-10-28T13:00:43Z" hostname="runnervmwhb2z" tests="0" skipped="0" failures="0" errors="0" time="0"/>
  <testsuite name="ds.rep::smk::setup" timestamp="2025-10-28T13:00:43Z" hostname="runnervmwhb2z" tests="3" skipped="0" failures="0" errors="0" time="7.405">
    <testcase time="7.40200000000004" classname="ds.rep_smk_setup" name="setup"/>
    <testcase time="0.00199999999995271" classname="ds.rep_smk_setup" name="setup"/>
    <testcase time="0.00100000000020373" classname="ds.rep_smk_setup" name="setup"/>
  </testsuite>
  <testsuite name="ds.rep::smk" timestamp="2025-10-28T13:00:51Z" hostname="runnervmwhb2z" tests="3" skipped="0" failures="0" errors="0" time="0.14">
    <testcase time="0.136999999999716" classname="ds.rep_smk" name="simple_test"/>
    <testcase time="0.00200000000040745" classname="ds.rep_smk" name="simple_test"/>
    <testcase time="0.000999999999748979" classname="ds.rep_smk" name="simple_test"/>
  </testsuite>
  <testsuite name="ds.rep::smk::shutdown" timestamp="2025-10-28T13:00:51Z" hostname="runnervmwhb2z" tests="3" skipped="0" failures="0" errors="0" time="0.049">
    <testcase time="0.0470000000000255" classname="ds.rep_smk_shutdown" name="shutdown"/>
    <testcase time="0.00100000000020373" classname="ds.rep_smk_shutdown" name="shutdown"/>
    <testcase time="0.000999999999748979" classname="ds.rep_smk_shutdown" name="shutdown"/>
  </testsuite>
  <testsuite name="ds.rep::smk::done" timestamp="2025-10-28T13:00:51Z" hostname="runnervmwhb2z" tests="0" skipped="0" failures="0" errors="0" time="0"/>
  <testsuite name="smk-ds.replaceNA" timestamp="2025-10-28T13:00:51Z" hostname="runnervmwhb2z" tests="0" skipped="0" failures="0" errors="0" time="0"/>
  <testsuite name="ds.replaceNA::smk::setup" timestamp="2025-10-28T13:00:51Z" hostname="runnervmwhb2z" tests="3" skipped="0" failures="0" errors="0" time="7.32">
    <testcase time="7.31800000000021" classname="ds.replaceNA_smk_setup" name="setup"/>
    <testcase time="0.000999999999748979" classname="ds.replaceNA_smk_setup" name="setup"/>
    <testcase time="0.00100000000020373" classname="ds.replaceNA_smk_setup" name="setup"/>
  </testsuite>
  <testsuite name="ds.replaceNA::smk" timestamp="2025-10-28T13:00:58Z" hostname="runnervmwhb2z" tests="3" skipped="0" failures="0" errors="0" time="1.416">
    <testcase time="0.471000000000004" classname="ds.replaceNA_smk" name="simple_replaceNA"/>
    <testcase time="0.41399999999976" classname="ds.replaceNA_smk" name="simple_replaceNA"/>
    <testcase time="0.530999999999949" classname="ds.replaceNA_smk" name="simple_replaceNA"/>
  </testsuite>
  <testsuite name="ds.replaceNA::smk::shutdown" timestamp="2025-10-28T13:00:59Z" hostname="runnervmwhb2z" tests="3" skipped="0" failures="0" errors="0" time="0.049">
    <testcase time="0.0470000000000255" classname="ds.replaceNA_smk_shutdown" name="setup"/>
    <testcase time="0.00100000000020373" classname="ds.replaceNA_smk_shutdown" name="setup"/>
    <testcase time="0.00100000000020373" classname="ds.replaceNA_smk_shutdown" name="setup"/>
  </testsuite>
  <testsuite name="ds.replaceNA::smk::done" timestamp="2025-10-28T13:01:00Z" hostname="runnervmwhb2z" tests="0" skipped="0" failures="0" errors="0" time="0"/>
  <testsuite name="smk-ds.reShape" timestamp="2025-10-28T13:01:00Z" hostname="runnervmwhb2z" tests="0" skipped="0" failures="0" errors="0" time="0"/>
  <testsuite name="ds.reShape::smk::setup" timestamp="2025-10-28T13:01:00Z" hostname="runnervmwhb2z" tests="3" skipped="0" failures="0" errors="0" time="7.363">
    <testcase time="7.36099999999988" classname="ds.reShape_smk_setup" name="setup"/>
    <testcase time="0.000999999999748979" classname="ds.reShape_smk_setup" name="setup"/>
    <testcase time="0.00100000000020373" classname="ds.reShape_smk_setup" name="setup"/>
  </testsuite>
  <testsuite name="ds.reShape::smk" timestamp="2025-10-28T13:01:07Z" hostname="runnervmwhb2z" tests="3" skipped="0" failures="0" errors="0" time="0.296">
    <testcase time="0.293999999999869" classname="ds.reShape_smk" name="simplest_ds.reShape_wide"/>
    <testcase time="0.00100000000020373" classname="ds.reShape_smk" name="simplest_ds.reShape_wide"/>
    <testcase time="0.000999999999748979" classname="ds.reShape_smk" name="simplest_ds.reShape_wide"/>
  </testsuite>
  <testsuite name="ds.reShape::smk::shutdown" timestamp="2025-10-28T13:01:07Z" hostname="runnervmwhb2z" tests="3" skipped="0" failures="0" errors="0" time="0.05">
    <testcase time="0.0480000000002292" classname="ds.reShape_smk_shutdown" name="shutdown"/>
    <testcase time="0.000999999999748979" classname="ds.reShape_smk_shutdown" name="shutdown"/>
    <testcase time="0.00100000000020373" classname="ds.reShape_smk_shutdown" name="shutdown"/>
  </testsuite>
  <testsuite name="ds.reShape::smk::done" timestamp="2025-10-28T13:01:07Z" hostname="runnervmwhb2z" tests="0" skipped="0" failures="0" errors="0" time="0"/>
  <testsuite name="smk-ds.rm" timestamp="2025-10-28T13:01:07Z" hostname="runnervmwhb2z" tests="0" skipped="0" failures="0" errors="0" time="0"/>
  <testsuite name="ds.rm::smk::setup" timestamp="2025-10-28T13:01:07Z" hostname="runnervmwhb2z" tests="3" skipped="0" failures="0" errors="0" time="7.345">
    <testcase time="7.34299999999985" classname="ds.rm_smk_setup" name="setup"/>
    <testcase time="0.000999999999748979" classname="ds.rm_smk_setup" name="setup"/>
    <testcase time="0.00100000000020373" classname="ds.rm_smk_setup" name="setup"/>
  </testsuite>
  <testsuite name="ds.rm::smk" timestamp="2025-10-28T13:01:15Z" hostname="runnervmwhb2z" tests="32" skipped="0" failures="0" errors="0" time="0.371">
    <testcase time="0.0459999999998217" classname="ds.rm_smk" name="simple_test"/>
    <testcase time="0.00100000000020373" classname="ds.rm_smk" name="simple_test"/>
    <testcase time="0.000999999999748979" classname="ds.rm_smk" name="simple_test"/>
    <testcase time="0.00199999999995271" classname="ds.rm_smk" name="simple_test"/>
    <testcase time="0.00100000000020373" classname="ds.rm_smk" name="simple_test"/>
    <testcase time="0.00100000000020373" classname="ds.rm_smk" name="simple_test"/>
    <testcase time="0.000999999999748979" classname="ds.rm_smk" name="simple_test"/>
    <testcase time="0.00100000000020373" classname="ds.rm_smk" name="simple_test"/>
    <testcase time="0.000999999999748979" classname="ds.rm_smk" name="simple_test"/>
    <testcase time="0.00199999999995271" classname="ds.rm_smk" name="simple_test"/>
    <testcase time="0.00100000000020373" classname="ds.rm_smk" name="simple_test"/>
    <testcase time="0.000999999999748979" classname="ds.rm_smk" name="simple_test"/>
    <testcase time="0.00100000000020373" classname="ds.rm_smk" name="simple_test"/>
    <testcase time="0.00100000000020373" classname="ds.rm_smk" name="simple_test"/>
    <testcase time="0.00199999999995271" classname="ds.rm_smk" name="simple_test"/>
    <testcase time="0.000999999999748979" classname="ds.rm_smk" name="simple_test"/>
    <testcase time="0.280999999999949" classname="ds.rm_smk" name="simple_test"/>
    <testcase time="0.00100000000020373" classname="ds.rm_smk" name="simple_test"/>
    <testcase time="0.00199999999995271" classname="ds.rm_smk" name="simple_test"/>
    <testcase time="0.00100000000020373" classname="ds.rm_smk" name="simple_test"/>
    <testcase time="0.000999999999748979" classname="ds.rm_smk" name="simple_test"/>
    <testcase time="0.00100000000020373" classname="ds.rm_smk" name="simple_test"/>
    <testcase time="0.00199999999995271" classname="ds.rm_smk" name="simple_test"/>
    <testcase time="0.00799999999981083" classname="ds.rm_smk" name="simple_test"/>
    <testcase time="0.00100000000020373" classname="ds.rm_smk" name="simple_test"/>
    <testcase time="0.00199999999995271" classname="ds.rm_smk" name="simple_test"/>
    <testcase time="0.000999999999748979" classname="ds.rm_smk" name="simple_test"/>
    <testcase time="0.00100000000020373" classname="ds.rm_smk" name="simple_test"/>
    <testcase time="0.000999999999748979" classname="ds.rm_smk" name="simple_test"/>
    <testcase time="0.00200000000040745" classname="ds.rm_smk" name="simple_test"/>
    <testcase time="0.000999999999748979" classname="ds.rm_smk" name="simple_test"/>
    <testcase time="0.00100000000020373" classname="ds.rm_smk" name="simple_test"/>
  </testsuite>
  <testsuite name="ds.rm::smk" timestamp="2025-10-28T13:01:15Z" hostname="runnervmwhb2z" tests="48" skipped="0" failures="0" errors="0" time="0.926">
    <testcase time="0.0459999999998217" classname="ds.rm_smk" name="multiple_test"/>
    <testcase time="0.00100000000020373" classname="ds.rm_smk" name="multiple_test"/>
    <testcase time="0.00199999999995271" classname="ds.rm_smk" name="multiple_test"/>
    <testcase time="0.000999999999748979" classname="ds.rm_smk" name="multiple_test"/>
    <testcase time="0.00100000000020373" classname="ds.rm_smk" name="multiple_test"/>
    <testcase time="0.000999999999748979" classname="ds.rm_smk" name="multiple_test"/>
    <testcase time="0.00100000000020373" classname="ds.rm_smk" name="multiple_test"/>
    <testcase time="0.000999999999748979" classname="ds.rm_smk" name="multiple_test"/>
    <testcase time="0.00200000000040745" classname="ds.rm_smk" name="multiple_test"/>
    <testcase time="0.000999999999748979" classname="ds.rm_smk" name="multiple_test"/>
    <testcase time="0.00100000000020373" classname="ds.rm_smk" name="multiple_test"/>
    <testcase time="0.000999999999748979" classname="ds.rm_smk" name="multiple_test"/>
    <testcase time="0.00100000000020373" classname="ds.rm_smk" name="multiple_test"/>
    <testcase time="0.000999999999748979" classname="ds.rm_smk" name="multiple_test"/>
    <testcase time="0.00199999999995271" classname="ds.rm_smk" name="multiple_test"/>
    <testcase time="0.00100000000020373" classname="ds.rm_smk" name="multiple_test"/>
    <testcase time="0.545000000000073" classname="ds.rm_smk" name="multiple_test"/>
    <testcase time="0.000999999999748979" classname="ds.rm_smk" name="multiple_test"/>
    <testcase time="0.00100000000020373" classname="ds.rm_smk" name="multiple_test"/>
    <testcase time="0.000999999999748979" classname="ds.rm_smk" name="multiple_test"/>
    <testcase time="0.00200000000040745" classname="ds.rm_smk" name="multiple_test"/>
    <testcase time="0.000999999999748979" classname="ds.rm_smk" name="multiple_test"/>
    <testcase time="0.00100000000020373" classname="ds.rm_smk" name="multiple_test"/>
    <testcase time="0.000999999999748979" classname="ds.rm_smk" name="multiple_test"/>
    <testcase time="0.00199999999995271" classname="ds.rm_smk" name="multiple_test"/>
    <testcase time="0.00100000000020373" classname="ds.rm_smk" name="multiple_test"/>
    <testcase time="0.000999999999748979" classname="ds.rm_smk" name="multiple_test"/>
    <testcase time="0.00100000000020373" classname="ds.rm_smk" name="multiple_test"/>
    <testcase time="0.00100000000020373" classname="ds.rm_smk" name="multiple_test"/>
    <testcase time="0.00199999999995271" classname="ds.rm_smk" name="multiple_test"/>
    <testcase time="0.000999999999748979" classname="ds.rm_smk" name="multiple_test"/>
    <testcase time="0.00100000000020373" classname="ds.rm_smk" name="multiple_test"/>
    <testcase time="0.279999999999745" classname="ds.rm_smk" name="multiple_test"/>
    <testcase time="0.00100000000020373" classname="ds.rm_smk" name="multiple_test"/>
    <testcase time="0.000999999999748979" classname="ds.rm_smk" name="multiple_test"/>
    <testcase time="0.00200000000040745" classname="ds.rm_smk" name="multiple_test"/>
    <testcase time="0.000999999999748979" classname="ds.rm_smk" name="multiple_test"/>
    <testcase time="0.00100000000020373" classname="ds.rm_smk" name="multiple_test"/>
    <testcase time="0.00199999999995271" classname="ds.rm_smk" name="multiple_test"/>
    <testcase time="0.000999999999748979" classname="ds.rm_smk" name="multiple_test"/>
    <testcase time="0.00100000000020373" classname="ds.rm_smk" name="multiple_test"/>
    <testcase time="0.000999999999748979" classname="ds.rm_smk" name="multiple_test"/>
    <testcase time="0.00200000000040745" classname="ds.rm_smk" name="multiple_test"/>
    <testcase time="0.000999999999748979" classname="ds.rm_smk" name="multiple_test"/>
    <testcase time="0.00100000000020373" classname="ds.rm_smk" name="multiple_test"/>
    <testcase time="0.00199999999995271" classname="ds.rm_smk" name="multiple_test"/>
    <testcase time="0.000999999999748979" classname="ds.rm_smk" name="multiple_test"/>
    <testcase time="0.00100000000020373" classname="ds.rm_smk" name="multiple_test"/>
  </testsuite>
  <testsuite name="ds.rm::smk::shutdown" timestamp="2025-10-28T13:01:16Z" hostname="runnervmwhb2z" tests="3" skipped="0" failures="0" errors="0" time="0.05">
    <testcase time="0.0470000000000255" classname="ds.rm_smk_shutdown" name="shutdown"/>
    <testcase time="0.000999999999748979" classname="ds.rm_smk_shutdown" name="shutdown"/>
    <testcase time="0.00199999999995271" classname="ds.rm_smk_shutdown" name="shutdown"/>
  </testsuite>
  <testsuite name="ds.rm::smk::done" timestamp="2025-10-28T13:01:16Z" hostname="runnervmwhb2z" tests="0" skipped="0" failures="0" errors="0" time="0"/>
  <testsuite name="smk-ds.rNorm" timestamp="2025-10-28T13:01:16Z" hostname="runnervmwhb2z" tests="0" skipped="0" failures="0" errors="0" time="0"/>
  <testsuite name="ds.rNorm::smk::setup" timestamp="2025-10-28T13:01:16Z" hostname="runnervmwhb2z" tests="3" skipped="0" failures="0" errors="0" time="7.327">
    <testcase time="7.32400000000007" classname="ds.rNorm_smk_setup" name="setup"/>
    <testcase time="0.00199999999995271" classname="ds.rNorm_smk_setup" name="setup"/>
    <testcase time="0.00100000000020373" classname="ds.rNorm_smk_setup" name="setup"/>
  </testsuite>
  <testsuite name="ds.rNorm::smk::simple test" timestamp="2025-10-28T13:01:23Z" hostname="runnervmwhb2z" tests="11" skipped="0" failures="0" errors="0" time="0.28">
    <testcase time="0.262000000000171" classname="ds.rNorm_smk_simple_test" name="simple_test"/>
    <testcase time="0.000999999999748979" classname="ds.rNorm_smk_simple_test" name="simple_test"/>
    <testcase time="0.00199999999995271" classname="ds.rNorm_smk_simple_test" name="simple_test"/>
    <testcase time="0.00100000000020373" classname="ds.rNorm_smk_simple_test" name="simple_test"/>
    <testcase time="0.000999999999748979" classname="ds.rNorm_smk_simple_test" name="simple_test"/>
    <testcase time="0.00100000000020373" classname="ds.rNorm_smk_simple_test" name="simple_test"/>
    <testcase time="0.000999999999748979" classname="ds.rNorm_smk_simple_test" name="simple_test"/>
    <testcase time="0.00100000000020373" classname="ds.rNorm_smk_simple_test" name="simple_test"/>
    <testcase time="0.000999999999748979" classname="ds.rNorm_smk_simple_test" name="simple_test"/>
    <testcase time="0.00799999999981083" classname="ds.rNorm_smk_simple_test" name="simple_test"/>
    <testcase time="0.00100000000020373" classname="ds.rNorm_smk_simple_test" name="simple_test"/>
  </testsuite>
  <testsuite name="ds.rNorm::smk::shutdown" timestamp="2025-10-28T13:01:24Z" hostname="runnervmwhb2z" tests="3" skipped="0" failures="0" errors="0" time="0.05">
    <testcase time="0.0470000000000255" classname="ds.rNorm_smk_shutdown" name="shutdown"/>
    <testcase time="0.00199999999995271" classname="ds.rNorm_smk_shutdown" name="shutdown"/>
    <testcase time="0.00100000000020373" classname="ds.rNorm_smk_shutdown" name="shutdown"/>
  </testsuite>
  <testsuite name="ds.rNorm::smk::done" timestamp="2025-10-28T13:01:24Z" hostname="runnervmwhb2z" tests="0" skipped="0" failures="0" errors="0" time="0"/>
  <testsuite name="smk-ds.rowColCalc" timestamp="2025-10-28T13:01:24Z" hostname="runnervmwhb2z" tests="0" skipped="0" failures="0" errors="0" time="0"/>
  <testsuite name="ds.rowColCalc::smk::setup" timestamp="2025-10-28T13:01:24Z" hostname="runnervmwhb2z" tests="3" skipped="0" failures="0" errors="0" time="7.327">
    <testcase time="7.32499999999982" classname="ds.rowColCalc_smk_setup" name="setup"/>
    <testcase time="0.00100000000020373" classname="ds.rowColCalc_smk_setup" name="setup"/>
    <testcase time="0.000999999999748979" classname="ds.rowColCalc_smk_setup" name="setup"/>
  </testsuite>
  <testsuite name="ds.rowColCalc::smk" timestamp="2025-10-28T13:01:31Z" hostname="runnervmwhb2z" tests="4" skipped="0" failures="0" errors="0" time="0.357">
    <testcase time="0.34900000000016" classname="ds.rowColCalc_smk" name="rowColCalc_exists"/>
    <testcase time="0.00199999999995271" classname="ds.rowColCalc_smk" name="rowColCalc_exists"/>
    <testcase time="0.00300000000015643" classname="ds.rowColCalc_smk" name="rowColCalc_exists"/>
    <testcase time="0.00299999999970169" classname="ds.rowColCalc_smk" name="rowColCalc_exists"/>
  </testsuite>
  <testsuite name="ds.rowColCalc::smk::no newobj" timestamp="2025-10-28T13:01:31Z" hostname="runnervmwhb2z" tests="4" skipped="0" failures="0" errors="0" time="0.395">
    <testcase time="0.387000000000171" classname="ds.rowColCalc_smk_no_newobj" name="rowColCalc_out_exists"/>
    <testcase time="0.00299999999970169" classname="ds.rowColCalc_smk_no_newobj" name="rowColCalc_out_exists"/>
    <testcase time="0.00300000000015643" classname="ds.rowColCalc_smk_no_newobj" name="rowColCalc_out_exists"/>
    <testcase time="0.00199999999995271" classname="ds.rowColCalc_smk_no_newobj" name="rowColCalc_out_exists"/>
  </testsuite>
  <testsuite name="ds.rowColCalc::smk::shutdown" timestamp="2025-10-28T13:01:32Z" hostname="runnervmwhb2z" tests="3" skipped="0" failures="0" errors="0" time="0.049">
    <testcase time="0.0460000000002765" classname="ds.rowColCalc_smk_shutdown" name="shutdown"/>
    <testcase time="0.00199999999995271" classname="ds.rowColCalc_smk_shutdown" name="shutdown"/>
    <testcase time="0.000999999999748979" classname="ds.rowColCalc_smk_shutdown" name="shutdown"/>
  </testsuite>
  <testsuite name="ds.rowColCalc::smk::done" timestamp="2025-10-28T13:01:32Z" hostname="runnervmwhb2z" tests="0" skipped="0" failures="0" errors="0" time="0"/>
  <testsuite name="smk-ds.rPois" timestamp="2025-10-28T13:01:32Z" hostname="runnervmwhb2z" tests="0" skipped="0" failures="0" errors="0" time="0"/>
  <testsuite name="ds.rPois::smk::setup" timestamp="2025-10-28T13:01:32Z" hostname="runnervmwhb2z" tests="3" skipped="0" failures="0" errors="0" time="7.389">
    <testcase time="7.38700000000017" classname="ds.rPois_smk_setup" name="setup"/>
    <testcase time="0.000999999999748979" classname="ds.rPois_smk_setup" name="setup"/>
    <testcase time="0.00100000000020373" classname="ds.rPois_smk_setup" name="setup"/>
  </testsuite>
  <testsuite name="ds.rPois::smk::simple test" timestamp="2025-10-28T13:01:39Z" hostname="runnervmwhb2z" tests="11" skipped="0" failures="0" errors="0" time="0.268">
    <testcase time="0.255000000000109" classname="ds.rPois_smk_simple_test" name="simple_test"/>
    <testcase time="0.00199999999995271" classname="ds.rPois_smk_simple_test" name="simple_test"/>
    <testcase time="0.000999999999748979" classname="ds.rPois_smk_simple_test" name="simple_test"/>
    <testcase time="0.00100000000020373" classname="ds.rPois_smk_simple_test" name="simple_test"/>
    <testcase time="0.00199999999995271" classname="ds.rPois_smk_simple_test" name="simple_test"/>
    <testcase time="0.00100000000020373" classname="ds.rPois_smk_simple_test" name="simple_test"/>
    <testcase time="0.000999999999748979" classname="ds.rPois_smk_simple_test" name="simple_test"/>
    <testcase time="0.00100000000020373" classname="ds.rPois_smk_simple_test" name="simple_test"/>
    <testcase time="0.00199999999995271" classname="ds.rPois_smk_simple_test" name="simple_test"/>
    <testcase time="0.000999999999748979" classname="ds.rPois_smk_simple_test" name="simple_test"/>
    <testcase time="0.00100000000020373" classname="ds.rPois_smk_simple_test" name="simple_test"/>
  </testsuite>
  <testsuite name="ds.rPois::smk::shutdown" timestamp="2025-10-28T13:01:39Z" hostname="runnervmwhb2z" tests="3" skipped="0" failures="0" errors="0" time="0.056">
    <testcase time="0.0540000000000873" classname="ds.rPois_smk_shutdown" name="shutdown"/>
    <testcase time="0.000999999999748979" classname="ds.rPois_smk_shutdown" name="shutdown"/>
    <testcase time="0.00100000000020373" classname="ds.rPois_smk_shutdown" name="shutdown"/>
  </testsuite>
  <testsuite name="ds.rPois::smk::done" timestamp="2025-10-28T13:01:40Z" hostname="runnervmwhb2z" tests="0" skipped="0" failures="0" errors="0" time="0"/>
  <testsuite name="smk-ds.rUnif" timestamp="2025-10-28T13:01:40Z" hostname="runnervmwhb2z" tests="0" skipped="0" failures="0" errors="0" time="0"/>
  <testsuite name="ds.rUnif::smk::setup" timestamp="2025-10-28T13:01:40Z" hostname="runnervmwhb2z" tests="3" skipped="0" failures="0" errors="0" time="7.365">
    <testcase time="7.36299999999983" classname="ds.rUnif_smk_setup" name="setup"/>
    <testcase time="0.00100000000020373" classname="ds.rUnif_smk_setup" name="setup"/>
    <testcase time="0.000999999999748979" classname="ds.rUnif_smk_setup" name="setup"/>
  </testsuite>
  <testsuite name="ds.rUnif::smk::simple test" timestamp="2025-10-28T13:01:47Z" hostname="runnervmwhb2z" tests="11" skipped="0" failures="0" errors="0" time="0.283">
    <testcase time="0.263000000000375" classname="ds.rUnif_smk_simple_test" name="simple_test"/>
    <testcase time="0.000999999999748979" classname="ds.rUnif_smk_simple_test" name="simple_test"/>
    <testcase time="0.00199999999995271" classname="ds.rUnif_smk_simple_test" name="simple_test"/>
    <testcase time="0.00100000000020373" classname="ds.rUnif_smk_simple_test" name="simple_test"/>
    <testcase time="0.000999999999748979" classname="ds.rUnif_smk_simple_test" name="simple_test"/>
    <testcase time="0.00100000000020373" classname="ds.rUnif_smk_simple_test" name="simple_test"/>
    <testcase time="0.00199999999995271" classname="ds.rUnif_smk_simple_test" name="simple_test"/>
    <testcase time="0.000999999999748979" classname="ds.rUnif_smk_simple_test" name="simple_test"/>
    <testcase time="0.00100000000020373" classname="ds.rUnif_smk_simple_test" name="simple_test"/>
    <testcase time="0.00799999999981083" classname="ds.rUnif_smk_simple_test" name="simple_test"/>
    <testcase time="0.00200000000040745" classname="ds.rUnif_smk_simple_test" name="simple_test"/>
  </testsuite>
  <testsuite name="ds.rUnif::smk::shutdown" timestamp="2025-10-28T13:01:47Z" hostname="runnervmwhb2z" tests="3" skipped="0" failures="0" errors="0" time="0.049">
    <testcase time="0.0470000000000255" classname="ds.rUnif_smk_shutdown" name="shutdown"/>
    <testcase time="0.000999999999748979" classname="ds.rUnif_smk_shutdown" name="shutdown"/>
    <testcase time="0.00100000000020373" classname="ds.rUnif_smk_shutdown" name="shutdown"/>
  </testsuite>
  <testsuite name="ds.rUnif::smk::done" timestamp="2025-10-28T13:01:47Z" hostname="runnervmwhb2z" tests="0" skipped="0" failures="0" errors="0" time="0"/>
  <testsuite name="smk-ds.sample" timestamp="2025-10-28T13:01:47Z" hostname="runnervmwhb2z" tests="0" skipped="0" failures="0" errors="0" time="0"/>
  <testsuite name="ds.sample::smk::setup" timestamp="2025-10-28T13:01:47Z" hostname="runnervmwhb2z" tests="3" skipped="0" failures="0" errors="0" time="7.366">
    <testcase time="7.36299999999983" classname="ds.sample_smk_setup" name="setup"/>
    <testcase time="0.00100000000020373" classname="ds.sample_smk_setup" name="setup"/>
    <testcase time="0.00199999999995271" classname="ds.sample_smk_setup" name="setup"/>
  </testsuite>
  <testsuite name="ds.sample::smk::test" timestamp="2025-10-28T13:01:54Z" hostname="runnervmwhb2z" tests="64" skipped="0" failures="0" errors="0" time="0.8">
    <testcase time="0.173999999999978" classname="ds.sample_smk_test" name="simple_test"/>
    <testcase time="0.000999999999748979" classname="ds.sample_smk_test" name="simple_test"/>
    <testcase time="0.00100000000020373" classname="ds.sample_smk_test" name="simple_test"/>
    <testcase time="0.0399999999999636" classname="ds.sample_smk_test" name="simple_test"/>
    <testcase time="0.000999999999748979" classname="ds.sample_smk_test" name="simple_test"/>
    <testcase time="0.00100000000020373" classname="ds.sample_smk_test" name="simple_test"/>
    <testcase time="0.000999999999748979" classname="ds.sample_smk_test" name="simple_test"/>
    <testcase time="0.00100000000020373" classname="ds.sample_smk_test" name="simple_test"/>
    <testcase time="0.100999999999658" classname="ds.sample_smk_test" name="simple_test"/>
    <testcase time="0.00100000000020373" classname="ds.sample_smk_test" name="simple_test"/>
    <testcase time="0.00200000000040745" classname="ds.sample_smk_test" name="simple_test"/>
    <testcase time="0.00299999999970169" classname="ds.sample_smk_test" name="simple_test"/>
    <testcase time="0.00100000000020373" classname="ds.sample_smk_test" name="simple_test"/>
    <testcase time="0.00199999999995271" classname="ds.sample_smk_test" name="simple_test"/>
    <testcase time="0.000999999999748979" classname="ds.sample_smk_test" name="simple_test"/>
    <testcase time="0.00100000000020373" classname="ds.sample_smk_test" name="simple_test"/>
    <testcase time="0.00199999999995271" classname="ds.sample_smk_test" name="simple_test"/>
    <testcase time="0.00199999999995271" classname="ds.sample_smk_test" name="simple_test"/>
    <testcase time="0.00300000000015643" classname="ds.sample_smk_test" name="simple_test"/>
    <testcase time="0.000999999999748979" classname="ds.sample_smk_test" name="simple_test"/>
    <testcase time="0.00200000000040745" classname="ds.sample_smk_test" name="simple_test"/>
    <testcase time="0.000999999999748979" classname="ds.sample_smk_test" name="simple_test"/>
    <testcase time="0.00100000000020373" classname="ds.sample_smk_test" name="simple_test"/>
    <testcase time="0.00900000000001455" classname="ds.sample_smk_test" name="simple_test"/>
    <testcase time="0.00199999999995271" classname="ds.sample_smk_test" name="simple_test"/>
    <testcase time="0.00299999999970169" classname="ds.sample_smk_test" name="simple_test"/>
    <testcase time="0.00100000000020373" classname="ds.sample_smk_test" name="simple_test"/>
    <testcase time="0.00100000000020373" classname="ds.sample_smk_test" name="simple_test"/>
    <testcase time="0.00100000000020373" classname="ds.sample_smk_test" name="simple_test"/>
    <testcase time="0.000999999999748979" classname="ds.sample_smk_test" name="simple_test"/>
    <testcase time="0.0399999999999636" classname="ds.sample_smk_test" name="simple_test"/>
    <testcase time="0.00199999999995271" classname="ds.sample_smk_test" name="simple_test"/>
    <testcase time="0.00100000000020373" classname="ds.sample_smk_test" name="simple_test"/>
    <testcase time="0.00199999999995271" classname="ds.sample_smk_test" name="simple_test"/>
    <testcase time="0.00100000000020373" classname="ds.sample_smk_test" name="simple_test"/>
    <testcase time="0.178999999999633" classname="ds.sample_smk_test" name="simple_test"/>
    <testcase time="0.00100000000020373" classname="ds.sample_smk_test" name="simple_test"/>
    <testcase time="0.00199999999995271" classname="ds.sample_smk_test" name="simple_test"/>
    <testcase time="0.0390000000002146" classname="ds.sample_smk_test" name="simple_test"/>
    <testcase time="0.000999999999748979" classname="ds.sample_smk_test" name="simple_test"/>
    <testcase time="0.00100000000020373" classname="ds.sample_smk_test" name="simple_test"/>
    <testcase time="0.00199999999995271" classname="ds.sample_smk_test" name="simple_test"/>
    <testcase time="0.000999999999748979" classname="ds.sample_smk_test" name="simple_test"/>
    <testcase time="0.0999999999999091" classname="ds.sample_smk_test" name="simple_test"/>
    <testcase time="0.00100000000020373" classname="ds.sample_smk_test" name="simple_test"/>
    <testcase time="0.00100000000020373" classname="ds.sample_smk_test" name="simple_test"/>
    <testcase time="0.00199999999995271" classname="ds.sample_smk_test" name="simple_test"/>
    <testcase time="0.000999999999748979" classname="ds.sample_smk_test" name="simple_test"/>
    <testcase time="0.00100000000020373" classname="ds.sample_smk_test" name="simple_test"/>
    <testcase time="0.00199999999995271" classname="ds.sample_smk_test" name="simple_test"/>
    <testcase time="0.000999999999748979" classname="ds.sample_smk_test" name="simple_test"/>
    <testcase time="0.00100000000020373" classname="ds.sample_smk_test" name="simple_test"/>
    <testcase time="0.00199999999995271" classname="ds.sample_smk_test" name="simple_test"/>
    <testcase time="0.00100000000020373" classname="ds.sample_smk_test" name="simple_test"/>
    <testcase time="0.000999999999748979" classname="ds.sample_smk_test" name="simple_test"/>
    <testcase time="0.00199999999995271" classname="ds.sample_smk_test" name="simple_test"/>
    <testcase time="0.00100000000020373" classname="ds.sample_smk_test" name="simple_test"/>
    <testcase time="0.00199999999995271" classname="ds.sample_smk_test" name="simple_test"/>
    <testcase time="0.00100000000020373" classname="ds.sample_smk_test" name="simple_test"/>
    <testcase time="0.0399999999999636" classname="ds.sample_smk_test" name="simple_test"/>
    <testcase time="0.000999999999748979" classname="ds.sample_smk_test" name="simple_test"/>
    <testcase time="0.00199999999995271" classname="ds.sample_smk_test" name="simple_test"/>
    <testcase time="0.00100000000020373" classname="ds.sample_smk_test" name="simple_test"/>
    <testcase time="0.00199999999995271" classname="ds.sample_smk_test" name="simple_test"/>
  </testsuite>
  <testsuite name="ds.sample::smk::test error" timestamp="2025-10-28T13:01:55Z" hostname="runnervmwhb2z" tests="5" skipped="0" failures="0" errors="0" time="0.137">
    <testcase time="0.132000000000062" classname="ds.sample_smk_test_error" name="simple_test_error"/>
    <testcase time="0.000999999999748979" classname="ds.sample_smk_test_error" name="simple_test_error"/>
    <testcase time="0.00199999999995271" classname="ds.sample_smk_test_error" name="simple_test_error"/>
    <testcase time="0.00100000000020373" classname="ds.sample_smk_test_error" name="simple_test_error"/>
    <testcase time="0.00100000000020373" classname="ds.sample_smk_test_error" name="simple_test_error"/>
  </testsuite>
  <testsuite name="ds.sample::smk::shutdown" timestamp="2025-10-28T13:01:55Z" hostname="runnervmwhb2z" tests="3" skipped="0" failures="0" errors="0" time="0.05">
    <testcase time="0.0479999999997744" classname="ds.sample_smk_shutdown" name="shutdown"/>
    <testcase time="0.00100000000020373" classname="ds.sample_smk_shutdown" name="shutdown"/>
    <testcase time="0.000999999999748979" classname="ds.sample_smk_shutdown" name="shutdown"/>
  </testsuite>
  <testsuite name="ds.sample::smk::done" timestamp="2025-10-28T13:01:56Z" hostname="runnervmwhb2z" tests="0" skipped="0" failures="0" errors="0" time="0"/>
  <testsuite name="smk-ds.seq" timestamp="2025-10-28T13:01:56Z" hostname="runnervmwhb2z" tests="0" skipped="0" failures="0" errors="0" time="0"/>
  <testsuite name="ds.seq::smk::setup" timestamp="2025-10-28T13:01:56Z" hostname="runnervmwhb2z" tests="3" skipped="0" failures="0" errors="0" time="7.323">
    <testcase time="7.32000000000016" classname="ds.seq_smk_setup" name="setup"/>
    <testcase time="0.000999999999748979" classname="ds.seq_smk_setup" name="setup"/>
    <testcase time="0.00199999999995271" classname="ds.seq_smk_setup" name="setup"/>
  </testsuite>
  <testsuite name="ds.seq::smk" timestamp="2025-10-28T13:02:03Z" hostname="runnervmwhb2z" tests="6" skipped="0" failures="0" errors="0" time="0.354">
    <testcase time="0.207000000000335" classname="ds.seq_smk" name="simplest_ds.seq"/>
    <testcase time="0.000999999999748979" classname="ds.seq_smk" name="simplest_ds.seq"/>
    <testcase time="0.00199999999995271" classname="ds.seq_smk" name="simplest_ds.seq"/>
    <testcase time="0.141000000000076" classname="ds.seq_smk" name="simplest_ds.seq"/>
    <testcase time="0.00100000000020373" classname="ds.seq_smk" name="simplest_ds.seq"/>
    <testcase time="0.00199999999995271" classname="ds.seq_smk" name="simplest_ds.seq"/>
  </testsuite>
  <testsuite name="ds.seq::smk::shutdown" timestamp="2025-10-28T13:02:03Z" hostname="runnervmwhb2z" tests="3" skipped="0" failures="0" errors="0" time="0.048">
    <testcase time="0.0450000000000728" classname="ds.seq_smk_shutdown" name="shutdown"/>
    <testcase time="0.00199999999995271" classname="ds.seq_smk_shutdown" name="shutdown"/>
    <testcase time="0.000999999999748979" classname="ds.seq_smk_shutdown" name="shutdown"/>
  </testsuite>
  <testsuite name="ds.seq::smk::done" timestamp="2025-10-28T13:02:03Z" hostname="runnervmwhb2z" tests="0" skipped="0" failures="0" errors="0" time="0"/>
  <testsuite name="smk-ds.setSeed" timestamp="2025-10-28T13:02:03Z" hostname="runnervmwhb2z" tests="0" skipped="0" failures="0" errors="0" time="0"/>
  <testsuite name="ds.setSeed::smk::setup" timestamp="2025-10-28T13:02:03Z" hostname="runnervmwhb2z" tests="3" skipped="0" failures="0" errors="0" time="7.324">
    <testcase time="7.32200000000012" classname="ds.setSeed_smk_setup" name="setup"/>
    <testcase time="0.00100000000020373" classname="ds.setSeed_smk_setup" name="setup"/>
    <testcase time="0.000999999999748979" classname="ds.setSeed_smk_setup" name="setup"/>
  </testsuite>
  <testsuite name="ds.setSeed::smk" timestamp="2025-10-28T13:02:11Z" hostname="runnervmwhb2z" tests="9" skipped="0" failures="0" errors="0" time="0.073">
    <testcase time="0.0640000000003056" classname="ds.setSeed_smk" name="basic_setSeed"/>
    <testcase time="0.000999999999748979" classname="ds.setSeed_smk" name="basic_setSeed"/>
    <testcase time="0.00100000000020373" classname="ds.setSeed_smk" name="basic_setSeed"/>
    <testcase time="0.00199999999995271" classname="ds.setSeed_smk" name="basic_setSeed"/>
    <testcase time="0.000999999999748979" classname="ds.setSeed_smk" name="basic_setSeed"/>
    <testcase time="0.00100000000020373" classname="ds.setSeed_smk" name="basic_setSeed"/>
    <testcase time="0.000999999999748979" classname="ds.setSeed_smk" name="basic_setSeed"/>
    <testcase time="0.00100000000020373" classname="ds.setSeed_smk" name="basic_setSeed"/>
    <testcase time="0.000999999999748979" classname="ds.setSeed_smk" name="basic_setSeed"/>
  </testsuite>
  <testsuite name="ds.setSeed::smk::shutdown" timestamp="2025-10-28T13:02:11Z" hostname="runnervmwhb2z" tests="3" skipped="0" failures="0" errors="0" time="0.05">
    <testcase time="0.0470000000000255" classname="ds.setSeed_smk_shutdown" name="shutdown"/>
    <testcase time="0.00100000000020373" classname="ds.setSeed_smk_shutdown" name="shutdown"/>
    <testcase time="0.00199999999995271" classname="ds.setSeed_smk_shutdown" name="shutdown"/>
  </testsuite>
  <testsuite name="ds.setSeed::smk::done" timestamp="2025-10-28T13:02:11Z" hostname="runnervmwhb2z" tests="0" skipped="0" failures="0" errors="0" time="0"/>
  <testsuite name="smk-ds.skewness" timestamp="2025-10-28T13:02:11Z" hostname="runnervmwhb2z" tests="0" skipped="0" failures="0" errors="0" time="0"/>
  <testsuite name="ds.skewness::smk::setup" timestamp="2025-10-28T13:02:11Z" hostname="runnervmwhb2z" tests="3" skipped="0" failures="0" errors="0" time="7.374">
    <testcase time="7.37100000000009" classname="ds.skewness_smk_setup" name="setup"/>
    <testcase time="0.00199999999995271" classname="ds.skewness_smk_setup" name="setup"/>
    <testcase time="0.00100000000020373" classname="ds.skewness_smk_setup" name="setup"/>
  </testsuite>
  <testsuite name="ds.skewness::smk::method 1::split" timestamp="2025-10-28T13:02:18Z" hostname="runnervmwhb2z" tests="70" skipped="0" failures="0" errors="0" time="0.624">
    <testcase time="0.105999999999767" classname="ds.skewness_smk_method_1_split" name="simple_skewness_method_1_split_on_LAB_TSC"/>
    <testcase time="0.00100000000020373" classname="ds.skewness_smk_method_1_split" name="simple_skewness_method_1_split_on_LAB_TSC"/>
    <testcase time="0.00199999999995271" classname="ds.skewness_smk_method_1_split" name="simple_skewness_method_1_split_on_LAB_TSC"/>
    <testcase time="0.000999999999748979" classname="ds.skewness_smk_method_1_split" name="simple_skewness_method_1_split_on_LAB_TSC"/>
    <testcase time="0.00100000000020373" classname="ds.skewness_smk_method_1_split" name="simple_skewness_method_1_split_on_LAB_TSC"/>
    <testcase time="0.000999999999748979" classname="ds.skewness_smk_method_1_split" name="simple_skewness_method_1_split_on_LAB_TSC"/>
    <testcase time="0.00100000000020373" classname="ds.skewness_smk_method_1_split" name="simple_skewness_method_1_split_on_LAB_TSC"/>
    <testcase time="0.00199999999995271" classname="ds.skewness_smk_method_1_split" name="simple_skewness_method_1_split_on_LAB_TSC"/>
    <testcase time="0.00100000000020373" classname="ds.skewness_smk_method_1_split" name="simple_skewness_method_1_split_on_LAB_TSC"/>
    <testcase time="0.000999999999748979" classname="ds.skewness_smk_method_1_split" name="simple_skewness_method_1_split_on_LAB_TSC"/>
    <testcase time="0.00100000000020373" classname="ds.skewness_smk_method_1_split" name="simple_skewness_method_1_split_on_LAB_TSC"/>
    <testcase time="0.000999999999748979" classname="ds.skewness_smk_method_1_split" name="simple_skewness_method_1_split_on_LAB_TSC"/>
    <testcase time="0.00199999999995271" classname="ds.skewness_smk_method_1_split" name="simple_skewness_method_1_split_on_LAB_TSC"/>
    <testcase time="0.00100000000020373" classname="ds.skewness_smk_method_1_split" name="simple_skewness_method_1_split_on_LAB_TSC"/>
    <testcase time="0.103999999999814" classname="ds.skewness_smk_method_1_split" name="simple_skewness_method_1_split_on_LAB_TRIG"/>
    <testcase time="0.00100000000020373" classname="ds.skewness_smk_method_1_split" name="simple_skewness_method_1_split_on_LAB_TRIG"/>
    <testcase time="0.000999999999748979" classname="ds.skewness_smk_method_1_split" name="simple_skewness_method_1_split_on_LAB_TRIG"/>
    <testcase time="0.00199999999995271" classname="ds.skewness_smk_method_1_split" name="simple_skewness_method_1_split_on_LAB_TRIG"/>
    <testcase time="0.00100000000020373" classname="ds.skewness_smk_method_1_split" name="simple_skewness_method_1_split_on_LAB_TRIG"/>
    <testcase time="0.00199999999995271" classname="ds.skewness_smk_method_1_split" name="simple_skewness_method_1_split_on_LAB_TRIG"/>
    <testcase time="0.00100000000020373" classname="ds.skewness_smk_method_1_split" name="simple_skewness_method_1_split_on_LAB_TRIG"/>
    <testcase time="0.000999999999748979" classname="ds.skewness_smk_method_1_split" name="simple_skewness_method_1_split_on_LAB_TRIG"/>
    <testcase time="0.00100000000020373" classname="ds.skewness_smk_method_1_split" name="simple_skewness_method_1_split_on_LAB_TRIG"/>
    <testcase time="0.00199999999995271" classname="ds.skewness_smk_method_1_split" name="simple_skewness_method_1_split_on_LAB_TRIG"/>
    <testcase time="0.000999999999748979" classname="ds.skewness_smk_method_1_split" name="simple_skewness_method_1_split_on_LAB_TRIG"/>
    <testcase time="0.00100000000020373" classname="ds.skewness_smk_method_1_split" name="simple_skewness_method_1_split_on_LAB_TRIG"/>
    <testcase time="0.00199999999995271" classname="ds.skewness_smk_method_1_split" name="simple_skewness_method_1_split_on_LAB_TRIG"/>
    <testcase time="0.00100000000020373" classname="ds.skewness_smk_method_1_split" name="simple_skewness_method_1_split_on_LAB_TRIG"/>
    <testcase time="0.114999999999782" classname="ds.skewness_smk_method_1_split" name="simple_skewness_method_1_split_on_LAB_HDL"/>
    <testcase time="0.00100000000020373" classname="ds.skewness_smk_method_1_split" name="simple_skewness_method_1_split_on_LAB_HDL"/>
    <testcase time="0.000999999999748979" classname="ds.skewness_smk_method_1_split" name="simple_skewness_method_1_split_on_LAB_HDL"/>
    <testcase time="0.00199999999995271" classname="ds.skewness_smk_method_1_split" name="simple_skewness_method_1_split_on_LAB_HDL"/>
    <testcase time="0.00100000000020373" classname="ds.skewness_smk_method_1_split" name="simple_skewness_method_1_split_on_LAB_HDL"/>
    <testcase time="0.000999999999748979" classname="ds.skewness_smk_method_1_split" name="simple_skewness_method_1_split_on_LAB_HDL"/>
    <testcase time="0.00200000000040745" classname="ds.skewness_smk_method_1_split" name="simple_skewness_method_1_split_on_LAB_HDL"/>
    <testcase time="0.000999999999748979" classname="ds.skewness_smk_method_1_split" name="simple_skewness_method_1_split_on_LAB_HDL"/>
    <testcase time="0.00100000000020373" classname="ds.skewness_smk_method_1_split" name="simple_skewness_method_1_split_on_LAB_HDL"/>
    <testcase time="0.000999999999748979" classname="ds.skewness_smk_method_1_split" name="simple_skewness_method_1_split_on_LAB_HDL"/>
    <testcase time="0.00199999999995271" classname="ds.skewness_smk_method_1_split" name="simple_skewness_method_1_split_on_LAB_HDL"/>
    <testcase time="0.00100000000020373" classname="ds.skewness_smk_method_1_split" name="simple_skewness_method_1_split_on_LAB_HDL"/>
    <testcase time="0.000999999999748979" classname="ds.skewness_smk_method_1_split" name="simple_skewness_method_1_split_on_LAB_HDL"/>
    <testcase time="0.00100000000020373" classname="ds.skewness_smk_method_1_split" name="simple_skewness_method_1_split_on_LAB_HDL"/>
    <testcase time="0.103999999999814" classname="ds.skewness_smk_method_1_split" name="simple_skewness_method_1_split_on_LAB_GLUC_ADJUSTED"/>
    <testcase time="0.00199999999995271" classname="ds.skewness_smk_method_1_split" name="simple_skewness_method_1_split_on_LAB_GLUC_ADJUSTED"/>
    <testcase time="0.00100000000020373" classname="ds.skewness_smk_method_1_split" name="simple_skewness_method_1_split_on_LAB_GLUC_ADJUSTED"/>
    <testcase time="0.00100000000020373" classname="ds.skewness_smk_method_1_split" name="simple_skewness_method_1_split_on_LAB_GLUC_ADJUSTED"/>
    <testcase time="0.00199999999995271" classname="ds.skewness_smk_method_1_split" name="simple_skewness_method_1_split_on_LAB_GLUC_ADJUSTED"/>
    <testcase time="0.000999999999748979" classname="ds.skewness_smk_method_1_split" name="simple_skewness_method_1_split_on_LAB_GLUC_ADJUSTED"/>
    <testcase time="0.00100000000020373" classname="ds.skewness_smk_method_1_split" name="simple_skewness_method_1_split_on_LAB_GLUC_ADJUSTED"/>
    <testcase time="0.00199999999995271" classname="ds.skewness_smk_method_1_split" name="simple_skewness_method_1_split_on_LAB_GLUC_ADJUSTED"/>
    <testcase time="0.000999999999748979" classname="ds.skewness_smk_method_1_split" name="simple_skewness_method_1_split_on_LAB_GLUC_ADJUSTED"/>
    <testcase time="0.00200000000040745" classname="ds.skewness_smk_method_1_split" name="simple_skewness_method_1_split_on_LAB_GLUC_ADJUSTED"/>
    <testcase time="0.000999999999748979" classname="ds.skewness_smk_method_1_split" name="simple_skewness_method_1_split_on_LAB_GLUC_ADJUSTED"/>
    <testcase time="0.00100000000020373" classname="ds.skewness_smk_method_1_split" name="simple_skewness_method_1_split_on_LAB_GLUC_ADJUSTED"/>
    <testcase time="0.00199999999995271" classname="ds.skewness_smk_method_1_split" name="simple_skewness_method_1_split_on_LAB_GLUC_ADJUSTED"/>
    <testcase time="0.000999999999748979" classname="ds.skewness_smk_method_1_split" name="simple_skewness_method_1_split_on_LAB_GLUC_ADJUSTED"/>
    <testcase time="0.110000000000127" classname="ds.skewness_smk_method_1_split" name="simple_skewness_method_1_split_on_PM_BMI_CONTINUOUS"/>
    <testcase time="0.00199999999995271" classname="ds.skewness_smk_method_1_split" name="simple_skewness_method_1_split_on_PM_BMI_CONTINUOUS"/>
    <testcase time="0.00100000000020373" classname="ds.skewness_smk_method_1_split" name="simple_skewness_method_1_split_on_PM_BMI_CONTINUOUS"/>
    <testcase time="0.000999999999748979" classname="ds.skewness_smk_method_1_split" name="simple_skewness_method_1_split_on_PM_BMI_CONTINUOUS"/>
    <testcase time="0.00199999999995271" classname="ds.skewness_smk_method_1_split" name="simple_skewness_method_1_split_on_PM_BMI_CONTINUOUS"/>
    <testcase time="0.00100000000020373" classname="ds.skewness_smk_method_1_split" name="simple_skewness_method_1_split_on_PM_BMI_CONTINUOUS"/>
    <testcase time="0.00199999999995271" classname="ds.skewness_smk_method_1_split" name="simple_skewness_method_1_split_on_PM_BMI_CONTINUOUS"/>
    <testcase time="0.00100000000020373" classname="ds.skewness_smk_method_1_split" name="simple_skewness_method_1_split_on_PM_BMI_CONTINUOUS"/>
    <testcase time="0.000999999999748979" classname="ds.skewness_smk_method_1_split" name="simple_skewness_method_1_split_on_PM_BMI_CONTINUOUS"/>
    <testcase time="0.00199999999995271" classname="ds.skewness_smk_method_1_split" name="simple_skewness_method_1_split_on_PM_BMI_CONTINUOUS"/>
    <testcase time="0.00100000000020373" classname="ds.skewness_smk_method_1_split" name="simple_skewness_method_1_split_on_PM_BMI_CONTINUOUS"/>
    <testcase time="0.00199999999995271" classname="ds.skewness_smk_method_1_split" name="simple_skewness_method_1_split_on_PM_BMI_CONTINUOUS"/>
    <testcase time="0.000999999999748979" classname="ds.skewness_smk_method_1_split" name="simple_skewness_method_1_split_on_PM_BMI_CONTINUOUS"/>
    <testcase time="0.00100000000020373" classname="ds.skewness_smk_method_1_split" name="simple_skewness_method_1_split_on_PM_BMI_CONTINUOUS"/>
  </testsuite>
  <testsuite name="ds.skewness::smk::method 1::combine" timestamp="2025-10-28T13:02:19Z" hostname="runnervmwhb2z" tests="40" skipped="0" failures="0" errors="0" time="0.773">
    <testcase time="0.146000000000186" classname="ds.skewness_smk_method_1_combine" name="simple_skewness_combine_on_LAB_TSC"/>
    <testcase time="0.000999999999748979" classname="ds.skewness_smk_method_1_combine" name="simple_skewness_combine_on_LAB_TSC"/>
    <testcase time="0.00199999999995271" classname="ds.skewness_smk_method_1_combine" name="simple_skewness_combine_on_LAB_TSC"/>
    <testcase time="0.00100000000020373" classname="ds.skewness_smk_method_1_combine" name="simple_skewness_combine_on_LAB_TSC"/>
    <testcase time="0.000999999999748979" classname="ds.skewness_smk_method_1_combine" name="simple_skewness_combine_on_LAB_TSC"/>
    <testcase time="0.00100000000020373" classname="ds.skewness_smk_method_1_combine" name="simple_skewness_combine_on_LAB_TSC"/>
    <testcase time="0.000999999999748979" classname="ds.skewness_smk_method_1_combine" name="simple_skewness_combine_on_LAB_TSC"/>
    <testcase time="0.00200000000040745" classname="ds.skewness_smk_method_1_combine" name="simple_skewness_combine_on_LAB_TSC"/>
    <testcase time="0.147999999999683" classname="ds.skewness_smk_method_1_combine" name="simple_skewness_method_1_combine_on_LAB_TRIG"/>
    <testcase time="0.00199999999995271" classname="ds.skewness_smk_method_1_combine" name="simple_skewness_method_1_combine_on_LAB_TRIG"/>
    <testcase time="0.00100000000020373" classname="ds.skewness_smk_method_1_combine" name="simple_skewness_method_1_combine_on_LAB_TRIG"/>
    <testcase time="0.000999999999748979" classname="ds.skewness_smk_method_1_combine" name="simple_skewness_method_1_combine_on_LAB_TRIG"/>
    <testcase time="0.00100000000020373" classname="ds.skewness_smk_method_1_combine" name="simple_skewness_method_1_combine_on_LAB_TRIG"/>
    <testcase time="0.00100000000020373" classname="ds.skewness_smk_method_1_combine" name="simple_skewness_method_1_combine_on_LAB_TRIG"/>
    <testcase time="0.00199999999995271" classname="ds.skewness_smk_method_1_combine" name="simple_skewness_method_1_combine_on_LAB_TRIG"/>
    <testcase time="0.000999999999748979" classname="ds.skewness_smk_method_1_combine" name="simple_skewness_method_1_combine_on_LAB_TRIG"/>
    <testcase time="0.141000000000076" classname="ds.skewness_smk_method_1_combine" name="simple_skewness_method_1_combine_on_LAB_HDL"/>
    <testcase time="0.00199999999995271" classname="ds.skewness_smk_method_1_combine" name="simple_skewness_method_1_combine_on_LAB_HDL"/>
    <testcase time="0.00100000000020373" classname="ds.skewness_smk_method_1_combine" name="simple_skewness_method_1_combine_on_LAB_HDL"/>
    <testcase time="0.000999999999748979" classname="ds.skewness_smk_method_1_combine" name="simple_skewness_method_1_combine_on_LAB_HDL"/>
    <testcase time="0.00100000000020373" classname="ds.skewness_smk_method_1_combine" name="simple_skewness_method_1_combine_on_LAB_HDL"/>
    <testcase time="0.00199999999995271" classname="ds.skewness_smk_method_1_combine" name="simple_skewness_method_1_combine_on_LAB_HDL"/>
    <testcase time="0.000999999999748979" classname="ds.skewness_smk_method_1_combine" name="simple_skewness_method_1_combine_on_LAB_HDL"/>
    <testcase time="0.00100000000020373" classname="ds.skewness_smk_method_1_combine" name="simple_skewness_method_1_combine_on_LAB_HDL"/>
    <testcase time="0.143000000000029" classname="ds.skewness_smk_method_1_combine" name="simple_skewness_method_1_combine_on_LAB_GLUC_ADJUSTED"/>
    <testcase time="0.000999999999748979" classname="ds.skewness_smk_method_1_combine" name="simple_skewness_method_1_combine_on_LAB_GLUC_ADJUSTED"/>
    <testcase time="0.00200000000040745" classname="ds.skewness_smk_method_1_combine" name="simple_skewness_method_1_combine_on_LAB_GLUC_ADJUSTED"/>
    <testcase time="0.000999999999748979" classname="ds.skewness_smk_method_1_combine" name="simple_skewness_method_1_combine_on_LAB_GLUC_ADJUSTED"/>
    <testcase time="0.00100000000020373" classname="ds.skewness_smk_method_1_combine" name="simple_skewness_method_1_combine_on_LAB_GLUC_ADJUSTED"/>
    <testcase time="0.000999999999748979" classname="ds.skewness_smk_method_1_combine" name="simple_skewness_method_1_combine_on_LAB_GLUC_ADJUSTED"/>
    <testcase time="0.00199999999995271" classname="ds.skewness_smk_method_1_combine" name="simple_skewness_method_1_combine_on_LAB_GLUC_ADJUSTED"/>
    <testcase time="0.00100000000020373" classname="ds.skewness_smk_method_1_combine" name="simple_skewness_method_1_combine_on_LAB_GLUC_ADJUSTED"/>
    <testcase time="0.150000000000091" classname="ds.skewness_smk_method_1_combine" name="simple_skewness_method_1_combine_on_PM_BMI_CONTINUOUS"/>
    <testcase time="0.00199999999995271" classname="ds.skewness_smk_method_1_combine" name="simple_skewness_method_1_combine_on_PM_BMI_CONTINUOUS"/>
    <testcase time="0.000999999999748979" classname="ds.skewness_smk_method_1_combine" name="simple_skewness_method_1_combine_on_PM_BMI_CONTINUOUS"/>
    <testcase time="0.00100000000020373" classname="ds.skewness_smk_method_1_combine" name="simple_skewness_method_1_combine_on_PM_BMI_CONTINUOUS"/>
    <testcase time="0.00199999999995271" classname="ds.skewness_smk_method_1_combine" name="simple_skewness_method_1_combine_on_PM_BMI_CONTINUOUS"/>
    <testcase time="0.00100000000020373" classname="ds.skewness_smk_method_1_combine" name="simple_skewness_method_1_combine_on_PM_BMI_CONTINUOUS"/>
    <testcase time="0.000999999999748979" classname="ds.skewness_smk_method_1_combine" name="simple_skewness_method_1_combine_on_PM_BMI_CONTINUOUS"/>
    <testcase time="0.00100000000020373" classname="ds.skewness_smk_method_1_combine" name="simple_skewness_method_1_combine_on_PM_BMI_CONTINUOUS"/>
  </testsuite>
  <testsuite name="ds.skewness::smk::method 1::both" timestamp="2025-10-28T13:02:19Z" hostname="runnervmwhb2z" tests="110" skipped="0" failures="0" errors="0" time="1.068">
    <testcase time="0.183999999999742" classname="ds.skewness_smk_method_1_both" name="simple_skewness_both_on_LAB_TSC"/>
    <testcase time="0.00100000000020373" classname="ds.skewness_smk_method_1_both" name="simple_skewness_both_on_LAB_TSC"/>
    <testcase time="0.000999999999748979" classname="ds.skewness_smk_method_1_both" name="simple_skewness_both_on_LAB_TSC"/>
    <testcase time="0.00199999999995271" classname="ds.skewness_smk_method_1_both" name="simple_skewness_both_on_LAB_TSC"/>
    <testcase time="0.00100000000020373" classname="ds.skewness_smk_method_1_both" name="simple_skewness_both_on_LAB_TSC"/>
    <testcase time="0.00100000000020373" classname="ds.skewness_smk_method_1_both" name="simple_skewness_both_on_LAB_TSC"/>
    <testcase time="0.000999999999748979" classname="ds.skewness_smk_method_1_both" name="simple_skewness_both_on_LAB_TSC"/>
    <testcase time="0.00199999999995271" classname="ds.skewness_smk_method_1_both" name="simple_skewness_both_on_LAB_TSC"/>
    <testcase time="0.00100000000020373" classname="ds.skewness_smk_method_1_both" name="simple_skewness_both_on_LAB_TSC"/>
    <testcase time="0.000999999999748979" classname="ds.skewness_smk_method_1_both" name="simple_skewness_both_on_LAB_TSC"/>
    <testcase time="0.00100000000020373" classname="ds.skewness_smk_method_1_both" name="simple_skewness_both_on_LAB_TSC"/>
    <testcase time="0.000999999999748979" classname="ds.skewness_smk_method_1_both" name="simple_skewness_both_on_LAB_TSC"/>
    <testcase time="0.00200000000040745" classname="ds.skewness_smk_method_1_both" name="simple_skewness_both_on_LAB_TSC"/>
    <testcase time="0.000999999999748979" classname="ds.skewness_smk_method_1_both" name="simple_skewness_both_on_LAB_TSC"/>
    <testcase time="0.00100000000020373" classname="ds.skewness_smk_method_1_both" name="simple_skewness_both_on_LAB_TSC"/>
    <testcase time="0.000999999999748979" classname="ds.skewness_smk_method_1_both" name="simple_skewness_both_on_LAB_TSC"/>
    <testcase time="0.00100000000020373" classname="ds.skewness_smk_method_1_both" name="simple_skewness_both_on_LAB_TSC"/>
    <testcase time="0.00199999999995271" classname="ds.skewness_smk_method_1_both" name="simple_skewness_both_on_LAB_TSC"/>
    <testcase time="0.000999999999748979" classname="ds.skewness_smk_method_1_both" name="simple_skewness_both_on_LAB_TSC"/>
    <testcase time="0.00100000000020373" classname="ds.skewness_smk_method_1_both" name="simple_skewness_both_on_LAB_TSC"/>
    <testcase time="0.000999999999748979" classname="ds.skewness_smk_method_1_both" name="simple_skewness_both_on_LAB_TSC"/>
    <testcase time="0.00200000000040745" classname="ds.skewness_smk_method_1_both" name="simple_skewness_both_on_LAB_TSC"/>
    <testcase time="0.195999999999913" classname="ds.skewness_smk_method_1_both" name="simple_skewness_method_1_both_on_LAB_TRIG"/>
    <testcase time="0.000999999999748979" classname="ds.skewness_smk_method_1_both" name="simple_skewness_method_1_both_on_LAB_TRIG"/>
    <testcase time="0.00100000000020373" classname="ds.skewness_smk_method_1_both" name="simple_skewness_method_1_both_on_LAB_TRIG"/>
    <testcase time="0.000999999999748979" classname="ds.skewness_smk_method_1_both" name="simple_skewness_method_1_both_on_LAB_TRIG"/>
    <testcase time="0.00800000000026557" classname="ds.skewness_smk_method_1_both" name="simple_skewness_method_1_both_on_LAB_TRIG"/>
    <testcase time="0.00199999999995271" classname="ds.skewness_smk_method_1_both" name="simple_skewness_method_1_both_on_LAB_TRIG"/>
    <testcase time="0.00100000000020373" classname="ds.skewness_smk_method_1_both" name="simple_skewness_method_1_both_on_LAB_TRIG"/>
    <testcase time="0.000999999999748979" classname="ds.skewness_smk_method_1_both" name="simple_skewness_method_1_both_on_LAB_TRIG"/>
    <testcase time="0.00100000000020373" classname="ds.skewness_smk_method_1_both" name="simple_skewness_method_1_both_on_LAB_TRIG"/>
    <testcase time="0.000999999999748979" classname="ds.skewness_smk_method_1_both" name="simple_skewness_method_1_both_on_LAB_TRIG"/>
    <testcase time="0.000999999999748979" classname="ds.skewness_smk_method_1_both" name="simple_skewness_method_1_both_on_LAB_TRIG"/>
    <testcase time="0.00100000000020373" classname="ds.skewness_smk_method_1_both" name="simple_skewness_method_1_both_on_LAB_TRIG"/>
    <testcase time="0.000999999999748979" classname="ds.skewness_smk_method_1_both" name="simple_skewness_method_1_both_on_LAB_TRIG"/>
    <testcase time="0.00100000000020373" classname="ds.skewness_smk_method_1_both" name="simple_skewness_method_1_both_on_LAB_TRIG"/>
    <testcase time="0.00199999999995271" classname="ds.skewness_smk_method_1_both" name="simple_skewness_method_1_both_on_LAB_TRIG"/>
    <testcase time="0.00100000000020373" classname="ds.skewness_smk_method_1_both" name="simple_skewness_method_1_both_on_LAB_TRIG"/>
    <testcase time="0.000999999999748979" classname="ds.skewness_smk_method_1_both" name="simple_skewness_method_1_both_on_LAB_TRIG"/>
    <testcase time="0.00100000000020373" classname="ds.skewness_smk_method_1_both" name="simple_skewness_method_1_both_on_LAB_TRIG"/>
    <testcase time="0.00199999999995271" classname="ds.skewness_smk_method_1_both" name="simple_skewness_method_1_both_on_LAB_TRIG"/>
    <testcase time="0.000999999999748979" classname="ds.skewness_smk_method_1_both" name="simple_skewness_method_1_both_on_LAB_TRIG"/>
    <testcase time="0.00100000000020373" classname="ds.skewness_smk_method_1_both" name="simple_skewness_method_1_both_on_LAB_TRIG"/>
    <testcase time="0.00199999999995271" classname="ds.skewness_smk_method_1_both" name="simple_skewness_method_1_both_on_LAB_TRIG"/>
    <testcase time="0.179999999999836" classname="ds.skewness_smk_method_1_both" name="simple_skewness_method_1_both_on_LAB_HDL"/>
    <testcase time="0.00199999999995271" classname="ds.skewness_smk_method_1_both" name="simple_skewness_method_1_both_on_LAB_HDL"/>
    <testcase time="0.00100000000020373" classname="ds.skewness_smk_method_1_both" name="simple_skewness_method_1_both_on_LAB_HDL"/>
    <testcase time="0.00100000000020373" classname="ds.skewness_smk_method_1_both" name="simple_skewness_method_1_both_on_LAB_HDL"/>
    <testcase time="0.00199999999995271" classname="ds.skewness_smk_method_1_both" name="simple_skewness_method_1_both_on_LAB_HDL"/>
    <testcase time="0.000999999999748979" classname="ds.skewness_smk_method_1_both" name="simple_skewness_method_1_both_on_LAB_HDL"/>
    <testcase time="0.00100000000020373" classname="ds.skewness_smk_method_1_both" name="simple_skewness_method_1_both_on_LAB_HDL"/>
    <testcase time="0.00199999999995271" classname="ds.skewness_smk_method_1_both" name="simple_skewness_method_1_both_on_LAB_HDL"/>
    <testcase time="0.000999999999748979" classname="ds.skewness_smk_method_1_both" name="simple_skewness_method_1_both_on_LAB_HDL"/>
    <testcase time="0.00100000000020373" classname="ds.skewness_smk_method_1_both" name="simple_skewness_method_1_both_on_LAB_HDL"/>
    <testcase time="0.00199999999995271" classname="ds.skewness_smk_method_1_both" name="simple_skewness_method_1_both_on_LAB_HDL"/>
    <testcase time="0.00100000000020373" classname="ds.skewness_smk_method_1_both" name="simple_skewness_method_1_both_on_LAB_HDL"/>
    <testcase time="0.000999999999748979" classname="ds.skewness_smk_method_1_both" name="simple_skewness_method_1_both_on_LAB_HDL"/>
    <testcase time="0.00199999999995271" classname="ds.skewness_smk_method_1_both" name="simple_skewness_method_1_both_on_LAB_HDL"/>
    <testcase time="0.00100000000020373" classname="ds.skewness_smk_method_1_both" name="simple_skewness_method_1_both_on_LAB_HDL"/>
    <testcase time="0.000999999999748979" classname="ds.skewness_smk_method_1_both" name="simple_skewness_method_1_both_on_LAB_HDL"/>
    <testcase time="0.00199999999995271" classname="ds.skewness_smk_method_1_both" name="simple_skewness_method_1_both_on_LAB_HDL"/>
    <testcase time="0.00100000000020373" classname="ds.skewness_smk_method_1_both" name="simple_skewness_method_1_both_on_LAB_HDL"/>
    <testcase time="0.00100000000020373" classname="ds.skewness_smk_method_1_both" name="simple_skewness_method_1_both_on_LAB_HDL"/>
    <testcase time="0.00199999999995271" classname="ds.skewness_smk_method_1_both" name="simple_skewness_method_1_both_on_LAB_HDL"/>
    <testcase time="0.000999999999748979" classname="ds.skewness_smk_method_1_both" name="simple_skewness_method_1_both_on_LAB_HDL"/>
    <testcase time="0.00100000000020373" classname="ds.skewness_smk_method_1_both" name="simple_skewness_method_1_both_on_LAB_HDL"/>
    <testcase time="0.177999999999884" classname="ds.skewness_smk_method_1_both" name="simple_skewness_method_1_both_on_LAB_GLUC_ADJUSTED"/>
    <testcase time="0.00199999999995271" classname="ds.skewness_smk_method_1_both" name="simple_skewness_method_1_both_on_LAB_GLUC_ADJUSTED"/>
    <testcase time="0.00100000000020373" classname="ds.skewness_smk_method_1_both" name="simple_skewness_method_1_both_on_LAB_GLUC_ADJUSTED"/>
    <testcase time="0.00199999999995271" classname="ds.skewness_smk_method_1_both" name="simple_skewness_method_1_both_on_LAB_GLUC_ADJUSTED"/>
    <testcase time="0.000999999999748979" classname="ds.skewness_smk_method_1_both" name="simple_skewness_method_1_both_on_LAB_GLUC_ADJUSTED"/>
    <testcase time="0.00199999999995271" classname="ds.skewness_smk_method_1_both" name="simple_skewness_method_1_both_on_LAB_GLUC_ADJUSTED"/>
    <testcase time="0.00100000000020373" classname="ds.skewness_smk_method_1_both" name="simple_skewness_method_1_both_on_LAB_GLUC_ADJUSTED"/>
    <testcase time="0.00199999999995271" classname="ds.skewness_smk_method_1_both" name="simple_skewness_method_1_both_on_LAB_GLUC_ADJUSTED"/>
    <testcase time="0.00100000000020373" classname="ds.skewness_smk_method_1_both" name="simple_skewness_method_1_both_on_LAB_GLUC_ADJUSTED"/>
    <testcase time="0.000999999999748979" classname="ds.skewness_smk_method_1_both" name="simple_skewness_method_1_both_on_LAB_GLUC_ADJUSTED"/>
    <testcase time="0.00199999999995271" classname="ds.skewness_smk_method_1_both" name="simple_skewness_method_1_both_on_LAB_GLUC_ADJUSTED"/>
    <testcase time="0.00100000000020373" classname="ds.skewness_smk_method_1_both" name="simple_skewness_method_1_both_on_LAB_GLUC_ADJUSTED"/>
    <testcase time="0.00199999999995271" classname="ds.skewness_smk_method_1_both" name="simple_skewness_method_1_both_on_LAB_GLUC_ADJUSTED"/>
    <testcase time="0.00100000000020373" classname="ds.skewness_smk_method_1_both" name="simple_skewness_method_1_both_on_LAB_GLUC_ADJUSTED"/>
    <testcase time="0.00199999999995271" classname="ds.skewness_smk_method_1_both" name="simple_skewness_method_1_both_on_LAB_GLUC_ADJUSTED"/>
    <testcase time="0.000999999999748979" classname="ds.skewness_smk_method_1_both" name="simple_skewness_method_1_both_on_LAB_GLUC_ADJUSTED"/>
    <testcase time="0.00100000000020373" classname="ds.skewness_smk_method_1_both" name="simple_skewness_method_1_both_on_LAB_GLUC_ADJUSTED"/>
    <testcase time="0.00199999999995271" classname="ds.skewness_smk_method_1_both" name="simple_skewness_method_1_both_on_LAB_GLUC_ADJUSTED"/>
    <testcase time="0.000999999999748979" classname="ds.skewness_smk_method_1_both" name="simple_skewness_method_1_both_on_LAB_GLUC_ADJUSTED"/>
    <testcase time="0.00200000000040745" classname="ds.skewness_smk_method_1_both" name="simple_skewness_method_1_both_on_LAB_GLUC_ADJUSTED"/>
    <testcase time="0.000999999999748979" classname="ds.skewness_smk_method_1_both" name="simple_skewness_method_1_both_on_LAB_GLUC_ADJUSTED"/>
    <testcase time="0.00900000000001455" classname="ds.skewness_smk_method_1_both" name="simple_skewness_method_1_both_on_LAB_GLUC_ADJUSTED"/>
    <testcase time="0.175000000000182" classname="ds.skewness_smk_method_1_both" name="simple_skewness_method_1_both_on_PM_BMI_CONTINUOUS"/>
    <testcase time="0.00199999999995271" classname="ds.skewness_smk_method_1_both" name="simple_skewness_method_1_both_on_PM_BMI_CONTINUOUS"/>
    <testcase time="0.000999999999748979" classname="ds.skewness_smk_method_1_both" name="simple_skewness_method_1_both_on_PM_BMI_CONTINUOUS"/>
    <testcase time="0.000999999999748979" classname="ds.skewness_smk_method_1_both" name="simple_skewness_method_1_both_on_PM_BMI_CONTINUOUS"/>
    <testcase time="0.00200000000040745" classname="ds.skewness_smk_method_1_both" name="simple_skewness_method_1_both_on_PM_BMI_CONTINUOUS"/>
    <testcase time="0.000999999999748979" classname="ds.skewness_smk_method_1_both" name="simple_skewness_method_1_both_on_PM_BMI_CONTINUOUS"/>
    <testcase time="0.00199999999995271" classname="ds.skewness_smk_method_1_both" name="simple_skewness_method_1_both_on_PM_BMI_CONTINUOUS"/>
    <testcase time="0.00100000000020373" classname="ds.skewness_smk_method_1_both" name="simple_skewness_method_1_both_on_PM_BMI_CONTINUOUS"/>
    <testcase time="0.00199999999995271" classname="ds.skewness_smk_method_1_both" name="simple_skewness_method_1_both_on_PM_BMI_CONTINUOUS"/>
    <testcase time="0.000999999999748979" classname="ds.skewness_smk_method_1_both" name="simple_skewness_method_1_both_on_PM_BMI_CONTINUOUS"/>
    <testcase time="0.00199999999995271" classname="ds.skewness_smk_method_1_both" name="simple_skewness_method_1_both_on_PM_BMI_CONTINUOUS"/>
    <testcase time="0.00100000000020373" classname="ds.skewness_smk_method_1_both" name="simple_skewness_method_1_both_on_PM_BMI_CONTINUOUS"/>
    <testcase time="0.00199999999995271" classname="ds.skewness_smk_method_1_both" name="simple_skewness_method_1_both_on_PM_BMI_CONTINUOUS"/>
    <testcase time="0.00100000000020373" classname="ds.skewness_smk_method_1_both" name="simple_skewness_method_1_both_on_PM_BMI_CONTINUOUS"/>
    <testcase time="0.00199999999995271" classname="ds.skewness_smk_method_1_both" name="simple_skewness_method_1_both_on_PM_BMI_CONTINUOUS"/>
    <testcase time="0.000999999999748979" classname="ds.skewness_smk_method_1_both" name="simple_skewness_method_1_both_on_PM_BMI_CONTINUOUS"/>
    <testcase time="0.00199999999995271" classname="ds.skewness_smk_method_1_both" name="simple_skewness_method_1_both_on_PM_BMI_CONTINUOUS"/>
    <testcase time="0.00100000000020373" classname="ds.skewness_smk_method_1_both" name="simple_skewness_method_1_both_on_PM_BMI_CONTINUOUS"/>
    <testcase time="0.00199999999995271" classname="ds.skewness_smk_method_1_both" name="simple_skewness_method_1_both_on_PM_BMI_CONTINUOUS"/>
    <testcase time="0.00100000000020373" classname="ds.skewness_smk_method_1_both" name="simple_skewness_method_1_both_on_PM_BMI_CONTINUOUS"/>
    <testcase time="0.00199999999995271" classname="ds.skewness_smk_method_1_both" name="simple_skewness_method_1_both_on_PM_BMI_CONTINUOUS"/>
    <testcase time="0.000999999999748979" classname="ds.skewness_smk_method_1_both" name="simple_skewness_method_1_both_on_PM_BMI_CONTINUOUS"/>
  </testsuite>
  <testsuite name="ds.skewness::smk::method 2::split" timestamp="2025-10-28T13:02:21Z" hostname="runnervmwhb2z" tests="70" skipped="0" failures="0" errors="0" time="0.674">
    <testcase time="0.108999999999924" classname="ds.skewness_smk_method_2_split" name="simple_skewness_method_2_split_on_LAB_TSC"/>
    <testcase time="0.00100000000020373" classname="ds.skewness_smk_method_2_split" name="simple_skewness_method_2_split_on_LAB_TSC"/>
    <testcase time="0.00100000000020373" classname="ds.skewness_smk_method_2_split" name="simple_skewness_method_2_split_on_LAB_TSC"/>
    <testcase time="0.00199999999995271" classname="ds.skewness_smk_method_2_split" name="simple_skewness_method_2_split_on_LAB_TSC"/>
    <testcase time="0.000999999999748979" classname="ds.skewness_smk_method_2_split" name="simple_skewness_method_2_split_on_LAB_TSC"/>
    <testcase time="0.00100000000020373" classname="ds.skewness_smk_method_2_split" name="simple_skewness_method_2_split_on_LAB_TSC"/>
    <testcase time="0.000999999999748979" classname="ds.skewness_smk_method_2_split" name="simple_skewness_method_2_split_on_LAB_TSC"/>
    <testcase time="0.00199999999995271" classname="ds.skewness_smk_method_2_split" name="simple_skewness_method_2_split_on_LAB_TSC"/>
    <testcase time="0.00100000000020373" classname="ds.skewness_smk_method_2_split" name="simple_skewness_method_2_split_on_LAB_TSC"/>
    <testcase time="0.00100000000020373" classname="ds.skewness_smk_method_2_split" name="simple_skewness_method_2_split_on_LAB_TSC"/>
    <testcase time="0.000999999999748979" classname="ds.skewness_smk_method_2_split" name="simple_skewness_method_2_split_on_LAB_TSC"/>
    <testcase time="0.00199999999995271" classname="ds.skewness_smk_method_2_split" name="simple_skewness_method_2_split_on_LAB_TSC"/>
    <testcase time="0.00100000000020373" classname="ds.skewness_smk_method_2_split" name="simple_skewness_method_2_split_on_LAB_TSC"/>
    <testcase time="0.000999999999748979" classname="ds.skewness_smk_method_2_split" name="simple_skewness_method_2_split_on_LAB_TSC"/>
    <testcase time="0.103000000000065" classname="ds.skewness_smk_method_2_split" name="simple_skewness_method_2_split_on_LAB_TRIG"/>
    <testcase time="0.00100000000020373" classname="ds.skewness_smk_method_2_split" name="simple_skewness_method_2_split_on_LAB_TRIG"/>
    <testcase time="0.000999999999748979" classname="ds.skewness_smk_method_2_split" name="simple_skewness_method_2_split_on_LAB_TRIG"/>
    <testcase time="0.00199999999995271" classname="ds.skewness_smk_method_2_split" name="simple_skewness_method_2_split_on_LAB_TRIG"/>
    <testcase time="0.00100000000020373" classname="ds.skewness_smk_method_2_split" name="simple_skewness_method_2_split_on_LAB_TRIG"/>
    <testcase time="0.000999999999748979" classname="ds.skewness_smk_method_2_split" name="simple_skewness_method_2_split_on_LAB_TRIG"/>
    <testcase time="0.00200000000040745" classname="ds.skewness_smk_method_2_split" name="simple_skewness_method_2_split_on_LAB_TRIG"/>
    <testcase time="0.000999999999748979" classname="ds.skewness_smk_method_2_split" name="simple_skewness_method_2_split_on_LAB_TRIG"/>
    <testcase time="0.00100000000020373" classname="ds.skewness_smk_method_2_split" name="simple_skewness_method_2_split_on_LAB_TRIG"/>
    <testcase time="0.00799999999981083" classname="ds.skewness_smk_method_2_split" name="simple_skewness_method_2_split_on_LAB_TRIG"/>
    <testcase time="0.00100000000020373" classname="ds.skewness_smk_method_2_split" name="simple_skewness_method_2_split_on_LAB_TRIG"/>
    <testcase time="0.00100000000020373" classname="ds.skewness_smk_method_2_split" name="simple_skewness_method_2_split_on_LAB_TRIG"/>
    <testcase time="0.000999999999748979" classname="ds.skewness_smk_method_2_split" name="simple_skewness_method_2_split_on_LAB_TRIG"/>
    <testcase time="0.00100000000020373" classname="ds.skewness_smk_method_2_split" name="simple_skewness_method_2_split_on_LAB_TRIG"/>
    <testcase time="0.101000000000113" classname="ds.skewness_smk_method_2_split" name="simple_skewness_method_2_split_on_LAB_HDL"/>
    <testcase time="0.00199999999995271" classname="ds.skewness_smk_method_2_split" name="simple_skewness_method_2_split_on_LAB_HDL"/>
    <testcase time="0.000999999999748979" classname="ds.skewness_smk_method_2_split" name="simple_skewness_method_2_split_on_LAB_HDL"/>
    <testcase time="0.00100000000020373" classname="ds.skewness_smk_method_2_split" name="simple_skewness_method_2_split_on_LAB_HDL"/>
    <testcase time="0.000999999999748979" classname="ds.skewness_smk_method_2_split" name="simple_skewness_method_2_split_on_LAB_HDL"/>
    <testcase time="0.000999999999748979" classname="ds.skewness_smk_method_2_split" name="simple_skewness_method_2_split_on_LAB_HDL"/>
    <testcase time="0.00100000000020373" classname="ds.skewness_smk_method_2_split" name="simple_skewness_method_2_split_on_LAB_HDL"/>
    <testcase time="0.00100000000020373" classname="ds.skewness_smk_method_2_split" name="simple_skewness_method_2_split_on_LAB_HDL"/>
    <testcase time="0.00199999999995271" classname="ds.skewness_smk_method_2_split" name="simple_skewness_method_2_split_on_LAB_HDL"/>
    <testcase time="0.000999999999748979" classname="ds.skewness_smk_method_2_split" name="simple_skewness_method_2_split_on_LAB_HDL"/>
    <testcase time="0.00100000000020373" classname="ds.skewness_smk_method_2_split" name="simple_skewness_method_2_split_on_LAB_HDL"/>
    <testcase time="0.000999999999748979" classname="ds.skewness_smk_method_2_split" name="simple_skewness_method_2_split_on_LAB_HDL"/>
    <testcase time="0.00199999999995271" classname="ds.skewness_smk_method_2_split" name="simple_skewness_method_2_split_on_LAB_HDL"/>
    <testcase time="0.00100000000020373" classname="ds.skewness_smk_method_2_split" name="simple_skewness_method_2_split_on_LAB_HDL"/>
    <testcase time="0.164999999999964" classname="ds.skewness_smk_method_2_split" name="simple_skewness_method_2_split_on_LAB_GLUC_ADJUSTED"/>
    <testcase time="0.00100000000020373" classname="ds.skewness_smk_method_2_split" name="simple_skewness_method_2_split_on_LAB_GLUC_ADJUSTED"/>
    <testcase time="0.00199999999995271" classname="ds.skewness_smk_method_2_split" name="simple_skewness_method_2_split_on_LAB_GLUC_ADJUSTED"/>
    <testcase time="0.000999999999748979" classname="ds.skewness_smk_method_2_split" name="simple_skewness_method_2_split_on_LAB_GLUC_ADJUSTED"/>
    <testcase time="0.00100000000020373" classname="ds.skewness_smk_method_2_split" name="simple_skewness_method_2_split_on_LAB_GLUC_ADJUSTED"/>
    <testcase time="0.00199999999995271" classname="ds.skewness_smk_method_2_split" name="simple_skewness_method_2_split_on_LAB_GLUC_ADJUSTED"/>
    <testcase time="0.000999999999748979" classname="ds.skewness_smk_method_2_split" name="simple_skewness_method_2_split_on_LAB_GLUC_ADJUSTED"/>
    <testcase time="0.00100000000020373" classname="ds.skewness_smk_method_2_split" name="simple_skewness_method_2_split_on_LAB_GLUC_ADJUSTED"/>
    <testcase time="0.000999999999748979" classname="ds.skewness_smk_method_2_split" name="simple_skewness_method_2_split_on_LAB_GLUC_ADJUSTED"/>
    <testcase time="0.00100000000020373" classname="ds.skewness_smk_method_2_split" name="simple_skewness_method_2_split_on_LAB_GLUC_ADJUSTED"/>
    <testcase time="0.000999999999748979" classname="ds.skewness_smk_method_2_split" name="simple_skewness_method_2_split_on_LAB_GLUC_ADJUSTED"/>
    <testcase time="0.00199999999995271" classname="ds.skewness_smk_method_2_split" name="simple_skewness_method_2_split_on_LAB_GLUC_ADJUSTED"/>
    <testcase time="0.00100000000020373" classname="ds.skewness_smk_method_2_split" name="simple_skewness_method_2_split_on_LAB_GLUC_ADJUSTED"/>
    <testcase time="0.00199999999995271" classname="ds.skewness_smk_method_2_split" name="simple_skewness_method_2_split_on_LAB_GLUC_ADJUSTED"/>
    <testcase time="0.108000000000175" classname="ds.skewness_smk_method_2_split" name="simple_skewness_method_2_split_on_PM_BMI_CONTINUOUS"/>
    <testcase time="0.000999999999748979" classname="ds.skewness_smk_method_2_split" name="simple_skewness_method_2_split_on_PM_BMI_CONTINUOUS"/>
    <testcase time="0.00199999999995271" classname="ds.skewness_smk_method_2_split" name="simple_skewness_method_2_split_on_PM_BMI_CONTINUOUS"/>
    <testcase time="0.00100000000020373" classname="ds.skewness_smk_method_2_split" name="simple_skewness_method_2_split_on_PM_BMI_CONTINUOUS"/>
    <testcase time="0.00199999999995271" classname="ds.skewness_smk_method_2_split" name="simple_skewness_method_2_split_on_PM_BMI_CONTINUOUS"/>
    <testcase time="0.000999999999748979" classname="ds.skewness_smk_method_2_split" name="simple_skewness_method_2_split_on_PM_BMI_CONTINUOUS"/>
    <testcase time="0.00200000000040745" classname="ds.skewness_smk_method_2_split" name="simple_skewness_method_2_split_on_PM_BMI_CONTINUOUS"/>
    <testcase time="0.000999999999748979" classname="ds.skewness_smk_method_2_split" name="simple_skewness_method_2_split_on_PM_BMI_CONTINUOUS"/>
    <testcase time="0.00100000000020373" classname="ds.skewness_smk_method_2_split" name="simple_skewness_method_2_split_on_PM_BMI_CONTINUOUS"/>
    <testcase time="0.00199999999995271" classname="ds.skewness_smk_method_2_split" name="simple_skewness_method_2_split_on_PM_BMI_CONTINUOUS"/>
    <testcase time="0.000999999999748979" classname="ds.skewness_smk_method_2_split" name="simple_skewness_method_2_split_on_PM_BMI_CONTINUOUS"/>
    <testcase time="0.00100000000020373" classname="ds.skewness_smk_method_2_split" name="simple_skewness_method_2_split_on_PM_BMI_CONTINUOUS"/>
    <testcase time="0.00100000000020373" classname="ds.skewness_smk_method_2_split" name="simple_skewness_method_2_split_on_PM_BMI_CONTINUOUS"/>
    <testcase time="0.00100000000020373" classname="ds.skewness_smk_method_2_split" name="simple_skewness_method_2_split_on_PM_BMI_CONTINUOUS"/>
  </testsuite>
  <testsuite name="ds.skewness::smk::method 2::combine" timestamp="2025-10-28T13:02:21Z" hostname="runnervmwhb2z" tests="40" skipped="0" failures="0" errors="0" time="0.772">
    <testcase time="0.157999999999902" classname="ds.skewness_smk_method_2_combine" name="simple_skewness_combine_on_LAB_TSC"/>
    <testcase time="0.000999999999748979" classname="ds.skewness_smk_method_2_combine" name="simple_skewness_combine_on_LAB_TSC"/>
    <testcase time="0.00100000000020373" classname="ds.skewness_smk_method_2_combine" name="simple_skewness_combine_on_LAB_TSC"/>
    <testcase time="0.00199999999995271" classname="ds.skewness_smk_method_2_combine" name="simple_skewness_combine_on_LAB_TSC"/>
    <testcase time="0.00100000000020373" classname="ds.skewness_smk_method_2_combine" name="simple_skewness_combine_on_LAB_TSC"/>
    <testcase time="0.000999999999748979" classname="ds.skewness_smk_method_2_combine" name="simple_skewness_combine_on_LAB_TSC"/>
    <testcase time="0.00100000000020373" classname="ds.skewness_smk_method_2_combine" name="simple_skewness_combine_on_LAB_TSC"/>
    <testcase time="0.000999999999748979" classname="ds.skewness_smk_method_2_combine" name="simple_skewness_combine_on_LAB_TSC"/>
    <testcase time="0.14200000000028" classname="ds.skewness_smk_method_2_combine" name="simple_skewness_method_2_combine_on_LAB_TRIG"/>
    <testcase time="0.00199999999995271" classname="ds.skewness_smk_method_2_combine" name="simple_skewness_method_2_combine_on_LAB_TRIG"/>
    <testcase time="0.000999999999748979" classname="ds.skewness_smk_method_2_combine" name="simple_skewness_method_2_combine_on_LAB_TRIG"/>
    <testcase time="0.00100000000020373" classname="ds.skewness_smk_method_2_combine" name="simple_skewness_method_2_combine_on_LAB_TRIG"/>
    <testcase time="0.000999999999748979" classname="ds.skewness_smk_method_2_combine" name="simple_skewness_method_2_combine_on_LAB_TRIG"/>
    <testcase time="0.00100000000020373" classname="ds.skewness_smk_method_2_combine" name="simple_skewness_method_2_combine_on_LAB_TRIG"/>
    <testcase time="0.000999999999748979" classname="ds.skewness_smk_method_2_combine" name="simple_skewness_method_2_combine_on_LAB_TRIG"/>
    <testcase time="0.00200000000040745" classname="ds.skewness_smk_method_2_combine" name="simple_skewness_method_2_combine_on_LAB_TRIG"/>
    <testcase time="0.140999999999622" classname="ds.skewness_smk_method_2_combine" name="simple_skewness_method_2_combine_on_LAB_HDL"/>
    <testcase time="0.00100000000020373" classname="ds.skewness_smk_method_2_combine" name="simple_skewness_method_2_combine_on_LAB_HDL"/>
    <testcase time="0.00199999999995271" classname="ds.skewness_smk_method_2_combine" name="simple_skewness_method_2_combine_on_LAB_HDL"/>
    <testcase time="0.00100000000020373" classname="ds.skewness_smk_method_2_combine" name="simple_skewness_method_2_combine_on_LAB_HDL"/>
    <testcase time="0.000999999999748979" classname="ds.skewness_smk_method_2_combine" name="simple_skewness_method_2_combine_on_LAB_HDL"/>
    <testcase time="0.00199999999995271" classname="ds.skewness_smk_method_2_combine" name="simple_skewness_method_2_combine_on_LAB_HDL"/>
    <testcase time="0.00100000000020373" classname="ds.skewness_smk_method_2_combine" name="simple_skewness_method_2_combine_on_LAB_HDL"/>
    <testcase time="0.000999999999748979" classname="ds.skewness_smk_method_2_combine" name="simple_skewness_method_2_combine_on_LAB_HDL"/>
    <testcase time="0.148000000000138" classname="ds.skewness_smk_method_2_combine" name="simple_skewness_method_2_combine_on_LAB_GLUC_ADJUSTED"/>
    <testcase time="0.00100000000020373" classname="ds.skewness_smk_method_2_combine" name="simple_skewness_method_2_combine_on_LAB_GLUC_ADJUSTED"/>
    <testcase time="0.000999999999748979" classname="ds.skewness_smk_method_2_combine" name="simple_skewness_method_2_combine_on_LAB_GLUC_ADJUSTED"/>
    <testcase time="0.00199999999995271" classname="ds.skewness_smk_method_2_combine" name="simple_skewness_method_2_combine_on_LAB_GLUC_ADJUSTED"/>
    <testcase time="0.00100000000020373" classname="ds.skewness_smk_method_2_combine" name="simple_skewness_method_2_combine_on_LAB_GLUC_ADJUSTED"/>
    <testcase time="0.000999999999748979" classname="ds.skewness_smk_method_2_combine" name="simple_skewness_method_2_combine_on_LAB_GLUC_ADJUSTED"/>
    <testcase time="0.00100000000020373" classname="ds.skewness_smk_method_2_combine" name="simple_skewness_method_2_combine_on_LAB_GLUC_ADJUSTED"/>
    <testcase time="0.00199999999995271" classname="ds.skewness_smk_method_2_combine" name="simple_skewness_method_2_combine_on_LAB_GLUC_ADJUSTED"/>
    <testcase time="0.139000000000124" classname="ds.skewness_smk_method_2_combine" name="simple_skewness_method_2_combine_on_PM_BMI_CONTINUOUS"/>
    <testcase time="0.000999999999748979" classname="ds.skewness_smk_method_2_combine" name="simple_skewness_method_2_combine_on_PM_BMI_CONTINUOUS"/>
    <testcase time="0.00199999999995271" classname="ds.skewness_smk_method_2_combine" name="simple_skewness_method_2_combine_on_PM_BMI_CONTINUOUS"/>
    <testcase time="0.00100000000020373" classname="ds.skewness_smk_method_2_combine" name="simple_skewness_method_2_combine_on_PM_BMI_CONTINUOUS"/>
    <testcase time="0.000999999999748979" classname="ds.skewness_smk_method_2_combine" name="simple_skewness_method_2_combine_on_PM_BMI_CONTINUOUS"/>
    <testcase time="0.00100000000020373" classname="ds.skewness_smk_method_2_combine" name="simple_skewness_method_2_combine_on_PM_BMI_CONTINUOUS"/>
    <testcase time="0.00199999999995271" classname="ds.skewness_smk_method_2_combine" name="simple_skewness_method_2_combine_on_PM_BMI_CONTINUOUS"/>
    <testcase time="0.00100000000020373" classname="ds.skewness_smk_method_2_combine" name="simple_skewness_method_2_combine_on_PM_BMI_CONTINUOUS"/>
  </testsuite>
  <testsuite name="ds.skewness::smk::method 2::both" timestamp="2025-10-28T13:02:22Z" hostname="runnervmwhb2z" tests="110" skipped="0" failures="0" errors="0" time="1.065">
    <testcase time="0.181999999999789" classname="ds.skewness_smk_method_2_both" name="simple_skewness_both_on_LAB_TSC"/>
    <testcase time="0.00100000000020373" classname="ds.skewness_smk_method_2_both" name="simple_skewness_both_on_LAB_TSC"/>
    <testcase time="0.000999999999748979" classname="ds.skewness_smk_method_2_both" name="simple_skewness_both_on_LAB_TSC"/>
    <testcase time="0.00100000000020373" classname="ds.skewness_smk_method_2_both" name="simple_skewness_both_on_LAB_TSC"/>
    <testcase time="0.000999999999748979" classname="ds.skewness_smk_method_2_both" name="simple_skewness_both_on_LAB_TSC"/>
    <testcase time="0.00199999999995271" classname="ds.skewness_smk_method_2_both" name="simple_skewness_both_on_LAB_TSC"/>
    <testcase time="0.00100000000020373" classname="ds.skewness_smk_method_2_both" name="simple_skewness_both_on_LAB_TSC"/>
    <testcase time="0.00100000000020373" classname="ds.skewness_smk_method_2_both" name="simple_skewness_both_on_LAB_TSC"/>
    <testcase time="0.000999999999748979" classname="ds.skewness_smk_method_2_both" name="simple_skewness_both_on_LAB_TSC"/>
    <testcase time="0.00100000000020373" classname="ds.skewness_smk_method_2_both" name="simple_skewness_both_on_LAB_TSC"/>
    <testcase time="0.00199999999995271" classname="ds.skewness_smk_method_2_both" name="simple_skewness_both_on_LAB_TSC"/>
    <testcase time="0.000999999999748979" classname="ds.skewness_smk_method_2_both" name="simple_skewness_both_on_LAB_TSC"/>
    <testcase time="0.00100000000020373" classname="ds.skewness_smk_method_2_both" name="simple_skewness_both_on_LAB_TSC"/>
    <testcase time="0.000999999999748979" classname="ds.skewness_smk_method_2_both" name="simple_skewness_both_on_LAB_TSC"/>
    <testcase time="0.00100000000020373" classname="ds.skewness_smk_method_2_both" name="simple_skewness_both_on_LAB_TSC"/>
    <testcase time="0.00199999999995271" classname="ds.skewness_smk_method_2_both" name="simple_skewness_both_on_LAB_TSC"/>
    <testcase time="0.00100000000020373" classname="ds.skewness_smk_method_2_both" name="simple_skewness_both_on_LAB_TSC"/>
    <testcase time="0.000999999999748979" classname="ds.skewness_smk_method_2_both" name="simple_skewness_both_on_LAB_TSC"/>
    <testcase time="0.00100000000020373" classname="ds.skewness_smk_method_2_both" name="simple_skewness_both_on_LAB_TSC"/>
    <testcase time="0.000999999999748979" classname="ds.skewness_smk_method_2_both" name="simple_skewness_both_on_LAB_TSC"/>
    <testcase time="0.00100000000020373" classname="ds.skewness_smk_method_2_both" name="simple_skewness_both_on_LAB_TSC"/>
    <testcase time="0.00199999999995271" classname="ds.skewness_smk_method_2_both" name="simple_skewness_both_on_LAB_TSC"/>
    <testcase time="0.186000000000149" classname="ds.skewness_smk_method_2_both" name="simple_skewness_method_2_both_on_LAB_TRIG"/>
    <testcase time="0.000999999999748979" classname="ds.skewness_smk_method_2_both" name="simple_skewness_method_2_both_on_LAB_TRIG"/>
    <testcase time="0.00100000000020373" classname="ds.skewness_smk_method_2_both" name="simple_skewness_method_2_both_on_LAB_TRIG"/>
    <testcase time="0.000999999999748979" classname="ds.skewness_smk_method_2_both" name="simple_skewness_method_2_both_on_LAB_TRIG"/>
    <testcase time="0.000999999999748979" classname="ds.skewness_smk_method_2_both" name="simple_skewness_method_2_both_on_LAB_TRIG"/>
    <testcase time="0.00100000000020373" classname="ds.skewness_smk_method_2_both" name="simple_skewness_method_2_both_on_LAB_TRIG"/>
    <testcase time="0.00199999999995271" classname="ds.skewness_smk_method_2_both" name="simple_skewness_method_2_both_on_LAB_TRIG"/>
    <testcase time="0.00100000000020373" classname="ds.skewness_smk_method_2_both" name="simple_skewness_method_2_both_on_LAB_TRIG"/>
    <testcase time="0.000999999999748979" classname="ds.skewness_smk_method_2_both" name="simple_skewness_method_2_both_on_LAB_TRIG"/>
    <testcase time="0.00100000000020373" classname="ds.skewness_smk_method_2_both" name="simple_skewness_method_2_both_on_LAB_TRIG"/>
    <testcase time="0.00199999999995271" classname="ds.skewness_smk_method_2_both" name="simple_skewness_method_2_both_on_LAB_TRIG"/>
    <testcase time="0.000999999999748979" classname="ds.skewness_smk_method_2_both" name="simple_skewness_method_2_both_on_LAB_TRIG"/>
    <testcase time="0.00100000000020373" classname="ds.skewness_smk_method_2_both" name="simple_skewness_method_2_both_on_LAB_TRIG"/>
    <testcase time="0.00199999999995271" classname="ds.skewness_smk_method_2_both" name="simple_skewness_method_2_both_on_LAB_TRIG"/>
    <testcase time="0.00100000000020373" classname="ds.skewness_smk_method_2_both" name="simple_skewness_method_2_both_on_LAB_TRIG"/>
    <testcase time="0.000999999999748979" classname="ds.skewness_smk_method_2_both" name="simple_skewness_method_2_both_on_LAB_TRIG"/>
    <testcase time="0.00100000000020373" classname="ds.skewness_smk_method_2_both" name="simple_skewness_method_2_both_on_LAB_TRIG"/>
    <testcase time="0.00199999999995271" classname="ds.skewness_smk_method_2_both" name="simple_skewness_method_2_both_on_LAB_TRIG"/>
    <testcase time="0.000999999999748979" classname="ds.skewness_smk_method_2_both" name="simple_skewness_method_2_both_on_LAB_TRIG"/>
    <testcase time="0.00100000000020373" classname="ds.skewness_smk_method_2_both" name="simple_skewness_method_2_both_on_LAB_TRIG"/>
    <testcase time="0.00199999999995271" classname="ds.skewness_smk_method_2_both" name="simple_skewness_method_2_both_on_LAB_TRIG"/>
    <testcase time="0.00100000000020373" classname="ds.skewness_smk_method_2_both" name="simple_skewness_method_2_both_on_LAB_TRIG"/>
    <testcase time="0.177999999999884" classname="ds.skewness_smk_method_2_both" name="simple_skewness_method_2_both_on_LAB_HDL"/>
    <testcase time="0.000999999999748979" classname="ds.skewness_smk_method_2_both" name="simple_skewness_method_2_both_on_LAB_HDL"/>
    <testcase time="0.00100000000020373" classname="ds.skewness_smk_method_2_both" name="simple_skewness_method_2_both_on_LAB_HDL"/>
    <testcase time="0.00199999999995271" classname="ds.skewness_smk_method_2_both" name="simple_skewness_method_2_both_on_LAB_HDL"/>
    <testcase time="0.00199999999995271" classname="ds.skewness_smk_method_2_both" name="simple_skewness_method_2_both_on_LAB_HDL"/>
    <testcase time="0.00100000000020373" classname="ds.skewness_smk_method_2_both" name="simple_skewness_method_2_both_on_LAB_HDL"/>
    <testcase time="0.000999999999748979" classname="ds.skewness_smk_method_2_both" name="simple_skewness_method_2_both_on_LAB_HDL"/>
    <testcase time="0.00199999999995271" classname="ds.skewness_smk_method_2_both" name="simple_skewness_method_2_both_on_LAB_HDL"/>
    <testcase time="0.00100000000020373" classname="ds.skewness_smk_method_2_both" name="simple_skewness_method_2_both_on_LAB_HDL"/>
    <testcase time="0.00199999999995271" classname="ds.skewness_smk_method_2_both" name="simple_skewness_method_2_both_on_LAB_HDL"/>
    <testcase time="0.00100000000020373" classname="ds.skewness_smk_method_2_both" name="simple_skewness_method_2_both_on_LAB_HDL"/>
    <testcase time="0.000999999999748979" classname="ds.skewness_smk_method_2_both" name="simple_skewness_method_2_both_on_LAB_HDL"/>
    <testcase time="0.00100000000020373" classname="ds.skewness_smk_method_2_both" name="simple_skewness_method_2_both_on_LAB_HDL"/>
    <testcase time="0.00199999999995271" classname="ds.skewness_smk_method_2_both" name="simple_skewness_method_2_both_on_LAB_HDL"/>
    <testcase time="0.000999999999748979" classname="ds.skewness_smk_method_2_both" name="simple_skewness_method_2_both_on_LAB_HDL"/>
    <testcase time="0.00100000000020373" classname="ds.skewness_smk_method_2_both" name="simple_skewness_method_2_both_on_LAB_HDL"/>
    <testcase time="0.00199999999995271" classname="ds.skewness_smk_method_2_both" name="simple_skewness_method_2_both_on_LAB_HDL"/>
    <testcase time="0.000999999999748979" classname="ds.skewness_smk_method_2_both" name="simple_skewness_method_2_both_on_LAB_HDL"/>
    <testcase time="0.00200000000040745" classname="ds.skewness_smk_method_2_both" name="simple_skewness_method_2_both_on_LAB_HDL"/>
    <testcase time="0.000999999999748979" classname="ds.skewness_smk_method_2_both" name="simple_skewness_method_2_both_on_LAB_HDL"/>
    <testcase time="0.00100000000020373" classname="ds.skewness_smk_method_2_both" name="simple_skewness_method_2_both_on_LAB_HDL"/>
    <testcase time="0.00199999999995271" classname="ds.skewness_smk_method_2_both" name="simple_skewness_method_2_both_on_LAB_HDL"/>
    <testcase time="0.184999999999945" classname="ds.skewness_smk_method_2_both" name="simple_skewness_method_2_both_on_LAB_GLUC_ADJUSTED"/>
    <testcase time="0.00199999999995271" classname="ds.skewness_smk_method_2_both" name="simple_skewness_method_2_both_on_LAB_GLUC_ADJUSTED"/>
    <testcase time="0.00100000000020373" classname="ds.skewness_smk_method_2_both" name="simple_skewness_method_2_both_on_LAB_GLUC_ADJUSTED"/>
    <testcase time="0.00199999999995271" classname="ds.skewness_smk_method_2_both" name="simple_skewness_method_2_both_on_LAB_GLUC_ADJUSTED"/>
    <testcase time="0.000999999999748979" classname="ds.skewness_smk_method_2_both" name="simple_skewness_method_2_both_on_LAB_GLUC_ADJUSTED"/>
    <testcase time="0.00199999999995271" classname="ds.skewness_smk_method_2_both" name="simple_skewness_method_2_both_on_LAB_GLUC_ADJUSTED"/>
    <testcase time="0.00100000000020373" classname="ds.skewness_smk_method_2_both" name="simple_skewness_method_2_both_on_LAB_GLUC_ADJUSTED"/>
    <testcase time="0.00199999999995271" classname="ds.skewness_smk_method_2_both" name="simple_skewness_method_2_both_on_LAB_GLUC_ADJUSTED"/>
    <testcase time="0.00100000000020373" classname="ds.skewness_smk_method_2_both" name="simple_skewness_method_2_both_on_LAB_GLUC_ADJUSTED"/>
    <testcase time="0.00199999999995271" classname="ds.skewness_smk_method_2_both" name="simple_skewness_method_2_both_on_LAB_GLUC_ADJUSTED"/>
    <testcase time="0.000999999999748979" classname="ds.skewness_smk_method_2_both" name="simple_skewness_method_2_both_on_LAB_GLUC_ADJUSTED"/>
    <testcase time="0.00100000000020373" classname="ds.skewness_smk_method_2_both" name="simple_skewness_method_2_both_on_LAB_GLUC_ADJUSTED"/>
    <testcase time="0.00199999999995271" classname="ds.skewness_smk_method_2_both" name="simple_skewness_method_2_both_on_LAB_GLUC_ADJUSTED"/>
    <testcase time="0.000999999999748979" classname="ds.skewness_smk_method_2_both" name="simple_skewness_method_2_both_on_LAB_GLUC_ADJUSTED"/>
    <testcase time="0.00200000000040745" classname="ds.skewness_smk_method_2_both" name="simple_skewness_method_2_both_on_LAB_GLUC_ADJUSTED"/>
    <testcase time="0.000999999999748979" classname="ds.skewness_smk_method_2_both" name="simple_skewness_method_2_both_on_LAB_GLUC_ADJUSTED"/>
    <testcase time="0.00100000000020373" classname="ds.skewness_smk_method_2_both" name="simple_skewness_method_2_both_on_LAB_GLUC_ADJUSTED"/>
    <testcase time="0.00199999999995271" classname="ds.skewness_smk_method_2_both" name="simple_skewness_method_2_both_on_LAB_GLUC_ADJUSTED"/>
    <testcase time="0.000999999999748979" classname="ds.skewness_smk_method_2_both" name="simple_skewness_method_2_both_on_LAB_GLUC_ADJUSTED"/>
    <testcase time="0.00199999999995271" classname="ds.skewness_smk_method_2_both" name="simple_skewness_method_2_both_on_LAB_GLUC_ADJUSTED"/>
    <testcase time="0.00100000000020373" classname="ds.skewness_smk_method_2_both" name="simple_skewness_method_2_both_on_LAB_GLUC_ADJUSTED"/>
    <testcase time="0.00199999999995271" classname="ds.skewness_smk_method_2_both" name="simple_skewness_method_2_both_on_LAB_GLUC_ADJUSTED"/>
    <testcase time="0.193000000000211" classname="ds.skewness_smk_method_2_both" name="simple_skewness_method_2_both_on_PM_BMI_CONTINUOUS"/>
    <testcase time="0.000999999999748979" classname="ds.skewness_smk_method_2_both" name="simple_skewness_method_2_both_on_PM_BMI_CONTINUOUS"/>
    <testcase time="0.000999999999748979" classname="ds.skewness_smk_method_2_both" name="simple_skewness_method_2_both_on_PM_BMI_CONTINUOUS"/>
    <testcase time="0.00100000000020373" classname="ds.skewness_smk_method_2_both" name="simple_skewness_method_2_both_on_PM_BMI_CONTINUOUS"/>
    <testcase time="0.00100000000020373" classname="ds.skewness_smk_method_2_both" name="simple_skewness_method_2_both_on_PM_BMI_CONTINUOUS"/>
    <testcase time="0.00199999999995271" classname="ds.skewness_smk_method_2_both" name="simple_skewness_method_2_both_on_PM_BMI_CONTINUOUS"/>
    <testcase time="0.00100000000020373" classname="ds.skewness_smk_method_2_both" name="simple_skewness_method_2_both_on_PM_BMI_CONTINUOUS"/>
    <testcase time="0.00199999999995271" classname="ds.skewness_smk_method_2_both" name="simple_skewness_method_2_both_on_PM_BMI_CONTINUOUS"/>
    <testcase time="0.000999999999748979" classname="ds.skewness_smk_method_2_both" name="simple_skewness_method_2_both_on_PM_BMI_CONTINUOUS"/>
    <testcase time="0.00199999999995271" classname="ds.skewness_smk_method_2_both" name="simple_skewness_method_2_both_on_PM_BMI_CONTINUOUS"/>
    <testcase time="0.00100000000020373" classname="ds.skewness_smk_method_2_both" name="simple_skewness_method_2_both_on_PM_BMI_CONTINUOUS"/>
    <testcase time="0.00199999999995271" classname="ds.skewness_smk_method_2_both" name="simple_skewness_method_2_both_on_PM_BMI_CONTINUOUS"/>
    <testcase time="0.00100000000020373" classname="ds.skewness_smk_method_2_both" name="simple_skewness_method_2_both_on_PM_BMI_CONTINUOUS"/>
    <testcase time="0.00199999999995271" classname="ds.skewness_smk_method_2_both" name="simple_skewness_method_2_both_on_PM_BMI_CONTINUOUS"/>
    <testcase time="0.000999999999748979" classname="ds.skewness_smk_method_2_both" name="simple_skewness_method_2_both_on_PM_BMI_CONTINUOUS"/>
    <testcase time="0.00199999999995271" classname="ds.skewness_smk_method_2_both" name="simple_skewness_method_2_both_on_PM_BMI_CONTINUOUS"/>
    <testcase time="0.00199999999995271" classname="ds.skewness_smk_method_2_both" name="simple_skewness_method_2_both_on_PM_BMI_CONTINUOUS"/>
    <testcase time="0.00100000000020373" classname="ds.skewness_smk_method_2_both" name="simple_skewness_method_2_both_on_PM_BMI_CONTINUOUS"/>
    <testcase time="0.00199999999995271" classname="ds.skewness_smk_method_2_both" name="simple_skewness_method_2_both_on_PM_BMI_CONTINUOUS"/>
    <testcase time="0.00100000000020373" classname="ds.skewness_smk_method_2_both" name="simple_skewness_method_2_both_on_PM_BMI_CONTINUOUS"/>
    <testcase time="0.00199999999995271" classname="ds.skewness_smk_method_2_both" name="simple_skewness_method_2_both_on_PM_BMI_CONTINUOUS"/>
    <testcase time="0.000999999999748979" classname="ds.skewness_smk_method_2_both" name="simple_skewness_method_2_both_on_PM_BMI_CONTINUOUS"/>
  </testsuite>
  <testsuite name="ds.skewness::smk::method 3::split" timestamp="2025-10-28T13:02:23Z" hostname="runnervmwhb2z" tests="70" skipped="0" failures="0" errors="0" time="0.613">
    <testcase time="0.108999999999924" classname="ds.skewness_smk_method_3_split" name="simple_skewness_method_3_split_on_LAB_TSC"/>
    <testcase time="0.00100000000020373" classname="ds.skewness_smk_method_3_split" name="simple_skewness_method_3_split_on_LAB_TSC"/>
    <testcase time="0.00199999999995271" classname="ds.skewness_smk_method_3_split" name="simple_skewness_method_3_split_on_LAB_TSC"/>
    <testcase time="0.00100000000020373" classname="ds.skewness_smk_method_3_split" name="simple_skewness_method_3_split_on_LAB_TSC"/>
    <testcase time="0.000999999999748979" classname="ds.skewness_smk_method_3_split" name="simple_skewness_method_3_split_on_LAB_TSC"/>
    <testcase time="0.00199999999995271" classname="ds.skewness_smk_method_3_split" name="simple_skewness_method_3_split_on_LAB_TSC"/>
    <testcase time="0.00100000000020373" classname="ds.skewness_smk_method_3_split" name="simple_skewness_method_3_split_on_LAB_TSC"/>
    <testcase time="0.000999999999748979" classname="ds.skewness_smk_method_3_split" name="simple_skewness_method_3_split_on_LAB_TSC"/>
    <testcase time="0.00100000000020373" classname="ds.skewness_smk_method_3_split" name="simple_skewness_method_3_split_on_LAB_TSC"/>
    <testcase time="0.000999999999748979" classname="ds.skewness_smk_method_3_split" name="simple_skewness_method_3_split_on_LAB_TSC"/>
    <testcase time="0.00100000000020373" classname="ds.skewness_smk_method_3_split" name="simple_skewness_method_3_split_on_LAB_TSC"/>
    <testcase time="0.00199999999995271" classname="ds.skewness_smk_method_3_split" name="simple_skewness_method_3_split_on_LAB_TSC"/>
    <testcase time="0.00100000000020373" classname="ds.skewness_smk_method_3_split" name="simple_skewness_method_3_split_on_LAB_TSC"/>
    <testcase time="0.000999999999748979" classname="ds.skewness_smk_method_3_split" name="simple_skewness_method_3_split_on_LAB_TSC"/>
    <testcase time="0.106999999999971" classname="ds.skewness_smk_method_3_split" name="simple_skewness_method_3_split_on_LAB_TRIG"/>
    <testcase time="0.00100000000020373" classname="ds.skewness_smk_method_3_split" name="simple_skewness_method_3_split_on_LAB_TRIG"/>
    <testcase time="0.00199999999995271" classname="ds.skewness_smk_method_3_split" name="simple_skewness_method_3_split_on_LAB_TRIG"/>
    <testcase time="0.00100000000020373" classname="ds.skewness_smk_method_3_split" name="simple_skewness_method_3_split_on_LAB_TRIG"/>
    <testcase time="0.000999999999748979" classname="ds.skewness_smk_method_3_split" name="simple_skewness_method_3_split_on_LAB_TRIG"/>
    <testcase time="0.00199999999995271" classname="ds.skewness_smk_method_3_split" name="simple_skewness_method_3_split_on_LAB_TRIG"/>
    <testcase time="0.00100000000020373" classname="ds.skewness_smk_method_3_split" name="simple_skewness_method_3_split_on_LAB_TRIG"/>
    <testcase time="0.000999999999748979" classname="ds.skewness_smk_method_3_split" name="simple_skewness_method_3_split_on_LAB_TRIG"/>
    <testcase time="0.00100000000020373" classname="ds.skewness_smk_method_3_split" name="simple_skewness_method_3_split_on_LAB_TRIG"/>
    <testcase time="0.00199999999995271" classname="ds.skewness_smk_method_3_split" name="simple_skewness_method_3_split_on_LAB_TRIG"/>
    <testcase time="0.000999999999748979" classname="ds.skewness_smk_method_3_split" name="simple_skewness_method_3_split_on_LAB_TRIG"/>
    <testcase time="0.00100000000020373" classname="ds.skewness_smk_method_3_split" name="simple_skewness_method_3_split_on_LAB_TRIG"/>
    <testcase time="0.00100000000020373" classname="ds.skewness_smk_method_3_split" name="simple_skewness_method_3_split_on_LAB_TRIG"/>
    <testcase time="0.000999999999748979" classname="ds.skewness_smk_method_3_split" name="simple_skewness_method_3_split_on_LAB_TRIG"/>
    <testcase time="0.101999999999862" classname="ds.skewness_smk_method_3_split" name="simple_skewness_method_3_split_on_LAB_HDL"/>
    <testcase time="0.00100000000020373" classname="ds.skewness_smk_method_3_split" name="simple_skewness_method_3_split_on_LAB_HDL"/>
    <testcase time="0.00199999999995271" classname="ds.skewness_smk_method_3_split" name="simple_skewness_method_3_split_on_LAB_HDL"/>
    <testcase time="0.00100000000020373" classname="ds.skewness_smk_method_3_split" name="simple_skewness_method_3_split_on_LAB_HDL"/>
    <testcase time="0.00199999999995271" classname="ds.skewness_smk_method_3_split" name="simple_skewness_method_3_split_on_LAB_HDL"/>
    <testcase time="0.000999999999748979" classname="ds.skewness_smk_method_3_split" name="simple_skewness_method_3_split_on_LAB_HDL"/>
    <testcase time="0.00100000000020373" classname="ds.skewness_smk_method_3_split" name="simple_skewness_method_3_split_on_LAB_HDL"/>
    <testcase time="0.000999999999748979" classname="ds.skewness_smk_method_3_split" name="simple_skewness_method_3_split_on_LAB_HDL"/>
    <testcase time="0.00200000000040745" classname="ds.skewness_smk_method_3_split" name="simple_skewness_method_3_split_on_LAB_HDL"/>
    <testcase time="0.000999999999748979" classname="ds.skewness_smk_method_3_split" name="simple_skewness_method_3_split_on_LAB_HDL"/>
    <testcase time="0.00100000000020373" classname="ds.skewness_smk_method_3_split" name="simple_skewness_method_3_split_on_LAB_HDL"/>
    <testcase time="0.00199999999995271" classname="ds.skewness_smk_method_3_split" name="simple_skewness_method_3_split_on_LAB_HDL"/>
    <testcase time="0.000999999999748979" classname="ds.skewness_smk_method_3_split" name="simple_skewness_method_3_split_on_LAB_HDL"/>
    <testcase time="0.00100000000020373" classname="ds.skewness_smk_method_3_split" name="simple_skewness_method_3_split_on_LAB_HDL"/>
    <testcase time="0.101000000000113" classname="ds.skewness_smk_method_3_split" name="simple_skewness_method_3_split_on_LAB_GLUC_ADJUSTED"/>
    <testcase time="0.00199999999995271" classname="ds.skewness_smk_method_3_split" name="simple_skewness_method_3_split_on_LAB_GLUC_ADJUSTED"/>
    <testcase time="0.000999999999748979" classname="ds.skewness_smk_method_3_split" name="simple_skewness_method_3_split_on_LAB_GLUC_ADJUSTED"/>
    <testcase time="0.00100000000020373" classname="ds.skewness_smk_method_3_split" name="simple_skewness_method_3_split_on_LAB_GLUC_ADJUSTED"/>
    <testcase time="0.00199999999995271" classname="ds.skewness_smk_method_3_split" name="simple_skewness_method_3_split_on_LAB_GLUC_ADJUSTED"/>
    <testcase time="0.000999999999748979" classname="ds.skewness_smk_method_3_split" name="simple_skewness_method_3_split_on_LAB_GLUC_ADJUSTED"/>
    <testcase time="0.00200000000040745" classname="ds.skewness_smk_method_3_split" name="simple_skewness_method_3_split_on_LAB_GLUC_ADJUSTED"/>
    <testcase time="0.000999999999748979" classname="ds.skewness_smk_method_3_split" name="simple_skewness_method_3_split_on_LAB_GLUC_ADJUSTED"/>
    <testcase time="0.00100000000020373" classname="ds.skewness_smk_method_3_split" name="simple_skewness_method_3_split_on_LAB_GLUC_ADJUSTED"/>
    <testcase time="0.00199999999995271" classname="ds.skewness_smk_method_3_split" name="simple_skewness_method_3_split_on_LAB_GLUC_ADJUSTED"/>
    <testcase time="0.000999999999748979" classname="ds.skewness_smk_method_3_split" name="simple_skewness_method_3_split_on_LAB_GLUC_ADJUSTED"/>
    <testcase time="0.00100000000020373" classname="ds.skewness_smk_method_3_split" name="simple_skewness_method_3_split_on_LAB_GLUC_ADJUSTED"/>
    <testcase time="0.00199999999995271" classname="ds.skewness_smk_method_3_split" name="simple_skewness_method_3_split_on_LAB_GLUC_ADJUSTED"/>
    <testcase time="0.00100000000020373" classname="ds.skewness_smk_method_3_split" name="simple_skewness_method_3_split_on_LAB_GLUC_ADJUSTED"/>
    <testcase time="0.101999999999862" classname="ds.skewness_smk_method_3_split" name="simple_skewness_method_3_split_on_PM_BMI_CONTINUOUS"/>
    <testcase time="0.00199999999995271" classname="ds.skewness_smk_method_3_split" name="simple_skewness_method_3_split_on_PM_BMI_CONTINUOUS"/>
    <testcase time="0.000999999999748979" classname="ds.skewness_smk_method_3_split" name="simple_skewness_method_3_split_on_PM_BMI_CONTINUOUS"/>
    <testcase time="0.00800000000026557" classname="ds.skewness_smk_method_3_split" name="simple_skewness_method_3_split_on_PM_BMI_CONTINUOUS"/>
    <testcase time="0.00199999999995271" classname="ds.skewness_smk_method_3_split" name="simple_skewness_method_3_split_on_PM_BMI_CONTINUOUS"/>
    <testcase time="0.00100000000020373" classname="ds.skewness_smk_method_3_split" name="simple_skewness_method_3_split_on_PM_BMI_CONTINUOUS"/>
    <testcase time="0.00199999999995271" classname="ds.skewness_smk_method_3_split" name="simple_skewness_method_3_split_on_PM_BMI_CONTINUOUS"/>
    <testcase time="0.000999999999748979" classname="ds.skewness_smk_method_3_split" name="simple_skewness_method_3_split_on_PM_BMI_CONTINUOUS"/>
    <testcase time="0.00199999999995271" classname="ds.skewness_smk_method_3_split" name="simple_skewness_method_3_split_on_PM_BMI_CONTINUOUS"/>
    <testcase time="0.00100000000020373" classname="ds.skewness_smk_method_3_split" name="simple_skewness_method_3_split_on_PM_BMI_CONTINUOUS"/>
    <testcase time="0.000999999999748979" classname="ds.skewness_smk_method_3_split" name="simple_skewness_method_3_split_on_PM_BMI_CONTINUOUS"/>
    <testcase time="0.00200000000040745" classname="ds.skewness_smk_method_3_split" name="simple_skewness_method_3_split_on_PM_BMI_CONTINUOUS"/>
    <testcase time="0.000999999999748979" classname="ds.skewness_smk_method_3_split" name="simple_skewness_method_3_split_on_PM_BMI_CONTINUOUS"/>
    <testcase time="0.00100000000020373" classname="ds.skewness_smk_method_3_split" name="simple_skewness_method_3_split_on_PM_BMI_CONTINUOUS"/>
  </testsuite>
  <testsuite name="ds.skewness::smk::method 3::combine" timestamp="2025-10-28T13:02:24Z" hostname="runnervmwhb2z" tests="40" skipped="0" failures="0" errors="0" time="0.758">
    <testcase time="0.144000000000233" classname="ds.skewness_smk_method_3_combine" name="simple_skewness_combine_on_LAB_TSC"/>
    <testcase time="0.00199999999995271" classname="ds.skewness_smk_method_3_combine" name="simple_skewness_combine_on_LAB_TSC"/>
    <testcase time="0.000999999999748979" classname="ds.skewness_smk_method_3_combine" name="simple_skewness_combine_on_LAB_TSC"/>
    <testcase time="0.00100000000020373" classname="ds.skewness_smk_method_3_combine" name="simple_skewness_combine_on_LAB_TSC"/>
    <testcase time="0.000999999999748979" classname="ds.skewness_smk_method_3_combine" name="simple_skewness_combine_on_LAB_TSC"/>
    <testcase time="0.00200000000040745" classname="ds.skewness_smk_method_3_combine" name="simple_skewness_combine_on_LAB_TSC"/>
    <testcase time="0.000999999999748979" classname="ds.skewness_smk_method_3_combine" name="simple_skewness_combine_on_LAB_TSC"/>
    <testcase time="0.00100000000020373" classname="ds.skewness_smk_method_3_combine" name="simple_skewness_combine_on_LAB_TSC"/>
    <testcase time="0.140999999999622" classname="ds.skewness_smk_method_3_combine" name="simple_skewness_method_3_combine_on_LAB_TRIG"/>
    <testcase time="0.00100000000020373" classname="ds.skewness_smk_method_3_combine" name="simple_skewness_method_3_combine_on_LAB_TRIG"/>
    <testcase time="0.00100000000020373" classname="ds.skewness_smk_method_3_combine" name="simple_skewness_method_3_combine_on_LAB_TRIG"/>
    <testcase time="0.00199999999995271" classname="ds.skewness_smk_method_3_combine" name="simple_skewness_method_3_combine_on_LAB_TRIG"/>
    <testcase time="0.000999999999748979" classname="ds.skewness_smk_method_3_combine" name="simple_skewness_method_3_combine_on_LAB_TRIG"/>
    <testcase time="0.00100000000020373" classname="ds.skewness_smk_method_3_combine" name="simple_skewness_method_3_combine_on_LAB_TRIG"/>
    <testcase time="0.000999999999748979" classname="ds.skewness_smk_method_3_combine" name="simple_skewness_method_3_combine_on_LAB_TRIG"/>
    <testcase time="0.00199999999995271" classname="ds.skewness_smk_method_3_combine" name="simple_skewness_method_3_combine_on_LAB_TRIG"/>
    <testcase time="0.140000000000327" classname="ds.skewness_smk_method_3_combine" name="simple_skewness_method_3_combine_on_LAB_HDL"/>
    <testcase time="0.000999999999748979" classname="ds.skewness_smk_method_3_combine" name="simple_skewness_method_3_combine_on_LAB_HDL"/>
    <testcase time="0.00100000000020373" classname="ds.skewness_smk_method_3_combine" name="simple_skewness_method_3_combine_on_LAB_HDL"/>
    <testcase time="0.00199999999995271" classname="ds.skewness_smk_method_3_combine" name="simple_skewness_method_3_combine_on_LAB_HDL"/>
    <testcase time="0.000999999999748979" classname="ds.skewness_smk_method_3_combine" name="simple_skewness_method_3_combine_on_LAB_HDL"/>
    <testcase time="0.00100000000020373" classname="ds.skewness_smk_method_3_combine" name="simple_skewness_method_3_combine_on_LAB_HDL"/>
    <testcase time="0.00100000000020373" classname="ds.skewness_smk_method_3_combine" name="simple_skewness_method_3_combine_on_LAB_HDL"/>
    <testcase time="0.00799999999981083" classname="ds.skewness_smk_method_3_combine" name="simple_skewness_method_3_combine_on_LAB_HDL"/>
    <testcase time="0.139000000000124" classname="ds.skewness_smk_method_3_combine" name="simple_skewness_method_3_combine_on_LAB_GLUC_ADJUSTED"/>
    <testcase time="0.000999999999748979" classname="ds.skewness_smk_method_3_combine" name="simple_skewness_method_3_combine_on_LAB_GLUC_ADJUSTED"/>
    <testcase time="0.00100000000020373" classname="ds.skewness_smk_method_3_combine" name="simple_skewness_method_3_combine_on_LAB_GLUC_ADJUSTED"/>
    <testcase time="0.00199999999995271" classname="ds.skewness_smk_method_3_combine" name="simple_skewness_method_3_combine_on_LAB_GLUC_ADJUSTED"/>
    <testcase time="0.000999999999748979" classname="ds.skewness_smk_method_3_combine" name="simple_skewness_method_3_combine_on_LAB_GLUC_ADJUSTED"/>
    <testcase time="0.00100000000020373" classname="ds.skewness_smk_method_3_combine" name="simple_skewness_method_3_combine_on_LAB_GLUC_ADJUSTED"/>
    <testcase time="0.00100000000020373" classname="ds.skewness_smk_method_3_combine" name="simple_skewness_method_3_combine_on_LAB_GLUC_ADJUSTED"/>
    <testcase time="0.00199999999995271" classname="ds.skewness_smk_method_3_combine" name="simple_skewness_method_3_combine_on_LAB_GLUC_ADJUSTED"/>
    <testcase time="0.139999999999873" classname="ds.skewness_smk_method_3_combine" name="simple_skewness_method_3_combine_on_PM_BMI_CONTINUOUS"/>
    <testcase time="0.00199999999995271" classname="ds.skewness_smk_method_3_combine" name="simple_skewness_method_3_combine_on_PM_BMI_CONTINUOUS"/>
    <testcase time="0.00100000000020373" classname="ds.skewness_smk_method_3_combine" name="simple_skewness_method_3_combine_on_PM_BMI_CONTINUOUS"/>
    <testcase time="0.00199999999995271" classname="ds.skewness_smk_method_3_combine" name="simple_skewness_method_3_combine_on_PM_BMI_CONTINUOUS"/>
    <testcase time="0.00199999999995271" classname="ds.skewness_smk_method_3_combine" name="simple_skewness_method_3_combine_on_PM_BMI_CONTINUOUS"/>
    <testcase time="0.000999999999748979" classname="ds.skewness_smk_method_3_combine" name="simple_skewness_method_3_combine_on_PM_BMI_CONTINUOUS"/>
    <testcase time="0.00199999999995271" classname="ds.skewness_smk_method_3_combine" name="simple_skewness_method_3_combine_on_PM_BMI_CONTINUOUS"/>
    <testcase time="0.00200000000040745" classname="ds.skewness_smk_method_3_combine" name="simple_skewness_method_3_combine_on_PM_BMI_CONTINUOUS"/>
  </testsuite>
  <testsuite name="ds.skewness::smk::method 3::both" timestamp="2025-10-28T13:02:24Z" hostname="runnervmwhb2z" tests="110" skipped="0" failures="0" errors="0" time="1.054">
    <testcase time="0.180999999999585" classname="ds.skewness_smk_method_3_both" name="simple_skewness_both_on_LAB_TSC"/>
    <testcase time="0.00100000000020373" classname="ds.skewness_smk_method_3_both" name="simple_skewness_both_on_LAB_TSC"/>
    <testcase time="0.00799999999981083" classname="ds.skewness_smk_method_3_both" name="simple_skewness_both_on_LAB_TSC"/>
    <testcase time="0.00100000000020373" classname="ds.skewness_smk_method_3_both" name="simple_skewness_both_on_LAB_TSC"/>
    <testcase time="0.00100000000020373" classname="ds.skewness_smk_method_3_both" name="simple_skewness_both_on_LAB_TSC"/>
    <testcase time="0.000999999999748979" classname="ds.skewness_smk_method_3_both" name="simple_skewness_both_on_LAB_TSC"/>
    <testcase time="0.00199999999995271" classname="ds.skewness_smk_method_3_both" name="simple_skewness_both_on_LAB_TSC"/>
    <testcase time="0.00100000000020373" classname="ds.skewness_smk_method_3_both" name="simple_skewness_both_on_LAB_TSC"/>
    <testcase time="0.000999999999748979" classname="ds.skewness_smk_method_3_both" name="simple_skewness_both_on_LAB_TSC"/>
    <testcase time="0.00100000000020373" classname="ds.skewness_smk_method_3_both" name="simple_skewness_both_on_LAB_TSC"/>
    <testcase time="0.000999999999748979" classname="ds.skewness_smk_method_3_both" name="simple_skewness_both_on_LAB_TSC"/>
    <testcase time="0.00100000000020373" classname="ds.skewness_smk_method_3_both" name="simple_skewness_both_on_LAB_TSC"/>
    <testcase time="0.00199999999995271" classname="ds.skewness_smk_method_3_both" name="simple_skewness_both_on_LAB_TSC"/>
    <testcase time="0.00100000000020373" classname="ds.skewness_smk_method_3_both" name="simple_skewness_both_on_LAB_TSC"/>
    <testcase time="0.000999999999748979" classname="ds.skewness_smk_method_3_both" name="simple_skewness_both_on_LAB_TSC"/>
    <testcase time="0.00100000000020373" classname="ds.skewness_smk_method_3_both" name="simple_skewness_both_on_LAB_TSC"/>
    <testcase time="0.000999999999748979" classname="ds.skewness_smk_method_3_both" name="simple_skewness_both_on_LAB_TSC"/>
    <testcase time="0.00199999999995271" classname="ds.skewness_smk_method_3_both" name="simple_skewness_both_on_LAB_TSC"/>
    <testcase time="0.00100000000020373" classname="ds.skewness_smk_method_3_both" name="simple_skewness_both_on_LAB_TSC"/>
    <testcase time="0.00100000000020373" classname="ds.skewness_smk_method_3_both" name="simple_skewness_both_on_LAB_TSC"/>
    <testcase time="0.000999999999748979" classname="ds.skewness_smk_method_3_both" name="simple_skewness_both_on_LAB_TSC"/>
    <testcase time="0.00100000000020373" classname="ds.skewness_smk_method_3_both" name="simple_skewness_both_on_LAB_TSC"/>
    <testcase time="0.17699999999968" classname="ds.skewness_smk_method_3_both" name="simple_skewness_method_3_both_on_LAB_TRIG"/>
    <testcase time="0.00100000000020373" classname="ds.skewness_smk_method_3_both" name="simple_skewness_method_3_both_on_LAB_TRIG"/>
    <testcase time="0.000999999999748979" classname="ds.skewness_smk_method_3_both" name="simple_skewness_method_3_both_on_LAB_TRIG"/>
    <testcase time="0.00100000000020373" classname="ds.skewness_smk_method_3_both" name="simple_skewness_method_3_both_on_LAB_TRIG"/>
    <testcase time="0.00199999999995271" classname="ds.skewness_smk_method_3_both" name="simple_skewness_method_3_both_on_LAB_TRIG"/>
    <testcase time="0.00100000000020373" classname="ds.skewness_smk_method_3_both" name="simple_skewness_method_3_both_on_LAB_TRIG"/>
    <testcase time="0.000999999999748979" classname="ds.skewness_smk_method_3_both" name="simple_skewness_method_3_both_on_LAB_TRIG"/>
    <testcase time="0.00199999999995271" classname="ds.skewness_smk_method_3_both" name="simple_skewness_method_3_both_on_LAB_TRIG"/>
    <testcase time="0.00100000000020373" classname="ds.skewness_smk_method_3_both" name="simple_skewness_method_3_both_on_LAB_TRIG"/>
    <testcase time="0.000999999999748979" classname="ds.skewness_smk_method_3_both" name="simple_skewness_method_3_both_on_LAB_TRIG"/>
    <testcase time="0.00199999999995271" classname="ds.skewness_smk_method_3_both" name="simple_skewness_method_3_both_on_LAB_TRIG"/>
    <testcase time="0.00100000000020373" classname="ds.skewness_smk_method_3_both" name="simple_skewness_method_3_both_on_LAB_TRIG"/>
    <testcase time="0.00100000000020373" classname="ds.skewness_smk_method_3_both" name="simple_skewness_method_3_both_on_LAB_TRIG"/>
    <testcase time="0.000999999999748979" classname="ds.skewness_smk_method_3_both" name="simple_skewness_method_3_both_on_LAB_TRIG"/>
    <testcase time="0.00199999999995271" classname="ds.skewness_smk_method_3_both" name="simple_skewness_method_3_both_on_LAB_TRIG"/>
    <testcase time="0.00100000000020373" classname="ds.skewness_smk_method_3_both" name="simple_skewness_method_3_both_on_LAB_TRIG"/>
    <testcase time="0.000999999999748979" classname="ds.skewness_smk_method_3_both" name="simple_skewness_method_3_both_on_LAB_TRIG"/>
    <testcase time="0.00199999999995271" classname="ds.skewness_smk_method_3_both" name="simple_skewness_method_3_both_on_LAB_TRIG"/>
    <testcase time="0.00100000000020373" classname="ds.skewness_smk_method_3_both" name="simple_skewness_method_3_both_on_LAB_TRIG"/>
    <testcase time="0.00100000000020373" classname="ds.skewness_smk_method_3_both" name="simple_skewness_method_3_both_on_LAB_TRIG"/>
    <testcase time="0.000999999999748979" classname="ds.skewness_smk_method_3_both" name="simple_skewness_method_3_both_on_LAB_TRIG"/>
    <testcase time="0.00199999999995271" classname="ds.skewness_smk_method_3_both" name="simple_skewness_method_3_both_on_LAB_TRIG"/>
    <testcase time="0.182000000000244" classname="ds.skewness_smk_method_3_both" name="simple_skewness_method_3_both_on_LAB_HDL"/>
    <testcase time="0.00199999999995271" classname="ds.skewness_smk_method_3_both" name="simple_skewness_method_3_both_on_LAB_HDL"/>
    <testcase time="0.000999999999748979" classname="ds.skewness_smk_method_3_both" name="simple_skewness_method_3_both_on_LAB_HDL"/>
    <testcase time="0.00100000000020373" classname="ds.skewness_smk_method_3_both" name="simple_skewness_method_3_both_on_LAB_HDL"/>
    <testcase time="0.00199999999995271" classname="ds.skewness_smk_method_3_both" name="simple_skewness_method_3_both_on_LAB_HDL"/>
    <testcase time="0.00100000000020373" classname="ds.skewness_smk_method_3_both" name="simple_skewness_method_3_both_on_LAB_HDL"/>
    <testcase time="0.000999999999748979" classname="ds.skewness_smk_method_3_both" name="simple_skewness_method_3_both_on_LAB_HDL"/>
    <testcase time="0.00199999999995271" classname="ds.skewness_smk_method_3_both" name="simple_skewness_method_3_both_on_LAB_HDL"/>
    <testcase time="0.00100000000020373" classname="ds.skewness_smk_method_3_both" name="simple_skewness_method_3_both_on_LAB_HDL"/>
    <testcase time="0.000999999999748979" classname="ds.skewness_smk_method_3_both" name="simple_skewness_method_3_both_on_LAB_HDL"/>
    <testcase time="0.00199999999995271" classname="ds.skewness_smk_method_3_both" name="simple_skewness_method_3_both_on_LAB_HDL"/>
    <testcase time="0.00100000000020373" classname="ds.skewness_smk_method_3_both" name="simple_skewness_method_3_both_on_LAB_HDL"/>
    <testcase time="0.00100000000020373" classname="ds.skewness_smk_method_3_both" name="simple_skewness_method_3_both_on_LAB_HDL"/>
    <testcase time="0.00199999999995271" classname="ds.skewness_smk_method_3_both" name="simple_skewness_method_3_both_on_LAB_HDL"/>
    <testcase time="0.000999999999748979" classname="ds.skewness_smk_method_3_both" name="simple_skewness_method_3_both_on_LAB_HDL"/>
    <testcase time="0.00100000000020373" classname="ds.skewness_smk_method_3_both" name="simple_skewness_method_3_both_on_LAB_HDL"/>
    <testcase time="0.00199999999995271" classname="ds.skewness_smk_method_3_both" name="simple_skewness_method_3_both_on_LAB_HDL"/>
    <testcase time="0.000999999999748979" classname="ds.skewness_smk_method_3_both" name="simple_skewness_method_3_both_on_LAB_HDL"/>
    <testcase time="0.00100000000020373" classname="ds.skewness_smk_method_3_both" name="simple_skewness_method_3_both_on_LAB_HDL"/>
    <testcase time="0.00199999999995271" classname="ds.skewness_smk_method_3_both" name="simple_skewness_method_3_both_on_LAB_HDL"/>
    <testcase time="0.00100000000020373" classname="ds.skewness_smk_method_3_both" name="simple_skewness_method_3_both_on_LAB_HDL"/>
    <testcase time="0.00199999999995271" classname="ds.skewness_smk_method_3_both" name="simple_skewness_method_3_both_on_LAB_HDL"/>
    <testcase time="0.186999999999898" classname="ds.skewness_smk_method_3_both" name="simple_skewness_method_3_both_on_LAB_GLUC_ADJUSTED"/>
    <testcase time="0.00199999999995271" classname="ds.skewness_smk_method_3_both" name="simple_skewness_method_3_both_on_LAB_GLUC_ADJUSTED"/>
    <testcase time="0.00100000000020373" classname="ds.skewness_smk_method_3_both" name="simple_skewness_method_3_both_on_LAB_GLUC_ADJUSTED"/>
    <testcase time="0.00199999999995271" classname="ds.skewness_smk_method_3_both" name="simple_skewness_method_3_both_on_LAB_GLUC_ADJUSTED"/>
    <testcase time="0.000999999999748979" classname="ds.skewness_smk_method_3_both" name="simple_skewness_method_3_both_on_LAB_GLUC_ADJUSTED"/>
    <testcase time="0.00199999999995271" classname="ds.skewness_smk_method_3_both" name="simple_skewness_method_3_both_on_LAB_GLUC_ADJUSTED"/>
    <testcase time="0.00100000000020373" classname="ds.skewness_smk_method_3_both" name="simple_skewness_method_3_both_on_LAB_GLUC_ADJUSTED"/>
    <testcase time="0.00100000000020373" classname="ds.skewness_smk_method_3_both" name="simple_skewness_method_3_both_on_LAB_GLUC_ADJUSTED"/>
    <testcase time="0.00100000000020373" classname="ds.skewness_smk_method_3_both" name="simple_skewness_method_3_both_on_LAB_GLUC_ADJUSTED"/>
    <testcase time="0.00199999999995271" classname="ds.skewness_smk_method_3_both" name="simple_skewness_method_3_both_on_LAB_GLUC_ADJUSTED"/>
    <testcase time="0.000999999999748979" classname="ds.skewness_smk_method_3_both" name="simple_skewness_method_3_both_on_LAB_GLUC_ADJUSTED"/>
    <testcase time="0.00199999999995271" classname="ds.skewness_smk_method_3_both" name="simple_skewness_method_3_both_on_LAB_GLUC_ADJUSTED"/>
    <testcase time="0.00100000000020373" classname="ds.skewness_smk_method_3_both" name="simple_skewness_method_3_both_on_LAB_GLUC_ADJUSTED"/>
    <testcase time="0.00199999999995271" classname="ds.skewness_smk_method_3_both" name="simple_skewness_method_3_both_on_LAB_GLUC_ADJUSTED"/>
    <testcase time="0.00100000000020373" classname="ds.skewness_smk_method_3_both" name="simple_skewness_method_3_both_on_LAB_GLUC_ADJUSTED"/>
    <testcase time="0.000999999999748979" classname="ds.skewness_smk_method_3_both" name="simple_skewness_method_3_both_on_LAB_GLUC_ADJUSTED"/>
    <testcase time="0.00199999999995271" classname="ds.skewness_smk_method_3_both" name="simple_skewness_method_3_both_on_LAB_GLUC_ADJUSTED"/>
    <testcase time="0.00100000000020373" classname="ds.skewness_smk_method_3_both" name="simple_skewness_method_3_both_on_LAB_GLUC_ADJUSTED"/>
    <testcase time="0.00199999999995271" classname="ds.skewness_smk_method_3_both" name="simple_skewness_method_3_both_on_LAB_GLUC_ADJUSTED"/>
    <testcase time="0.000999999999748979" classname="ds.skewness_smk_method_3_both" name="simple_skewness_method_3_both_on_LAB_GLUC_ADJUSTED"/>
    <testcase time="0.00199999999995271" classname="ds.skewness_smk_method_3_both" name="simple_skewness_method_3_both_on_LAB_GLUC_ADJUSTED"/>
    <testcase time="0.00100000000020373" classname="ds.skewness_smk_method_3_both" name="simple_skewness_method_3_both_on_LAB_GLUC_ADJUSTED"/>
    <testcase time="0.177999999999884" classname="ds.skewness_smk_method_3_both" name="simple_skewness_method_3_both_on_PM_BMI_CONTINUOUS"/>
    <testcase time="0.00100000000020373" classname="ds.skewness_smk_method_3_both" name="simple_skewness_method_3_both_on_PM_BMI_CONTINUOUS"/>
    <testcase time="0.00199999999995271" classname="ds.skewness_smk_method_3_both" name="simple_skewness_method_3_both_on_PM_BMI_CONTINUOUS"/>
    <testcase time="0.000999999999748979" classname="ds.skewness_smk_method_3_both" name="simple_skewness_method_3_both_on_PM_BMI_CONTINUOUS"/>
    <testcase time="0.00200000000040745" classname="ds.skewness_smk_method_3_both" name="simple_skewness_method_3_both_on_PM_BMI_CONTINUOUS"/>
    <testcase time="0.000999999999748979" classname="ds.skewness_smk_method_3_both" name="simple_skewness_method_3_both_on_PM_BMI_CONTINUOUS"/>
    <testcase time="0.00199999999995271" classname="ds.skewness_smk_method_3_both" name="simple_skewness_method_3_both_on_PM_BMI_CONTINUOUS"/>
    <testcase time="0.00100000000020373" classname="ds.skewness_smk_method_3_both" name="simple_skewness_method_3_both_on_PM_BMI_CONTINUOUS"/>
    <testcase time="0.00199999999995271" classname="ds.skewness_smk_method_3_both" name="simple_skewness_method_3_both_on_PM_BMI_CONTINUOUS"/>
    <testcase time="0.00199999999995271" classname="ds.skewness_smk_method_3_both" name="simple_skewness_method_3_both_on_PM_BMI_CONTINUOUS"/>
    <testcase time="0.00100000000020373" classname="ds.skewness_smk_method_3_both" name="simple_skewness_method_3_both_on_PM_BMI_CONTINUOUS"/>
    <testcase time="0.00199999999995271" classname="ds.skewness_smk_method_3_both" name="simple_skewness_method_3_both_on_PM_BMI_CONTINUOUS"/>
    <testcase time="0.000999999999748979" classname="ds.skewness_smk_method_3_both" name="simple_skewness_method_3_both_on_PM_BMI_CONTINUOUS"/>
    <testcase time="0.00199999999995271" classname="ds.skewness_smk_method_3_both" name="simple_skewness_method_3_both_on_PM_BMI_CONTINUOUS"/>
    <testcase time="0.00100000000020373" classname="ds.skewness_smk_method_3_both" name="simple_skewness_method_3_both_on_PM_BMI_CONTINUOUS"/>
    <testcase time="0.00199999999995271" classname="ds.skewness_smk_method_3_both" name="simple_skewness_method_3_both_on_PM_BMI_CONTINUOUS"/>
    <testcase time="0.00100000000020373" classname="ds.skewness_smk_method_3_both" name="simple_skewness_method_3_both_on_PM_BMI_CONTINUOUS"/>
    <testcase time="0.00199999999995271" classname="ds.skewness_smk_method_3_both" name="simple_skewness_method_3_both_on_PM_BMI_CONTINUOUS"/>
    <testcase time="0.000999999999748979" classname="ds.skewness_smk_method_3_both" name="simple_skewness_method_3_both_on_PM_BMI_CONTINUOUS"/>
    <testcase time="0.00199999999995271" classname="ds.skewness_smk_method_3_both" name="simple_skewness_method_3_both_on_PM_BMI_CONTINUOUS"/>
    <testcase time="0.00100000000020373" classname="ds.skewness_smk_method_3_both" name="simple_skewness_method_3_both_on_PM_BMI_CONTINUOUS"/>
    <testcase time="0.00199999999995271" classname="ds.skewness_smk_method_3_both" name="simple_skewness_method_3_both_on_PM_BMI_CONTINUOUS"/>
  </testsuite>
  <testsuite name="ds.skewness::smk::shutdown" timestamp="2025-10-28T13:02:25Z" hostname="runnervmwhb2z" tests="3" skipped="0" failures="0" errors="0" time="0.057">
    <testcase time="0.0540000000000873" classname="ds.skewness_smk_shutdown" name="shutdown"/>
    <testcase time="0.00199999999995271" classname="ds.skewness_smk_shutdown" name="shutdown"/>
    <testcase time="0.000999999999748979" classname="ds.skewness_smk_shutdown" name="shutdown"/>
  </testsuite>
  <testsuite name="ds.skewness::smk::done" timestamp="2025-10-28T13:02:26Z" hostname="runnervmwhb2z" tests="0" skipped="0" failures="0" errors="0" time="0"/>
  <testsuite name="smk-ds.sqrt" timestamp="2025-10-28T13:02:26Z" hostname="runnervmwhb2z" tests="0" skipped="0" failures="0" errors="0" time="0"/>
  <testsuite name="ds.sqrt::smk::setup" timestamp="2025-10-28T13:02:26Z" hostname="runnervmwhb2z" tests="3" skipped="0" failures="0" errors="0" time="7.316">
    <testcase time="7.3130000000001" classname="ds.sqrt_smk_setup" name="setup"/>
    <testcase time="0.00199999999995271" classname="ds.sqrt_smk_setup" name="setup"/>
    <testcase time="0.00100000000020373" classname="ds.sqrt_smk_setup" name="setup"/>
  </testsuite>
  <testsuite name="ds.sqrt::smk" timestamp="2025-10-28T13:02:33Z" hostname="runnervmwhb2z" tests="10" skipped="0" failures="0" errors="0" time="0.285">
    <testcase time="0.159999999999854" classname="ds.sqrt_smk" name="simple_c"/>
    <testcase time="0.0380000000000109" classname="ds.sqrt_smk" name="simple_c"/>
    <testcase time="0.00199999999995271" classname="ds.sqrt_smk" name="simple_c"/>
    <testcase time="0.00100000000020373" classname="ds.sqrt_smk" name="simple_c"/>
    <testcase time="0.000999999999748979" classname="ds.sqrt_smk" name="simple_c"/>
    <testcase time="0.00199999999995271" classname="ds.sqrt_smk" name="simple_c"/>
    <testcase time="0.0770000000002256" classname="ds.sqrt_smk" name="simple_c"/>
    <testcase time="0.00100000000020373" classname="ds.sqrt_smk" name="simple_c"/>
    <testcase time="0.000999999999748979" classname="ds.sqrt_smk" name="simple_c"/>
    <testcase time="0.00199999999995271" classname="ds.sqrt_smk" name="simple_c"/>
  </testsuite>
  <testsuite name="ds.sqrt::smk::shutdown" timestamp="2025-10-28T13:02:33Z" hostname="runnervmwhb2z" tests="3" skipped="0" failures="0" errors="0" time="0.05">
    <testcase time="0.0480000000002292" classname="ds.sqrt_smk_shutdown" name="setup"/>
    <testcase time="0.000999999999748979" classname="ds.sqrt_smk_shutdown" name="setup"/>
    <testcase time="0.00100000000020373" classname="ds.sqrt_smk_shutdown" name="setup"/>
  </testsuite>
  <testsuite name="ds.sqrt::smk::done" timestamp="2025-10-28T13:02:33Z" hostname="runnervmwhb2z" tests="0" skipped="0" failures="0" errors="0" time="0"/>
  <testsuite name="smk-ds.subset" timestamp="2025-10-28T13:02:33Z" hostname="runnervmwhb2z" tests="0" skipped="0" failures="0" errors="0" time="0"/>
  <testsuite name="ds.subset::smk::setup" timestamp="2025-10-28T13:02:33Z" hostname="runnervmwhb2z" tests="3" skipped="0" failures="0" errors="0" time="7.318">
    <testcase time="7.3159999999998" classname="ds.subset_smk_setup" name="setup"/>
    <testcase time="0.00100000000020373" classname="ds.subset_smk_setup" name="setup"/>
    <testcase time="0.000999999999748979" classname="ds.subset_smk_setup" name="setup"/>
  </testsuite>
  <testsuite name="ds.subset::smk::generate a subset of the assigned table (by default the table is named 'D') with the first 50 observations and the two first columns" timestamp="2025-10-28T13:02:40Z" hostname="runnervmwhb2z" tests="4" skipped="0" failures="0" errors="0" time="0.277">
    <testcase time="0.269000000000233" classname="ds.subset_smk_generate_a_subset_of_the_assigned_table_by_default_the_table_is_named_D_with_the_first_50_observations_and_the_two_first_columns" name="subD_exists"/>
    <testcase time="0.00299999999970169" classname="ds.subset_smk_generate_a_subset_of_the_assigned_table_by_default_the_table_is_named_D_with_the_first_50_observations_and_the_two_first_columns" name="subD_exists"/>
    <testcase time="0.00300000000015643" classname="ds.subset_smk_generate_a_subset_of_the_assigned_table_by_default_the_table_is_named_D_with_the_first_50_observations_and_the_two_first_columns" name="subD_exists"/>
    <testcase time="0.00199999999995271" classname="ds.subset_smk_generate_a_subset_of_the_assigned_table_by_default_the_table_is_named_D_with_the_first_50_observations_and_the_two_first_columns" name="subD_exists"/>
  </testsuite>
  <testsuite name="ds.subset::smk::generate a subset of the assigned table (by default the table is named 'D') with the first 50 observations and the two first columns referred to by their names" timestamp="2025-10-28T13:02:41Z" hostname="runnervmwhb2z" tests="4" skipped="0" failures="0" errors="0" time="0.213">
    <testcase time="0.204999999999927" classname="ds.subset_smk_generate_a_subset_of_the_assigned_table_by_default_the_table_is_named_D_with_the_first_50_observations_and_the_two_first_columns_referred_to_by_their_names" name="subD2_exists"/>
    <testcase time="0.00300000000015643" classname="ds.subset_smk_generate_a_subset_of_the_assigned_table_by_default_the_table_is_named_D_with_the_first_50_observations_and_the_two_first_columns_referred_to_by_their_names" name="subD2_exists"/>
    <testcase time="0.00199999999995271" classname="ds.subset_smk_generate_a_subset_of_the_assigned_table_by_default_the_table_is_named_D_with_the_first_50_observations_and_the_two_first_columns_referred_to_by_their_names" name="subD2_exists"/>
    <testcase time="0.00300000000015643" classname="ds.subset_smk_generate_a_subset_of_the_assigned_table_by_default_the_table_is_named_D_with_the_first_50_observations_and_the_two_first_columns_referred_to_by_their_names" name="subD2_exists"/>
  </testsuite>
  <testsuite name="ds.subset::smk::generate a subset of the table D with bmi values greater than or equal to 25." timestamp="2025-10-28T13:02:41Z" hostname="runnervmwhb2z" tests="4" skipped="0" failures="0" errors="0" time="0.167">
    <testcase time="0.159000000000106" classname="ds.subset_smk_generate_a_subset_of_the_table_D_with_bmi_values_greater_than_or_equal_to_25." name="subD3_exists"/>
    <testcase time="0.00299999999970169" classname="ds.subset_smk_generate_a_subset_of_the_table_D_with_bmi_values_greater_than_or_equal_to_25." name="subD3_exists"/>
    <testcase time="0.00300000000015643" classname="ds.subset_smk_generate_a_subset_of_the_table_D_with_bmi_values_greater_than_or_equal_to_25." name="subD3_exists"/>
    <testcase time="0.00199999999995271" classname="ds.subset_smk_generate_a_subset_of_the_table_D_with_bmi_values_greater_than_or_equal_to_25." name="subD3_exists"/>
  </testsuite>
  <testsuite name="ds.subset::smk::shutdown" timestamp="2025-10-28T13:02:41Z" hostname="runnervmwhb2z" tests="3" skipped="0" failures="0" errors="0" time="0.049">
    <testcase time="0.0470000000000255" classname="ds.subset_smk_shutdown" name="shutdown"/>
    <testcase time="0.000999999999748979" classname="ds.subset_smk_shutdown" name="shutdown"/>
    <testcase time="0.00100000000020373" classname="ds.subset_smk_shutdown" name="shutdown"/>
  </testsuite>
  <testsuite name="ds.subset::smk::done" timestamp="2025-10-28T13:02:41Z" hostname="runnervmwhb2z" tests="0" skipped="0" failures="0" errors="0" time="0"/>
  <testsuite name="smk-ds.subsetByClass" timestamp="2025-10-28T13:02:41Z" hostname="runnervmwhb2z" tests="0" skipped="0" failures="0" errors="0" time="0"/>
  <testsuite name="ds.subsetByClass::smk::setup" timestamp="2025-10-28T13:02:41Z" hostname="runnervmwhb2z" tests="3" skipped="0" failures="0" errors="0" time="7.352">
    <testcase time="7.34900000000016" classname="ds.subsetByClass_smk_setup" name="setup"/>
    <testcase time="0.00199999999995271" classname="ds.subsetByClass_smk_setup" name="setup"/>
    <testcase time="0.000999999999748979" classname="ds.subsetByClass_smk_setup" name="setup"/>
  </testsuite>
  <testsuite name="ds.subsetByClass::smk" timestamp="2025-10-28T13:02:49Z" hostname="runnervmwhb2z" tests="22" skipped="0" failures="0" errors="0" time="0.824">
    <testcase time="0.318000000000211" classname="ds.subsetByClass_smk" name="gender_implicit"/>
    <testcase time="0.0850000000000364" classname="ds.subsetByClass_smk" name="gender_implicit"/>
    <testcase time="0.000999999999748979" classname="ds.subsetByClass_smk" name="gender_implicit"/>
    <testcase time="0.00100000000020373" classname="ds.subsetByClass_smk" name="gender_implicit"/>
    <testcase time="0.00199999999995271" classname="ds.subsetByClass_smk" name="gender_implicit"/>
    <testcase time="0.00100000000020373" classname="ds.subsetByClass_smk" name="gender_implicit"/>
    <testcase time="0.000999999999748979" classname="ds.subsetByClass_smk" name="gender_implicit"/>
    <testcase time="0.00100000000020373" classname="ds.subsetByClass_smk" name="gender_implicit"/>
    <testcase time="0.000999999999748979" classname="ds.subsetByClass_smk" name="gender_implicit"/>
    <testcase time="0.00100000000020373" classname="ds.subsetByClass_smk" name="gender_implicit"/>
    <testcase time="0.00199999999995271" classname="ds.subsetByClass_smk" name="gender_implicit"/>
    <testcase time="0.319999999999709" classname="ds.subsetByClass_smk" name="gender_explicit"/>
    <testcase time="0.080000000000382" classname="ds.subsetByClass_smk" name="gender_explicit"/>
    <testcase time="0.000999999999748979" classname="ds.subsetByClass_smk" name="gender_explicit"/>
    <testcase time="0.00100000000020373" classname="ds.subsetByClass_smk" name="gender_explicit"/>
    <testcase time="0.000999999999748979" classname="ds.subsetByClass_smk" name="gender_explicit"/>
    <testcase time="0.000999999999748979" classname="ds.subsetByClass_smk" name="gender_explicit"/>
    <testcase time="0.00100000000020373" classname="ds.subsetByClass_smk" name="gender_explicit"/>
    <testcase time="0.00100000000020373" classname="ds.subsetByClass_smk" name="gender_explicit"/>
    <testcase time="0.000999999999748979" classname="ds.subsetByClass_smk" name="gender_explicit"/>
    <testcase time="0.00199999999995271" classname="ds.subsetByClass_smk" name="gender_explicit"/>
    <testcase time="0.00100000000020373" classname="ds.subsetByClass_smk" name="gender_explicit"/>
  </testsuite>
  <testsuite name="ds.subsetByClass::smk::shutdown" timestamp="2025-10-28T13:02:49Z" hostname="runnervmwhb2z" tests="3" skipped="0" failures="0" errors="0" time="0.051">
    <testcase time="0.0479999999997744" classname="ds.subsetByClass_smk_shutdown" name="shutdown"/>
    <testcase time="0.00199999999995271" classname="ds.subsetByClass_smk_shutdown" name="shutdown"/>
    <testcase time="0.00100000000020373" classname="ds.subsetByClass_smk_shutdown" name="shutdown"/>
  </testsuite>
  <testsuite name="ds.subsetByClass::smk::done" timestamp="2025-10-28T13:02:50Z" hostname="runnervmwhb2z" tests="0" skipped="0" failures="0" errors="0" time="0"/>
  <testsuite name="smk-ds.summary" timestamp="2025-10-28T13:02:50Z" hostname="runnervmwhb2z" tests="0" skipped="0" failures="0" errors="0" time="0"/>
  <testsuite name="ds.summary::smk::setup" timestamp="2025-10-28T13:02:50Z" hostname="runnervmwhb2z" tests="3" skipped="0" failures="0" errors="0" time="7.355">
    <testcase time="7.35300000000007" classname="ds.summary_smk_setup" name="setup"/>
    <testcase time="0.000999999999748979" classname="ds.summary_smk_setup" name="setup"/>
    <testcase time="0.00100000000020373" classname="ds.summary_smk_setup" name="setup"/>
  </testsuite>
  <testsuite name="ds.summary::smk::summary of a dataframe variable" timestamp="2025-10-28T13:02:57Z" hostname="runnervmwhb2z" tests="13" skipped="0" failures="0" errors="0" time="0.202">
    <testcase time="0.183999999999742" classname="ds.summary_smk_summary_of_a_dataframe_variable" name="summary_dataframe_variable"/>
    <testcase time="0.00200000000040745" classname="ds.summary_smk_summary_of_a_dataframe_variable" name="summary_dataframe_variable"/>
    <testcase time="0.00299999999970169" classname="ds.summary_smk_summary_of_a_dataframe_variable" name="summary_dataframe_variable"/>
    <testcase time="0.00300000000015643" classname="ds.summary_smk_summary_of_a_dataframe_variable" name="summary_dataframe_variable"/>
    <testcase time="0.000999999999748979" classname="ds.summary_smk_summary_of_a_dataframe_variable" name="summary_dataframe_variable"/>
    <testcase time="0.00100000000020373" classname="ds.summary_smk_summary_of_a_dataframe_variable" name="summary_dataframe_variable"/>
    <testcase time="0.000999999999748979" classname="ds.summary_smk_summary_of_a_dataframe_variable" name="summary_dataframe_variable"/>
    <testcase time="0.00200000000040745" classname="ds.summary_smk_summary_of_a_dataframe_variable" name="summary_dataframe_variable"/>
    <testcase time="0.000999999999748979" classname="ds.summary_smk_summary_of_a_dataframe_variable" name="summary_dataframe_variable"/>
    <testcase time="0.00100000000020373" classname="ds.summary_smk_summary_of_a_dataframe_variable" name="summary_dataframe_variable"/>
    <testcase time="0.00100000000020373" classname="ds.summary_smk_summary_of_a_dataframe_variable" name="summary_dataframe_variable"/>
    <testcase time="0.000999999999748979" classname="ds.summary_smk_summary_of_a_dataframe_variable" name="summary_dataframe_variable"/>
    <testcase time="0.00100000000020373" classname="ds.summary_smk_summary_of_a_dataframe_variable" name="summary_dataframe_variable"/>
  </testsuite>
  <testsuite name="ds.summary::smk::summary of a numerical variable" timestamp="2025-10-28T13:02:57Z" hostname="runnervmwhb2z" tests="3" skipped="0" failures="0" errors="0" time="0.203">
    <testcase time="0.201000000000022" classname="ds.summary_smk_summary_of_a_numerical_variable" name="summary_numerical_variable"/>
    <testcase time="0.000999999999748979" classname="ds.summary_smk_summary_of_a_numerical_variable" name="summary_numerical_variable"/>
    <testcase time="0.00100000000020373" classname="ds.summary_smk_summary_of_a_numerical_variable" name="summary_numerical_variable"/>
  </testsuite>
  <testsuite name="ds.summary::smk::summary of a character variable" timestamp="2025-10-28T13:02:57Z" hostname="runnervmwhb2z" tests="2" skipped="0" failures="0" errors="0" time="0.31">
    <testcase time="0.309000000000196" classname="ds.summary_smk_summary_of_a_character_variable" name="summary_character_variable"/>
    <testcase time="0.000999999999748979" classname="ds.summary_smk_summary_of_a_character_variable" name="summary_character_variable"/>
  </testsuite>
  <testsuite name="ds.summary::smk::summary of a factor variable" timestamp="2025-10-28T13:02:57Z" hostname="runnervmwhb2z" tests="22" skipped="0" failures="0" errors="0" time="0.555">
    <testcase time="0.528999999999996" classname="ds.summary_smk_summary_of_a_factor_variable" name="summary_factor_variable"/>
    <testcase time="0.00199999999995271" classname="ds.summary_smk_summary_of_a_factor_variable" name="summary_factor_variable"/>
    <testcase time="0.00100000000020373" classname="ds.summary_smk_summary_of_a_factor_variable" name="summary_factor_variable"/>
    <testcase time="0.000999999999748979" classname="ds.summary_smk_summary_of_a_factor_variable" name="summary_factor_variable"/>
    <testcase time="0.00100000000020373" classname="ds.summary_smk_summary_of_a_factor_variable" name="summary_factor_variable"/>
    <testcase time="0.00199999999995271" classname="ds.summary_smk_summary_of_a_factor_variable" name="summary_factor_variable"/>
    <testcase time="0.000999999999748979" classname="ds.summary_smk_summary_of_a_factor_variable" name="summary_factor_variable"/>
    <testcase time="0.00100000000020373" classname="ds.summary_smk_summary_of_a_factor_variable" name="summary_factor_variable"/>
    <testcase time="0.00100000000020373" classname="ds.summary_smk_summary_of_a_factor_variable" name="summary_factor_variable"/>
    <testcase time="0.000999999999748979" classname="ds.summary_smk_summary_of_a_factor_variable" name="summary_factor_variable"/>
    <testcase time="0.00199999999995271" classname="ds.summary_smk_summary_of_a_factor_variable" name="summary_factor_variable"/>
    <testcase time="0.00100000000020373" classname="ds.summary_smk_summary_of_a_factor_variable" name="summary_factor_variable"/>
    <testcase time="0.000999999999748979" classname="ds.summary_smk_summary_of_a_factor_variable" name="summary_factor_variable"/>
    <testcase time="0.00100000000020373" classname="ds.summary_smk_summary_of_a_factor_variable" name="summary_factor_variable"/>
    <testcase time="0.00199999999995271" classname="ds.summary_smk_summary_of_a_factor_variable" name="summary_factor_variable"/>
    <testcase time="0.00100000000020373" classname="ds.summary_smk_summary_of_a_factor_variable" name="summary_factor_variable"/>
    <testcase time="0.000999999999748979" classname="ds.summary_smk_summary_of_a_factor_variable" name="summary_factor_variable"/>
    <testcase time="0.00100000000020373" classname="ds.summary_smk_summary_of_a_factor_variable" name="summary_factor_variable"/>
    <testcase time="0.000999999999748979" classname="ds.summary_smk_summary_of_a_factor_variable" name="summary_factor_variable"/>
    <testcase time="0.00199999999995271" classname="ds.summary_smk_summary_of_a_factor_variable" name="summary_factor_variable"/>
    <testcase time="0.00100000000020373" classname="ds.summary_smk_summary_of_a_factor_variable" name="summary_factor_variable"/>
    <testcase time="0.000999999999748979" classname="ds.summary_smk_summary_of_a_factor_variable" name="summary_factor_variable"/>
  </testsuite>
  <testsuite name="ds.summary::smk::summary of a list variable" timestamp="2025-10-28T13:02:58Z" hostname="runnervmwhb2z" tests="10" skipped="0" failures="0" errors="0" time="0.317">
    <testcase time="0.300000000000182" classname="ds.summary_smk_summary_of_a_list_variable" name="summary_list_variable"/>
    <testcase time="0.00799999999981083" classname="ds.summary_smk_summary_of_a_list_variable" name="summary_list_variable"/>
    <testcase time="0.00100000000020373" classname="ds.summary_smk_summary_of_a_list_variable" name="summary_list_variable"/>
    <testcase time="0.00100000000020373" classname="ds.summary_smk_summary_of_a_list_variable" name="summary_list_variable"/>
    <testcase time="0.000999999999748979" classname="ds.summary_smk_summary_of_a_list_variable" name="summary_list_variable"/>
    <testcase time="0.00100000000020373" classname="ds.summary_smk_summary_of_a_list_variable" name="summary_list_variable"/>
    <testcase time="0.000999999999748979" classname="ds.summary_smk_summary_of_a_list_variable" name="summary_list_variable"/>
    <testcase time="0.00199999999995271" classname="ds.summary_smk_summary_of_a_list_variable" name="summary_list_variable"/>
    <testcase time="0.00100000000020373" classname="ds.summary_smk_summary_of_a_list_variable" name="summary_list_variable"/>
    <testcase time="0.000999999999748979" classname="ds.summary_smk_summary_of_a_list_variable" name="summary_list_variable"/>
  </testsuite>
  <testsuite name="ds.summary::smk::summary of a data frame" timestamp="2025-10-28T13:02:58Z" hostname="runnervmwhb2z" tests="6" skipped="0" failures="0" errors="0" time="0.189">
    <testcase time="0.182000000000244" classname="ds.summary_smk_summary_of_a_data_frame" name="summary_data_frame"/>
    <testcase time="0.00300000000015643" classname="ds.summary_smk_summary_of_a_data_frame" name="summary_data_frame"/>
    <testcase time="0.000999999999748979" classname="ds.summary_smk_summary_of_a_data_frame" name="summary_data_frame"/>
    <testcase time="0.000999999999748979" classname="ds.summary_smk_summary_of_a_data_frame" name="summary_data_frame"/>
    <testcase time="0.00100000000020373" classname="ds.summary_smk_summary_of_a_data_frame" name="summary_data_frame"/>
    <testcase time="0.000999999999748979" classname="ds.summary_smk_summary_of_a_data_frame" name="summary_data_frame"/>
  </testsuite>
  <testsuite name="ds.summary::smk::teardown" timestamp="2025-10-28T13:02:59Z" hostname="runnervmwhb2z" tests="3" skipped="0" failures="0" errors="0" time="0.049">
    <testcase time="0.0460000000002765" classname="ds.summary_smk_teardown" name="shutdown"/>
    <testcase time="0.00199999999995271" classname="ds.summary_smk_teardown" name="shutdown"/>
    <testcase time="0.000999999999748979" classname="ds.summary_smk_teardown" name="shutdown"/>
  </testsuite>
  <testsuite name="ds.summary::smk::done" timestamp="2025-10-28T13:02:59Z" hostname="runnervmwhb2z" tests="0" skipped="0" failures="0" errors="0" time="0"/>
  <testsuite name="smk-ds.table" timestamp="2025-10-28T13:02:59Z" hostname="runnervmwhb2z" tests="0" skipped="0" failures="0" errors="0" time="0"/>
  <testsuite name="ds.table::smk::setup" timestamp="2025-10-28T13:02:59Z" hostname="runnervmwhb2z" tests="3" skipped="0" failures="0" errors="0" time="7.676">
    <testcase time="7.67399999999998" classname="ds.table_smk_setup" name="setup"/>
    <testcase time="0.00100000000020373" classname="ds.table_smk_setup" name="setup"/>
    <testcase time="0.000999999999748979" classname="ds.table_smk_setup" name="setup"/>
  </testsuite>
  <testsuite name="ds.table::smk::dataframe setup" timestamp="2025-10-28T13:03:06Z" hostname="runnervmwhb2z" tests="3" skipped="0" failures="0" errors="0" time="0.838">
    <testcase time="0.835000000000036" classname="ds.table_smk_dataframe_setup" name="simple_dataframe_input_setup"/>
    <testcase time="0.00200000000040745" classname="ds.table_smk_dataframe_setup" name="simple_dataframe_input_setup"/>
    <testcase time="0.000999999999748979" classname="ds.table_smk_dataframe_setup" name="simple_dataframe_input_setup"/>
  </testsuite>
  <testsuite name="ds.table::smk::simple table 1D" timestamp="2025-10-28T13:03:07Z" hostname="runnervmwhb2z" tests="9" skipped="0" failures="0" errors="0" time="0.149">
    <testcase time="0.139000000000124" classname="ds.table_smk_simple_table_1D" name="simple_table_1D"/>
    <testcase time="0.00199999999995271" classname="ds.table_smk_simple_table_1D" name="simple_table_1D"/>
    <testcase time="0.000999999999748979" classname="ds.table_smk_simple_table_1D" name="simple_table_1D"/>
    <testcase time="0.00100000000020373" classname="ds.table_smk_simple_table_1D" name="simple_table_1D"/>
    <testcase time="0.00100000000020373" classname="ds.table_smk_simple_table_1D" name="simple_table_1D"/>
    <testcase time="0.000999999999748979" classname="ds.table_smk_simple_table_1D" name="simple_table_1D"/>
    <testcase time="0.00199999999995271" classname="ds.table_smk_simple_table_1D" name="simple_table_1D"/>
    <testcase time="0.00100000000020373" classname="ds.table_smk_simple_table_1D" name="simple_table_1D"/>
    <testcase time="0.000999999999748979" classname="ds.table_smk_simple_table_1D" name="simple_table_1D"/>
  </testsuite>
  <testsuite name="ds.table::smk::simple table 2D" timestamp="2025-10-28T13:03:07Z" hostname="runnervmwhb2z" tests="16" skipped="0" failures="0" errors="0" time="0.228">
    <testcase time="0.210000000000036" classname="ds.table_smk_simple_table_2D" name="simple_table_2D"/>
    <testcase time="0.00100000000020373" classname="ds.table_smk_simple_table_2D" name="simple_table_2D"/>
    <testcase time="0.00199999999995271" classname="ds.table_smk_simple_table_2D" name="simple_table_2D"/>
    <testcase time="0.000999999999748979" classname="ds.table_smk_simple_table_2D" name="simple_table_2D"/>
    <testcase time="0.00100000000020373" classname="ds.table_smk_simple_table_2D" name="simple_table_2D"/>
    <testcase time="0.00100000000020373" classname="ds.table_smk_simple_table_2D" name="simple_table_2D"/>
    <testcase time="0.000999999999748979" classname="ds.table_smk_simple_table_2D" name="simple_table_2D"/>
    <testcase time="0.00100000000020373" classname="ds.table_smk_simple_table_2D" name="simple_table_2D"/>
    <testcase time="0.00199999999995271" classname="ds.table_smk_simple_table_2D" name="simple_table_2D"/>
    <testcase time="0.000999999999748979" classname="ds.table_smk_simple_table_2D" name="simple_table_2D"/>
    <testcase time="0.00100000000020373" classname="ds.table_smk_simple_table_2D" name="simple_table_2D"/>
    <testcase time="0.000999999999748979" classname="ds.table_smk_simple_table_2D" name="simple_table_2D"/>
    <testcase time="0.00100000000020373" classname="ds.table_smk_simple_table_2D" name="simple_table_2D"/>
    <testcase time="0.00199999999995271" classname="ds.table_smk_simple_table_2D" name="simple_table_2D"/>
    <testcase time="0.00100000000020373" classname="ds.table_smk_simple_table_2D" name="simple_table_2D"/>
    <testcase time="0.000999999999748979" classname="ds.table_smk_simple_table_2D" name="simple_table_2D"/>
  </testsuite>
  <testsuite name="ds.table::smk::simple table 3D" timestamp="2025-10-28T13:03:07Z" hostname="runnervmwhb2z" tests="28" skipped="0" failures="0" errors="0" time="1.35">
    <testcase time="0.307000000000244" classname="ds.table_smk_simple_table_3D" name="simple_table_3D"/>
    <testcase time="0.000999999999748979" classname="ds.table_smk_simple_table_3D" name="simple_table_3D"/>
    <testcase time="0.00199999999995271" classname="ds.table_smk_simple_table_3D" name="simple_table_3D"/>
    <testcase time="0.00100000000020373" classname="ds.table_smk_simple_table_3D" name="simple_table_3D"/>
    <testcase time="0.172000000000025" classname="ds.table_smk_simple_table_3D" name="simple_table_1D_with_assign"/>
    <testcase time="0.0380000000000109" classname="ds.table_smk_simple_table_3D" name="simple_table_1D_with_assign"/>
    <testcase time="0.000999999999748979" classname="ds.table_smk_simple_table_3D" name="simple_table_1D_with_assign"/>
    <testcase time="0.00199999999995271" classname="ds.table_smk_simple_table_3D" name="simple_table_1D_with_assign"/>
    <testcase time="0.00100000000020373" classname="ds.table_smk_simple_table_3D" name="simple_table_1D_with_assign"/>
    <testcase time="0.00100000000020373" classname="ds.table_smk_simple_table_3D" name="simple_table_1D_with_assign"/>
    <testcase time="0.0759999999995671" classname="ds.table_smk_simple_table_3D" name="simple_table_1D_with_assign"/>
    <testcase time="0.00100000000020373" classname="ds.table_smk_simple_table_3D" name="simple_table_1D_with_assign"/>
    <testcase time="0.00199999999995271" classname="ds.table_smk_simple_table_3D" name="simple_table_1D_with_assign"/>
    <testcase time="0.00100000000020373" classname="ds.table_smk_simple_table_3D" name="simple_table_1D_with_assign"/>
    <testcase time="0.259000000000015" classname="ds.table_smk_simple_table_3D" name="simple_table_2D_with_assign"/>
    <testcase time="0.0389999999997599" classname="ds.table_smk_simple_table_3D" name="simple_table_2D_with_assign"/>
    <testcase time="0.00100000000020373" classname="ds.table_smk_simple_table_3D" name="simple_table_2D_with_assign"/>
    <testcase time="0.00199999999995271" classname="ds.table_smk_simple_table_3D" name="simple_table_2D_with_assign"/>
    <testcase time="0.000999999999748979" classname="ds.table_smk_simple_table_3D" name="simple_table_2D_with_assign"/>
    <testcase time="0.00100000000020373" classname="ds.table_smk_simple_table_3D" name="simple_table_2D_with_assign"/>
    <testcase time="0.0760000000000218" classname="ds.table_smk_simple_table_3D" name="simple_table_2D_with_assign"/>
    <testcase time="0.00199999999995271" classname="ds.table_smk_simple_table_3D" name="simple_table_2D_with_assign"/>
    <testcase time="0.00100000000020373" classname="ds.table_smk_simple_table_3D" name="simple_table_2D_with_assign"/>
    <testcase time="0.000999999999748979" classname="ds.table_smk_simple_table_3D" name="simple_table_2D_with_assign"/>
    <testcase time="0.356000000000222" classname="ds.table_smk_simple_table_3D" name="simple_table_3D_with_assign"/>
    <testcase time="0.00199999999995271" classname="ds.table_smk_simple_table_3D" name="simple_table_3D_with_assign"/>
    <testcase time="0.000999999999748979" classname="ds.table_smk_simple_table_3D" name="simple_table_3D_with_assign"/>
    <testcase time="0.00199999999995271" classname="ds.table_smk_simple_table_3D" name="simple_table_3D_with_assign"/>
  </testsuite>
  <testsuite name="ds.table::smk::shutdown" timestamp="2025-10-28T13:03:09Z" hostname="runnervmwhb2z" tests="3" skipped="0" failures="0" errors="0" time="0.049">
    <testcase time="0.0460000000002765" classname="ds.table_smk_shutdown" name="shutdown"/>
    <testcase time="0.00199999999995271" classname="ds.table_smk_shutdown" name="shutdown"/>
    <testcase time="0.000999999999748979" classname="ds.table_smk_shutdown" name="shutdown"/>
  </testsuite>
  <testsuite name="ds.table::smk::done" timestamp="2025-10-28T13:03:09Z" hostname="runnervmwhb2z" tests="0" skipped="0" failures="0" errors="0" time="0"/>
  <testsuite name="smk-ds.table1D" timestamp="2025-10-28T13:03:09Z" hostname="runnervmwhb2z" tests="0" skipped="0" failures="0" errors="0" time="0"/>
  <testsuite name="ds.table1D::smk::setup" timestamp="2025-10-28T13:03:09Z" hostname="runnervmwhb2z" tests="3" skipped="0" failures="0" errors="0" time="7.292">
    <testcase time="7.28900000000021" classname="ds.table1D_smk_setup" name="setup"/>
    <testcase time="0.000999999999748979" classname="ds.table1D_smk_setup" name="setup"/>
    <testcase time="0.00200000000040745" classname="ds.table1D_smk_setup" name="setup"/>
  </testsuite>
  <testsuite name="ds.table1D::smk::generate a one dimensional table, outputting combined contingency tables" timestamp="2025-10-28T13:03:16Z" hostname="runnervmwhb2z" tests="4" skipped="0" failures="0" errors="0" time="0.111">
    <testcase time="0.106999999999971" classname="ds.table1D_smk_generate_a_one_dimensional_table_outputting_combined_contingency_tables" name="GENDER_normal"/>
    <testcase time="0.00199999999995271" classname="ds.table1D_smk_generate_a_one_dimensional_table_outputting_combined_contingency_tables" name="GENDER_normal"/>
    <testcase time="0.000999999999748979" classname="ds.table1D_smk_generate_a_one_dimensional_table_outputting_combined_contingency_tables" name="GENDER_normal"/>
    <testcase time="0.00100000000020373" classname="ds.table1D_smk_generate_a_one_dimensional_table_outputting_combined_contingency_tables" name="GENDER_normal"/>
  </testsuite>
  <testsuite name="ds.table1D::smk::generate a one dimensional table, outputting combined contingency tables fail" timestamp="2025-10-28T13:03:16Z" hostname="runnervmwhb2z" tests="7" skipped="0" failures="0" errors="0" time="0.116">
    <testcase time="0.10799999999972" classname="ds.table1D_smk_generate_a_one_dimensional_table_outputting_combined_contingency_tables_fail" name="DIS_CVA_invalid"/>
    <testcase time="0.00200000000040745" classname="ds.table1D_smk_generate_a_one_dimensional_table_outputting_combined_contingency_tables_fail" name="DIS_CVA_invalid"/>
    <testcase time="0.000999999999748979" classname="ds.table1D_smk_generate_a_one_dimensional_table_outputting_combined_contingency_tables_fail" name="DIS_CVA_invalid"/>
    <testcase time="0.00100000000020373" classname="ds.table1D_smk_generate_a_one_dimensional_table_outputting_combined_contingency_tables_fail" name="DIS_CVA_invalid"/>
    <testcase time="0.000999999999748979" classname="ds.table1D_smk_generate_a_one_dimensional_table_outputting_combined_contingency_tables_fail" name="DIS_CVA_invalid"/>
    <testcase time="0.00100000000020373" classname="ds.table1D_smk_generate_a_one_dimensional_table_outputting_combined_contingency_tables_fail" name="DIS_CVA_invalid"/>
    <testcase time="0.00199999999995271" classname="ds.table1D_smk_generate_a_one_dimensional_table_outputting_combined_contingency_tables_fail" name="DIS_CVA_invalid"/>
  </testsuite>
  <testsuite name="ds.table1D::smk::generate a one dimensional table, outputting combined contingency tables fail split" timestamp="2025-10-28T13:03:16Z" hostname="runnervmwhb2z" tests="7" skipped="0" failures="0" errors="0" time="0.125">
    <testcase time="0.117999999999938" classname="ds.table1D_smk_generate_a_one_dimensional_table_outputting_combined_contingency_tables_fail_split" name="DIS_CVA_invalid_split"/>
    <testcase time="0.00100000000020373" classname="ds.table1D_smk_generate_a_one_dimensional_table_outputting_combined_contingency_tables_fail_split" name="DIS_CVA_invalid_split"/>
    <testcase time="0.000999999999748979" classname="ds.table1D_smk_generate_a_one_dimensional_table_outputting_combined_contingency_tables_fail_split" name="DIS_CVA_invalid_split"/>
    <testcase time="0.00199999999995271" classname="ds.table1D_smk_generate_a_one_dimensional_table_outputting_combined_contingency_tables_fail_split" name="DIS_CVA_invalid_split"/>
    <testcase time="0.00100000000020373" classname="ds.table1D_smk_generate_a_one_dimensional_table_outputting_combined_contingency_tables_fail_split" name="DIS_CVA_invalid_split"/>
    <testcase time="0.000999999999748979" classname="ds.table1D_smk_generate_a_one_dimensional_table_outputting_combined_contingency_tables_fail_split" name="DIS_CVA_invalid_split"/>
    <testcase time="0.00100000000020373" classname="ds.table1D_smk_generate_a_one_dimensional_table_outputting_combined_contingency_tables_fail_split" name="DIS_CVA_invalid_split"/>
  </testsuite>
  <testsuite name="ds.table1D::smk::generate a one dimensional table, outputting study specific contingency tables" timestamp="2025-10-28T13:03:17Z" hostname="runnervmwhb2z" tests="5" skipped="0" failures="0" errors="0" time="0.115">
    <testcase time="0.108999999999924" classname="ds.table1D_smk_generate_a_one_dimensional_table_outputting_study_specific_contingency_tables" name="GENDER_split"/>
    <testcase time="0.00199999999995271" classname="ds.table1D_smk_generate_a_one_dimensional_table_outputting_study_specific_contingency_tables" name="GENDER_split"/>
    <testcase time="0.00100000000020373" classname="ds.table1D_smk_generate_a_one_dimensional_table_outputting_study_specific_contingency_tables" name="GENDER_split"/>
    <testcase time="0.000999999999748979" classname="ds.table1D_smk_generate_a_one_dimensional_table_outputting_study_specific_contingency_tables" name="GENDER_split"/>
    <testcase time="0.00199999999995271" classname="ds.table1D_smk_generate_a_one_dimensional_table_outputting_study_specific_contingency_tables" name="GENDER_split"/>
  </testsuite>
  <testsuite name="ds.table1D::smk::generate a one dimensional table, outputting study specific contingency tables for study 1 and 2" timestamp="2025-10-28T13:03:17Z" hostname="runnervmwhb2z" tests="5" skipped="0" failures="0" errors="0" time="0.082">
    <testcase time="0.0770000000002256" classname="ds.table1D_smk_generate_a_one_dimensional_table_outputting_study_specific_contingency_tables_for_study_1_and_2" name="GENDER_split_12"/>
    <testcase time="0.000999999999748979" classname="ds.table1D_smk_generate_a_one_dimensional_table_outputting_study_specific_contingency_tables_for_study_1_and_2" name="GENDER_split_12"/>
    <testcase time="0.00100000000020373" classname="ds.table1D_smk_generate_a_one_dimensional_table_outputting_study_specific_contingency_tables_for_study_1_and_2" name="GENDER_split_12"/>
    <testcase time="0.00199999999995271" classname="ds.table1D_smk_generate_a_one_dimensional_table_outputting_study_specific_contingency_tables_for_study_1_and_2" name="GENDER_split_12"/>
    <testcase time="0.00100000000020373" classname="ds.table1D_smk_generate_a_one_dimensional_table_outputting_study_specific_contingency_tables_for_study_1_and_2" name="GENDER_split_12"/>
  </testsuite>
  <testsuite name="ds.table1D::smk::generate a one dimensional table, outputting study specific and combined contingency tables" timestamp="2025-10-28T13:03:17Z" hostname="runnervmwhb2z" tests="4" skipped="0" failures="0" errors="0" time="0.112">
    <testcase time="0.10799999999972" classname="ds.table1D_smk_generate_a_one_dimensional_table_outputting_study_specific_and_combined_contingency_tables" name="GENDER_normal_2"/>
    <testcase time="0.00199999999995271" classname="ds.table1D_smk_generate_a_one_dimensional_table_outputting_study_specific_and_combined_contingency_tables" name="GENDER_normal_2"/>
    <testcase time="0.00100000000020373" classname="ds.table1D_smk_generate_a_one_dimensional_table_outputting_study_specific_and_combined_contingency_tables" name="GENDER_normal_2"/>
    <testcase time="0.000999999999748979" classname="ds.table1D_smk_generate_a_one_dimensional_table_outputting_study_specific_and_combined_contingency_tables" name="GENDER_normal_2"/>
  </testsuite>
  <testsuite name="ds.table1D::smk::shutdown" timestamp="2025-10-28T13:03:17Z" hostname="runnervmwhb2z" tests="3" skipped="0" failures="0" errors="0" time="0.05">
    <testcase time="0.0470000000000255" classname="ds.table1D_smk_shutdown" name="shutdown"/>
    <testcase time="0.00200000000040745" classname="ds.table1D_smk_shutdown" name="shutdown"/>
    <testcase time="0.000999999999748979" classname="ds.table1D_smk_shutdown" name="shutdown"/>
  </testsuite>
  <testsuite name="ds.table1D::smk::done" timestamp="2025-10-28T13:03:17Z" hostname="runnervmwhb2z" tests="0" skipped="0" failures="0" errors="0" time="0"/>
  <testsuite name="smk-ds.table2D" timestamp="2025-10-28T13:03:17Z" hostname="runnervmwhb2z" tests="0" skipped="0" failures="0" errors="0" time="0"/>
  <testsuite name="ds.table2D::smk::setup" timestamp="2025-10-28T13:03:17Z" hostname="runnervmwhb2z" tests="3" skipped="0" failures="0" errors="0" time="7.303">
    <testcase time="7.30099999999993" classname="ds.table2D_smk_setup" name="setup"/>
    <testcase time="0.00100000000020373" classname="ds.table2D_smk_setup" name="setup"/>
    <testcase time="0.000999999999748979" classname="ds.table2D_smk_setup" name="setup"/>
  </testsuite>
  <testsuite name="ds.table2D::smk" timestamp="2025-10-28T13:03:24Z" hostname="runnervmwhb2z" tests="23" skipped="0" failures="0" errors="0" time="0.283">
    <testcase time="0.260000000000218" classname="ds.table2D_smk" name="simple_table2D"/>
    <testcase time="0.000999999999748979" classname="ds.table2D_smk" name="simple_table2D"/>
    <testcase time="0.00100000000020373" classname="ds.table2D_smk" name="simple_table2D"/>
    <testcase time="0.00100000000020373" classname="ds.table2D_smk" name="simple_table2D"/>
    <testcase time="0.000999999999748979" classname="ds.table2D_smk" name="simple_table2D"/>
    <testcase time="0.00100000000020373" classname="ds.table2D_smk" name="simple_table2D"/>
    <testcase time="0.00199999999995271" classname="ds.table2D_smk" name="simple_table2D"/>
    <testcase time="0.000999999999748979" classname="ds.table2D_smk" name="simple_table2D"/>
    <testcase time="0.00100000000020373" classname="ds.table2D_smk" name="simple_table2D"/>
    <testcase time="0.000999999999748979" classname="ds.table2D_smk" name="simple_table2D"/>
    <testcase time="0.00100000000020373" classname="ds.table2D_smk" name="simple_table2D"/>
    <testcase time="0.000999999999748979" classname="ds.table2D_smk" name="simple_table2D"/>
    <testcase time="0.00100000000020373" classname="ds.table2D_smk" name="simple_table2D"/>
    <testcase time="0.00100000000020373" classname="ds.table2D_smk" name="simple_table2D"/>
    <testcase time="0.00100000000020373" classname="ds.table2D_smk" name="simple_table2D"/>
    <testcase time="0.000999999999748979" classname="ds.table2D_smk" name="simple_table2D"/>
    <testcase time="0.00100000000020373" classname="ds.table2D_smk" name="simple_table2D"/>
    <testcase time="0.000999999999748979" classname="ds.table2D_smk" name="simple_table2D"/>
    <testcase time="0.00100000000020373" classname="ds.table2D_smk" name="simple_table2D"/>
    <testcase time="0.000999999999748979" classname="ds.table2D_smk" name="simple_table2D"/>
    <testcase time="0.00100000000020373" classname="ds.table2D_smk" name="simple_table2D"/>
    <testcase time="0.000999999999748979" classname="ds.table2D_smk" name="simple_table2D"/>
    <testcase time="0.00100000000020373" classname="ds.table2D_smk" name="simple_table2D"/>
  </testsuite>
  <testsuite name="ds.table2D::smk::shutdown" timestamp="2025-10-28T13:03:24Z" hostname="runnervmwhb2z" tests="3" skipped="0" failures="0" errors="0" time="0.051">
    <testcase time="0.0489999999999782" classname="ds.table2D_smk_shutdown" name="shutdown"/>
    <testcase time="0.000999999999748979" classname="ds.table2D_smk_shutdown" name="shutdown"/>
    <testcase time="0.00100000000020373" classname="ds.table2D_smk_shutdown" name="shutdown"/>
  </testsuite>
  <testsuite name="ds.table2D::smk::done" timestamp="2025-10-28T13:03:25Z" hostname="runnervmwhb2z" tests="0" skipped="0" failures="0" errors="0" time="0"/>
  <testsuite name="smk-ds.tapply.assign" timestamp="2025-10-28T13:03:25Z" hostname="runnervmwhb2z" tests="0" skipped="0" failures="0" errors="0" time="0"/>
  <testsuite name="ds.tapply.assign::smk::setup" timestamp="2025-10-28T13:03:25Z" hostname="runnervmwhb2z" tests="3" skipped="0" failures="0" errors="0" time="7.366">
    <testcase time="7.36400000000003" classname="ds.tapply.assign_smk_setup" name="setup"/>
    <testcase time="0.000999999999748979" classname="ds.tapply.assign_smk_setup" name="setup"/>
    <testcase time="0.00100000000020373" classname="ds.tapply.assign_smk_setup" name="setup"/>
  </testsuite>
  <testsuite name="ds.tapply.assign::smk::fun=mean" timestamp="2025-10-28T13:03:32Z" hostname="runnervmwhb2z" tests="8" skipped="0" failures="0" errors="0" time="0.45">
    <testcase time="0.402999999999793" classname="ds.tapply.assign_smk_fun_mean" name="simplest_ds.tapply.assign_fun_mean"/>
    <testcase time="0.00199999999995271" classname="ds.tapply.assign_smk_fun_mean" name="simplest_ds.tapply.assign_fun_mean"/>
    <testcase time="0.00100000000020373" classname="ds.tapply.assign_smk_fun_mean" name="simplest_ds.tapply.assign_fun_mean"/>
    <testcase time="0.0389999999997599" classname="ds.tapply.assign_smk_fun_mean" name="simplest_ds.tapply.assign_fun_mean"/>
    <testcase time="0.00200000000040745" classname="ds.tapply.assign_smk_fun_mean" name="simplest_ds.tapply.assign_fun_mean"/>
    <testcase time="0.000999999999748979" classname="ds.tapply.assign_smk_fun_mean" name="simplest_ds.tapply.assign_fun_mean"/>
    <testcase time="0.00100000000020373" classname="ds.tapply.assign_smk_fun_mean" name="simplest_ds.tapply.assign_fun_mean"/>
    <testcase time="0.000999999999748979" classname="ds.tapply.assign_smk_fun_mean" name="simplest_ds.tapply.assign_fun_mean"/>
  </testsuite>
  <testsuite name="ds.tapply.assign::smk::fun=sd" timestamp="2025-10-28T13:03:32Z" hostname="runnervmwhb2z" tests="8" skipped="0" failures="0" errors="0" time="0.259">
    <testcase time="0.211999999999989" classname="ds.tapply.assign_smk_fun_sd" name="simplest_ds.tapply.assign_fun_sd"/>
    <testcase time="0.00199999999995271" classname="ds.tapply.assign_smk_fun_sd" name="simplest_ds.tapply.assign_fun_sd"/>
    <testcase time="0.00100000000020373" classname="ds.tapply.assign_smk_fun_sd" name="simplest_ds.tapply.assign_fun_sd"/>
    <testcase time="0.0389999999997599" classname="ds.tapply.assign_smk_fun_sd" name="simplest_ds.tapply.assign_fun_sd"/>
    <testcase time="0.00200000000040745" classname="ds.tapply.assign_smk_fun_sd" name="simplest_ds.tapply.assign_fun_sd"/>
    <testcase time="0.000999999999748979" classname="ds.tapply.assign_smk_fun_sd" name="simplest_ds.tapply.assign_fun_sd"/>
    <testcase time="0.00100000000020373" classname="ds.tapply.assign_smk_fun_sd" name="simplest_ds.tapply.assign_fun_sd"/>
    <testcase time="0.000999999999748979" classname="ds.tapply.assign_smk_fun_sd" name="simplest_ds.tapply.assign_fun_sd"/>
  </testsuite>
  <testsuite name="ds.tapply.assign::smk::fun=sum" timestamp="2025-10-28T13:03:33Z" hostname="runnervmwhb2z" tests="8" skipped="0" failures="0" errors="0" time="0.269">
    <testcase time="0.222999999999956" classname="ds.tapply.assign_smk_fun_sum" name="simplest_ds.tapply.assign_fun_sum"/>
    <testcase time="0.00100000000020373" classname="ds.tapply.assign_smk_fun_sum" name="simplest_ds.tapply.assign_fun_sum"/>
    <testcase time="0.000999999999748979" classname="ds.tapply.assign_smk_fun_sum" name="simplest_ds.tapply.assign_fun_sum"/>
    <testcase time="0.0390000000002146" classname="ds.tapply.assign_smk_fun_sum" name="simplest_ds.tapply.assign_fun_sum"/>
    <testcase time="0.000999999999748979" classname="ds.tapply.assign_smk_fun_sum" name="simplest_ds.tapply.assign_fun_sum"/>
    <testcase time="0.00100000000020373" classname="ds.tapply.assign_smk_fun_sum" name="simplest_ds.tapply.assign_fun_sum"/>
    <testcase time="0.00100000000020373" classname="ds.tapply.assign_smk_fun_sum" name="simplest_ds.tapply.assign_fun_sum"/>
    <testcase time="0.00199999999995271" classname="ds.tapply.assign_smk_fun_sum" name="simplest_ds.tapply.assign_fun_sum"/>
  </testsuite>
  <testsuite name="ds.tapply.assign::smk::fun=quantile" timestamp="2025-10-28T13:03:33Z" hostname="runnervmwhb2z" tests="8" skipped="0" failures="0" errors="0" time="0.268">
    <testcase time="0.219000000000051" classname="ds.tapply.assign_smk_fun_quantile" name="simplest_ds.tapply.assign_fun_quantile"/>
    <testcase time="0.000999999999748979" classname="ds.tapply.assign_smk_fun_quantile" name="simplest_ds.tapply.assign_fun_quantile"/>
    <testcase time="0.00199999999995271" classname="ds.tapply.assign_smk_fun_quantile" name="simplest_ds.tapply.assign_fun_quantile"/>
    <testcase time="0.0410000000001673" classname="ds.tapply.assign_smk_fun_quantile" name="simplest_ds.tapply.assign_fun_quantile"/>
    <testcase time="0.000999999999748979" classname="ds.tapply.assign_smk_fun_quantile" name="simplest_ds.tapply.assign_fun_quantile"/>
    <testcase time="0.00200000000040745" classname="ds.tapply.assign_smk_fun_quantile" name="simplest_ds.tapply.assign_fun_quantile"/>
    <testcase time="0.000999999999748979" classname="ds.tapply.assign_smk_fun_quantile" name="simplest_ds.tapply.assign_fun_quantile"/>
    <testcase time="0.00100000000020373" classname="ds.tapply.assign_smk_fun_quantile" name="simplest_ds.tapply.assign_fun_quantile"/>
  </testsuite>
  <testsuite name="ds.tapply.assign::smk::shutdown" timestamp="2025-10-28T13:03:33Z" hostname="runnervmwhb2z" tests="3" skipped="0" failures="0" errors="0" time="0.05">
    <testcase time="0.0479999999997744" classname="ds.tapply.assign_smk_shutdown" name="shutdown"/>
    <testcase time="0.00100000000020373" classname="ds.tapply.assign_smk_shutdown" name="shutdown"/>
    <testcase time="0.000999999999748979" classname="ds.tapply.assign_smk_shutdown" name="shutdown"/>
  </testsuite>
  <testsuite name="ds.tapply.assign::smk::done" timestamp="2025-10-28T13:03:33Z" hostname="runnervmwhb2z" tests="0" skipped="0" failures="0" errors="0" time="0"/>
  <testsuite name="smk-ds.tapply" timestamp="2025-10-28T13:03:33Z" hostname="runnervmwhb2z" tests="0" skipped="0" failures="0" errors="0" time="0"/>
  <testsuite name="ds.tapply::smk::setup" timestamp="2025-10-28T13:03:33Z" hostname="runnervmwhb2z" tests="3" skipped="0" failures="0" errors="0" time="7.357">
    <testcase time="7.35500000000002" classname="ds.tapply_smk_setup" name="setup"/>
    <testcase time="0.00100000000020373" classname="ds.tapply_smk_setup" name="setup"/>
    <testcase time="0.000999999999748979" classname="ds.tapply_smk_setup" name="setup"/>
  </testsuite>
  <testsuite name="ds.tapply::smk::fun=mean" timestamp="2025-10-28T13:03:41Z" hostname="runnervmwhb2z" tests="22" skipped="0" failures="0" errors="0" time="0.333">
    <testcase time="0.307000000000244" classname="ds.tapply_smk_fun_mean" name="simplest_ds.tapply_fun_mean"/>
    <testcase time="0.000999999999748979" classname="ds.tapply_smk_fun_mean" name="simplest_ds.tapply_fun_mean"/>
    <testcase time="0.00199999999995271" classname="ds.tapply_smk_fun_mean" name="simplest_ds.tapply_fun_mean"/>
    <testcase time="0.00100000000020373" classname="ds.tapply_smk_fun_mean" name="simplest_ds.tapply_fun_mean"/>
    <testcase time="0.00100000000020373" classname="ds.tapply_smk_fun_mean" name="simplest_ds.tapply_fun_mean"/>
    <testcase time="0.000999999999748979" classname="ds.tapply_smk_fun_mean" name="simplest_ds.tapply_fun_mean"/>
    <testcase time="0.00100000000020373" classname="ds.tapply_smk_fun_mean" name="simplest_ds.tapply_fun_mean"/>
    <testcase time="0.00199999999995271" classname="ds.tapply_smk_fun_mean" name="simplest_ds.tapply_fun_mean"/>
    <testcase time="0.000999999999748979" classname="ds.tapply_smk_fun_mean" name="simplest_ds.tapply_fun_mean"/>
    <testcase time="0.00100000000020373" classname="ds.tapply_smk_fun_mean" name="simplest_ds.tapply_fun_mean"/>
    <testcase time="0.000999999999748979" classname="ds.tapply_smk_fun_mean" name="simplest_ds.tapply_fun_mean"/>
    <testcase time="0.00199999999995271" classname="ds.tapply_smk_fun_mean" name="simplest_ds.tapply_fun_mean"/>
    <testcase time="0.00100000000020373" classname="ds.tapply_smk_fun_mean" name="simplest_ds.tapply_fun_mean"/>
    <testcase time="0.00100000000020373" classname="ds.tapply_smk_fun_mean" name="simplest_ds.tapply_fun_mean"/>
    <testcase time="0.000999999999748979" classname="ds.tapply_smk_fun_mean" name="simplest_ds.tapply_fun_mean"/>
    <testcase time="0.00100000000020373" classname="ds.tapply_smk_fun_mean" name="simplest_ds.tapply_fun_mean"/>
    <testcase time="0.00199999999995271" classname="ds.tapply_smk_fun_mean" name="simplest_ds.tapply_fun_mean"/>
    <testcase time="0.000999999999748979" classname="ds.tapply_smk_fun_mean" name="simplest_ds.tapply_fun_mean"/>
    <testcase time="0.00100000000020373" classname="ds.tapply_smk_fun_mean" name="simplest_ds.tapply_fun_mean"/>
    <testcase time="0.000999999999748979" classname="ds.tapply_smk_fun_mean" name="simplest_ds.tapply_fun_mean"/>
    <testcase time="0.00200000000040745" classname="ds.tapply_smk_fun_mean" name="simplest_ds.tapply_fun_mean"/>
    <testcase time="0.000999999999748979" classname="ds.tapply_smk_fun_mean" name="simplest_ds.tapply_fun_mean"/>
  </testsuite>
  <testsuite name="ds.tapply::smk::fun=sd" timestamp="2025-10-28T13:03:41Z" hostname="runnervmwhb2z" tests="22" skipped="0" failures="0" errors="0" time="0.159">
    <testcase time="0.134000000000015" classname="ds.tapply_smk_fun_sd" name="simplest_ds.tapply_fun_sd"/>
    <testcase time="0.00100000000020373" classname="ds.tapply_smk_fun_sd" name="simplest_ds.tapply_fun_sd"/>
    <testcase time="0.000999999999748979" classname="ds.tapply_smk_fun_sd" name="simplest_ds.tapply_fun_sd"/>
    <testcase time="0.00100000000020373" classname="ds.tapply_smk_fun_sd" name="simplest_ds.tapply_fun_sd"/>
    <testcase time="0.000999999999748979" classname="ds.tapply_smk_fun_sd" name="simplest_ds.tapply_fun_sd"/>
    <testcase time="0.00199999999995271" classname="ds.tapply_smk_fun_sd" name="simplest_ds.tapply_fun_sd"/>
    <testcase time="0.00100000000020373" classname="ds.tapply_smk_fun_sd" name="simplest_ds.tapply_fun_sd"/>
    <testcase time="0.000999999999748979" classname="ds.tapply_smk_fun_sd" name="simplest_ds.tapply_fun_sd"/>
    <testcase time="0.00100000000020373" classname="ds.tapply_smk_fun_sd" name="simplest_ds.tapply_fun_sd"/>
    <testcase time="0.00100000000020373" classname="ds.tapply_smk_fun_sd" name="simplest_ds.tapply_fun_sd"/>
    <testcase time="0.00199999999995271" classname="ds.tapply_smk_fun_sd" name="simplest_ds.tapply_fun_sd"/>
    <testcase time="0.000999999999748979" classname="ds.tapply_smk_fun_sd" name="simplest_ds.tapply_fun_sd"/>
    <testcase time="0.00100000000020373" classname="ds.tapply_smk_fun_sd" name="simplest_ds.tapply_fun_sd"/>
    <testcase time="0.000999999999748979" classname="ds.tapply_smk_fun_sd" name="simplest_ds.tapply_fun_sd"/>
    <testcase time="0.00100000000020373" classname="ds.tapply_smk_fun_sd" name="simplest_ds.tapply_fun_sd"/>
    <testcase time="0.000999999999748979" classname="ds.tapply_smk_fun_sd" name="simplest_ds.tapply_fun_sd"/>
    <testcase time="0.00200000000040745" classname="ds.tapply_smk_fun_sd" name="simplest_ds.tapply_fun_sd"/>
    <testcase time="0.000999999999748979" classname="ds.tapply_smk_fun_sd" name="simplest_ds.tapply_fun_sd"/>
    <testcase time="0.00100000000020373" classname="ds.tapply_smk_fun_sd" name="simplest_ds.tapply_fun_sd"/>
    <testcase time="0.000999999999748979" classname="ds.tapply_smk_fun_sd" name="simplest_ds.tapply_fun_sd"/>
    <testcase time="0.00199999999995271" classname="ds.tapply_smk_fun_sd" name="simplest_ds.tapply_fun_sd"/>
    <testcase time="0.00100000000020373" classname="ds.tapply_smk_fun_sd" name="simplest_ds.tapply_fun_sd"/>
  </testsuite>
  <testsuite name="ds.tapply::smk::fun=sum" timestamp="2025-10-28T13:03:41Z" hostname="runnervmwhb2z" tests="22" skipped="0" failures="0" errors="0" time="0.148">
    <testcase time="0.123000000000047" classname="ds.tapply_smk_fun_sum" name="simplest_ds.tapply_fun_sum"/>
    <testcase time="0.000999999999748979" classname="ds.tapply_smk_fun_sum" name="simplest_ds.tapply_fun_sum"/>
    <testcase time="0.00100000000020373" classname="ds.tapply_smk_fun_sum" name="simplest_ds.tapply_fun_sum"/>
    <testcase time="0.00199999999995271" classname="ds.tapply_smk_fun_sum" name="simplest_ds.tapply_fun_sum"/>
    <testcase time="0.00100000000020373" classname="ds.tapply_smk_fun_sum" name="simplest_ds.tapply_fun_sum"/>
    <testcase time="0.000999999999748979" classname="ds.tapply_smk_fun_sum" name="simplest_ds.tapply_fun_sum"/>
    <testcase time="0.00100000000020373" classname="ds.tapply_smk_fun_sum" name="simplest_ds.tapply_fun_sum"/>
    <testcase time="0.000999999999748979" classname="ds.tapply_smk_fun_sum" name="simplest_ds.tapply_fun_sum"/>
    <testcase time="0.00199999999995271" classname="ds.tapply_smk_fun_sum" name="simplest_ds.tapply_fun_sum"/>
    <testcase time="0.00100000000020373" classname="ds.tapply_smk_fun_sum" name="simplest_ds.tapply_fun_sum"/>
    <testcase time="0.000999999999748979" classname="ds.tapply_smk_fun_sum" name="simplest_ds.tapply_fun_sum"/>
    <testcase time="0.00100000000020373" classname="ds.tapply_smk_fun_sum" name="simplest_ds.tapply_fun_sum"/>
    <testcase time="0.000999999999748979" classname="ds.tapply_smk_fun_sum" name="simplest_ds.tapply_fun_sum"/>
    <testcase time="0.00100000000020373" classname="ds.tapply_smk_fun_sum" name="simplest_ds.tapply_fun_sum"/>
    <testcase time="0.00199999999995271" classname="ds.tapply_smk_fun_sum" name="simplest_ds.tapply_fun_sum"/>
    <testcase time="0.00100000000020373" classname="ds.tapply_smk_fun_sum" name="simplest_ds.tapply_fun_sum"/>
    <testcase time="0.000999999999748979" classname="ds.tapply_smk_fun_sum" name="simplest_ds.tapply_fun_sum"/>
    <testcase time="0.00100000000020373" classname="ds.tapply_smk_fun_sum" name="simplest_ds.tapply_fun_sum"/>
    <testcase time="0.00199999999995271" classname="ds.tapply_smk_fun_sum" name="simplest_ds.tapply_fun_sum"/>
    <testcase time="0.000999999999748979" classname="ds.tapply_smk_fun_sum" name="simplest_ds.tapply_fun_sum"/>
    <testcase time="0.00100000000020373" classname="ds.tapply_smk_fun_sum" name="simplest_ds.tapply_fun_sum"/>
    <testcase time="0.00100000000020373" classname="ds.tapply_smk_fun_sum" name="simplest_ds.tapply_fun_sum"/>
  </testsuite>
  <testsuite name="ds.tapply::smk::fun=quantile" timestamp="2025-10-28T13:03:41Z" hostname="runnervmwhb2z" tests="10" skipped="0" failures="0" errors="0" time="0.141">
    <testcase time="0.129999999999654" classname="ds.tapply_smk_fun_quantile" name="simplest_ds.tapply_fun_quantile"/>
    <testcase time="0.00199999999995271" classname="ds.tapply_smk_fun_quantile" name="simplest_ds.tapply_fun_quantile"/>
    <testcase time="0.00100000000020373" classname="ds.tapply_smk_fun_quantile" name="simplest_ds.tapply_fun_quantile"/>
    <testcase time="0.00100000000020373" classname="ds.tapply_smk_fun_quantile" name="simplest_ds.tapply_fun_quantile"/>
    <testcase time="0.000999999999748979" classname="ds.tapply_smk_fun_quantile" name="simplest_ds.tapply_fun_quantile"/>
    <testcase time="0.00100000000020373" classname="ds.tapply_smk_fun_quantile" name="simplest_ds.tapply_fun_quantile"/>
    <testcase time="0.000999999999748979" classname="ds.tapply_smk_fun_quantile" name="simplest_ds.tapply_fun_quantile"/>
    <testcase time="0.00100000000020373" classname="ds.tapply_smk_fun_quantile" name="simplest_ds.tapply_fun_quantile"/>
    <testcase time="0.000999999999748979" classname="ds.tapply_smk_fun_quantile" name="simplest_ds.tapply_fun_quantile"/>
    <testcase time="0.00199999999995271" classname="ds.tapply_smk_fun_quantile" name="simplest_ds.tapply_fun_quantile"/>
  </testsuite>
  <testsuite name="ds.tapply::smk::shutdown" timestamp="2025-10-28T13:03:41Z" hostname="runnervmwhb2z" tests="3" skipped="0" failures="0" errors="0" time="0.056">
    <testcase time="0.0530000000003383" classname="ds.tapply_smk_shutdown" name="shutdown"/>
    <testcase time="0.00199999999995271" classname="ds.tapply_smk_shutdown" name="shutdown"/>
    <testcase time="0.000999999999748979" classname="ds.tapply_smk_shutdown" name="shutdown"/>
  </testsuite>
  <testsuite name="ds.tapply::smk::done" timestamp="2025-10-28T13:03:42Z" hostname="runnervmwhb2z" tests="0" skipped="0" failures="0" errors="0" time="0"/>
  <testsuite name="smk-ds.testObjExists-discordant" timestamp="2025-10-28T13:03:42Z" hostname="runnervmwhb2z" tests="0" skipped="0" failures="0" errors="0" time="0"/>
  <testsuite name="ds.testObjExists::smk::setup" timestamp="2025-10-28T13:03:42Z" hostname="runnervmwhb2z" tests="3" skipped="0" failures="0" errors="0" time="7.321">
    <testcase time="7.31899999999996" classname="ds.testObjExists_smk_setup" name="setup"/>
    <testcase time="0.00100000000020373" classname="ds.testObjExists_smk_setup" name="setup"/>
    <testcase time="0.00100000000020373" classname="ds.testObjExists_smk_setup" name="setup"/>
  </testsuite>
  <testsuite name="ds.testObjExists::smk::discordant" timestamp="2025-10-28T13:03:49Z" hostname="runnervmwhb2z" tests="20" skipped="0" failures="0" errors="0" time="0.163">
    <testcase time="0.0919999999996435" classname="ds.testObjExists_smk_discordant" name="simple_testObjExists_discordant"/>
    <testcase time="0.00100000000020373" classname="ds.testObjExists_smk_discordant" name="simple_testObjExists_discordant"/>
    <testcase time="0.0419999999999163" classname="ds.testObjExists_smk_discordant" name="data.frame_testObjExists_discordant"/>
    <testcase time="0.00100000000020373" classname="ds.testObjExists_smk_discordant" name="data.frame_testObjExists_discordant"/>
    <testcase time="0.000999999999748979" classname="ds.testObjExists_smk_discordant" name="data.frame_testObjExists_discordant"/>
    <testcase time="0.00300000000015643" classname="ds.testObjExists_smk_discordant" name="data.frame_testObjExists_discordant"/>
    <testcase time="0.00199999999995271" classname="ds.testObjExists_smk_discordant" name="data.frame_testObjExists_discordant"/>
    <testcase time="0.000999999999748979" classname="ds.testObjExists_smk_discordant" name="data.frame_testObjExists_discordant"/>
    <testcase time="0.00300000000015643" classname="ds.testObjExists_smk_discordant" name="data.frame_testObjExists_discordant"/>
    <testcase time="0.00199999999995271" classname="ds.testObjExists_smk_discordant" name="data.frame_testObjExists_discordant"/>
    <testcase time="0.00199999999995271" classname="ds.testObjExists_smk_discordant" name="data.frame_testObjExists_discordant"/>
    <testcase time="0.00199999999995271" classname="ds.testObjExists_smk_discordant" name="data.frame_testObjExists_discordant"/>
    <testcase time="0.00300000000015643" classname="ds.testObjExists_smk_discordant" name="data.frame_testObjExists_discordant"/>
    <testcase time="0.00100000000020373" classname="ds.testObjExists_smk_discordant" name="data.frame_testObjExists_discordant"/>
    <testcase time="0.000999999999748979" classname="ds.testObjExists_smk_discordant" name="data.frame_testObjExists_discordant"/>
    <testcase time="0.00100000000020373" classname="ds.testObjExists_smk_discordant" name="data.frame_testObjExists_discordant"/>
    <testcase time="0.00199999999995271" classname="ds.testObjExists_smk_discordant" name="data.frame_testObjExists_discordant"/>
    <testcase time="0.000999999999748979" classname="ds.testObjExists_smk_discordant" name="data.frame_testObjExists_discordant"/>
    <testcase time="0.00100000000020373" classname="ds.testObjExists_smk_discordant" name="data.frame_testObjExists_discordant"/>
    <testcase time="0.000999999999748979" classname="ds.testObjExists_smk_discordant" name="data.frame_testObjExists_discordant"/>
  </testsuite>
  <testsuite name="ds.testObjExists::smk::shutdown" timestamp="2025-10-28T13:03:49Z" hostname="runnervmwhb2z" tests="3" skipped="0" failures="0" errors="0" time="0.051">
    <testcase time="0.0480000000002292" classname="ds.testObjExists_smk_shutdown" name="shutdown"/>
    <testcase time="0.00100000000020373" classname="ds.testObjExists_smk_shutdown" name="shutdown"/>
    <testcase time="0.00199999999995271" classname="ds.testObjExists_smk_shutdown" name="shutdown"/>
  </testsuite>
  <testsuite name="ds.testObjExists::smk::done" timestamp="2025-10-28T13:03:49Z" hostname="runnervmwhb2z" tests="0" skipped="0" failures="0" errors="0" time="0"/>
  <testsuite name="smk-ds.testObjExists" timestamp="2025-10-28T13:03:49Z" hostname="runnervmwhb2z" tests="0" skipped="0" failures="0" errors="0" time="0"/>
  <testsuite name="ds.testObjExists::smk::setup" timestamp="2025-10-28T13:03:49Z" hostname="runnervmwhb2z" tests="3" skipped="0" failures="0" errors="0" time="7.3">
    <testcase time="7.29799999999977" classname="ds.testObjExists_smk_setup" name="setup"/>
    <testcase time="0.00100000000020373" classname="ds.testObjExists_smk_setup" name="setup"/>
    <testcase time="0.000999999999748979" classname="ds.testObjExists_smk_setup" name="setup"/>
  </testsuite>
  <testsuite name="ds.testObjExists::smk" timestamp="2025-10-28T13:03:56Z" hostname="runnervmwhb2z" tests="40" skipped="0" failures="0" errors="0" time="0.441">
    <testcase time="0.0460000000002765" classname="ds.testObjExists_smk" name="simple_testObjExists"/>
    <testcase time="0.000999999999748979" classname="ds.testObjExists_smk" name="simple_testObjExists"/>
    <testcase time="0.244999999999891" classname="ds.testObjExists_smk" name="data.frame_testObjExists"/>
    <testcase time="0.00100000000020373" classname="ds.testObjExists_smk" name="data.frame_testObjExists"/>
    <testcase time="0.0410000000001673" classname="ds.testObjExists_smk" name="data.frame_testObjExists"/>
    <testcase time="0.000999999999748979" classname="ds.testObjExists_smk" name="data.frame_testObjExists"/>
    <testcase time="0.00199999999995271" classname="ds.testObjExists_smk" name="data.frame_testObjExists"/>
    <testcase time="0.00199999999995271" classname="ds.testObjExists_smk" name="data.frame_testObjExists"/>
    <testcase time="0.00300000000015643" classname="ds.testObjExists_smk" name="data.frame_testObjExists"/>
    <testcase time="0.00100000000020373" classname="ds.testObjExists_smk" name="data.frame_testObjExists"/>
    <testcase time="0.00299999999970169" classname="ds.testObjExists_smk" name="data.frame_testObjExists"/>
    <testcase time="0.0100000000002183" classname="ds.testObjExists_smk" name="data.frame_testObjExists"/>
    <testcase time="0.000999999999748979" classname="ds.testObjExists_smk" name="data.frame_testObjExists"/>
    <testcase time="0.00300000000015643" classname="ds.testObjExists_smk" name="data.frame_testObjExists"/>
    <testcase time="0.00199999999995271" classname="ds.testObjExists_smk" name="data.frame_testObjExists"/>
    <testcase time="0.00100000000020373" classname="ds.testObjExists_smk" name="data.frame_testObjExists"/>
    <testcase time="0.00199999999995271" classname="ds.testObjExists_smk" name="data.frame_testObjExists"/>
    <testcase time="0.000999999999748979" classname="ds.testObjExists_smk" name="data.frame_testObjExists"/>
    <testcase time="0.00100000000020373" classname="ds.testObjExists_smk" name="data.frame_testObjExists"/>
    <testcase time="0.000999999999748979" classname="ds.testObjExists_smk" name="data.frame_testObjExists"/>
    <testcase time="0.00100000000020373" classname="ds.testObjExists_smk" name="data.frame_testObjExists"/>
    <testcase time="0.000999999999748979" classname="ds.testObjExists_smk" name="data.frame_testObjExists"/>
    <testcase time="0.0420000000003711" classname="ds.testObjExists_smk" name="data.frame_testObjExists"/>
    <testcase time="0.000999999999748979" classname="ds.testObjExists_smk" name="data.frame_testObjExists"/>
    <testcase time="0.00100000000020373" classname="ds.testObjExists_smk" name="data.frame_testObjExists"/>
    <testcase time="0.00299999999970169" classname="ds.testObjExists_smk" name="data.frame_testObjExists"/>
    <testcase time="0.00300000000015643" classname="ds.testObjExists_smk" name="data.frame_testObjExists"/>
    <testcase time="0.00100000000020373" classname="ds.testObjExists_smk" name="data.frame_testObjExists"/>
    <testcase time="0.00299999999970169" classname="ds.testObjExists_smk" name="data.frame_testObjExists"/>
    <testcase time="0.00199999999995271" classname="ds.testObjExists_smk" name="data.frame_testObjExists"/>
    <testcase time="0.00100000000020373" classname="ds.testObjExists_smk" name="data.frame_testObjExists"/>
    <testcase time="0.00300000000015643" classname="ds.testObjExists_smk" name="data.frame_testObjExists"/>
    <testcase time="0.00299999999970169" classname="ds.testObjExists_smk" name="data.frame_testObjExists"/>
    <testcase time="0.00100000000020373" classname="ds.testObjExists_smk" name="data.frame_testObjExists"/>
    <testcase time="0.000999999999748979" classname="ds.testObjExists_smk" name="data.frame_testObjExists"/>
    <testcase time="0.00100000000020373" classname="ds.testObjExists_smk" name="data.frame_testObjExists"/>
    <testcase time="0.000999999999748979" classname="ds.testObjExists_smk" name="data.frame_testObjExists"/>
    <testcase time="0.00200000000040745" classname="ds.testObjExists_smk" name="data.frame_testObjExists"/>
    <testcase time="0.000999999999748979" classname="ds.testObjExists_smk" name="data.frame_testObjExists"/>
    <testcase time="0.00100000000020373" classname="ds.testObjExists_smk" name="data.frame_testObjExists"/>
  </testsuite>
  <testsuite name="ds.testObjExists::smk::shutdown" timestamp="2025-10-28T13:03:57Z" hostname="runnervmwhb2z" tests="3" skipped="0" failures="0" errors="0" time="0.05">
    <testcase time="0.0470000000000255" classname="ds.testObjExists_smk_shutdown" name="shutdown"/>
    <testcase time="0.00199999999995271" classname="ds.testObjExists_smk_shutdown" name="shutdown"/>
    <testcase time="0.000999999999748979" classname="ds.testObjExists_smk_shutdown" name="shutdown"/>
  </testsuite>
  <testsuite name="ds.testObjExists::smk::done" timestamp="2025-10-28T13:03:57Z" hostname="runnervmwhb2z" tests="0" skipped="0" failures="0" errors="0" time="0"/>
  <testsuite name="smk-ds.unique" timestamp="2025-10-28T13:03:57Z" hostname="runnervmwhb2z" tests="0" skipped="0" failures="0" errors="0" time="0"/>
  <testsuite name="ds.unique::smk::setup" timestamp="2025-10-28T13:03:57Z" hostname="runnervmwhb2z" tests="3" skipped="0" failures="0" errors="0" time="7.318">
    <testcase time="7.31500000000005" classname="ds.unique_smk_setup" name="setup"/>
    <testcase time="0.00100000000020373" classname="ds.unique_smk_setup" name="setup"/>
    <testcase time="0.00199999999995271" classname="ds.unique_smk_setup" name="setup"/>
  </testsuite>
  <testsuite name="ds.unique::smk::simple test" timestamp="2025-10-28T13:04:04Z" hostname="runnervmwhb2z" tests="11" skipped="0" failures="0" errors="0" time="0.187">
    <testcase time="0.0459999999998217" classname="ds.unique_smk_simple_test" name="simple_test"/>
    <testcase time="0.00100000000020373" classname="ds.unique_smk_simple_test" name="simple_test"/>
    <testcase time="0.00199999999995271" classname="ds.unique_smk_simple_test" name="simple_test"/>
    <testcase time="0.000999999999748979" classname="ds.unique_smk_simple_test" name="simple_test"/>
    <testcase time="0.00100000000020373" classname="ds.unique_smk_simple_test" name="simple_test"/>
    <testcase time="0.0909999999998945" classname="ds.unique_smk_simple_test" name="simple_test"/>
    <testcase time="0.0399999999999636" classname="ds.unique_smk_simple_test" name="simple_test"/>
    <testcase time="0.00100000000020373" classname="ds.unique_smk_simple_test" name="simple_test"/>
    <testcase time="0.00199999999995271" classname="ds.unique_smk_simple_test" name="simple_test"/>
    <testcase time="0.000999999999748979" classname="ds.unique_smk_simple_test" name="simple_test"/>
    <testcase time="0.00100000000020373" classname="ds.unique_smk_simple_test" name="simple_test"/>
  </testsuite>
  <testsuite name="ds.unique::smk::shutdown" timestamp="2025-10-28T13:04:04Z" hostname="runnervmwhb2z" tests="3" skipped="0" failures="0" errors="0" time="0.051">
    <testcase time="0.0480000000002292" classname="ds.unique_smk_shutdown" name="shutdown"/>
    <testcase time="0.00199999999995271" classname="ds.unique_smk_shutdown" name="shutdown"/>
    <testcase time="0.000999999999748979" classname="ds.unique_smk_shutdown" name="shutdown"/>
  </testsuite>
  <testsuite name="ds.unique::smk::done" timestamp="2025-10-28T13:04:05Z" hostname="runnervmwhb2z" tests="0" skipped="0" failures="0" errors="0" time="0"/>
  <testsuite name="smk-ds.unList" timestamp="2025-10-28T13:04:05Z" hostname="runnervmwhb2z" tests="0" skipped="0" failures="0" errors="0" time="0"/>
  <testsuite name="ds.unList::smk::setup" timestamp="2025-10-28T13:04:05Z" hostname="runnervmwhb2z" tests="3" skipped="0" failures="0" errors="0" time="7.347">
    <testcase time="7.34500000000025" classname="ds.unList_smk_setup" name="setup"/>
    <testcase time="0.000999999999748979" classname="ds.unList_smk_setup" name="setup"/>
    <testcase time="0.00100000000020373" classname="ds.unList_smk_setup" name="setup"/>
  </testsuite>
  <testsuite name="ds.unList::smk::simple test" timestamp="2025-10-28T13:04:12Z" hostname="runnervmwhb2z" tests="3" skipped="0" failures="0" errors="0" time="0.377">
    <testcase time="0.373999999999796" classname="ds.unList_smk_simple_test" name="simple_test"/>
    <testcase time="0.00199999999995271" classname="ds.unList_smk_simple_test" name="simple_test"/>
    <testcase time="0.00100000000020373" classname="ds.unList_smk_simple_test" name="simple_test"/>
  </testsuite>
  <testsuite name="ds.unList::smk::shutdown" timestamp="2025-10-28T13:04:12Z" hostname="runnervmwhb2z" tests="3" skipped="0" failures="0" errors="0" time="0.058">
    <testcase time="0.0549999999998363" classname="ds.unList_smk_shutdown" name="shutdown"/>
    <testcase time="0.00199999999995271" classname="ds.unList_smk_shutdown" name="shutdown"/>
    <testcase time="0.00100000000020373" classname="ds.unList_smk_shutdown" name="shutdown"/>
  </testsuite>
  <testsuite name="ds.unList::smk::done" timestamp="2025-10-28T13:04:12Z" hostname="runnervmwhb2z" tests="0" skipped="0" failures="0" errors="0" time="0"/>
  <testsuite name="smk-ds.var" timestamp="2025-10-28T13:04:12Z" hostname="runnervmwhb2z" tests="0" skipped="0" failures="0" errors="0" time="0"/>
  <testsuite name="ds.var::smk::setup" timestamp="2025-10-28T13:04:12Z" hostname="runnervmwhb2z" tests="3" skipped="0" failures="0" errors="0" time="7.363">
    <testcase time="7.36000000000013" classname="ds.var_smk_setup" name="setup"/>
    <testcase time="0.00199999999995271" classname="ds.var_smk_setup" name="setup"/>
    <testcase time="0.000999999999748979" classname="ds.var_smk_setup" name="setup"/>
  </testsuite>
  <testsuite name="ds.var::smk::split" timestamp="2025-10-28T13:04:19Z" hostname="runnervmwhb2z" tests="19" skipped="0" failures="0" errors="0" time="0.106">
    <testcase time="0.0830000000000837" classname="ds.var_smk_split" name="simple_var_split"/>
    <testcase time="0.00199999999995271" classname="ds.var_smk_split" name="simple_var_split"/>
    <testcase time="0.00100000000020373" classname="ds.var_smk_split" name="simple_var_split"/>
    <testcase time="0.000999999999748979" classname="ds.var_smk_split" name="simple_var_split"/>
    <testcase time="0.00100000000020373" classname="ds.var_smk_split" name="simple_var_split"/>
    <testcase time="0.000999999999748979" classname="ds.var_smk_split" name="simple_var_split"/>
    <testcase time="0.00199999999995271" classname="ds.var_smk_split" name="simple_var_split"/>
    <testcase time="0.00100000000020373" classname="ds.var_smk_split" name="simple_var_split"/>
    <testcase time="0.00100000000020373" classname="ds.var_smk_split" name="simple_var_split"/>
    <testcase time="0.000999999999748979" classname="ds.var_smk_split" name="simple_var_split"/>
    <testcase time="0.00199999999995271" classname="ds.var_smk_split" name="simple_var_split"/>
    <testcase time="0.00100000000020373" classname="ds.var_smk_split" name="simple_var_split"/>
    <testcase time="0.000999999999748979" classname="ds.var_smk_split" name="simple_var_split"/>
    <testcase time="0.00100000000020373" classname="ds.var_smk_split" name="simple_var_split"/>
    <testcase time="0.00199999999995271" classname="ds.var_smk_split" name="simple_var_split"/>
    <testcase time="0.00100000000020373" classname="ds.var_smk_split" name="simple_var_split"/>
    <testcase time="0.000999999999748979" classname="ds.var_smk_split" name="simple_var_split"/>
    <testcase time="0.00100000000020373" classname="ds.var_smk_split" name="simple_var_split"/>
    <testcase time="0.00199999999995271" classname="ds.var_smk_split" name="simple_var_split"/>
  </testsuite>
  <testsuite name="ds.var::smk::combine" timestamp="2025-10-28T13:04:20Z" hostname="runnervmwhb2z" tests="11" skipped="0" failures="0" errors="0" time="0.096">
    <testcase time="0.0839999999998327" classname="ds.var_smk_combine" name="simple_var_combine"/>
    <testcase time="0.00100000000020373" classname="ds.var_smk_combine" name="simple_var_combine"/>
    <testcase time="0.00199999999995271" classname="ds.var_smk_combine" name="simple_var_combine"/>
    <testcase time="0.000999999999748979" classname="ds.var_smk_combine" name="simple_var_combine"/>
    <testcase time="0.00100000000020373" classname="ds.var_smk_combine" name="simple_var_combine"/>
    <testcase time="0.000999999999748979" classname="ds.var_smk_combine" name="simple_var_combine"/>
    <testcase time="0.00200000000040745" classname="ds.var_smk_combine" name="simple_var_combine"/>
    <testcase time="0.000999999999748979" classname="ds.var_smk_combine" name="simple_var_combine"/>
    <testcase time="0.00100000000020373" classname="ds.var_smk_combine" name="simple_var_combine"/>
    <testcase time="0.000999999999748979" classname="ds.var_smk_combine" name="simple_var_combine"/>
    <testcase time="0.00100000000020373" classname="ds.var_smk_combine" name="simple_var_combine"/>
  </testsuite>
  <testsuite name="ds.var::smk::both" timestamp="2025-10-28T13:04:20Z" hostname="runnervmwhb2z" tests="24" skipped="0" failures="0" errors="0" time="0.122">
    <testcase time="0.0869999999999891" classname="ds.var_smk_both" name="simple_var_both"/>
    <testcase time="0.000999999999748979" classname="ds.var_smk_both" name="simple_var_both"/>
    <testcase time="0.00100000000020373" classname="ds.var_smk_both" name="simple_var_both"/>
    <testcase time="0.00199999999995271" classname="ds.var_smk_both" name="simple_var_both"/>
    <testcase time="0.00100000000020373" classname="ds.var_smk_both" name="simple_var_both"/>
    <testcase time="0.000999999999748979" classname="ds.var_smk_both" name="simple_var_both"/>
    <testcase time="0.00199999999995271" classname="ds.var_smk_both" name="simple_var_both"/>
    <testcase time="0.00100000000020373" classname="ds.var_smk_both" name="simple_var_both"/>
    <testcase time="0.000999999999748979" classname="ds.var_smk_both" name="simple_var_both"/>
    <testcase time="0.00100000000020373" classname="ds.var_smk_both" name="simple_var_both"/>
    <testcase time="0.00199999999995271" classname="ds.var_smk_both" name="simple_var_both"/>
    <testcase time="0.000999999999748979" classname="ds.var_smk_both" name="simple_var_both"/>
    <testcase time="0.00800000000026557" classname="ds.var_smk_both" name="simple_var_both"/>
    <testcase time="0.00199999999995271" classname="ds.var_smk_both" name="simple_var_both"/>
    <testcase time="0.00100000000020373" classname="ds.var_smk_both" name="simple_var_both"/>
    <testcase time="0.000999999999748979" classname="ds.var_smk_both" name="simple_var_both"/>
    <testcase time="0.00100000000020373" classname="ds.var_smk_both" name="simple_var_both"/>
    <testcase time="0.000999999999748979" classname="ds.var_smk_both" name="simple_var_both"/>
    <testcase time="0.00199999999995271" classname="ds.var_smk_both" name="simple_var_both"/>
    <testcase time="0.00100000000020373" classname="ds.var_smk_both" name="simple_var_both"/>
    <testcase time="0.000999999999748979" classname="ds.var_smk_both" name="simple_var_both"/>
    <testcase time="0.00100000000020373" classname="ds.var_smk_both" name="simple_var_both"/>
    <testcase time="0.00100000000020373" classname="ds.var_smk_both" name="simple_var_both"/>
    <testcase time="0.00100000000020373" classname="ds.var_smk_both" name="simple_var_both"/>
  </testsuite>
  <testsuite name="ds.var::smk::shutdown" timestamp="2025-10-28T13:04:20Z" hostname="runnervmwhb2z" tests="3" skipped="0" failures="0" errors="0" time="0.05">
    <testcase time="0.0479999999997744" classname="ds.var_smk_shutdown" name="shutdown"/>
    <testcase time="0.00100000000020373" classname="ds.var_smk_shutdown" name="shutdown"/>
    <testcase time="0.000999999999748979" classname="ds.var_smk_shutdown" name="shutdown"/>
  </testsuite>
  <testsuite name="ds.var::smk::done" timestamp="2025-10-28T13:04:20Z" hostname="runnervmwhb2z" tests="0" skipped="0" failures="0" errors="0" time="0"/>
  <testsuite name="smk-ds.vectorCalc" timestamp="2025-10-28T13:04:20Z" hostname="runnervmwhb2z" tests="0" skipped="0" failures="0" errors="0" time="0"/>
  <testsuite name="ds.vectorCalc::smk::setup" timestamp="2025-10-28T13:04:20Z" hostname="runnervmwhb2z" tests="3" skipped="0" failures="0" errors="0" time="7.351">
    <testcase time="7.34900000000016" classname="ds.vectorCalc_smk_setup" name="setup"/>
    <testcase time="0.000999999999748979" classname="ds.vectorCalc_smk_setup" name="setup"/>
    <testcase time="0.00100000000020373" classname="ds.vectorCalc_smk_setup" name="setup"/>
  </testsuite>
  <testsuite name="ds.vectorCalc::smk" timestamp="2025-10-28T13:04:27Z" hostname="runnervmwhb2z" tests="18" skipped="0" failures="0" errors="0" time="0.35">
    <testcase time="0.208999999999833" classname="ds.vectorCalc_smk" name="simple_test"/>
    <testcase time="0.00199999999995271" classname="ds.vectorCalc_smk" name="simple_test"/>
    <testcase time="0.0760000000000218" classname="ds.vectorCalc_smk" name="simple_test"/>
    <testcase time="0.00100000000020373" classname="ds.vectorCalc_smk" name="simple_test"/>
    <testcase time="0.000999999999748979" classname="ds.vectorCalc_smk" name="simple_test"/>
    <testcase time="0.00100000000020373" classname="ds.vectorCalc_smk" name="simple_test"/>
    <testcase time="0.00199999999995271" classname="ds.vectorCalc_smk" name="simple_test"/>
    <testcase time="0.00100000000020373" classname="ds.vectorCalc_smk" name="simple_test"/>
    <testcase time="0.000999999999748979" classname="ds.vectorCalc_smk" name="simple_test"/>
    <testcase time="0.0470000000000255" classname="ds.vectorCalc_smk" name="simple_test"/>
    <testcase time="0.00100000000020373" classname="ds.vectorCalc_smk" name="simple_test"/>
    <testcase time="0.000999999999748979" classname="ds.vectorCalc_smk" name="simple_test"/>
    <testcase time="0.00100000000020373" classname="ds.vectorCalc_smk" name="simple_test"/>
    <testcase time="0.00199999999995271" classname="ds.vectorCalc_smk" name="simple_test"/>
    <testcase time="0.00100000000020373" classname="ds.vectorCalc_smk" name="simple_test"/>
    <testcase time="0.000999999999748979" classname="ds.vectorCalc_smk" name="simple_test"/>
    <testcase time="0.00100000000020373" classname="ds.vectorCalc_smk" name="simple_test"/>
    <testcase time="0.000999999999748979" classname="ds.vectorCalc_smk" name="simple_test"/>
  </testsuite>
  <testsuite name="ds.vectorCalc::smk::shutdown" timestamp="2025-10-28T13:04:27Z" hostname="runnervmwhb2z" tests="3" skipped="0" failures="0" errors="0" time="0.049">
    <testcase time="0.0470000000000255" classname="ds.vectorCalc_smk_shutdown" name="shutdown"/>
    <testcase time="0.00100000000020373" classname="ds.vectorCalc_smk_shutdown" name="shutdown"/>
    <testcase time="0.000999999999748979" classname="ds.vectorCalc_smk_shutdown" name="shutdown"/>
  </testsuite>
  <testsuite name="ds.vectorCalc::smk::done" timestamp="2025-10-28T13:04:28Z" hostname="runnervmwhb2z" tests="0" skipped="0" failures="0" errors="0" time="0"/>
  <testsuite name="smk-isDefined" timestamp="2025-10-28T13:04:28Z" hostname="runnervmwhb2z" tests="0" skipped="0" failures="0" errors="0" time="0"/>
  <testsuite name="isDefined::smk::setup" timestamp="2025-10-28T13:04:28Z" hostname="runnervmwhb2z" tests="3" skipped="0" failures="0" errors="0" time="7.316">
    <testcase time="7.3130000000001" classname="isDefined_smk_setup" name="setup"/>
    <testcase time="0.00100000000020373" classname="isDefined_smk_setup" name="setup"/>
    <testcase time="0.00199999999995271" classname="isDefined_smk_setup" name="setup"/>
  </testsuite>
  <testsuite name="isDefined::smk::default" timestamp="2025-10-28T13:04:35Z" hostname="runnervmwhb2z" tests="25" skipped="0" failures="0" errors="0" time="0.471">
    <testcase time="0.044999999999618" classname="isDefined_smk_default" name="default_test_dataframe_D"/>
    <testcase time="0.00300000000015643" classname="isDefined_smk_default" name="default_test_dataframe_D"/>
    <testcase time="0.00100000000020373" classname="isDefined_smk_default" name="default_test_dataframe_D"/>
    <testcase time="0.00299999999970169" classname="isDefined_smk_default" name="default_test_dataframe_D"/>
    <testcase time="0.00199999999995271" classname="isDefined_smk_default" name="default_test_dataframe_D"/>
    <testcase time="0.00300000000015643" classname="isDefined_smk_default" name="default_test_dataframe_D"/>
    <testcase time="0.043999999999869" classname="isDefined_smk_default" name="default_test_dataframe_E"/>
    <testcase time="0.0760000000000218" classname="isDefined_smk_default" name="default_test_dataframe_column_E_A"/>
    <testcase time="0.00100000000020373" classname="isDefined_smk_default" name="default_test_dataframe_column_E_A"/>
    <testcase time="0.00300000000015643" classname="isDefined_smk_default" name="default_test_dataframe_column_E_A"/>
    <testcase time="0.000999999999748979" classname="isDefined_smk_default" name="default_test_dataframe_column_E_A"/>
    <testcase time="0.00100000000020373" classname="isDefined_smk_default" name="default_test_dataframe_column_E_A"/>
    <testcase time="0.000999999999748979" classname="isDefined_smk_default" name="default_test_dataframe_column_E_A"/>
    <testcase time="0.00199999999995271" classname="isDefined_smk_default" name="default_test_dataframe_column_E_A"/>
    <testcase time="0.0460000000002765" classname="isDefined_smk_default" name="default_test_dataframe_column_D_A"/>
    <testcase time="0.0450000000000728" classname="isDefined_smk_default" name="default_test_dataframe_column_D_B"/>
    <testcase time="0.0459999999998217" classname="isDefined_smk_default" name="default_test_dataframe_column_D_C"/>
    <testcase time="0.0509999999999309" classname="isDefined_smk_default" name="default_test_dataframe_column_D_D"/>
    <testcase time="0.0419999999999163" classname="isDefined_smk_default" name="default_test_dataframe_columns_D_D_B"/>
    <testcase time="0.00300000000015643" classname="isDefined_smk_default" name="default_test_dataframe_columns_D_D_B"/>
    <testcase time="0.000999999999748979" classname="isDefined_smk_default" name="default_test_dataframe_columns_D_D_B"/>
    <testcase time="0.00200000000040745" classname="isDefined_smk_default" name="default_test_dataframe_columns_D_D_B"/>
    <testcase time="0.00299999999970169" classname="isDefined_smk_default" name="default_test_dataframe_columns_D_D_B"/>
    <testcase time="0.00199999999995271" classname="isDefined_smk_default" name="default_test_dataframe_columns_D_D_B"/>
    <testcase time="0.0440000000003238" classname="isDefined_smk_default" name="default_test_dataframe_columns_D_A_D_B"/>
  </testsuite>
  <testsuite name="isDefined::smk::error.message=FALSE" timestamp="2025-10-28T13:04:35Z" hostname="runnervmwhb2z" tests="55" skipped="0" failures="0" errors="0" time="0.523">
    <testcase time="0.0470000000000255" classname="isDefined_smk_error.message_FALSE" name="error.message_FALSE_test_dataframe_D"/>
    <testcase time="0.00299999999970169" classname="isDefined_smk_error.message_FALSE" name="error.message_FALSE_test_dataframe_D"/>
    <testcase time="0.00100000000020373" classname="isDefined_smk_error.message_FALSE" name="error.message_FALSE_test_dataframe_D"/>
    <testcase time="0.00199999999995271" classname="isDefined_smk_error.message_FALSE" name="error.message_FALSE_test_dataframe_D"/>
    <testcase time="0.00300000000015643" classname="isDefined_smk_error.message_FALSE" name="error.message_FALSE_test_dataframe_D"/>
    <testcase time="0.00199999999995271" classname="isDefined_smk_error.message_FALSE" name="error.message_FALSE_test_dataframe_D"/>
    <testcase time="0.0409999999997126" classname="isDefined_smk_error.message_FALSE" name="error.message_FALSE_test_dataframe_E"/>
    <testcase time="0.00300000000015643" classname="isDefined_smk_error.message_FALSE" name="error.message_FALSE_test_dataframe_E"/>
    <testcase time="0.000999999999748979" classname="isDefined_smk_error.message_FALSE" name="error.message_FALSE_test_dataframe_E"/>
    <testcase time="0.00300000000015643" classname="isDefined_smk_error.message_FALSE" name="error.message_FALSE_test_dataframe_E"/>
    <testcase time="0.00199999999995271" classname="isDefined_smk_error.message_FALSE" name="error.message_FALSE_test_dataframe_E"/>
    <testcase time="0.00300000000015643" classname="isDefined_smk_error.message_FALSE" name="error.message_FALSE_test_dataframe_E"/>
    <testcase time="0.0779999999999745" classname="isDefined_smk_error.message_FALSE" name="error.message_FALSE_test_dataframe_column_E_A"/>
    <testcase time="0.00100000000020373" classname="isDefined_smk_error.message_FALSE" name="error.message_FALSE_test_dataframe_column_E_A"/>
    <testcase time="0.00299999999970169" classname="isDefined_smk_error.message_FALSE" name="error.message_FALSE_test_dataframe_column_E_A"/>
    <testcase time="0.00100000000020373" classname="isDefined_smk_error.message_FALSE" name="error.message_FALSE_test_dataframe_column_E_A"/>
    <testcase time="0.00100000000020373" classname="isDefined_smk_error.message_FALSE" name="error.message_FALSE_test_dataframe_column_E_A"/>
    <testcase time="0.000999999999748979" classname="isDefined_smk_error.message_FALSE" name="error.message_FALSE_test_dataframe_column_E_A"/>
    <testcase time="0.00100000000020373" classname="isDefined_smk_error.message_FALSE" name="error.message_FALSE_test_dataframe_column_E_A"/>
    <testcase time="0.0419999999999163" classname="isDefined_smk_error.message_FALSE" name="error.message_FALSE_test_dataframe_column_D_A"/>
    <testcase time="0.00300000000015643" classname="isDefined_smk_error.message_FALSE" name="error.message_FALSE_test_dataframe_column_D_A"/>
    <testcase time="0.000999999999748979" classname="isDefined_smk_error.message_FALSE" name="error.message_FALSE_test_dataframe_column_D_A"/>
    <testcase time="0.00300000000015643" classname="isDefined_smk_error.message_FALSE" name="error.message_FALSE_test_dataframe_column_D_A"/>
    <testcase time="0.00199999999995271" classname="isDefined_smk_error.message_FALSE" name="error.message_FALSE_test_dataframe_column_D_A"/>
    <testcase time="0.00300000000015643" classname="isDefined_smk_error.message_FALSE" name="error.message_FALSE_test_dataframe_column_D_A"/>
    <testcase time="0.0399999999999636" classname="isDefined_smk_error.message_FALSE" name="error.message_FALSE_test_dataframe_column_D_B"/>
    <testcase time="0.00299999999970169" classname="isDefined_smk_error.message_FALSE" name="error.message_FALSE_test_dataframe_column_D_B"/>
    <testcase time="0.00200000000040745" classname="isDefined_smk_error.message_FALSE" name="error.message_FALSE_test_dataframe_column_D_B"/>
    <testcase time="0.00199999999995271" classname="isDefined_smk_error.message_FALSE" name="error.message_FALSE_test_dataframe_column_D_B"/>
    <testcase time="0.00299999999970169" classname="isDefined_smk_error.message_FALSE" name="error.message_FALSE_test_dataframe_column_D_B"/>
    <testcase time="0.00199999999995271" classname="isDefined_smk_error.message_FALSE" name="error.message_FALSE_test_dataframe_column_D_B"/>
    <testcase time="0.0489999999999782" classname="isDefined_smk_error.message_FALSE" name="error.message_FALSE_test_dataframe_column_D_C"/>
    <testcase time="0.00200000000040745" classname="isDefined_smk_error.message_FALSE" name="error.message_FALSE_test_dataframe_column_D_C"/>
    <testcase time="0.00199999999995271" classname="isDefined_smk_error.message_FALSE" name="error.message_FALSE_test_dataframe_column_D_C"/>
    <testcase time="0.00199999999995271" classname="isDefined_smk_error.message_FALSE" name="error.message_FALSE_test_dataframe_column_D_C"/>
    <testcase time="0.00299999999970169" classname="isDefined_smk_error.message_FALSE" name="error.message_FALSE_test_dataframe_column_D_C"/>
    <testcase time="0.00300000000015643" classname="isDefined_smk_error.message_FALSE" name="error.message_FALSE_test_dataframe_column_D_C"/>
    <testcase time="0.0410000000001673" classname="isDefined_smk_error.message_FALSE" name="error.message_FALSE_test_dataframe_column_D_D"/>
    <testcase time="0.00299999999970169" classname="isDefined_smk_error.message_FALSE" name="error.message_FALSE_test_dataframe_column_D_D"/>
    <testcase time="0.00100000000020373" classname="isDefined_smk_error.message_FALSE" name="error.message_FALSE_test_dataframe_column_D_D"/>
    <testcase time="0.00300000000015643" classname="isDefined_smk_error.message_FALSE" name="error.message_FALSE_test_dataframe_column_D_D"/>
    <testcase time="0.00199999999995271" classname="isDefined_smk_error.message_FALSE" name="error.message_FALSE_test_dataframe_column_D_D"/>
    <testcase time="0.00299999999970169" classname="isDefined_smk_error.message_FALSE" name="error.message_FALSE_test_dataframe_column_D_D"/>
    <testcase time="0.0410000000001673" classname="isDefined_smk_error.message_FALSE" name="error.message_FALSE_test_dataframe_columns_D_D_B"/>
    <testcase time="0.00300000000015643" classname="isDefined_smk_error.message_FALSE" name="error.message_FALSE_test_dataframe_columns_D_D_B"/>
    <testcase time="0.000999999999748979" classname="isDefined_smk_error.message_FALSE" name="error.message_FALSE_test_dataframe_columns_D_D_B"/>
    <testcase time="0.00300000000015643" classname="isDefined_smk_error.message_FALSE" name="error.message_FALSE_test_dataframe_columns_D_D_B"/>
    <testcase time="0.00199999999995271" classname="isDefined_smk_error.message_FALSE" name="error.message_FALSE_test_dataframe_columns_D_D_B"/>
    <testcase time="0.00300000000015643" classname="isDefined_smk_error.message_FALSE" name="error.message_FALSE_test_dataframe_columns_D_D_B"/>
    <testcase time="0.0409999999997126" classname="isDefined_smk_error.message_FALSE" name="error.message_FALSE_test_dataframe_columns_D_A_D_B"/>
    <testcase time="0.00300000000015643" classname="isDefined_smk_error.message_FALSE" name="error.message_FALSE_test_dataframe_columns_D_A_D_B"/>
    <testcase time="0.000999999999748979" classname="isDefined_smk_error.message_FALSE" name="error.message_FALSE_test_dataframe_columns_D_A_D_B"/>
    <testcase time="0.00300000000015643" classname="isDefined_smk_error.message_FALSE" name="error.message_FALSE_test_dataframe_columns_D_A_D_B"/>
    <testcase time="0.00199999999995271" classname="isDefined_smk_error.message_FALSE" name="error.message_FALSE_test_dataframe_columns_D_A_D_B"/>
    <testcase time="0.00300000000015643" classname="isDefined_smk_error.message_FALSE" name="error.message_FALSE_test_dataframe_columns_D_A_D_B"/>
  </testsuite>
  <testsuite name="isDefined::smk::error.message=TRUE" timestamp="2025-10-28T13:04:36Z" hostname="runnervmwhb2z" tests="25" skipped="0" failures="0" errors="0" time="0.469">
    <testcase time="0.0470000000000255" classname="isDefined_smk_error.message_TRUE" name="error.message_TRUE_test_dataframe_D"/>
    <testcase time="0.00199999999995271" classname="isDefined_smk_error.message_TRUE" name="error.message_TRUE_test_dataframe_D"/>
    <testcase time="0.000999999999748979" classname="isDefined_smk_error.message_TRUE" name="error.message_TRUE_test_dataframe_D"/>
    <testcase time="0.00300000000015643" classname="isDefined_smk_error.message_TRUE" name="error.message_TRUE_test_dataframe_D"/>
    <testcase time="0.00300000000015643" classname="isDefined_smk_error.message_TRUE" name="error.message_TRUE_test_dataframe_D"/>
    <testcase time="0.00199999999995271" classname="isDefined_smk_error.message_TRUE" name="error.message_TRUE_test_dataframe_D"/>
    <testcase time="0.0450000000000728" classname="isDefined_smk_error.message_TRUE" name="error.message_TRUE_test_dataframe_E"/>
    <testcase time="0.0769999999997708" classname="isDefined_smk_error.message_TRUE" name="error.message_TRUE_test_dataframe_column_E_A"/>
    <testcase time="0.00100000000020373" classname="isDefined_smk_error.message_TRUE" name="error.message_TRUE_test_dataframe_column_E_A"/>
    <testcase time="0.00299999999970169" classname="isDefined_smk_error.message_TRUE" name="error.message_TRUE_test_dataframe_column_E_A"/>
    <testcase time="0.00100000000020373" classname="isDefined_smk_error.message_TRUE" name="error.message_TRUE_test_dataframe_column_E_A"/>
    <testcase time="0.00199999999995271" classname="isDefined_smk_error.message_TRUE" name="error.message_TRUE_test_dataframe_column_E_A"/>
    <testcase time="0.00100000000020373" classname="isDefined_smk_error.message_TRUE" name="error.message_TRUE_test_dataframe_column_E_A"/>
    <testcase time="0.000999999999748979" classname="isDefined_smk_error.message_TRUE" name="error.message_TRUE_test_dataframe_column_E_A"/>
    <testcase time="0.0440000000003238" classname="isDefined_smk_error.message_TRUE" name="error.message_TRUE_test_dataframe_column_D_A"/>
    <testcase time="0.0499999999997272" classname="isDefined_smk_error.message_TRUE" name="error.message_TRUE_test_dataframe_column_D_B"/>
    <testcase time="0.0450000000000728" classname="isDefined_smk_error.message_TRUE" name="error.message_TRUE_test_dataframe_column_D_C"/>
    <testcase time="0.043999999999869" classname="isDefined_smk_error.message_TRUE" name="error.message_TRUE_test_dataframe_column_D_D"/>
    <testcase time="0.0410000000001673" classname="isDefined_smk_error.message_TRUE" name="error.message_TRUE_test_dataframe_columns_D_D_B"/>
    <testcase time="0.00300000000015643" classname="isDefined_smk_error.message_TRUE" name="error.message_TRUE_test_dataframe_columns_D_D_B"/>
    <testcase time="0.000999999999748979" classname="isDefined_smk_error.message_TRUE" name="error.message_TRUE_test_dataframe_columns_D_D_B"/>
    <testcase time="0.00300000000015643" classname="isDefined_smk_error.message_TRUE" name="error.message_TRUE_test_dataframe_columns_D_D_B"/>
    <testcase time="0.00299999999970169" classname="isDefined_smk_error.message_TRUE" name="error.message_TRUE_test_dataframe_columns_D_D_B"/>
    <testcase time="0.00199999999995271" classname="isDefined_smk_error.message_TRUE" name="error.message_TRUE_test_dataframe_columns_D_D_B"/>
    <testcase time="0.0440000000003238" classname="isDefined_smk_error.message_TRUE" name="error.message_TRUE_test_dataframe_columns_D_A_D_B"/>
  </testsuite>
  <testsuite name="isDefined::smk::shutdown" timestamp="2025-10-28T13:04:36Z" hostname="runnervmwhb2z" tests="3" skipped="0" failures="0" errors="0" time="0.049">
    <testcase time="0.0459999999998217" classname="isDefined_smk_shutdown" name="shutdown"/>
    <testcase time="0.00199999999995271" classname="isDefined_smk_shutdown" name="shutdown"/>
    <testcase time="0.00100000000020373" classname="isDefined_smk_shutdown" name="shutdown"/>
  </testsuite>
  <testsuite name="isDefined::smk::done" timestamp="2025-10-28T13:04:37Z" hostname="runnervmwhb2z" tests="0" skipped="0" failures="0" errors="0" time="0"/>
</testsuites>
