<?xml version="1.0" encoding="UTF-8"?>
<testsuites>
  <testsuite name="_-vm-test" timestamp="2025-09-19T11:32:56Z" hostname="runnervmf4ws1" tests="0" skipped="0" failures="0" errors="0" time="0"/>
  <testsuite name="vm-test::_::setup" timestamp="2025-09-19T11:32:56Z" hostname="runnervmf4ws1" tests="0" skipped="0" failures="0" errors="0" time="0"/>
  <testsuite name="vm-test::_::tests::vm" timestamp="2025-09-19T11:32:57Z" hostname="runnervmf4ws1" tests="1" skipped="0" failures="0" errors="0" time="0.352">
    <testcase time="0.352000000000004" classname="vm_test___tests_vm" name="The_virtual_machine_is_loaded._"/>
  </testsuite>
  <testsuite name="vm-test::_::shutdown" timestamp="2025-09-19T11:32:57Z" hostname="runnervmf4ws1" tests="0" skipped="0" failures="0" errors="0" time="0"/>
  <testsuite name="vm-test::_::done" timestamp="2025-09-19T11:32:57Z" hostname="runnervmf4ws1" tests="0" skipped="0" failures="0" errors="0" time="0"/>
  <testsuite name="arg-ds.asCharacter" timestamp="2025-09-19T11:32:57Z" hostname="runnervmf4ws1" tests="0" skipped="0" failures="0" errors="0" time="0"/>
  <testsuite name="ds.asCharacter::arg::test errors" timestamp="2025-09-19T11:33:11Z" hostname="runnervmf4ws1" tests="1" skipped="0" failures="0" errors="0" time="14.229">
    <testcase time="14.229" classname="ds.asCharacter_arg_test_errors" name="asCharacter_erros"/>
  </testsuite>
  <testsuite name="arg-ds.asDataMatrix" timestamp="2025-09-19T11:33:11Z" hostname="runnervmf4ws1" tests="0" skipped="0" failures="0" errors="0" time="0"/>
  <testsuite name="ds.asDataMatrix::arg::test errors" timestamp="2025-09-19T11:33:19Z" hostname="runnervmf4ws1" tests="1" skipped="0" failures="0" errors="0" time="7.705">
    <testcase time="7.70500000000001" classname="ds.asDataMatrix_arg_test_errors" name="asDataMatrix_erros"/>
  </testsuite>
  <testsuite name="arg-ds.asFactor" timestamp="2025-09-19T11:33:19Z" hostname="runnervmf4ws1" tests="0" skipped="0" failures="0" errors="0" time="0"/>
  <testsuite name="ds.asFactor::arg::test errors" timestamp="2025-09-19T11:33:26Z" hostname="runnervmf4ws1" tests="3" skipped="0" failures="0" errors="0" time="7.619">
    <testcase time="7.56299999999999" classname="ds.asFactor_arg_test_errors" name="asFactor_erros"/>
    <testcase time="0.0510000000000161" classname="ds.asFactor_arg_test_errors" name="asFactor_erros"/>
    <testcase time="0.00499999999999545" classname="ds.asFactor_arg_test_errors" name="asFactor_erros"/>
  </testsuite>
  <testsuite name="arg-ds.asInteger" timestamp="2025-09-19T11:33:27Z" hostname="runnervmf4ws1" tests="0" skipped="0" failures="0" errors="0" time="0"/>
  <testsuite name="ds.asInteger::arg::test errors" timestamp="2025-09-19T11:33:34Z" hostname="runnervmf4ws1" tests="1" skipped="0" failures="0" errors="0" time="7.579">
    <testcase time="7.57899999999998" classname="ds.asInteger_arg_test_errors" name="asInteger_erros"/>
  </testsuite>
  <testsuite name="arg-ds.asList" timestamp="2025-09-19T11:33:34Z" hostname="runnervmf4ws1" tests="0" skipped="0" failures="0" errors="0" time="0"/>
  <testsuite name="ds.asList::arg::test errors" timestamp="2025-09-19T11:33:42Z" hostname="runnervmf4ws1" tests="1" skipped="0" failures="0" errors="0" time="7.561">
    <testcase time="7.56100000000001" classname="ds.asList_arg_test_errors" name="asList_erros"/>
  </testsuite>
  <testsuite name="arg-ds.asLogical" timestamp="2025-09-19T11:33:42Z" hostname="runnervmf4ws1" tests="0" skipped="0" failures="0" errors="0" time="0"/>
  <testsuite name="ds.asLogical::arg::test errors" timestamp="2025-09-19T11:33:49Z" hostname="runnervmf4ws1" tests="1" skipped="0" failures="0" errors="0" time="7.584">
    <testcase time="7.584" classname="ds.asLogical_arg_test_errors" name="asLogical_erros"/>
  </testsuite>
  <testsuite name="arg-ds.asMatrix" timestamp="2025-09-19T11:33:49Z" hostname="runnervmf4ws1" tests="0" skipped="0" failures="0" errors="0" time="0"/>
  <testsuite name="ds.asMatrix::arg::test errors" timestamp="2025-09-19T11:33:57Z" hostname="runnervmf4ws1" tests="1" skipped="0" failures="0" errors="0" time="7.507">
    <testcase time="7.50700000000001" classname="ds.asMatrix_arg_test_errors" name="asMatrix_erros"/>
  </testsuite>
  <testsuite name="arg-ds.asNumeric" timestamp="2025-09-19T11:33:57Z" hostname="runnervmf4ws1" tests="0" skipped="0" failures="0" errors="0" time="0"/>
  <testsuite name="ds.asNumeric::arg::test errors" timestamp="2025-09-19T11:34:04Z" hostname="runnervmf4ws1" tests="1" skipped="0" failures="0" errors="0" time="7.543">
    <testcase time="7.54300000000001" classname="ds.asNumeric_arg_test_errors" name="asNumeric_erros"/>
  </testsuite>
  <testsuite name="arg-ds.assign" timestamp="2025-09-19T11:34:04Z" hostname="runnervmf4ws1" tests="0" skipped="0" failures="0" errors="0" time="0"/>
  <testsuite name="ds.assign::arg::test errors" timestamp="2025-09-19T11:34:12Z" hostname="runnervmf4ws1" tests="1" skipped="0" failures="0" errors="0" time="7.556">
    <testcase time="7.55599999999998" classname="ds.assign_arg_test_errors" name="assign_erros"/>
  </testsuite>
  <testsuite name="arg-ds.auc" timestamp="2025-09-19T11:34:12Z" hostname="runnervmf4ws1" tests="0" skipped="0" failures="0" errors="0" time="0"/>
  <testsuite name="ds.auc::arg::setup" timestamp="2025-09-19T11:34:12Z" hostname="runnervmf4ws1" tests="0" skipped="0" failures="0" errors="0" time="0"/>
  <testsuite name="ds.auc::arg::test errors" timestamp="2025-09-19T11:34:12Z" hostname="runnervmf4ws1" tests="2" skipped="0" failures="0" errors="0" time="0.264">
    <testcase time="0.246000000000009" classname="ds.auc_arg_test_errors" name="ds.auc_errors_for_null_pred_or_y"/>
    <testcase time="0.0180000000000007" classname="ds.auc_arg_test_errors" name="ds.auc_errors_for_null_pred_or_y"/>
  </testsuite>
  <testsuite name="ds.auc::arg::shutdown" timestamp="2025-09-19T11:34:12Z" hostname="runnervmf4ws1" tests="0" skipped="0" failures="0" errors="0" time="0"/>
  <testsuite name="ds.auc::arg::done" timestamp="2025-09-19T11:34:12Z" hostname="runnervmf4ws1" tests="0" skipped="0" failures="0" errors="0" time="0"/>
  <testsuite name="arg-ds.Boole" timestamp="2025-09-19T11:34:12Z" hostname="runnervmf4ws1" tests="0" skipped="0" failures="0" errors="0" time="0"/>
  <testsuite name="ds.Boole::arg::test errors" timestamp="2025-09-19T11:34:19Z" hostname="runnervmf4ws1" tests="5" skipped="0" failures="0" errors="0" time="7.426">
    <testcase time="7.34800000000001" classname="ds.Boole_arg_test_errors" name="Boole_erros"/>
    <testcase time="0.0629999999999882" classname="ds.Boole_arg_test_errors" name="Boole_erros"/>
    <testcase time="0.00499999999999545" classname="ds.Boole_arg_test_errors" name="Boole_erros"/>
    <testcase time="0.00499999999999545" classname="ds.Boole_arg_test_errors" name="Boole_erros"/>
    <testcase time="0.00499999999999545" classname="ds.Boole_arg_test_errors" name="Boole_erros"/>
  </testsuite>
  <testsuite name="arg-ds.c" timestamp="2025-09-19T11:34:20Z" hostname="runnervmf4ws1" tests="0" skipped="0" failures="0" errors="0" time="0"/>
  <testsuite name="ds.c::arg::test errors" timestamp="2025-09-19T11:34:27Z" hostname="runnervmf4ws1" tests="1" skipped="0" failures="0" errors="0" time="7.544">
    <testcase time="7.54400000000001" classname="ds.c_arg_test_errors" name="simple_c_errors"/>
  </testsuite>
  <testsuite name="arg-ds.cbind" timestamp="2025-09-19T11:34:27Z" hostname="runnervmf4ws1" tests="0" skipped="0" failures="0" errors="0" time="0"/>
  <testsuite name="ds.cbind::arg::test errors" timestamp="2025-09-19T11:34:35Z" hostname="runnervmf4ws1" tests="2" skipped="0" failures="0" errors="0" time="8.031">
    <testcase time="7.75200000000001" classname="ds.cbind_arg_test_errors" name="cbind_erros"/>
    <testcase time="0.278999999999996" classname="ds.cbind_arg_test_errors" name="cbind_erros"/>
  </testsuite>
  <testsuite name="arg-ds.changeRefGroup" timestamp="2025-09-19T11:34:35Z" hostname="runnervmf4ws1" tests="0" skipped="0" failures="0" errors="0" time="0"/>
  <testsuite name="ds.changeRefGroup::arg::test errors" timestamp="2025-09-19T11:34:43Z" hostname="runnervmf4ws1" tests="3" skipped="0" failures="0" errors="0" time="7.71">
    <testcase time="7.56199999999998" classname="ds.changeRefGroup_arg_test_errors" name="changeRefGroup_erros"/>
    <testcase time="0.0250000000000341" classname="ds.changeRefGroup_arg_test_errors" name="changeRefGroup_erros"/>
    <testcase time="0.12299999999999" classname="ds.changeRefGroup_arg_test_errors" name="changeRefGroup_erros"/>
  </testsuite>
  <testsuite name="arg-ds.class" timestamp="2025-09-19T11:34:43Z" hostname="runnervmf4ws1" tests="0" skipped="0" failures="0" errors="0" time="0"/>
  <testsuite name="ds.class::arg::test errors" timestamp="2025-09-19T11:34:50Z" hostname="runnervmf4ws1" tests="1" skipped="0" failures="0" errors="0" time="7.595">
    <testcase time="7.59499999999997" classname="ds.class_arg_test_errors" name="class_erros"/>
  </testsuite>
  <testsuite name="arg-ds.colnames" timestamp="2025-09-19T11:34:51Z" hostname="runnervmf4ws1" tests="0" skipped="0" failures="0" errors="0" time="0"/>
  <testsuite name="ds.colnames::arg::test errors" timestamp="2025-09-19T11:34:58Z" hostname="runnervmf4ws1" tests="1" skipped="0" failures="0" errors="0" time="7.672">
    <testcase time="7.67200000000003" classname="ds.colnames_arg_test_errors" name="simple_colnames_errors"/>
  </testsuite>
  <testsuite name="arg-ds.completeCases" timestamp="2025-09-19T11:34:58Z" hostname="runnervmf4ws1" tests="0" skipped="0" failures="0" errors="0" time="0"/>
  <testsuite name="ds.completeCases::arg::test errors" timestamp="2025-09-19T11:35:06Z" hostname="runnervmf4ws1" tests="1" skipped="0" failures="0" errors="0" time="7.669">
    <testcase time="7.66899999999998" classname="ds.completeCases_arg_test_errors" name="completeCases_errors"/>
  </testsuite>
  <testsuite name="arg-ds.cor" timestamp="2025-09-19T11:35:06Z" hostname="runnervmf4ws1" tests="0" skipped="0" failures="0" errors="0" time="0"/>
  <testsuite name="ds.cor::arg::test errors" timestamp="2025-09-19T11:35:13Z" hostname="runnervmf4ws1" tests="3" skipped="0" failures="0" errors="0" time="8.184">
    <testcase time="7.58600000000001" classname="ds.cor_arg_test_errors" name="cor_erros"/>
    <testcase time="0.24799999999999" classname="ds.cor_arg_test_errors" name="cor_erros"/>
    <testcase time="0.350000000000023" classname="ds.cor_arg_test_errors" name="cor_erros"/>
  </testsuite>
  <testsuite name="arg-ds.corTest" timestamp="2025-09-19T11:35:14Z" hostname="runnervmf4ws1" tests="0" skipped="0" failures="0" errors="0" time="0"/>
  <testsuite name="ds.corTest::arg" timestamp="2025-09-19T11:35:22Z" hostname="runnervmf4ws1" tests="2" skipped="0" failures="0" errors="0" time="7.777">
    <testcase time="7.714" classname="ds.corTest_arg" name="simple_arg_test"/>
    <testcase time="0.0629999999999882" classname="ds.corTest_arg" name="simple_arg_test"/>
  </testsuite>
  <testsuite name="arg-ds.cov" timestamp="2025-09-19T11:35:22Z" hostname="runnervmf4ws1" tests="0" skipped="0" failures="0" errors="0" time="0"/>
  <testsuite name="ds.cov::arg::test errors" timestamp="2025-09-19T11:35:29Z" hostname="runnervmf4ws1" tests="3" skipped="0" failures="0" errors="0" time="8.234">
    <testcase time="7.60899999999998" classname="ds.cov_arg_test_errors" name="cov_erros"/>
    <testcase time="0.259999999999991" classname="ds.cov_arg_test_errors" name="cov_erros"/>
    <testcase time="0.365000000000009" classname="ds.cov_arg_test_errors" name="cov_erros"/>
  </testsuite>
  <testsuite name="arg-ds.dataFrame" timestamp="2025-09-19T11:35:30Z" hostname="runnervmf4ws1" tests="0" skipped="0" failures="0" errors="0" time="0"/>
  <testsuite name="ds.dataFrame::arg::test errors" timestamp="2025-09-19T11:35:37Z" hostname="runnervmf4ws1" tests="2" skipped="0" failures="0" errors="0" time="7.899">
    <testcase time="7.541" classname="ds.dataFrame_arg_test_errors" name="dataframe_erros"/>
    <testcase time="0.358000000000004" classname="ds.dataFrame_arg_test_errors" name="dataframe_erros"/>
  </testsuite>
  <testsuite name="arg-ds.dataFrameFill" timestamp="2025-09-19T11:35:38Z" hostname="runnervmf4ws1" tests="0" skipped="0" failures="0" errors="0" time="0"/>
  <testsuite name="ds.dataFrameFill::arg::test errors" timestamp="2025-09-19T11:35:45Z" hostname="runnervmf4ws1" tests="3" skipped="0" failures="0" errors="0" time="7.94">
    <testcase time="7.66400000000004" classname="ds.dataFrameFill_arg_test_errors" name="dataFrameFill_erros"/>
    <testcase time="0.16799999999995" classname="ds.dataFrameFill_arg_test_errors" name="dataFrameFill_erros"/>
    <testcase time="0.108000000000004" classname="ds.dataFrameFill_arg_test_errors" name="dataFrameFill_erros"/>
  </testsuite>
  <testsuite name="arg-ds.dataFrameSort" timestamp="2025-09-19T11:35:46Z" hostname="runnervmf4ws1" tests="0" skipped="0" failures="0" errors="0" time="0"/>
  <testsuite name="ds.dataFrameSort::arg::no args" timestamp="2025-09-19T11:35:53Z" hostname="runnervmf4ws1" tests="5" skipped="0" failures="0" errors="0" time="7.867">
    <testcase time="7.85000000000002" classname="ds.dataFrameSort_arg_no_args" name="dataFrameSort_noargs"/>
    <testcase time="0.0129999999999768" classname="ds.dataFrameSort_arg_no_args" name="dataFrameSort_noargs"/>
    <testcase time="0.00200000000000955" classname="ds.dataFrameSort_arg_no_args" name="dataFrameSort_noargs"/>
    <testcase time="0.0010000000000332" classname="ds.dataFrameSort_arg_no_args" name="dataFrameSort_noargs"/>
    <testcase time="0.000999999999976353" classname="ds.dataFrameSort_arg_no_args" name="dataFrameSort_noargs"/>
  </testsuite>
  <testsuite name="ds.dataFrameSort::arg::sorted dataframe, of factors" timestamp="2025-09-19T11:35:54Z" hostname="runnervmf4ws1" tests="5" skipped="0" failures="0" errors="0" time="0.522">
    <testcase time="0.51600000000002" classname="ds.dataFrameSort_arg_sorted_dataframe_of_factors" name="dataFrameSort_factors"/>
    <testcase time="0.00199999999995271" classname="ds.dataFrameSort_arg_sorted_dataframe_of_factors" name="dataFrameSort_factors"/>
    <testcase time="0.0010000000000332" classname="ds.dataFrameSort_arg_sorted_dataframe_of_factors" name="dataFrameSort_factors"/>
    <testcase time="0.000999999999976353" classname="ds.dataFrameSort_arg_sorted_dataframe_of_factors" name="dataFrameSort_factors"/>
    <testcase time="0.00200000000000955" classname="ds.dataFrameSort_arg_sorted_dataframe_of_factors" name="dataFrameSort_factors"/>
  </testsuite>
  <testsuite name="arg-ds.dataFrameSubset" timestamp="2025-09-19T11:35:54Z" hostname="runnervmf4ws1" tests="0" skipped="0" failures="0" errors="0" time="0"/>
  <testsuite name="ds.dataFrameSubset::arg::setup" timestamp="2025-09-19T11:35:54Z" hostname="runnervmf4ws1" tests="3" skipped="0" failures="0" errors="0" time="7.577">
    <testcase time="7.57400000000001" classname="ds.dataFrameSubset_arg_setup" name="setup"/>
    <testcase time="0.00200000000000955" classname="ds.dataFrameSubset_arg_setup" name="setup"/>
    <testcase time="0.000999999999976353" classname="ds.dataFrameSubset_arg_setup" name="setup"/>
  </testsuite>
  <testsuite name="ds.dataFrameSubset::arg::missing 'ds.name' arg errors" timestamp="2025-09-19T11:36:02Z" hostname="runnervmf4ws1" tests="1" skipped="0" failures="0" errors="0" time="0.009">
    <testcase time="0.00900000000001455" classname="ds.dataFrameSubset_arg_missing_ds.name_arg_errors" name="dataFrameSubset_erros"/>
  </testsuite>
  <testsuite name="ds.dataFrameSubset::arg::missing 'V1' arg error" timestamp="2025-09-19T11:36:02Z" hostname="runnervmf4ws1" tests="1" skipped="0" failures="0" errors="0" time="0.099">
    <testcase time="0.0989999999999895" classname="ds.dataFrameSubset_arg_missing_V1_arg_error" name="dataFrameSubset_erros"/>
  </testsuite>
  <testsuite name="ds.dataFrameSubset::arg::missing 'V2' arg error" timestamp="2025-09-19T11:36:02Z" hostname="runnervmf4ws1" tests="1" skipped="0" failures="0" errors="0" time="0.008">
    <testcase time="0.00799999999998136" classname="ds.dataFrameSubset_arg_missing_V2_arg_error" name="dataFrameSubset_erros"/>
  </testsuite>
  <testsuite name="ds.dataFrameSubset::arg::missing 'Boolean.operator' arg error" timestamp="2025-09-19T11:36:02Z" hostname="runnervmf4ws1" tests="1" skipped="0" failures="0" errors="0" time="0.008">
    <testcase time="0.0080000000000382" classname="ds.dataFrameSubset_arg_missing_Boolean.operator_arg_error" name="dataFrameSubset_erros"/>
  </testsuite>
  <testsuite name="ds.dataFrameSubset::arg::missing 'df.name' value server-side" timestamp="2025-09-19T11:36:02Z" hostname="runnervmf4ws1" tests="5" skipped="0" failures="0" errors="0" time="0.099">
    <testcase time="0.0929999999999609" classname="ds.dataFrameSubset_arg_missing_df.name_value_server_side" name="dataFrameSubset_erros"/>
    <testcase time="0.00200000000000955" classname="ds.dataFrameSubset_arg_missing_df.name_value_server_side" name="dataFrameSubset_erros"/>
    <testcase time="0.0010000000000332" classname="ds.dataFrameSubset_arg_missing_df.name_value_server_side" name="dataFrameSubset_erros"/>
    <testcase time="0.000999999999976353" classname="ds.dataFrameSubset_arg_missing_df.name_value_server_side" name="dataFrameSubset_erros"/>
    <testcase time="0.00200000000000955" classname="ds.dataFrameSubset_arg_missing_df.name_value_server_side" name="dataFrameSubset_erros"/>
  </testsuite>
  <testsuite name="ds.dataFrameSubset::arg::missing 'V1' value server-side" timestamp="2025-09-19T11:36:02Z" hostname="runnervmf4ws1" tests="5" skipped="0" failures="0" errors="0" time="0.104">
    <testcase time="0.0989999999999895" classname="ds.dataFrameSubset_arg_missing_V1_value_server_side" name="dataFrameSubset_erros"/>
    <testcase time="0.0010000000000332" classname="ds.dataFrameSubset_arg_missing_V1_value_server_side" name="dataFrameSubset_erros"/>
    <testcase time="0.00199999999995271" classname="ds.dataFrameSubset_arg_missing_V1_value_server_side" name="dataFrameSubset_erros"/>
    <testcase time="0.0010000000000332" classname="ds.dataFrameSubset_arg_missing_V1_value_server_side" name="dataFrameSubset_erros"/>
    <testcase time="0.000999999999976353" classname="ds.dataFrameSubset_arg_missing_V1_value_server_side" name="dataFrameSubset_erros"/>
  </testsuite>
  <testsuite name="ds.dataFrameSubset::arg::missing 'V2' value server-side" timestamp="2025-09-19T11:36:02Z" hostname="runnervmf4ws1" tests="5" skipped="0" failures="0" errors="0" time="0.091">
    <testcase time="0.0860000000000127" classname="ds.dataFrameSubset_arg_missing_V2_value_server_side" name="dataFrameSubset_erros"/>
    <testcase time="0.000999999999976353" classname="ds.dataFrameSubset_arg_missing_V2_value_server_side" name="dataFrameSubset_erros"/>
    <testcase time="0.0010000000000332" classname="ds.dataFrameSubset_arg_missing_V2_value_server_side" name="dataFrameSubset_erros"/>
    <testcase time="0.00200000000000955" classname="ds.dataFrameSubset_arg_missing_V2_value_server_side" name="dataFrameSubset_erros"/>
    <testcase time="0.000999999999976353" classname="ds.dataFrameSubset_arg_missing_V2_value_server_side" name="dataFrameSubset_erros"/>
  </testsuite>
  <testsuite name="ds.dataFrameSubset::arg::invalid 'Boolean.operator' value server-side" timestamp="2025-09-19T11:36:02Z" hostname="runnervmf4ws1" tests="5" skipped="0" failures="0" errors="0" time="0.103">
    <testcase time="0.0980000000000132" classname="ds.dataFrameSubset_arg_invalid_Boolean.operator_value_server_side" name="dataFrameSubset_erros"/>
    <testcase time="0.000999999999976353" classname="ds.dataFrameSubset_arg_invalid_Boolean.operator_value_server_side" name="dataFrameSubset_erros"/>
    <testcase time="0.0010000000000332" classname="ds.dataFrameSubset_arg_invalid_Boolean.operator_value_server_side" name="dataFrameSubset_erros"/>
    <testcase time="0.00200000000000955" classname="ds.dataFrameSubset_arg_invalid_Boolean.operator_value_server_side" name="dataFrameSubset_erros"/>
    <testcase time="0.000999999999976353" classname="ds.dataFrameSubset_arg_invalid_Boolean.operator_value_server_side" name="dataFrameSubset_erros"/>
  </testsuite>
  <testsuite name="ds.dataFrameSubset::arg::shutdown" timestamp="2025-09-19T11:36:02Z" hostname="runnervmf4ws1" tests="3" skipped="0" failures="0" errors="0" time="0.113">
    <testcase time="0.110000000000014" classname="ds.dataFrameSubset_arg_shutdown" name="shutdown"/>
    <testcase time="0.000999999999976353" classname="ds.dataFrameSubset_arg_shutdown" name="shutdown"/>
    <testcase time="0.00200000000000955" classname="ds.dataFrameSubset_arg_shutdown" name="shutdown"/>
  </testsuite>
  <testsuite name="ds.dataFrameSubset::arg::done" timestamp="2025-09-19T11:36:02Z" hostname="runnervmf4ws1" tests="0" skipped="0" failures="0" errors="0" time="0"/>
  <testsuite name="arg-ds.dim" timestamp="2025-09-19T11:36:02Z" hostname="runnervmf4ws1" tests="0" skipped="0" failures="0" errors="0" time="0"/>
  <testsuite name="ds.dim::arg::test errors" timestamp="2025-09-19T11:36:10Z" hostname="runnervmf4ws1" tests="3" skipped="0" failures="0" errors="0" time="7.609">
    <testcase time="7.41399999999999" classname="ds.dim_arg_test_errors" name="dim_erros"/>
    <testcase time="0.13900000000001" classname="ds.dim_arg_test_errors" name="dim_erros"/>
    <testcase time="0.0559999999999832" classname="ds.dim_arg_test_errors" name="dim_erros"/>
  </testsuite>
  <testsuite name="arg-ds.exists" timestamp="2025-09-19T11:36:10Z" hostname="runnervmf4ws1" tests="0" skipped="0" failures="0" errors="0" time="0"/>
  <testsuite name="ds.exists::arg::test errors" timestamp="2025-09-19T11:36:17Z" hostname="runnervmf4ws1" tests="1" skipped="0" failures="0" errors="0" time="7.531">
    <testcase time="7.53100000000001" classname="ds.exists_arg_test_errors" name="simple_exists_errors"/>
  </testsuite>
  <testsuite name="arg-ds.exp" timestamp="2025-09-19T11:36:18Z" hostname="runnervmf4ws1" tests="0" skipped="0" failures="0" errors="0" time="0"/>
  <testsuite name="ds.exp::arg::test errors" timestamp="2025-09-19T11:36:25Z" hostname="runnervmf4ws1" tests="1" skipped="0" failures="0" errors="0" time="7.537">
    <testcase time="7.53700000000003" classname="ds.exp_arg_test_errors" name="exp_erros"/>
  </testsuite>
  <testsuite name="arg-ds.foobar" timestamp="2025-09-19T11:36:25Z" hostname="runnervmf4ws1" tests="0" skipped="0" failures="0" errors="0" time="0"/>
  <testsuite name="ds.foobar::arg::setup" timestamp="2025-09-19T11:36:25Z" hostname="runnervmf4ws1" tests="3" skipped="0" failures="0" errors="0" time="7.492">
    <testcase time="7.48899999999998" classname="ds.foobar_arg_setup" name="setup"/>
    <testcase time="0.000999999999976353" classname="ds.foobar_arg_setup" name="setup"/>
    <testcase time="0.00200000000000955" classname="ds.foobar_arg_setup" name="setup"/>
  </testsuite>
  <testsuite name="ds.foobar::arg::aggregate" timestamp="2025-09-19T11:36:32Z" hostname="runnervmf4ws1" tests="2" skipped="0" failures="0" errors="0" time="0.009">
    <testcase time="0.0080000000000382" classname="ds.foobar_arg_aggregate" name="NULL_connections"/>
    <testcase time="0.000999999999976353" classname="ds.foobar_arg_aggregate" name="NULL_connections"/>
  </testsuite>
  <testsuite name="ds.foobar::arg::aggregate" timestamp="2025-09-19T11:36:32Z" hostname="runnervmf4ws1" tests="2" skipped="0" failures="0" errors="0" time="0.011">
    <testcase time="0.00999999999999091" classname="ds.foobar_arg_aggregate" name="NULL_expr"/>
    <testcase time="0.0010000000000332" classname="ds.foobar_arg_aggregate" name="NULL_expr"/>
  </testsuite>
  <testsuite name="ds.foobar::arg::aggregate" timestamp="2025-09-19T11:36:32Z" hostname="runnervmf4ws1" tests="8" skipped="0" failures="0" errors="0" time="0.064">
    <testcase time="0.0499999999999545" classname="ds.foobar_arg_aggregate" name="non_existent_aggregate_foobarDS"/>
    <testcase time="0.0010000000000332" classname="ds.foobar_arg_aggregate" name="non_existent_aggregate_foobarDS"/>
    <testcase time="0.000999999999976353" classname="ds.foobar_arg_aggregate" name="non_existent_aggregate_foobarDS"/>
    <testcase time="0.0029999999999859" classname="ds.foobar_arg_aggregate" name="non_existent_aggregate_foobarDS"/>
    <testcase time="0.00200000000000955" classname="ds.foobar_arg_aggregate" name="non_existent_aggregate_foobarDS"/>
    <testcase time="0.00200000000000955" classname="ds.foobar_arg_aggregate" name="non_existent_aggregate_foobarDS"/>
    <testcase time="0.00200000000000955" classname="ds.foobar_arg_aggregate" name="non_existent_aggregate_foobarDS"/>
    <testcase time="0.0029999999999859" classname="ds.foobar_arg_aggregate" name="non_existent_aggregate_foobarDS"/>
  </testsuite>
  <testsuite name="ds.foobar::arg::assign" timestamp="2025-09-19T11:36:33Z" hostname="runnervmf4ws1" tests="2" skipped="0" failures="0" errors="0" time="0.01">
    <testcase time="0.0080000000000382" classname="ds.foobar_arg_assign" name="NULL_connections"/>
    <testcase time="0.00199999999995271" classname="ds.foobar_arg_assign" name="NULL_connections"/>
  </testsuite>
  <testsuite name="ds.foobar::arg::assign" timestamp="2025-09-19T11:36:33Z" hostname="runnervmf4ws1" tests="2" skipped="0" failures="0" errors="0" time="0.01">
    <testcase time="0.00900000000001455" classname="ds.foobar_arg_assign" name="NULL_value"/>
    <testcase time="0.0010000000000332" classname="ds.foobar_arg_assign" name="NULL_value"/>
  </testsuite>
  <testsuite name="ds.foobar::arg::assign" timestamp="2025-09-19T11:36:33Z" hostname="runnervmf4ws1" tests="8" skipped="0" failures="0" errors="0" time="0.062">
    <testcase time="0.047999999999945" classname="ds.foobar_arg_assign" name="non_existent_assign_foobarDS"/>
    <testcase time="0.0010000000000332" classname="ds.foobar_arg_assign" name="non_existent_assign_foobarDS"/>
    <testcase time="0.00200000000000955" classname="ds.foobar_arg_assign" name="non_existent_assign_foobarDS"/>
    <testcase time="0.0029999999999859" classname="ds.foobar_arg_assign" name="non_existent_assign_foobarDS"/>
    <testcase time="0.000999999999976353" classname="ds.foobar_arg_assign" name="non_existent_assign_foobarDS"/>
    <testcase time="0.00300000000004275" classname="ds.foobar_arg_assign" name="non_existent_assign_foobarDS"/>
    <testcase time="0.000999999999976353" classname="ds.foobar_arg_assign" name="non_existent_assign_foobarDS"/>
    <testcase time="0.0029999999999859" classname="ds.foobar_arg_assign" name="non_existent_assign_foobarDS"/>
  </testsuite>
  <testsuite name="ds.foobar::arg::shutdown" timestamp="2025-09-19T11:36:33Z" hostname="runnervmf4ws1" tests="3" skipped="0" failures="0" errors="0" time="0.066">
    <testcase time="0.063000000000045" classname="ds.foobar_arg_shutdown" name="shutdown"/>
    <testcase time="0.00199999999995271" classname="ds.foobar_arg_shutdown" name="shutdown"/>
    <testcase time="0.0010000000000332" classname="ds.foobar_arg_shutdown" name="shutdown"/>
  </testsuite>
  <testsuite name="ds.foobar::arg::done" timestamp="2025-09-19T11:36:33Z" hostname="runnervmf4ws1" tests="0" skipped="0" failures="0" errors="0" time="0"/>
  <testsuite name="arg-ds.gamlss" timestamp="2025-09-19T11:36:33Z" hostname="runnervmf4ws1" tests="0" skipped="0" failures="0" errors="0" time="0"/>
  <testsuite name="ds.gamlss::arg::test errors" timestamp="2025-09-19T11:36:40Z" hostname="runnervmf4ws1" tests="3" skipped="0" failures="0" errors="0" time="7.552">
    <testcase time="7.49700000000001" classname="ds.gamlss_arg_test_errors" name="gamlss_errors"/>
    <testcase time="0.0499999999999545" classname="ds.gamlss_arg_test_errors" name="gamlss_errors"/>
    <testcase time="0.00499999999999545" classname="ds.gamlss_arg_test_errors" name="gamlss_errors"/>
  </testsuite>
  <testsuite name="arg-ds.glm" timestamp="2025-09-19T11:36:40Z" hostname="runnervmf4ws1" tests="0" skipped="0" failures="0" errors="0" time="0"/>
  <testsuite name="ds.glm::arg::test errors" timestamp="2025-09-19T11:36:48Z" hostname="runnervmf4ws1" tests="2" skipped="0" failures="0" errors="0" time="7.784">
    <testcase time="7.47000000000003" classname="ds.glm_arg_test_errors" name="glm_errors"/>
    <testcase time="0.314000000000021" classname="ds.glm_arg_test_errors" name="glm_errors"/>
  </testsuite>
  <testsuite name="arg-ds.glmerSLMA" timestamp="2025-09-19T11:36:48Z" hostname="runnervmf4ws1" tests="0" skipped="0" failures="0" errors="0" time="0"/>
  <testsuite name="ds.glmerSLMA::arg::setup" timestamp="2025-09-19T11:36:48Z" hostname="runnervmf4ws1" tests="3" skipped="0" failures="0" errors="0" time="7.535">
    <testcase time="7.53199999999998" classname="ds.glmerSLMA_arg_setup" name="setup"/>
    <testcase time="0.00200000000000955" classname="ds.glmerSLMA_arg_setup" name="setup"/>
    <testcase time="0.0010000000000332" classname="ds.glmerSLMA_arg_setup" name="setup"/>
  </testsuite>
  <testsuite name="ds.glmerSLMA::arg::testing" timestamp="2025-09-19T11:36:56Z" hostname="runnervmf4ws1" tests="13" skipped="0" failures="0" errors="0" time="0.643">
    <testcase time="0.00899999999995771" classname="ds.glmerSLMA_arg_testing" name="simple_glmerSLMA_tesing_mis_use_of_arguments"/>
    <testcase time="0.331999999999994" classname="ds.glmerSLMA_arg_testing" name="simple_glmerSLMA_tesing_mis_use_of_arguments"/>
    <testcase time="0.00200000000000955" classname="ds.glmerSLMA_arg_testing" name="simple_glmerSLMA_tesing_mis_use_of_arguments"/>
    <testcase time="0.0010000000000332" classname="ds.glmerSLMA_arg_testing" name="simple_glmerSLMA_tesing_mis_use_of_arguments"/>
    <testcase time="0.000999999999976353" classname="ds.glmerSLMA_arg_testing" name="simple_glmerSLMA_tesing_mis_use_of_arguments"/>
    <testcase time="0.000999999999976353" classname="ds.glmerSLMA_arg_testing" name="simple_glmerSLMA_tesing_mis_use_of_arguments"/>
    <testcase time="0.0570000000000164" classname="ds.glmerSLMA_arg_testing" name="simple_glmerSLMA_tesing_mis_use_of_arguments"/>
    <testcase time="0.230000000000018" classname="ds.glmerSLMA_arg_testing" name="simple_glmerSLMA_tesing_mis_use_of_arguments"/>
    <testcase time="0.00200000000000955" classname="ds.glmerSLMA_arg_testing" name="simple_glmerSLMA_tesing_mis_use_of_arguments"/>
    <testcase time="0.000999999999976353" classname="ds.glmerSLMA_arg_testing" name="simple_glmerSLMA_tesing_mis_use_of_arguments"/>
    <testcase time="0.0010000000000332" classname="ds.glmerSLMA_arg_testing" name="simple_glmerSLMA_tesing_mis_use_of_arguments"/>
    <testcase time="0.000999999999976353" classname="ds.glmerSLMA_arg_testing" name="simple_glmerSLMA_tesing_mis_use_of_arguments"/>
    <testcase time="0.00499999999999545" classname="ds.glmerSLMA_arg_testing" name="simple_glmerSLMA_tesing_mis_use_of_arguments"/>
  </testsuite>
  <testsuite name="ds.glmerSLMA::arg::shutdown" timestamp="2025-09-19T11:36:56Z" hostname="runnervmf4ws1" tests="3" skipped="0" failures="0" errors="0" time="0.056">
    <testcase time="0.0539999999999736" classname="ds.glmerSLMA_arg_shutdown" name="setup"/>
    <testcase time="0.0010000000000332" classname="ds.glmerSLMA_arg_shutdown" name="setup"/>
    <testcase time="0.000999999999976353" classname="ds.glmerSLMA_arg_shutdown" name="setup"/>
  </testsuite>
  <testsuite name="ds.glmerSLMA::arg::done" timestamp="2025-09-19T11:36:56Z" hostname="runnervmf4ws1" tests="0" skipped="0" failures="0" errors="0" time="0"/>
  <testsuite name="arg-ds.glmPredict" timestamp="2025-09-19T11:36:56Z" hostname="runnervmf4ws1" tests="0" skipped="0" failures="0" errors="0" time="0"/>
  <testsuite name="ds.glmPredict::arg::test _glmname_ arg is correct object" timestamp="2025-09-19T11:37:04Z" hostname="runnervmf4ws1" tests="2" skipped="0" failures="0" errors="0" time="7.554">
    <testcase time="7.44800000000004" classname="ds.glmPredict_arg_test__glmname__arg_is_correct_object" name="glmPredict_errors"/>
    <testcase time="0.105999999999995" classname="ds.glmPredict_arg_test__glmname__arg_is_correct_object" name="glmPredict_errors"/>
  </testsuite>
  <testsuite name="ds.glmPredict::arg::setting up glm obj for further testing" timestamp="2025-09-19T11:37:04Z" hostname="runnervmf4ws1" tests="4" skipped="0" failures="0" errors="0" time="0.393">
    <testcase time="0.385999999999967" classname="ds.glmPredict_arg_setting_up_glm_obj_for_further_testing" name="glmPredict_errors"/>
    <testcase time="0.00300000000004275" classname="ds.glmPredict_arg_setting_up_glm_obj_for_further_testing" name="glmPredict_errors"/>
    <testcase time="0.00199999999995271" classname="ds.glmPredict_arg_setting_up_glm_obj_for_further_testing" name="glmPredict_errors"/>
    <testcase time="0.00200000000000955" classname="ds.glmPredict_arg_setting_up_glm_obj_for_further_testing" name="glmPredict_errors"/>
  </testsuite>
  <testsuite name="ds.glmPredict::arg::test _newdataname_ arg is correct object" timestamp="2025-09-19T11:37:04Z" hostname="runnervmf4ws1" tests="4" skipped="0" failures="0" errors="0" time="0.176">
    <testcase time="0.170999999999992" classname="ds.glmPredict_arg_test__newdataname__arg_is_correct_object" name="glmPredict_errors"/>
    <testcase time="0.000999999999976353" classname="ds.glmPredict_arg_test__newdataname__arg_is_correct_object" name="glmPredict_errors"/>
    <testcase time="0.0010000000000332" classname="ds.glmPredict_arg_test__newdataname__arg_is_correct_object" name="glmPredict_errors"/>
    <testcase time="0.0029999999999859" classname="ds.glmPredict_arg_test__newdataname__arg_is_correct_object" name="glmPredict_errors"/>
  </testsuite>
  <testsuite name="ds.glmPredict::arg::test _output.type_ arg is correct object" timestamp="2025-09-19T11:37:04Z" hostname="runnervmf4ws1" tests="2" skipped="0" failures="0" errors="0" time="0.125">
    <testcase time="0.0649999999999977" classname="ds.glmPredict_arg_test__output.type__arg_is_correct_object" name="glmPredict_errors"/>
    <testcase time="0.0600000000000023" classname="ds.glmPredict_arg_test__output.type__arg_is_correct_object" name="glmPredict_errors"/>
  </testsuite>
  <testsuite name="ds.glmPredict::arg::test _se.fit_ arg is correct object" timestamp="2025-09-19T11:37:04Z" hostname="runnervmf4ws1" tests="4" skipped="0" failures="0" errors="0" time="0.146">
    <testcase time="0.13900000000001" classname="ds.glmPredict_arg_test__se.fit__arg_is_correct_object" name="glmPredict_errors"/>
    <testcase time="0.00200000000000955" classname="ds.glmPredict_arg_test__se.fit__arg_is_correct_object" name="glmPredict_errors"/>
    <testcase time="0.00199999999995271" classname="ds.glmPredict_arg_test__se.fit__arg_is_correct_object" name="glmPredict_errors"/>
    <testcase time="0.00300000000004275" classname="ds.glmPredict_arg_test__se.fit__arg_is_correct_object" name="glmPredict_errors"/>
  </testsuite>
  <testsuite name="ds.glmPredict::arg::test _terms_ arg is correct object" timestamp="2025-09-19T11:37:05Z" hostname="runnervmf4ws1" tests="1" skipped="0" failures="0" errors="0" time="0.164">
    <testcase time="0.163999999999987" classname="ds.glmPredict_arg_test__terms__arg_is_correct_object" name="glmPredict_errors"/>
  </testsuite>
  <testsuite name="ds.glmPredict::arg::test _na.action_ arg is correct object" timestamp="2025-09-19T11:37:05Z" hostname="runnervmf4ws1" tests="1" skipped="0" failures="0" errors="0" time="0.059">
    <testcase time="0.0589999999999691" classname="ds.glmPredict_arg_test__na.action__arg_is_correct_object" name="glmPredict_errors"/>
  </testsuite>
  <testsuite name="arg-ds.glmSLMA" timestamp="2025-09-19T11:37:05Z" hostname="runnervmf4ws1" tests="0" skipped="0" failures="0" errors="0" time="0"/>
  <testsuite name="ds.glmSLMA::arg::test errors" timestamp="2025-09-19T11:37:12Z" hostname="runnervmf4ws1" tests="6" skipped="0" failures="0" errors="0" time="7.851">
    <testcase time="7.75300000000004" classname="ds.glmSLMA_arg_test_errors" name="glmSLMA_errors"/>
    <testcase time="0.0919999999999845" classname="ds.glmSLMA_arg_test_errors" name="glmSLMA_errors"/>
    <testcase time="0.00200000000000955" classname="ds.glmSLMA_arg_test_errors" name="glmSLMA_errors"/>
    <testcase time="0.000999999999976353" classname="ds.glmSLMA_arg_test_errors" name="glmSLMA_errors"/>
    <testcase time="0.0010000000000332" classname="ds.glmSLMA_arg_test_errors" name="glmSLMA_errors"/>
    <testcase time="0.00199999999995271" classname="ds.glmSLMA_arg_test_errors" name="glmSLMA_errors"/>
  </testsuite>
  <testsuite name="arg-ds.isNA" timestamp="2025-09-19T11:37:13Z" hostname="runnervmf4ws1" tests="0" skipped="0" failures="0" errors="0" time="0"/>
  <testsuite name="ds.isNA::arg::errors" timestamp="2025-09-19T11:37:20Z" hostname="runnervmf4ws1" tests="1" skipped="0" failures="0" errors="0" time="7.52">
    <testcase time="7.52000000000004" classname="ds.isNA_arg_errors" name="isNA_errors"/>
  </testsuite>
  <testsuite name="arg-ds.isValid" timestamp="2025-09-19T11:37:20Z" hostname="runnervmf4ws1" tests="0" skipped="0" failures="0" errors="0" time="0"/>
  <testsuite name="ds.isValid::arg::errors" timestamp="2025-09-19T11:37:28Z" hostname="runnervmf4ws1" tests="2" skipped="0" failures="0" errors="0" time="7.486">
    <testcase time="7.41300000000001" classname="ds.isValid_arg_errors" name="isValid_errors"/>
    <testcase time="0.0729999999999791" classname="ds.isValid_arg_errors" name="isValid_errors"/>
  </testsuite>
  <testsuite name="arg-ds.kurtosis" timestamp="2025-09-19T11:37:28Z" hostname="runnervmf4ws1" tests="0" skipped="0" failures="0" errors="0" time="0"/>
  <testsuite name="ds.kurtosis::arg::setup" timestamp="2025-09-19T11:37:28Z" hostname="runnervmf4ws1" tests="3" skipped="0" failures="0" errors="0" time="7.531">
    <testcase time="7.52800000000002" classname="ds.kurtosis_arg_setup" name="setup"/>
    <testcase time="0.00199999999995271" classname="ds.kurtosis_arg_setup" name="setup"/>
    <testcase time="0.0010000000000332" classname="ds.kurtosis_arg_setup" name="setup"/>
  </testsuite>
  <testsuite name="ds.kurtosis::arg::test errors" timestamp="2025-09-19T11:37:35Z" hostname="runnervmf4ws1" tests="4" skipped="0" failures="0" errors="0" time="0.094">
    <testcase time="0.00799999999998136" classname="ds.kurtosis_arg_test_errors" name="kurtosis_erros"/>
    <testcase time="0.0780000000000314" classname="ds.kurtosis_arg_test_errors" name="kurtosis_erros"/>
    <testcase time="0.00399999999996226" classname="ds.kurtosis_arg_test_errors" name="kurtosis_erros"/>
    <testcase time="0.00399999999996226" classname="ds.kurtosis_arg_test_errors" name="kurtosis_erros"/>
  </testsuite>
  <testsuite name="ds.kurtosis::arg::shutdown" timestamp="2025-09-19T11:37:35Z" hostname="runnervmf4ws1" tests="3" skipped="0" failures="0" errors="0" time="0.064">
    <testcase time="0.0620000000000118" classname="ds.kurtosis_arg_shutdown" name="shutdown"/>
    <testcase time="0.0010000000000332" classname="ds.kurtosis_arg_shutdown" name="shutdown"/>
    <testcase time="0.000999999999976353" classname="ds.kurtosis_arg_shutdown" name="shutdown"/>
  </testsuite>
  <testsuite name="ds.kurtosis::arg::done" timestamp="2025-09-19T11:37:36Z" hostname="runnervmf4ws1" tests="0" skipped="0" failures="0" errors="0" time="0"/>
  <testsuite name="arg-ds.length" timestamp="2025-09-19T11:37:36Z" hostname="runnervmf4ws1" tests="0" skipped="0" failures="0" errors="0" time="0"/>
  <testsuite name="ds.length::arg::test errors" timestamp="2025-09-19T11:37:43Z" hostname="runnervmf4ws1" tests="5" skipped="0" failures="0" errors="0" time="8.008">
    <testcase time="7.77199999999999" classname="ds.length_arg_test_errors" name="length_erros"/>
    <testcase time="0.0570000000000164" classname="ds.length_arg_test_errors" name="length_erros"/>
    <testcase time="0.00499999999999545" classname="ds.length_arg_test_errors" name="length_erros"/>
    <testcase time="0.0880000000000223" classname="ds.length_arg_test_errors" name="length_erros"/>
    <testcase time="0.0859999999999559" classname="ds.length_arg_test_errors" name="length_erros"/>
  </testsuite>
  <testsuite name="arg-ds.levels" timestamp="2025-09-19T11:37:44Z" hostname="runnervmf4ws1" tests="0" skipped="0" failures="0" errors="0" time="0"/>
  <testsuite name="ds.levels::arg" timestamp="2025-09-19T11:37:51Z" hostname="runnervmf4ws1" tests="2" skipped="0" failures="0" errors="0" time="7.516">
    <testcase time="7.452" classname="ds.levels_arg" name="simple_levels"/>
    <testcase time="0.0640000000000214" classname="ds.levels_arg" name="simple_levels"/>
  </testsuite>
  <testsuite name="arg-ds.lexis" timestamp="2025-09-19T11:37:51Z" hostname="runnervmf4ws1" tests="0" skipped="0" failures="0" errors="0" time="0"/>
  <testsuite name="ds.lexis::arg::test errors" timestamp="2025-09-19T11:37:58Z" hostname="runnervmf4ws1" tests="1" skipped="0" failures="0" errors="0" time="7.432">
    <testcase time="7.43200000000002" classname="ds.lexis_arg_test_errors" name="lexis_erros"/>
  </testsuite>
  <testsuite name="ds.lexis::arg::test intervalWidth" timestamp="2025-09-19T11:37:58Z" hostname="runnervmf4ws1" tests="6" skipped="0" failures="0" errors="0" time="0.066">
    <testcase time="0.04200000000003" classname="ds.lexis_arg_test_intervalWidth" name="simple_lexis"/>
    <testcase time="0.00499999999999545" classname="ds.lexis_arg_test_intervalWidth" name="simple_lexis"/>
    <testcase time="0.00499999999999545" classname="ds.lexis_arg_test_intervalWidth" name="simple_lexis"/>
    <testcase time="0.00399999999996226" classname="ds.lexis_arg_test_intervalWidth" name="simple_lexis"/>
    <testcase time="0.00499999999999545" classname="ds.lexis_arg_test_intervalWidth" name="simple_lexis"/>
    <testcase time="0.0050000000000523" classname="ds.lexis_arg_test_intervalWidth" name="simple_lexis"/>
  </testsuite>
  <testsuite name="arg-ds.list" timestamp="2025-09-19T11:37:59Z" hostname="runnervmf4ws1" tests="0" skipped="0" failures="0" errors="0" time="0"/>
  <testsuite name="ds.list::arg::test errors" timestamp="2025-09-19T11:38:06Z" hostname="runnervmf4ws1" tests="1" skipped="0" failures="0" errors="0" time="7.408">
    <testcase time="7.40799999999996" classname="ds.list_arg_test_errors" name="simple_ds.list_errors"/>
  </testsuite>
  <testsuite name="arg-ds.lmerSLMA" timestamp="2025-09-19T11:38:06Z" hostname="runnervmf4ws1" tests="0" skipped="0" failures="0" errors="0" time="0"/>
  <testsuite name="ds.lmerSLMA::arg::setup" timestamp="2025-09-19T11:38:06Z" hostname="runnervmf4ws1" tests="3" skipped="0" failures="0" errors="0" time="7.494">
    <testcase time="7.49100000000004" classname="ds.lmerSLMA_arg_setup" name="setup"/>
    <testcase time="0.00199999999995271" classname="ds.lmerSLMA_arg_setup" name="setup"/>
    <testcase time="0.0010000000000332" classname="ds.lmerSLMA_arg_setup" name="setup"/>
  </testsuite>
  <testsuite name="ds.lmerSLMA::arg" timestamp="2025-09-19T11:38:13Z" hostname="runnervmf4ws1" tests="8" skipped="0" failures="0" errors="0" time="0.57">
    <testcase time="0.194999999999993" classname="ds.lmerSLMA_arg" name="simple_lmerSLMA_tesing_mis_use_of_arguments"/>
    <testcase time="0.317000000000007" classname="ds.lmerSLMA_arg" name="simple_lmerSLMA_tesing_mis_use_of_arguments"/>
    <testcase time="0.000999999999976353" classname="ds.lmerSLMA_arg" name="simple_lmerSLMA_tesing_mis_use_of_arguments"/>
    <testcase time="0.0010000000000332" classname="ds.lmerSLMA_arg" name="simple_lmerSLMA_tesing_mis_use_of_arguments"/>
    <testcase time="0.000999999999976353" classname="ds.lmerSLMA_arg" name="simple_lmerSLMA_tesing_mis_use_of_arguments"/>
    <testcase time="0.00200000000000955" classname="ds.lmerSLMA_arg" name="simple_lmerSLMA_tesing_mis_use_of_arguments"/>
    <testcase time="0.0480000000000018" classname="ds.lmerSLMA_arg" name="simple_lmerSLMA_tesing_mis_use_of_arguments"/>
    <testcase time="0.00499999999999545" classname="ds.lmerSLMA_arg" name="simple_lmerSLMA_tesing_mis_use_of_arguments"/>
  </testsuite>
  <testsuite name="ds.lmerSLMA::arg::shutdown" timestamp="2025-09-19T11:38:14Z" hostname="runnervmf4ws1" tests="3" skipped="0" failures="0" errors="0" time="0.058">
    <testcase time="0.05600000000004" classname="ds.lmerSLMA_arg_shutdown" name="shutdown"/>
    <testcase time="0.000999999999976353" classname="ds.lmerSLMA_arg_shutdown" name="shutdown"/>
    <testcase time="0.000999999999976353" classname="ds.lmerSLMA_arg_shutdown" name="shutdown"/>
  </testsuite>
  <testsuite name="ds.lmerSLMA::arg::done" timestamp="2025-09-19T11:38:14Z" hostname="runnervmf4ws1" tests="0" skipped="0" failures="0" errors="0" time="0"/>
  <testsuite name="arg-ds.log" timestamp="2025-09-19T11:38:14Z" hostname="runnervmf4ws1" tests="0" skipped="0" failures="0" errors="0" time="0"/>
  <testsuite name="ds.log::arg::test errors" timestamp="2025-09-19T11:38:21Z" hostname="runnervmf4ws1" tests="1" skipped="0" failures="0" errors="0" time="7.452">
    <testcase time="7.452" classname="ds.log_arg_test_errors" name="log_erros"/>
  </testsuite>
  <testsuite name="arg-ds.look" timestamp="2025-09-19T11:38:22Z" hostname="runnervmf4ws1" tests="0" skipped="0" failures="0" errors="0" time="0"/>
  <testsuite name="ds.look::arg::test errors" timestamp="2025-09-19T11:38:29Z" hostname="runnervmf4ws1" tests="1" skipped="0" failures="0" errors="0" time="7.465">
    <testcase time="7.46500000000003" classname="ds.look_arg_test_errors" name="look_erros"/>
  </testsuite>
  <testsuite name="arg-ds.ls" timestamp="2025-09-19T11:38:29Z" hostname="runnervmf4ws1" tests="0" skipped="0" failures="0" errors="0" time="0"/>
  <testsuite name="ds.ls::arg::setup" timestamp="2025-09-19T11:38:29Z" hostname="runnervmf4ws1" tests="3" skipped="0" failures="0" errors="0" time="7.522">
    <testcase time="7.51900000000001" classname="ds.ls_arg_setup" name="setup"/>
    <testcase time="0.00200000000000955" classname="ds.ls_arg_setup" name="setup"/>
    <testcase time="0.000999999999976353" classname="ds.ls_arg_setup" name="setup"/>
  </testsuite>
  <testsuite name="ds.ls::arg" timestamp="2025-09-19T11:38:36Z" hostname="runnervmf4ws1" tests="6" skipped="0" failures="0" errors="0" time="0.013">
    <testcase time="0.00499999999999545" classname="ds.ls_arg" name="containing_escape_sequence"/>
    <testcase time="0.00200000000000955" classname="ds.ls_arg" name="containing_escape_sequence"/>
    <testcase time="0.000999999999976353" classname="ds.ls_arg" name="containing_escape_sequence"/>
    <testcase time="0.0010000000000332" classname="ds.ls_arg" name="containing_escape_sequence"/>
    <testcase time="0.00200000000000955" classname="ds.ls_arg" name="containing_escape_sequence"/>
    <testcase time="0.00199999999995271" classname="ds.ls_arg" name="containing_escape_sequence"/>
  </testsuite>
  <testsuite name="ds.ls::arg::shutdown" timestamp="2025-09-19T11:38:36Z" hostname="runnervmf4ws1" tests="3" skipped="0" failures="0" errors="0" time="0.051">
    <testcase time="0.0480000000000018" classname="ds.ls_arg_shutdown" name="shutdown"/>
    <testcase time="0.00200000000000955" classname="ds.ls_arg_shutdown" name="shutdown"/>
    <testcase time="0.0010000000000332" classname="ds.ls_arg_shutdown" name="shutdown"/>
  </testsuite>
  <testsuite name="ds.ls::arg::done" timestamp="2025-09-19T11:38:37Z" hostname="runnervmf4ws1" tests="0" skipped="0" failures="0" errors="0" time="0"/>
  <testsuite name="arg-ds.make" timestamp="2025-09-19T11:38:37Z" hostname="runnervmf4ws1" tests="0" skipped="0" failures="0" errors="0" time="0"/>
  <testsuite name="ds.make::arg::test errors" timestamp="2025-09-19T11:38:44Z" hostname="runnervmf4ws1" tests="1" skipped="0" failures="0" errors="0" time="7.476">
    <testcase time="7.476" classname="ds.make_arg_test_errors" name="make_erros"/>
  </testsuite>
  <testsuite name="arg-ds.matrix" timestamp="2025-09-19T11:38:44Z" hostname="runnervmf4ws1" tests="0" skipped="0" failures="0" errors="0" time="0"/>
  <testsuite name="ds.matrix::arg::test errors" timestamp="2025-09-19T11:38:51Z" hostname="runnervmf4ws1" tests="1" skipped="0" failures="0" errors="0" time="7.421">
    <testcase time="7.42099999999999" classname="ds.matrix_arg_test_errors" name="matrix_erros"/>
  </testsuite>
  <testsuite name="arg-ds.matrixDet" timestamp="2025-09-19T11:38:52Z" hostname="runnervmf4ws1" tests="0" skipped="0" failures="0" errors="0" time="0"/>
  <testsuite name="ds.matrixDet::arg::test errors" timestamp="2025-09-19T11:38:59Z" hostname="runnervmf4ws1" tests="1" skipped="0" failures="0" errors="0" time="7.433">
    <testcase time="7.43299999999994" classname="ds.matrixDet_arg_test_errors" name="matrixDet_erros"/>
  </testsuite>
  <testsuite name="arg-ds.matrixDet.report" timestamp="2025-09-19T11:38:59Z" hostname="runnervmf4ws1" tests="0" skipped="0" failures="0" errors="0" time="0"/>
  <testsuite name="ds.matrixDet.report::arg::test errors" timestamp="2025-09-19T11:39:06Z" hostname="runnervmf4ws1" tests="1" skipped="0" failures="0" errors="0" time="7.438">
    <testcase time="7.4380000000001" classname="ds.matrixDet.report_arg_test_errors" name="ds.matixDet.report_erros"/>
  </testsuite>
  <testsuite name="arg-ds.matrixDiag" timestamp="2025-09-19T11:39:06Z" hostname="runnervmf4ws1" tests="0" skipped="0" failures="0" errors="0" time="0"/>
  <testsuite name="ds.matrixDiag::arg::test errors" timestamp="2025-09-19T11:39:14Z" hostname="runnervmf4ws1" tests="2" skipped="0" failures="0" errors="0" time="7.384">
    <testcase time="7.38299999999992" classname="ds.matrixDiag_arg_test_errors" name="matrixDiag_erros"/>
    <testcase time="0.000999999999976353" classname="ds.matrixDiag_arg_test_errors" name="matrixDiag_erros"/>
  </testsuite>
  <testsuite name="arg-ds.matrixDimnames" timestamp="2025-09-19T11:39:14Z" hostname="runnervmf4ws1" tests="0" skipped="0" failures="0" errors="0" time="0"/>
  <testsuite name="ds.matrixDimnames::arg::test errors" timestamp="2025-09-19T11:39:21Z" hostname="runnervmf4ws1" tests="1" skipped="0" failures="0" errors="0" time="7.392">
    <testcase time="7.39200000000005" classname="ds.matrixDimnames_arg_test_errors" name="matrixDimnames_erros"/>
  </testsuite>
  <testsuite name="arg-ds.matrixInvert" timestamp="2025-09-19T11:39:21Z" hostname="runnervmf4ws1" tests="0" skipped="0" failures="0" errors="0" time="0"/>
  <testsuite name="ds.matrixInvert::arg::test errors" timestamp="2025-09-19T11:39:28Z" hostname="runnervmf4ws1" tests="1" skipped="0" failures="0" errors="0" time="7.459">
    <testcase time="7.45899999999995" classname="ds.matrixInvert_arg_test_errors" name="matrixInvert_erros"/>
  </testsuite>
  <testsuite name="arg-ds.matrixMult" timestamp="2025-09-19T11:39:29Z" hostname="runnervmf4ws1" tests="0" skipped="0" failures="0" errors="0" time="0"/>
  <testsuite name="ds.matrixMult::arg::test errors" timestamp="2025-09-19T11:39:36Z" hostname="runnervmf4ws1" tests="1" skipped="0" failures="0" errors="0" time="7.407">
    <testcase time="7.40700000000004" classname="ds.matrixMult_arg_test_errors" name="matrixMult_erros"/>
  </testsuite>
  <testsuite name="arg-ds.matrixTranspose" timestamp="2025-09-19T11:39:36Z" hostname="runnervmf4ws1" tests="0" skipped="0" failures="0" errors="0" time="0"/>
  <testsuite name="ds.matrixTranspose::arg::test errors" timestamp="2025-09-19T11:39:43Z" hostname="runnervmf4ws1" tests="1" skipped="0" failures="0" errors="0" time="7.408">
    <testcase time="7.40800000000002" classname="ds.matrixTranspose_arg_test_errors" name="matrixTranspose_erros"/>
  </testsuite>
  <testsuite name="arg-ds.mean" timestamp="2025-09-19T11:39:43Z" hostname="runnervmf4ws1" tests="0" skipped="0" failures="0" errors="0" time="0"/>
  <testsuite name="ds.mean::arg::test errors" timestamp="2025-09-19T11:39:51Z" hostname="runnervmf4ws1" tests="3" skipped="0" failures="0" errors="0" time="7.789">
    <testcase time="7.62400000000002" classname="ds.mean_arg_test_errors" name="mean_erros"/>
    <testcase time="0.0810000000000173" classname="ds.mean_arg_test_errors" name="mean_erros"/>
    <testcase time="0.0839999999999463" classname="ds.mean_arg_test_errors" name="mean_erros"/>
  </testsuite>
  <testsuite name="arg-ds.meanByClass" timestamp="2025-09-19T11:39:51Z" hostname="runnervmf4ws1" tests="0" skipped="0" failures="0" errors="0" time="0"/>
  <testsuite name="ds.meanByClass::arg::test errors" timestamp="2025-09-19T11:39:58Z" hostname="runnervmf4ws1" tests="4" skipped="0" failures="0" errors="0" time="8.325">
    <testcase time="8.01700000000005" classname="ds.meanByClass_arg_test_errors" name="meanByClass_erros"/>
    <testcase time="0.129000000000019" classname="ds.meanByClass_arg_test_errors" name="meanByClass_erros"/>
    <testcase time="0.170999999999935" classname="ds.meanByClass_arg_test_errors" name="meanByClass_erros"/>
    <testcase time="0.0080000000000382" classname="ds.meanByClass_arg_test_errors" name="meanByClass_erros"/>
  </testsuite>
  <testsuite name="arg-ds.meanSdGp" timestamp="2025-09-19T11:40:00Z" hostname="runnervmf4ws1" tests="0" skipped="0" failures="0" errors="0" time="0"/>
  <testsuite name="ds.meanSdGp::arg::test errors" timestamp="2025-09-19T11:40:07Z" hostname="runnervmf4ws1" tests="1" skipped="0" failures="0" errors="0" time="7.432">
    <testcase time="7.43200000000002" classname="ds.meanSdGp_arg_test_errors" name="meanSdGp_erros"/>
  </testsuite>
  <testsuite name="arg-ds.merge" timestamp="2025-09-19T11:40:07Z" hostname="runnervmf4ws1" tests="0" skipped="0" failures="0" errors="0" time="0"/>
  <testsuite name="ds.merge::arg::test errors" timestamp="2025-09-19T11:40:14Z" hostname="runnervmf4ws1" tests="5" skipped="0" failures="0" errors="0" time="7.765">
    <testcase time="7.42200000000003" classname="ds.merge_arg_test_errors" name="merge_erros"/>
    <testcase time="0.0519999999999072" classname="ds.merge_arg_test_errors" name="merge_erros"/>
    <testcase time="0.0960000000000036" classname="ds.merge_arg_test_errors" name="merge_erros"/>
    <testcase time="0.102000000000089" classname="ds.merge_arg_test_errors" name="merge_erros"/>
    <testcase time="0.0929999999999609" classname="ds.merge_arg_test_errors" name="merge_erros"/>
  </testsuite>
  <testsuite name="arg-ds.message" timestamp="2025-09-19T11:40:15Z" hostname="runnervmf4ws1" tests="0" skipped="0" failures="0" errors="0" time="0"/>
  <testsuite name="ds.message::arg" timestamp="2025-09-19T11:40:22Z" hostname="runnervmf4ws1" tests="1" skipped="0" failures="0" errors="0" time="7.402">
    <testcase time="7.40200000000004" classname="ds.message_arg" name="request_message_for_NULL"/>
  </testsuite>
  <testsuite name="arg-ds.metadata" timestamp="2025-09-19T11:40:22Z" hostname="runnervmf4ws1" tests="0" skipped="0" failures="0" errors="0" time="0"/>
  <testsuite name="ds.metadata::arg::setup" timestamp="2025-09-19T11:40:22Z" hostname="runnervmf4ws1" tests="3" skipped="0" failures="0" errors="0" time="7.471">
    <testcase time="7.46799999999996" classname="ds.metadata_arg_setup" name="setup"/>
    <testcase time="0.000999999999976353" classname="ds.metadata_arg_setup" name="setup"/>
    <testcase time="0.00199999999995271" classname="ds.metadata_arg_setup" name="setup"/>
  </testsuite>
  <testsuite name="ds.metadata::arg" timestamp="2025-09-19T11:40:29Z" hostname="runnervmf4ws1" tests="2" skipped="0" failures="0" errors="0" time="0.118">
    <testcase time="0.0510000000000446" classname="ds.metadata_arg" name="missing_variable"/>
    <testcase time="0.0670000000000073" classname="ds.metadata_arg" name="missing_column"/>
  </testsuite>
  <testsuite name="ds.metadata::arg::shutdown" timestamp="2025-09-19T11:40:30Z" hostname="runnervmf4ws1" tests="3" skipped="0" failures="0" errors="0" time="0.052">
    <testcase time="0.0489999999999782" classname="ds.metadata_arg_shutdown" name="shutdown"/>
    <testcase time="0.00200000000006639" classname="ds.metadata_arg_shutdown" name="shutdown"/>
    <testcase time="0.000999999999976353" classname="ds.metadata_arg_shutdown" name="shutdown"/>
  </testsuite>
  <testsuite name="ds.metadata::arg::done" timestamp="2025-09-19T11:40:30Z" hostname="runnervmf4ws1" tests="0" skipped="0" failures="0" errors="0" time="0"/>
  <testsuite name="arg-ds.mice" timestamp="2025-09-19T11:40:30Z" hostname="runnervmf4ws1" tests="0" skipped="0" failures="0" errors="0" time="0"/>
  <testsuite name="ds.mice::arg::test errors" timestamp="2025-09-19T11:40:37Z" hostname="runnervmf4ws1" tests="1" skipped="0" failures="0" errors="0" time="7.419">
    <testcase time="7.41899999999998" classname="ds.mice_arg_test_errors" name="mice_errors"/>
  </testsuite>
  <testsuite name="arg-ds.names" timestamp="2025-09-19T11:40:37Z" hostname="runnervmf4ws1" tests="0" skipped="0" failures="0" errors="0" time="0"/>
  <testsuite name="ds.names::arg::test errors" timestamp="2025-09-19T11:40:44Z" hostname="runnervmf4ws1" tests="7" skipped="0" failures="0" errors="0" time="7.515">
    <testcase time="7.36000000000001" classname="ds.names_arg_test_errors" name="simple_ds.names_errors"/>
    <testcase time="0.000999999999976353" classname="ds.names_arg_test_errors" name="simple_ds.names_errors"/>
    <testcase time="0.149000000000001" classname="ds.names_arg_test_errors" name="simple_ds.names_errors"/>
    <testcase time="0.000999999999976353" classname="ds.names_arg_test_errors" name="simple_ds.names_errors"/>
    <testcase time="0.00200000000006639" classname="ds.names_arg_test_errors" name="simple_ds.names_errors"/>
    <testcase time="0.000999999999976353" classname="ds.names_arg_test_errors" name="simple_ds.names_errors"/>
    <testcase time="0.000999999999976353" classname="ds.names_arg_test_errors" name="simple_ds.names_errors"/>
  </testsuite>
  <testsuite name="arg-ds.ns" timestamp="2025-09-19T11:40:45Z" hostname="runnervmf4ws1" tests="0" skipped="0" failures="0" errors="0" time="0"/>
  <testsuite name="ds.ns::arg::setup" timestamp="2025-09-19T11:40:45Z" hostname="runnervmf4ws1" tests="3" skipped="0" failures="0" errors="0" time="7.542">
    <testcase time="7.53999999999996" classname="ds.ns_arg_setup" name="setup"/>
    <testcase time="0.00100000000009004" classname="ds.ns_arg_setup" name="setup"/>
    <testcase time="0.000999999999976353" classname="ds.ns_arg_setup" name="setup"/>
  </testsuite>
  <testsuite name="ds.ns::arg::test errors" timestamp="2025-09-19T11:40:52Z" hostname="runnervmf4ws1" tests="2" skipped="0" failures="0" errors="0" time="0.014">
    <testcase time="0.00900000000001455" classname="ds.ns_arg_test_errors" name="ns_errors"/>
    <testcase time="0.00499999999999545" classname="ds.ns_arg_test_errors" name="ns_errors"/>
  </testsuite>
  <testsuite name="ds.ns::arg::shutdown" timestamp="2025-09-19T11:40:52Z" hostname="runnervmf4ws1" tests="3" skipped="0" failures="0" errors="0" time="0.06">
    <testcase time="0.0570000000000164" classname="ds.ns_arg_shutdown" name="shutdown"/>
    <testcase time="0.000999999999976353" classname="ds.ns_arg_shutdown" name="shutdown"/>
    <testcase time="0.00199999999995271" classname="ds.ns_arg_shutdown" name="shutdown"/>
  </testsuite>
  <testsuite name="ds.ns::arg::done" timestamp="2025-09-19T11:40:52Z" hostname="runnervmf4ws1" tests="0" skipped="0" failures="0" errors="0" time="0"/>
  <testsuite name="arg-ds.numNA" timestamp="2025-09-19T11:40:52Z" hostname="runnervmf4ws1" tests="0" skipped="0" failures="0" errors="0" time="0"/>
  <testsuite name="ds.numNA::arg::test errors" timestamp="2025-09-19T11:41:00Z" hostname="runnervmf4ws1" tests="1" skipped="0" failures="0" errors="0" time="7.445">
    <testcase time="7.44500000000005" classname="ds.numNA_arg_test_errors" name="simple_ds.numNA_errors"/>
  </testsuite>
  <testsuite name="arg-ds.qlspline" timestamp="2025-09-19T11:41:00Z" hostname="runnervmf4ws1" tests="0" skipped="0" failures="0" errors="0" time="0"/>
  <testsuite name="ds.qlspline::arg::setup" timestamp="2025-09-19T11:41:00Z" hostname="runnervmf4ws1" tests="3" skipped="0" failures="0" errors="0" time="7.469">
    <testcase time="7.46699999999998" classname="ds.qlspline_arg_setup" name="setup"/>
    <testcase time="0.000999999999976353" classname="ds.qlspline_arg_setup" name="setup"/>
    <testcase time="0.000999999999976353" classname="ds.qlspline_arg_setup" name="setup"/>
  </testsuite>
  <testsuite name="ds.qlspline::arg::test errors" timestamp="2025-09-19T11:41:07Z" hostname="runnervmf4ws1" tests="4" skipped="0" failures="0" errors="0" time="0.122">
    <testcase time="0.0230000000000246" classname="ds.qlspline_arg_test_errors" name="qlspline_errors"/>
    <testcase time="0.0040000000000191" classname="ds.qlspline_arg_test_errors" name="qlspline_errors"/>
    <testcase time="0.0480000000000018" classname="ds.qlspline_arg_test_errors" name="qlspline_errors"/>
    <testcase time="0.0470000000000255" classname="ds.qlspline_arg_test_errors" name="qlspline_errors"/>
  </testsuite>
  <testsuite name="ds.qlspline::arg::shutdown" timestamp="2025-09-19T11:41:07Z" hostname="runnervmf4ws1" tests="3" skipped="0" failures="0" errors="0" time="0.056">
    <testcase time="0.0529999999999973" classname="ds.qlspline_arg_shutdown" name="shutdown"/>
    <testcase time="0.00199999999995271" classname="ds.qlspline_arg_shutdown" name="shutdown"/>
    <testcase time="0.00100000000009004" classname="ds.qlspline_arg_shutdown" name="shutdown"/>
  </testsuite>
  <testsuite name="ds.qlspline::arg::done" timestamp="2025-09-19T11:41:07Z" hostname="runnervmf4ws1" tests="0" skipped="0" failures="0" errors="0" time="0"/>
  <testsuite name="arg-ds.quantileMean" timestamp="2025-09-19T11:41:07Z" hostname="runnervmf4ws1" tests="0" skipped="0" failures="0" errors="0" time="0"/>
  <testsuite name="ds.quantileMean::arg::test errors" timestamp="2025-09-19T11:41:15Z" hostname="runnervmf4ws1" tests="3" skipped="0" failures="0" errors="0" time="7.783">
    <testcase time="7.649" classname="ds.quantileMean_arg_test_errors" name="quantileMean_erros"/>
    <testcase time="0.0480000000000018" classname="ds.quantileMean_arg_test_errors" name="quantileMean_erros"/>
    <testcase time="0.085999999999899" classname="ds.quantileMean_arg_test_errors" name="quantileMean_erros"/>
  </testsuite>
  <testsuite name="arg-ds.ranksSecure" timestamp="2025-09-19T11:41:15Z" hostname="runnervmf4ws1" tests="0" skipped="0" failures="0" errors="0" time="0"/>
  <testsuite name="ds.ranksSecure::arg::setup" timestamp="2025-09-19T11:41:15Z" hostname="runnervmf4ws1" tests="3" skipped="0" failures="0" errors="0" time="7.832">
    <testcase time="7.82900000000006" classname="ds.ranksSecure_arg_setup" name="setup"/>
    <testcase time="0.000999999999976353" classname="ds.ranksSecure_arg_setup" name="setup"/>
    <testcase time="0.00200000000006639" classname="ds.ranksSecure_arg_setup" name="setup"/>
  </testsuite>
  <testsuite name="ds.ranksSecure::arg::missing variable" timestamp="2025-09-19T11:41:23Z" hostname="runnervmf4ws1" tests="5" skipped="0" failures="0" errors="0" time="0.136">
    <testcase time="0.129999999999995" classname="ds.ranksSecure_arg_missing_variable" name="missing_variable"/>
    <testcase time="0.00199999999995271" classname="ds.ranksSecure_arg_missing_variable" name="missing_variable"/>
    <testcase time="0.000999999999976353" classname="ds.ranksSecure_arg_missing_variable" name="missing_variable"/>
    <testcase time="0.000999999999976353" classname="ds.ranksSecure_arg_missing_variable" name="missing_variable"/>
    <testcase time="0.00200000000006639" classname="ds.ranksSecure_arg_missing_variable" name="missing_variable"/>
  </testsuite>
  <testsuite name="ds.ranksSecure::arg::NULL variable" timestamp="2025-09-19T11:41:23Z" hostname="runnervmf4ws1" tests="9" skipped="0" failures="0" errors="0" time="0.786">
    <testcase time="0.187000000000012" classname="ds.ranksSecure_arg_NULL_variable" name="NULL_variable"/>
    <testcase time="0.00199999999995271" classname="ds.ranksSecure_arg_NULL_variable" name="NULL_variable"/>
    <testcase time="0.00200000000006639" classname="ds.ranksSecure_arg_NULL_variable" name="NULL_variable"/>
    <testcase time="0.00199999999995271" classname="ds.ranksSecure_arg_NULL_variable" name="NULL_variable"/>
    <testcase time="0.587999999999965" classname="ds.ranksSecure_arg_NULL_variable" name="NULL_variable"/>
    <testcase time="0.000999999999976353" classname="ds.ranksSecure_arg_NULL_variable" name="NULL_variable"/>
    <testcase time="0.00100000000009004" classname="ds.ranksSecure_arg_NULL_variable" name="NULL_variable"/>
    <testcase time="0.00199999999995271" classname="ds.ranksSecure_arg_NULL_variable" name="NULL_variable"/>
    <testcase time="0.000999999999976353" classname="ds.ranksSecure_arg_NULL_variable" name="NULL_variable"/>
  </testsuite>
  <testsuite name="ds.ranksSecure::arg::'text' variable" timestamp="2025-09-19T11:41:24Z" hostname="runnervmf4ws1" tests="5" skipped="0" failures="0" errors="0" time="0.139">
    <testcase time="0.133000000000038" classname="ds.ranksSecure_arg_text_variable" name="_text_variable"/>
    <testcase time="0.00199999999995271" classname="ds.ranksSecure_arg_text_variable" name="_text_variable"/>
    <testcase time="0.00100000000009004" classname="ds.ranksSecure_arg_text_variable" name="_text_variable"/>
    <testcase time="0.000999999999976353" classname="ds.ranksSecure_arg_text_variable" name="_text_variable"/>
    <testcase time="0.00199999999995271" classname="ds.ranksSecure_arg_text_variable" name="_text_variable"/>
  </testsuite>
  <testsuite name="ds.ranksSecure::arg::'logical' variable" timestamp="2025-09-19T11:41:24Z" hostname="runnervmf4ws1" tests="1" skipped="0" failures="0" errors="0" time="2.093">
    <testcase time="2.09300000000007" classname="ds.ranksSecure_arg_logical_variable" name="_logical_variable"/>
  </testsuite>
  <testsuite name="ds.ranksSecure::arg::'integer factor' variable" timestamp="2025-09-19T11:41:26Z" hostname="runnervmf4ws1" tests="5" skipped="0" failures="0" errors="0" time="0.374">
    <testcase time="0.367999999999938" classname="ds.ranksSecure_arg_integer_factor_variable" name="_integer_factor_variable"/>
    <testcase time="0.00200000000006639" classname="ds.ranksSecure_arg_integer_factor_variable" name="_integer_factor_variable"/>
    <testcase time="0.000999999999976353" classname="ds.ranksSecure_arg_integer_factor_variable" name="_integer_factor_variable"/>
    <testcase time="0.000999999999976353" classname="ds.ranksSecure_arg_integer_factor_variable" name="_integer_factor_variable"/>
    <testcase time="0.00199999999995271" classname="ds.ranksSecure_arg_integer_factor_variable" name="_integer_factor_variable"/>
  </testsuite>
  <testsuite name="ds.ranksSecure::arg::shutdown" timestamp="2025-09-19T11:41:26Z" hostname="runnervmf4ws1" tests="3" skipped="0" failures="0" errors="0" time="0.074">
    <testcase time="0.0710000000000264" classname="ds.ranksSecure_arg_shutdown" name="setup"/>
    <testcase time="0.000999999999976353" classname="ds.ranksSecure_arg_shutdown" name="setup"/>
    <testcase time="0.00200000000006639" classname="ds.ranksSecure_arg_shutdown" name="setup"/>
  </testsuite>
  <testsuite name="ds.ranksSecure::arg::done" timestamp="2025-09-19T11:41:27Z" hostname="runnervmf4ws1" tests="0" skipped="0" failures="0" errors="0" time="0"/>
  <testsuite name="arg-ds.rbind" timestamp="2025-09-19T11:41:27Z" hostname="runnervmf4ws1" tests="0" skipped="0" failures="0" errors="0" time="0"/>
  <testsuite name="ds.rbind::arg::test errors" timestamp="2025-09-19T11:41:34Z" hostname="runnervmf4ws1" tests="1" skipped="0" failures="0" errors="0" time="7.433">
    <testcase time="7.43299999999999" classname="ds.rbind_arg_test_errors" name="rbind_erros"/>
  </testsuite>
  <testsuite name="arg-ds.rBinom" timestamp="2025-09-19T11:41:34Z" hostname="runnervmf4ws1" tests="0" skipped="0" failures="0" errors="0" time="0"/>
  <testsuite name="ds.rBinom::arg::test errors" timestamp="2025-09-19T11:41:41Z" hostname="runnervmf4ws1" tests="2" skipped="0" failures="0" errors="0" time="7.461">
    <testcase time="7.45999999999992" classname="ds.rBinom_arg_test_errors" name="rBinom_erros"/>
    <testcase time="0.00100000000009004" classname="ds.rBinom_arg_test_errors" name="rBinom_erros"/>
  </testsuite>
  <testsuite name="arg-ds.recodeLevels" timestamp="2025-09-19T11:41:42Z" hostname="runnervmf4ws1" tests="0" skipped="0" failures="0" errors="0" time="0"/>
  <testsuite name="ds.recodeLevels::arg::test errors" timestamp="2025-09-19T11:41:49Z" hostname="runnervmf4ws1" tests="4" skipped="0" failures="0" errors="0" time="7.855">
    <testcase time="7.43399999999997" classname="ds.recodeLevels_arg_test_errors" name="recodeLevels_erros"/>
    <testcase time="0.0399999999999636" classname="ds.recodeLevels_arg_test_errors" name="recodeLevels_erros"/>
    <testcase time="0.08400000000006" classname="ds.recodeLevels_arg_test_errors" name="recodeLevels_erros"/>
    <testcase time="0.297000000000025" classname="ds.recodeLevels_arg_test_errors" name="recodeLevels_erros"/>
  </testsuite>
  <testsuite name="arg-ds.recodeValues" timestamp="2025-09-19T11:41:49Z" hostname="runnervmf4ws1" tests="0" skipped="0" failures="0" errors="0" time="0"/>
  <testsuite name="ds.recodeValues::arg::test errors" timestamp="2025-09-19T11:41:57Z" hostname="runnervmf4ws1" tests="7" skipped="0" failures="0" errors="0" time="7.971">
    <testcase time="7.55399999999997" classname="ds.recodeValues_arg_test_errors" name="recodeValues_erros"/>
    <testcase time="0.103999999999928" classname="ds.recodeValues_arg_test_errors" name="recodeValues_erros"/>
    <testcase time="0.0640000000000782" classname="ds.recodeValues_arg_test_errors" name="recodeValues_erros"/>
    <testcase time="0.0799999999999272" classname="ds.recodeValues_arg_test_errors" name="recodeValues_erros"/>
    <testcase time="0.0570000000000164" classname="ds.recodeValues_arg_test_errors" name="recodeValues_erros"/>
    <testcase time="0.0539999999999736" classname="ds.recodeValues_arg_test_errors" name="recodeValues_erros"/>
    <testcase time="0.0580000000001064" classname="ds.recodeValues_arg_test_errors" name="recodeValues_erros"/>
  </testsuite>
  <testsuite name="arg-ds.rep" timestamp="2025-09-19T11:41:57Z" hostname="runnervmf4ws1" tests="0" skipped="0" failures="0" errors="0" time="0"/>
  <testsuite name="ds.rep::arg::setup" timestamp="2025-09-19T11:41:57Z" hostname="runnervmf4ws1" tests="0" skipped="0" failures="0" errors="0" time="0"/>
  <testsuite name="ds.rep::arg::test errors" timestamp="2025-09-19T11:42:05Z" hostname="runnervmf4ws1" tests="1" skipped="0" failures="0" errors="0" time="7.587">
    <testcase time="7.58699999999999" classname="ds.rep_arg_test_errors" name="ds.rep_erros"/>
  </testsuite>
  <testsuite name="ds.rep::arg::shutdown" timestamp="2025-09-19T11:42:05Z" hostname="runnervmf4ws1" tests="0" skipped="0" failures="0" errors="0" time="0"/>
  <testsuite name="ds.rep::arg::done" timestamp="2025-09-19T11:42:05Z" hostname="runnervmf4ws1" tests="0" skipped="0" failures="0" errors="0" time="0"/>
  <testsuite name="arg-ds.replaceNA" timestamp="2025-09-19T11:42:05Z" hostname="runnervmf4ws1" tests="0" skipped="0" failures="0" errors="0" time="0"/>
  <testsuite name="ds.replaceNA::arg::test errors" timestamp="2025-09-19T11:42:12Z" hostname="runnervmf4ws1" tests="2" skipped="0" failures="0" errors="0" time="7.533">
    <testcase time="7.45299999999997" classname="ds.replaceNA_arg_test_errors" name="simple_ds.replaceNA_errors"/>
    <testcase time="0.0799999999999272" classname="ds.replaceNA_arg_test_errors" name="simple_ds.replaceNA_errors"/>
  </testsuite>
  <testsuite name="arg-ds.reShape" timestamp="2025-09-19T11:42:13Z" hostname="runnervmf4ws1" tests="0" skipped="0" failures="0" errors="0" time="0"/>
  <testsuite name="ds.reShape::arg::test errors" timestamp="2025-09-19T11:42:20Z" hostname="runnervmf4ws1" tests="4" skipped="0" failures="0" errors="0" time="7.538">
    <testcase time="7.476" classname="ds.reShape_arg_test_errors" name="reShape_erros"/>
    <testcase time="0.0520000000000209" classname="ds.reShape_arg_test_errors" name="reShape_erros"/>
    <testcase time="0.00499999999999545" classname="ds.reShape_arg_test_errors" name="reShape_erros"/>
    <testcase time="0.00499999999999545" classname="ds.reShape_arg_test_errors" name="reShape_erros"/>
  </testsuite>
  <testsuite name="arg-ds.rm" timestamp="2025-09-19T11:42:20Z" hostname="runnervmf4ws1" tests="0" skipped="0" failures="0" errors="0" time="0"/>
  <testsuite name="ds.rm::arg::test errors" timestamp="2025-09-19T11:42:27Z" hostname="runnervmf4ws1" tests="1" skipped="0" failures="0" errors="0" time="7.467">
    <testcase time="7.4670000000001" classname="ds.rm_arg_test_errors" name="ds.rm_erros"/>
  </testsuite>
  <testsuite name="arg-ds.rNorm" timestamp="2025-09-19T11:42:28Z" hostname="runnervmf4ws1" tests="0" skipped="0" failures="0" errors="0" time="0"/>
  <testsuite name="ds.rNorm::arg::test errors" timestamp="2025-09-19T11:42:35Z" hostname="runnervmf4ws1" tests="2" skipped="0" failures="0" errors="0" time="7.457">
    <testcase time="7.45499999999993" classname="ds.rNorm_arg_test_errors" name="rNorm_erros"/>
    <testcase time="0.00200000000006639" classname="ds.rNorm_arg_test_errors" name="rNorm_erros"/>
  </testsuite>
  <testsuite name="arg-ds.rowColCalc" timestamp="2025-09-19T11:42:35Z" hostname="runnervmf4ws1" tests="0" skipped="0" failures="0" errors="0" time="0"/>
  <testsuite name="ds.rowColCalc::arg::test errors" timestamp="2025-09-19T11:42:42Z" hostname="runnervmf4ws1" tests="3" skipped="0" failures="0" errors="0" time="8.023">
    <testcase time="7.41099999999994" classname="ds.rowColCalc_arg_test_errors" name="rowColCalc_errors"/>
    <testcase time="0.305000000000064" classname="ds.rowColCalc_arg_test_errors" name="rowColCalc_errors"/>
    <testcase time="0.306999999999903" classname="ds.rowColCalc_arg_test_errors" name="rowColCalc_errors"/>
  </testsuite>
  <testsuite name="arg-ds.rPois" timestamp="2025-09-19T11:42:43Z" hostname="runnervmf4ws1" tests="0" skipped="0" failures="0" errors="0" time="0"/>
  <testsuite name="ds.rPois::arg::test errors" timestamp="2025-09-19T11:42:50Z" hostname="runnervmf4ws1" tests="2" skipped="0" failures="0" errors="0" time="7.466">
    <testcase time="7.46500000000003" classname="ds.rPois_arg_test_errors" name="rPois_erros"/>
    <testcase time="0.000999999999976353" classname="ds.rPois_arg_test_errors" name="rPois_erros"/>
  </testsuite>
  <testsuite name="arg-ds.rUnif" timestamp="2025-09-19T11:42:51Z" hostname="runnervmf4ws1" tests="0" skipped="0" failures="0" errors="0" time="0"/>
  <testsuite name="ds.rUnif::arg::test errors" timestamp="2025-09-19T11:42:58Z" hostname="runnervmf4ws1" tests="2" skipped="0" failures="0" errors="0" time="7.393">
    <testcase time="7.39200000000005" classname="ds.rUnif_arg_test_errors" name="rUnif_erros"/>
    <testcase time="0.000999999999976353" classname="ds.rUnif_arg_test_errors" name="rUnif_erros"/>
  </testsuite>
  <testsuite name="arg-ds.sample" timestamp="2025-09-19T11:42:58Z" hostname="runnervmf4ws1" tests="0" skipped="0" failures="0" errors="0" time="0"/>
  <testsuite name="ds.sample::arg::setup" timestamp="2025-09-19T11:42:58Z" hostname="runnervmf4ws1" tests="0" skipped="0" failures="0" errors="0" time="0"/>
  <testsuite name="ds.sample::arg::test errors" timestamp="2025-09-19T11:43:05Z" hostname="runnervmf4ws1" tests="3" skipped="0" failures="0" errors="0" time="7.51">
    <testcase time="7.44000000000005" classname="ds.sample_arg_test_errors" name="cov_erros"/>
    <testcase time="0.0679999999999836" classname="ds.sample_arg_test_errors" name="cov_erros"/>
    <testcase time="0.00199999999995271" classname="ds.sample_arg_test_errors" name="cov_erros"/>
  </testsuite>
  <testsuite name="ds.sample::arg::shutdown" timestamp="2025-09-19T11:43:05Z" hostname="runnervmf4ws1" tests="0" skipped="0" failures="0" errors="0" time="0"/>
  <testsuite name="ds.sample::arg::done" timestamp="2025-09-19T11:43:05Z" hostname="runnervmf4ws1" tests="0" skipped="0" failures="0" errors="0" time="0"/>
  <testsuite name="arg-ds.seq" timestamp="2025-09-19T11:43:05Z" hostname="runnervmf4ws1" tests="0" skipped="0" failures="0" errors="0" time="0"/>
  <testsuite name="ds.seq::arg::test errors" timestamp="2025-09-19T11:43:13Z" hostname="runnervmf4ws1" tests="1" skipped="0" failures="0" errors="0" time="7.41">
    <testcase time="7.40999999999997" classname="ds.seq_arg_test_errors" name="seq_erros"/>
  </testsuite>
  <testsuite name="arg-ds.setSeed" timestamp="2025-09-19T11:43:13Z" hostname="runnervmf4ws1" tests="0" skipped="0" failures="0" errors="0" time="0"/>
  <testsuite name="ds.setSeed::arg::test errors" timestamp="2025-09-19T11:43:20Z" hostname="runnervmf4ws1" tests="1" skipped="0" failures="0" errors="0" time="7.54">
    <testcase time="7.54000000000008" classname="ds.setSeed_arg_test_errors" name="setSeed_erros"/>
  </testsuite>
  <testsuite name="arg-ds.skewness" timestamp="2025-09-19T11:43:20Z" hostname="runnervmf4ws1" tests="0" skipped="0" failures="0" errors="0" time="0"/>
  <testsuite name="ds.skewness::arg::setup" timestamp="2025-09-19T11:43:20Z" hostname="runnervmf4ws1" tests="3" skipped="0" failures="0" errors="0" time="7.568">
    <testcase time="7.56499999999994" classname="ds.skewness_arg_setup" name="setup"/>
    <testcase time="0.00200000000006639" classname="ds.skewness_arg_setup" name="setup"/>
    <testcase time="0.000999999999976353" classname="ds.skewness_arg_setup" name="setup"/>
  </testsuite>
  <testsuite name="ds.skewness::arg::test errors" timestamp="2025-09-19T11:43:28Z" hostname="runnervmf4ws1" tests="4" skipped="0" failures="0" errors="0" time="0.093">
    <testcase time="0.00900000000001455" classname="ds.skewness_arg_test_errors" name="skewness_erros"/>
    <testcase time="0.0739999999999554" classname="ds.skewness_arg_test_errors" name="skewness_erros"/>
    <testcase time="0.00499999999999545" classname="ds.skewness_arg_test_errors" name="skewness_erros"/>
    <testcase time="0.00499999999999545" classname="ds.skewness_arg_test_errors" name="skewness_erros"/>
  </testsuite>
  <testsuite name="ds.skewness::arg::shutdown" timestamp="2025-09-19T11:43:28Z" hostname="runnervmf4ws1" tests="3" skipped="0" failures="0" errors="0" time="0.057">
    <testcase time="0.0539999999999736" classname="ds.skewness_arg_shutdown" name="shutdown"/>
    <testcase time="0.00200000000006639" classname="ds.skewness_arg_shutdown" name="shutdown"/>
    <testcase time="0.000999999999976353" classname="ds.skewness_arg_shutdown" name="shutdown"/>
  </testsuite>
  <testsuite name="ds.skewness::arg::done" timestamp="2025-09-19T11:43:28Z" hostname="runnervmf4ws1" tests="0" skipped="0" failures="0" errors="0" time="0"/>
  <testsuite name="arg-ds.subset" timestamp="2025-09-19T11:43:28Z" hostname="runnervmf4ws1" tests="0" skipped="0" failures="0" errors="0" time="0"/>
  <testsuite name="ds.subset::arg::test errors" timestamp="2025-09-19T11:43:35Z" hostname="runnervmf4ws1" tests="1" skipped="0" failures="0" errors="0" time="7.498">
    <testcase time="7.49800000000005" classname="ds.subset_arg_test_errors" name="subset_erros"/>
  </testsuite>
  <testsuite name="arg-ds.subsetByClass" timestamp="2025-09-19T11:43:36Z" hostname="runnervmf4ws1" tests="0" skipped="0" failures="0" errors="0" time="0"/>
  <testsuite name="ds.subsetByClass::arg::test errors" timestamp="2025-09-19T11:43:43Z" hostname="runnervmf4ws1" tests="2" skipped="0" failures="0" errors="0" time="7.589">
    <testcase time="7.45499999999993" classname="ds.subsetByClass_arg_test_errors" name="subsetByClass_erros"/>
    <testcase time="0.134000000000015" classname="ds.subsetByClass_arg_test_errors" name="subsetByClass_erros"/>
  </testsuite>
  <testsuite name="arg-ds.summary" timestamp="2025-09-19T11:43:43Z" hostname="runnervmf4ws1" tests="0" skipped="0" failures="0" errors="0" time="0"/>
  <testsuite name="ds.summary::arg::test errors" timestamp="2025-09-19T11:43:50Z" hostname="runnervmf4ws1" tests="1" skipped="0" failures="0" errors="0" time="7.5">
    <testcase time="7.5" classname="ds.summary_arg_test_errors" name="summary_erros"/>
  </testsuite>
  <testsuite name="arg-ds.table" timestamp="2025-09-19T11:43:51Z" hostname="runnervmf4ws1" tests="0" skipped="0" failures="0" errors="0" time="0"/>
  <testsuite name="ds.table::arg::test rvar has value" timestamp="2025-09-19T11:43:58Z" hostname="runnervmf4ws1" tests="1" skipped="0" failures="0" errors="0" time="7.524">
    <testcase time="7.524" classname="ds.table_arg_test_rvar_has_value" name="table_rvar_has_value"/>
  </testsuite>
  <testsuite name="ds.table::arg::test rvar is not a variable" timestamp="2025-09-19T11:43:58Z" hostname="runnervmf4ws1" tests="2" skipped="0" failures="0" errors="0" time="0.933">
    <testcase time="0.932000000000016" classname="ds.table_arg_test_rvar_is_not_a_variable" name="table_rvar_is_not_a_variable"/>
    <testcase time="0.000999999999976353" classname="ds.table_arg_test_rvar_is_not_a_variable" name="table_rvar_is_not_a_variable"/>
  </testsuite>
  <testsuite name="ds.table::arg::test cvar has value" timestamp="2025-09-19T11:43:59Z" hostname="runnervmf4ws1" tests="1" skipped="0" failures="0" errors="0" time="0.049">
    <testcase time="0.0489999999999782" classname="ds.table_arg_test_cvar_has_value" name="table_cvar_has_value"/>
  </testsuite>
  <testsuite name="ds.table::arg::test cvar is not a variable" timestamp="2025-09-19T11:43:59Z" hostname="runnervmf4ws1" tests="2" skipped="0" failures="0" errors="0" time="0.095">
    <testcase time="0.0930000000000746" classname="ds.table_arg_test_cvar_is_not_a_variable" name="table_cvar_is_not_a_variable"/>
    <testcase time="0.00199999999995271" classname="ds.table_arg_test_cvar_is_not_a_variable" name="table_cvar_is_not_a_variable"/>
  </testsuite>
  <testsuite name="ds.table::arg::test stvar has value" timestamp="2025-09-19T11:43:59Z" hostname="runnervmf4ws1" tests="1" skipped="0" failures="0" errors="0" time="0.058">
    <testcase time="0.0579999999999927" classname="ds.table_arg_test_stvar_has_value" name="table_stvar_has_value"/>
  </testsuite>
  <testsuite name="ds.table::arg::test stvar is not a variable" timestamp="2025-09-19T11:43:59Z" hostname="runnervmf4ws1" tests="2" skipped="0" failures="0" errors="0" time="0.155">
    <testcase time="0.153999999999996" classname="ds.table_arg_test_stvar_is_not_a_variable" name="table_stvar_is_not_a_variable"/>
    <testcase time="0.000999999999976353" classname="ds.table_arg_test_stvar_is_not_a_variable" name="table_stvar_is_not_a_variable"/>
  </testsuite>
  <testsuite name="ds.table::arg::test stvar has CORRECT value" timestamp="2025-09-19T11:43:59Z" hostname="runnervmf4ws1" tests="1" skipped="0" failures="0" errors="0" time="0.068">
    <testcase time="0.0680000000000973" classname="ds.table_arg_test_stvar_has_CORRECT_value" name="table_useNA_has_value"/>
  </testsuite>
  <testsuite name="ds.table::arg::test force.nfilter has value" timestamp="2025-09-19T11:43:59Z" hostname="runnervmf4ws1" tests="1" skipped="0" failures="0" errors="0" time="0.063">
    <testcase time="0.0629999999999882" classname="ds.table_arg_test_force.nfilter_has_value" name="table_force.nfilter_has_value"/>
  </testsuite>
  <testsuite name="arg-ds.table1D" timestamp="2025-09-19T11:44:00Z" hostname="runnervmf4ws1" tests="0" skipped="0" failures="0" errors="0" time="0"/>
  <testsuite name="ds.table1D::arg::test errors" timestamp="2025-09-19T11:44:07Z" hostname="runnervmf4ws1" tests="2" skipped="0" failures="0" errors="0" time="7.714">
    <testcase time="7.52199999999993" classname="ds.table1D_arg_test_errors" name="table1D_erros"/>
    <testcase time="0.192000000000007" classname="ds.table1D_arg_test_errors" name="table1D_erros"/>
  </testsuite>
  <testsuite name="arg-ds.table2D" timestamp="2025-09-19T11:44:07Z" hostname="runnervmf4ws1" tests="0" skipped="0" failures="0" errors="0" time="0"/>
  <testsuite name="ds.table2D::arg::test errors" timestamp="2025-09-19T11:44:15Z" hostname="runnervmf4ws1" tests="1" skipped="0" failures="0" errors="0" time="7.476">
    <testcase time="7.476" classname="ds.table2D_arg_test_errors" name="table2D_erros"/>
  </testsuite>
  <testsuite name="arg-ds.tapply.assign" timestamp="2025-09-19T11:44:15Z" hostname="runnervmf4ws1" tests="0" skipped="0" failures="0" errors="0" time="0"/>
  <testsuite name="ds.tapply.assign::arg::test errors" timestamp="2025-09-19T11:44:22Z" hostname="runnervmf4ws1" tests="8" skipped="0" failures="0" errors="0" time="7.712">
    <testcase time="7.51200000000006" classname="ds.tapply.assign_arg_test_errors" name="tapply_erros"/>
    <testcase time="0.000999999999976353" classname="ds.tapply.assign_arg_test_errors" name="tapply_erros"/>
    <testcase time="0.09699999999998" classname="ds.tapply.assign_arg_test_errors" name="tapply_erros"/>
    <testcase time="0.000999999999976353" classname="ds.tapply.assign_arg_test_errors" name="tapply_erros"/>
    <testcase time="0.00100000000009004" classname="ds.tapply.assign_arg_test_errors" name="tapply_erros"/>
    <testcase time="0.000999999999976353" classname="ds.tapply.assign_arg_test_errors" name="tapply_erros"/>
    <testcase time="0.0910000000000082" classname="ds.tapply.assign_arg_test_errors" name="tapply_erros"/>
    <testcase time="0.00799999999992451" classname="ds.tapply.assign_arg_test_errors" name="tapply_erros"/>
  </testsuite>
  <testsuite name="arg-ds.tapply" timestamp="2025-09-19T11:44:23Z" hostname="runnervmf4ws1" tests="0" skipped="0" failures="0" errors="0" time="0"/>
  <testsuite name="ds.tapply::arg::test errors" timestamp="2025-09-19T11:44:30Z" hostname="runnervmf4ws1" tests="8" skipped="0" failures="0" errors="0" time="7.664">
    <testcase time="7.46699999999998" classname="ds.tapply_arg_test_errors" name="tapply_erros"/>
    <testcase time="0.00100000000009004" classname="ds.tapply_arg_test_errors" name="tapply_erros"/>
    <testcase time="0.0789999999999509" classname="ds.tapply_arg_test_errors" name="tapply_erros"/>
    <testcase time="0.000999999999976353" classname="ds.tapply_arg_test_errors" name="tapply_erros"/>
    <testcase time="0.00100000000009004" classname="ds.tapply_arg_test_errors" name="tapply_erros"/>
    <testcase time="0.00199999999995271" classname="ds.tapply_arg_test_errors" name="tapply_erros"/>
    <testcase time="0.11099999999999" classname="ds.tapply_arg_test_errors" name="tapply_erros"/>
    <testcase time="0.00199999999995271" classname="ds.tapply_arg_test_errors" name="tapply_erros"/>
  </testsuite>
  <testsuite name="arg-ds.testObjExists" timestamp="2025-09-19T11:44:30Z" hostname="runnervmf4ws1" tests="0" skipped="0" failures="0" errors="0" time="0"/>
  <testsuite name="ds.testObjExists::arg::test errors" timestamp="2025-09-19T11:44:37Z" hostname="runnervmf4ws1" tests="1" skipped="0" failures="0" errors="0" time="7.479">
    <testcase time="7.47900000000004" classname="ds.testObjExists_arg_test_errors" name="testObjExists_erros"/>
  </testsuite>
  <testsuite name="arg-ds.unique" timestamp="2025-09-19T11:44:38Z" hostname="runnervmf4ws1" tests="0" skipped="0" failures="0" errors="0" time="0"/>
  <testsuite name="ds.unique::arg::no arguments" timestamp="2025-09-19T11:44:45Z" hostname="runnervmf4ws1" tests="1" skipped="0" failures="0" errors="0" time="7.558">
    <testcase time="7.55799999999999" classname="ds.unique_arg_no_arguments" name="simple_ds.unique_no_arguments"/>
  </testsuite>
  <testsuite name="ds.unique::arg::NULL arguments" timestamp="2025-09-19T11:44:45Z" hostname="runnervmf4ws1" tests="1" skipped="0" failures="0" errors="0" time="0.021">
    <testcase time="0.0210000000000719" classname="ds.unique_arg_NULL_arguments" name="simple_ds.unique_NULL_arguments"/>
  </testsuite>
  <testsuite name="arg-ds.unList" timestamp="2025-09-19T11:44:45Z" hostname="runnervmf4ws1" tests="0" skipped="0" failures="0" errors="0" time="0"/>
  <testsuite name="ds.unList::arg::test errors" timestamp="2025-09-19T11:44:52Z" hostname="runnervmf4ws1" tests="1" skipped="0" failures="0" errors="0" time="7.453">
    <testcase time="7.45299999999997" classname="ds.unList_arg_test_errors" name="unList_erros"/>
  </testsuite>
  <testsuite name="arg-ds.var" timestamp="2025-09-19T11:44:53Z" hostname="runnervmf4ws1" tests="0" skipped="0" failures="0" errors="0" time="0"/>
  <testsuite name="ds.var::arg::test errors" timestamp="2025-09-19T11:45:00Z" hostname="runnervmf4ws1" tests="2" skipped="0" failures="0" errors="0" time="7.888">
    <testcase time="7.69299999999998" classname="ds.var_arg_test_errors" name="var_erros"/>
    <testcase time="0.194999999999936" classname="ds.var_arg_test_errors" name="var_erros"/>
  </testsuite>
  <testsuite name="arg-ds.vectorCalc" timestamp="2025-09-19T11:45:01Z" hostname="runnervmf4ws1" tests="0" skipped="0" failures="0" errors="0" time="0"/>
  <testsuite name="ds.vectorCalc::arg::test errors" timestamp="2025-09-19T11:45:08Z" hostname="runnervmf4ws1" tests="1" skipped="0" failures="0" errors="0" time="7.504">
    <testcase time="7.50400000000002" classname="ds.vectorCalc_arg_test_errors" name="ds.vectorCalc_erros"/>
  </testsuite>
  <testsuite name="datachk-ANTHRO" timestamp="2025-09-19T11:45:08Z" hostname="runnervmf4ws1" tests="0" skipped="0" failures="0" errors="0" time="0"/>
  <testsuite name="ANTHRO::datachk::setup" timestamp="2025-09-19T11:45:08Z" hostname="runnervmf4ws1" tests="3" skipped="0" failures="0" errors="0" time="7.495">
    <testcase time="7.49200000000008" classname="ANTHRO_datachk_setup" name="setup"/>
    <testcase time="0.000999999999976353" classname="ANTHRO_datachk_setup" name="setup"/>
    <testcase time="0.00199999999995271" classname="ANTHRO_datachk_setup" name="setup"/>
  </testsuite>
  <testsuite name="ANTHRO::datachk" timestamp="2025-09-19T11:45:15Z" hostname="runnervmf4ws1" tests="102" skipped="0" failures="0" errors="0" time="1.132">
    <testcase time="0.0890000000000555" classname="ANTHRO_datachk" name="Check_ANTHRO_dataset"/>
    <testcase time="0.00199999999995271" classname="ANTHRO_datachk" name="Check_ANTHRO_dataset"/>
    <testcase time="0.00499999999999545" classname="ANTHRO_datachk" name="Check_ANTHRO_dataset"/>
    <testcase time="0.00200000000006639" classname="ANTHRO_datachk" name="Check_ANTHRO_dataset"/>
    <testcase time="0.00399999999990541" classname="ANTHRO_datachk" name="Check_ANTHRO_dataset"/>
    <testcase time="0.00100000000009004" classname="ANTHRO_datachk" name="Check_ANTHRO_dataset"/>
    <testcase time="0.00299999999992906" classname="ANTHRO_datachk" name="Check_ANTHRO_dataset"/>
    <testcase time="0.0460000000000491" classname="ANTHRO_datachk" name="Check_ANTHRO_dataset"/>
    <testcase time="0.000999999999976353" classname="ANTHRO_datachk" name="Check_ANTHRO_dataset"/>
    <testcase time="0.00199999999995271" classname="ANTHRO_datachk" name="Check_ANTHRO_dataset"/>
    <testcase time="0.00100000000009004" classname="ANTHRO_datachk" name="Check_ANTHRO_dataset"/>
    <testcase time="0.00799999999992451" classname="ANTHRO_datachk" name="Check_ANTHRO_dataset"/>
    <testcase time="0.00100000000009004" classname="ANTHRO_datachk" name="Check_ANTHRO_dataset"/>
    <testcase time="0.000999999999976353" classname="ANTHRO_datachk" name="Check_ANTHRO_dataset"/>
    <testcase time="0.00199999999995271" classname="ANTHRO_datachk" name="Check_ANTHRO_dataset"/>
    <testcase time="0.129999999999995" classname="ANTHRO_datachk" name="Check_ANTHRO_dataset"/>
    <testcase time="0.000999999999976353" classname="ANTHRO_datachk" name="Check_ANTHRO_dataset"/>
    <testcase time="0.00200000000006639" classname="ANTHRO_datachk" name="Check_ANTHRO_dataset"/>
    <testcase time="0.000999999999976353" classname="ANTHRO_datachk" name="Check_ANTHRO_dataset"/>
    <testcase time="0.000999999999976353" classname="ANTHRO_datachk" name="Check_ANTHRO_dataset"/>
    <testcase time="0.00200000000006639" classname="ANTHRO_datachk" name="Check_ANTHRO_dataset"/>
    <testcase time="0.000999999999976353" classname="ANTHRO_datachk" name="Check_ANTHRO_dataset"/>
    <testcase time="0.0819999999999936" classname="ANTHRO_datachk" name="Check_ANTHRO_dataset"/>
    <testcase time="0.000999999999976353" classname="ANTHRO_datachk" name="Check_ANTHRO_dataset"/>
    <testcase time="0.00200000000006639" classname="ANTHRO_datachk" name="Check_ANTHRO_dataset"/>
    <testcase time="0.000999999999976353" classname="ANTHRO_datachk" name="Check_ANTHRO_dataset"/>
    <testcase time="0.000999999999976353" classname="ANTHRO_datachk" name="Check_ANTHRO_dataset"/>
    <testcase time="0.000999999999976353" classname="ANTHRO_datachk" name="Check_ANTHRO_dataset"/>
    <testcase time="0.00200000000006639" classname="ANTHRO_datachk" name="Check_ANTHRO_dataset"/>
    <testcase time="0.0430000000000064" classname="ANTHRO_datachk" name="Check_ANTHRO_dataset"/>
    <testcase time="0.000999999999976353" classname="ANTHRO_datachk" name="Check_ANTHRO_dataset"/>
    <testcase time="0.00199999999995271" classname="ANTHRO_datachk" name="Check_ANTHRO_dataset"/>
    <testcase time="0.000999999999976353" classname="ANTHRO_datachk" name="Check_ANTHRO_dataset"/>
    <testcase time="0.00100000000009004" classname="ANTHRO_datachk" name="Check_ANTHRO_dataset"/>
    <testcase time="0.000999999999976353" classname="ANTHRO_datachk" name="Check_ANTHRO_dataset"/>
    <testcase time="0.00199999999995271" classname="ANTHRO_datachk" name="Check_ANTHRO_dataset"/>
    <testcase time="0.000999999999976353" classname="ANTHRO_datachk" name="Check_ANTHRO_dataset"/>
    <testcase time="0.00200000000006639" classname="ANTHRO_datachk" name="Check_ANTHRO_dataset"/>
    <testcase time="0.0989999999999327" classname="ANTHRO_datachk" name="Check_ANTHRO_dataset"/>
    <testcase time="0.00200000000006639" classname="ANTHRO_datachk" name="Check_ANTHRO_dataset"/>
    <testcase time="0.000999999999976353" classname="ANTHRO_datachk" name="Check_ANTHRO_dataset"/>
    <testcase time="0.000999999999976353" classname="ANTHRO_datachk" name="Check_ANTHRO_dataset"/>
    <testcase time="0.00200000000006639" classname="ANTHRO_datachk" name="Check_ANTHRO_dataset"/>
    <testcase time="0.000999999999976353" classname="ANTHRO_datachk" name="Check_ANTHRO_dataset"/>
    <testcase time="0.00199999999995271" classname="ANTHRO_datachk" name="Check_ANTHRO_dataset"/>
    <testcase time="0.0490000000000919" classname="ANTHRO_datachk" name="Check_ANTHRO_dataset"/>
    <testcase time="0.00199999999995271" classname="ANTHRO_datachk" name="Check_ANTHRO_dataset"/>
    <testcase time="0.000999999999976353" classname="ANTHRO_datachk" name="Check_ANTHRO_dataset"/>
    <testcase time="0.00200000000006639" classname="ANTHRO_datachk" name="Check_ANTHRO_dataset"/>
    <testcase time="0.000999999999976353" classname="ANTHRO_datachk" name="Check_ANTHRO_dataset"/>
    <testcase time="0.00199999999995271" classname="ANTHRO_datachk" name="Check_ANTHRO_dataset"/>
    <testcase time="0.000999999999976353" classname="ANTHRO_datachk" name="Check_ANTHRO_dataset"/>
    <testcase time="0.00100000000009004" classname="ANTHRO_datachk" name="Check_ANTHRO_dataset"/>
    <testcase time="0.00199999999995271" classname="ANTHRO_datachk" name="Check_ANTHRO_dataset"/>
    <testcase time="0.102999999999952" classname="ANTHRO_datachk" name="Check_ANTHRO_dataset"/>
    <testcase time="0.00200000000006639" classname="ANTHRO_datachk" name="Check_ANTHRO_dataset"/>
    <testcase time="0.000999999999976353" classname="ANTHRO_datachk" name="Check_ANTHRO_dataset"/>
    <testcase time="0.00199999999995271" classname="ANTHRO_datachk" name="Check_ANTHRO_dataset"/>
    <testcase time="0.00100000000009004" classname="ANTHRO_datachk" name="Check_ANTHRO_dataset"/>
    <testcase time="0.000999999999976353" classname="ANTHRO_datachk" name="Check_ANTHRO_dataset"/>
    <testcase time="0.00199999999995271" classname="ANTHRO_datachk" name="Check_ANTHRO_dataset"/>
    <testcase time="0.0529999999999973" classname="ANTHRO_datachk" name="Check_ANTHRO_dataset"/>
    <testcase time="0.00200000000006639" classname="ANTHRO_datachk" name="Check_ANTHRO_dataset"/>
    <testcase time="0.00299999999992906" classname="ANTHRO_datachk" name="Check_ANTHRO_dataset"/>
    <testcase time="0.00200000000006639" classname="ANTHRO_datachk" name="Check_ANTHRO_dataset"/>
    <testcase time="0.00299999999992906" classname="ANTHRO_datachk" name="Check_ANTHRO_dataset"/>
    <testcase time="0.00100000000009004" classname="ANTHRO_datachk" name="Check_ANTHRO_dataset"/>
    <testcase time="0.00199999999995271" classname="ANTHRO_datachk" name="Check_ANTHRO_dataset"/>
    <testcase time="0.000999999999976353" classname="ANTHRO_datachk" name="Check_ANTHRO_dataset"/>
    <testcase time="0.00200000000006639" classname="ANTHRO_datachk" name="Check_ANTHRO_dataset"/>
    <testcase time="0.106999999999971" classname="ANTHRO_datachk" name="Check_ANTHRO_dataset"/>
    <testcase time="0.000999999999976353" classname="ANTHRO_datachk" name="Check_ANTHRO_dataset"/>
    <testcase time="0.0080000000000382" classname="ANTHRO_datachk" name="Check_ANTHRO_dataset"/>
    <testcase time="0.00199999999995271" classname="ANTHRO_datachk" name="Check_ANTHRO_dataset"/>
    <testcase time="0.000999999999976353" classname="ANTHRO_datachk" name="Check_ANTHRO_dataset"/>
    <testcase time="0.00100000000009004" classname="ANTHRO_datachk" name="Check_ANTHRO_dataset"/>
    <testcase time="0.000999999999976353" classname="ANTHRO_datachk" name="Check_ANTHRO_dataset"/>
    <testcase time="0.0439999999999827" classname="ANTHRO_datachk" name="Check_ANTHRO_dataset"/>
    <testcase time="0.000999999999976353" classname="ANTHRO_datachk" name="Check_ANTHRO_dataset"/>
    <testcase time="0.00200000000006639" classname="ANTHRO_datachk" name="Check_ANTHRO_dataset"/>
    <testcase time="0.000999999999976353" classname="ANTHRO_datachk" name="Check_ANTHRO_dataset"/>
    <testcase time="0.00199999999995271" classname="ANTHRO_datachk" name="Check_ANTHRO_dataset"/>
    <testcase time="0.00100000000009004" classname="ANTHRO_datachk" name="Check_ANTHRO_dataset"/>
    <testcase time="0.00199999999995271" classname="ANTHRO_datachk" name="Check_ANTHRO_dataset"/>
    <testcase time="0.000999999999976353" classname="ANTHRO_datachk" name="Check_ANTHRO_dataset"/>
    <testcase time="0.00200000000006639" classname="ANTHRO_datachk" name="Check_ANTHRO_dataset"/>
    <testcase time="0.0879999999999654" classname="ANTHRO_datachk" name="Check_ANTHRO_dataset"/>
    <testcase time="0.00199999999995271" classname="ANTHRO_datachk" name="Check_ANTHRO_dataset"/>
    <testcase time="0.00100000000009004" classname="ANTHRO_datachk" name="Check_ANTHRO_dataset"/>
    <testcase time="0.00199999999995271" classname="ANTHRO_datachk" name="Check_ANTHRO_dataset"/>
    <testcase time="0.000999999999976353" classname="ANTHRO_datachk" name="Check_ANTHRO_dataset"/>
    <testcase time="0.00200000000006639" classname="ANTHRO_datachk" name="Check_ANTHRO_dataset"/>
    <testcase time="0.000999999999976353" classname="ANTHRO_datachk" name="Check_ANTHRO_dataset"/>
    <testcase time="0.0459999999999354" classname="ANTHRO_datachk" name="Check_ANTHRO_dataset"/>
    <testcase time="0.00200000000006639" classname="ANTHRO_datachk" name="Check_ANTHRO_dataset"/>
    <testcase time="0.000999999999976353" classname="ANTHRO_datachk" name="Check_ANTHRO_dataset"/>
    <testcase time="0.00199999999995271" classname="ANTHRO_datachk" name="Check_ANTHRO_dataset"/>
    <testcase time="0.00100000000009004" classname="ANTHRO_datachk" name="Check_ANTHRO_dataset"/>
    <testcase time="0.000999999999976353" classname="ANTHRO_datachk" name="Check_ANTHRO_dataset"/>
    <testcase time="0.00199999999995271" classname="ANTHRO_datachk" name="Check_ANTHRO_dataset"/>
    <testcase time="0.00100000000009004" classname="ANTHRO_datachk" name="Check_ANTHRO_dataset"/>
    <testcase time="0.00199999999995271" classname="ANTHRO_datachk" name="Check_ANTHRO_dataset"/>
  </testsuite>
  <testsuite name="ANTHRO::datachk::shutdown" timestamp="2025-09-19T11:45:16Z" hostname="runnervmf4ws1" tests="3" skipped="0" failures="0" errors="0" time="0.055">
    <testcase time="0.0520000000000209" classname="ANTHRO_datachk_shutdown" name="shutdown"/>
    <testcase time="0.00199999999995271" classname="ANTHRO_datachk_shutdown" name="shutdown"/>
    <testcase time="0.00100000000009004" classname="ANTHRO_datachk_shutdown" name="shutdown"/>
  </testsuite>
  <testsuite name="ANTHRO::datachk::done" timestamp="2025-09-19T11:45:17Z" hostname="runnervmf4ws1" tests="0" skipped="0" failures="0" errors="0" time="0"/>
  <testsuite name="datachk-CLUSTER_INT" timestamp="2025-09-19T11:45:17Z" hostname="runnervmf4ws1" tests="0" skipped="0" failures="0" errors="0" time="0"/>
  <testsuite name="CLUSTER_INT::datachk::setup" timestamp="2025-09-19T11:45:17Z" hostname="runnervmf4ws1" tests="3" skipped="0" failures="0" errors="0" time="7.554">
    <testcase time="7.55199999999991" classname="CLUSTER_INT_datachk_setup" name="setup"/>
    <testcase time="0.00100000000009004" classname="CLUSTER_INT_datachk_setup" name="setup"/>
    <testcase time="0.000999999999976353" classname="CLUSTER_INT_datachk_setup" name="setup"/>
  </testsuite>
  <testsuite name="CLUSTER_INT::datachk" timestamp="2025-09-19T11:45:24Z" hostname="runnervmf4ws1" tests="230" skipped="0" failures="0" errors="0" time="2.667">
    <testcase time="0.0860000000000127" classname="CLUSTER_INT_datachk" name="Check_CLUSTER_INT_dataset"/>
    <testcase time="0.00199999999995271" classname="CLUSTER_INT_datachk" name="Check_CLUSTER_INT_dataset"/>
    <testcase time="0.00200000000006639" classname="CLUSTER_INT_datachk" name="Check_CLUSTER_INT_dataset"/>
    <testcase time="0.00199999999995271" classname="CLUSTER_INT_datachk" name="Check_CLUSTER_INT_dataset"/>
    <testcase time="0.00200000000006639" classname="CLUSTER_INT_datachk" name="Check_CLUSTER_INT_dataset"/>
    <testcase time="0.00199999999995271" classname="CLUSTER_INT_datachk" name="Check_CLUSTER_INT_dataset"/>
    <testcase time="0.00199999999995271" classname="CLUSTER_INT_datachk" name="Check_CLUSTER_INT_dataset"/>
    <testcase time="0.0450000000000728" classname="CLUSTER_INT_datachk" name="Check_CLUSTER_INT_dataset"/>
    <testcase time="0.000999999999976353" classname="CLUSTER_INT_datachk" name="Check_CLUSTER_INT_dataset"/>
    <testcase time="0.000999999999976353" classname="CLUSTER_INT_datachk" name="Check_CLUSTER_INT_dataset"/>
    <testcase time="0.00200000000006639" classname="CLUSTER_INT_datachk" name="Check_CLUSTER_INT_dataset"/>
    <testcase time="0.000999999999976353" classname="CLUSTER_INT_datachk" name="Check_CLUSTER_INT_dataset"/>
    <testcase time="0.000999999999976353" classname="CLUSTER_INT_datachk" name="Check_CLUSTER_INT_dataset"/>
    <testcase time="0.00199999999995271" classname="CLUSTER_INT_datachk" name="Check_CLUSTER_INT_dataset"/>
    <testcase time="0.00100000000009004" classname="CLUSTER_INT_datachk" name="Check_CLUSTER_INT_dataset"/>
    <testcase time="0.125" classname="CLUSTER_INT_datachk" name="Check_CLUSTER_INT_dataset"/>
    <testcase time="0.00199999999995271" classname="CLUSTER_INT_datachk" name="Check_CLUSTER_INT_dataset"/>
    <testcase time="0.00300000000004275" classname="CLUSTER_INT_datachk" name="Check_CLUSTER_INT_dataset"/>
    <testcase time="0.000999999999976353" classname="CLUSTER_INT_datachk" name="Check_CLUSTER_INT_dataset"/>
    <testcase time="0.00299999999992906" classname="CLUSTER_INT_datachk" name="Check_CLUSTER_INT_dataset"/>
    <testcase time="0.00100000000009004" classname="CLUSTER_INT_datachk" name="Check_CLUSTER_INT_dataset"/>
    <testcase time="0.00199999999995271" classname="CLUSTER_INT_datachk" name="Check_CLUSTER_INT_dataset"/>
    <testcase time="0.0819999999999936" classname="CLUSTER_INT_datachk" name="Check_CLUSTER_INT_dataset"/>
    <testcase time="0.00200000000006639" classname="CLUSTER_INT_datachk" name="Check_CLUSTER_INT_dataset"/>
    <testcase time="0.000999999999976353" classname="CLUSTER_INT_datachk" name="Check_CLUSTER_INT_dataset"/>
    <testcase time="0.000999999999976353" classname="CLUSTER_INT_datachk" name="Check_CLUSTER_INT_dataset"/>
    <testcase time="0.000999999999976353" classname="CLUSTER_INT_datachk" name="Check_CLUSTER_INT_dataset"/>
    <testcase time="0.00200000000006639" classname="CLUSTER_INT_datachk" name="Check_CLUSTER_INT_dataset"/>
    <testcase time="0.000999999999976353" classname="CLUSTER_INT_datachk" name="Check_CLUSTER_INT_dataset"/>
    <testcase time="0.0510000000000446" classname="CLUSTER_INT_datachk" name="Check_CLUSTER_INT_dataset"/>
    <testcase time="0.000999999999976353" classname="CLUSTER_INT_datachk" name="Check_CLUSTER_INT_dataset"/>
    <testcase time="0.00199999999995271" classname="CLUSTER_INT_datachk" name="Check_CLUSTER_INT_dataset"/>
    <testcase time="0.000999999999976353" classname="CLUSTER_INT_datachk" name="Check_CLUSTER_INT_dataset"/>
    <testcase time="0.00100000000009004" classname="CLUSTER_INT_datachk" name="Check_CLUSTER_INT_dataset"/>
    <testcase time="0.00199999999995271" classname="CLUSTER_INT_datachk" name="Check_CLUSTER_INT_dataset"/>
    <testcase time="0.000999999999976353" classname="CLUSTER_INT_datachk" name="Check_CLUSTER_INT_dataset"/>
    <testcase time="0.00100000000009004" classname="CLUSTER_INT_datachk" name="Check_CLUSTER_INT_dataset"/>
    <testcase time="0.00199999999995271" classname="CLUSTER_INT_datachk" name="Check_CLUSTER_INT_dataset"/>
    <testcase time="0.0869999999999891" classname="CLUSTER_INT_datachk" name="Check_CLUSTER_INT_dataset"/>
    <testcase time="0.00199999999995271" classname="CLUSTER_INT_datachk" name="Check_CLUSTER_INT_dataset"/>
    <testcase time="0.00100000000009004" classname="CLUSTER_INT_datachk" name="Check_CLUSTER_INT_dataset"/>
    <testcase time="0.00199999999995271" classname="CLUSTER_INT_datachk" name="Check_CLUSTER_INT_dataset"/>
    <testcase time="0.000999999999976353" classname="CLUSTER_INT_datachk" name="Check_CLUSTER_INT_dataset"/>
    <testcase time="0.000999999999976353" classname="CLUSTER_INT_datachk" name="Check_CLUSTER_INT_dataset"/>
    <testcase time="0.00200000000006639" classname="CLUSTER_INT_datachk" name="Check_CLUSTER_INT_dataset"/>
    <testcase time="0.0529999999999973" classname="CLUSTER_INT_datachk" name="Check_CLUSTER_INT_dataset"/>
    <testcase time="0.000999999999976353" classname="CLUSTER_INT_datachk" name="Check_CLUSTER_INT_dataset"/>
    <testcase time="0.00200000000006639" classname="CLUSTER_INT_datachk" name="Check_CLUSTER_INT_dataset"/>
    <testcase time="0.000999999999976353" classname="CLUSTER_INT_datachk" name="Check_CLUSTER_INT_dataset"/>
    <testcase time="0.00199999999995271" classname="CLUSTER_INT_datachk" name="Check_CLUSTER_INT_dataset"/>
    <testcase time="0.000999999999976353" classname="CLUSTER_INT_datachk" name="Check_CLUSTER_INT_dataset"/>
    <testcase time="0.00100000000009004" classname="CLUSTER_INT_datachk" name="Check_CLUSTER_INT_dataset"/>
    <testcase time="0.00199999999995271" classname="CLUSTER_INT_datachk" name="Check_CLUSTER_INT_dataset"/>
    <testcase time="0.000999999999976353" classname="CLUSTER_INT_datachk" name="Check_CLUSTER_INT_dataset"/>
    <testcase time="0.125" classname="CLUSTER_INT_datachk" name="Check_CLUSTER_INT_dataset"/>
    <testcase time="0.000999999999976353" classname="CLUSTER_INT_datachk" name="Check_CLUSTER_INT_dataset"/>
    <testcase time="0.00200000000006639" classname="CLUSTER_INT_datachk" name="Check_CLUSTER_INT_dataset"/>
    <testcase time="0.000999999999976353" classname="CLUSTER_INT_datachk" name="Check_CLUSTER_INT_dataset"/>
    <testcase time="0.00199999999995271" classname="CLUSTER_INT_datachk" name="Check_CLUSTER_INT_dataset"/>
    <testcase time="0.00100000000009004" classname="CLUSTER_INT_datachk" name="Check_CLUSTER_INT_dataset"/>
    <testcase time="0.000999999999976353" classname="CLUSTER_INT_datachk" name="Check_CLUSTER_INT_dataset"/>
    <testcase time="0.0459999999999354" classname="CLUSTER_INT_datachk" name="Check_CLUSTER_INT_dataset"/>
    <testcase time="0.00200000000006639" classname="CLUSTER_INT_datachk" name="Check_CLUSTER_INT_dataset"/>
    <testcase time="0.000999999999976353" classname="CLUSTER_INT_datachk" name="Check_CLUSTER_INT_dataset"/>
    <testcase time="0.00199999999995271" classname="CLUSTER_INT_datachk" name="Check_CLUSTER_INT_dataset"/>
    <testcase time="0.00100000000009004" classname="CLUSTER_INT_datachk" name="Check_CLUSTER_INT_dataset"/>
    <testcase time="0.00199999999995271" classname="CLUSTER_INT_datachk" name="Check_CLUSTER_INT_dataset"/>
    <testcase time="0.000999999999976353" classname="CLUSTER_INT_datachk" name="Check_CLUSTER_INT_dataset"/>
    <testcase time="0.00200000000006639" classname="CLUSTER_INT_datachk" name="Check_CLUSTER_INT_dataset"/>
    <testcase time="0.000999999999976353" classname="CLUSTER_INT_datachk" name="Check_CLUSTER_INT_dataset"/>
    <testcase time="0.0839999999999463" classname="CLUSTER_INT_datachk" name="Check_CLUSTER_INT_dataset"/>
    <testcase time="0.00200000000006639" classname="CLUSTER_INT_datachk" name="Check_CLUSTER_INT_dataset"/>
    <testcase time="0.000999999999976353" classname="CLUSTER_INT_datachk" name="Check_CLUSTER_INT_dataset"/>
    <testcase time="0.00199999999995271" classname="CLUSTER_INT_datachk" name="Check_CLUSTER_INT_dataset"/>
    <testcase time="0.00100000000009004" classname="CLUSTER_INT_datachk" name="Check_CLUSTER_INT_dataset"/>
    <testcase time="0.00199999999995271" classname="CLUSTER_INT_datachk" name="Check_CLUSTER_INT_dataset"/>
    <testcase time="0.000999999999976353" classname="CLUSTER_INT_datachk" name="Check_CLUSTER_INT_dataset"/>
    <testcase time="0.0430000000000064" classname="CLUSTER_INT_datachk" name="Check_CLUSTER_INT_dataset"/>
    <testcase time="0.000999999999976353" classname="CLUSTER_INT_datachk" name="Check_CLUSTER_INT_dataset"/>
    <testcase time="0.00900000000001455" classname="CLUSTER_INT_datachk" name="Check_CLUSTER_INT_dataset"/>
    <testcase time="0.00200000000006639" classname="CLUSTER_INT_datachk" name="Check_CLUSTER_INT_dataset"/>
    <testcase time="0.000999999999976353" classname="CLUSTER_INT_datachk" name="Check_CLUSTER_INT_dataset"/>
    <testcase time="0.00199999999995271" classname="CLUSTER_INT_datachk" name="Check_CLUSTER_INT_dataset"/>
    <testcase time="0.00200000000006639" classname="CLUSTER_INT_datachk" name="Check_CLUSTER_INT_dataset"/>
    <testcase time="0.00199999999995271" classname="CLUSTER_INT_datachk" name="Check_CLUSTER_INT_dataset"/>
    <testcase time="0.00200000000006639" classname="CLUSTER_INT_datachk" name="Check_CLUSTER_INT_dataset"/>
    <testcase time="0.0839999999999463" classname="CLUSTER_INT_datachk" name="Check_CLUSTER_INT_dataset"/>
    <testcase time="0.000999999999976353" classname="CLUSTER_INT_datachk" name="Check_CLUSTER_INT_dataset"/>
    <testcase time="0.00100000000009004" classname="CLUSTER_INT_datachk" name="Check_CLUSTER_INT_dataset"/>
    <testcase time="0.00199999999995271" classname="CLUSTER_INT_datachk" name="Check_CLUSTER_INT_dataset"/>
    <testcase time="0.000999999999976353" classname="CLUSTER_INT_datachk" name="Check_CLUSTER_INT_dataset"/>
    <testcase time="0.00200000000006639" classname="CLUSTER_INT_datachk" name="Check_CLUSTER_INT_dataset"/>
    <testcase time="0.000999999999976353" classname="CLUSTER_INT_datachk" name="Check_CLUSTER_INT_dataset"/>
    <testcase time="0.0430000000000064" classname="CLUSTER_INT_datachk" name="Check_CLUSTER_INT_dataset"/>
    <testcase time="0.000999999999976353" classname="CLUSTER_INT_datachk" name="Check_CLUSTER_INT_dataset"/>
    <testcase time="0.00200000000006639" classname="CLUSTER_INT_datachk" name="Check_CLUSTER_INT_dataset"/>
    <testcase time="0.00199999999995271" classname="CLUSTER_INT_datachk" name="Check_CLUSTER_INT_dataset"/>
    <testcase time="0.000999999999976353" classname="CLUSTER_INT_datachk" name="Check_CLUSTER_INT_dataset"/>
    <testcase time="0.00200000000006639" classname="CLUSTER_INT_datachk" name="Check_CLUSTER_INT_dataset"/>
    <testcase time="0.000999999999976353" classname="CLUSTER_INT_datachk" name="Check_CLUSTER_INT_dataset"/>
    <testcase time="0.00199999999995271" classname="CLUSTER_INT_datachk" name="Check_CLUSTER_INT_dataset"/>
    <testcase time="0.000999999999976353" classname="CLUSTER_INT_datachk" name="Check_CLUSTER_INT_dataset"/>
    <testcase time="0.0920000000000982" classname="CLUSTER_INT_datachk" name="Check_CLUSTER_INT_dataset"/>
    <testcase time="0.00199999999995271" classname="CLUSTER_INT_datachk" name="Check_CLUSTER_INT_dataset"/>
    <testcase time="0.000999999999976353" classname="CLUSTER_INT_datachk" name="Check_CLUSTER_INT_dataset"/>
    <testcase time="0.00200000000006639" classname="CLUSTER_INT_datachk" name="Check_CLUSTER_INT_dataset"/>
    <testcase time="0.000999999999976353" classname="CLUSTER_INT_datachk" name="Check_CLUSTER_INT_dataset"/>
    <testcase time="0.00199999999995271" classname="CLUSTER_INT_datachk" name="Check_CLUSTER_INT_dataset"/>
    <testcase time="0.00200000000006639" classname="CLUSTER_INT_datachk" name="Check_CLUSTER_INT_dataset"/>
    <testcase time="0.0480000000000018" classname="CLUSTER_INT_datachk" name="Check_CLUSTER_INT_dataset"/>
    <testcase time="0.000999999999976353" classname="CLUSTER_INT_datachk" name="Check_CLUSTER_INT_dataset"/>
    <testcase time="0.00199999999995271" classname="CLUSTER_INT_datachk" name="Check_CLUSTER_INT_dataset"/>
    <testcase time="0.00200000000006639" classname="CLUSTER_INT_datachk" name="Check_CLUSTER_INT_dataset"/>
    <testcase time="0.000999999999976353" classname="CLUSTER_INT_datachk" name="Check_CLUSTER_INT_dataset"/>
    <testcase time="0.00199999999995271" classname="CLUSTER_INT_datachk" name="Check_CLUSTER_INT_dataset"/>
    <testcase time="0.00200000000006639" classname="CLUSTER_INT_datachk" name="Check_CLUSTER_INT_dataset"/>
    <testcase time="0.000999999999976353" classname="CLUSTER_INT_datachk" name="Check_CLUSTER_INT_dataset"/>
    <testcase time="0.00900000000001455" classname="CLUSTER_INT_datachk" name="Check_CLUSTER_INT_dataset"/>
    <testcase time="0.0919999999999845" classname="CLUSTER_INT_datachk" name="Check_CLUSTER_INT_dataset"/>
    <testcase time="0.00199999999995271" classname="CLUSTER_INT_datachk" name="Check_CLUSTER_INT_dataset"/>
    <testcase time="0.00200000000006639" classname="CLUSTER_INT_datachk" name="Check_CLUSTER_INT_dataset"/>
    <testcase time="0.000999999999976353" classname="CLUSTER_INT_datachk" name="Check_CLUSTER_INT_dataset"/>
    <testcase time="0.00199999999995271" classname="CLUSTER_INT_datachk" name="Check_CLUSTER_INT_dataset"/>
    <testcase time="0.00200000000006639" classname="CLUSTER_INT_datachk" name="Check_CLUSTER_INT_dataset"/>
    <testcase time="0.000999999999976353" classname="CLUSTER_INT_datachk" name="Check_CLUSTER_INT_dataset"/>
    <testcase time="0.0460000000000491" classname="CLUSTER_INT_datachk" name="Check_CLUSTER_INT_dataset"/>
    <testcase time="0.00199999999995271" classname="CLUSTER_INT_datachk" name="Check_CLUSTER_INT_dataset"/>
    <testcase time="0.00199999999995271" classname="CLUSTER_INT_datachk" name="Check_CLUSTER_INT_dataset"/>
    <testcase time="0.00200000000006639" classname="CLUSTER_INT_datachk" name="Check_CLUSTER_INT_dataset"/>
    <testcase time="0.000999999999976353" classname="CLUSTER_INT_datachk" name="Check_CLUSTER_INT_dataset"/>
    <testcase time="0.00199999999995271" classname="CLUSTER_INT_datachk" name="Check_CLUSTER_INT_dataset"/>
    <testcase time="0.00200000000006639" classname="CLUSTER_INT_datachk" name="Check_CLUSTER_INT_dataset"/>
    <testcase time="0.000999999999976353" classname="CLUSTER_INT_datachk" name="Check_CLUSTER_INT_dataset"/>
    <testcase time="0.00199999999995271" classname="CLUSTER_INT_datachk" name="Check_CLUSTER_INT_dataset"/>
    <testcase time="0.0970000000000937" classname="CLUSTER_INT_datachk" name="Check_CLUSTER_INT_dataset"/>
    <testcase time="0.00199999999995271" classname="CLUSTER_INT_datachk" name="Check_CLUSTER_INT_dataset"/>
    <testcase time="0.00199999999995271" classname="CLUSTER_INT_datachk" name="Check_CLUSTER_INT_dataset"/>
    <testcase time="0.00200000000006639" classname="CLUSTER_INT_datachk" name="Check_CLUSTER_INT_dataset"/>
    <testcase time="0.00199999999995271" classname="CLUSTER_INT_datachk" name="Check_CLUSTER_INT_dataset"/>
    <testcase time="0.000999999999976353" classname="CLUSTER_INT_datachk" name="Check_CLUSTER_INT_dataset"/>
    <testcase time="0.00200000000006639" classname="CLUSTER_INT_datachk" name="Check_CLUSTER_INT_dataset"/>
    <testcase time="0.0449999999999591" classname="CLUSTER_INT_datachk" name="Check_CLUSTER_INT_dataset"/>
    <testcase time="0.000999999999976353" classname="CLUSTER_INT_datachk" name="Check_CLUSTER_INT_dataset"/>
    <testcase time="0.00300000000004275" classname="CLUSTER_INT_datachk" name="Check_CLUSTER_INT_dataset"/>
    <testcase time="0.000999999999976353" classname="CLUSTER_INT_datachk" name="Check_CLUSTER_INT_dataset"/>
    <testcase time="0.00200000000006639" classname="CLUSTER_INT_datachk" name="Check_CLUSTER_INT_dataset"/>
    <testcase time="0.00199999999995271" classname="CLUSTER_INT_datachk" name="Check_CLUSTER_INT_dataset"/>
    <testcase time="0.00200000000006639" classname="CLUSTER_INT_datachk" name="Check_CLUSTER_INT_dataset"/>
    <testcase time="0.000999999999976353" classname="CLUSTER_INT_datachk" name="Check_CLUSTER_INT_dataset"/>
    <testcase time="0.00199999999995271" classname="CLUSTER_INT_datachk" name="Check_CLUSTER_INT_dataset"/>
    <testcase time="0.0990000000000464" classname="CLUSTER_INT_datachk" name="Check_CLUSTER_INT_dataset"/>
    <testcase time="0.00199999999995271" classname="CLUSTER_INT_datachk" name="Check_CLUSTER_INT_dataset"/>
    <testcase time="0.00200000000006639" classname="CLUSTER_INT_datachk" name="Check_CLUSTER_INT_dataset"/>
    <testcase time="0.00199999999995271" classname="CLUSTER_INT_datachk" name="Check_CLUSTER_INT_dataset"/>
    <testcase time="0.000999999999976353" classname="CLUSTER_INT_datachk" name="Check_CLUSTER_INT_dataset"/>
    <testcase time="0.00200000000006639" classname="CLUSTER_INT_datachk" name="Check_CLUSTER_INT_dataset"/>
    <testcase time="0.00199999999995271" classname="CLUSTER_INT_datachk" name="Check_CLUSTER_INT_dataset"/>
    <testcase time="0.0460000000000491" classname="CLUSTER_INT_datachk" name="Check_CLUSTER_INT_dataset"/>
    <testcase time="0.00199999999995271" classname="CLUSTER_INT_datachk" name="Check_CLUSTER_INT_dataset"/>
    <testcase time="0.00199999999995271" classname="CLUSTER_INT_datachk" name="Check_CLUSTER_INT_dataset"/>
    <testcase time="0.00200000000006639" classname="CLUSTER_INT_datachk" name="Check_CLUSTER_INT_dataset"/>
    <testcase time="0.000999999999976353" classname="CLUSTER_INT_datachk" name="Check_CLUSTER_INT_dataset"/>
    <testcase time="0.00200000000006639" classname="CLUSTER_INT_datachk" name="Check_CLUSTER_INT_dataset"/>
    <testcase time="0.00199999999995271" classname="CLUSTER_INT_datachk" name="Check_CLUSTER_INT_dataset"/>
    <testcase time="0.00199999999995271" classname="CLUSTER_INT_datachk" name="Check_CLUSTER_INT_dataset"/>
    <testcase time="0.00200000000006639" classname="CLUSTER_INT_datachk" name="Check_CLUSTER_INT_dataset"/>
    <testcase time="0.0889999999999418" classname="CLUSTER_INT_datachk" name="Check_CLUSTER_INT_dataset"/>
    <testcase time="0.00200000000006639" classname="CLUSTER_INT_datachk" name="Check_CLUSTER_INT_dataset"/>
    <testcase time="0.00199999999995271" classname="CLUSTER_INT_datachk" name="Check_CLUSTER_INT_dataset"/>
    <testcase time="0.00200000000006639" classname="CLUSTER_INT_datachk" name="Check_CLUSTER_INT_dataset"/>
    <testcase time="0.00199999999995271" classname="CLUSTER_INT_datachk" name="Check_CLUSTER_INT_dataset"/>
    <testcase time="0.00199999999995271" classname="CLUSTER_INT_datachk" name="Check_CLUSTER_INT_dataset"/>
    <testcase time="0.00200000000006639" classname="CLUSTER_INT_datachk" name="Check_CLUSTER_INT_dataset"/>
    <testcase time="0.0470000000000255" classname="CLUSTER_INT_datachk" name="Check_CLUSTER_INT_dataset"/>
    <testcase time="0.00199999999995271" classname="CLUSTER_INT_datachk" name="Check_CLUSTER_INT_dataset"/>
    <testcase time="0.00199999999995271" classname="CLUSTER_INT_datachk" name="Check_CLUSTER_INT_dataset"/>
    <testcase time="0.00200000000006639" classname="CLUSTER_INT_datachk" name="Check_CLUSTER_INT_dataset"/>
    <testcase time="0.00199999999995271" classname="CLUSTER_INT_datachk" name="Check_CLUSTER_INT_dataset"/>
    <testcase time="0.00200000000006639" classname="CLUSTER_INT_datachk" name="Check_CLUSTER_INT_dataset"/>
    <testcase time="0.000999999999976353" classname="CLUSTER_INT_datachk" name="Check_CLUSTER_INT_dataset"/>
    <testcase time="0.00199999999995271" classname="CLUSTER_INT_datachk" name="Check_CLUSTER_INT_dataset"/>
    <testcase time="0.00200000000006639" classname="CLUSTER_INT_datachk" name="Check_CLUSTER_INT_dataset"/>
    <testcase time="0.322000000000003" classname="CLUSTER_INT_datachk" name="Check_CLUSTER_INT_dataset"/>
    <testcase time="0.00199999999995271" classname="CLUSTER_INT_datachk" name="Check_CLUSTER_INT_dataset"/>
    <testcase time="0.00199999999995271" classname="CLUSTER_INT_datachk" name="Check_CLUSTER_INT_dataset"/>
    <testcase time="0.00200000000006639" classname="CLUSTER_INT_datachk" name="Check_CLUSTER_INT_dataset"/>
    <testcase time="0.00199999999995271" classname="CLUSTER_INT_datachk" name="Check_CLUSTER_INT_dataset"/>
    <testcase time="0.00100000000009004" classname="CLUSTER_INT_datachk" name="Check_CLUSTER_INT_dataset"/>
    <testcase time="0.00199999999995271" classname="CLUSTER_INT_datachk" name="Check_CLUSTER_INT_dataset"/>
    <testcase time="0.0520000000000209" classname="CLUSTER_INT_datachk" name="Check_CLUSTER_INT_dataset"/>
    <testcase time="0.00199999999995271" classname="CLUSTER_INT_datachk" name="Check_CLUSTER_INT_dataset"/>
    <testcase time="0.00200000000006639" classname="CLUSTER_INT_datachk" name="Check_CLUSTER_INT_dataset"/>
    <testcase time="0.00199999999995271" classname="CLUSTER_INT_datachk" name="Check_CLUSTER_INT_dataset"/>
    <testcase time="0.00199999999995271" classname="CLUSTER_INT_datachk" name="Check_CLUSTER_INT_dataset"/>
    <testcase time="0.00100000000009004" classname="CLUSTER_INT_datachk" name="Check_CLUSTER_INT_dataset"/>
    <testcase time="0.00199999999995271" classname="CLUSTER_INT_datachk" name="Check_CLUSTER_INT_dataset"/>
    <testcase time="0.00199999999995271" classname="CLUSTER_INT_datachk" name="Check_CLUSTER_INT_dataset"/>
    <testcase time="0.00200000000006639" classname="CLUSTER_INT_datachk" name="Check_CLUSTER_INT_dataset"/>
    <testcase time="0.0950000000000273" classname="CLUSTER_INT_datachk" name="Check_CLUSTER_INT_dataset"/>
    <testcase time="0.00199999999995271" classname="CLUSTER_INT_datachk" name="Check_CLUSTER_INT_dataset"/>
    <testcase time="0.00199999999995271" classname="CLUSTER_INT_datachk" name="Check_CLUSTER_INT_dataset"/>
    <testcase time="0.00200000000006639" classname="CLUSTER_INT_datachk" name="Check_CLUSTER_INT_dataset"/>
    <testcase time="0.00199999999995271" classname="CLUSTER_INT_datachk" name="Check_CLUSTER_INT_dataset"/>
    <testcase time="0.00200000000006639" classname="CLUSTER_INT_datachk" name="Check_CLUSTER_INT_dataset"/>
    <testcase time="0.00199999999995271" classname="CLUSTER_INT_datachk" name="Check_CLUSTER_INT_dataset"/>
    <testcase time="0.0449999999999591" classname="CLUSTER_INT_datachk" name="Check_CLUSTER_INT_dataset"/>
    <testcase time="0.00200000000006639" classname="CLUSTER_INT_datachk" name="Check_CLUSTER_INT_dataset"/>
    <testcase time="0.00199999999995271" classname="CLUSTER_INT_datachk" name="Check_CLUSTER_INT_dataset"/>
    <testcase time="0.00200000000006639" classname="CLUSTER_INT_datachk" name="Check_CLUSTER_INT_dataset"/>
    <testcase time="0.00199999999995271" classname="CLUSTER_INT_datachk" name="Check_CLUSTER_INT_dataset"/>
    <testcase time="0.00200000000006639" classname="CLUSTER_INT_datachk" name="Check_CLUSTER_INT_dataset"/>
    <testcase time="0.00999999999999091" classname="CLUSTER_INT_datachk" name="Check_CLUSTER_INT_dataset"/>
    <testcase time="0.00199999999995271" classname="CLUSTER_INT_datachk" name="Check_CLUSTER_INT_dataset"/>
    <testcase time="0.00199999999995271" classname="CLUSTER_INT_datachk" name="Check_CLUSTER_INT_dataset"/>
    <testcase time="0.0890000000000555" classname="CLUSTER_INT_datachk" name="Check_CLUSTER_INT_dataset"/>
    <testcase time="0.00199999999995271" classname="CLUSTER_INT_datachk" name="Check_CLUSTER_INT_dataset"/>
    <testcase time="0.00200000000006639" classname="CLUSTER_INT_datachk" name="Check_CLUSTER_INT_dataset"/>
    <testcase time="0.00199999999995271" classname="CLUSTER_INT_datachk" name="Check_CLUSTER_INT_dataset"/>
    <testcase time="0.00200000000006639" classname="CLUSTER_INT_datachk" name="Check_CLUSTER_INT_dataset"/>
    <testcase time="0.00199999999995271" classname="CLUSTER_INT_datachk" name="Check_CLUSTER_INT_dataset"/>
    <testcase time="0.00199999999995271" classname="CLUSTER_INT_datachk" name="Check_CLUSTER_INT_dataset"/>
    <testcase time="0.0450000000000728" classname="CLUSTER_INT_datachk" name="Check_CLUSTER_INT_dataset"/>
    <testcase time="0.00199999999995271" classname="CLUSTER_INT_datachk" name="Check_CLUSTER_INT_dataset"/>
    <testcase time="0.00200000000006639" classname="CLUSTER_INT_datachk" name="Check_CLUSTER_INT_dataset"/>
    <testcase time="0.00199999999995271" classname="CLUSTER_INT_datachk" name="Check_CLUSTER_INT_dataset"/>
    <testcase time="0.00199999999995271" classname="CLUSTER_INT_datachk" name="Check_CLUSTER_INT_dataset"/>
    <testcase time="0.00200000000006639" classname="CLUSTER_INT_datachk" name="Check_CLUSTER_INT_dataset"/>
    <testcase time="0.00199999999995271" classname="CLUSTER_INT_datachk" name="Check_CLUSTER_INT_dataset"/>
    <testcase time="0.00200000000006639" classname="CLUSTER_INT_datachk" name="Check_CLUSTER_INT_dataset"/>
    <testcase time="0.00199999999995271" classname="CLUSTER_INT_datachk" name="Check_CLUSTER_INT_dataset"/>
  </testsuite>
  <testsuite name="CLUSTER_INT::datachk::shutdown" timestamp="2025-09-19T11:45:27Z" hostname="runnervmf4ws1" tests="3" skipped="0" failures="0" errors="0" time="0.058">
    <testcase time="0.0550000000000637" classname="CLUSTER_INT_datachk_shutdown" name="shutdown"/>
    <testcase time="0.00199999999995271" classname="CLUSTER_INT_datachk_shutdown" name="shutdown"/>
    <testcase time="0.000999999999976353" classname="CLUSTER_INT_datachk_shutdown" name="shutdown"/>
  </testsuite>
  <testsuite name="CLUSTER_INT::datachk::done" timestamp="2025-09-19T11:45:27Z" hostname="runnervmf4ws1" tests="0" skipped="0" failures="0" errors="0" time="0"/>
  <testsuite name="datachk-CLUSTER_SLO" timestamp="2025-09-19T11:45:27Z" hostname="runnervmf4ws1" tests="0" skipped="0" failures="0" errors="0" time="0"/>
  <testsuite name="CLUSTER_SLO::datachk::setup" timestamp="2025-09-19T11:45:27Z" hostname="runnervmf4ws1" tests="3" skipped="0" failures="0" errors="0" time="7.682">
    <testcase time="7.67899999999997" classname="CLUSTER_SLO_datachk_setup" name="setup"/>
    <testcase time="0.00100000000009004" classname="CLUSTER_SLO_datachk_setup" name="setup"/>
    <testcase time="0.00199999999995271" classname="CLUSTER_SLO_datachk_setup" name="setup"/>
  </testsuite>
  <testsuite name="CLUSTER_SLO::datachk" timestamp="2025-09-19T11:45:34Z" hostname="runnervmf4ws1" tests="230" skipped="0" failures="0" errors="0" time="2.53">
    <testcase time="0.0890000000000555" classname="CLUSTER_SLO_datachk" name="Check_CLUSTER_SLO_dataset"/>
    <testcase time="0.000999999999976353" classname="CLUSTER_SLO_datachk" name="Check_CLUSTER_SLO_dataset"/>
    <testcase time="0.00299999999992906" classname="CLUSTER_SLO_datachk" name="Check_CLUSTER_SLO_dataset"/>
    <testcase time="0.00100000000009004" classname="CLUSTER_SLO_datachk" name="Check_CLUSTER_SLO_dataset"/>
    <testcase time="0.00299999999992906" classname="CLUSTER_SLO_datachk" name="Check_CLUSTER_SLO_dataset"/>
    <testcase time="0.000999999999976353" classname="CLUSTER_SLO_datachk" name="Check_CLUSTER_SLO_dataset"/>
    <testcase time="0.00300000000004275" classname="CLUSTER_SLO_datachk" name="Check_CLUSTER_SLO_dataset"/>
    <testcase time="0.0570000000000164" classname="CLUSTER_SLO_datachk" name="Check_CLUSTER_SLO_dataset"/>
    <testcase time="0.00199999999995271" classname="CLUSTER_SLO_datachk" name="Check_CLUSTER_SLO_dataset"/>
    <testcase time="0.00100000000009004" classname="CLUSTER_SLO_datachk" name="Check_CLUSTER_SLO_dataset"/>
    <testcase time="0.000999999999976353" classname="CLUSTER_SLO_datachk" name="Check_CLUSTER_SLO_dataset"/>
    <testcase time="0.000999999999976353" classname="CLUSTER_SLO_datachk" name="Check_CLUSTER_SLO_dataset"/>
    <testcase time="0.00199999999995271" classname="CLUSTER_SLO_datachk" name="Check_CLUSTER_SLO_dataset"/>
    <testcase time="0.00100000000009004" classname="CLUSTER_SLO_datachk" name="Check_CLUSTER_SLO_dataset"/>
    <testcase time="0.000999999999976353" classname="CLUSTER_SLO_datachk" name="Check_CLUSTER_SLO_dataset"/>
    <testcase time="0.117999999999938" classname="CLUSTER_SLO_datachk" name="Check_CLUSTER_SLO_dataset"/>
    <testcase time="0.00200000000006639" classname="CLUSTER_SLO_datachk" name="Check_CLUSTER_SLO_dataset"/>
    <testcase time="0.000999999999976353" classname="CLUSTER_SLO_datachk" name="Check_CLUSTER_SLO_dataset"/>
    <testcase time="0.000999999999976353" classname="CLUSTER_SLO_datachk" name="Check_CLUSTER_SLO_dataset"/>
    <testcase time="0.00200000000006639" classname="CLUSTER_SLO_datachk" name="Check_CLUSTER_SLO_dataset"/>
    <testcase time="0.000999999999976353" classname="CLUSTER_SLO_datachk" name="Check_CLUSTER_SLO_dataset"/>
    <testcase time="0.000999999999976353" classname="CLUSTER_SLO_datachk" name="Check_CLUSTER_SLO_dataset"/>
    <testcase time="0.0900000000000318" classname="CLUSTER_SLO_datachk" name="Check_CLUSTER_SLO_dataset"/>
    <testcase time="0.000999999999976353" classname="CLUSTER_SLO_datachk" name="Check_CLUSTER_SLO_dataset"/>
    <testcase time="0.00199999999995271" classname="CLUSTER_SLO_datachk" name="Check_CLUSTER_SLO_dataset"/>
    <testcase time="0.00100000000009004" classname="CLUSTER_SLO_datachk" name="Check_CLUSTER_SLO_dataset"/>
    <testcase time="0.000999999999976353" classname="CLUSTER_SLO_datachk" name="Check_CLUSTER_SLO_dataset"/>
    <testcase time="0.000999999999976353" classname="CLUSTER_SLO_datachk" name="Check_CLUSTER_SLO_dataset"/>
    <testcase time="0.00199999999995271" classname="CLUSTER_SLO_datachk" name="Check_CLUSTER_SLO_dataset"/>
    <testcase time="0.0450000000000728" classname="CLUSTER_SLO_datachk" name="Check_CLUSTER_SLO_dataset"/>
    <testcase time="0.000999999999976353" classname="CLUSTER_SLO_datachk" name="Check_CLUSTER_SLO_dataset"/>
    <testcase time="0.00199999999995271" classname="CLUSTER_SLO_datachk" name="Check_CLUSTER_SLO_dataset"/>
    <testcase time="0.00100000000009004" classname="CLUSTER_SLO_datachk" name="Check_CLUSTER_SLO_dataset"/>
    <testcase time="0.000999999999976353" classname="CLUSTER_SLO_datachk" name="Check_CLUSTER_SLO_dataset"/>
    <testcase time="0.00199999999995271" classname="CLUSTER_SLO_datachk" name="Check_CLUSTER_SLO_dataset"/>
    <testcase time="0.000999999999976353" classname="CLUSTER_SLO_datachk" name="Check_CLUSTER_SLO_dataset"/>
    <testcase time="0.00100000000009004" classname="CLUSTER_SLO_datachk" name="Check_CLUSTER_SLO_dataset"/>
    <testcase time="0.00199999999995271" classname="CLUSTER_SLO_datachk" name="Check_CLUSTER_SLO_dataset"/>
    <testcase time="0.0919999999999845" classname="CLUSTER_SLO_datachk" name="Check_CLUSTER_SLO_dataset"/>
    <testcase time="0.00200000000006639" classname="CLUSTER_SLO_datachk" name="Check_CLUSTER_SLO_dataset"/>
    <testcase time="0.000999999999976353" classname="CLUSTER_SLO_datachk" name="Check_CLUSTER_SLO_dataset"/>
    <testcase time="0.00199999999995271" classname="CLUSTER_SLO_datachk" name="Check_CLUSTER_SLO_dataset"/>
    <testcase time="0.000999999999976353" classname="CLUSTER_SLO_datachk" name="Check_CLUSTER_SLO_dataset"/>
    <testcase time="0.00200000000006639" classname="CLUSTER_SLO_datachk" name="Check_CLUSTER_SLO_dataset"/>
    <testcase time="0.000999999999976353" classname="CLUSTER_SLO_datachk" name="Check_CLUSTER_SLO_dataset"/>
    <testcase time="0.0430000000000064" classname="CLUSTER_SLO_datachk" name="Check_CLUSTER_SLO_dataset"/>
    <testcase time="0.000999999999976353" classname="CLUSTER_SLO_datachk" name="Check_CLUSTER_SLO_dataset"/>
    <testcase time="0.00200000000006639" classname="CLUSTER_SLO_datachk" name="Check_CLUSTER_SLO_dataset"/>
    <testcase time="0.000999999999976353" classname="CLUSTER_SLO_datachk" name="Check_CLUSTER_SLO_dataset"/>
    <testcase time="0.000999999999976353" classname="CLUSTER_SLO_datachk" name="Check_CLUSTER_SLO_dataset"/>
    <testcase time="0.00199999999995271" classname="CLUSTER_SLO_datachk" name="Check_CLUSTER_SLO_dataset"/>
    <testcase time="0.00100000000009004" classname="CLUSTER_SLO_datachk" name="Check_CLUSTER_SLO_dataset"/>
    <testcase time="0.000999999999976353" classname="CLUSTER_SLO_datachk" name="Check_CLUSTER_SLO_dataset"/>
    <testcase time="0.00199999999995271" classname="CLUSTER_SLO_datachk" name="Check_CLUSTER_SLO_dataset"/>
    <testcase time="0.0860000000000127" classname="CLUSTER_SLO_datachk" name="Check_CLUSTER_SLO_dataset"/>
    <testcase time="0.00200000000006639" classname="CLUSTER_SLO_datachk" name="Check_CLUSTER_SLO_dataset"/>
    <testcase time="0.000999999999976353" classname="CLUSTER_SLO_datachk" name="Check_CLUSTER_SLO_dataset"/>
    <testcase time="0.000999999999976353" classname="CLUSTER_SLO_datachk" name="Check_CLUSTER_SLO_dataset"/>
    <testcase time="0.000999999999976353" classname="CLUSTER_SLO_datachk" name="Check_CLUSTER_SLO_dataset"/>
    <testcase time="0.00100000000009004" classname="CLUSTER_SLO_datachk" name="Check_CLUSTER_SLO_dataset"/>
    <testcase time="0.00199999999995271" classname="CLUSTER_SLO_datachk" name="Check_CLUSTER_SLO_dataset"/>
    <testcase time="0.0499999999999545" classname="CLUSTER_SLO_datachk" name="Check_CLUSTER_SLO_dataset"/>
    <testcase time="0.00200000000006639" classname="CLUSTER_SLO_datachk" name="Check_CLUSTER_SLO_dataset"/>
    <testcase time="0.00199999999995271" classname="CLUSTER_SLO_datachk" name="Check_CLUSTER_SLO_dataset"/>
    <testcase time="0.000999999999976353" classname="CLUSTER_SLO_datachk" name="Check_CLUSTER_SLO_dataset"/>
    <testcase time="0.00100000000009004" classname="CLUSTER_SLO_datachk" name="Check_CLUSTER_SLO_dataset"/>
    <testcase time="0.00199999999995271" classname="CLUSTER_SLO_datachk" name="Check_CLUSTER_SLO_dataset"/>
    <testcase time="0.000999999999976353" classname="CLUSTER_SLO_datachk" name="Check_CLUSTER_SLO_dataset"/>
    <testcase time="0.00200000000006639" classname="CLUSTER_SLO_datachk" name="Check_CLUSTER_SLO_dataset"/>
    <testcase time="0.00199999999995271" classname="CLUSTER_SLO_datachk" name="Check_CLUSTER_SLO_dataset"/>
    <testcase time="0.100000000000023" classname="CLUSTER_SLO_datachk" name="Check_CLUSTER_SLO_dataset"/>
    <testcase time="0.00900000000001455" classname="CLUSTER_SLO_datachk" name="Check_CLUSTER_SLO_dataset"/>
    <testcase time="0.00199999999995271" classname="CLUSTER_SLO_datachk" name="Check_CLUSTER_SLO_dataset"/>
    <testcase time="0.000999999999976353" classname="CLUSTER_SLO_datachk" name="Check_CLUSTER_SLO_dataset"/>
    <testcase time="0.000999999999976353" classname="CLUSTER_SLO_datachk" name="Check_CLUSTER_SLO_dataset"/>
    <testcase time="0.000999999999976353" classname="CLUSTER_SLO_datachk" name="Check_CLUSTER_SLO_dataset"/>
    <testcase time="0.00199999999995271" classname="CLUSTER_SLO_datachk" name="Check_CLUSTER_SLO_dataset"/>
    <testcase time="0.0620000000000118" classname="CLUSTER_SLO_datachk" name="Check_CLUSTER_SLO_dataset"/>
    <testcase time="0.00200000000006639" classname="CLUSTER_SLO_datachk" name="Check_CLUSTER_SLO_dataset"/>
    <testcase time="0.00199999999995271" classname="CLUSTER_SLO_datachk" name="Check_CLUSTER_SLO_dataset"/>
    <testcase time="0.000999999999976353" classname="CLUSTER_SLO_datachk" name="Check_CLUSTER_SLO_dataset"/>
    <testcase time="0.00200000000006639" classname="CLUSTER_SLO_datachk" name="Check_CLUSTER_SLO_dataset"/>
    <testcase time="0.000999999999976353" classname="CLUSTER_SLO_datachk" name="Check_CLUSTER_SLO_dataset"/>
    <testcase time="0.00199999999995271" classname="CLUSTER_SLO_datachk" name="Check_CLUSTER_SLO_dataset"/>
    <testcase time="0.00100000000009004" classname="CLUSTER_SLO_datachk" name="Check_CLUSTER_SLO_dataset"/>
    <testcase time="0.00199999999995271" classname="CLUSTER_SLO_datachk" name="Check_CLUSTER_SLO_dataset"/>
    <testcase time="0.108000000000061" classname="CLUSTER_SLO_datachk" name="Check_CLUSTER_SLO_dataset"/>
    <testcase time="0.00299999999992906" classname="CLUSTER_SLO_datachk" name="Check_CLUSTER_SLO_dataset"/>
    <testcase time="0.00200000000006639" classname="CLUSTER_SLO_datachk" name="Check_CLUSTER_SLO_dataset"/>
    <testcase time="0.00199999999995271" classname="CLUSTER_SLO_datachk" name="Check_CLUSTER_SLO_dataset"/>
    <testcase time="0.00300000000004275" classname="CLUSTER_SLO_datachk" name="Check_CLUSTER_SLO_dataset"/>
    <testcase time="0.00199999999995271" classname="CLUSTER_SLO_datachk" name="Check_CLUSTER_SLO_dataset"/>
    <testcase time="0.00199999999995271" classname="CLUSTER_SLO_datachk" name="Check_CLUSTER_SLO_dataset"/>
    <testcase time="0.0720000000000027" classname="CLUSTER_SLO_datachk" name="Check_CLUSTER_SLO_dataset"/>
    <testcase time="0.00199999999995271" classname="CLUSTER_SLO_datachk" name="Check_CLUSTER_SLO_dataset"/>
    <testcase time="0.00300000000004275" classname="CLUSTER_SLO_datachk" name="Check_CLUSTER_SLO_dataset"/>
    <testcase time="0.00299999999992906" classname="CLUSTER_SLO_datachk" name="Check_CLUSTER_SLO_dataset"/>
    <testcase time="0.00200000000006639" classname="CLUSTER_SLO_datachk" name="Check_CLUSTER_SLO_dataset"/>
    <testcase time="0.00299999999992906" classname="CLUSTER_SLO_datachk" name="Check_CLUSTER_SLO_dataset"/>
    <testcase time="0.00300000000004275" classname="CLUSTER_SLO_datachk" name="Check_CLUSTER_SLO_dataset"/>
    <testcase time="0.00300000000004275" classname="CLUSTER_SLO_datachk" name="Check_CLUSTER_SLO_dataset"/>
    <testcase time="0.00199999999995271" classname="CLUSTER_SLO_datachk" name="Check_CLUSTER_SLO_dataset"/>
    <testcase time="0.137000000000057" classname="CLUSTER_SLO_datachk" name="Check_CLUSTER_SLO_dataset"/>
    <testcase time="0.00199999999995271" classname="CLUSTER_SLO_datachk" name="Check_CLUSTER_SLO_dataset"/>
    <testcase time="0.00199999999995271" classname="CLUSTER_SLO_datachk" name="Check_CLUSTER_SLO_dataset"/>
    <testcase time="0.00200000000006639" classname="CLUSTER_SLO_datachk" name="Check_CLUSTER_SLO_dataset"/>
    <testcase time="0.000999999999976353" classname="CLUSTER_SLO_datachk" name="Check_CLUSTER_SLO_dataset"/>
    <testcase time="0.00199999999995271" classname="CLUSTER_SLO_datachk" name="Check_CLUSTER_SLO_dataset"/>
    <testcase time="0.00900000000001455" classname="CLUSTER_SLO_datachk" name="Check_CLUSTER_SLO_dataset"/>
    <testcase time="0.0439999999999827" classname="CLUSTER_SLO_datachk" name="Check_CLUSTER_SLO_dataset"/>
    <testcase time="0.00200000000006639" classname="CLUSTER_SLO_datachk" name="Check_CLUSTER_SLO_dataset"/>
    <testcase time="0.00199999999995271" classname="CLUSTER_SLO_datachk" name="Check_CLUSTER_SLO_dataset"/>
    <testcase time="0.00200000000006639" classname="CLUSTER_SLO_datachk" name="Check_CLUSTER_SLO_dataset"/>
    <testcase time="0.000999999999976353" classname="CLUSTER_SLO_datachk" name="Check_CLUSTER_SLO_dataset"/>
    <testcase time="0.00199999999995271" classname="CLUSTER_SLO_datachk" name="Check_CLUSTER_SLO_dataset"/>
    <testcase time="0.00200000000006639" classname="CLUSTER_SLO_datachk" name="Check_CLUSTER_SLO_dataset"/>
    <testcase time="0.000999999999976353" classname="CLUSTER_SLO_datachk" name="Check_CLUSTER_SLO_dataset"/>
    <testcase time="0.00199999999995271" classname="CLUSTER_SLO_datachk" name="Check_CLUSTER_SLO_dataset"/>
    <testcase time="0.0910000000000082" classname="CLUSTER_SLO_datachk" name="Check_CLUSTER_SLO_dataset"/>
    <testcase time="0.00200000000006639" classname="CLUSTER_SLO_datachk" name="Check_CLUSTER_SLO_dataset"/>
    <testcase time="0.000999999999976353" classname="CLUSTER_SLO_datachk" name="Check_CLUSTER_SLO_dataset"/>
    <testcase time="0.00199999999995271" classname="CLUSTER_SLO_datachk" name="Check_CLUSTER_SLO_dataset"/>
    <testcase time="0.00200000000006639" classname="CLUSTER_SLO_datachk" name="Check_CLUSTER_SLO_dataset"/>
    <testcase time="0.000999999999976353" classname="CLUSTER_SLO_datachk" name="Check_CLUSTER_SLO_dataset"/>
    <testcase time="0.00199999999995271" classname="CLUSTER_SLO_datachk" name="Check_CLUSTER_SLO_dataset"/>
    <testcase time="0.0450000000000728" classname="CLUSTER_SLO_datachk" name="Check_CLUSTER_SLO_dataset"/>
    <testcase time="0.00199999999995271" classname="CLUSTER_SLO_datachk" name="Check_CLUSTER_SLO_dataset"/>
    <testcase time="0.00200000000006639" classname="CLUSTER_SLO_datachk" name="Check_CLUSTER_SLO_dataset"/>
    <testcase time="0.00199999999995271" classname="CLUSTER_SLO_datachk" name="Check_CLUSTER_SLO_dataset"/>
    <testcase time="0.000999999999976353" classname="CLUSTER_SLO_datachk" name="Check_CLUSTER_SLO_dataset"/>
    <testcase time="0.00200000000006639" classname="CLUSTER_SLO_datachk" name="Check_CLUSTER_SLO_dataset"/>
    <testcase time="0.00199999999995271" classname="CLUSTER_SLO_datachk" name="Check_CLUSTER_SLO_dataset"/>
    <testcase time="0.000999999999976353" classname="CLUSTER_SLO_datachk" name="Check_CLUSTER_SLO_dataset"/>
    <testcase time="0.00200000000006639" classname="CLUSTER_SLO_datachk" name="Check_CLUSTER_SLO_dataset"/>
    <testcase time="0.08299999999997" classname="CLUSTER_SLO_datachk" name="Check_CLUSTER_SLO_dataset"/>
    <testcase time="0.00199999999995271" classname="CLUSTER_SLO_datachk" name="Check_CLUSTER_SLO_dataset"/>
    <testcase time="0.00200000000006639" classname="CLUSTER_SLO_datachk" name="Check_CLUSTER_SLO_dataset"/>
    <testcase time="0.00199999999995271" classname="CLUSTER_SLO_datachk" name="Check_CLUSTER_SLO_dataset"/>
    <testcase time="0.00200000000006639" classname="CLUSTER_SLO_datachk" name="Check_CLUSTER_SLO_dataset"/>
    <testcase time="0.000999999999976353" classname="CLUSTER_SLO_datachk" name="Check_CLUSTER_SLO_dataset"/>
    <testcase time="0.00199999999995271" classname="CLUSTER_SLO_datachk" name="Check_CLUSTER_SLO_dataset"/>
    <testcase time="0.05600000000004" classname="CLUSTER_SLO_datachk" name="Check_CLUSTER_SLO_dataset"/>
    <testcase time="0.00199999999995271" classname="CLUSTER_SLO_datachk" name="Check_CLUSTER_SLO_dataset"/>
    <testcase time="0.00200000000006639" classname="CLUSTER_SLO_datachk" name="Check_CLUSTER_SLO_dataset"/>
    <testcase time="0.00199999999995271" classname="CLUSTER_SLO_datachk" name="Check_CLUSTER_SLO_dataset"/>
    <testcase time="0.00199999999995271" classname="CLUSTER_SLO_datachk" name="Check_CLUSTER_SLO_dataset"/>
    <testcase time="0.00100000000009004" classname="CLUSTER_SLO_datachk" name="Check_CLUSTER_SLO_dataset"/>
    <testcase time="0.00199999999995271" classname="CLUSTER_SLO_datachk" name="Check_CLUSTER_SLO_dataset"/>
    <testcase time="0.00200000000006639" classname="CLUSTER_SLO_datachk" name="Check_CLUSTER_SLO_dataset"/>
    <testcase time="0.00199999999995271" classname="CLUSTER_SLO_datachk" name="Check_CLUSTER_SLO_dataset"/>
    <testcase time="0.0860000000000127" classname="CLUSTER_SLO_datachk" name="Check_CLUSTER_SLO_dataset"/>
    <testcase time="0.00199999999995271" classname="CLUSTER_SLO_datachk" name="Check_CLUSTER_SLO_dataset"/>
    <testcase time="0.00200000000006639" classname="CLUSTER_SLO_datachk" name="Check_CLUSTER_SLO_dataset"/>
    <testcase time="0.000999999999976353" classname="CLUSTER_SLO_datachk" name="Check_CLUSTER_SLO_dataset"/>
    <testcase time="0.00199999999995271" classname="CLUSTER_SLO_datachk" name="Check_CLUSTER_SLO_dataset"/>
    <testcase time="0.00200000000006639" classname="CLUSTER_SLO_datachk" name="Check_CLUSTER_SLO_dataset"/>
    <testcase time="0.000999999999976353" classname="CLUSTER_SLO_datachk" name="Check_CLUSTER_SLO_dataset"/>
    <testcase time="0.0430000000000064" classname="CLUSTER_SLO_datachk" name="Check_CLUSTER_SLO_dataset"/>
    <testcase time="0.00199999999995271" classname="CLUSTER_SLO_datachk" name="Check_CLUSTER_SLO_dataset"/>
    <testcase time="0.00200000000006639" classname="CLUSTER_SLO_datachk" name="Check_CLUSTER_SLO_dataset"/>
    <testcase time="0.00199999999995271" classname="CLUSTER_SLO_datachk" name="Check_CLUSTER_SLO_dataset"/>
    <testcase time="0.00200000000006639" classname="CLUSTER_SLO_datachk" name="Check_CLUSTER_SLO_dataset"/>
    <testcase time="0.00199999999995271" classname="CLUSTER_SLO_datachk" name="Check_CLUSTER_SLO_dataset"/>
    <testcase time="0.000999999999976353" classname="CLUSTER_SLO_datachk" name="Check_CLUSTER_SLO_dataset"/>
    <testcase time="0.00200000000006639" classname="CLUSTER_SLO_datachk" name="Check_CLUSTER_SLO_dataset"/>
    <testcase time="0.00199999999995271" classname="CLUSTER_SLO_datachk" name="Check_CLUSTER_SLO_dataset"/>
    <testcase time="0.0879999999999654" classname="CLUSTER_SLO_datachk" name="Check_CLUSTER_SLO_dataset"/>
    <testcase time="0.00200000000006639" classname="CLUSTER_SLO_datachk" name="Check_CLUSTER_SLO_dataset"/>
    <testcase time="0.00199999999995271" classname="CLUSTER_SLO_datachk" name="Check_CLUSTER_SLO_dataset"/>
    <testcase time="0.00200000000006639" classname="CLUSTER_SLO_datachk" name="Check_CLUSTER_SLO_dataset"/>
    <testcase time="0.000999999999976353" classname="CLUSTER_SLO_datachk" name="Check_CLUSTER_SLO_dataset"/>
    <testcase time="0.00999999999999091" classname="CLUSTER_SLO_datachk" name="Check_CLUSTER_SLO_dataset"/>
    <testcase time="0.000999999999976353" classname="CLUSTER_SLO_datachk" name="Check_CLUSTER_SLO_dataset"/>
    <testcase time="0.0439999999999827" classname="CLUSTER_SLO_datachk" name="Check_CLUSTER_SLO_dataset"/>
    <testcase time="0.00200000000006639" classname="CLUSTER_SLO_datachk" name="Check_CLUSTER_SLO_dataset"/>
    <testcase time="0.00199999999995271" classname="CLUSTER_SLO_datachk" name="Check_CLUSTER_SLO_dataset"/>
    <testcase time="0.000999999999976353" classname="CLUSTER_SLO_datachk" name="Check_CLUSTER_SLO_dataset"/>
    <testcase time="0.00200000000006639" classname="CLUSTER_SLO_datachk" name="Check_CLUSTER_SLO_dataset"/>
    <testcase time="0.00199999999995271" classname="CLUSTER_SLO_datachk" name="Check_CLUSTER_SLO_dataset"/>
    <testcase time="0.00199999999995271" classname="CLUSTER_SLO_datachk" name="Check_CLUSTER_SLO_dataset"/>
    <testcase time="0.00200000000006639" classname="CLUSTER_SLO_datachk" name="Check_CLUSTER_SLO_dataset"/>
    <testcase time="0.00199999999995271" classname="CLUSTER_SLO_datachk" name="Check_CLUSTER_SLO_dataset"/>
    <testcase time="0.08400000000006" classname="CLUSTER_SLO_datachk" name="Check_CLUSTER_SLO_dataset"/>
    <testcase time="0.00199999999995271" classname="CLUSTER_SLO_datachk" name="Check_CLUSTER_SLO_dataset"/>
    <testcase time="0.00200000000006639" classname="CLUSTER_SLO_datachk" name="Check_CLUSTER_SLO_dataset"/>
    <testcase time="0.00199999999995271" classname="CLUSTER_SLO_datachk" name="Check_CLUSTER_SLO_dataset"/>
    <testcase time="0.00199999999995271" classname="CLUSTER_SLO_datachk" name="Check_CLUSTER_SLO_dataset"/>
    <testcase time="0.00200000000006639" classname="CLUSTER_SLO_datachk" name="Check_CLUSTER_SLO_dataset"/>
    <testcase time="0.00199999999995271" classname="CLUSTER_SLO_datachk" name="Check_CLUSTER_SLO_dataset"/>
    <testcase time="0.0510000000000446" classname="CLUSTER_SLO_datachk" name="Check_CLUSTER_SLO_dataset"/>
    <testcase time="0.00199999999995271" classname="CLUSTER_SLO_datachk" name="Check_CLUSTER_SLO_dataset"/>
    <testcase time="0.00200000000006639" classname="CLUSTER_SLO_datachk" name="Check_CLUSTER_SLO_dataset"/>
    <testcase time="0.00199999999995271" classname="CLUSTER_SLO_datachk" name="Check_CLUSTER_SLO_dataset"/>
    <testcase time="0.00200000000006639" classname="CLUSTER_SLO_datachk" name="Check_CLUSTER_SLO_dataset"/>
    <testcase time="0.00199999999995271" classname="CLUSTER_SLO_datachk" name="Check_CLUSTER_SLO_dataset"/>
    <testcase time="0.00199999999995271" classname="CLUSTER_SLO_datachk" name="Check_CLUSTER_SLO_dataset"/>
    <testcase time="0.00200000000006639" classname="CLUSTER_SLO_datachk" name="Check_CLUSTER_SLO_dataset"/>
    <testcase time="0.00199999999995271" classname="CLUSTER_SLO_datachk" name="Check_CLUSTER_SLO_dataset"/>
    <testcase time="0.0930000000000746" classname="CLUSTER_SLO_datachk" name="Check_CLUSTER_SLO_dataset"/>
    <testcase time="0.00199999999995271" classname="CLUSTER_SLO_datachk" name="Check_CLUSTER_SLO_dataset"/>
    <testcase time="0.00199999999995271" classname="CLUSTER_SLO_datachk" name="Check_CLUSTER_SLO_dataset"/>
    <testcase time="0.00200000000006639" classname="CLUSTER_SLO_datachk" name="Check_CLUSTER_SLO_dataset"/>
    <testcase time="0.00199999999995271" classname="CLUSTER_SLO_datachk" name="Check_CLUSTER_SLO_dataset"/>
    <testcase time="0.00200000000006639" classname="CLUSTER_SLO_datachk" name="Check_CLUSTER_SLO_dataset"/>
    <testcase time="0.00199999999995271" classname="CLUSTER_SLO_datachk" name="Check_CLUSTER_SLO_dataset"/>
    <testcase time="0.05600000000004" classname="CLUSTER_SLO_datachk" name="Check_CLUSTER_SLO_dataset"/>
    <testcase time="0.00199999999995271" classname="CLUSTER_SLO_datachk" name="Check_CLUSTER_SLO_dataset"/>
    <testcase time="0.00200000000006639" classname="CLUSTER_SLO_datachk" name="Check_CLUSTER_SLO_dataset"/>
    <testcase time="0.00199999999995271" classname="CLUSTER_SLO_datachk" name="Check_CLUSTER_SLO_dataset"/>
    <testcase time="0.00199999999995271" classname="CLUSTER_SLO_datachk" name="Check_CLUSTER_SLO_dataset"/>
    <testcase time="0.00200000000006639" classname="CLUSTER_SLO_datachk" name="Check_CLUSTER_SLO_dataset"/>
    <testcase time="0.00199999999995271" classname="CLUSTER_SLO_datachk" name="Check_CLUSTER_SLO_dataset"/>
    <testcase time="0.00200000000006639" classname="CLUSTER_SLO_datachk" name="Check_CLUSTER_SLO_dataset"/>
    <testcase time="0.00199999999995271" classname="CLUSTER_SLO_datachk" name="Check_CLUSTER_SLO_dataset"/>
    <testcase time="0.0890000000000555" classname="CLUSTER_SLO_datachk" name="Check_CLUSTER_SLO_dataset"/>
    <testcase time="0.00199999999995271" classname="CLUSTER_SLO_datachk" name="Check_CLUSTER_SLO_dataset"/>
    <testcase time="0.00199999999995271" classname="CLUSTER_SLO_datachk" name="Check_CLUSTER_SLO_dataset"/>
    <testcase time="0.00200000000006639" classname="CLUSTER_SLO_datachk" name="Check_CLUSTER_SLO_dataset"/>
    <testcase time="0.00199999999995271" classname="CLUSTER_SLO_datachk" name="Check_CLUSTER_SLO_dataset"/>
    <testcase time="0.00200000000006639" classname="CLUSTER_SLO_datachk" name="Check_CLUSTER_SLO_dataset"/>
    <testcase time="0.00199999999995271" classname="CLUSTER_SLO_datachk" name="Check_CLUSTER_SLO_dataset"/>
    <testcase time="0.0499999999999545" classname="CLUSTER_SLO_datachk" name="Check_CLUSTER_SLO_dataset"/>
    <testcase time="0.00300000000004275" classname="CLUSTER_SLO_datachk" name="Check_CLUSTER_SLO_dataset"/>
    <testcase time="0.00199999999995271" classname="CLUSTER_SLO_datachk" name="Check_CLUSTER_SLO_dataset"/>
    <testcase time="0.00200000000006639" classname="CLUSTER_SLO_datachk" name="Check_CLUSTER_SLO_dataset"/>
    <testcase time="0.00199999999995271" classname="CLUSTER_SLO_datachk" name="Check_CLUSTER_SLO_dataset"/>
    <testcase time="0.00200000000006639" classname="CLUSTER_SLO_datachk" name="Check_CLUSTER_SLO_dataset"/>
    <testcase time="0.00199999999995271" classname="CLUSTER_SLO_datachk" name="Check_CLUSTER_SLO_dataset"/>
    <testcase time="0.00200000000006639" classname="CLUSTER_SLO_datachk" name="Check_CLUSTER_SLO_dataset"/>
    <testcase time="0.00199999999995271" classname="CLUSTER_SLO_datachk" name="Check_CLUSTER_SLO_dataset"/>
  </testsuite>
  <testsuite name="CLUSTER_SLO::datachk::shutdown" timestamp="2025-09-19T11:45:37Z" hostname="runnervmf4ws1" tests="3" skipped="0" failures="0" errors="0" time="0.061">
    <testcase time="0.0579999999999927" classname="CLUSTER_SLO_datachk_shutdown" name="shutdown"/>
    <testcase time="0.000999999999976353" classname="CLUSTER_SLO_datachk_shutdown" name="shutdown"/>
    <testcase time="0.00200000000006639" classname="CLUSTER_SLO_datachk_shutdown" name="shutdown"/>
  </testsuite>
  <testsuite name="CLUSTER_SLO::datachk::done" timestamp="2025-09-19T11:45:37Z" hostname="runnervmf4ws1" tests="0" skipped="0" failures="0" errors="0" time="0"/>
  <testsuite name="datachk-CNSIM" timestamp="2025-09-19T11:45:37Z" hostname="runnervmf4ws1" tests="0" skipped="0" failures="0" errors="0" time="0"/>
  <testsuite name="CNSIM::datachk::setup" timestamp="2025-09-19T11:45:37Z" hostname="runnervmf4ws1" tests="3" skipped="0" failures="0" errors="0" time="7.608">
    <testcase time="7.60599999999999" classname="CNSIM_datachk_setup" name="setup"/>
    <testcase time="0.000999999999976353" classname="CNSIM_datachk_setup" name="setup"/>
    <testcase time="0.000999999999976353" classname="CNSIM_datachk_setup" name="setup"/>
  </testsuite>
  <testsuite name="CNSIM::datachk" timestamp="2025-09-19T11:45:45Z" hostname="runnervmf4ws1" tests="275" skipped="0" failures="0" errors="0" time="3.52">
    <testcase time="0.110000000000014" classname="CNSIM_datachk" name="Check_CNSIM_dataset"/>
    <testcase time="0.000999999999976353" classname="CNSIM_datachk" name="Check_CNSIM_dataset"/>
    <testcase time="0.00300000000004275" classname="CNSIM_datachk" name="Check_CNSIM_dataset"/>
    <testcase time="0.000999999999976353" classname="CNSIM_datachk" name="Check_CNSIM_dataset"/>
    <testcase time="0.00300000000004275" classname="CNSIM_datachk" name="Check_CNSIM_dataset"/>
    <testcase time="0.000999999999976353" classname="CNSIM_datachk" name="Check_CNSIM_dataset"/>
    <testcase time="0.00299999999992906" classname="CNSIM_datachk" name="Check_CNSIM_dataset"/>
    <testcase time="0.0460000000000491" classname="CNSIM_datachk" name="Check_CNSIM_dataset"/>
    <testcase time="0.000999999999976353" classname="CNSIM_datachk" name="Check_CNSIM_dataset"/>
    <testcase time="0.00200000000006639" classname="CNSIM_datachk" name="Check_CNSIM_dataset"/>
    <testcase time="0.000999999999976353" classname="CNSIM_datachk" name="Check_CNSIM_dataset"/>
    <testcase time="0.000999999999976353" classname="CNSIM_datachk" name="Check_CNSIM_dataset"/>
    <testcase time="0.000999999999976353" classname="CNSIM_datachk" name="Check_CNSIM_dataset"/>
    <testcase time="0.00200000000006639" classname="CNSIM_datachk" name="Check_CNSIM_dataset"/>
    <testcase time="0.000999999999976353" classname="CNSIM_datachk" name="Check_CNSIM_dataset"/>
    <testcase time="0.129999999999995" classname="CNSIM_datachk" name="Check_CNSIM_dataset"/>
    <testcase time="0.000999999999976353" classname="CNSIM_datachk" name="Check_CNSIM_dataset"/>
    <testcase time="0.00200000000006639" classname="CNSIM_datachk" name="Check_CNSIM_dataset"/>
    <testcase time="0.000999999999976353" classname="CNSIM_datachk" name="Check_CNSIM_dataset"/>
    <testcase time="0.000999999999976353" classname="CNSIM_datachk" name="Check_CNSIM_dataset"/>
    <testcase time="0.00199999999995271" classname="CNSIM_datachk" name="Check_CNSIM_dataset"/>
    <testcase time="0.00100000000009004" classname="CNSIM_datachk" name="Check_CNSIM_dataset"/>
    <testcase time="0.0889999999999418" classname="CNSIM_datachk" name="Check_CNSIM_dataset"/>
    <testcase time="0.00200000000006639" classname="CNSIM_datachk" name="Check_CNSIM_dataset"/>
    <testcase time="0.000999999999976353" classname="CNSIM_datachk" name="Check_CNSIM_dataset"/>
    <testcase time="0.000999999999976353" classname="CNSIM_datachk" name="Check_CNSIM_dataset"/>
    <testcase time="0.00199999999995271" classname="CNSIM_datachk" name="Check_CNSIM_dataset"/>
    <testcase time="0.00100000000009004" classname="CNSIM_datachk" name="Check_CNSIM_dataset"/>
    <testcase time="0.000999999999976353" classname="CNSIM_datachk" name="Check_CNSIM_dataset"/>
    <testcase time="0.05499999999995" classname="CNSIM_datachk" name="Check_CNSIM_dataset"/>
    <testcase time="0.000999999999976353" classname="CNSIM_datachk" name="Check_CNSIM_dataset"/>
    <testcase time="0.00200000000006639" classname="CNSIM_datachk" name="Check_CNSIM_dataset"/>
    <testcase time="0.000999999999976353" classname="CNSIM_datachk" name="Check_CNSIM_dataset"/>
    <testcase time="0.000999999999976353" classname="CNSIM_datachk" name="Check_CNSIM_dataset"/>
    <testcase time="0.00200000000006639" classname="CNSIM_datachk" name="Check_CNSIM_dataset"/>
    <testcase time="0.000999999999976353" classname="CNSIM_datachk" name="Check_CNSIM_dataset"/>
    <testcase time="0.000999999999976353" classname="CNSIM_datachk" name="Check_CNSIM_dataset"/>
    <testcase time="0.00200000000006639" classname="CNSIM_datachk" name="Check_CNSIM_dataset"/>
    <testcase time="0.133999999999901" classname="CNSIM_datachk" name="Check_CNSIM_dataset"/>
    <testcase time="0.00200000000006639" classname="CNSIM_datachk" name="Check_CNSIM_dataset"/>
    <testcase time="0.000999999999976353" classname="CNSIM_datachk" name="Check_CNSIM_dataset"/>
    <testcase time="0.00199999999995271" classname="CNSIM_datachk" name="Check_CNSIM_dataset"/>
    <testcase time="0.00100000000009004" classname="CNSIM_datachk" name="Check_CNSIM_dataset"/>
    <testcase time="0.000999999999976353" classname="CNSIM_datachk" name="Check_CNSIM_dataset"/>
    <testcase time="0.00199999999995271" classname="CNSIM_datachk" name="Check_CNSIM_dataset"/>
    <testcase time="0.0850000000000364" classname="CNSIM_datachk" name="Check_CNSIM_dataset"/>
    <testcase time="0.000999999999976353" classname="CNSIM_datachk" name="Check_CNSIM_dataset"/>
    <testcase time="0.00100000000009004" classname="CNSIM_datachk" name="Check_CNSIM_dataset"/>
    <testcase time="0.000999999999976353" classname="CNSIM_datachk" name="Check_CNSIM_dataset"/>
    <testcase time="0.00199999999995271" classname="CNSIM_datachk" name="Check_CNSIM_dataset"/>
    <testcase time="0.000999999999976353" classname="CNSIM_datachk" name="Check_CNSIM_dataset"/>
    <testcase time="0.00200000000006639" classname="CNSIM_datachk" name="Check_CNSIM_dataset"/>
    <testcase time="0.0430000000000064" classname="CNSIM_datachk" name="Check_CNSIM_dataset"/>
    <testcase time="0.000999999999976353" classname="CNSIM_datachk" name="Check_CNSIM_dataset"/>
    <testcase time="0.00199999999995271" classname="CNSIM_datachk" name="Check_CNSIM_dataset"/>
    <testcase time="0.00100000000009004" classname="CNSIM_datachk" name="Check_CNSIM_dataset"/>
    <testcase time="0.000999999999976353" classname="CNSIM_datachk" name="Check_CNSIM_dataset"/>
    <testcase time="0.00199999999995271" classname="CNSIM_datachk" name="Check_CNSIM_dataset"/>
    <testcase time="0.000999999999976353" classname="CNSIM_datachk" name="Check_CNSIM_dataset"/>
    <testcase time="0.00200000000006639" classname="CNSIM_datachk" name="Check_CNSIM_dataset"/>
    <testcase time="0.000999999999976353" classname="CNSIM_datachk" name="Check_CNSIM_dataset"/>
    <testcase time="0.109000000000037" classname="CNSIM_datachk" name="Check_CNSIM_dataset"/>
    <testcase time="0.00199999999995271" classname="CNSIM_datachk" name="Check_CNSIM_dataset"/>
    <testcase time="0.000999999999976353" classname="CNSIM_datachk" name="Check_CNSIM_dataset"/>
    <testcase time="0.00200000000006639" classname="CNSIM_datachk" name="Check_CNSIM_dataset"/>
    <testcase time="0.000999999999976353" classname="CNSIM_datachk" name="Check_CNSIM_dataset"/>
    <testcase time="0.00199999999995271" classname="CNSIM_datachk" name="Check_CNSIM_dataset"/>
    <testcase time="0.00100000000009004" classname="CNSIM_datachk" name="Check_CNSIM_dataset"/>
    <testcase time="0.09699999999998" classname="CNSIM_datachk" name="Check_CNSIM_dataset"/>
    <testcase time="0.000999999999976353" classname="CNSIM_datachk" name="Check_CNSIM_dataset"/>
    <testcase time="0.00199999999995271" classname="CNSIM_datachk" name="Check_CNSIM_dataset"/>
    <testcase time="0.00100000000009004" classname="CNSIM_datachk" name="Check_CNSIM_dataset"/>
    <testcase time="0.00199999999995271" classname="CNSIM_datachk" name="Check_CNSIM_dataset"/>
    <testcase time="0.000999999999976353" classname="CNSIM_datachk" name="Check_CNSIM_dataset"/>
    <testcase time="0.00200000000006639" classname="CNSIM_datachk" name="Check_CNSIM_dataset"/>
    <testcase time="0.0449999999999591" classname="CNSIM_datachk" name="Check_CNSIM_dataset"/>
    <testcase time="0.00199999999995271" classname="CNSIM_datachk" name="Check_CNSIM_dataset"/>
    <testcase time="0.00200000000006639" classname="CNSIM_datachk" name="Check_CNSIM_dataset"/>
    <testcase time="0.000999999999976353" classname="CNSIM_datachk" name="Check_CNSIM_dataset"/>
    <testcase time="0.00199999999995271" classname="CNSIM_datachk" name="Check_CNSIM_dataset"/>
    <testcase time="0.00100000000009004" classname="CNSIM_datachk" name="Check_CNSIM_dataset"/>
    <testcase time="0.00199999999995271" classname="CNSIM_datachk" name="Check_CNSIM_dataset"/>
    <testcase time="0.000999999999976353" classname="CNSIM_datachk" name="Check_CNSIM_dataset"/>
    <testcase time="0.00200000000006639" classname="CNSIM_datachk" name="Check_CNSIM_dataset"/>
    <testcase time="0.112999999999943" classname="CNSIM_datachk" name="Check_CNSIM_dataset"/>
    <testcase time="0.00200000000006639" classname="CNSIM_datachk" name="Check_CNSIM_dataset"/>
    <testcase time="0.00199999999995271" classname="CNSIM_datachk" name="Check_CNSIM_dataset"/>
    <testcase time="0.000999999999976353" classname="CNSIM_datachk" name="Check_CNSIM_dataset"/>
    <testcase time="0.00200000000006639" classname="CNSIM_datachk" name="Check_CNSIM_dataset"/>
    <testcase time="0.000999999999976353" classname="CNSIM_datachk" name="Check_CNSIM_dataset"/>
    <testcase time="0.00199999999995271" classname="CNSIM_datachk" name="Check_CNSIM_dataset"/>
    <testcase time="0.0860000000000127" classname="CNSIM_datachk" name="Check_CNSIM_dataset"/>
    <testcase time="0.00200000000006639" classname="CNSIM_datachk" name="Check_CNSIM_dataset"/>
    <testcase time="0.000999999999976353" classname="CNSIM_datachk" name="Check_CNSIM_dataset"/>
    <testcase time="0.00199999999995271" classname="CNSIM_datachk" name="Check_CNSIM_dataset"/>
    <testcase time="0.000999999999976353" classname="CNSIM_datachk" name="Check_CNSIM_dataset"/>
    <testcase time="0.00200000000006639" classname="CNSIM_datachk" name="Check_CNSIM_dataset"/>
    <testcase time="0.000999999999976353" classname="CNSIM_datachk" name="Check_CNSIM_dataset"/>
    <testcase time="0.0529999999999973" classname="CNSIM_datachk" name="Check_CNSIM_dataset"/>
    <testcase time="0.000999999999976353" classname="CNSIM_datachk" name="Check_CNSIM_dataset"/>
    <testcase time="0.000999999999976353" classname="CNSIM_datachk" name="Check_CNSIM_dataset"/>
    <testcase time="0.00199999999995271" classname="CNSIM_datachk" name="Check_CNSIM_dataset"/>
    <testcase time="0.00100000000009004" classname="CNSIM_datachk" name="Check_CNSIM_dataset"/>
    <testcase time="0.00199999999995271" classname="CNSIM_datachk" name="Check_CNSIM_dataset"/>
    <testcase time="0.00199999999995271" classname="CNSIM_datachk" name="Check_CNSIM_dataset"/>
    <testcase time="0.00100000000009004" classname="CNSIM_datachk" name="Check_CNSIM_dataset"/>
    <testcase time="0.00199999999995271" classname="CNSIM_datachk" name="Check_CNSIM_dataset"/>
    <testcase time="0.114000000000033" classname="CNSIM_datachk" name="Check_CNSIM_dataset"/>
    <testcase time="0.00199999999995271" classname="CNSIM_datachk" name="Check_CNSIM_dataset"/>
    <testcase time="0.000999999999976353" classname="CNSIM_datachk" name="Check_CNSIM_dataset"/>
    <testcase time="0.00200000000006639" classname="CNSIM_datachk" name="Check_CNSIM_dataset"/>
    <testcase time="0.00199999999995271" classname="CNSIM_datachk" name="Check_CNSIM_dataset"/>
    <testcase time="0.000999999999976353" classname="CNSIM_datachk" name="Check_CNSIM_dataset"/>
    <testcase time="0.00200000000006639" classname="CNSIM_datachk" name="Check_CNSIM_dataset"/>
    <testcase time="0.0860000000000127" classname="CNSIM_datachk" name="Check_CNSIM_dataset"/>
    <testcase time="0.00199999999995271" classname="CNSIM_datachk" name="Check_CNSIM_dataset"/>
    <testcase time="0.000999999999976353" classname="CNSIM_datachk" name="Check_CNSIM_dataset"/>
    <testcase time="0.00200000000006639" classname="CNSIM_datachk" name="Check_CNSIM_dataset"/>
    <testcase time="0.00199999999995271" classname="CNSIM_datachk" name="Check_CNSIM_dataset"/>
    <testcase time="0.000999999999976353" classname="CNSIM_datachk" name="Check_CNSIM_dataset"/>
    <testcase time="0.00200000000006639" classname="CNSIM_datachk" name="Check_CNSIM_dataset"/>
    <testcase time="0.0449999999999591" classname="CNSIM_datachk" name="Check_CNSIM_dataset"/>
    <testcase time="0.00200000000006639" classname="CNSIM_datachk" name="Check_CNSIM_dataset"/>
    <testcase time="0.00199999999995271" classname="CNSIM_datachk" name="Check_CNSIM_dataset"/>
    <testcase time="0.00199999999995271" classname="CNSIM_datachk" name="Check_CNSIM_dataset"/>
    <testcase time="0.00100000000009004" classname="CNSIM_datachk" name="Check_CNSIM_dataset"/>
    <testcase time="0.00199999999995271" classname="CNSIM_datachk" name="Check_CNSIM_dataset"/>
    <testcase time="0.00199999999995271" classname="CNSIM_datachk" name="Check_CNSIM_dataset"/>
    <testcase time="0.00100000000009004" classname="CNSIM_datachk" name="Check_CNSIM_dataset"/>
    <testcase time="0.00899999999990087" classname="CNSIM_datachk" name="Check_CNSIM_dataset"/>
    <testcase time="0.111000000000104" classname="CNSIM_datachk" name="Check_CNSIM_dataset"/>
    <testcase time="0.00199999999995271" classname="CNSIM_datachk" name="Check_CNSIM_dataset"/>
    <testcase time="0.00199999999995271" classname="CNSIM_datachk" name="Check_CNSIM_dataset"/>
    <testcase time="0.00200000000006639" classname="CNSIM_datachk" name="Check_CNSIM_dataset"/>
    <testcase time="0.00199999999995271" classname="CNSIM_datachk" name="Check_CNSIM_dataset"/>
    <testcase time="0.000999999999976353" classname="CNSIM_datachk" name="Check_CNSIM_dataset"/>
    <testcase time="0.00200000000006639" classname="CNSIM_datachk" name="Check_CNSIM_dataset"/>
    <testcase time="0.0860000000000127" classname="CNSIM_datachk" name="Check_CNSIM_dataset"/>
    <testcase time="0.00199999999995271" classname="CNSIM_datachk" name="Check_CNSIM_dataset"/>
    <testcase time="0.000999999999976353" classname="CNSIM_datachk" name="Check_CNSIM_dataset"/>
    <testcase time="0.00200000000006639" classname="CNSIM_datachk" name="Check_CNSIM_dataset"/>
    <testcase time="0.00199999999995271" classname="CNSIM_datachk" name="Check_CNSIM_dataset"/>
    <testcase time="0.00200000000006639" classname="CNSIM_datachk" name="Check_CNSIM_dataset"/>
    <testcase time="0.000999999999976353" classname="CNSIM_datachk" name="Check_CNSIM_dataset"/>
    <testcase time="0.0470000000000255" classname="CNSIM_datachk" name="Check_CNSIM_dataset"/>
    <testcase time="0.00199999999995271" classname="CNSIM_datachk" name="Check_CNSIM_dataset"/>
    <testcase time="0.00199999999995271" classname="CNSIM_datachk" name="Check_CNSIM_dataset"/>
    <testcase time="0.00100000000009004" classname="CNSIM_datachk" name="Check_CNSIM_dataset"/>
    <testcase time="0.00199999999995271" classname="CNSIM_datachk" name="Check_CNSIM_dataset"/>
    <testcase time="0.00199999999995271" classname="CNSIM_datachk" name="Check_CNSIM_dataset"/>
    <testcase time="0.00200000000006639" classname="CNSIM_datachk" name="Check_CNSIM_dataset"/>
    <testcase time="0.00199999999995271" classname="CNSIM_datachk" name="Check_CNSIM_dataset"/>
    <testcase time="0.00100000000009004" classname="CNSIM_datachk" name="Check_CNSIM_dataset"/>
    <testcase time="0.126999999999953" classname="CNSIM_datachk" name="Check_CNSIM_dataset"/>
    <testcase time="0.00199999999995271" classname="CNSIM_datachk" name="Check_CNSIM_dataset"/>
    <testcase time="0.00200000000006639" classname="CNSIM_datachk" name="Check_CNSIM_dataset"/>
    <testcase time="0.00199999999995271" classname="CNSIM_datachk" name="Check_CNSIM_dataset"/>
    <testcase time="0.00200000000006639" classname="CNSIM_datachk" name="Check_CNSIM_dataset"/>
    <testcase time="0.000999999999976353" classname="CNSIM_datachk" name="Check_CNSIM_dataset"/>
    <testcase time="0.000999999999976353" classname="CNSIM_datachk" name="Check_CNSIM_dataset"/>
    <testcase time="0.0890000000000555" classname="CNSIM_datachk" name="Check_CNSIM_dataset"/>
    <testcase time="0.00199999999995271" classname="CNSIM_datachk" name="Check_CNSIM_dataset"/>
    <testcase time="0.00200000000006639" classname="CNSIM_datachk" name="Check_CNSIM_dataset"/>
    <testcase time="0.000999999999976353" classname="CNSIM_datachk" name="Check_CNSIM_dataset"/>
    <testcase time="0.00199999999995271" classname="CNSIM_datachk" name="Check_CNSIM_dataset"/>
    <testcase time="0.00200000000006639" classname="CNSIM_datachk" name="Check_CNSIM_dataset"/>
    <testcase time="0.00199999999995271" classname="CNSIM_datachk" name="Check_CNSIM_dataset"/>
    <testcase time="0.0460000000000491" classname="CNSIM_datachk" name="Check_CNSIM_dataset"/>
    <testcase time="0.00199999999995271" classname="CNSIM_datachk" name="Check_CNSIM_dataset"/>
    <testcase time="0.00199999999995271" classname="CNSIM_datachk" name="Check_CNSIM_dataset"/>
    <testcase time="0.00100000000009004" classname="CNSIM_datachk" name="Check_CNSIM_dataset"/>
    <testcase time="0.00199999999995271" classname="CNSIM_datachk" name="Check_CNSIM_dataset"/>
    <testcase time="0.00199999999995271" classname="CNSIM_datachk" name="Check_CNSIM_dataset"/>
    <testcase time="0.00200000000006639" classname="CNSIM_datachk" name="Check_CNSIM_dataset"/>
    <testcase time="0.00199999999995271" classname="CNSIM_datachk" name="Check_CNSIM_dataset"/>
    <testcase time="0.00200000000006639" classname="CNSIM_datachk" name="Check_CNSIM_dataset"/>
    <testcase time="0.120000000000005" classname="CNSIM_datachk" name="Check_CNSIM_dataset"/>
    <testcase time="0.00199999999995271" classname="CNSIM_datachk" name="Check_CNSIM_dataset"/>
    <testcase time="0.00199999999995271" classname="CNSIM_datachk" name="Check_CNSIM_dataset"/>
    <testcase time="0.00200000000006639" classname="CNSIM_datachk" name="Check_CNSIM_dataset"/>
    <testcase time="0.00199999999995271" classname="CNSIM_datachk" name="Check_CNSIM_dataset"/>
    <testcase time="0.00100000000009004" classname="CNSIM_datachk" name="Check_CNSIM_dataset"/>
    <testcase time="0.00199999999995271" classname="CNSIM_datachk" name="Check_CNSIM_dataset"/>
    <testcase time="0.0900000000000318" classname="CNSIM_datachk" name="Check_CNSIM_dataset"/>
    <testcase time="0.00199999999995271" classname="CNSIM_datachk" name="Check_CNSIM_dataset"/>
    <testcase time="0.00199999999995271" classname="CNSIM_datachk" name="Check_CNSIM_dataset"/>
    <testcase time="0.00200000000006639" classname="CNSIM_datachk" name="Check_CNSIM_dataset"/>
    <testcase time="0.000999999999976353" classname="CNSIM_datachk" name="Check_CNSIM_dataset"/>
    <testcase time="0.00100000000009004" classname="CNSIM_datachk" name="Check_CNSIM_dataset"/>
    <testcase time="0.00199999999995271" classname="CNSIM_datachk" name="Check_CNSIM_dataset"/>
    <testcase time="0.0449999999999591" classname="CNSIM_datachk" name="Check_CNSIM_dataset"/>
    <testcase time="0.00200000000006639" classname="CNSIM_datachk" name="Check_CNSIM_dataset"/>
    <testcase time="0.00199999999995271" classname="CNSIM_datachk" name="Check_CNSIM_dataset"/>
    <testcase time="0.00200000000006639" classname="CNSIM_datachk" name="Check_CNSIM_dataset"/>
    <testcase time="0.00199999999995271" classname="CNSIM_datachk" name="Check_CNSIM_dataset"/>
    <testcase time="0.00199999999995271" classname="CNSIM_datachk" name="Check_CNSIM_dataset"/>
    <testcase time="0.00200000000006639" classname="CNSIM_datachk" name="Check_CNSIM_dataset"/>
    <testcase time="0.00199999999995271" classname="CNSIM_datachk" name="Check_CNSIM_dataset"/>
    <testcase time="0.00200000000006639" classname="CNSIM_datachk" name="Check_CNSIM_dataset"/>
    <testcase time="0.15199999999993" classname="CNSIM_datachk" name="Check_CNSIM_dataset"/>
    <testcase time="0.00200000000006639" classname="CNSIM_datachk" name="Check_CNSIM_dataset"/>
    <testcase time="0.00299999999992906" classname="CNSIM_datachk" name="Check_CNSIM_dataset"/>
    <testcase time="0.00100000000009004" classname="CNSIM_datachk" name="Check_CNSIM_dataset"/>
    <testcase time="0.00199999999995271" classname="CNSIM_datachk" name="Check_CNSIM_dataset"/>
    <testcase time="0.00199999999995271" classname="CNSIM_datachk" name="Check_CNSIM_dataset"/>
    <testcase time="0.00900000000001455" classname="CNSIM_datachk" name="Check_CNSIM_dataset"/>
    <testcase time="0.0890000000000555" classname="CNSIM_datachk" name="Check_CNSIM_dataset"/>
    <testcase time="0.00199999999995271" classname="CNSIM_datachk" name="Check_CNSIM_dataset"/>
    <testcase time="0.00200000000006639" classname="CNSIM_datachk" name="Check_CNSIM_dataset"/>
    <testcase time="0.00199999999995271" classname="CNSIM_datachk" name="Check_CNSIM_dataset"/>
    <testcase time="0.00199999999995271" classname="CNSIM_datachk" name="Check_CNSIM_dataset"/>
    <testcase time="0.00100000000009004" classname="CNSIM_datachk" name="Check_CNSIM_dataset"/>
    <testcase time="0.00199999999995271" classname="CNSIM_datachk" name="Check_CNSIM_dataset"/>
    <testcase time="0.0439999999999827" classname="CNSIM_datachk" name="Check_CNSIM_dataset"/>
    <testcase time="0.00200000000006639" classname="CNSIM_datachk" name="Check_CNSIM_dataset"/>
    <testcase time="0.00199999999995271" classname="CNSIM_datachk" name="Check_CNSIM_dataset"/>
    <testcase time="0.000999999999976353" classname="CNSIM_datachk" name="Check_CNSIM_dataset"/>
    <testcase time="0.00200000000006639" classname="CNSIM_datachk" name="Check_CNSIM_dataset"/>
    <testcase time="0.000999999999976353" classname="CNSIM_datachk" name="Check_CNSIM_dataset"/>
    <testcase time="0.00200000000006639" classname="CNSIM_datachk" name="Check_CNSIM_dataset"/>
    <testcase time="0.00199999999995271" classname="CNSIM_datachk" name="Check_CNSIM_dataset"/>
    <testcase time="0.00199999999995271" classname="CNSIM_datachk" name="Check_CNSIM_dataset"/>
    <testcase time="0.111000000000104" classname="CNSIM_datachk" name="Check_CNSIM_dataset"/>
    <testcase time="0.00199999999995271" classname="CNSIM_datachk" name="Check_CNSIM_dataset"/>
    <testcase time="0.00199999999995271" classname="CNSIM_datachk" name="Check_CNSIM_dataset"/>
    <testcase time="0.00200000000006639" classname="CNSIM_datachk" name="Check_CNSIM_dataset"/>
    <testcase time="0.00299999999992906" classname="CNSIM_datachk" name="Check_CNSIM_dataset"/>
    <testcase time="0.00100000000009004" classname="CNSIM_datachk" name="Check_CNSIM_dataset"/>
    <testcase time="0.00299999999992906" classname="CNSIM_datachk" name="Check_CNSIM_dataset"/>
    <testcase time="0.0960000000000036" classname="CNSIM_datachk" name="Check_CNSIM_dataset"/>
    <testcase time="0.00300000000004275" classname="CNSIM_datachk" name="Check_CNSIM_dataset"/>
    <testcase time="0.00199999999995271" classname="CNSIM_datachk" name="Check_CNSIM_dataset"/>
    <testcase time="0.00200000000006639" classname="CNSIM_datachk" name="Check_CNSIM_dataset"/>
    <testcase time="0.00199999999995271" classname="CNSIM_datachk" name="Check_CNSIM_dataset"/>
    <testcase time="0.00200000000006639" classname="CNSIM_datachk" name="Check_CNSIM_dataset"/>
    <testcase time="0.00199999999995271" classname="CNSIM_datachk" name="Check_CNSIM_dataset"/>
    <testcase time="0.0439999999999827" classname="CNSIM_datachk" name="Check_CNSIM_dataset"/>
    <testcase time="0.00300000000004275" classname="CNSIM_datachk" name="Check_CNSIM_dataset"/>
    <testcase time="0.00199999999995271" classname="CNSIM_datachk" name="Check_CNSIM_dataset"/>
    <testcase time="0.00200000000006639" classname="CNSIM_datachk" name="Check_CNSIM_dataset"/>
    <testcase time="0.00199999999995271" classname="CNSIM_datachk" name="Check_CNSIM_dataset"/>
    <testcase time="0.00199999999995271" classname="CNSIM_datachk" name="Check_CNSIM_dataset"/>
    <testcase time="0.00200000000006639" classname="CNSIM_datachk" name="Check_CNSIM_dataset"/>
    <testcase time="0.00199999999995271" classname="CNSIM_datachk" name="Check_CNSIM_dataset"/>
    <testcase time="0.00200000000006639" classname="CNSIM_datachk" name="Check_CNSIM_dataset"/>
    <testcase time="0.107999999999947" classname="CNSIM_datachk" name="Check_CNSIM_dataset"/>
    <testcase time="0.00200000000006639" classname="CNSIM_datachk" name="Check_CNSIM_dataset"/>
    <testcase time="0.00199999999995271" classname="CNSIM_datachk" name="Check_CNSIM_dataset"/>
    <testcase time="0.00199999999995271" classname="CNSIM_datachk" name="Check_CNSIM_dataset"/>
    <testcase time="0.00200000000006639" classname="CNSIM_datachk" name="Check_CNSIM_dataset"/>
    <testcase time="0.00199999999995271" classname="CNSIM_datachk" name="Check_CNSIM_dataset"/>
    <testcase time="0.00300000000004275" classname="CNSIM_datachk" name="Check_CNSIM_dataset"/>
    <testcase time="0.0919999999999845" classname="CNSIM_datachk" name="Check_CNSIM_dataset"/>
    <testcase time="0.00199999999995271" classname="CNSIM_datachk" name="Check_CNSIM_dataset"/>
    <testcase time="0.00200000000006639" classname="CNSIM_datachk" name="Check_CNSIM_dataset"/>
    <testcase time="0.00199999999995271" classname="CNSIM_datachk" name="Check_CNSIM_dataset"/>
    <testcase time="0.00200000000006639" classname="CNSIM_datachk" name="Check_CNSIM_dataset"/>
    <testcase time="0.00199999999995271" classname="CNSIM_datachk" name="Check_CNSIM_dataset"/>
    <testcase time="0.00199999999995271" classname="CNSIM_datachk" name="Check_CNSIM_dataset"/>
    <testcase time="0.0430000000000064" classname="CNSIM_datachk" name="Check_CNSIM_dataset"/>
    <testcase time="0.00299999999992906" classname="CNSIM_datachk" name="Check_CNSIM_dataset"/>
    <testcase time="0.00200000000006639" classname="CNSIM_datachk" name="Check_CNSIM_dataset"/>
    <testcase time="0.00199999999995271" classname="CNSIM_datachk" name="Check_CNSIM_dataset"/>
    <testcase time="0.00199999999995271" classname="CNSIM_datachk" name="Check_CNSIM_dataset"/>
    <testcase time="0.00200000000006639" classname="CNSIM_datachk" name="Check_CNSIM_dataset"/>
    <testcase time="0.00300000000004275" classname="CNSIM_datachk" name="Check_CNSIM_dataset"/>
    <testcase time="0.00199999999995271" classname="CNSIM_datachk" name="Check_CNSIM_dataset"/>
    <testcase time="0.00199999999995271" classname="CNSIM_datachk" name="Check_CNSIM_dataset"/>
    <testcase time="0.109000000000037" classname="CNSIM_datachk" name="Check_CNSIM_dataset"/>
    <testcase time="0.00300000000004275" classname="CNSIM_datachk" name="Check_CNSIM_dataset"/>
    <testcase time="0.00199999999995271" classname="CNSIM_datachk" name="Check_CNSIM_dataset"/>
    <testcase time="0.00199999999995271" classname="CNSIM_datachk" name="Check_CNSIM_dataset"/>
    <testcase time="0.00200000000006639" classname="CNSIM_datachk" name="Check_CNSIM_dataset"/>
    <testcase time="0.00199999999995271" classname="CNSIM_datachk" name="Check_CNSIM_dataset"/>
    <testcase time="0.00300000000004275" classname="CNSIM_datachk" name="Check_CNSIM_dataset"/>
  </testsuite>
  <testsuite name="CNSIM::datachk::shutdown" timestamp="2025-09-19T11:45:48Z" hostname="runnervmf4ws1" tests="3" skipped="0" failures="0" errors="0" time="0.049">
    <testcase time="0.0470000000000255" classname="CNSIM_datachk_shutdown" name="shutdown"/>
    <testcase time="0.000999999999976353" classname="CNSIM_datachk_shutdown" name="shutdown"/>
    <testcase time="0.000999999999976353" classname="CNSIM_datachk_shutdown" name="shutdown"/>
  </testsuite>
  <testsuite name="CNSIM::datachk::done" timestamp="2025-09-19T11:45:49Z" hostname="runnervmf4ws1" tests="0" skipped="0" failures="0" errors="0" time="0"/>
  <testsuite name="datachk-DISCORDANT" timestamp="2025-09-19T11:45:49Z" hostname="runnervmf4ws1" tests="0" skipped="0" failures="0" errors="0" time="0"/>
  <testsuite name="DISCORDANT::datachk::setup" timestamp="2025-09-19T11:45:49Z" hostname="runnervmf4ws1" tests="3" skipped="0" failures="0" errors="0" time="7.568">
    <testcase time="7.56500000000005" classname="DISCORDANT_datachk_setup" name="setup"/>
    <testcase time="0.000999999999976353" classname="DISCORDANT_datachk_setup" name="setup"/>
    <testcase time="0.00199999999995271" classname="DISCORDANT_datachk_setup" name="setup"/>
  </testsuite>
  <testsuite name="DISCORDANT::datachk" timestamp="2025-09-19T11:45:56Z" hostname="runnervmf4ws1" tests="70" skipped="0" failures="0" errors="0" time="0.716">
    <testcase time="0.0890000000000555" classname="DISCORDANT_datachk" name="Check_DISCORDANT_dataset"/>
    <testcase time="0.000999999999976353" classname="DISCORDANT_datachk" name="Check_DISCORDANT_dataset"/>
    <testcase time="0.00300000000004275" classname="DISCORDANT_datachk" name="Check_DISCORDANT_dataset"/>
    <testcase time="0.000999999999976353" classname="DISCORDANT_datachk" name="Check_DISCORDANT_dataset"/>
    <testcase time="0.00299999999992906" classname="DISCORDANT_datachk" name="Check_DISCORDANT_dataset"/>
    <testcase time="0.00100000000009004" classname="DISCORDANT_datachk" name="Check_DISCORDANT_dataset"/>
    <testcase time="0.00299999999992906" classname="DISCORDANT_datachk" name="Check_DISCORDANT_dataset"/>
    <testcase time="0.0430000000000064" classname="DISCORDANT_datachk" name="Check_DISCORDANT_dataset"/>
    <testcase time="0.00200000000006639" classname="DISCORDANT_datachk" name="Check_DISCORDANT_dataset"/>
    <testcase time="0.000999999999976353" classname="DISCORDANT_datachk" name="Check_DISCORDANT_dataset"/>
    <testcase time="0.000999999999976353" classname="DISCORDANT_datachk" name="Check_DISCORDANT_dataset"/>
    <testcase time="0.00199999999995271" classname="DISCORDANT_datachk" name="Check_DISCORDANT_dataset"/>
    <testcase time="0.00100000000009004" classname="DISCORDANT_datachk" name="Check_DISCORDANT_dataset"/>
    <testcase time="0.000999999999976353" classname="DISCORDANT_datachk" name="Check_DISCORDANT_dataset"/>
    <testcase time="0.00199999999995271" classname="DISCORDANT_datachk" name="Check_DISCORDANT_dataset"/>
    <testcase time="0.120000000000005" classname="DISCORDANT_datachk" name="Check_DISCORDANT_dataset"/>
    <testcase time="0.000999999999976353" classname="DISCORDANT_datachk" name="Check_DISCORDANT_dataset"/>
    <testcase time="0.00200000000006639" classname="DISCORDANT_datachk" name="Check_DISCORDANT_dataset"/>
    <testcase time="0.000999999999976353" classname="DISCORDANT_datachk" name="Check_DISCORDANT_dataset"/>
    <testcase time="0.000999999999976353" classname="DISCORDANT_datachk" name="Check_DISCORDANT_dataset"/>
    <testcase time="0.00200000000006639" classname="DISCORDANT_datachk" name="Check_DISCORDANT_dataset"/>
    <testcase time="0.000999999999976353" classname="DISCORDANT_datachk" name="Check_DISCORDANT_dataset"/>
    <testcase time="0.0299999999999727" classname="DISCORDANT_datachk" name="Check_DISCORDANT_dataset"/>
    <testcase time="0.000999999999976353" classname="DISCORDANT_datachk" name="Check_DISCORDANT_dataset"/>
    <testcase time="0.00200000000006639" classname="DISCORDANT_datachk" name="Check_DISCORDANT_dataset"/>
    <testcase time="0.0299999999999727" classname="DISCORDANT_datachk" name="Check_DISCORDANT_dataset"/>
    <testcase time="0.000999999999976353" classname="DISCORDANT_datachk" name="Check_DISCORDANT_dataset"/>
    <testcase time="0.00200000000006639" classname="DISCORDANT_datachk" name="Check_DISCORDANT_dataset"/>
    <testcase time="0.0190000000000055" classname="DISCORDANT_datachk" name="Check_DISCORDANT_dataset"/>
    <testcase time="0.0430000000000064" classname="DISCORDANT_datachk" name="Check_DISCORDANT_dataset"/>
    <testcase time="0.000999999999976353" classname="DISCORDANT_datachk" name="Check_DISCORDANT_dataset"/>
    <testcase time="0.00199999999995271" classname="DISCORDANT_datachk" name="Check_DISCORDANT_dataset"/>
    <testcase time="0.000999999999976353" classname="DISCORDANT_datachk" name="Check_DISCORDANT_dataset"/>
    <testcase time="0.00100000000009004" classname="DISCORDANT_datachk" name="Check_DISCORDANT_dataset"/>
    <testcase time="0.00199999999995271" classname="DISCORDANT_datachk" name="Check_DISCORDANT_dataset"/>
    <testcase time="0.000999999999976353" classname="DISCORDANT_datachk" name="Check_DISCORDANT_dataset"/>
    <testcase time="0.000999999999976353" classname="DISCORDANT_datachk" name="Check_DISCORDANT_dataset"/>
    <testcase time="0.00200000000006639" classname="DISCORDANT_datachk" name="Check_DISCORDANT_dataset"/>
    <testcase time="0.0309999999999491" classname="DISCORDANT_datachk" name="Check_DISCORDANT_dataset"/>
    <testcase time="0.000999999999976353" classname="DISCORDANT_datachk" name="Check_DISCORDANT_dataset"/>
    <testcase time="0.00200000000006639" classname="DISCORDANT_datachk" name="Check_DISCORDANT_dataset"/>
    <testcase time="0.0190000000000055" classname="DISCORDANT_datachk" name="Check_DISCORDANT_dataset"/>
    <testcase time="0.0309999999999491" classname="DISCORDANT_datachk" name="Check_DISCORDANT_dataset"/>
    <testcase time="0.00100000000009004" classname="DISCORDANT_datachk" name="Check_DISCORDANT_dataset"/>
    <testcase time="0.00199999999995271" classname="DISCORDANT_datachk" name="Check_DISCORDANT_dataset"/>
    <testcase time="0.0499999999999545" classname="DISCORDANT_datachk" name="Check_DISCORDANT_dataset"/>
    <testcase time="0.00200000000006639" classname="DISCORDANT_datachk" name="Check_DISCORDANT_dataset"/>
    <testcase time="0.000999999999976353" classname="DISCORDANT_datachk" name="Check_DISCORDANT_dataset"/>
    <testcase time="0.00199999999995271" classname="DISCORDANT_datachk" name="Check_DISCORDANT_dataset"/>
    <testcase time="0.00100000000009004" classname="DISCORDANT_datachk" name="Check_DISCORDANT_dataset"/>
    <testcase time="0.00199999999995271" classname="DISCORDANT_datachk" name="Check_DISCORDANT_dataset"/>
    <testcase time="0.000999999999976353" classname="DISCORDANT_datachk" name="Check_DISCORDANT_dataset"/>
    <testcase time="0.000999999999976353" classname="DISCORDANT_datachk" name="Check_DISCORDANT_dataset"/>
    <testcase time="0.00200000000006639" classname="DISCORDANT_datachk" name="Check_DISCORDANT_dataset"/>
    <testcase time="0.0199999999999818" classname="DISCORDANT_datachk" name="Check_DISCORDANT_dataset"/>
    <testcase time="0.0299999999999727" classname="DISCORDANT_datachk" name="Check_DISCORDANT_dataset"/>
    <testcase time="0.00200000000006639" classname="DISCORDANT_datachk" name="Check_DISCORDANT_dataset"/>
    <testcase time="0.000999999999976353" classname="DISCORDANT_datachk" name="Check_DISCORDANT_dataset"/>
    <testcase time="0.0319999999999254" classname="DISCORDANT_datachk" name="Check_DISCORDANT_dataset"/>
    <testcase time="0.00300000000004275" classname="DISCORDANT_datachk" name="Check_DISCORDANT_dataset"/>
    <testcase time="0.00200000000006639" classname="DISCORDANT_datachk" name="Check_DISCORDANT_dataset"/>
    <testcase time="0.0439999999999827" classname="DISCORDANT_datachk" name="Check_DISCORDANT_dataset"/>
    <testcase time="0.00199999999995271" classname="DISCORDANT_datachk" name="Check_DISCORDANT_dataset"/>
    <testcase time="0.00200000000006639" classname="DISCORDANT_datachk" name="Check_DISCORDANT_dataset"/>
    <testcase time="0.000999999999976353" classname="DISCORDANT_datachk" name="Check_DISCORDANT_dataset"/>
    <testcase time="0.00199999999995271" classname="DISCORDANT_datachk" name="Check_DISCORDANT_dataset"/>
    <testcase time="0.000999999999976353" classname="DISCORDANT_datachk" name="Check_DISCORDANT_dataset"/>
    <testcase time="0.00100000000009004" classname="DISCORDANT_datachk" name="Check_DISCORDANT_dataset"/>
    <testcase time="0.00199999999995271" classname="DISCORDANT_datachk" name="Check_DISCORDANT_dataset"/>
    <testcase time="0.000999999999976353" classname="DISCORDANT_datachk" name="Check_DISCORDANT_dataset"/>
  </testsuite>
  <testsuite name="DISCORDANT::datachk::shutdown" timestamp="2025-09-19T11:45:57Z" hostname="runnervmf4ws1" tests="3" skipped="0" failures="0" errors="0" time="0.05">
    <testcase time="0.0480000000000018" classname="DISCORDANT_datachk_shutdown" name="shutdown"/>
    <testcase time="0.000999999999976353" classname="DISCORDANT_datachk_shutdown" name="shutdown"/>
    <testcase time="0.00100000000009004" classname="DISCORDANT_datachk_shutdown" name="shutdown"/>
  </testsuite>
  <testsuite name="DISCORDANT::datachk::done" timestamp="2025-09-19T11:45:57Z" hostname="runnervmf4ws1" tests="0" skipped="0" failures="0" errors="0" time="0"/>
  <testsuite name="datachk-DNSIM" timestamp="2025-09-19T11:45:57Z" hostname="runnervmf4ws1" tests="0" skipped="0" failures="0" errors="0" time="0"/>
  <testsuite name="DASIM::datachk::setup" timestamp="2025-09-19T11:45:57Z" hostname="runnervmf4ws1" tests="3" skipped="0" failures="0" errors="0" time="7.594">
    <testcase time="7.59100000000001" classname="DASIM_datachk_setup" name="setup"/>
    <testcase time="0.00199999999995271" classname="DASIM_datachk_setup" name="setup"/>
    <testcase time="0.000999999999976353" classname="DASIM_datachk_setup" name="setup"/>
  </testsuite>
  <testsuite name="DASIM::datachk" timestamp="2025-09-19T11:46:04Z" hostname="runnervmf4ws1" tests="182" skipped="0" failures="0" errors="0" time="1.897">
    <testcase time="0.0879999999999654" classname="DASIM_datachk" name="Check_DASIM_dataset"/>
    <testcase time="0.00200000000006639" classname="DASIM_datachk" name="Check_DASIM_dataset"/>
    <testcase time="0.00299999999992906" classname="DASIM_datachk" name="Check_DASIM_dataset"/>
    <testcase time="0.00100000000009004" classname="DASIM_datachk" name="Check_DASIM_dataset"/>
    <testcase time="0.00299999999992906" classname="DASIM_datachk" name="Check_DASIM_dataset"/>
    <testcase time="0.00100000000009004" classname="DASIM_datachk" name="Check_DASIM_dataset"/>
    <testcase time="0.00299999999992906" classname="DASIM_datachk" name="Check_DASIM_dataset"/>
    <testcase time="0.0460000000000491" classname="DASIM_datachk" name="Check_DASIM_dataset"/>
    <testcase time="0.000999999999976353" classname="DASIM_datachk" name="Check_DASIM_dataset"/>
    <testcase time="0.00199999999995271" classname="DASIM_datachk" name="Check_DASIM_dataset"/>
    <testcase time="0.00100000000009004" classname="DASIM_datachk" name="Check_DASIM_dataset"/>
    <testcase time="0.000999999999976353" classname="DASIM_datachk" name="Check_DASIM_dataset"/>
    <testcase time="0.000999999999976353" classname="DASIM_datachk" name="Check_DASIM_dataset"/>
    <testcase time="0.00199999999995271" classname="DASIM_datachk" name="Check_DASIM_dataset"/>
    <testcase time="0.0080000000000382" classname="DASIM_datachk" name="Check_DASIM_dataset"/>
    <testcase time="0.109000000000037" classname="DASIM_datachk" name="Check_DASIM_dataset"/>
    <testcase time="0.000999999999976353" classname="DASIM_datachk" name="Check_DASIM_dataset"/>
    <testcase time="0.00199999999995271" classname="DASIM_datachk" name="Check_DASIM_dataset"/>
    <testcase time="0.00100000000009004" classname="DASIM_datachk" name="Check_DASIM_dataset"/>
    <testcase time="0.000999999999976353" classname="DASIM_datachk" name="Check_DASIM_dataset"/>
    <testcase time="0.000999999999976353" classname="DASIM_datachk" name="Check_DASIM_dataset"/>
    <testcase time="0.00199999999995271" classname="DASIM_datachk" name="Check_DASIM_dataset"/>
    <testcase time="0.0830000000000837" classname="DASIM_datachk" name="Check_DASIM_dataset"/>
    <testcase time="0.00199999999995271" classname="DASIM_datachk" name="Check_DASIM_dataset"/>
    <testcase time="0.000999999999976353" classname="DASIM_datachk" name="Check_DASIM_dataset"/>
    <testcase time="0.000999999999976353" classname="DASIM_datachk" name="Check_DASIM_dataset"/>
    <testcase time="0.00200000000006639" classname="DASIM_datachk" name="Check_DASIM_dataset"/>
    <testcase time="0.000999999999976353" classname="DASIM_datachk" name="Check_DASIM_dataset"/>
    <testcase time="0.000999999999976353" classname="DASIM_datachk" name="Check_DASIM_dataset"/>
    <testcase time="0.0439999999999827" classname="DASIM_datachk" name="Check_DASIM_dataset"/>
    <testcase time="0.00200000000006639" classname="DASIM_datachk" name="Check_DASIM_dataset"/>
    <testcase time="0.000999999999976353" classname="DASIM_datachk" name="Check_DASIM_dataset"/>
    <testcase time="0.000999999999976353" classname="DASIM_datachk" name="Check_DASIM_dataset"/>
    <testcase time="0.00200000000006639" classname="DASIM_datachk" name="Check_DASIM_dataset"/>
    <testcase time="0.00199999999995271" classname="DASIM_datachk" name="Check_DASIM_dataset"/>
    <testcase time="0.000999999999976353" classname="DASIM_datachk" name="Check_DASIM_dataset"/>
    <testcase time="0.00100000000009004" classname="DASIM_datachk" name="Check_DASIM_dataset"/>
    <testcase time="0.00199999999995271" classname="DASIM_datachk" name="Check_DASIM_dataset"/>
    <testcase time="0.0929999999999609" classname="DASIM_datachk" name="Check_DASIM_dataset"/>
    <testcase time="0.0080000000000382" classname="DASIM_datachk" name="Check_DASIM_dataset"/>
    <testcase time="0.000999999999976353" classname="DASIM_datachk" name="Check_DASIM_dataset"/>
    <testcase time="0.00200000000006639" classname="DASIM_datachk" name="Check_DASIM_dataset"/>
    <testcase time="0.000999999999976353" classname="DASIM_datachk" name="Check_DASIM_dataset"/>
    <testcase time="0.000999999999976353" classname="DASIM_datachk" name="Check_DASIM_dataset"/>
    <testcase time="0.00199999999995271" classname="DASIM_datachk" name="Check_DASIM_dataset"/>
    <testcase time="0.0450000000000728" classname="DASIM_datachk" name="Check_DASIM_dataset"/>
    <testcase time="0.00199999999995271" classname="DASIM_datachk" name="Check_DASIM_dataset"/>
    <testcase time="0.000999999999976353" classname="DASIM_datachk" name="Check_DASIM_dataset"/>
    <testcase time="0.00200000000006639" classname="DASIM_datachk" name="Check_DASIM_dataset"/>
    <testcase time="0.000999999999976353" classname="DASIM_datachk" name="Check_DASIM_dataset"/>
    <testcase time="0.000999999999976353" classname="DASIM_datachk" name="Check_DASIM_dataset"/>
    <testcase time="0.00100000000009004" classname="DASIM_datachk" name="Check_DASIM_dataset"/>
    <testcase time="0.000999999999976353" classname="DASIM_datachk" name="Check_DASIM_dataset"/>
    <testcase time="0.00199999999995271" classname="DASIM_datachk" name="Check_DASIM_dataset"/>
    <testcase time="0.0900000000000318" classname="DASIM_datachk" name="Check_DASIM_dataset"/>
    <testcase time="0.00199999999995271" classname="DASIM_datachk" name="Check_DASIM_dataset"/>
    <testcase time="0.00100000000009004" classname="DASIM_datachk" name="Check_DASIM_dataset"/>
    <testcase time="0.00199999999995271" classname="DASIM_datachk" name="Check_DASIM_dataset"/>
    <testcase time="0.000999999999976353" classname="DASIM_datachk" name="Check_DASIM_dataset"/>
    <testcase time="0.000999999999976353" classname="DASIM_datachk" name="Check_DASIM_dataset"/>
    <testcase time="0.00200000000006639" classname="DASIM_datachk" name="Check_DASIM_dataset"/>
    <testcase time="0.04200000000003" classname="DASIM_datachk" name="Check_DASIM_dataset"/>
    <testcase time="0.00199999999995271" classname="DASIM_datachk" name="Check_DASIM_dataset"/>
    <testcase time="0.000999999999976353" classname="DASIM_datachk" name="Check_DASIM_dataset"/>
    <testcase time="0.00200000000006639" classname="DASIM_datachk" name="Check_DASIM_dataset"/>
    <testcase time="0.000999999999976353" classname="DASIM_datachk" name="Check_DASIM_dataset"/>
    <testcase time="0.00199999999995271" classname="DASIM_datachk" name="Check_DASIM_dataset"/>
    <testcase time="0.000999999999976353" classname="DASIM_datachk" name="Check_DASIM_dataset"/>
    <testcase time="0.00200000000006639" classname="DASIM_datachk" name="Check_DASIM_dataset"/>
    <testcase time="0.000999999999976353" classname="DASIM_datachk" name="Check_DASIM_dataset"/>
    <testcase time="0.0890000000000555" classname="DASIM_datachk" name="Check_DASIM_dataset"/>
    <testcase time="0.00199999999995271" classname="DASIM_datachk" name="Check_DASIM_dataset"/>
    <testcase time="0.000999999999976353" classname="DASIM_datachk" name="Check_DASIM_dataset"/>
    <testcase time="0.00200000000006639" classname="DASIM_datachk" name="Check_DASIM_dataset"/>
    <testcase time="0.000999999999976353" classname="DASIM_datachk" name="Check_DASIM_dataset"/>
    <testcase time="0.00199999999995271" classname="DASIM_datachk" name="Check_DASIM_dataset"/>
    <testcase time="0.000999999999976353" classname="DASIM_datachk" name="Check_DASIM_dataset"/>
    <testcase time="0.0520000000000209" classname="DASIM_datachk" name="Check_DASIM_dataset"/>
    <testcase time="0.00200000000006639" classname="DASIM_datachk" name="Check_DASIM_dataset"/>
    <testcase time="0.000999999999976353" classname="DASIM_datachk" name="Check_DASIM_dataset"/>
    <testcase time="0.00199999999995271" classname="DASIM_datachk" name="Check_DASIM_dataset"/>
    <testcase time="0.00100000000009004" classname="DASIM_datachk" name="Check_DASIM_dataset"/>
    <testcase time="0.000999999999976353" classname="DASIM_datachk" name="Check_DASIM_dataset"/>
    <testcase time="0.000999999999976353" classname="DASIM_datachk" name="Check_DASIM_dataset"/>
    <testcase time="0.00200000000006639" classname="DASIM_datachk" name="Check_DASIM_dataset"/>
    <testcase time="0.000999999999976353" classname="DASIM_datachk" name="Check_DASIM_dataset"/>
    <testcase time="0.0879999999999654" classname="DASIM_datachk" name="Check_DASIM_dataset"/>
    <testcase time="0.000999999999976353" classname="DASIM_datachk" name="Check_DASIM_dataset"/>
    <testcase time="0.00200000000006639" classname="DASIM_datachk" name="Check_DASIM_dataset"/>
    <testcase time="0.000999999999976353" classname="DASIM_datachk" name="Check_DASIM_dataset"/>
    <testcase time="0.00199999999995271" classname="DASIM_datachk" name="Check_DASIM_dataset"/>
    <testcase time="0.00100000000009004" classname="DASIM_datachk" name="Check_DASIM_dataset"/>
    <testcase time="0.00199999999995271" classname="DASIM_datachk" name="Check_DASIM_dataset"/>
    <testcase time="0.0470000000000255" classname="DASIM_datachk" name="Check_DASIM_dataset"/>
    <testcase time="0.000999999999976353" classname="DASIM_datachk" name="Check_DASIM_dataset"/>
    <testcase time="0.00199999999995271" classname="DASIM_datachk" name="Check_DASIM_dataset"/>
    <testcase time="0.00200000000006639" classname="DASIM_datachk" name="Check_DASIM_dataset"/>
    <testcase time="0.000999999999976353" classname="DASIM_datachk" name="Check_DASIM_dataset"/>
    <testcase time="0.00199999999995271" classname="DASIM_datachk" name="Check_DASIM_dataset"/>
    <testcase time="0.00200000000006639" classname="DASIM_datachk" name="Check_DASIM_dataset"/>
    <testcase time="0.000999999999976353" classname="DASIM_datachk" name="Check_DASIM_dataset"/>
    <testcase time="0.00199999999995271" classname="DASIM_datachk" name="Check_DASIM_dataset"/>
    <testcase time="0.108000000000061" classname="DASIM_datachk" name="Check_DASIM_dataset"/>
    <testcase time="0.00300000000004275" classname="DASIM_datachk" name="Check_DASIM_dataset"/>
    <testcase time="0.00299999999992906" classname="DASIM_datachk" name="Check_DASIM_dataset"/>
    <testcase time="0.00300000000004275" classname="DASIM_datachk" name="Check_DASIM_dataset"/>
    <testcase time="0.00199999999995271" classname="DASIM_datachk" name="Check_DASIM_dataset"/>
    <testcase time="0.00200000000006639" classname="DASIM_datachk" name="Check_DASIM_dataset"/>
    <testcase time="0.00199999999995271" classname="DASIM_datachk" name="Check_DASIM_dataset"/>
    <testcase time="0.0529999999999973" classname="DASIM_datachk" name="Check_DASIM_dataset"/>
    <testcase time="0.0109999999999673" classname="DASIM_datachk" name="Check_DASIM_dataset"/>
    <testcase time="0.00100000000009004" classname="DASIM_datachk" name="Check_DASIM_dataset"/>
    <testcase time="0.000999999999976353" classname="DASIM_datachk" name="Check_DASIM_dataset"/>
    <testcase time="0.00199999999995271" classname="DASIM_datachk" name="Check_DASIM_dataset"/>
    <testcase time="0.00100000000009004" classname="DASIM_datachk" name="Check_DASIM_dataset"/>
    <testcase time="0.00199999999995271" classname="DASIM_datachk" name="Check_DASIM_dataset"/>
    <testcase time="0.000999999999976353" classname="DASIM_datachk" name="Check_DASIM_dataset"/>
    <testcase time="0.00200000000006639" classname="DASIM_datachk" name="Check_DASIM_dataset"/>
    <testcase time="0.0939999999999372" classname="DASIM_datachk" name="Check_DASIM_dataset"/>
    <testcase time="0.00200000000006639" classname="DASIM_datachk" name="Check_DASIM_dataset"/>
    <testcase time="0.00199999999995271" classname="DASIM_datachk" name="Check_DASIM_dataset"/>
    <testcase time="0.000999999999976353" classname="DASIM_datachk" name="Check_DASIM_dataset"/>
    <testcase time="0.00200000000006639" classname="DASIM_datachk" name="Check_DASIM_dataset"/>
    <testcase time="0.00199999999995271" classname="DASIM_datachk" name="Check_DASIM_dataset"/>
    <testcase time="0.000999999999976353" classname="DASIM_datachk" name="Check_DASIM_dataset"/>
    <testcase time="0.0439999999999827" classname="DASIM_datachk" name="Check_DASIM_dataset"/>
    <testcase time="0.00200000000006639" classname="DASIM_datachk" name="Check_DASIM_dataset"/>
    <testcase time="0.00199999999995271" classname="DASIM_datachk" name="Check_DASIM_dataset"/>
    <testcase time="0.000999999999976353" classname="DASIM_datachk" name="Check_DASIM_dataset"/>
    <testcase time="0.00200000000006639" classname="DASIM_datachk" name="Check_DASIM_dataset"/>
    <testcase time="0.00199999999995271" classname="DASIM_datachk" name="Check_DASIM_dataset"/>
    <testcase time="0.00100000000009004" classname="DASIM_datachk" name="Check_DASIM_dataset"/>
    <testcase time="0.00199999999995271" classname="DASIM_datachk" name="Check_DASIM_dataset"/>
    <testcase time="0.00199999999995271" classname="DASIM_datachk" name="Check_DASIM_dataset"/>
    <testcase time="0.0860000000000127" classname="DASIM_datachk" name="Check_DASIM_dataset"/>
    <testcase time="0.00200000000006639" classname="DASIM_datachk" name="Check_DASIM_dataset"/>
    <testcase time="0.00199999999995271" classname="DASIM_datachk" name="Check_DASIM_dataset"/>
    <testcase time="0.000999999999976353" classname="DASIM_datachk" name="Check_DASIM_dataset"/>
    <testcase time="0.00200000000006639" classname="DASIM_datachk" name="Check_DASIM_dataset"/>
    <testcase time="0.00199999999995271" classname="DASIM_datachk" name="Check_DASIM_dataset"/>
    <testcase time="0.00200000000006639" classname="DASIM_datachk" name="Check_DASIM_dataset"/>
    <testcase time="0.0419999999999163" classname="DASIM_datachk" name="Check_DASIM_dataset"/>
    <testcase time="0.00200000000006639" classname="DASIM_datachk" name="Check_DASIM_dataset"/>
    <testcase time="0.00199999999995271" classname="DASIM_datachk" name="Check_DASIM_dataset"/>
    <testcase time="0.00199999999995271" classname="DASIM_datachk" name="Check_DASIM_dataset"/>
    <testcase time="0.00900000000001455" classname="DASIM_datachk" name="Check_DASIM_dataset"/>
    <testcase time="0.00100000000009004" classname="DASIM_datachk" name="Check_DASIM_dataset"/>
    <testcase time="0.000999999999976353" classname="DASIM_datachk" name="Check_DASIM_dataset"/>
    <testcase time="0.00199999999995271" classname="DASIM_datachk" name="Check_DASIM_dataset"/>
    <testcase time="0.00200000000006639" classname="DASIM_datachk" name="Check_DASIM_dataset"/>
    <testcase time="0.0879999999999654" classname="DASIM_datachk" name="Check_DASIM_dataset"/>
    <testcase time="0.00200000000006639" classname="DASIM_datachk" name="Check_DASIM_dataset"/>
    <testcase time="0.00199999999995271" classname="DASIM_datachk" name="Check_DASIM_dataset"/>
    <testcase time="0.00199999999995271" classname="DASIM_datachk" name="Check_DASIM_dataset"/>
    <testcase time="0.00200000000006639" classname="DASIM_datachk" name="Check_DASIM_dataset"/>
    <testcase time="0.000999999999976353" classname="DASIM_datachk" name="Check_DASIM_dataset"/>
    <testcase time="0.00199999999995271" classname="DASIM_datachk" name="Check_DASIM_dataset"/>
    <testcase time="0.0430000000000064" classname="DASIM_datachk" name="Check_DASIM_dataset"/>
    <testcase time="0.00200000000006639" classname="DASIM_datachk" name="Check_DASIM_dataset"/>
    <testcase time="0.00199999999995271" classname="DASIM_datachk" name="Check_DASIM_dataset"/>
    <testcase time="0.000999999999976353" classname="DASIM_datachk" name="Check_DASIM_dataset"/>
    <testcase time="0.00200000000006639" classname="DASIM_datachk" name="Check_DASIM_dataset"/>
    <testcase time="0.00199999999995271" classname="DASIM_datachk" name="Check_DASIM_dataset"/>
    <testcase time="0.00200000000006639" classname="DASIM_datachk" name="Check_DASIM_dataset"/>
    <testcase time="0.00199999999995271" classname="DASIM_datachk" name="Check_DASIM_dataset"/>
    <testcase time="0.00199999999995271" classname="DASIM_datachk" name="Check_DASIM_dataset"/>
    <testcase time="0.0830000000000837" classname="DASIM_datachk" name="Check_DASIM_dataset"/>
    <testcase time="0.00199999999995271" classname="DASIM_datachk" name="Check_DASIM_dataset"/>
    <testcase time="0.00200000000006639" classname="DASIM_datachk" name="Check_DASIM_dataset"/>
    <testcase time="0.000999999999976353" classname="DASIM_datachk" name="Check_DASIM_dataset"/>
    <testcase time="0.00199999999995271" classname="DASIM_datachk" name="Check_DASIM_dataset"/>
    <testcase time="0.00200000000006639" classname="DASIM_datachk" name="Check_DASIM_dataset"/>
    <testcase time="0.00199999999995271" classname="DASIM_datachk" name="Check_DASIM_dataset"/>
    <testcase time="0.04200000000003" classname="DASIM_datachk" name="Check_DASIM_dataset"/>
    <testcase time="0.00199999999995271" classname="DASIM_datachk" name="Check_DASIM_dataset"/>
    <testcase time="0.00300000000004275" classname="DASIM_datachk" name="Check_DASIM_dataset"/>
    <testcase time="0.00799999999992451" classname="DASIM_datachk" name="Check_DASIM_dataset"/>
    <testcase time="0.00200000000006639" classname="DASIM_datachk" name="Check_DASIM_dataset"/>
    <testcase time="0.00199999999995271" classname="DASIM_datachk" name="Check_DASIM_dataset"/>
    <testcase time="0.00200000000006639" classname="DASIM_datachk" name="Check_DASIM_dataset"/>
    <testcase time="0.00199999999995271" classname="DASIM_datachk" name="Check_DASIM_dataset"/>
    <testcase time="0.00200000000006639" classname="DASIM_datachk" name="Check_DASIM_dataset"/>
  </testsuite>
  <testsuite name="DASIM::datachk::shutdown" timestamp="2025-09-19T11:46:06Z" hostname="runnervmf4ws1" tests="3" skipped="0" failures="0" errors="0" time="0.05">
    <testcase time="0.0480000000000018" classname="DASIM_datachk_shutdown" name="shutdown"/>
    <testcase time="0.000999999999976353" classname="DASIM_datachk_shutdown" name="shutdown"/>
    <testcase time="0.000999999999976353" classname="DASIM_datachk_shutdown" name="shutdown"/>
  </testsuite>
  <testsuite name="DASIM::datachk::done" timestamp="2025-09-19T11:46:06Z" hostname="runnervmf4ws1" tests="0" skipped="0" failures="0" errors="0" time="0"/>
  <testsuite name="datachk-FACTOR_LEVELS" timestamp="2025-09-19T11:46:06Z" hostname="runnervmf4ws1" tests="0" skipped="0" failures="0" errors="0" time="0"/>
  <testsuite name="FACTOR_LEVELS::datachk::setup" timestamp="2025-09-19T11:46:06Z" hostname="runnervmf4ws1" tests="3" skipped="0" failures="0" errors="0" time="7.686">
    <testcase time="7.68299999999999" classname="FACTOR_LEVELS_datachk_setup" name="setup"/>
    <testcase time="0.000999999999976353" classname="FACTOR_LEVELS_datachk_setup" name="setup"/>
    <testcase time="0.00200000000006639" classname="FACTOR_LEVELS_datachk_setup" name="setup"/>
  </testsuite>
  <testsuite name="FACTOR_LEVELS::datachk" timestamp="2025-09-19T11:46:14Z" hostname="runnervmf4ws1" tests="182" skipped="0" failures="0" errors="0" time="1.872">
    <testcase time="0.0979999999999563" classname="FACTOR_LEVELS_datachk" name="Check_FACTOR_LEVELS_dataset"/>
    <testcase time="0.000999999999976353" classname="FACTOR_LEVELS_datachk" name="Check_FACTOR_LEVELS_dataset"/>
    <testcase time="0.00300000000004275" classname="FACTOR_LEVELS_datachk" name="Check_FACTOR_LEVELS_dataset"/>
    <testcase time="0.00199999999995271" classname="FACTOR_LEVELS_datachk" name="Check_FACTOR_LEVELS_dataset"/>
    <testcase time="0.00200000000006639" classname="FACTOR_LEVELS_datachk" name="Check_FACTOR_LEVELS_dataset"/>
    <testcase time="0.00199999999995271" classname="FACTOR_LEVELS_datachk" name="Check_FACTOR_LEVELS_dataset"/>
    <testcase time="0.00200000000006639" classname="FACTOR_LEVELS_datachk" name="Check_FACTOR_LEVELS_dataset"/>
    <testcase time="0.0459999999999354" classname="FACTOR_LEVELS_datachk" name="Check_FACTOR_LEVELS_dataset"/>
    <testcase time="0.000999999999976353" classname="FACTOR_LEVELS_datachk" name="Check_FACTOR_LEVELS_dataset"/>
    <testcase time="0.00200000000006639" classname="FACTOR_LEVELS_datachk" name="Check_FACTOR_LEVELS_dataset"/>
    <testcase time="0.000999999999976353" classname="FACTOR_LEVELS_datachk" name="Check_FACTOR_LEVELS_dataset"/>
    <testcase time="0.000999999999976353" classname="FACTOR_LEVELS_datachk" name="Check_FACTOR_LEVELS_dataset"/>
    <testcase time="0.000999999999976353" classname="FACTOR_LEVELS_datachk" name="Check_FACTOR_LEVELS_dataset"/>
    <testcase time="0.00200000000006639" classname="FACTOR_LEVELS_datachk" name="Check_FACTOR_LEVELS_dataset"/>
    <testcase time="0.000999999999976353" classname="FACTOR_LEVELS_datachk" name="Check_FACTOR_LEVELS_dataset"/>
    <testcase time="0.120000000000005" classname="FACTOR_LEVELS_datachk" name="Check_FACTOR_LEVELS_dataset"/>
    <testcase time="0.000999999999976353" classname="FACTOR_LEVELS_datachk" name="Check_FACTOR_LEVELS_dataset"/>
    <testcase time="0.00200000000006639" classname="FACTOR_LEVELS_datachk" name="Check_FACTOR_LEVELS_dataset"/>
    <testcase time="0.000999999999976353" classname="FACTOR_LEVELS_datachk" name="Check_FACTOR_LEVELS_dataset"/>
    <testcase time="0.000999999999976353" classname="FACTOR_LEVELS_datachk" name="Check_FACTOR_LEVELS_dataset"/>
    <testcase time="0.00199999999995271" classname="FACTOR_LEVELS_datachk" name="Check_FACTOR_LEVELS_dataset"/>
    <testcase time="0.00100000000009004" classname="FACTOR_LEVELS_datachk" name="Check_FACTOR_LEVELS_dataset"/>
    <testcase time="0.0849999999999227" classname="FACTOR_LEVELS_datachk" name="Check_FACTOR_LEVELS_dataset"/>
    <testcase time="0.00200000000006639" classname="FACTOR_LEVELS_datachk" name="Check_FACTOR_LEVELS_dataset"/>
    <testcase time="0.000999999999976353" classname="FACTOR_LEVELS_datachk" name="Check_FACTOR_LEVELS_dataset"/>
    <testcase time="0.00199999999995271" classname="FACTOR_LEVELS_datachk" name="Check_FACTOR_LEVELS_dataset"/>
    <testcase time="0.00100000000009004" classname="FACTOR_LEVELS_datachk" name="Check_FACTOR_LEVELS_dataset"/>
    <testcase time="0.000999999999976353" classname="FACTOR_LEVELS_datachk" name="Check_FACTOR_LEVELS_dataset"/>
    <testcase time="0.00199999999995271" classname="FACTOR_LEVELS_datachk" name="Check_FACTOR_LEVELS_dataset"/>
    <testcase time="0.0430000000000064" classname="FACTOR_LEVELS_datachk" name="Check_FACTOR_LEVELS_dataset"/>
    <testcase time="0.000999999999976353" classname="FACTOR_LEVELS_datachk" name="Check_FACTOR_LEVELS_dataset"/>
    <testcase time="0.00200000000006639" classname="FACTOR_LEVELS_datachk" name="Check_FACTOR_LEVELS_dataset"/>
    <testcase time="0.000999999999976353" classname="FACTOR_LEVELS_datachk" name="Check_FACTOR_LEVELS_dataset"/>
    <testcase time="0.000999999999976353" classname="FACTOR_LEVELS_datachk" name="Check_FACTOR_LEVELS_dataset"/>
    <testcase time="0.00200000000006639" classname="FACTOR_LEVELS_datachk" name="Check_FACTOR_LEVELS_dataset"/>
    <testcase time="0.000999999999976353" classname="FACTOR_LEVELS_datachk" name="Check_FACTOR_LEVELS_dataset"/>
    <testcase time="0.000999999999976353" classname="FACTOR_LEVELS_datachk" name="Check_FACTOR_LEVELS_dataset"/>
    <testcase time="0.00199999999995271" classname="FACTOR_LEVELS_datachk" name="Check_FACTOR_LEVELS_dataset"/>
    <testcase time="0.0880000000000791" classname="FACTOR_LEVELS_datachk" name="Check_FACTOR_LEVELS_dataset"/>
    <testcase time="0.000999999999976353" classname="FACTOR_LEVELS_datachk" name="Check_FACTOR_LEVELS_dataset"/>
    <testcase time="0.00199999999995271" classname="FACTOR_LEVELS_datachk" name="Check_FACTOR_LEVELS_dataset"/>
    <testcase time="0.00100000000009004" classname="FACTOR_LEVELS_datachk" name="Check_FACTOR_LEVELS_dataset"/>
    <testcase time="0.000999999999976353" classname="FACTOR_LEVELS_datachk" name="Check_FACTOR_LEVELS_dataset"/>
    <testcase time="0.00199999999995271" classname="FACTOR_LEVELS_datachk" name="Check_FACTOR_LEVELS_dataset"/>
    <testcase time="0.000999999999976353" classname="FACTOR_LEVELS_datachk" name="Check_FACTOR_LEVELS_dataset"/>
    <testcase time="0.0490000000000919" classname="FACTOR_LEVELS_datachk" name="Check_FACTOR_LEVELS_dataset"/>
    <testcase time="0.00199999999995271" classname="FACTOR_LEVELS_datachk" name="Check_FACTOR_LEVELS_dataset"/>
    <testcase time="0.000999999999976353" classname="FACTOR_LEVELS_datachk" name="Check_FACTOR_LEVELS_dataset"/>
    <testcase time="0.00200000000006639" classname="FACTOR_LEVELS_datachk" name="Check_FACTOR_LEVELS_dataset"/>
    <testcase time="0.000999999999976353" classname="FACTOR_LEVELS_datachk" name="Check_FACTOR_LEVELS_dataset"/>
    <testcase time="0.00199999999995271" classname="FACTOR_LEVELS_datachk" name="Check_FACTOR_LEVELS_dataset"/>
    <testcase time="0.000999999999976353" classname="FACTOR_LEVELS_datachk" name="Check_FACTOR_LEVELS_dataset"/>
    <testcase time="0.00100000000009004" classname="FACTOR_LEVELS_datachk" name="Check_FACTOR_LEVELS_dataset"/>
    <testcase time="0.00199999999995271" classname="FACTOR_LEVELS_datachk" name="Check_FACTOR_LEVELS_dataset"/>
    <testcase time="0.0839999999999463" classname="FACTOR_LEVELS_datachk" name="Check_FACTOR_LEVELS_dataset"/>
    <testcase time="0.00100000000009004" classname="FACTOR_LEVELS_datachk" name="Check_FACTOR_LEVELS_dataset"/>
    <testcase time="0.00199999999995271" classname="FACTOR_LEVELS_datachk" name="Check_FACTOR_LEVELS_dataset"/>
    <testcase time="0.000999999999976353" classname="FACTOR_LEVELS_datachk" name="Check_FACTOR_LEVELS_dataset"/>
    <testcase time="0.00100000000009004" classname="FACTOR_LEVELS_datachk" name="Check_FACTOR_LEVELS_dataset"/>
    <testcase time="0.00199999999995271" classname="FACTOR_LEVELS_datachk" name="Check_FACTOR_LEVELS_dataset"/>
    <testcase time="0.000999999999976353" classname="FACTOR_LEVELS_datachk" name="Check_FACTOR_LEVELS_dataset"/>
    <testcase time="0.0639999999999645" classname="FACTOR_LEVELS_datachk" name="Check_FACTOR_LEVELS_dataset"/>
    <testcase time="0.00200000000006639" classname="FACTOR_LEVELS_datachk" name="Check_FACTOR_LEVELS_dataset"/>
    <testcase time="0.00199999999995271" classname="FACTOR_LEVELS_datachk" name="Check_FACTOR_LEVELS_dataset"/>
    <testcase time="0.00200000000006639" classname="FACTOR_LEVELS_datachk" name="Check_FACTOR_LEVELS_dataset"/>
    <testcase time="0.000999999999976353" classname="FACTOR_LEVELS_datachk" name="Check_FACTOR_LEVELS_dataset"/>
    <testcase time="0.00199999999995271" classname="FACTOR_LEVELS_datachk" name="Check_FACTOR_LEVELS_dataset"/>
    <testcase time="0.00100000000009004" classname="FACTOR_LEVELS_datachk" name="Check_FACTOR_LEVELS_dataset"/>
    <testcase time="0.00199999999995271" classname="FACTOR_LEVELS_datachk" name="Check_FACTOR_LEVELS_dataset"/>
    <testcase time="0.000999999999976353" classname="FACTOR_LEVELS_datachk" name="Check_FACTOR_LEVELS_dataset"/>
    <testcase time="0.104000000000042" classname="FACTOR_LEVELS_datachk" name="Check_FACTOR_LEVELS_dataset"/>
    <testcase time="0.00199999999995271" classname="FACTOR_LEVELS_datachk" name="Check_FACTOR_LEVELS_dataset"/>
    <testcase time="0.000999999999976353" classname="FACTOR_LEVELS_datachk" name="Check_FACTOR_LEVELS_dataset"/>
    <testcase time="0.00200000000006639" classname="FACTOR_LEVELS_datachk" name="Check_FACTOR_LEVELS_dataset"/>
    <testcase time="0.000999999999976353" classname="FACTOR_LEVELS_datachk" name="Check_FACTOR_LEVELS_dataset"/>
    <testcase time="0.00199999999995271" classname="FACTOR_LEVELS_datachk" name="Check_FACTOR_LEVELS_dataset"/>
    <testcase time="0.00100000000009004" classname="FACTOR_LEVELS_datachk" name="Check_FACTOR_LEVELS_dataset"/>
    <testcase time="0.0449999999999591" classname="FACTOR_LEVELS_datachk" name="Check_FACTOR_LEVELS_dataset"/>
    <testcase time="0.000999999999976353" classname="FACTOR_LEVELS_datachk" name="Check_FACTOR_LEVELS_dataset"/>
    <testcase time="0.00200000000006639" classname="FACTOR_LEVELS_datachk" name="Check_FACTOR_LEVELS_dataset"/>
    <testcase time="0.00799999999992451" classname="FACTOR_LEVELS_datachk" name="Check_FACTOR_LEVELS_dataset"/>
    <testcase time="0.00200000000006639" classname="FACTOR_LEVELS_datachk" name="Check_FACTOR_LEVELS_dataset"/>
    <testcase time="0.000999999999976353" classname="FACTOR_LEVELS_datachk" name="Check_FACTOR_LEVELS_dataset"/>
    <testcase time="0.00199999999995271" classname="FACTOR_LEVELS_datachk" name="Check_FACTOR_LEVELS_dataset"/>
    <testcase time="0.00100000000009004" classname="FACTOR_LEVELS_datachk" name="Check_FACTOR_LEVELS_dataset"/>
    <testcase time="0.00199999999995271" classname="FACTOR_LEVELS_datachk" name="Check_FACTOR_LEVELS_dataset"/>
    <testcase time="0.0850000000000364" classname="FACTOR_LEVELS_datachk" name="Check_FACTOR_LEVELS_dataset"/>
    <testcase time="0.00199999999995271" classname="FACTOR_LEVELS_datachk" name="Check_FACTOR_LEVELS_dataset"/>
    <testcase time="0.00200000000006639" classname="FACTOR_LEVELS_datachk" name="Check_FACTOR_LEVELS_dataset"/>
    <testcase time="0.000999999999976353" classname="FACTOR_LEVELS_datachk" name="Check_FACTOR_LEVELS_dataset"/>
    <testcase time="0.00199999999995271" classname="FACTOR_LEVELS_datachk" name="Check_FACTOR_LEVELS_dataset"/>
    <testcase time="0.000999999999976353" classname="FACTOR_LEVELS_datachk" name="Check_FACTOR_LEVELS_dataset"/>
    <testcase time="0.00200000000006639" classname="FACTOR_LEVELS_datachk" name="Check_FACTOR_LEVELS_dataset"/>
    <testcase time="0.0459999999999354" classname="FACTOR_LEVELS_datachk" name="Check_FACTOR_LEVELS_dataset"/>
    <testcase time="0.00200000000006639" classname="FACTOR_LEVELS_datachk" name="Check_FACTOR_LEVELS_dataset"/>
    <testcase time="0.00199999999995271" classname="FACTOR_LEVELS_datachk" name="Check_FACTOR_LEVELS_dataset"/>
    <testcase time="0.000999999999976353" classname="FACTOR_LEVELS_datachk" name="Check_FACTOR_LEVELS_dataset"/>
    <testcase time="0.00200000000006639" classname="FACTOR_LEVELS_datachk" name="Check_FACTOR_LEVELS_dataset"/>
    <testcase time="0.000999999999976353" classname="FACTOR_LEVELS_datachk" name="Check_FACTOR_LEVELS_dataset"/>
    <testcase time="0.00199999999995271" classname="FACTOR_LEVELS_datachk" name="Check_FACTOR_LEVELS_dataset"/>
    <testcase time="0.00100000000009004" classname="FACTOR_LEVELS_datachk" name="Check_FACTOR_LEVELS_dataset"/>
    <testcase time="0.00199999999995271" classname="FACTOR_LEVELS_datachk" name="Check_FACTOR_LEVELS_dataset"/>
    <testcase time="0.0819999999999936" classname="FACTOR_LEVELS_datachk" name="Check_FACTOR_LEVELS_dataset"/>
    <testcase time="0.00199999999995271" classname="FACTOR_LEVELS_datachk" name="Check_FACTOR_LEVELS_dataset"/>
    <testcase time="0.00200000000006639" classname="FACTOR_LEVELS_datachk" name="Check_FACTOR_LEVELS_dataset"/>
    <testcase time="0.00199999999995271" classname="FACTOR_LEVELS_datachk" name="Check_FACTOR_LEVELS_dataset"/>
    <testcase time="0.00100000000009004" classname="FACTOR_LEVELS_datachk" name="Check_FACTOR_LEVELS_dataset"/>
    <testcase time="0.00199999999995271" classname="FACTOR_LEVELS_datachk" name="Check_FACTOR_LEVELS_dataset"/>
    <testcase time="0.00199999999995271" classname="FACTOR_LEVELS_datachk" name="Check_FACTOR_LEVELS_dataset"/>
    <testcase time="0.04200000000003" classname="FACTOR_LEVELS_datachk" name="Check_FACTOR_LEVELS_dataset"/>
    <testcase time="0.00200000000006639" classname="FACTOR_LEVELS_datachk" name="Check_FACTOR_LEVELS_dataset"/>
    <testcase time="0.000999999999976353" classname="FACTOR_LEVELS_datachk" name="Check_FACTOR_LEVELS_dataset"/>
    <testcase time="0.00199999999995271" classname="FACTOR_LEVELS_datachk" name="Check_FACTOR_LEVELS_dataset"/>
    <testcase time="0.000999999999976353" classname="FACTOR_LEVELS_datachk" name="Check_FACTOR_LEVELS_dataset"/>
    <testcase time="0.00200000000006639" classname="FACTOR_LEVELS_datachk" name="Check_FACTOR_LEVELS_dataset"/>
    <testcase time="0.00199999999995271" classname="FACTOR_LEVELS_datachk" name="Check_FACTOR_LEVELS_dataset"/>
    <testcase time="0.000999999999976353" classname="FACTOR_LEVELS_datachk" name="Check_FACTOR_LEVELS_dataset"/>
    <testcase time="0.00200000000006639" classname="FACTOR_LEVELS_datachk" name="Check_FACTOR_LEVELS_dataset"/>
    <testcase time="0.0910000000000082" classname="FACTOR_LEVELS_datachk" name="Check_FACTOR_LEVELS_dataset"/>
    <testcase time="0.00199999999995271" classname="FACTOR_LEVELS_datachk" name="Check_FACTOR_LEVELS_dataset"/>
    <testcase time="0.000999999999976353" classname="FACTOR_LEVELS_datachk" name="Check_FACTOR_LEVELS_dataset"/>
    <testcase time="0.00200000000006639" classname="FACTOR_LEVELS_datachk" name="Check_FACTOR_LEVELS_dataset"/>
    <testcase time="0.00199999999995271" classname="FACTOR_LEVELS_datachk" name="Check_FACTOR_LEVELS_dataset"/>
    <testcase time="0.000999999999976353" classname="FACTOR_LEVELS_datachk" name="Check_FACTOR_LEVELS_dataset"/>
    <testcase time="0.00200000000006639" classname="FACTOR_LEVELS_datachk" name="Check_FACTOR_LEVELS_dataset"/>
    <testcase time="0.0430000000000064" classname="FACTOR_LEVELS_datachk" name="Check_FACTOR_LEVELS_dataset"/>
    <testcase time="0.00199999999995271" classname="FACTOR_LEVELS_datachk" name="Check_FACTOR_LEVELS_dataset"/>
    <testcase time="0.00200000000006639" classname="FACTOR_LEVELS_datachk" name="Check_FACTOR_LEVELS_dataset"/>
    <testcase time="0.00199999999995271" classname="FACTOR_LEVELS_datachk" name="Check_FACTOR_LEVELS_dataset"/>
    <testcase time="0.000999999999976353" classname="FACTOR_LEVELS_datachk" name="Check_FACTOR_LEVELS_dataset"/>
    <testcase time="0.00200000000006639" classname="FACTOR_LEVELS_datachk" name="Check_FACTOR_LEVELS_dataset"/>
    <testcase time="0.00199999999995271" classname="FACTOR_LEVELS_datachk" name="Check_FACTOR_LEVELS_dataset"/>
    <testcase time="0.000999999999976353" classname="FACTOR_LEVELS_datachk" name="Check_FACTOR_LEVELS_dataset"/>
    <testcase time="0.00200000000006639" classname="FACTOR_LEVELS_datachk" name="Check_FACTOR_LEVELS_dataset"/>
    <testcase time="0.08299999999997" classname="FACTOR_LEVELS_datachk" name="Check_FACTOR_LEVELS_dataset"/>
    <testcase time="0.00199999999995271" classname="FACTOR_LEVELS_datachk" name="Check_FACTOR_LEVELS_dataset"/>
    <testcase time="0.00200000000006639" classname="FACTOR_LEVELS_datachk" name="Check_FACTOR_LEVELS_dataset"/>
    <testcase time="0.00199999999995271" classname="FACTOR_LEVELS_datachk" name="Check_FACTOR_LEVELS_dataset"/>
    <testcase time="0.00200000000006639" classname="FACTOR_LEVELS_datachk" name="Check_FACTOR_LEVELS_dataset"/>
    <testcase time="0.000999999999976353" classname="FACTOR_LEVELS_datachk" name="Check_FACTOR_LEVELS_dataset"/>
    <testcase time="0.00199999999995271" classname="FACTOR_LEVELS_datachk" name="Check_FACTOR_LEVELS_dataset"/>
    <testcase time="0.0430000000000064" classname="FACTOR_LEVELS_datachk" name="Check_FACTOR_LEVELS_dataset"/>
    <testcase time="0.00200000000006639" classname="FACTOR_LEVELS_datachk" name="Check_FACTOR_LEVELS_dataset"/>
    <testcase time="0.000999999999976353" classname="FACTOR_LEVELS_datachk" name="Check_FACTOR_LEVELS_dataset"/>
    <testcase time="0.00199999999995271" classname="FACTOR_LEVELS_datachk" name="Check_FACTOR_LEVELS_dataset"/>
    <testcase time="0.00200000000006639" classname="FACTOR_LEVELS_datachk" name="Check_FACTOR_LEVELS_dataset"/>
    <testcase time="0.00199999999995271" classname="FACTOR_LEVELS_datachk" name="Check_FACTOR_LEVELS_dataset"/>
    <testcase time="0.000999999999976353" classname="FACTOR_LEVELS_datachk" name="Check_FACTOR_LEVELS_dataset"/>
    <testcase time="0.00200000000006639" classname="FACTOR_LEVELS_datachk" name="Check_FACTOR_LEVELS_dataset"/>
    <testcase time="0.00199999999995271" classname="FACTOR_LEVELS_datachk" name="Check_FACTOR_LEVELS_dataset"/>
    <testcase time="0.0929999999999609" classname="FACTOR_LEVELS_datachk" name="Check_FACTOR_LEVELS_dataset"/>
    <testcase time="0.00200000000006639" classname="FACTOR_LEVELS_datachk" name="Check_FACTOR_LEVELS_dataset"/>
    <testcase time="0.000999999999976353" classname="FACTOR_LEVELS_datachk" name="Check_FACTOR_LEVELS_dataset"/>
    <testcase time="0.000999999999976353" classname="FACTOR_LEVELS_datachk" name="Check_FACTOR_LEVELS_dataset"/>
    <testcase time="0.00200000000006639" classname="FACTOR_LEVELS_datachk" name="Check_FACTOR_LEVELS_dataset"/>
    <testcase time="0.00199999999995271" classname="FACTOR_LEVELS_datachk" name="Check_FACTOR_LEVELS_dataset"/>
    <testcase time="0.00100000000009004" classname="FACTOR_LEVELS_datachk" name="Check_FACTOR_LEVELS_dataset"/>
    <testcase time="0.0429999999998927" classname="FACTOR_LEVELS_datachk" name="Check_FACTOR_LEVELS_dataset"/>
    <testcase time="0.00200000000006639" classname="FACTOR_LEVELS_datachk" name="Check_FACTOR_LEVELS_dataset"/>
    <testcase time="0.000999999999976353" classname="FACTOR_LEVELS_datachk" name="Check_FACTOR_LEVELS_dataset"/>
    <testcase time="0.00199999999995271" classname="FACTOR_LEVELS_datachk" name="Check_FACTOR_LEVELS_dataset"/>
    <testcase time="0.00200000000006639" classname="FACTOR_LEVELS_datachk" name="Check_FACTOR_LEVELS_dataset"/>
    <testcase time="0.00199999999995271" classname="FACTOR_LEVELS_datachk" name="Check_FACTOR_LEVELS_dataset"/>
    <testcase time="0.00200000000006639" classname="FACTOR_LEVELS_datachk" name="Check_FACTOR_LEVELS_dataset"/>
    <testcase time="0.000999999999976353" classname="FACTOR_LEVELS_datachk" name="Check_FACTOR_LEVELS_dataset"/>
    <testcase time="0.00199999999995271" classname="FACTOR_LEVELS_datachk" name="Check_FACTOR_LEVELS_dataset"/>
    <testcase time="0.0880000000000791" classname="FACTOR_LEVELS_datachk" name="Check_FACTOR_LEVELS_dataset"/>
    <testcase time="0.00199999999995271" classname="FACTOR_LEVELS_datachk" name="Check_FACTOR_LEVELS_dataset"/>
    <testcase time="0.00199999999995271" classname="FACTOR_LEVELS_datachk" name="Check_FACTOR_LEVELS_dataset"/>
    <testcase time="0.00200000000006639" classname="FACTOR_LEVELS_datachk" name="Check_FACTOR_LEVELS_dataset"/>
    <testcase time="0.00199999999995271" classname="FACTOR_LEVELS_datachk" name="Check_FACTOR_LEVELS_dataset"/>
    <testcase time="0.00200000000006639" classname="FACTOR_LEVELS_datachk" name="Check_FACTOR_LEVELS_dataset"/>
    <testcase time="0.00199999999995271" classname="FACTOR_LEVELS_datachk" name="Check_FACTOR_LEVELS_dataset"/>
    <testcase time="0.0430000000000064" classname="FACTOR_LEVELS_datachk" name="Check_FACTOR_LEVELS_dataset"/>
    <testcase time="0.00200000000006639" classname="FACTOR_LEVELS_datachk" name="Check_FACTOR_LEVELS_dataset"/>
    <testcase time="0.00199999999995271" classname="FACTOR_LEVELS_datachk" name="Check_FACTOR_LEVELS_dataset"/>
    <testcase time="0.00199999999995271" classname="FACTOR_LEVELS_datachk" name="Check_FACTOR_LEVELS_dataset"/>
    <testcase time="0.00200000000006639" classname="FACTOR_LEVELS_datachk" name="Check_FACTOR_LEVELS_dataset"/>
    <testcase time="0.00199999999995271" classname="FACTOR_LEVELS_datachk" name="Check_FACTOR_LEVELS_dataset"/>
    <testcase time="0.00200000000006639" classname="FACTOR_LEVELS_datachk" name="Check_FACTOR_LEVELS_dataset"/>
    <testcase time="0.00199999999995271" classname="FACTOR_LEVELS_datachk" name="Check_FACTOR_LEVELS_dataset"/>
    <testcase time="0.000999999999976353" classname="FACTOR_LEVELS_datachk" name="Check_FACTOR_LEVELS_dataset"/>
  </testsuite>
  <testsuite name="FACTOR_LEVELS::datachk::shutdown" timestamp="2025-09-19T11:46:16Z" hostname="runnervmf4ws1" tests="3" skipped="0" failures="0" errors="0" time="0.057">
    <testcase time="0.0550000000000637" classname="FACTOR_LEVELS_datachk_shutdown" name="shutdown"/>
    <testcase time="0.000999999999976353" classname="FACTOR_LEVELS_datachk_shutdown" name="shutdown"/>
    <testcase time="0.000999999999976353" classname="FACTOR_LEVELS_datachk_shutdown" name="shutdown"/>
  </testsuite>
  <testsuite name="FACTOR_LEVELS::datachk::done" timestamp="2025-09-19T11:46:16Z" hostname="runnervmf4ws1" tests="0" skipped="0" failures="0" errors="0" time="0"/>
  <testsuite name="datachk-SURVIVAL_EXPAND_WITH_MISSING" timestamp="2025-09-19T11:46:16Z" hostname="runnervmf4ws1" tests="0" skipped="0" failures="0" errors="0" time="0"/>
  <testsuite name="SURVIVAL_EXPAND_WITH_MISSING::datachk::setup" timestamp="2025-09-19T11:46:16Z" hostname="runnervmf4ws1" tests="3" skipped="0" failures="0" errors="0" time="7.651">
    <testcase time="7.64800000000002" classname="SURVIVAL_EXPAND_WITH_MISSING_datachk_setup" name="setup"/>
    <testcase time="0.00199999999995271" classname="SURVIVAL_EXPAND_WITH_MISSING_datachk_setup" name="setup"/>
    <testcase time="0.000999999999976353" classname="SURVIVAL_EXPAND_WITH_MISSING_datachk_setup" name="setup"/>
  </testsuite>
  <testsuite name="SURVIVAL_EXPAND_WITH_MISSING::datachk" timestamp="2025-09-19T11:46:23Z" hostname="runnervmf4ws1" tests="198" skipped="0" failures="0" errors="0" time="2.064">
    <testcase time="0.0960000000000036" classname="SURVIVAL_EXPAND_WITH_MISSING_datachk" name="Check_SURVIVAL_EXPAND_WITH_MISSING_dataset"/>
    <testcase time="0.00100000000009004" classname="SURVIVAL_EXPAND_WITH_MISSING_datachk" name="Check_SURVIVAL_EXPAND_WITH_MISSING_dataset"/>
    <testcase time="0.00299999999992906" classname="SURVIVAL_EXPAND_WITH_MISSING_datachk" name="Check_SURVIVAL_EXPAND_WITH_MISSING_dataset"/>
    <testcase time="0.00200000000006639" classname="SURVIVAL_EXPAND_WITH_MISSING_datachk" name="Check_SURVIVAL_EXPAND_WITH_MISSING_dataset"/>
    <testcase time="0.00299999999992906" classname="SURVIVAL_EXPAND_WITH_MISSING_datachk" name="Check_SURVIVAL_EXPAND_WITH_MISSING_dataset"/>
    <testcase time="0.00100000000009004" classname="SURVIVAL_EXPAND_WITH_MISSING_datachk" name="Check_SURVIVAL_EXPAND_WITH_MISSING_dataset"/>
    <testcase time="0.00299999999992906" classname="SURVIVAL_EXPAND_WITH_MISSING_datachk" name="Check_SURVIVAL_EXPAND_WITH_MISSING_dataset"/>
    <testcase time="0.0439999999999827" classname="SURVIVAL_EXPAND_WITH_MISSING_datachk" name="Check_SURVIVAL_EXPAND_WITH_MISSING_dataset"/>
    <testcase time="0.00100000000009004" classname="SURVIVAL_EXPAND_WITH_MISSING_datachk" name="Check_SURVIVAL_EXPAND_WITH_MISSING_dataset"/>
    <testcase time="0.00199999999995271" classname="SURVIVAL_EXPAND_WITH_MISSING_datachk" name="Check_SURVIVAL_EXPAND_WITH_MISSING_dataset"/>
    <testcase time="0.000999999999976353" classname="SURVIVAL_EXPAND_WITH_MISSING_datachk" name="Check_SURVIVAL_EXPAND_WITH_MISSING_dataset"/>
    <testcase time="0.000999999999976353" classname="SURVIVAL_EXPAND_WITH_MISSING_datachk" name="Check_SURVIVAL_EXPAND_WITH_MISSING_dataset"/>
    <testcase time="0.00100000000009004" classname="SURVIVAL_EXPAND_WITH_MISSING_datachk" name="Check_SURVIVAL_EXPAND_WITH_MISSING_dataset"/>
    <testcase time="0.00199999999995271" classname="SURVIVAL_EXPAND_WITH_MISSING_datachk" name="Check_SURVIVAL_EXPAND_WITH_MISSING_dataset"/>
    <testcase time="0.000999999999976353" classname="SURVIVAL_EXPAND_WITH_MISSING_datachk" name="Check_SURVIVAL_EXPAND_WITH_MISSING_dataset"/>
    <testcase time="0.115000000000009" classname="SURVIVAL_EXPAND_WITH_MISSING_datachk" name="Check_SURVIVAL_EXPAND_WITH_MISSING_dataset"/>
    <testcase time="0.00200000000006639" classname="SURVIVAL_EXPAND_WITH_MISSING_datachk" name="Check_SURVIVAL_EXPAND_WITH_MISSING_dataset"/>
    <testcase time="0.000999999999976353" classname="SURVIVAL_EXPAND_WITH_MISSING_datachk" name="Check_SURVIVAL_EXPAND_WITH_MISSING_dataset"/>
    <testcase time="0.000999999999976353" classname="SURVIVAL_EXPAND_WITH_MISSING_datachk" name="Check_SURVIVAL_EXPAND_WITH_MISSING_dataset"/>
    <testcase time="0.00199999999995271" classname="SURVIVAL_EXPAND_WITH_MISSING_datachk" name="Check_SURVIVAL_EXPAND_WITH_MISSING_dataset"/>
    <testcase time="0.00100000000009004" classname="SURVIVAL_EXPAND_WITH_MISSING_datachk" name="Check_SURVIVAL_EXPAND_WITH_MISSING_dataset"/>
    <testcase time="0.000999999999976353" classname="SURVIVAL_EXPAND_WITH_MISSING_datachk" name="Check_SURVIVAL_EXPAND_WITH_MISSING_dataset"/>
    <testcase time="0.0810000000000173" classname="SURVIVAL_EXPAND_WITH_MISSING_datachk" name="Check_SURVIVAL_EXPAND_WITH_MISSING_dataset"/>
    <testcase time="0.00199999999995271" classname="SURVIVAL_EXPAND_WITH_MISSING_datachk" name="Check_SURVIVAL_EXPAND_WITH_MISSING_dataset"/>
    <testcase time="0.000999999999976353" classname="SURVIVAL_EXPAND_WITH_MISSING_datachk" name="Check_SURVIVAL_EXPAND_WITH_MISSING_dataset"/>
    <testcase time="0.000999999999976353" classname="SURVIVAL_EXPAND_WITH_MISSING_datachk" name="Check_SURVIVAL_EXPAND_WITH_MISSING_dataset"/>
    <testcase time="0.000999999999976353" classname="SURVIVAL_EXPAND_WITH_MISSING_datachk" name="Check_SURVIVAL_EXPAND_WITH_MISSING_dataset"/>
    <testcase time="0.000999999999976353" classname="SURVIVAL_EXPAND_WITH_MISSING_datachk" name="Check_SURVIVAL_EXPAND_WITH_MISSING_dataset"/>
    <testcase time="0.000999999999976353" classname="SURVIVAL_EXPAND_WITH_MISSING_datachk" name="Check_SURVIVAL_EXPAND_WITH_MISSING_dataset"/>
    <testcase time="0.0430000000000064" classname="SURVIVAL_EXPAND_WITH_MISSING_datachk" name="Check_SURVIVAL_EXPAND_WITH_MISSING_dataset"/>
    <testcase time="0.00200000000006639" classname="SURVIVAL_EXPAND_WITH_MISSING_datachk" name="Check_SURVIVAL_EXPAND_WITH_MISSING_dataset"/>
    <testcase time="0.000999999999976353" classname="SURVIVAL_EXPAND_WITH_MISSING_datachk" name="Check_SURVIVAL_EXPAND_WITH_MISSING_dataset"/>
    <testcase time="0.000999999999976353" classname="SURVIVAL_EXPAND_WITH_MISSING_datachk" name="Check_SURVIVAL_EXPAND_WITH_MISSING_dataset"/>
    <testcase time="0.00199999999995271" classname="SURVIVAL_EXPAND_WITH_MISSING_datachk" name="Check_SURVIVAL_EXPAND_WITH_MISSING_dataset"/>
    <testcase time="0.00100000000009004" classname="SURVIVAL_EXPAND_WITH_MISSING_datachk" name="Check_SURVIVAL_EXPAND_WITH_MISSING_dataset"/>
    <testcase time="0.000999999999976353" classname="SURVIVAL_EXPAND_WITH_MISSING_datachk" name="Check_SURVIVAL_EXPAND_WITH_MISSING_dataset"/>
    <testcase time="0.00199999999995271" classname="SURVIVAL_EXPAND_WITH_MISSING_datachk" name="Check_SURVIVAL_EXPAND_WITH_MISSING_dataset"/>
    <testcase time="0.00100000000009004" classname="SURVIVAL_EXPAND_WITH_MISSING_datachk" name="Check_SURVIVAL_EXPAND_WITH_MISSING_dataset"/>
    <testcase time="0.0839999999999463" classname="SURVIVAL_EXPAND_WITH_MISSING_datachk" name="Check_SURVIVAL_EXPAND_WITH_MISSING_dataset"/>
    <testcase time="0.00199999999995271" classname="SURVIVAL_EXPAND_WITH_MISSING_datachk" name="Check_SURVIVAL_EXPAND_WITH_MISSING_dataset"/>
    <testcase time="0.00100000000009004" classname="SURVIVAL_EXPAND_WITH_MISSING_datachk" name="Check_SURVIVAL_EXPAND_WITH_MISSING_dataset"/>
    <testcase time="0.00199999999995271" classname="SURVIVAL_EXPAND_WITH_MISSING_datachk" name="Check_SURVIVAL_EXPAND_WITH_MISSING_dataset"/>
    <testcase time="0.000999999999976353" classname="SURVIVAL_EXPAND_WITH_MISSING_datachk" name="Check_SURVIVAL_EXPAND_WITH_MISSING_dataset"/>
    <testcase time="0.00200000000006639" classname="SURVIVAL_EXPAND_WITH_MISSING_datachk" name="Check_SURVIVAL_EXPAND_WITH_MISSING_dataset"/>
    <testcase time="0.000999999999976353" classname="SURVIVAL_EXPAND_WITH_MISSING_datachk" name="Check_SURVIVAL_EXPAND_WITH_MISSING_dataset"/>
    <testcase time="0.0499999999999545" classname="SURVIVAL_EXPAND_WITH_MISSING_datachk" name="Check_SURVIVAL_EXPAND_WITH_MISSING_dataset"/>
    <testcase time="0.000999999999976353" classname="SURVIVAL_EXPAND_WITH_MISSING_datachk" name="Check_SURVIVAL_EXPAND_WITH_MISSING_dataset"/>
    <testcase time="0.00200000000006639" classname="SURVIVAL_EXPAND_WITH_MISSING_datachk" name="Check_SURVIVAL_EXPAND_WITH_MISSING_dataset"/>
    <testcase time="0.000999999999976353" classname="SURVIVAL_EXPAND_WITH_MISSING_datachk" name="Check_SURVIVAL_EXPAND_WITH_MISSING_dataset"/>
    <testcase time="0.000999999999976353" classname="SURVIVAL_EXPAND_WITH_MISSING_datachk" name="Check_SURVIVAL_EXPAND_WITH_MISSING_dataset"/>
    <testcase time="0.00200000000006639" classname="SURVIVAL_EXPAND_WITH_MISSING_datachk" name="Check_SURVIVAL_EXPAND_WITH_MISSING_dataset"/>
    <testcase time="0.000999999999976353" classname="SURVIVAL_EXPAND_WITH_MISSING_datachk" name="Check_SURVIVAL_EXPAND_WITH_MISSING_dataset"/>
    <testcase time="0.00199999999995271" classname="SURVIVAL_EXPAND_WITH_MISSING_datachk" name="Check_SURVIVAL_EXPAND_WITH_MISSING_dataset"/>
    <testcase time="0.00100000000009004" classname="SURVIVAL_EXPAND_WITH_MISSING_datachk" name="Check_SURVIVAL_EXPAND_WITH_MISSING_dataset"/>
    <testcase time="0.0819999999999936" classname="SURVIVAL_EXPAND_WITH_MISSING_datachk" name="Check_SURVIVAL_EXPAND_WITH_MISSING_dataset"/>
    <testcase time="0.000999999999976353" classname="SURVIVAL_EXPAND_WITH_MISSING_datachk" name="Check_SURVIVAL_EXPAND_WITH_MISSING_dataset"/>
    <testcase time="0.00199999999995271" classname="SURVIVAL_EXPAND_WITH_MISSING_datachk" name="Check_SURVIVAL_EXPAND_WITH_MISSING_dataset"/>
    <testcase time="0.000999999999976353" classname="SURVIVAL_EXPAND_WITH_MISSING_datachk" name="Check_SURVIVAL_EXPAND_WITH_MISSING_dataset"/>
    <testcase time="0.00200000000006639" classname="SURVIVAL_EXPAND_WITH_MISSING_datachk" name="Check_SURVIVAL_EXPAND_WITH_MISSING_dataset"/>
    <testcase time="0.000999999999976353" classname="SURVIVAL_EXPAND_WITH_MISSING_datachk" name="Check_SURVIVAL_EXPAND_WITH_MISSING_dataset"/>
    <testcase time="0.000999999999976353" classname="SURVIVAL_EXPAND_WITH_MISSING_datachk" name="Check_SURVIVAL_EXPAND_WITH_MISSING_dataset"/>
    <testcase time="0.0439999999999827" classname="SURVIVAL_EXPAND_WITH_MISSING_datachk" name="Check_SURVIVAL_EXPAND_WITH_MISSING_dataset"/>
    <testcase time="0.00200000000006639" classname="SURVIVAL_EXPAND_WITH_MISSING_datachk" name="Check_SURVIVAL_EXPAND_WITH_MISSING_dataset"/>
    <testcase time="0.000999999999976353" classname="SURVIVAL_EXPAND_WITH_MISSING_datachk" name="Check_SURVIVAL_EXPAND_WITH_MISSING_dataset"/>
    <testcase time="0.00199999999995271" classname="SURVIVAL_EXPAND_WITH_MISSING_datachk" name="Check_SURVIVAL_EXPAND_WITH_MISSING_dataset"/>
    <testcase time="0.00100000000009004" classname="SURVIVAL_EXPAND_WITH_MISSING_datachk" name="Check_SURVIVAL_EXPAND_WITH_MISSING_dataset"/>
    <testcase time="0.00199999999995271" classname="SURVIVAL_EXPAND_WITH_MISSING_datachk" name="Check_SURVIVAL_EXPAND_WITH_MISSING_dataset"/>
    <testcase time="0.000999999999976353" classname="SURVIVAL_EXPAND_WITH_MISSING_datachk" name="Check_SURVIVAL_EXPAND_WITH_MISSING_dataset"/>
    <testcase time="0.000999999999976353" classname="SURVIVAL_EXPAND_WITH_MISSING_datachk" name="Check_SURVIVAL_EXPAND_WITH_MISSING_dataset"/>
    <testcase time="0.00200000000006639" classname="SURVIVAL_EXPAND_WITH_MISSING_datachk" name="Check_SURVIVAL_EXPAND_WITH_MISSING_dataset"/>
    <testcase time="0.0850000000000364" classname="SURVIVAL_EXPAND_WITH_MISSING_datachk" name="Check_SURVIVAL_EXPAND_WITH_MISSING_dataset"/>
    <testcase time="0.00199999999995271" classname="SURVIVAL_EXPAND_WITH_MISSING_datachk" name="Check_SURVIVAL_EXPAND_WITH_MISSING_dataset"/>
    <testcase time="0.000999999999976353" classname="SURVIVAL_EXPAND_WITH_MISSING_datachk" name="Check_SURVIVAL_EXPAND_WITH_MISSING_dataset"/>
    <testcase time="0.00200000000006639" classname="SURVIVAL_EXPAND_WITH_MISSING_datachk" name="Check_SURVIVAL_EXPAND_WITH_MISSING_dataset"/>
    <testcase time="0.000999999999976353" classname="SURVIVAL_EXPAND_WITH_MISSING_datachk" name="Check_SURVIVAL_EXPAND_WITH_MISSING_dataset"/>
    <testcase time="0.000999999999976353" classname="SURVIVAL_EXPAND_WITH_MISSING_datachk" name="Check_SURVIVAL_EXPAND_WITH_MISSING_dataset"/>
    <testcase time="0.00199999999995271" classname="SURVIVAL_EXPAND_WITH_MISSING_datachk" name="Check_SURVIVAL_EXPAND_WITH_MISSING_dataset"/>
    <testcase time="0.0440000000000964" classname="SURVIVAL_EXPAND_WITH_MISSING_datachk" name="Check_SURVIVAL_EXPAND_WITH_MISSING_dataset"/>
    <testcase time="0.00199999999995271" classname="SURVIVAL_EXPAND_WITH_MISSING_datachk" name="Check_SURVIVAL_EXPAND_WITH_MISSING_dataset"/>
    <testcase time="0.00199999999995271" classname="SURVIVAL_EXPAND_WITH_MISSING_datachk" name="Check_SURVIVAL_EXPAND_WITH_MISSING_dataset"/>
    <testcase time="0.0080000000000382" classname="SURVIVAL_EXPAND_WITH_MISSING_datachk" name="Check_SURVIVAL_EXPAND_WITH_MISSING_dataset"/>
    <testcase time="0.00200000000006639" classname="SURVIVAL_EXPAND_WITH_MISSING_datachk" name="Check_SURVIVAL_EXPAND_WITH_MISSING_dataset"/>
    <testcase time="0.000999999999976353" classname="SURVIVAL_EXPAND_WITH_MISSING_datachk" name="Check_SURVIVAL_EXPAND_WITH_MISSING_dataset"/>
    <testcase time="0.00199999999995271" classname="SURVIVAL_EXPAND_WITH_MISSING_datachk" name="Check_SURVIVAL_EXPAND_WITH_MISSING_dataset"/>
    <testcase time="0.000999999999976353" classname="SURVIVAL_EXPAND_WITH_MISSING_datachk" name="Check_SURVIVAL_EXPAND_WITH_MISSING_dataset"/>
    <testcase time="0.00200000000006639" classname="SURVIVAL_EXPAND_WITH_MISSING_datachk" name="Check_SURVIVAL_EXPAND_WITH_MISSING_dataset"/>
    <testcase time="0.0849999999999227" classname="SURVIVAL_EXPAND_WITH_MISSING_datachk" name="Check_SURVIVAL_EXPAND_WITH_MISSING_dataset"/>
    <testcase time="0.00100000000009004" classname="SURVIVAL_EXPAND_WITH_MISSING_datachk" name="Check_SURVIVAL_EXPAND_WITH_MISSING_dataset"/>
    <testcase time="0.00199999999995271" classname="SURVIVAL_EXPAND_WITH_MISSING_datachk" name="Check_SURVIVAL_EXPAND_WITH_MISSING_dataset"/>
    <testcase time="0.000999999999976353" classname="SURVIVAL_EXPAND_WITH_MISSING_datachk" name="Check_SURVIVAL_EXPAND_WITH_MISSING_dataset"/>
    <testcase time="0.00200000000006639" classname="SURVIVAL_EXPAND_WITH_MISSING_datachk" name="Check_SURVIVAL_EXPAND_WITH_MISSING_dataset"/>
    <testcase time="0.000999999999976353" classname="SURVIVAL_EXPAND_WITH_MISSING_datachk" name="Check_SURVIVAL_EXPAND_WITH_MISSING_dataset"/>
    <testcase time="0.00199999999995271" classname="SURVIVAL_EXPAND_WITH_MISSING_datachk" name="Check_SURVIVAL_EXPAND_WITH_MISSING_dataset"/>
    <testcase time="0.0430000000000064" classname="SURVIVAL_EXPAND_WITH_MISSING_datachk" name="Check_SURVIVAL_EXPAND_WITH_MISSING_dataset"/>
    <testcase time="0.00200000000006639" classname="SURVIVAL_EXPAND_WITH_MISSING_datachk" name="Check_SURVIVAL_EXPAND_WITH_MISSING_dataset"/>
    <testcase time="0.00199999999995271" classname="SURVIVAL_EXPAND_WITH_MISSING_datachk" name="Check_SURVIVAL_EXPAND_WITH_MISSING_dataset"/>
    <testcase time="0.000999999999976353" classname="SURVIVAL_EXPAND_WITH_MISSING_datachk" name="Check_SURVIVAL_EXPAND_WITH_MISSING_dataset"/>
    <testcase time="0.00200000000006639" classname="SURVIVAL_EXPAND_WITH_MISSING_datachk" name="Check_SURVIVAL_EXPAND_WITH_MISSING_dataset"/>
    <testcase time="0.000999999999976353" classname="SURVIVAL_EXPAND_WITH_MISSING_datachk" name="Check_SURVIVAL_EXPAND_WITH_MISSING_dataset"/>
    <testcase time="0.00199999999995271" classname="SURVIVAL_EXPAND_WITH_MISSING_datachk" name="Check_SURVIVAL_EXPAND_WITH_MISSING_dataset"/>
    <testcase time="0.00200000000006639" classname="SURVIVAL_EXPAND_WITH_MISSING_datachk" name="Check_SURVIVAL_EXPAND_WITH_MISSING_dataset"/>
    <testcase time="0.000999999999976353" classname="SURVIVAL_EXPAND_WITH_MISSING_datachk" name="Check_SURVIVAL_EXPAND_WITH_MISSING_dataset"/>
    <testcase time="0.0839999999999463" classname="SURVIVAL_EXPAND_WITH_MISSING_datachk" name="Check_SURVIVAL_EXPAND_WITH_MISSING_dataset"/>
    <testcase time="0.00200000000006639" classname="SURVIVAL_EXPAND_WITH_MISSING_datachk" name="Check_SURVIVAL_EXPAND_WITH_MISSING_dataset"/>
    <testcase time="0.000999999999976353" classname="SURVIVAL_EXPAND_WITH_MISSING_datachk" name="Check_SURVIVAL_EXPAND_WITH_MISSING_dataset"/>
    <testcase time="0.00199999999995271" classname="SURVIVAL_EXPAND_WITH_MISSING_datachk" name="Check_SURVIVAL_EXPAND_WITH_MISSING_dataset"/>
    <testcase time="0.00100000000009004" classname="SURVIVAL_EXPAND_WITH_MISSING_datachk" name="Check_SURVIVAL_EXPAND_WITH_MISSING_dataset"/>
    <testcase time="0.00199999999995271" classname="SURVIVAL_EXPAND_WITH_MISSING_datachk" name="Check_SURVIVAL_EXPAND_WITH_MISSING_dataset"/>
    <testcase time="0.00200000000006639" classname="SURVIVAL_EXPAND_WITH_MISSING_datachk" name="Check_SURVIVAL_EXPAND_WITH_MISSING_dataset"/>
    <testcase time="0.0419999999999163" classname="SURVIVAL_EXPAND_WITH_MISSING_datachk" name="Check_SURVIVAL_EXPAND_WITH_MISSING_dataset"/>
    <testcase time="0.00200000000006639" classname="SURVIVAL_EXPAND_WITH_MISSING_datachk" name="Check_SURVIVAL_EXPAND_WITH_MISSING_dataset"/>
    <testcase time="0.00199999999995271" classname="SURVIVAL_EXPAND_WITH_MISSING_datachk" name="Check_SURVIVAL_EXPAND_WITH_MISSING_dataset"/>
    <testcase time="0.000999999999976353" classname="SURVIVAL_EXPAND_WITH_MISSING_datachk" name="Check_SURVIVAL_EXPAND_WITH_MISSING_dataset"/>
    <testcase time="0.00200000000006639" classname="SURVIVAL_EXPAND_WITH_MISSING_datachk" name="Check_SURVIVAL_EXPAND_WITH_MISSING_dataset"/>
    <testcase time="0.00199999999995271" classname="SURVIVAL_EXPAND_WITH_MISSING_datachk" name="Check_SURVIVAL_EXPAND_WITH_MISSING_dataset"/>
    <testcase time="0.000999999999976353" classname="SURVIVAL_EXPAND_WITH_MISSING_datachk" name="Check_SURVIVAL_EXPAND_WITH_MISSING_dataset"/>
    <testcase time="0.00200000000006639" classname="SURVIVAL_EXPAND_WITH_MISSING_datachk" name="Check_SURVIVAL_EXPAND_WITH_MISSING_dataset"/>
    <testcase time="0.00199999999995271" classname="SURVIVAL_EXPAND_WITH_MISSING_datachk" name="Check_SURVIVAL_EXPAND_WITH_MISSING_dataset"/>
    <testcase time="0.100999999999999" classname="SURVIVAL_EXPAND_WITH_MISSING_datachk" name="Check_SURVIVAL_EXPAND_WITH_MISSING_dataset"/>
    <testcase time="0.00200000000006639" classname="SURVIVAL_EXPAND_WITH_MISSING_datachk" name="Check_SURVIVAL_EXPAND_WITH_MISSING_dataset"/>
    <testcase time="0.000999999999976353" classname="SURVIVAL_EXPAND_WITH_MISSING_datachk" name="Check_SURVIVAL_EXPAND_WITH_MISSING_dataset"/>
    <testcase time="0.00199999999995271" classname="SURVIVAL_EXPAND_WITH_MISSING_datachk" name="Check_SURVIVAL_EXPAND_WITH_MISSING_dataset"/>
    <testcase time="0.00200000000006639" classname="SURVIVAL_EXPAND_WITH_MISSING_datachk" name="Check_SURVIVAL_EXPAND_WITH_MISSING_dataset"/>
    <testcase time="0.000999999999976353" classname="SURVIVAL_EXPAND_WITH_MISSING_datachk" name="Check_SURVIVAL_EXPAND_WITH_MISSING_dataset"/>
    <testcase time="0.00199999999995271" classname="SURVIVAL_EXPAND_WITH_MISSING_datachk" name="Check_SURVIVAL_EXPAND_WITH_MISSING_dataset"/>
    <testcase time="0.0610000000000355" classname="SURVIVAL_EXPAND_WITH_MISSING_datachk" name="Check_SURVIVAL_EXPAND_WITH_MISSING_dataset"/>
    <testcase time="0.00300000000004275" classname="SURVIVAL_EXPAND_WITH_MISSING_datachk" name="Check_SURVIVAL_EXPAND_WITH_MISSING_dataset"/>
    <testcase time="0.00199999999995271" classname="SURVIVAL_EXPAND_WITH_MISSING_datachk" name="Check_SURVIVAL_EXPAND_WITH_MISSING_dataset"/>
    <testcase time="0.00300000000004275" classname="SURVIVAL_EXPAND_WITH_MISSING_datachk" name="Check_SURVIVAL_EXPAND_WITH_MISSING_dataset"/>
    <testcase time="0.00199999999995271" classname="SURVIVAL_EXPAND_WITH_MISSING_datachk" name="Check_SURVIVAL_EXPAND_WITH_MISSING_dataset"/>
    <testcase time="0.00300000000004275" classname="SURVIVAL_EXPAND_WITH_MISSING_datachk" name="Check_SURVIVAL_EXPAND_WITH_MISSING_dataset"/>
    <testcase time="0.00199999999995271" classname="SURVIVAL_EXPAND_WITH_MISSING_datachk" name="Check_SURVIVAL_EXPAND_WITH_MISSING_dataset"/>
    <testcase time="0.00300000000004275" classname="SURVIVAL_EXPAND_WITH_MISSING_datachk" name="Check_SURVIVAL_EXPAND_WITH_MISSING_dataset"/>
    <testcase time="0.00199999999995271" classname="SURVIVAL_EXPAND_WITH_MISSING_datachk" name="Check_SURVIVAL_EXPAND_WITH_MISSING_dataset"/>
    <testcase time="0.0940000000000509" classname="SURVIVAL_EXPAND_WITH_MISSING_datachk" name="Check_SURVIVAL_EXPAND_WITH_MISSING_dataset"/>
    <testcase time="0.00199999999995271" classname="SURVIVAL_EXPAND_WITH_MISSING_datachk" name="Check_SURVIVAL_EXPAND_WITH_MISSING_dataset"/>
    <testcase time="0.00199999999995271" classname="SURVIVAL_EXPAND_WITH_MISSING_datachk" name="Check_SURVIVAL_EXPAND_WITH_MISSING_dataset"/>
    <testcase time="0.00200000000006639" classname="SURVIVAL_EXPAND_WITH_MISSING_datachk" name="Check_SURVIVAL_EXPAND_WITH_MISSING_dataset"/>
    <testcase time="0.00199999999995271" classname="SURVIVAL_EXPAND_WITH_MISSING_datachk" name="Check_SURVIVAL_EXPAND_WITH_MISSING_dataset"/>
    <testcase time="0.00100000000009004" classname="SURVIVAL_EXPAND_WITH_MISSING_datachk" name="Check_SURVIVAL_EXPAND_WITH_MISSING_dataset"/>
    <testcase time="0.00199999999995271" classname="SURVIVAL_EXPAND_WITH_MISSING_datachk" name="Check_SURVIVAL_EXPAND_WITH_MISSING_dataset"/>
    <testcase time="0.0430000000000064" classname="SURVIVAL_EXPAND_WITH_MISSING_datachk" name="Check_SURVIVAL_EXPAND_WITH_MISSING_dataset"/>
    <testcase time="0.00199999999995271" classname="SURVIVAL_EXPAND_WITH_MISSING_datachk" name="Check_SURVIVAL_EXPAND_WITH_MISSING_dataset"/>
    <testcase time="0.00200000000006639" classname="SURVIVAL_EXPAND_WITH_MISSING_datachk" name="Check_SURVIVAL_EXPAND_WITH_MISSING_dataset"/>
    <testcase time="0.000999999999976353" classname="SURVIVAL_EXPAND_WITH_MISSING_datachk" name="Check_SURVIVAL_EXPAND_WITH_MISSING_dataset"/>
    <testcase time="0.00199999999995271" classname="SURVIVAL_EXPAND_WITH_MISSING_datachk" name="Check_SURVIVAL_EXPAND_WITH_MISSING_dataset"/>
    <testcase time="0.00200000000006639" classname="SURVIVAL_EXPAND_WITH_MISSING_datachk" name="Check_SURVIVAL_EXPAND_WITH_MISSING_dataset"/>
    <testcase time="0.00199999999995271" classname="SURVIVAL_EXPAND_WITH_MISSING_datachk" name="Check_SURVIVAL_EXPAND_WITH_MISSING_dataset"/>
    <testcase time="0.000999999999976353" classname="SURVIVAL_EXPAND_WITH_MISSING_datachk" name="Check_SURVIVAL_EXPAND_WITH_MISSING_dataset"/>
    <testcase time="0.00200000000006639" classname="SURVIVAL_EXPAND_WITH_MISSING_datachk" name="Check_SURVIVAL_EXPAND_WITH_MISSING_dataset"/>
    <testcase time="0.0910000000000082" classname="SURVIVAL_EXPAND_WITH_MISSING_datachk" name="Check_SURVIVAL_EXPAND_WITH_MISSING_dataset"/>
    <testcase time="0.00299999999992906" classname="SURVIVAL_EXPAND_WITH_MISSING_datachk" name="Check_SURVIVAL_EXPAND_WITH_MISSING_dataset"/>
    <testcase time="0.00200000000006639" classname="SURVIVAL_EXPAND_WITH_MISSING_datachk" name="Check_SURVIVAL_EXPAND_WITH_MISSING_dataset"/>
    <testcase time="0.00199999999995271" classname="SURVIVAL_EXPAND_WITH_MISSING_datachk" name="Check_SURVIVAL_EXPAND_WITH_MISSING_dataset"/>
    <testcase time="0.000999999999976353" classname="SURVIVAL_EXPAND_WITH_MISSING_datachk" name="Check_SURVIVAL_EXPAND_WITH_MISSING_dataset"/>
    <testcase time="0.00200000000006639" classname="SURVIVAL_EXPAND_WITH_MISSING_datachk" name="Check_SURVIVAL_EXPAND_WITH_MISSING_dataset"/>
    <testcase time="0.00199999999995271" classname="SURVIVAL_EXPAND_WITH_MISSING_datachk" name="Check_SURVIVAL_EXPAND_WITH_MISSING_dataset"/>
    <testcase time="0.0430000000000064" classname="SURVIVAL_EXPAND_WITH_MISSING_datachk" name="Check_SURVIVAL_EXPAND_WITH_MISSING_dataset"/>
    <testcase time="0.00200000000006639" classname="SURVIVAL_EXPAND_WITH_MISSING_datachk" name="Check_SURVIVAL_EXPAND_WITH_MISSING_dataset"/>
    <testcase time="0.00199999999995271" classname="SURVIVAL_EXPAND_WITH_MISSING_datachk" name="Check_SURVIVAL_EXPAND_WITH_MISSING_dataset"/>
    <testcase time="0.00199999999995271" classname="SURVIVAL_EXPAND_WITH_MISSING_datachk" name="Check_SURVIVAL_EXPAND_WITH_MISSING_dataset"/>
    <testcase time="0.00200000000006639" classname="SURVIVAL_EXPAND_WITH_MISSING_datachk" name="Check_SURVIVAL_EXPAND_WITH_MISSING_dataset"/>
    <testcase time="0.000999999999976353" classname="SURVIVAL_EXPAND_WITH_MISSING_datachk" name="Check_SURVIVAL_EXPAND_WITH_MISSING_dataset"/>
    <testcase time="0.00199999999995271" classname="SURVIVAL_EXPAND_WITH_MISSING_datachk" name="Check_SURVIVAL_EXPAND_WITH_MISSING_dataset"/>
    <testcase time="0.00200000000006639" classname="SURVIVAL_EXPAND_WITH_MISSING_datachk" name="Check_SURVIVAL_EXPAND_WITH_MISSING_dataset"/>
    <testcase time="0.00199999999995271" classname="SURVIVAL_EXPAND_WITH_MISSING_datachk" name="Check_SURVIVAL_EXPAND_WITH_MISSING_dataset"/>
    <testcase time="0.100000000000023" classname="SURVIVAL_EXPAND_WITH_MISSING_datachk" name="Check_SURVIVAL_EXPAND_WITH_MISSING_dataset"/>
    <testcase time="0.00200000000006639" classname="SURVIVAL_EXPAND_WITH_MISSING_datachk" name="Check_SURVIVAL_EXPAND_WITH_MISSING_dataset"/>
    <testcase time="0.00199999999995271" classname="SURVIVAL_EXPAND_WITH_MISSING_datachk" name="Check_SURVIVAL_EXPAND_WITH_MISSING_dataset"/>
    <testcase time="0.00199999999995271" classname="SURVIVAL_EXPAND_WITH_MISSING_datachk" name="Check_SURVIVAL_EXPAND_WITH_MISSING_dataset"/>
    <testcase time="0.00200000000006639" classname="SURVIVAL_EXPAND_WITH_MISSING_datachk" name="Check_SURVIVAL_EXPAND_WITH_MISSING_dataset"/>
    <testcase time="0.000999999999976353" classname="SURVIVAL_EXPAND_WITH_MISSING_datachk" name="Check_SURVIVAL_EXPAND_WITH_MISSING_dataset"/>
    <testcase time="0.00199999999995271" classname="SURVIVAL_EXPAND_WITH_MISSING_datachk" name="Check_SURVIVAL_EXPAND_WITH_MISSING_dataset"/>
    <testcase time="0.0680000000000973" classname="SURVIVAL_EXPAND_WITH_MISSING_datachk" name="Check_SURVIVAL_EXPAND_WITH_MISSING_dataset"/>
    <testcase time="0.00199999999995271" classname="SURVIVAL_EXPAND_WITH_MISSING_datachk" name="Check_SURVIVAL_EXPAND_WITH_MISSING_dataset"/>
    <testcase time="0.00199999999995271" classname="SURVIVAL_EXPAND_WITH_MISSING_datachk" name="Check_SURVIVAL_EXPAND_WITH_MISSING_dataset"/>
    <testcase time="0.00200000000006639" classname="SURVIVAL_EXPAND_WITH_MISSING_datachk" name="Check_SURVIVAL_EXPAND_WITH_MISSING_dataset"/>
    <testcase time="0.00199999999995271" classname="SURVIVAL_EXPAND_WITH_MISSING_datachk" name="Check_SURVIVAL_EXPAND_WITH_MISSING_dataset"/>
    <testcase time="0.000999999999976353" classname="SURVIVAL_EXPAND_WITH_MISSING_datachk" name="Check_SURVIVAL_EXPAND_WITH_MISSING_dataset"/>
    <testcase time="0.00200000000006639" classname="SURVIVAL_EXPAND_WITH_MISSING_datachk" name="Check_SURVIVAL_EXPAND_WITH_MISSING_dataset"/>
    <testcase time="0.00199999999995271" classname="SURVIVAL_EXPAND_WITH_MISSING_datachk" name="Check_SURVIVAL_EXPAND_WITH_MISSING_dataset"/>
    <testcase time="0.00200000000006639" classname="SURVIVAL_EXPAND_WITH_MISSING_datachk" name="Check_SURVIVAL_EXPAND_WITH_MISSING_dataset"/>
    <testcase time="0.0979999999999563" classname="SURVIVAL_EXPAND_WITH_MISSING_datachk" name="Check_SURVIVAL_EXPAND_WITH_MISSING_dataset"/>
    <testcase time="0.00300000000004275" classname="SURVIVAL_EXPAND_WITH_MISSING_datachk" name="Check_SURVIVAL_EXPAND_WITH_MISSING_dataset"/>
    <testcase time="0.00199999999995271" classname="SURVIVAL_EXPAND_WITH_MISSING_datachk" name="Check_SURVIVAL_EXPAND_WITH_MISSING_dataset"/>
    <testcase time="0.000999999999976353" classname="SURVIVAL_EXPAND_WITH_MISSING_datachk" name="Check_SURVIVAL_EXPAND_WITH_MISSING_dataset"/>
    <testcase time="0.00200000000006639" classname="SURVIVAL_EXPAND_WITH_MISSING_datachk" name="Check_SURVIVAL_EXPAND_WITH_MISSING_dataset"/>
    <testcase time="0.00199999999995271" classname="SURVIVAL_EXPAND_WITH_MISSING_datachk" name="Check_SURVIVAL_EXPAND_WITH_MISSING_dataset"/>
    <testcase time="0.00200000000006639" classname="SURVIVAL_EXPAND_WITH_MISSING_datachk" name="Check_SURVIVAL_EXPAND_WITH_MISSING_dataset"/>
    <testcase time="0.0439999999999827" classname="SURVIVAL_EXPAND_WITH_MISSING_datachk" name="Check_SURVIVAL_EXPAND_WITH_MISSING_dataset"/>
    <testcase time="0.00199999999995271" classname="SURVIVAL_EXPAND_WITH_MISSING_datachk" name="Check_SURVIVAL_EXPAND_WITH_MISSING_dataset"/>
    <testcase time="0.00200000000006639" classname="SURVIVAL_EXPAND_WITH_MISSING_datachk" name="Check_SURVIVAL_EXPAND_WITH_MISSING_dataset"/>
    <testcase time="0.00199999999995271" classname="SURVIVAL_EXPAND_WITH_MISSING_datachk" name="Check_SURVIVAL_EXPAND_WITH_MISSING_dataset"/>
    <testcase time="0.00199999999995271" classname="SURVIVAL_EXPAND_WITH_MISSING_datachk" name="Check_SURVIVAL_EXPAND_WITH_MISSING_dataset"/>
    <testcase time="0.00200000000006639" classname="SURVIVAL_EXPAND_WITH_MISSING_datachk" name="Check_SURVIVAL_EXPAND_WITH_MISSING_dataset"/>
    <testcase time="0.00199999999995271" classname="SURVIVAL_EXPAND_WITH_MISSING_datachk" name="Check_SURVIVAL_EXPAND_WITH_MISSING_dataset"/>
    <testcase time="0.00200000000006639" classname="SURVIVAL_EXPAND_WITH_MISSING_datachk" name="Check_SURVIVAL_EXPAND_WITH_MISSING_dataset"/>
    <testcase time="0.00199999999995271" classname="SURVIVAL_EXPAND_WITH_MISSING_datachk" name="Check_SURVIVAL_EXPAND_WITH_MISSING_dataset"/>
  </testsuite>
  <testsuite name="SURVIVAL_EXPAND_WITH_MISSING::datachk::shutdown" timestamp="2025-09-19T11:46:25Z" hostname="runnervmf4ws1" tests="3" skipped="0" failures="0" errors="0" time="0.051">
    <testcase time="0.0489999999999782" classname="SURVIVAL_EXPAND_WITH_MISSING_datachk_shutdown" name="shutdown"/>
    <testcase time="0.000999999999976353" classname="SURVIVAL_EXPAND_WITH_MISSING_datachk_shutdown" name="shutdown"/>
    <testcase time="0.00100000000009004" classname="SURVIVAL_EXPAND_WITH_MISSING_datachk_shutdown" name="shutdown"/>
  </testsuite>
  <testsuite name="SURVIVAL_EXPAND_WITH_MISSING::datachk::done" timestamp="2025-09-19T11:46:26Z" hostname="runnervmf4ws1" tests="0" skipped="0" failures="0" errors="0" time="0"/>
  <testsuite name="datachk-TESTING" timestamp="2025-09-19T11:46:26Z" hostname="runnervmf4ws1" tests="0" skipped="0" failures="0" errors="0" time="0"/>
  <testsuite name="TESTING::datachk::setup" timestamp="2025-09-19T11:46:26Z" hostname="runnervmf4ws1" tests="3" skipped="0" failures="0" errors="0" time="7.943">
    <testcase time="7.93999999999994" classname="TESTING_datachk_setup" name="setup"/>
    <testcase time="0.00200000000006639" classname="TESTING_datachk_setup" name="setup"/>
    <testcase time="0.000999999999976353" classname="TESTING_datachk_setup" name="setup"/>
  </testsuite>
  <testsuite name="TESTING::datachk" timestamp="2025-09-19T11:46:33Z" hostname="runnervmf4ws1" tests="310" skipped="0" failures="0" errors="0" time="3.169">
    <testcase time="0.0979999999999563" classname="TESTING_datachk" name="Check_TESTING_dataset"/>
    <testcase time="0.000999999999976353" classname="TESTING_datachk" name="Check_TESTING_dataset"/>
    <testcase time="0.00300000000004275" classname="TESTING_datachk" name="Check_TESTING_dataset"/>
    <testcase time="0.000999999999976353" classname="TESTING_datachk" name="Check_TESTING_dataset"/>
    <testcase time="0.00300000000004275" classname="TESTING_datachk" name="Check_TESTING_dataset"/>
    <testcase time="0.000999999999976353" classname="TESTING_datachk" name="Check_TESTING_dataset"/>
    <testcase time="0.00300000000004275" classname="TESTING_datachk" name="Check_TESTING_dataset"/>
    <testcase time="0.0430000000000064" classname="TESTING_datachk" name="Check_TESTING_dataset"/>
    <testcase time="0.000999999999976353" classname="TESTING_datachk" name="Check_TESTING_dataset"/>
    <testcase time="0.00199999999995271" classname="TESTING_datachk" name="Check_TESTING_dataset"/>
    <testcase time="0.000999999999976353" classname="TESTING_datachk" name="Check_TESTING_dataset"/>
    <testcase time="0.00100000000009004" classname="TESTING_datachk" name="Check_TESTING_dataset"/>
    <testcase time="0.00199999999995271" classname="TESTING_datachk" name="Check_TESTING_dataset"/>
    <testcase time="0.000999999999976353" classname="TESTING_datachk" name="Check_TESTING_dataset"/>
    <testcase time="0.000999999999976353" classname="TESTING_datachk" name="Check_TESTING_dataset"/>
    <testcase time="0.120000000000005" classname="TESTING_datachk" name="Check_TESTING_dataset"/>
    <testcase time="0.00100000000009004" classname="TESTING_datachk" name="Check_TESTING_dataset"/>
    <testcase time="0.00199999999995271" classname="TESTING_datachk" name="Check_TESTING_dataset"/>
    <testcase time="0.000999999999976353" classname="TESTING_datachk" name="Check_TESTING_dataset"/>
    <testcase time="0.000999999999976353" classname="TESTING_datachk" name="Check_TESTING_dataset"/>
    <testcase time="0.00200000000006639" classname="TESTING_datachk" name="Check_TESTING_dataset"/>
    <testcase time="0.000999999999976353" classname="TESTING_datachk" name="Check_TESTING_dataset"/>
    <testcase time="0.0869999999999891" classname="TESTING_datachk" name="Check_TESTING_dataset"/>
    <testcase time="0.00200000000006639" classname="TESTING_datachk" name="Check_TESTING_dataset"/>
    <testcase time="0.000999999999976353" classname="TESTING_datachk" name="Check_TESTING_dataset"/>
    <testcase time="0.000999999999976353" classname="TESTING_datachk" name="Check_TESTING_dataset"/>
    <testcase time="0.00199999999995271" classname="TESTING_datachk" name="Check_TESTING_dataset"/>
    <testcase time="0.00100000000009004" classname="TESTING_datachk" name="Check_TESTING_dataset"/>
    <testcase time="0.000999999999976353" classname="TESTING_datachk" name="Check_TESTING_dataset"/>
    <testcase time="0.0439999999999827" classname="TESTING_datachk" name="Check_TESTING_dataset"/>
    <testcase time="0.000999999999976353" classname="TESTING_datachk" name="Check_TESTING_dataset"/>
    <testcase time="0.00200000000006639" classname="TESTING_datachk" name="Check_TESTING_dataset"/>
    <testcase time="0.000999999999976353" classname="TESTING_datachk" name="Check_TESTING_dataset"/>
    <testcase time="0.000999999999976353" classname="TESTING_datachk" name="Check_TESTING_dataset"/>
    <testcase time="0.00199999999995271" classname="TESTING_datachk" name="Check_TESTING_dataset"/>
    <testcase time="0.00100000000009004" classname="TESTING_datachk" name="Check_TESTING_dataset"/>
    <testcase time="0.000999999999976353" classname="TESTING_datachk" name="Check_TESTING_dataset"/>
    <testcase time="0.00199999999995271" classname="TESTING_datachk" name="Check_TESTING_dataset"/>
    <testcase time="0.0830000000000837" classname="TESTING_datachk" name="Check_TESTING_dataset"/>
    <testcase time="0.00199999999995271" classname="TESTING_datachk" name="Check_TESTING_dataset"/>
    <testcase time="0.000999999999976353" classname="TESTING_datachk" name="Check_TESTING_dataset"/>
    <testcase time="0.00200000000006639" classname="TESTING_datachk" name="Check_TESTING_dataset"/>
    <testcase time="0.000999999999976353" classname="TESTING_datachk" name="Check_TESTING_dataset"/>
    <testcase time="0.000999999999976353" classname="TESTING_datachk" name="Check_TESTING_dataset"/>
    <testcase time="0.00199999999995271" classname="TESTING_datachk" name="Check_TESTING_dataset"/>
    <testcase time="0.0510000000000446" classname="TESTING_datachk" name="Check_TESTING_dataset"/>
    <testcase time="0.000999999999976353" classname="TESTING_datachk" name="Check_TESTING_dataset"/>
    <testcase time="0.00200000000006639" classname="TESTING_datachk" name="Check_TESTING_dataset"/>
    <testcase time="0.000999999999976353" classname="TESTING_datachk" name="Check_TESTING_dataset"/>
    <testcase time="0.000999999999976353" classname="TESTING_datachk" name="Check_TESTING_dataset"/>
    <testcase time="0.00199999999995271" classname="TESTING_datachk" name="Check_TESTING_dataset"/>
    <testcase time="0.00100000000009004" classname="TESTING_datachk" name="Check_TESTING_dataset"/>
    <testcase time="0.000999999999976353" classname="TESTING_datachk" name="Check_TESTING_dataset"/>
    <testcase time="0.00199999999995271" classname="TESTING_datachk" name="Check_TESTING_dataset"/>
    <testcase time="0.0819999999999936" classname="TESTING_datachk" name="Check_TESTING_dataset"/>
    <testcase time="0.00200000000006639" classname="TESTING_datachk" name="Check_TESTING_dataset"/>
    <testcase time="0.000999999999976353" classname="TESTING_datachk" name="Check_TESTING_dataset"/>
    <testcase time="0.000999999999976353" classname="TESTING_datachk" name="Check_TESTING_dataset"/>
    <testcase time="0.00200000000006639" classname="TESTING_datachk" name="Check_TESTING_dataset"/>
    <testcase time="0.000999999999976353" classname="TESTING_datachk" name="Check_TESTING_dataset"/>
    <testcase time="0.00199999999995271" classname="TESTING_datachk" name="Check_TESTING_dataset"/>
    <testcase time="0.0410000000000537" classname="TESTING_datachk" name="Check_TESTING_dataset"/>
    <testcase time="0.000999999999976353" classname="TESTING_datachk" name="Check_TESTING_dataset"/>
    <testcase time="0.00199999999995271" classname="TESTING_datachk" name="Check_TESTING_dataset"/>
    <testcase time="0.00100000000009004" classname="TESTING_datachk" name="Check_TESTING_dataset"/>
    <testcase time="0.00199999999995271" classname="TESTING_datachk" name="Check_TESTING_dataset"/>
    <testcase time="0.000999999999976353" classname="TESTING_datachk" name="Check_TESTING_dataset"/>
    <testcase time="0.000999999999976353" classname="TESTING_datachk" name="Check_TESTING_dataset"/>
    <testcase time="0.00200000000006639" classname="TESTING_datachk" name="Check_TESTING_dataset"/>
    <testcase time="0.000999999999976353" classname="TESTING_datachk" name="Check_TESTING_dataset"/>
    <testcase time="0.08400000000006" classname="TESTING_datachk" name="Check_TESTING_dataset"/>
    <testcase time="0.000999999999976353" classname="TESTING_datachk" name="Check_TESTING_dataset"/>
    <testcase time="0.00199999999995271" classname="TESTING_datachk" name="Check_TESTING_dataset"/>
    <testcase time="0.000999999999976353" classname="TESTING_datachk" name="Check_TESTING_dataset"/>
    <testcase time="0.00200000000006639" classname="TESTING_datachk" name="Check_TESTING_dataset"/>
    <testcase time="0.000999999999976353" classname="TESTING_datachk" name="Check_TESTING_dataset"/>
    <testcase time="0.00199999999995271" classname="TESTING_datachk" name="Check_TESTING_dataset"/>
    <testcase time="0.0410000000000537" classname="TESTING_datachk" name="Check_TESTING_dataset"/>
    <testcase time="0.0080000000000382" classname="TESTING_datachk" name="Check_TESTING_dataset"/>
    <testcase time="0.00199999999995271" classname="TESTING_datachk" name="Check_TESTING_dataset"/>
    <testcase time="0.00199999999995271" classname="TESTING_datachk" name="Check_TESTING_dataset"/>
    <testcase time="0.00100000000009004" classname="TESTING_datachk" name="Check_TESTING_dataset"/>
    <testcase time="0.00199999999995271" classname="TESTING_datachk" name="Check_TESTING_dataset"/>
    <testcase time="0.000999999999976353" classname="TESTING_datachk" name="Check_TESTING_dataset"/>
    <testcase time="0.00200000000006639" classname="TESTING_datachk" name="Check_TESTING_dataset"/>
    <testcase time="0.000999999999976353" classname="TESTING_datachk" name="Check_TESTING_dataset"/>
    <testcase time="0.08299999999997" classname="TESTING_datachk" name="Check_TESTING_dataset"/>
    <testcase time="0.00200000000006639" classname="TESTING_datachk" name="Check_TESTING_dataset"/>
    <testcase time="0.000999999999976353" classname="TESTING_datachk" name="Check_TESTING_dataset"/>
    <testcase time="0.00199999999995271" classname="TESTING_datachk" name="Check_TESTING_dataset"/>
    <testcase time="0.000999999999976353" classname="TESTING_datachk" name="Check_TESTING_dataset"/>
    <testcase time="0.00200000000006639" classname="TESTING_datachk" name="Check_TESTING_dataset"/>
    <testcase time="0.000999999999976353" classname="TESTING_datachk" name="Check_TESTING_dataset"/>
    <testcase time="0.0430000000000064" classname="TESTING_datachk" name="Check_TESTING_dataset"/>
    <testcase time="0.00199999999995271" classname="TESTING_datachk" name="Check_TESTING_dataset"/>
    <testcase time="0.00100000000009004" classname="TESTING_datachk" name="Check_TESTING_dataset"/>
    <testcase time="0.00199999999995271" classname="TESTING_datachk" name="Check_TESTING_dataset"/>
    <testcase time="0.000999999999976353" classname="TESTING_datachk" name="Check_TESTING_dataset"/>
    <testcase time="0.00200000000006639" classname="TESTING_datachk" name="Check_TESTING_dataset"/>
    <testcase time="0.000999999999976353" classname="TESTING_datachk" name="Check_TESTING_dataset"/>
    <testcase time="0.00199999999995271" classname="TESTING_datachk" name="Check_TESTING_dataset"/>
    <testcase time="0.000999999999976353" classname="TESTING_datachk" name="Check_TESTING_dataset"/>
    <testcase time="0.0920000000000982" classname="TESTING_datachk" name="Check_TESTING_dataset"/>
    <testcase time="0.00199999999995271" classname="TESTING_datachk" name="Check_TESTING_dataset"/>
    <testcase time="0.000999999999976353" classname="TESTING_datachk" name="Check_TESTING_dataset"/>
    <testcase time="0.00200000000006639" classname="TESTING_datachk" name="Check_TESTING_dataset"/>
    <testcase time="0.000999999999976353" classname="TESTING_datachk" name="Check_TESTING_dataset"/>
    <testcase time="0.00199999999995271" classname="TESTING_datachk" name="Check_TESTING_dataset"/>
    <testcase time="0.00200000000006639" classname="TESTING_datachk" name="Check_TESTING_dataset"/>
    <testcase time="0.0529999999999973" classname="TESTING_datachk" name="Check_TESTING_dataset"/>
    <testcase time="0.00299999999992906" classname="TESTING_datachk" name="Check_TESTING_dataset"/>
    <testcase time="0.00300000000004275" classname="TESTING_datachk" name="Check_TESTING_dataset"/>
    <testcase time="0.00199999999995271" classname="TESTING_datachk" name="Check_TESTING_dataset"/>
    <testcase time="0.00300000000004275" classname="TESTING_datachk" name="Check_TESTING_dataset"/>
    <testcase time="0.00199999999995271" classname="TESTING_datachk" name="Check_TESTING_dataset"/>
    <testcase time="0.00300000000004275" classname="TESTING_datachk" name="Check_TESTING_dataset"/>
    <testcase time="0.00900000000001455" classname="TESTING_datachk" name="Check_TESTING_dataset"/>
    <testcase time="0.00199999999995271" classname="TESTING_datachk" name="Check_TESTING_dataset"/>
    <testcase time="0.0950000000000273" classname="TESTING_datachk" name="Check_TESTING_dataset"/>
    <testcase time="0.00300000000004275" classname="TESTING_datachk" name="Check_TESTING_dataset"/>
    <testcase time="0.00199999999995271" classname="TESTING_datachk" name="Check_TESTING_dataset"/>
    <testcase time="0.00300000000004275" classname="TESTING_datachk" name="Check_TESTING_dataset"/>
    <testcase time="0.00199999999995271" classname="TESTING_datachk" name="Check_TESTING_dataset"/>
    <testcase time="0.00200000000006639" classname="TESTING_datachk" name="Check_TESTING_dataset"/>
    <testcase time="0.00199999999995271" classname="TESTING_datachk" name="Check_TESTING_dataset"/>
    <testcase time="0.0430000000000064" classname="TESTING_datachk" name="Check_TESTING_dataset"/>
    <testcase time="0.00199999999995271" classname="TESTING_datachk" name="Check_TESTING_dataset"/>
    <testcase time="0.00200000000006639" classname="TESTING_datachk" name="Check_TESTING_dataset"/>
    <testcase time="0.000999999999976353" classname="TESTING_datachk" name="Check_TESTING_dataset"/>
    <testcase time="0.00199999999995271" classname="TESTING_datachk" name="Check_TESTING_dataset"/>
    <testcase time="0.00200000000006639" classname="TESTING_datachk" name="Check_TESTING_dataset"/>
    <testcase time="0.000999999999976353" classname="TESTING_datachk" name="Check_TESTING_dataset"/>
    <testcase time="0.00199999999995271" classname="TESTING_datachk" name="Check_TESTING_dataset"/>
    <testcase time="0.00200000000006639" classname="TESTING_datachk" name="Check_TESTING_dataset"/>
    <testcase time="0.0869999999999891" classname="TESTING_datachk" name="Check_TESTING_dataset"/>
    <testcase time="0.000999999999976353" classname="TESTING_datachk" name="Check_TESTING_dataset"/>
    <testcase time="0.00200000000006639" classname="TESTING_datachk" name="Check_TESTING_dataset"/>
    <testcase time="0.00199999999995271" classname="TESTING_datachk" name="Check_TESTING_dataset"/>
    <testcase time="0.00199999999995271" classname="TESTING_datachk" name="Check_TESTING_dataset"/>
    <testcase time="0.00100000000009004" classname="TESTING_datachk" name="Check_TESTING_dataset"/>
    <testcase time="0.00199999999995271" classname="TESTING_datachk" name="Check_TESTING_dataset"/>
    <testcase time="0.04200000000003" classname="TESTING_datachk" name="Check_TESTING_dataset"/>
    <testcase time="0.00199999999995271" classname="TESTING_datachk" name="Check_TESTING_dataset"/>
    <testcase time="0.00200000000006639" classname="TESTING_datachk" name="Check_TESTING_dataset"/>
    <testcase time="0.00199999999995271" classname="TESTING_datachk" name="Check_TESTING_dataset"/>
    <testcase time="0.00199999999995271" classname="TESTING_datachk" name="Check_TESTING_dataset"/>
    <testcase time="0.00100000000009004" classname="TESTING_datachk" name="Check_TESTING_dataset"/>
    <testcase time="0.00199999999995271" classname="TESTING_datachk" name="Check_TESTING_dataset"/>
    <testcase time="0.00199999999995271" classname="TESTING_datachk" name="Check_TESTING_dataset"/>
    <testcase time="0.0080000000000382" classname="TESTING_datachk" name="Check_TESTING_dataset"/>
    <testcase time="0.08299999999997" classname="TESTING_datachk" name="Check_TESTING_dataset"/>
    <testcase time="0.00200000000006639" classname="TESTING_datachk" name="Check_TESTING_dataset"/>
    <testcase time="0.00199999999995271" classname="TESTING_datachk" name="Check_TESTING_dataset"/>
    <testcase time="0.00200000000006639" classname="TESTING_datachk" name="Check_TESTING_dataset"/>
    <testcase time="0.00199999999995271" classname="TESTING_datachk" name="Check_TESTING_dataset"/>
    <testcase time="0.00199999999995271" classname="TESTING_datachk" name="Check_TESTING_dataset"/>
    <testcase time="0.00100000000009004" classname="TESTING_datachk" name="Check_TESTING_dataset"/>
    <testcase time="0.0439999999999827" classname="TESTING_datachk" name="Check_TESTING_dataset"/>
    <testcase time="0.00199999999995271" classname="TESTING_datachk" name="Check_TESTING_dataset"/>
    <testcase time="0.00200000000006639" classname="TESTING_datachk" name="Check_TESTING_dataset"/>
    <testcase time="0.000999999999976353" classname="TESTING_datachk" name="Check_TESTING_dataset"/>
    <testcase time="0.00199999999995271" classname="TESTING_datachk" name="Check_TESTING_dataset"/>
    <testcase time="0.00200000000006639" classname="TESTING_datachk" name="Check_TESTING_dataset"/>
    <testcase time="0.00199999999995271" classname="TESTING_datachk" name="Check_TESTING_dataset"/>
    <testcase time="0.00200000000006639" classname="TESTING_datachk" name="Check_TESTING_dataset"/>
    <testcase time="0.000999999999976353" classname="TESTING_datachk" name="Check_TESTING_dataset"/>
    <testcase time="0.0819999999999936" classname="TESTING_datachk" name="Check_TESTING_dataset"/>
    <testcase time="0.00199999999995271" classname="TESTING_datachk" name="Check_TESTING_dataset"/>
    <testcase time="0.00200000000006639" classname="TESTING_datachk" name="Check_TESTING_dataset"/>
    <testcase time="0.00199999999995271" classname="TESTING_datachk" name="Check_TESTING_dataset"/>
    <testcase time="0.00199999999995271" classname="TESTING_datachk" name="Check_TESTING_dataset"/>
    <testcase time="0.00200000000006639" classname="TESTING_datachk" name="Check_TESTING_dataset"/>
    <testcase time="0.00199999999995271" classname="TESTING_datachk" name="Check_TESTING_dataset"/>
    <testcase time="0.0450000000000728" classname="TESTING_datachk" name="Check_TESTING_dataset"/>
    <testcase time="0.00199999999995271" classname="TESTING_datachk" name="Check_TESTING_dataset"/>
    <testcase time="0.00199999999995271" classname="TESTING_datachk" name="Check_TESTING_dataset"/>
    <testcase time="0.00200000000006639" classname="TESTING_datachk" name="Check_TESTING_dataset"/>
    <testcase time="0.000999999999976353" classname="TESTING_datachk" name="Check_TESTING_dataset"/>
    <testcase time="0.00200000000006639" classname="TESTING_datachk" name="Check_TESTING_dataset"/>
    <testcase time="0.00899999999990087" classname="TESTING_datachk" name="Check_TESTING_dataset"/>
    <testcase time="0.00200000000006639" classname="TESTING_datachk" name="Check_TESTING_dataset"/>
    <testcase time="0.00199999999995271" classname="TESTING_datachk" name="Check_TESTING_dataset"/>
    <testcase time="0.08299999999997" classname="TESTING_datachk" name="Check_TESTING_dataset"/>
    <testcase time="0.00200000000006639" classname="TESTING_datachk" name="Check_TESTING_dataset"/>
    <testcase time="0.00199999999995271" classname="TESTING_datachk" name="Check_TESTING_dataset"/>
    <testcase time="0.00200000000006639" classname="TESTING_datachk" name="Check_TESTING_dataset"/>
    <testcase time="0.00199999999995271" classname="TESTING_datachk" name="Check_TESTING_dataset"/>
    <testcase time="0.000999999999976353" classname="TESTING_datachk" name="Check_TESTING_dataset"/>
    <testcase time="0.00200000000006639" classname="TESTING_datachk" name="Check_TESTING_dataset"/>
    <testcase time="0.0449999999999591" classname="TESTING_datachk" name="Check_TESTING_dataset"/>
    <testcase time="0.00200000000006639" classname="TESTING_datachk" name="Check_TESTING_dataset"/>
    <testcase time="0.00199999999995271" classname="TESTING_datachk" name="Check_TESTING_dataset"/>
    <testcase time="0.00199999999995271" classname="TESTING_datachk" name="Check_TESTING_dataset"/>
    <testcase time="0.00200000000006639" classname="TESTING_datachk" name="Check_TESTING_dataset"/>
    <testcase time="0.00199999999995271" classname="TESTING_datachk" name="Check_TESTING_dataset"/>
    <testcase time="0.00200000000006639" classname="TESTING_datachk" name="Check_TESTING_dataset"/>
    <testcase time="0.00199999999995271" classname="TESTING_datachk" name="Check_TESTING_dataset"/>
    <testcase time="0.00199999999995271" classname="TESTING_datachk" name="Check_TESTING_dataset"/>
    <testcase time="0.0850000000000364" classname="TESTING_datachk" name="Check_TESTING_dataset"/>
    <testcase time="0.00200000000006639" classname="TESTING_datachk" name="Check_TESTING_dataset"/>
    <testcase time="0.00199999999995271" classname="TESTING_datachk" name="Check_TESTING_dataset"/>
    <testcase time="0.00199999999995271" classname="TESTING_datachk" name="Check_TESTING_dataset"/>
    <testcase time="0.00200000000006639" classname="TESTING_datachk" name="Check_TESTING_dataset"/>
    <testcase time="0.00199999999995271" classname="TESTING_datachk" name="Check_TESTING_dataset"/>
    <testcase time="0.00200000000006639" classname="TESTING_datachk" name="Check_TESTING_dataset"/>
    <testcase time="0.0459999999999354" classname="TESTING_datachk" name="Check_TESTING_dataset"/>
    <testcase time="0.00300000000004275" classname="TESTING_datachk" name="Check_TESTING_dataset"/>
    <testcase time="0.00799999999992451" classname="TESTING_datachk" name="Check_TESTING_dataset"/>
    <testcase time="0.00200000000006639" classname="TESTING_datachk" name="Check_TESTING_dataset"/>
    <testcase time="0.00199999999995271" classname="TESTING_datachk" name="Check_TESTING_dataset"/>
    <testcase time="0.00200000000006639" classname="TESTING_datachk" name="Check_TESTING_dataset"/>
    <testcase time="0.00199999999995271" classname="TESTING_datachk" name="Check_TESTING_dataset"/>
    <testcase time="0.00200000000006639" classname="TESTING_datachk" name="Check_TESTING_dataset"/>
    <testcase time="0.00199999999995271" classname="TESTING_datachk" name="Check_TESTING_dataset"/>
    <testcase time="0.0910000000000082" classname="TESTING_datachk" name="Check_TESTING_dataset"/>
    <testcase time="0.00199999999995271" classname="TESTING_datachk" name="Check_TESTING_dataset"/>
    <testcase time="0.00200000000006639" classname="TESTING_datachk" name="Check_TESTING_dataset"/>
    <testcase time="0.00199999999995271" classname="TESTING_datachk" name="Check_TESTING_dataset"/>
    <testcase time="0.00200000000006639" classname="TESTING_datachk" name="Check_TESTING_dataset"/>
    <testcase time="0.00199999999995271" classname="TESTING_datachk" name="Check_TESTING_dataset"/>
    <testcase time="0.00199999999995271" classname="TESTING_datachk" name="Check_TESTING_dataset"/>
    <testcase time="0.0440000000000964" classname="TESTING_datachk" name="Check_TESTING_dataset"/>
    <testcase time="0.00199999999995271" classname="TESTING_datachk" name="Check_TESTING_dataset"/>
    <testcase time="0.00199999999995271" classname="TESTING_datachk" name="Check_TESTING_dataset"/>
    <testcase time="0.00200000000006639" classname="TESTING_datachk" name="Check_TESTING_dataset"/>
    <testcase time="0.00199999999995271" classname="TESTING_datachk" name="Check_TESTING_dataset"/>
    <testcase time="0.00200000000006639" classname="TESTING_datachk" name="Check_TESTING_dataset"/>
    <testcase time="0.00199999999995271" classname="TESTING_datachk" name="Check_TESTING_dataset"/>
    <testcase time="0.00199999999995271" classname="TESTING_datachk" name="Check_TESTING_dataset"/>
    <testcase time="0.00200000000006639" classname="TESTING_datachk" name="Check_TESTING_dataset"/>
    <testcase time="0.0839999999999463" classname="TESTING_datachk" name="Check_TESTING_dataset"/>
    <testcase time="0.00200000000006639" classname="TESTING_datachk" name="Check_TESTING_dataset"/>
    <testcase time="0.00199999999995271" classname="TESTING_datachk" name="Check_TESTING_dataset"/>
    <testcase time="0.00200000000006639" classname="TESTING_datachk" name="Check_TESTING_dataset"/>
    <testcase time="0.00199999999995271" classname="TESTING_datachk" name="Check_TESTING_dataset"/>
    <testcase time="0.00199999999995271" classname="TESTING_datachk" name="Check_TESTING_dataset"/>
    <testcase time="0.00200000000006639" classname="TESTING_datachk" name="Check_TESTING_dataset"/>
    <testcase time="0.0520000000000209" classname="TESTING_datachk" name="Check_TESTING_dataset"/>
    <testcase time="0.00199999999995271" classname="TESTING_datachk" name="Check_TESTING_dataset"/>
    <testcase time="0.00300000000004275" classname="TESTING_datachk" name="Check_TESTING_dataset"/>
    <testcase time="0.00199999999995271" classname="TESTING_datachk" name="Check_TESTING_dataset"/>
    <testcase time="0.00200000000006639" classname="TESTING_datachk" name="Check_TESTING_dataset"/>
    <testcase time="0.00199999999995271" classname="TESTING_datachk" name="Check_TESTING_dataset"/>
    <testcase time="0.00199999999995271" classname="TESTING_datachk" name="Check_TESTING_dataset"/>
    <testcase time="0.00200000000006639" classname="TESTING_datachk" name="Check_TESTING_dataset"/>
    <testcase time="0.00199999999995271" classname="TESTING_datachk" name="Check_TESTING_dataset"/>
    <testcase time="0.0880000000000791" classname="TESTING_datachk" name="Check_TESTING_dataset"/>
    <testcase time="0.00299999999992906" classname="TESTING_datachk" name="Check_TESTING_dataset"/>
    <testcase time="0.00200000000006639" classname="TESTING_datachk" name="Check_TESTING_dataset"/>
    <testcase time="0.00299999999992906" classname="TESTING_datachk" name="Check_TESTING_dataset"/>
    <testcase time="0.00200000000006639" classname="TESTING_datachk" name="Check_TESTING_dataset"/>
    <testcase time="0.00199999999995271" classname="TESTING_datachk" name="Check_TESTING_dataset"/>
    <testcase time="0.00199999999995271" classname="TESTING_datachk" name="Check_TESTING_dataset"/>
    <testcase time="0.0450000000000728" classname="TESTING_datachk" name="Check_TESTING_dataset"/>
    <testcase time="0.00199999999995271" classname="TESTING_datachk" name="Check_TESTING_dataset"/>
    <testcase time="0.00300000000004275" classname="TESTING_datachk" name="Check_TESTING_dataset"/>
    <testcase time="0.00199999999995271" classname="TESTING_datachk" name="Check_TESTING_dataset"/>
    <testcase time="0.00200000000006639" classname="TESTING_datachk" name="Check_TESTING_dataset"/>
    <testcase time="0.00199999999995271" classname="TESTING_datachk" name="Check_TESTING_dataset"/>
    <testcase time="0.00199999999995271" classname="TESTING_datachk" name="Check_TESTING_dataset"/>
    <testcase time="0.00200000000006639" classname="TESTING_datachk" name="Check_TESTING_dataset"/>
    <testcase time="0.00300000000004275" classname="TESTING_datachk" name="Check_TESTING_dataset"/>
    <testcase time="0.085999999999899" classname="TESTING_datachk" name="Check_TESTING_dataset"/>
    <testcase time="0.00200000000006639" classname="TESTING_datachk" name="Check_TESTING_dataset"/>
    <testcase time="0.00199999999995271" classname="TESTING_datachk" name="Check_TESTING_dataset"/>
    <testcase time="0.00900000000001455" classname="TESTING_datachk" name="Check_TESTING_dataset"/>
    <testcase time="0.00200000000006639" classname="TESTING_datachk" name="Check_TESTING_dataset"/>
    <testcase time="0.00299999999992906" classname="TESTING_datachk" name="Check_TESTING_dataset"/>
    <testcase time="0.00200000000006639" classname="TESTING_datachk" name="Check_TESTING_dataset"/>
    <testcase time="0.0419999999999163" classname="TESTING_datachk" name="Check_TESTING_dataset"/>
    <testcase time="0.00300000000004275" classname="TESTING_datachk" name="Check_TESTING_dataset"/>
    <testcase time="0.00199999999995271" classname="TESTING_datachk" name="Check_TESTING_dataset"/>
    <testcase time="0.00200000000006639" classname="TESTING_datachk" name="Check_TESTING_dataset"/>
    <testcase time="0.00199999999995271" classname="TESTING_datachk" name="Check_TESTING_dataset"/>
    <testcase time="0.00200000000006639" classname="TESTING_datachk" name="Check_TESTING_dataset"/>
    <testcase time="0.00299999999992906" classname="TESTING_datachk" name="Check_TESTING_dataset"/>
    <testcase time="0.00200000000006639" classname="TESTING_datachk" name="Check_TESTING_dataset"/>
    <testcase time="0.00199999999995271" classname="TESTING_datachk" name="Check_TESTING_dataset"/>
    <testcase time="0.08299999999997" classname="TESTING_datachk" name="Check_TESTING_dataset"/>
    <testcase time="0.00200000000006639" classname="TESTING_datachk" name="Check_TESTING_dataset"/>
    <testcase time="0.00299999999992906" classname="TESTING_datachk" name="Check_TESTING_dataset"/>
    <testcase time="0.00200000000006639" classname="TESTING_datachk" name="Check_TESTING_dataset"/>
    <testcase time="0.00199999999995271" classname="TESTING_datachk" name="Check_TESTING_dataset"/>
    <testcase time="0.00200000000006639" classname="TESTING_datachk" name="Check_TESTING_dataset"/>
    <testcase time="0.00199999999995271" classname="TESTING_datachk" name="Check_TESTING_dataset"/>
    <testcase time="0.0460000000000491" classname="TESTING_datachk" name="Check_TESTING_dataset"/>
    <testcase time="0.00199999999995271" classname="TESTING_datachk" name="Check_TESTING_dataset"/>
    <testcase time="0.00300000000004275" classname="TESTING_datachk" name="Check_TESTING_dataset"/>
    <testcase time="0.00199999999995271" classname="TESTING_datachk" name="Check_TESTING_dataset"/>
    <testcase time="0.00199999999995271" classname="TESTING_datachk" name="Check_TESTING_dataset"/>
    <testcase time="0.00300000000004275" classname="TESTING_datachk" name="Check_TESTING_dataset"/>
    <testcase time="0.00200000000006639" classname="TESTING_datachk" name="Check_TESTING_dataset"/>
    <testcase time="0.00199999999995271" classname="TESTING_datachk" name="Check_TESTING_dataset"/>
    <testcase time="0.00199999999995271" classname="TESTING_datachk" name="Check_TESTING_dataset"/>
    <testcase time="0.0910000000000082" classname="TESTING_datachk" name="Check_TESTING_dataset"/>
    <testcase time="0.00200000000006639" classname="TESTING_datachk" name="Check_TESTING_dataset"/>
    <testcase time="0.00299999999992906" classname="TESTING_datachk" name="Check_TESTING_dataset"/>
    <testcase time="0.00200000000006639" classname="TESTING_datachk" name="Check_TESTING_dataset"/>
    <testcase time="0.00199999999995271" classname="TESTING_datachk" name="Check_TESTING_dataset"/>
    <testcase time="0.00300000000004275" classname="TESTING_datachk" name="Check_TESTING_dataset"/>
    <testcase time="0.00199999999995271" classname="TESTING_datachk" name="Check_TESTING_dataset"/>
    <testcase time="0.0470000000000255" classname="TESTING_datachk" name="Check_TESTING_dataset"/>
    <testcase time="0.00199999999995271" classname="TESTING_datachk" name="Check_TESTING_dataset"/>
    <testcase time="0.00300000000004275" classname="TESTING_datachk" name="Check_TESTING_dataset"/>
    <testcase time="0.00199999999995271" classname="TESTING_datachk" name="Check_TESTING_dataset"/>
    <testcase time="0.00300000000004275" classname="TESTING_datachk" name="Check_TESTING_dataset"/>
    <testcase time="0.00199999999995271" classname="TESTING_datachk" name="Check_TESTING_dataset"/>
    <testcase time="0.00300000000004275" classname="TESTING_datachk" name="Check_TESTING_dataset"/>
    <testcase time="0.00199999999995271" classname="TESTING_datachk" name="Check_TESTING_dataset"/>
    <testcase time="0.00200000000006639" classname="TESTING_datachk" name="Check_TESTING_dataset"/>
  </testsuite>
  <testsuite name="TESTING::datachk::shutdown" timestamp="2025-09-19T11:46:37Z" hostname="runnervmf4ws1" tests="3" skipped="0" failures="0" errors="0" time="0.051">
    <testcase time="0.0489999999999782" classname="TESTING_datachk_shutdown" name="shutdown"/>
    <testcase time="0.000999999999976353" classname="TESTING_datachk_shutdown" name="shutdown"/>
    <testcase time="0.00100000000009004" classname="TESTING_datachk_shutdown" name="shutdown"/>
  </testsuite>
  <testsuite name="TESTING::datachk::done" timestamp="2025-09-19T11:46:37Z" hostname="runnervmf4ws1" tests="0" skipped="0" failures="0" errors="0" time="0"/>
  <testsuite name="disc-ds.cor" timestamp="2025-09-19T11:46:37Z" hostname="runnervmf4ws1" tests="0" skipped="0" failures="0" errors="0" time="0"/>
  <testsuite name="ds.cor::disc::setup" timestamp="2025-09-19T11:46:37Z" hostname="runnervmf4ws1" tests="3" skipped="0" failures="0" errors="0" time="7.527">
    <testcase time="7.524" classname="ds.cor_disc_setup" name="setup"/>
    <testcase time="0.000999999999976353" classname="ds.cor_disc_setup" name="setup"/>
    <testcase time="0.00199999999995271" classname="ds.cor_disc_setup" name="setup"/>
  </testsuite>
  <testsuite name="ds.cor::disc" timestamp="2025-09-19T11:46:44Z" hostname="runnervmf4ws1" tests="21" skipped="2" failures="0" errors="0" time="2.032">
    <testcase time="1.72400000000005" classname="ds.cor_disc" name="simple_D3_setup"/>
    <testcase time="0.000999999999976353" classname="ds.cor_disc" name="simple_D3_setup"/>
    <testcase time="0.000999999999976353" classname="ds.cor_disc" name="simple_D3_setup"/>
    <testcase time="0.00200000000006639" classname="ds.cor_disc" name="simple_D3_setup"/>
    <testcase time="0.000999999999976353" classname="ds.cor_disc" name="simple_D3_setup"/>
    <testcase time="0.000999999999976353" classname="ds.cor_disc" name="simple_D3_setup"/>
    <testcase time="0.00199999999995271" classname="ds.cor_disc" name="simple_D3_setup"/>
    <testcase time="0.00100000000009004" classname="ds.cor_disc" name="simple_D3_setup"/>
    <testcase time="0.000999999999976353" classname="ds.cor_disc" name="simple_D3_setup"/>
    <testcase time="0.00199999999995271" classname="ds.cor_disc" name="simple_D3_setup"/>
    <testcase time="0.000999999999976353" classname="ds.cor_disc" name="simple_D3_setup"/>
    <testcase time="0.00100000000009004" classname="ds.cor_disc" name="simple_D3_setup"/>
    <testcase time="0.00199999999995271" classname="ds.cor_disc" name="simple_D3_setup"/>
    <testcase time="0.137000000000057" classname="ds.cor_disc" name="simple_disc_test_type_split_"/>
    <testcase time="0.000999999999976353" classname="ds.cor_disc" name="simple_disc_test_type_split_"/>
    <testcase time="0.000999999999976353" classname="ds.cor_disc" name="simple_disc_test_type_split_"/>
    <testcase time="0.00499999999999545" classname="ds.cor_disc" name="simple_disc_test_naAction_pairwise.complete_type_split_">
      <skipped message="Reason: empty test ('test-disc-ds.cor.R:59:1')"/>
    </testcase>
    <testcase time="0.142000000000053" classname="ds.cor_disc" name="simple_disc_test_type_combine_"/>
    <testcase time="0.00199999999995271" classname="ds.cor_disc" name="simple_disc_test_type_combine_"/>
    <testcase time="0.000999999999976353" classname="ds.cor_disc" name="simple_disc_test_type_combine_"/>
    <testcase time="0.00300000000004275" classname="ds.cor_disc" name="simple_disc_test_naAction_pairwise.complete_type_combine_">
      <skipped message="Reason: empty test ('test-disc-ds.cor.R:93:1')"/>
    </testcase>
  </testsuite>
  <testsuite name="ds.cor::disc::shutdown" timestamp="2025-09-19T11:46:46Z" hostname="runnervmf4ws1" tests="3" skipped="0" failures="0" errors="0" time="0.072">
    <testcase time="0.0699999999999363" classname="ds.cor_disc_shutdown" name="shutdown"/>
    <testcase time="0.00100000000009004" classname="ds.cor_disc_shutdown" name="shutdown"/>
    <testcase time="0.000999999999976353" classname="ds.cor_disc_shutdown" name="shutdown"/>
  </testsuite>
  <testsuite name="ds.cor::disc::done" timestamp="2025-09-19T11:46:47Z" hostname="runnervmf4ws1" tests="0" skipped="0" failures="0" errors="0" time="0"/>
  <testsuite name="disc-ds.cov" timestamp="2025-09-19T11:46:47Z" hostname="runnervmf4ws1" tests="0" skipped="0" failures="0" errors="0" time="0"/>
  <testsuite name="ds.cov::disc::setup" timestamp="2025-09-19T11:46:47Z" hostname="runnervmf4ws1" tests="3" skipped="0" failures="0" errors="0" time="7.587">
    <testcase time="7.58499999999992" classname="ds.cov_disc_setup" name="setup"/>
    <testcase time="0.00100000000009004" classname="ds.cov_disc_setup" name="setup"/>
    <testcase time="0.000999999999976353" classname="ds.cov_disc_setup" name="setup"/>
  </testsuite>
  <testsuite name="ds.cov::disc" timestamp="2025-09-19T11:46:54Z" hostname="runnervmf4ws1" tests="33" skipped="2" failures="0" errors="0" time="1.874">
    <testcase time="1.59199999999998" classname="ds.cov_disc" name="simple_D3_setup"/>
    <testcase time="0.000999999999976353" classname="ds.cov_disc" name="simple_D3_setup"/>
    <testcase time="0.000999999999976353" classname="ds.cov_disc" name="simple_D3_setup"/>
    <testcase time="0.00200000000006639" classname="ds.cov_disc" name="simple_D3_setup"/>
    <testcase time="0.000999999999976353" classname="ds.cov_disc" name="simple_D3_setup"/>
    <testcase time="0.000999999999976353" classname="ds.cov_disc" name="simple_D3_setup"/>
    <testcase time="0.00200000000006639" classname="ds.cov_disc" name="simple_D3_setup"/>
    <testcase time="0.000999999999976353" classname="ds.cov_disc" name="simple_D3_setup"/>
    <testcase time="0.000999999999976353" classname="ds.cov_disc" name="simple_D3_setup"/>
    <testcase time="0.000999999999976353" classname="ds.cov_disc" name="simple_D3_setup"/>
    <testcase time="0.00100000000009004" classname="ds.cov_disc" name="simple_D3_setup"/>
    <testcase time="0.00199999999995271" classname="ds.cov_disc" name="simple_D3_setup"/>
    <testcase time="0.000999999999976353" classname="ds.cov_disc" name="simple_D3_setup"/>
    <testcase time="0.115999999999985" classname="ds.cov_disc" name="simple_disc_test_naAction_casewise.complete_type_split_"/>
    <testcase time="0.00200000000006639" classname="ds.cov_disc" name="simple_disc_test_naAction_casewise.complete_type_split_"/>
    <testcase time="0.000999999999976353" classname="ds.cov_disc" name="simple_disc_test_naAction_casewise.complete_type_split_"/>
    <testcase time="0.00300000000004275" classname="ds.cov_disc" name="simple_disc_test_naAction_casewise.complete_type_split_"/>
    <testcase time="0.000999999999976353" classname="ds.cov_disc" name="simple_disc_test_naAction_casewise.complete_type_split_"/>
    <testcase time="0.000999999999976353" classname="ds.cov_disc" name="simple_disc_test_naAction_casewise.complete_type_split_"/>
    <testcase time="0.00199999999995271" classname="ds.cov_disc" name="simple_disc_test_naAction_casewise.complete_type_split_"/>
    <testcase time="0.00100000000009004" classname="ds.cov_disc" name="simple_disc_test_naAction_casewise.complete_type_split_"/>
    <testcase time="0.000999999999976353" classname="ds.cov_disc" name="simple_disc_test_naAction_casewise.complete_type_split_"/>
    <testcase time="0.00299999999992906" classname="ds.cov_disc" name="simple_disc_test_naAction_casewise.complete_type_split_"/>
    <testcase time="0.00300000000004275" classname="ds.cov_disc" name="simple_disc_test_naAction_pairwise.complete_type_split_">
      <skipped message="Reason: empty test ('test-disc-ds.cov.R:64:1')"/>
    </testcase>
    <testcase time="0.116999999999962" classname="ds.cov_disc" name="simple_disc_test_naAction_casewise.complete_type_combine_"/>
    <testcase time="0.00200000000006639" classname="ds.cov_disc" name="simple_disc_test_naAction_casewise.complete_type_combine_"/>
    <testcase time="0.000999999999976353" classname="ds.cov_disc" name="simple_disc_test_naAction_casewise.complete_type_combine_"/>
    <testcase time="0.00300000000004275" classname="ds.cov_disc" name="simple_disc_test_naAction_casewise.complete_type_combine_"/>
    <testcase time="0.000999999999976353" classname="ds.cov_disc" name="simple_disc_test_naAction_casewise.complete_type_combine_"/>
    <testcase time="0.00199999999995271" classname="ds.cov_disc" name="simple_disc_test_naAction_casewise.complete_type_combine_"/>
    <testcase time="0.000999999999976353" classname="ds.cov_disc" name="simple_disc_test_naAction_casewise.complete_type_combine_"/>
    <testcase time="0.00300000000004275" classname="ds.cov_disc" name="simple_disc_test_naAction_casewise.complete_type_combine_"/>
    <testcase time="0.00300000000004275" classname="ds.cov_disc" name="simple_disc_test_naAction_pairwise.complete_type_combine_">
      <skipped message="Reason: empty test ('test-disc-ds.cov.R:92:1')"/>
    </testcase>
  </testsuite>
  <testsuite name="ds.cov::disc::shutdown" timestamp="2025-09-19T11:46:56Z" hostname="runnervmf4ws1" tests="3" skipped="0" failures="0" errors="0" time="0.06">
    <testcase time="0.0570000000000164" classname="ds.cov_disc_shutdown" name="shutdown"/>
    <testcase time="0.00199999999995271" classname="ds.cov_disc_shutdown" name="shutdown"/>
    <testcase time="0.000999999999976353" classname="ds.cov_disc_shutdown" name="shutdown"/>
  </testsuite>
  <testsuite name="ds.cov::disc::done" timestamp="2025-09-19T11:46:56Z" hostname="runnervmf4ws1" tests="0" skipped="0" failures="0" errors="0" time="0"/>
  <testsuite name="disc-ds.levels" timestamp="2025-09-19T11:46:56Z" hostname="runnervmf4ws1" tests="0" skipped="0" failures="0" errors="0" time="0"/>
  <testsuite name="ds.levels::disc::setup" timestamp="2025-09-19T11:46:56Z" hostname="runnervmf4ws1" tests="3" skipped="0" failures="0" errors="0" time="7.452">
    <testcase time="7.45000000000005" classname="ds.levels_disc_setup" name="setup"/>
    <testcase time="0.000999999999976353" classname="ds.levels_disc_setup" name="setup"/>
    <testcase time="0.000999999999976353" classname="ds.levels_disc_setup" name="setup"/>
  </testsuite>
  <testsuite name="ds.levels::disc" timestamp="2025-09-19T11:47:03Z" hostname="runnervmf4ws1" tests="1" skipped="1" failures="0" errors="0" time="0.006">
    <testcase time="0.00599999999997181" classname="ds.levels_disc" name="simple_levels">
      <skipped message="Reason: empty test ('test-disc-ds.levels.R:27:1')"/>
    </testcase>
  </testsuite>
  <testsuite name="ds.levels::disc::shutdown" timestamp="2025-09-19T11:47:03Z" hostname="runnervmf4ws1" tests="3" skipped="0" failures="0" errors="0" time="0.057">
    <testcase time="0.0540000000000873" classname="ds.levels_disc_shutdown" name="shutdown"/>
    <testcase time="0.00199999999995271" classname="ds.levels_disc_shutdown" name="shutdown"/>
    <testcase time="0.000999999999976353" classname="ds.levels_disc_shutdown" name="shutdown"/>
  </testsuite>
  <testsuite name="ds.levels::disc::done" timestamp="2025-09-19T11:47:04Z" hostname="runnervmf4ws1" tests="0" skipped="0" failures="0" errors="0" time="0"/>
  <testsuite name="disc-ds.mean" timestamp="2025-09-19T11:47:04Z" hostname="runnervmf4ws1" tests="0" skipped="0" failures="0" errors="0" time="0"/>
  <testsuite name="ds.mean::disc::type=both" timestamp="2025-09-19T11:47:11Z" hostname="runnervmf4ws1" tests="1" skipped="1" failures="0" errors="0" time="7.45">
    <testcase time="7.45000000000005" classname="ds.mean_disc_type_both" name="mean_values_both_">
      <skipped message="Reason: empty test ('test-disc-ds.mean.R:22:1')"/>
    </testcase>
  </testsuite>
  <testsuite name="disc-ds.meanByClass" timestamp="2025-09-19T11:47:11Z" hostname="runnervmf4ws1" tests="0" skipped="0" failures="0" errors="0" time="0"/>
  <testsuite name="ds.meanByClass::disc::setup" timestamp="2025-09-19T11:47:11Z" hostname="runnervmf4ws1" tests="0" skipped="0" failures="0" errors="0" time="0"/>
  <testsuite name="ds.meanByClass::disc::test errors" timestamp="2025-09-19T11:47:18Z" hostname="runnervmf4ws1" tests="1" skipped="1" failures="0" errors="0" time="7.491">
    <testcase time="7.49099999999999" classname="ds.meanByClass_disc_test_errors" name="meanByClass_erros">
      <skipped message="Reason: empty test ('test-disc-ds.meanByClass.R:24:1')"/>
    </testcase>
  </testsuite>
  <testsuite name="ds.meanByClass::disc::teardown" timestamp="2025-09-19T11:47:18Z" hostname="runnervmf4ws1" tests="0" skipped="0" failures="0" errors="0" time="0"/>
  <testsuite name="ds.meanByClass::disc::done" timestamp="2025-09-19T11:47:19Z" hostname="runnervmf4ws1" tests="0" skipped="0" failures="0" errors="0" time="0"/>
  <testsuite name="disc-ds.sample" timestamp="2025-09-19T11:47:19Z" hostname="runnervmf4ws1" tests="0" skipped="0" failures="0" errors="0" time="0"/>
  <testsuite name="ds.sample::disc::setup" timestamp="2025-09-19T11:47:19Z" hostname="runnervmf4ws1" tests="0" skipped="0" failures="0" errors="0" time="0"/>
  <testsuite name="ds.sample::disc::test disclosure" timestamp="2025-09-19T11:47:26Z" hostname="runnervmf4ws1" tests="22" skipped="0" failures="0" errors="0" time="8.338">
    <testcase time="7.61599999999999" classname="ds.sample_disc_test_disclosure" name="cov_erros"/>
    <testcase time="0.00200000000006639" classname="ds.sample_disc_test_disclosure" name="cov_erros"/>
    <testcase time="0.000999999999976353" classname="ds.sample_disc_test_disclosure" name="cov_erros"/>
    <testcase time="0.000999999999976353" classname="ds.sample_disc_test_disclosure" name="cov_erros"/>
    <testcase time="0.00199999999995271" classname="ds.sample_disc_test_disclosure" name="cov_erros"/>
    <testcase time="0.124000000000024" classname="ds.sample_disc_test_disclosure" name="cov_erros"/>
    <testcase time="0.000999999999976353" classname="ds.sample_disc_test_disclosure" name="cov_erros"/>
    <testcase time="0.00100000000009004" classname="ds.sample_disc_test_disclosure" name="cov_erros"/>
    <testcase time="0.00199999999995271" classname="ds.sample_disc_test_disclosure" name="cov_erros"/>
    <testcase time="0.000999999999976353" classname="ds.sample_disc_test_disclosure" name="cov_erros"/>
    <testcase time="0.115999999999985" classname="ds.sample_disc_test_disclosure" name="cov_erros"/>
    <testcase time="0.00100000000009004" classname="ds.sample_disc_test_disclosure" name="cov_erros"/>
    <testcase time="0.000999999999976353" classname="ds.sample_disc_test_disclosure" name="cov_erros"/>
    <testcase time="0.00199999999995271" classname="ds.sample_disc_test_disclosure" name="cov_erros"/>
    <testcase time="0.000999999999976353" classname="ds.sample_disc_test_disclosure" name="cov_erros"/>
    <testcase time="0.205000000000041" classname="ds.sample_disc_test_disclosure" name="cov_erros"/>
    <testcase time="0.000999999999976353" classname="ds.sample_disc_test_disclosure" name="cov_erros"/>
    <testcase time="0.00200000000006639" classname="ds.sample_disc_test_disclosure" name="cov_erros"/>
    <testcase time="0.253999999999905" classname="ds.sample_disc_test_disclosure" name="cov_erros"/>
    <testcase time="0.00200000000006639" classname="ds.sample_disc_test_disclosure" name="cov_erros"/>
    <testcase time="0.000999999999976353" classname="ds.sample_disc_test_disclosure" name="cov_erros"/>
    <testcase time="0.000999999999976353" classname="ds.sample_disc_test_disclosure" name="cov_erros"/>
  </testsuite>
  <testsuite name="ds.sample::disc::shutdown" timestamp="2025-09-19T11:47:27Z" hostname="runnervmf4ws1" tests="0" skipped="0" failures="0" errors="0" time="0"/>
  <testsuite name="ds.sample::disc::done" timestamp="2025-09-19T11:47:27Z" hostname="runnervmf4ws1" tests="0" skipped="0" failures="0" errors="0" time="0"/>
  <testsuite name="disc-ds.table" timestamp="2025-09-19T11:47:27Z" hostname="runnervmf4ws1" tests="0" skipped="0" failures="0" errors="0" time="0"/>
  <testsuite name="ds.table::disc::setup::phase 1" timestamp="2025-09-19T11:47:27Z" hostname="runnervmf4ws1" tests="3" skipped="0" failures="0" errors="0" time="7.836">
    <testcase time="7.83400000000006" classname="ds.table_disc_setup_phase_1" name="setup"/>
    <testcase time="0.000999999999976353" classname="ds.table_disc_setup_phase_1" name="setup"/>
    <testcase time="0.000999999999976353" classname="ds.table_disc_setup_phase_1" name="setup"/>
  </testsuite>
  <testsuite name="ds.table::disc::tests::phase 1::table.assign=FALSE" timestamp="2025-09-19T11:47:34Z" hostname="runnervmf4ws1" tests="7" skipped="0" failures="0" errors="0" time="0.733">
    <testcase time="0.726000000000113" classname="ds.table_disc_tests_phase_1_table.assign_FALSE" name="table_disclosure_table.assign_FALSE"/>
    <testcase time="0.000999999999976353" classname="ds.table_disc_tests_phase_1_table.assign_FALSE" name="table_disclosure_table.assign_FALSE"/>
    <testcase time="0.000999999999976353" classname="ds.table_disc_tests_phase_1_table.assign_FALSE" name="table_disclosure_table.assign_FALSE"/>
    <testcase time="0.00199999999995271" classname="ds.table_disc_tests_phase_1_table.assign_FALSE" name="table_disclosure_table.assign_FALSE"/>
    <testcase time="0.000999999999976353" classname="ds.table_disc_tests_phase_1_table.assign_FALSE" name="table_disclosure_table.assign_FALSE"/>
    <testcase time="0.000999999999976353" classname="ds.table_disc_tests_phase_1_table.assign_FALSE" name="table_disclosure_table.assign_FALSE"/>
    <testcase time="0.000999999999976353" classname="ds.table_disc_tests_phase_1_table.assign_FALSE" name="table_disclosure_table.assign_FALSE"/>
  </testsuite>
  <testsuite name="ds.table::disc::tests::phase 1::table.assign=TRUE" timestamp="2025-09-19T11:47:35Z" hostname="runnervmf4ws1" tests="1" skipped="0" failures="0" errors="0" time="0.821">
    <testcase time="0.82100000000014" classname="ds.table_disc_tests_phase_1_table.assign_TRUE" name="table_disclosure_table.assign_TRUE"/>
  </testsuite>
  <testsuite name="ds.table::disc::test rvar is big numeric" timestamp="2025-09-19T11:47:36Z" hostname="runnervmf4ws1" tests="5" skipped="0" failures="0" errors="0" time="0.122">
    <testcase time="0.116999999999962" classname="ds.table_disc_test_rvar_is_big_numeric" name="table_rvar_is_big_numeric"/>
    <testcase time="0.000999999999976353" classname="ds.table_disc_test_rvar_is_big_numeric" name="table_rvar_is_big_numeric"/>
    <testcase time="0.00199999999995271" classname="ds.table_disc_test_rvar_is_big_numeric" name="table_rvar_is_big_numeric"/>
    <testcase time="0.000999999999976353" classname="ds.table_disc_test_rvar_is_big_numeric" name="table_rvar_is_big_numeric"/>
    <testcase time="0.00100000000020373" classname="ds.table_disc_test_rvar_is_big_numeric" name="table_rvar_is_big_numeric"/>
  </testsuite>
  <testsuite name="ds.table::disc::shutdown::phase 1" timestamp="2025-09-19T11:47:36Z" hostname="runnervmf4ws1" tests="3" skipped="0" failures="0" errors="0" time="0.055">
    <testcase time="0.0529999999998836" classname="ds.table_disc_shutdown_phase_1" name="setup"/>
    <testcase time="0.000999999999976353" classname="ds.table_disc_shutdown_phase_1" name="setup"/>
    <testcase time="0.000999999999976353" classname="ds.table_disc_shutdown_phase_1" name="setup"/>
  </testsuite>
  <testsuite name="ds.table::disc::setup::phase 2" timestamp="2025-09-19T11:47:36Z" hostname="runnervmf4ws1" tests="3" skipped="0" failures="0" errors="0" time="7.537">
    <testcase time="7.53400000000011" classname="ds.table_disc_setup_phase_2" name="setup"/>
    <testcase time="0.000999999999976353" classname="ds.table_disc_setup_phase_2" name="setup"/>
    <testcase time="0.00199999999995271" classname="ds.table_disc_setup_phase_2" name="setup"/>
  </testsuite>
  <testsuite name="ds.table::disc::tests::phase 2::table.assign=FALSE" timestamp="2025-09-19T11:47:44Z" hostname="runnervmf4ws1" tests="7" skipped="0" failures="0" errors="0" time="0.229">
    <testcase time="0.222999999999956" classname="ds.table_disc_tests_phase_2_table.assign_FALSE" name="table_disclosure_table.assign_FALSE"/>
    <testcase time="0.000999999999976353" classname="ds.table_disc_tests_phase_2_table.assign_FALSE" name="table_disclosure_table.assign_FALSE"/>
    <testcase time="0.000999999999976353" classname="ds.table_disc_tests_phase_2_table.assign_FALSE" name="table_disclosure_table.assign_FALSE"/>
    <testcase time="0.00100000000020373" classname="ds.table_disc_tests_phase_2_table.assign_FALSE" name="table_disclosure_table.assign_FALSE"/>
    <testcase time="0.000999999999976353" classname="ds.table_disc_tests_phase_2_table.assign_FALSE" name="table_disclosure_table.assign_FALSE"/>
    <testcase time="0.000999999999976353" classname="ds.table_disc_tests_phase_2_table.assign_FALSE" name="table_disclosure_table.assign_FALSE"/>
    <testcase time="0.000999999999976353" classname="ds.table_disc_tests_phase_2_table.assign_FALSE" name="table_disclosure_table.assign_FALSE"/>
  </testsuite>
  <testsuite name="ds.table::disc::tests::phase 2::table.assign=TRUE" timestamp="2025-09-19T11:47:44Z" hostname="runnervmf4ws1" tests="1" skipped="0" failures="0" errors="0" time="0.273">
    <testcase time="0.272999999999911" classname="ds.table_disc_tests_phase_2_table.assign_TRUE" name="table_disclosure_table.assign_TRUE"/>
  </testsuite>
  <testsuite name="ds.table::disc::shutdown::phase 2" timestamp="2025-09-19T11:47:44Z" hostname="runnervmf4ws1" tests="3" skipped="0" failures="0" errors="0" time="0.059">
    <testcase time="0.05600000000004" classname="ds.table_disc_shutdown_phase_2" name="setup"/>
    <testcase time="0.00199999999995271" classname="ds.table_disc_shutdown_phase_2" name="setup"/>
    <testcase time="0.00100000000020373" classname="ds.table_disc_shutdown_phase_2" name="setup"/>
  </testsuite>
  <testsuite name="ds.table::disc::done" timestamp="2025-09-19T11:47:45Z" hostname="runnervmf4ws1" tests="0" skipped="0" failures="0" errors="0" time="0"/>
  <testsuite name="disc-ds.var" timestamp="2025-09-19T11:47:45Z" hostname="runnervmf4ws1" tests="0" skipped="0" failures="0" errors="0" time="0"/>
  <testsuite name="ds.var::disc::type=both" timestamp="2025-09-19T11:47:52Z" hostname="runnervmf4ws1" tests="1" skipped="1" failures="0" errors="0" time="7.455">
    <testcase time="7.45499999999993" classname="ds.var_disc_type_both" name="var_values_both_">
      <skipped message="Reason: empty test ('test-disc-ds.var.R:22:1')"/>
    </testcase>
  </testsuite>
  <testsuite name="expt-ds.dataFrame" timestamp="2025-09-19T11:47:52Z" hostname="runnervmf4ws1" tests="0" skipped="0" failures="0" errors="0" time="0"/>
  <testsuite name="ds.dataFrame::expt::setup" timestamp="2025-09-19T11:47:52Z" hostname="runnervmf4ws1" tests="0" skipped="0" failures="0" errors="0" time="0"/>
  <testsuite name="ds.dataFrame::expt::one_column::single" timestamp="2025-09-19T11:47:52Z" hostname="runnervmf4ws1" tests="24" skipped="0" failures="0" errors="0" time="4.666">
    <testcase time="3.57400000000007" classname="ds.dataFrame_expt_one_column_single" name="numeric_data"/>
    <testcase time="0.00199999999995271" classname="ds.dataFrame_expt_one_column_single" name="numeric_data"/>
    <testcase time="0.000999999999976353" classname="ds.dataFrame_expt_one_column_single" name="numeric_data"/>
    <testcase time="0.149999999999864" classname="ds.dataFrame_expt_one_column_single" name="numeric_data"/>
    <testcase time="0.00200000000018008" classname="ds.dataFrame_expt_one_column_single" name="numeric_data"/>
    <testcase time="0.000999999999976353" classname="ds.dataFrame_expt_one_column_single" name="numeric_data"/>
    <testcase time="0.148999999999887" classname="ds.dataFrame_expt_one_column_single" name="numeric_data"/>
    <testcase time="0.00199999999995271" classname="ds.dataFrame_expt_one_column_single" name="numeric_data"/>
    <testcase time="0.00200000000018008" classname="ds.dataFrame_expt_one_column_single" name="numeric_data"/>
    <testcase time="0.15300000000002" classname="ds.dataFrame_expt_one_column_single" name="numeric_data"/>
    <testcase time="0.00299999999992906" classname="ds.dataFrame_expt_one_column_single" name="numeric_data"/>
    <testcase time="0.000999999999976353" classname="ds.dataFrame_expt_one_column_single" name="numeric_data"/>
    <testcase time="0.162000000000035" classname="ds.dataFrame_expt_one_column_single" name="numeric_data"/>
    <testcase time="0.00299999999992906" classname="ds.dataFrame_expt_one_column_single" name="numeric_data"/>
    <testcase time="0.000999999999976353" classname="ds.dataFrame_expt_one_column_single" name="numeric_data"/>
    <testcase time="0.144999999999982" classname="ds.dataFrame_expt_one_column_single" name="numeric_data"/>
    <testcase time="0.00200000000018008" classname="ds.dataFrame_expt_one_column_single" name="numeric_data"/>
    <testcase time="0.00199999999995271" classname="ds.dataFrame_expt_one_column_single" name="numeric_data"/>
    <testcase time="0.153999999999996" classname="ds.dataFrame_expt_one_column_single" name="numeric_data"/>
    <testcase time="0.00299999999992906" classname="ds.dataFrame_expt_one_column_single" name="numeric_data"/>
    <testcase time="0.000999999999976353" classname="ds.dataFrame_expt_one_column_single" name="numeric_data"/>
    <testcase time="0.148000000000138" classname="ds.dataFrame_expt_one_column_single" name="numeric_data"/>
    <testcase time="0.00299999999992906" classname="ds.dataFrame_expt_one_column_single" name="numeric_data"/>
    <testcase time="0.00199999999995271" classname="ds.dataFrame_expt_one_column_single" name="numeric_data"/>
  </testsuite>
  <testsuite name="ds.dataFrame::expt::several_columns::single" timestamp="2025-09-19T11:47:56Z" hostname="runnervmf4ws1" tests="12" skipped="0" failures="0" errors="0" time="3.505">
    <testcase time="3.29199999999992" classname="ds.dataFrame_expt_several_columns_single" name="numeric_data"/>
    <testcase time="0.00300000000015643" classname="ds.dataFrame_expt_several_columns_single" name="numeric_data"/>
    <testcase time="0.000999999999976353" classname="ds.dataFrame_expt_several_columns_single" name="numeric_data"/>
    <testcase time="0.000999999999976353" classname="ds.dataFrame_expt_several_columns_single" name="numeric_data"/>
    <testcase time="0.000999999999976353" classname="ds.dataFrame_expt_several_columns_single" name="numeric_data"/>
    <testcase time="0.000999999999976353" classname="ds.dataFrame_expt_several_columns_single" name="numeric_data"/>
    <testcase time="0.198000000000093" classname="ds.dataFrame_expt_several_columns_single" name="numeric_data"/>
    <testcase time="0.00299999999992906" classname="ds.dataFrame_expt_several_columns_single" name="numeric_data"/>
    <testcase time="0.000999999999976353" classname="ds.dataFrame_expt_several_columns_single" name="numeric_data"/>
    <testcase time="0.000999999999976353" classname="ds.dataFrame_expt_several_columns_single" name="numeric_data"/>
    <testcase time="0.00200000000018008" classname="ds.dataFrame_expt_several_columns_single" name="numeric_data"/>
    <testcase time="0.000999999999976353" classname="ds.dataFrame_expt_several_columns_single" name="numeric_data"/>
  </testsuite>
  <testsuite name="ds.dataFrame::expt::one_column::multiple" timestamp="2025-09-19T11:48:00Z" hostname="runnervmf4ws1" tests="40" skipped="0" failures="0" errors="0" time="11.041">
    <testcase time="7.9079999999999" classname="ds.dataFrame_expt_one_column_multiple" name="numeric_data"/>
    <testcase time="0.00299999999992906" classname="ds.dataFrame_expt_one_column_multiple" name="numeric_data"/>
    <testcase time="0.00200000000018008" classname="ds.dataFrame_expt_one_column_multiple" name="numeric_data"/>
    <testcase time="0.00299999999992906" classname="ds.dataFrame_expt_one_column_multiple" name="numeric_data"/>
    <testcase time="0.000999999999976353" classname="ds.dataFrame_expt_one_column_multiple" name="numeric_data"/>
    <testcase time="0.491999999999962" classname="ds.dataFrame_expt_one_column_multiple" name="numeric_data"/>
    <testcase time="0.00299999999992906" classname="ds.dataFrame_expt_one_column_multiple" name="numeric_data"/>
    <testcase time="0.00200000000018008" classname="ds.dataFrame_expt_one_column_multiple" name="numeric_data"/>
    <testcase time="0.00299999999992906" classname="ds.dataFrame_expt_one_column_multiple" name="numeric_data"/>
    <testcase time="0.000999999999976353" classname="ds.dataFrame_expt_one_column_multiple" name="numeric_data"/>
    <testcase time="0.425999999999931" classname="ds.dataFrame_expt_one_column_multiple" name="numeric_data"/>
    <testcase time="0.00300000000015643" classname="ds.dataFrame_expt_one_column_multiple" name="numeric_data"/>
    <testcase time="0.00299999999992906" classname="ds.dataFrame_expt_one_column_multiple" name="numeric_data"/>
    <testcase time="0.00199999999995271" classname="ds.dataFrame_expt_one_column_multiple" name="numeric_data"/>
    <testcase time="0.00199999999995271" classname="ds.dataFrame_expt_one_column_multiple" name="numeric_data"/>
    <testcase time="0.415000000000191" classname="ds.dataFrame_expt_one_column_multiple" name="numeric_data"/>
    <testcase time="0.00299999999992906" classname="ds.dataFrame_expt_one_column_multiple" name="numeric_data"/>
    <testcase time="0.00199999999995271" classname="ds.dataFrame_expt_one_column_multiple" name="numeric_data"/>
    <testcase time="0.00299999999992906" classname="ds.dataFrame_expt_one_column_multiple" name="numeric_data"/>
    <testcase time="0.00100000000020373" classname="ds.dataFrame_expt_one_column_multiple" name="numeric_data"/>
    <testcase time="0.416999999999916" classname="ds.dataFrame_expt_one_column_multiple" name="numeric_data"/>
    <testcase time="0.00299999999992906" classname="ds.dataFrame_expt_one_column_multiple" name="numeric_data"/>
    <testcase time="0.00199999999995271" classname="ds.dataFrame_expt_one_column_multiple" name="numeric_data"/>
    <testcase time="0.00300000000015643" classname="ds.dataFrame_expt_one_column_multiple" name="numeric_data"/>
    <testcase time="0.000999999999976353" classname="ds.dataFrame_expt_one_column_multiple" name="numeric_data"/>
    <testcase time="0.426999999999907" classname="ds.dataFrame_expt_one_column_multiple" name="numeric_data"/>
    <testcase time="0.00300000000015643" classname="ds.dataFrame_expt_one_column_multiple" name="numeric_data"/>
    <testcase time="0.00199999999995271" classname="ds.dataFrame_expt_one_column_multiple" name="numeric_data"/>
    <testcase time="0.00299999999992906" classname="ds.dataFrame_expt_one_column_multiple" name="numeric_data"/>
    <testcase time="0.000999999999976353" classname="ds.dataFrame_expt_one_column_multiple" name="numeric_data"/>
    <testcase time="0.413999999999987" classname="ds.dataFrame_expt_one_column_multiple" name="numeric_data"/>
    <testcase time="0.00300000000015643" classname="ds.dataFrame_expt_one_column_multiple" name="numeric_data"/>
    <testcase time="0.00199999999995271" classname="ds.dataFrame_expt_one_column_multiple" name="numeric_data"/>
    <testcase time="0.00299999999992906" classname="ds.dataFrame_expt_one_column_multiple" name="numeric_data"/>
    <testcase time="0.000999999999976353" classname="ds.dataFrame_expt_one_column_multiple" name="numeric_data"/>
    <testcase time="0.468000000000075" classname="ds.dataFrame_expt_one_column_multiple" name="numeric_data"/>
    <testcase time="0.00299999999992906" classname="ds.dataFrame_expt_one_column_multiple" name="numeric_data"/>
    <testcase time="0.00299999999992906" classname="ds.dataFrame_expt_one_column_multiple" name="numeric_data"/>
    <testcase time="0.00300000000015643" classname="ds.dataFrame_expt_one_column_multiple" name="numeric_data"/>
    <testcase time="0.000999999999976353" classname="ds.dataFrame_expt_one_column_multiple" name="numeric_data"/>
  </testsuite>
  <testsuite name="ds.dataFrame::expt::several_columns::single" timestamp="2025-09-19T11:48:11Z" hostname="runnervmf4ws1" tests="16" skipped="0" failures="0" errors="0" time="8.667">
    <testcase time="8.096" classname="ds.dataFrame_expt_several_columns_single" name="numeric_data"/>
    <testcase time="0.00299999999992906" classname="ds.dataFrame_expt_several_columns_single" name="numeric_data"/>
    <testcase time="0.00199999999995271" classname="ds.dataFrame_expt_several_columns_single" name="numeric_data"/>
    <testcase time="0.00300000000015643" classname="ds.dataFrame_expt_several_columns_single" name="numeric_data"/>
    <testcase time="0.000999999999976353" classname="ds.dataFrame_expt_several_columns_single" name="numeric_data"/>
    <testcase time="0.00199999999995271" classname="ds.dataFrame_expt_several_columns_single" name="numeric_data"/>
    <testcase time="0.000999999999976353" classname="ds.dataFrame_expt_several_columns_single" name="numeric_data"/>
    <testcase time="0.000999999999976353" classname="ds.dataFrame_expt_several_columns_single" name="numeric_data"/>
    <testcase time="0.545000000000073" classname="ds.dataFrame_expt_several_columns_single" name="numeric_data"/>
    <testcase time="0.00299999999992906" classname="ds.dataFrame_expt_several_columns_single" name="numeric_data"/>
    <testcase time="0.00199999999995271" classname="ds.dataFrame_expt_several_columns_single" name="numeric_data"/>
    <testcase time="0.00300000000015643" classname="ds.dataFrame_expt_several_columns_single" name="numeric_data"/>
    <testcase time="0.000999999999976353" classname="ds.dataFrame_expt_several_columns_single" name="numeric_data"/>
    <testcase time="0.00199999999995271" classname="ds.dataFrame_expt_several_columns_single" name="numeric_data"/>
    <testcase time="0.000999999999976353" classname="ds.dataFrame_expt_several_columns_single" name="numeric_data"/>
    <testcase time="0.000999999999976353" classname="ds.dataFrame_expt_several_columns_single" name="numeric_data"/>
  </testsuite>
  <testsuite name="ds.dataFrame::expt::one_column_from_objects::single" timestamp="2025-09-19T11:48:20Z" hostname="runnervmf4ws1" tests="16" skipped="0" failures="0" errors="0" time="4.418">
    <testcase time="3.2650000000001" classname="ds.dataFrame_expt_one_column_from_objects_single" name="numeric_data"/>
    <testcase time="0.00299999999992906" classname="ds.dataFrame_expt_one_column_from_objects_single" name="numeric_data"/>
    <testcase time="0.158000000000129" classname="ds.dataFrame_expt_one_column_from_objects_single" name="numeric_data"/>
    <testcase time="0.00199999999995271" classname="ds.dataFrame_expt_one_column_from_objects_single" name="numeric_data"/>
    <testcase time="0.157999999999902" classname="ds.dataFrame_expt_one_column_from_objects_single" name="numeric_data"/>
    <testcase time="0.00300000000015643" classname="ds.dataFrame_expt_one_column_from_objects_single" name="numeric_data"/>
    <testcase time="0.179999999999836" classname="ds.dataFrame_expt_one_column_from_objects_single" name="numeric_data"/>
    <testcase time="0.00300000000015643" classname="ds.dataFrame_expt_one_column_from_objects_single" name="numeric_data"/>
    <testcase time="0.166999999999916" classname="ds.dataFrame_expt_one_column_from_objects_single" name="numeric_data"/>
    <testcase time="0.00299999999992906" classname="ds.dataFrame_expt_one_column_from_objects_single" name="numeric_data"/>
    <testcase time="0.151000000000067" classname="ds.dataFrame_expt_one_column_from_objects_single" name="numeric_data"/>
    <testcase time="0.00199999999995271" classname="ds.dataFrame_expt_one_column_from_objects_single" name="numeric_data"/>
    <testcase time="0.162000000000035" classname="ds.dataFrame_expt_one_column_from_objects_single" name="numeric_data"/>
    <testcase time="0.00399999999990541" classname="ds.dataFrame_expt_one_column_from_objects_single" name="numeric_data"/>
    <testcase time="0.153999999999996" classname="ds.dataFrame_expt_one_column_from_objects_single" name="numeric_data"/>
    <testcase time="0.00300000000015643" classname="ds.dataFrame_expt_one_column_from_objects_single" name="numeric_data"/>
  </testsuite>
  <testsuite name="ds.dataFrame::expt::object::multiple" timestamp="2025-09-19T11:48:24Z" hostname="runnervmf4ws1" tests="32" skipped="0" failures="0" errors="0" time="11.309">
    <testcase time="7.96799999999985" classname="ds.dataFrame_expt_object_multiple" name="numeric_data"/>
    <testcase time="0.00300000000015643" classname="ds.dataFrame_expt_object_multiple" name="numeric_data"/>
    <testcase time="0.00199999999995271" classname="ds.dataFrame_expt_object_multiple" name="numeric_data"/>
    <testcase time="0.00299999999992906" classname="ds.dataFrame_expt_object_multiple" name="numeric_data"/>
    <testcase time="0.497000000000071" classname="ds.dataFrame_expt_object_multiple" name="numeric_data"/>
    <testcase time="0.00199999999995271" classname="ds.dataFrame_expt_object_multiple" name="numeric_data"/>
    <testcase time="0.00299999999992906" classname="ds.dataFrame_expt_object_multiple" name="numeric_data"/>
    <testcase time="0.00200000000018008" classname="ds.dataFrame_expt_object_multiple" name="numeric_data"/>
    <testcase time="0.465999999999894" classname="ds.dataFrame_expt_object_multiple" name="numeric_data"/>
    <testcase time="0.00299999999992906" classname="ds.dataFrame_expt_object_multiple" name="numeric_data"/>
    <testcase time="0.00200000000018008" classname="ds.dataFrame_expt_object_multiple" name="numeric_data"/>
    <testcase time="0.00299999999992906" classname="ds.dataFrame_expt_object_multiple" name="numeric_data"/>
    <testcase time="0.473999999999933" classname="ds.dataFrame_expt_object_multiple" name="numeric_data"/>
    <testcase time="0.00300000000015643" classname="ds.dataFrame_expt_object_multiple" name="numeric_data"/>
    <testcase time="0.00299999999992906" classname="ds.dataFrame_expt_object_multiple" name="numeric_data"/>
    <testcase time="0.00199999999995271" classname="ds.dataFrame_expt_object_multiple" name="numeric_data"/>
    <testcase time="0.463999999999942" classname="ds.dataFrame_expt_object_multiple" name="numeric_data"/>
    <testcase time="0.00300000000015643" classname="ds.dataFrame_expt_object_multiple" name="numeric_data"/>
    <testcase time="0.00299999999992906" classname="ds.dataFrame_expt_object_multiple" name="numeric_data"/>
    <testcase time="0.00299999999992906" classname="ds.dataFrame_expt_object_multiple" name="numeric_data"/>
    <testcase time="0.447000000000116" classname="ds.dataFrame_expt_object_multiple" name="numeric_data"/>
    <testcase time="0.00199999999995271" classname="ds.dataFrame_expt_object_multiple" name="numeric_data"/>
    <testcase time="0.00299999999992906" classname="ds.dataFrame_expt_object_multiple" name="numeric_data"/>
    <testcase time="0.00199999999995271" classname="ds.dataFrame_expt_object_multiple" name="numeric_data"/>
    <testcase time="0.455000000000155" classname="ds.dataFrame_expt_object_multiple" name="numeric_data"/>
    <testcase time="0.00299999999992906" classname="ds.dataFrame_expt_object_multiple" name="numeric_data"/>
    <testcase time="0.00299999999992906" classname="ds.dataFrame_expt_object_multiple" name="numeric_data"/>
    <testcase time="0.00300000000015643" classname="ds.dataFrame_expt_object_multiple" name="numeric_data"/>
    <testcase time="0.473999999999933" classname="ds.dataFrame_expt_object_multiple" name="numeric_data"/>
    <testcase time="0.00299999999992906" classname="ds.dataFrame_expt_object_multiple" name="numeric_data"/>
    <testcase time="0.00300000000015643" classname="ds.dataFrame_expt_object_multiple" name="numeric_data"/>
    <testcase time="0.00199999999995271" classname="ds.dataFrame_expt_object_multiple" name="numeric_data"/>
  </testsuite>
  <testsuite name="ds.dataFrame::expt::several_objects::multiple" timestamp="2025-09-19T11:48:35Z" hostname="runnervmf4ws1" tests="4" skipped="0" failures="0" errors="0" time="8.204">
    <testcase time="8.19599999999991" classname="ds.dataFrame_expt_several_objects_multiple" name="several_objects"/>
    <testcase time="0.00300000000015643" classname="ds.dataFrame_expt_several_objects_multiple" name="several_objects"/>
    <testcase time="0.00299999999992906" classname="ds.dataFrame_expt_several_objects_multiple" name="several_objects"/>
    <testcase time="0.00199999999995271" classname="ds.dataFrame_expt_several_objects_multiple" name="several_objects"/>
  </testsuite>
  <testsuite name="ds.dataFrame::expt::non_numeric::multiple" timestamp="2025-09-19T11:48:44Z" hostname="runnervmf4ws1" tests="18" skipped="0" failures="0" errors="0" time="9.317">
    <testcase time="7.97199999999998" classname="ds.dataFrame_expt_non_numeric_multiple" name="non_numeric"/>
    <testcase time="0.00199999999995271" classname="ds.dataFrame_expt_non_numeric_multiple" name="non_numeric"/>
    <testcase time="0.00300000000015643" classname="ds.dataFrame_expt_non_numeric_multiple" name="non_numeric"/>
    <testcase time="0.00299999999992906" classname="ds.dataFrame_expt_non_numeric_multiple" name="non_numeric"/>
    <testcase time="0.000999999999976353" classname="ds.dataFrame_expt_non_numeric_multiple" name="non_numeric"/>
    <testcase time="0.41800000000012" classname="ds.dataFrame_expt_non_numeric_multiple" name="non_numeric"/>
    <testcase time="0.00299999999992906" classname="ds.dataFrame_expt_non_numeric_multiple" name="non_numeric"/>
    <testcase time="0.00199999999995271" classname="ds.dataFrame_expt_non_numeric_multiple" name="non_numeric"/>
    <testcase time="0.00299999999992906" classname="ds.dataFrame_expt_non_numeric_multiple" name="non_numeric"/>
    <testcase time="0.00100000000020373" classname="ds.dataFrame_expt_non_numeric_multiple" name="non_numeric"/>
    <testcase time="0.440999999999804" classname="ds.dataFrame_expt_non_numeric_multiple" name="non_numeric"/>
    <testcase time="0.00200000000018008" classname="ds.dataFrame_expt_non_numeric_multiple" name="non_numeric"/>
    <testcase time="0.00399999999990541" classname="ds.dataFrame_expt_non_numeric_multiple" name="non_numeric"/>
    <testcase time="0.00199999999995271" classname="ds.dataFrame_expt_non_numeric_multiple" name="non_numeric"/>
    <testcase time="0.451999999999998" classname="ds.dataFrame_expt_non_numeric_multiple" name="non_numeric"/>
    <testcase time="0.00300000000015643" classname="ds.dataFrame_expt_non_numeric_multiple" name="non_numeric"/>
    <testcase time="0.00299999999992906" classname="ds.dataFrame_expt_non_numeric_multiple" name="non_numeric"/>
    <testcase time="0.00199999999995271" classname="ds.dataFrame_expt_non_numeric_multiple" name="non_numeric"/>
  </testsuite>
  <testsuite name="ds.dataFrame::expt::non_numeric::multiple" timestamp="2025-09-19T11:48:53Z" hostname="runnervmf4ws1" tests="10" skipped="0" failures="0" errors="0" time="3.723">
    <testcase time="3.25999999999999" classname="ds.dataFrame_expt_non_numeric_multiple" name="_unnamed_"/>
    <testcase time="0.00299999999992906" classname="ds.dataFrame_expt_non_numeric_multiple" name="_unnamed_"/>
    <testcase time="0.00100000000020373" classname="ds.dataFrame_expt_non_numeric_multiple" name="_unnamed_"/>
    <testcase time="0.139999999999873" classname="ds.dataFrame_expt_non_numeric_multiple" name="_unnamed_"/>
    <testcase time="0.00199999999995271" classname="ds.dataFrame_expt_non_numeric_multiple" name="_unnamed_"/>
    <testcase time="0.00199999999995271" classname="ds.dataFrame_expt_non_numeric_multiple" name="_unnamed_"/>
    <testcase time="0.159000000000106" classname="ds.dataFrame_expt_non_numeric_multiple" name="_unnamed_"/>
    <testcase time="0.00199999999995271" classname="ds.dataFrame_expt_non_numeric_multiple" name="_unnamed_"/>
    <testcase time="0.151000000000067" classname="ds.dataFrame_expt_non_numeric_multiple" name="_unnamed_"/>
    <testcase time="0.00299999999992906" classname="ds.dataFrame_expt_non_numeric_multiple" name="_unnamed_"/>
  </testsuite>
  <testsuite name="ds.dataFrame::expt::shutdown" timestamp="2025-09-19T11:48:57Z" hostname="runnervmf4ws1" tests="0" skipped="0" failures="0" errors="0" time="0"/>
  <testsuite name="ds.dataFrame::expt::done" timestamp="2025-09-19T11:48:57Z" hostname="runnervmf4ws1" tests="0" skipped="0" failures="0" errors="0" time="0"/>
  <testsuite name="expt-ds.glmerSLMA" timestamp="2025-09-19T11:48:57Z" hostname="runnervmf4ws1" tests="0" skipped="0" failures="0" errors="0" time="0"/>
  <testsuite name="ds.glmerSLMA::expt::setup" timestamp="2025-09-19T11:48:57Z" hostname="runnervmf4ws1" tests="3" skipped="0" failures="0" errors="0" time="7.364">
    <testcase time="7.36200000000008" classname="ds.glmerSLMA_expt_setup" name="setup"/>
    <testcase time="0.000999999999976353" classname="ds.glmerSLMA_expt_setup" name="setup"/>
    <testcase time="0.000999999999976353" classname="ds.glmerSLMA_expt_setup" name="setup"/>
  </testsuite>
  <testsuite name="ds.glmerSLMA::expt::int::multiple" timestamp="2025-09-19T11:49:04Z" hostname="runnervmf4ws1" tests="1" skipped="0" failures="0" errors="0" time="1.426">
    <testcase time="1.42599999999993" classname="ds.glmerSLMA_expt_int_multiple" name="linear_mixed_model_with_2_levels_of_hierarchy"/>
  </testsuite>
  <testsuite name="ds.lmerSLMA::expt::shutdown" timestamp="2025-09-19T11:49:05Z" hostname="runnervmf4ws1" tests="0" skipped="0" failures="0" errors="0" time="0"/>
  <testsuite name="ds.lmerSLMA::expt::done" timestamp="2025-09-19T11:49:06Z" hostname="runnervmf4ws1" tests="0" skipped="0" failures="0" errors="0" time="0"/>
  <testsuite name="expt-ds.lmerSLMA" timestamp="2025-09-19T11:49:06Z" hostname="runnervmf4ws1" tests="0" skipped="0" failures="0" errors="0" time="0"/>
  <testsuite name="ds.lmerSLMA::expt::setup" timestamp="2025-09-19T11:49:06Z" hostname="runnervmf4ws1" tests="3" skipped="0" failures="0" errors="0" time="7.561">
    <testcase time="7.5590000000002" classname="ds.lmerSLMA_expt_setup" name="setup"/>
    <testcase time="0.000999999999976353" classname="ds.lmerSLMA_expt_setup" name="setup"/>
    <testcase time="0.000999999999976353" classname="ds.lmerSLMA_expt_setup" name="setup"/>
  </testsuite>
  <testsuite name="ds.lmerSLMA::expt::int::multiple" timestamp="2025-09-19T11:49:13Z" hostname="runnervmf4ws1" tests="1" skipped="0" failures="0" errors="0" time="0.452">
    <testcase time="0.451999999999998" classname="ds.lmerSLMA_expt_int_multiple" name="linear_mixed_model_with_2_levels_of_hierarchy"/>
  </testsuite>
  <testsuite name="ds.lmerSLMA::expt::done" timestamp="2025-09-19T11:49:14Z" hostname="runnervmf4ws1" tests="0" skipped="0" failures="0" errors="0" time="0"/>
  <testsuite name="expt-ds.mean" timestamp="2025-09-19T11:49:14Z" hostname="runnervmf4ws1" tests="0" skipped="0" failures="0" errors="0" time="0"/>
  <testsuite name="ds.mean::expt::combine::multiple" timestamp="2025-09-19T11:49:14Z" hostname="runnervmf4ws1" tests="8" skipped="0" failures="0" errors="0" time="8.676">
    <testcase time="7.90200000000004" classname="ds.mean_expt_combine_multiple" name="combined_data_set"/>
    <testcase time="0.134000000000015" classname="ds.mean_expt_combine_multiple" name="combined_data_set"/>
    <testcase time="0.120999999999867" classname="ds.mean_expt_combine_multiple" name="combined_data_set"/>
    <testcase time="0.105999999999995" classname="ds.mean_expt_combine_multiple" name="combined_data_set"/>
    <testcase time="0.102000000000089" classname="ds.mean_expt_combine_multiple" name="combined_data_set"/>
    <testcase time="0.107999999999947" classname="ds.mean_expt_combine_multiple" name="combined_data_set"/>
    <testcase time="0.0999999999999091" classname="ds.mean_expt_combine_multiple" name="combined_data_set"/>
    <testcase time="0.103000000000065" classname="ds.mean_expt_combine_multiple" name="combined_data_set"/>
  </testsuite>
  <testsuite name="ds.mean::expt::split::multiple" timestamp="2025-09-19T11:49:22Z" hostname="runnervmf4ws1" tests="24" skipped="0" failures="0" errors="0" time="8.421">
    <testcase time="7.64900000000011" classname="ds.mean_expt_split_multiple" name="split_data_set"/>
    <testcase time="0.000999999999976353" classname="ds.mean_expt_split_multiple" name="split_data_set"/>
    <testcase time="0.000999999999976353" classname="ds.mean_expt_split_multiple" name="split_data_set"/>
    <testcase time="0.115000000000009" classname="ds.mean_expt_split_multiple" name="split_data_set"/>
    <testcase time="0.000999999999976353" classname="ds.mean_expt_split_multiple" name="split_data_set"/>
    <testcase time="0.00199999999995271" classname="ds.mean_expt_split_multiple" name="split_data_set"/>
    <testcase time="0.105000000000018" classname="ds.mean_expt_split_multiple" name="split_data_set"/>
    <testcase time="0.00199999999995271" classname="ds.mean_expt_split_multiple" name="split_data_set"/>
    <testcase time="0.000999999999976353" classname="ds.mean_expt_split_multiple" name="split_data_set"/>
    <testcase time="0.104000000000042" classname="ds.mean_expt_split_multiple" name="split_data_set"/>
    <testcase time="0.00199999999995271" classname="ds.mean_expt_split_multiple" name="split_data_set"/>
    <testcase time="0.000999999999976353" classname="ds.mean_expt_split_multiple" name="split_data_set"/>
    <testcase time="0.109000000000151" classname="ds.mean_expt_split_multiple" name="split_data_set"/>
    <testcase time="0.000999999999976353" classname="ds.mean_expt_split_multiple" name="split_data_set"/>
    <testcase time="0.000999999999976353" classname="ds.mean_expt_split_multiple" name="split_data_set"/>
    <testcase time="0.104000000000042" classname="ds.mean_expt_split_multiple" name="split_data_set"/>
    <testcase time="0.000999999999976353" classname="ds.mean_expt_split_multiple" name="split_data_set"/>
    <testcase time="0.000999999999976353" classname="ds.mean_expt_split_multiple" name="split_data_set"/>
    <testcase time="0.104000000000042" classname="ds.mean_expt_split_multiple" name="split_data_set"/>
    <testcase time="0.00199999999995271" classname="ds.mean_expt_split_multiple" name="split_data_set"/>
    <testcase time="0.000999999999976353" classname="ds.mean_expt_split_multiple" name="split_data_set"/>
    <testcase time="0.111000000000104" classname="ds.mean_expt_split_multiple" name="split_data_set"/>
    <testcase time="0.000999999999976353" classname="ds.mean_expt_split_multiple" name="split_data_set"/>
    <testcase time="0.000999999999976353" classname="ds.mean_expt_split_multiple" name="split_data_set"/>
  </testsuite>
  <testsuite name="ds.mean::expt::single" timestamp="2025-09-19T11:49:31Z" hostname="runnervmf4ws1" tests="8" skipped="0" failures="0" errors="0" time="3.441">
    <testcase time="3.14699999999993" classname="ds.mean_expt_single" name="combined_data_set"/>
    <testcase time="0.0430000000001201" classname="ds.mean_expt_single" name="combined_data_set"/>
    <testcase time="0.0389999999999873" classname="ds.mean_expt_single" name="combined_data_set"/>
    <testcase time="0.0380000000000109" classname="ds.mean_expt_single" name="combined_data_set"/>
    <testcase time="0.0399999999999636" classname="ds.mean_expt_single" name="combined_data_set"/>
    <testcase time="0.04099999999994" classname="ds.mean_expt_single" name="combined_data_set"/>
    <testcase time="0.0470000000000255" classname="ds.mean_expt_single" name="combined_data_set"/>
    <testcase time="0.0460000000000491" classname="ds.mean_expt_single" name="combined_data_set"/>
  </testsuite>
  <testsuite name="ds.mean::expt::large_values::single" timestamp="2025-09-19T11:49:34Z" hostname="runnervmf4ws1" tests="8" skipped="0" failures="0" errors="0" time="3.754">
    <testcase time="3.14199999999983" classname="ds.mean_expt_large_values_single" name="combined_data_set"/>
    <testcase time="0.0930000000000746" classname="ds.mean_expt_large_values_single" name="combined_data_set"/>
    <testcase time="0.0850000000000364" classname="ds.mean_expt_large_values_single" name="combined_data_set"/>
    <testcase time="0.0920000000000982" classname="ds.mean_expt_large_values_single" name="combined_data_set"/>
    <testcase time="0.0850000000000364" classname="ds.mean_expt_large_values_single" name="combined_data_set"/>
    <testcase time="0.0839999999998327" classname="ds.mean_expt_large_values_single" name="combined_data_set"/>
    <testcase time="0.08400000000006" classname="ds.mean_expt_large_values_single" name="combined_data_set"/>
    <testcase time="0.0889999999999418" classname="ds.mean_expt_large_values_single" name="combined_data_set"/>
  </testsuite>
  <testsuite name="ds.mean::expt::large_values::multiple" timestamp="2025-09-19T11:49:38Z" hostname="runnervmf4ws1" tests="8" skipped="0" failures="0" errors="0" time="9.481">
    <testcase time="7.77800000000002" classname="ds.mean_expt_large_values_multiple" name="combined_data_set"/>
    <testcase time="0.241999999999962" classname="ds.mean_expt_large_values_multiple" name="combined_data_set"/>
    <testcase time="0.244000000000142" classname="ds.mean_expt_large_values_multiple" name="combined_data_set"/>
    <testcase time="0.243999999999915" classname="ds.mean_expt_large_values_multiple" name="combined_data_set"/>
    <testcase time="0.239000000000033" classname="ds.mean_expt_large_values_multiple" name="combined_data_set"/>
    <testcase time="0.248000000000047" classname="ds.mean_expt_large_values_multiple" name="combined_data_set"/>
    <testcase time="0.241999999999962" classname="ds.mean_expt_large_values_multiple" name="combined_data_set"/>
    <testcase time="0.243999999999915" classname="ds.mean_expt_large_values_multiple" name="combined_data_set"/>
  </testsuite>
  <testsuite name="expt-ds.reshape" timestamp="2025-09-19T11:49:47Z" hostname="runnervmf4ws1" tests="0" skipped="0" failures="0" errors="0" time="0"/>
  <testsuite name="ds.reShape::expt::multiple" timestamp="2025-09-19T11:49:47Z" hostname="runnervmf4ws1" tests="1" skipped="1" failures="0" errors="0" time="0.568">
    <testcase time="0.567999999999984" classname="ds.reShape_expt_multiple" name="copy_and_transform">
      <skipped message="Reason: empty test ('test-expt-ds.reshape.R:7:1')"/>
    </testcase>
  </testsuite>
  <testsuite name="expt-ds.skewness" timestamp="2025-09-19T11:49:48Z" hostname="runnervmf4ws1" tests="0" skipped="0" failures="0" errors="0" time="0"/>
  <testsuite name="ds.skewness::expt::combine::multiple" timestamp="2025-09-19T11:49:48Z" hostname="runnervmf4ws1" tests="8" skipped="0" failures="0" errors="0" time="8.743">
    <testcase time="7.72199999999998" classname="ds.skewness_expt_combine_multiple" name="combined_data_set"/>
    <testcase time="0.157000000000153" classname="ds.skewness_expt_combine_multiple" name="combined_data_set"/>
    <testcase time="0.144999999999982" classname="ds.skewness_expt_combine_multiple" name="combined_data_set"/>
    <testcase time="0.148999999999887" classname="ds.skewness_expt_combine_multiple" name="combined_data_set"/>
    <testcase time="0.142000000000053" classname="ds.skewness_expt_combine_multiple" name="combined_data_set"/>
    <testcase time="0.141000000000076" classname="ds.skewness_expt_combine_multiple" name="combined_data_set"/>
    <testcase time="0.145999999999958" classname="ds.skewness_expt_combine_multiple" name="combined_data_set"/>
    <testcase time="0.141000000000076" classname="ds.skewness_expt_combine_multiple" name="combined_data_set"/>
  </testsuite>
  <testsuite name="ds.skewness::expt::split::multiple" timestamp="2025-09-19T11:49:56Z" hostname="runnervmf4ws1" tests="24" skipped="0" failures="0" errors="0" time="8.553">
    <testcase time="7.72799999999984" classname="ds.skewness_expt_split_multiple" name="split_data_set"/>
    <testcase time="0.000999999999976353" classname="ds.skewness_expt_split_multiple" name="split_data_set"/>
    <testcase time="0.00100000000020373" classname="ds.skewness_expt_split_multiple" name="split_data_set"/>
    <testcase time="0.114999999999782" classname="ds.skewness_expt_split_multiple" name="split_data_set"/>
    <testcase time="0.00200000000018008" classname="ds.skewness_expt_split_multiple" name="split_data_set"/>
    <testcase time="0.000999999999976353" classname="ds.skewness_expt_split_multiple" name="split_data_set"/>
    <testcase time="0.100999999999885" classname="ds.skewness_expt_split_multiple" name="split_data_set"/>
    <testcase time="0.000999999999976353" classname="ds.skewness_expt_split_multiple" name="split_data_set"/>
    <testcase time="0.00200000000018008" classname="ds.skewness_expt_split_multiple" name="split_data_set"/>
    <testcase time="0.102999999999838" classname="ds.skewness_expt_split_multiple" name="split_data_set"/>
    <testcase time="0.000999999999976353" classname="ds.skewness_expt_split_multiple" name="split_data_set"/>
    <testcase time="0.00100000000020373" classname="ds.skewness_expt_split_multiple" name="split_data_set"/>
    <testcase time="0.114999999999782" classname="ds.skewness_expt_split_multiple" name="split_data_set"/>
    <testcase time="0.00200000000018008" classname="ds.skewness_expt_split_multiple" name="split_data_set"/>
    <testcase time="0.000999999999976353" classname="ds.skewness_expt_split_multiple" name="split_data_set"/>
    <testcase time="0.107999999999947" classname="ds.skewness_expt_split_multiple" name="split_data_set"/>
    <testcase time="0.000999999999976353" classname="ds.skewness_expt_split_multiple" name="split_data_set"/>
    <testcase time="0.000999999999976353" classname="ds.skewness_expt_split_multiple" name="split_data_set"/>
    <testcase time="0.117000000000189" classname="ds.skewness_expt_split_multiple" name="split_data_set"/>
    <testcase time="0.00199999999995271" classname="ds.skewness_expt_split_multiple" name="split_data_set"/>
    <testcase time="0.000999999999976353" classname="ds.skewness_expt_split_multiple" name="split_data_set"/>
    <testcase time="0.143000000000029" classname="ds.skewness_expt_split_multiple" name="split_data_set"/>
    <testcase time="0.00299999999992906" classname="ds.skewness_expt_split_multiple" name="split_data_set"/>
    <testcase time="0.00199999999995271" classname="ds.skewness_expt_split_multiple" name="split_data_set"/>
  </testsuite>
  <testsuite name="ds.skewness::expt::single" timestamp="2025-09-19T11:50:05Z" hostname="runnervmf4ws1" tests="8" skipped="0" failures="0" errors="0" time="3.728">
    <testcase time="3.13599999999997" classname="ds.skewness_expt_single" name="combined_data_set"/>
    <testcase time="0.0520000000001346" classname="ds.skewness_expt_single" name="combined_data_set"/>
    <testcase time="0.0519999999999072" classname="ds.skewness_expt_single" name="combined_data_set"/>
    <testcase time="0.0520000000001346" classname="ds.skewness_expt_single" name="combined_data_set"/>
    <testcase time="0.0509999999999309" classname="ds.skewness_expt_single" name="combined_data_set"/>
    <testcase time="0.27800000000002" classname="ds.skewness_expt_single" name="combined_data_set"/>
    <testcase time="0.0529999999998836" classname="ds.skewness_expt_single" name="combined_data_set"/>
    <testcase time="0.0540000000000873" classname="ds.skewness_expt_single" name="combined_data_set"/>
  </testsuite>
  <testsuite name="expt-ds.var" timestamp="2025-09-19T11:50:09Z" hostname="runnervmf4ws1" tests="0" skipped="0" failures="0" errors="0" time="0"/>
  <testsuite name="ds.var::expt::multiple" timestamp="2025-09-19T11:50:09Z" hostname="runnervmf4ws1" tests="8" skipped="0" failures="0" errors="0" time="8.698">
    <testcase time="7.66699999999992" classname="ds.var_expt_multiple" name="combined_data_set"/>
    <testcase time="0.156000000000176" classname="ds.var_expt_multiple" name="combined_data_set"/>
    <testcase time="0.141999999999825" classname="ds.var_expt_multiple" name="combined_data_set"/>
    <testcase time="0.147000000000162" classname="ds.var_expt_multiple" name="combined_data_set"/>
    <testcase time="0.141999999999825" classname="ds.var_expt_multiple" name="combined_data_set"/>
    <testcase time="0.143000000000029" classname="ds.var_expt_multiple" name="combined_data_set"/>
    <testcase time="0.160000000000082" classname="ds.var_expt_multiple" name="combined_data_set"/>
    <testcase time="0.141000000000076" classname="ds.var_expt_multiple" name="combined_data_set"/>
  </testsuite>
  <testsuite name="ds.var::expt::single" timestamp="2025-09-19T11:50:17Z" hostname="runnervmf4ws1" tests="24" skipped="0" failures="0" errors="0" time="8.756">
    <testcase time="7.69599999999991" classname="ds.var_expt_single" name="split_data_set"/>
    <testcase time="0.000999999999976353" classname="ds.var_expt_single" name="split_data_set"/>
    <testcase time="0.00199999999995271" classname="ds.var_expt_single" name="split_data_set"/>
    <testcase time="0.159000000000106" classname="ds.var_expt_single" name="split_data_set"/>
    <testcase time="0.000999999999976353" classname="ds.var_expt_single" name="split_data_set"/>
    <testcase time="0.000999999999976353" classname="ds.var_expt_single" name="split_data_set"/>
    <testcase time="0.142000000000053" classname="ds.var_expt_single" name="split_data_set"/>
    <testcase time="0.00199999999995271" classname="ds.var_expt_single" name="split_data_set"/>
    <testcase time="0.000999999999976353" classname="ds.var_expt_single" name="split_data_set"/>
    <testcase time="0.149000000000115" classname="ds.var_expt_single" name="split_data_set"/>
    <testcase time="0.000999999999976353" classname="ds.var_expt_single" name="split_data_set"/>
    <testcase time="0.000999999999976353" classname="ds.var_expt_single" name="split_data_set"/>
    <testcase time="0.145999999999958" classname="ds.var_expt_single" name="split_data_set"/>
    <testcase time="0.000999999999976353" classname="ds.var_expt_single" name="split_data_set"/>
    <testcase time="0.000999999999976353" classname="ds.var_expt_single" name="split_data_set"/>
    <testcase time="0.151000000000067" classname="ds.var_expt_single" name="split_data_set"/>
    <testcase time="0.000999999999976353" classname="ds.var_expt_single" name="split_data_set"/>
    <testcase time="0.00199999999995271" classname="ds.var_expt_single" name="split_data_set"/>
    <testcase time="0.146999999999935" classname="ds.var_expt_single" name="split_data_set"/>
    <testcase time="0.00100000000020373" classname="ds.var_expt_single" name="split_data_set"/>
    <testcase time="0.00199999999995271" classname="ds.var_expt_single" name="split_data_set"/>
    <testcase time="0.144999999999982" classname="ds.var_expt_single" name="split_data_set"/>
    <testcase time="0.000999999999976353" classname="ds.var_expt_single" name="split_data_set"/>
    <testcase time="0.00199999999995271" classname="ds.var_expt_single" name="split_data_set"/>
  </testsuite>
  <testsuite name="ds.var::expt::large_values::multiple" timestamp="2025-09-19T11:50:26Z" hostname="runnervmf4ws1" tests="8" skipped="0" failures="0" errors="0" time="9.823">
    <testcase time="7.80200000000013" classname="ds.var_expt_large_values_multiple" name="large_values"/>
    <testcase time="0.292999999999893" classname="ds.var_expt_large_values_multiple" name="large_values"/>
    <testcase time="0.285000000000082" classname="ds.var_expt_large_values_multiple" name="large_values"/>
    <testcase time="0.287000000000035" classname="ds.var_expt_large_values_multiple" name="large_values"/>
    <testcase time="0.278999999999996" classname="ds.var_expt_large_values_multiple" name="large_values"/>
    <testcase time="0.281999999999925" classname="ds.var_expt_large_values_multiple" name="large_values"/>
    <testcase time="0.317000000000007" classname="ds.var_expt_large_values_multiple" name="large_values"/>
    <testcase time="0.27800000000002" classname="ds.var_expt_large_values_multiple" name="large_values"/>
  </testsuite>
  <testsuite name="ds.var::expt::large_values::single" timestamp="2025-09-19T11:50:36Z" hostname="runnervmf4ws1" tests="8" skipped="0" failures="0" errors="0" time="3.926">
    <testcase time="3.23399999999992" classname="ds.var_expt_large_values_single" name="large_values"/>
    <testcase time="0.0960000000000036" classname="ds.var_expt_large_values_single" name="large_values"/>
    <testcase time="0.0950000000000273" classname="ds.var_expt_large_values_single" name="large_values"/>
    <testcase time="0.104000000000042" classname="ds.var_expt_large_values_single" name="large_values"/>
    <testcase time="0.09699999999998" classname="ds.var_expt_large_values_single" name="large_values"/>
    <testcase time="0.0999999999999091" classname="ds.var_expt_large_values_single" name="large_values"/>
    <testcase time="0.105000000000018" classname="ds.var_expt_large_values_single" name="large_values"/>
    <testcase time="0.0950000000000273" classname="ds.var_expt_large_values_single" name="large_values"/>
  </testsuite>
  <testsuite name="math-ds.mean" timestamp="2025-09-19T11:50:40Z" hostname="runnervmf4ws1" tests="0" skipped="0" failures="0" errors="0" time="0"/>
  <testsuite name="ds.mean::math::residual::multiple" timestamp="2025-09-19T11:50:40Z" hostname="runnervmf4ws1" tests="32" skipped="0" failures="0" errors="0" time="9.271">
    <testcase time="7.63799999999992" classname="ds.mean_math_residual_multiple" name="residual_deviation_tends_to_0"/>
    <testcase time="0.115000000000009" classname="ds.mean_math_residual_multiple" name="residual_deviation_tends_to_0"/>
    <testcase time="0.104000000000042" classname="ds.mean_math_residual_multiple" name="residual_deviation_tends_to_0"/>
    <testcase time="0.102000000000089" classname="ds.mean_math_residual_multiple" name="residual_deviation_tends_to_0"/>
    <testcase time="0.102999999999838" classname="ds.mean_math_residual_multiple" name="residual_deviation_tends_to_0"/>
    <testcase time="0.113000000000056" classname="ds.mean_math_residual_multiple" name="residual_deviation_tends_to_0"/>
    <testcase time="0.104000000000042" classname="ds.mean_math_residual_multiple" name="residual_deviation_tends_to_0"/>
    <testcase time="0.105999999999995" classname="ds.mean_math_residual_multiple" name="residual_deviation_tends_to_0"/>
    <testcase time="0.116999999999962" classname="ds.mean_math_residual_multiple" name="residual_deviation_tends_to_0"/>
    <testcase time="0.000999999999976353" classname="ds.mean_math_residual_multiple" name="residual_deviation_tends_to_0"/>
    <testcase time="0.000999999999976353" classname="ds.mean_math_residual_multiple" name="residual_deviation_tends_to_0"/>
    <testcase time="0.109000000000151" classname="ds.mean_math_residual_multiple" name="residual_deviation_tends_to_0"/>
    <testcase time="0.00199999999995271" classname="ds.mean_math_residual_multiple" name="residual_deviation_tends_to_0"/>
    <testcase time="0.000999999999976353" classname="ds.mean_math_residual_multiple" name="residual_deviation_tends_to_0"/>
    <testcase time="0.108999999999924" classname="ds.mean_math_residual_multiple" name="residual_deviation_tends_to_0"/>
    <testcase time="0.00100000000020373" classname="ds.mean_math_residual_multiple" name="residual_deviation_tends_to_0"/>
    <testcase time="0.000999999999976353" classname="ds.mean_math_residual_multiple" name="residual_deviation_tends_to_0"/>
    <testcase time="0.1099999999999" classname="ds.mean_math_residual_multiple" name="residual_deviation_tends_to_0"/>
    <testcase time="0.000999999999976353" classname="ds.mean_math_residual_multiple" name="residual_deviation_tends_to_0"/>
    <testcase time="0.000999999999976353" classname="ds.mean_math_residual_multiple" name="residual_deviation_tends_to_0"/>
    <testcase time="0.104000000000042" classname="ds.mean_math_residual_multiple" name="residual_deviation_tends_to_0"/>
    <testcase time="0.000999999999976353" classname="ds.mean_math_residual_multiple" name="residual_deviation_tends_to_0"/>
    <testcase time="0.00100000000020373" classname="ds.mean_math_residual_multiple" name="residual_deviation_tends_to_0"/>
    <testcase time="0.102999999999838" classname="ds.mean_math_residual_multiple" name="residual_deviation_tends_to_0"/>
    <testcase time="0.00199999999995271" classname="ds.mean_math_residual_multiple" name="residual_deviation_tends_to_0"/>
    <testcase time="0.00100000000020373" classname="ds.mean_math_residual_multiple" name="residual_deviation_tends_to_0"/>
    <testcase time="0.1099999999999" classname="ds.mean_math_residual_multiple" name="residual_deviation_tends_to_0"/>
    <testcase time="0.00199999999995271" classname="ds.mean_math_residual_multiple" name="residual_deviation_tends_to_0"/>
    <testcase time="0.000999999999976353" classname="ds.mean_math_residual_multiple" name="residual_deviation_tends_to_0"/>
    <testcase time="0.104000000000042" classname="ds.mean_math_residual_multiple" name="residual_deviation_tends_to_0"/>
    <testcase time="0.000999999999976353" classname="ds.mean_math_residual_multiple" name="residual_deviation_tends_to_0"/>
    <testcase time="0.00199999999995271" classname="ds.mean_math_residual_multiple" name="residual_deviation_tends_to_0"/>
  </testsuite>
  <testsuite name="ds.mean::math::residual::multiple" timestamp="2025-09-19T11:50:49Z" hostname="runnervmf4ws1" tests="32" skipped="0" failures="0" errors="0" time="9.38">
    <testcase time="7.7320000000002" classname="ds.mean_math_residual_multiple" name="residual_deviation_tends_to_0"/>
    <testcase time="0.112999999999829" classname="ds.mean_math_residual_multiple" name="residual_deviation_tends_to_0"/>
    <testcase time="0.115000000000009" classname="ds.mean_math_residual_multiple" name="residual_deviation_tends_to_0"/>
    <testcase time="0.105000000000018" classname="ds.mean_math_residual_multiple" name="residual_deviation_tends_to_0"/>
    <testcase time="0.111000000000104" classname="ds.mean_math_residual_multiple" name="residual_deviation_tends_to_0"/>
    <testcase time="0.107999999999947" classname="ds.mean_math_residual_multiple" name="residual_deviation_tends_to_0"/>
    <testcase time="0.104000000000042" classname="ds.mean_math_residual_multiple" name="residual_deviation_tends_to_0"/>
    <testcase time="0.106999999999971" classname="ds.mean_math_residual_multiple" name="residual_deviation_tends_to_0"/>
    <testcase time="0.113000000000056" classname="ds.mean_math_residual_multiple" name="residual_deviation_tends_to_0"/>
    <testcase time="0.000999999999976353" classname="ds.mean_math_residual_multiple" name="residual_deviation_tends_to_0"/>
    <testcase time="0.000999999999976353" classname="ds.mean_math_residual_multiple" name="residual_deviation_tends_to_0"/>
    <testcase time="0.105999999999995" classname="ds.mean_math_residual_multiple" name="residual_deviation_tends_to_0"/>
    <testcase time="0.000999999999976353" classname="ds.mean_math_residual_multiple" name="residual_deviation_tends_to_0"/>
    <testcase time="0.00199999999995271" classname="ds.mean_math_residual_multiple" name="residual_deviation_tends_to_0"/>
    <testcase time="0.104000000000042" classname="ds.mean_math_residual_multiple" name="residual_deviation_tends_to_0"/>
    <testcase time="0.00199999999995271" classname="ds.mean_math_residual_multiple" name="residual_deviation_tends_to_0"/>
    <testcase time="0.000999999999976353" classname="ds.mean_math_residual_multiple" name="residual_deviation_tends_to_0"/>
    <testcase time="0.11200000000008" classname="ds.mean_math_residual_multiple" name="residual_deviation_tends_to_0"/>
    <testcase time="0.00199999999995271" classname="ds.mean_math_residual_multiple" name="residual_deviation_tends_to_0"/>
    <testcase time="0.000999999999976353" classname="ds.mean_math_residual_multiple" name="residual_deviation_tends_to_0"/>
    <testcase time="0.103000000000065" classname="ds.mean_math_residual_multiple" name="residual_deviation_tends_to_0"/>
    <testcase time="0.00199999999995271" classname="ds.mean_math_residual_multiple" name="residual_deviation_tends_to_0"/>
    <testcase time="0.000999999999976353" classname="ds.mean_math_residual_multiple" name="residual_deviation_tends_to_0"/>
    <testcase time="0.104000000000042" classname="ds.mean_math_residual_multiple" name="residual_deviation_tends_to_0"/>
    <testcase time="0.00199999999995271" classname="ds.mean_math_residual_multiple" name="residual_deviation_tends_to_0"/>
    <testcase time="0.000999999999976353" classname="ds.mean_math_residual_multiple" name="residual_deviation_tends_to_0"/>
    <testcase time="0.111000000000104" classname="ds.mean_math_residual_multiple" name="residual_deviation_tends_to_0"/>
    <testcase time="0.00199999999995271" classname="ds.mean_math_residual_multiple" name="residual_deviation_tends_to_0"/>
    <testcase time="0.000999999999976353" classname="ds.mean_math_residual_multiple" name="residual_deviation_tends_to_0"/>
    <testcase time="0.109000000000151" classname="ds.mean_math_residual_multiple" name="residual_deviation_tends_to_0"/>
    <testcase time="0.000999999999976353" classname="ds.mean_math_residual_multiple" name="residual_deviation_tends_to_0"/>
    <testcase time="0.00199999999995271" classname="ds.mean_math_residual_multiple" name="residual_deviation_tends_to_0"/>
  </testsuite>
  <testsuite name="ds.mean::math::location_parameter::single" timestamp="2025-09-19T11:50:59Z" hostname="runnervmf4ws1" tests="8" skipped="0" failures="0" errors="0" time="4.093">
    <testcase time="3.22000000000003" classname="ds.mean_math_location_parameter_single" name="mean_X_a_mean_X_a"/>
    <testcase time="0.124000000000024" classname="ds.mean_math_location_parameter_single" name="mean_X_a_mean_X_a"/>
    <testcase time="0.127999999999929" classname="ds.mean_math_location_parameter_single" name="mean_X_a_mean_X_a"/>
    <testcase time="0.123000000000047" classname="ds.mean_math_location_parameter_single" name="mean_X_a_mean_X_a"/>
    <testcase time="0.120999999999867" classname="ds.mean_math_location_parameter_single" name="mean_X_a_mean_X_a"/>
    <testcase time="0.12700000000018" classname="ds.mean_math_location_parameter_single" name="mean_X_a_mean_X_a"/>
    <testcase time="0.121999999999844" classname="ds.mean_math_location_parameter_single" name="mean_X_a_mean_X_a"/>
    <testcase time="0.128000000000156" classname="ds.mean_math_location_parameter_single" name="mean_X_a_mean_X_a"/>
  </testsuite>
  <testsuite name="ds.mean::math::location_parameter::multiple" timestamp="2025-09-19T11:51:03Z" hostname="runnervmf4ws1" tests="8" skipped="0" failures="0" errors="0" time="10.303">
    <testcase time="7.88499999999999" classname="ds.mean_math_location_parameter_multiple" name="mean_X_a_mean_X_a"/>
    <testcase time="0.339999999999918" classname="ds.mean_math_location_parameter_multiple" name="mean_X_a_mean_X_a"/>
    <testcase time="0.355999999999995" classname="ds.mean_math_location_parameter_multiple" name="mean_X_a_mean_X_a"/>
    <testcase time="0.343000000000075" classname="ds.mean_math_location_parameter_multiple" name="mean_X_a_mean_X_a"/>
    <testcase time="0.346000000000004" classname="ds.mean_math_location_parameter_multiple" name="mean_X_a_mean_X_a"/>
    <testcase time="0.345000000000027" classname="ds.mean_math_location_parameter_multiple" name="mean_X_a_mean_X_a"/>
    <testcase time="0.34699999999998" classname="ds.mean_math_location_parameter_multiple" name="mean_X_a_mean_X_a"/>
    <testcase time="0.340999999999894" classname="ds.mean_math_location_parameter_multiple" name="mean_X_a_mean_X_a"/>
  </testsuite>
  <testsuite name="ds.mean::math::scale::multiple" timestamp="2025-09-19T11:51:13Z" hostname="runnervmf4ws1" tests="8" skipped="0" failures="0" errors="0" time="10.361">
    <testcase time="7.90499999999997" classname="ds.mean_math_scale_multiple" name="mean_X_a_mean_X_a"/>
    <testcase time="0.343000000000075" classname="ds.mean_math_scale_multiple" name="mean_X_a_mean_X_a"/>
    <testcase time="0.347999999999956" classname="ds.mean_math_scale_multiple" name="mean_X_a_mean_X_a"/>
    <testcase time="0.353000000000065" classname="ds.mean_math_scale_multiple" name="mean_X_a_mean_X_a"/>
    <testcase time="0.364000000000033" classname="ds.mean_math_scale_multiple" name="mean_X_a_mean_X_a"/>
    <testcase time="0.346000000000004" classname="ds.mean_math_scale_multiple" name="mean_X_a_mean_X_a"/>
    <testcase time="0.345000000000027" classname="ds.mean_math_scale_multiple" name="mean_X_a_mean_X_a"/>
    <testcase time="0.356999999999971" classname="ds.mean_math_scale_multiple" name="mean_X_a_mean_X_a"/>
  </testsuite>
  <testsuite name="ds.mean::math::scale::single" timestamp="2025-09-19T11:51:23Z" hostname="runnervmf4ws1" tests="8" skipped="0" failures="0" errors="0" time="4.106">
    <testcase time="3.20899999999983" classname="ds.mean_math_scale_single" name="mean_X_a_mean_X_a"/>
    <testcase time="0.129000000000133" classname="ds.mean_math_scale_single" name="mean_X_a_mean_X_a"/>
    <testcase time="0.149999999999864" classname="ds.mean_math_scale_single" name="mean_X_a_mean_X_a"/>
    <testcase time="0.122000000000071" classname="ds.mean_math_scale_single" name="mean_X_a_mean_X_a"/>
    <testcase time="0.117999999999938" classname="ds.mean_math_scale_single" name="mean_X_a_mean_X_a"/>
    <testcase time="0.126000000000204" classname="ds.mean_math_scale_single" name="mean_X_a_mean_X_a"/>
    <testcase time="0.120999999999867" classname="ds.mean_math_scale_single" name="mean_X_a_mean_X_a"/>
    <testcase time="0.131000000000085" classname="ds.mean_math_scale_single" name="mean_X_a_mean_X_a"/>
  </testsuite>
  <testsuite name="math-ds.var" timestamp="2025-09-19T11:51:27Z" hostname="runnervmf4ws1" tests="0" skipped="0" failures="0" errors="0" time="0"/>
  <testsuite name="ds.var::math::positive_result::multiple" timestamp="2025-09-19T11:51:28Z" hostname="runnervmf4ws1" tests="32" skipped="0" failures="0" errors="0" time="9.958">
    <testcase time="7.67699999999991" classname="ds.var_math_positive_result_multiple" name="variance_0"/>
    <testcase time="0.153999999999996" classname="ds.var_math_positive_result_multiple" name="variance_0"/>
    <testcase time="0.146999999999935" classname="ds.var_math_positive_result_multiple" name="variance_0"/>
    <testcase time="0.15300000000002" classname="ds.var_math_positive_result_multiple" name="variance_0"/>
    <testcase time="0.147000000000162" classname="ds.var_math_positive_result_multiple" name="variance_0"/>
    <testcase time="0.166999999999916" classname="ds.var_math_positive_result_multiple" name="variance_0"/>
    <testcase time="0.141000000000076" classname="ds.var_math_positive_result_multiple" name="variance_0"/>
    <testcase time="0.143000000000029" classname="ds.var_math_positive_result_multiple" name="variance_0"/>
    <testcase time="0.159999999999854" classname="ds.var_math_positive_result_multiple" name="variance_0"/>
    <testcase time="0.00199999999995271" classname="ds.var_math_positive_result_multiple" name="variance_0"/>
    <testcase time="0.00300000000015643" classname="ds.var_math_positive_result_multiple" name="variance_0"/>
    <testcase time="0.145999999999958" classname="ds.var_math_positive_result_multiple" name="variance_0"/>
    <testcase time="0.00299999999992906" classname="ds.var_math_positive_result_multiple" name="variance_0"/>
    <testcase time="0.00199999999995271" classname="ds.var_math_positive_result_multiple" name="variance_0"/>
    <testcase time="0.153999999999996" classname="ds.var_math_positive_result_multiple" name="variance_0"/>
    <testcase time="0.00300000000015643" classname="ds.var_math_positive_result_multiple" name="variance_0"/>
    <testcase time="0.00199999999995271" classname="ds.var_math_positive_result_multiple" name="variance_0"/>
    <testcase time="0.143000000000029" classname="ds.var_math_positive_result_multiple" name="variance_0"/>
    <testcase time="0.00299999999992906" classname="ds.var_math_positive_result_multiple" name="variance_0"/>
    <testcase time="0.00199999999995271" classname="ds.var_math_positive_result_multiple" name="variance_0"/>
    <testcase time="0.152000000000044" classname="ds.var_math_positive_result_multiple" name="variance_0"/>
    <testcase time="0.00299999999992906" classname="ds.var_math_positive_result_multiple" name="variance_0"/>
    <testcase time="0.00300000000015643" classname="ds.var_math_positive_result_multiple" name="variance_0"/>
    <testcase time="0.144000000000005" classname="ds.var_math_positive_result_multiple" name="variance_0"/>
    <testcase time="0.00199999999995271" classname="ds.var_math_positive_result_multiple" name="variance_0"/>
    <testcase time="0.00299999999992906" classname="ds.var_math_positive_result_multiple" name="variance_0"/>
    <testcase time="0.149000000000115" classname="ds.var_math_positive_result_multiple" name="variance_0"/>
    <testcase time="0.00299999999992906" classname="ds.var_math_positive_result_multiple" name="variance_0"/>
    <testcase time="0.00199999999995271" classname="ds.var_math_positive_result_multiple" name="variance_0"/>
    <testcase time="0.1400000000001" classname="ds.var_math_positive_result_multiple" name="variance_0"/>
    <testcase time="0.00199999999995271" classname="ds.var_math_positive_result_multiple" name="variance_0"/>
    <testcase time="0.00299999999992906" classname="ds.var_math_positive_result_multiple" name="variance_0"/>
  </testsuite>
  <testsuite name="ds.var::math::positive_result::single" timestamp="2025-09-19T11:51:37Z" hostname="runnervmf4ws1" tests="32" skipped="0" failures="0" errors="0" time="3.998">
    <testcase time="3.14400000000001" classname="ds.var_math_positive_result_single" name="variance_0"/>
    <testcase time="0.0579999999999927" classname="ds.var_math_positive_result_single" name="variance_0"/>
    <testcase time="0.0520000000001346" classname="ds.var_math_positive_result_single" name="variance_0"/>
    <testcase time="0.0519999999999072" classname="ds.var_math_positive_result_single" name="variance_0"/>
    <testcase time="0.053000000000111" classname="ds.var_math_positive_result_single" name="variance_0"/>
    <testcase time="0.0619999999998981" classname="ds.var_math_positive_result_single" name="variance_0"/>
    <testcase time="0.0520000000001346" classname="ds.var_math_positive_result_single" name="variance_0"/>
    <testcase time="0.0529999999998836" classname="ds.var_math_positive_result_single" name="variance_0"/>
    <testcase time="0.0519999999999072" classname="ds.var_math_positive_result_single" name="variance_0"/>
    <testcase time="0.00199999999995271" classname="ds.var_math_positive_result_single" name="variance_0"/>
    <testcase time="0.00299999999992906" classname="ds.var_math_positive_result_single" name="variance_0"/>
    <testcase time="0.0540000000000873" classname="ds.var_math_positive_result_single" name="variance_0"/>
    <testcase time="0.00199999999995271" classname="ds.var_math_positive_result_single" name="variance_0"/>
    <testcase time="0.00299999999992906" classname="ds.var_math_positive_result_single" name="variance_0"/>
    <testcase time="0.0550000000000637" classname="ds.var_math_positive_result_single" name="variance_0"/>
    <testcase time="0.00900000000001455" classname="ds.var_math_positive_result_single" name="variance_0"/>
    <testcase time="0.00299999999992906" classname="ds.var_math_positive_result_single" name="variance_0"/>
    <testcase time="0.0520000000001346" classname="ds.var_math_positive_result_single" name="variance_0"/>
    <testcase time="0.00299999999992906" classname="ds.var_math_positive_result_single" name="variance_0"/>
    <testcase time="0.00299999999992906" classname="ds.var_math_positive_result_single" name="variance_0"/>
    <testcase time="0.0510000000001583" classname="ds.var_math_positive_result_single" name="variance_0"/>
    <testcase time="0.00299999999992906" classname="ds.var_math_positive_result_single" name="variance_0"/>
    <testcase time="0.00299999999992906" classname="ds.var_math_positive_result_single" name="variance_0"/>
    <testcase time="0.0520000000001346" classname="ds.var_math_positive_result_single" name="variance_0"/>
    <testcase time="0.00299999999992906" classname="ds.var_math_positive_result_single" name="variance_0"/>
    <testcase time="0.00299999999992906" classname="ds.var_math_positive_result_single" name="variance_0"/>
    <testcase time="0.0520000000001346" classname="ds.var_math_positive_result_single" name="variance_0"/>
    <testcase time="0.00299999999992906" classname="ds.var_math_positive_result_single" name="variance_0"/>
    <testcase time="0.00299999999992906" classname="ds.var_math_positive_result_single" name="variance_0"/>
    <testcase time="0.053000000000111" classname="ds.var_math_positive_result_single" name="variance_0"/>
    <testcase time="0.00299999999992906" classname="ds.var_math_positive_result_single" name="variance_0"/>
    <testcase time="0.00199999999995271" classname="ds.var_math_positive_result_single" name="variance_0"/>
  </testsuite>
  <testsuite name="ds.var::math::square_root_std::single" timestamp="2025-09-19T11:51:41Z" hostname="runnervmf4ws1" tests="8" skipped="0" failures="0" errors="0" time="3.329">
    <testcase time="3.11000000000013" classname="ds.var_math_square_root_std_single" name="variance_is_to_the_power_of_2_of_the_standard_deviation"/>
    <testcase time="0.0449999999998454" classname="ds.var_math_square_root_std_single" name="variance_is_to_the_power_of_2_of_the_standard_deviation"/>
    <testcase time="0.0289999999999964" classname="ds.var_math_square_root_std_single" name="variance_is_to_the_power_of_2_of_the_standard_deviation"/>
    <testcase time="0.02800000000002" classname="ds.var_math_square_root_std_single" name="variance_is_to_the_power_of_2_of_the_standard_deviation"/>
    <testcase time="0.02800000000002" classname="ds.var_math_square_root_std_single" name="variance_is_to_the_power_of_2_of_the_standard_deviation"/>
    <testcase time="0.0320000000001528" classname="ds.var_math_square_root_std_single" name="variance_is_to_the_power_of_2_of_the_standard_deviation"/>
    <testcase time="0.02800000000002" classname="ds.var_math_square_root_std_single" name="variance_is_to_the_power_of_2_of_the_standard_deviation"/>
    <testcase time="0.0289999999999964" classname="ds.var_math_square_root_std_single" name="variance_is_to_the_power_of_2_of_the_standard_deviation"/>
  </testsuite>
  <testsuite name="ds.var::math::square_root_std::multiple" timestamp="2025-09-19T11:51:45Z" hostname="runnervmf4ws1" tests="32" skipped="0" failures="0" errors="0" time="8.804">
    <testcase time="7.54899999999998" classname="ds.var_math_square_root_std_multiple" name="variance_is_to_the_power_of_2_of_the_standard_deviation"/>
    <testcase time="0.0779999999999745" classname="ds.var_math_square_root_std_multiple" name="variance_is_to_the_power_of_2_of_the_standard_deviation"/>
    <testcase time="0.0850000000000364" classname="ds.var_math_square_root_std_multiple" name="variance_is_to_the_power_of_2_of_the_standard_deviation"/>
    <testcase time="0.0779999999999745" classname="ds.var_math_square_root_std_multiple" name="variance_is_to_the_power_of_2_of_the_standard_deviation"/>
    <testcase time="0.0850000000000364" classname="ds.var_math_square_root_std_multiple" name="variance_is_to_the_power_of_2_of_the_standard_deviation"/>
    <testcase time="0.0769999999999982" classname="ds.var_math_square_root_std_multiple" name="variance_is_to_the_power_of_2_of_the_standard_deviation"/>
    <testcase time="0.0850000000000364" classname="ds.var_math_square_root_std_multiple" name="variance_is_to_the_power_of_2_of_the_standard_deviation"/>
    <testcase time="0.0789999999999509" classname="ds.var_math_square_root_std_multiple" name="variance_is_to_the_power_of_2_of_the_standard_deviation"/>
    <testcase time="0.0869999999999891" classname="ds.var_math_square_root_std_multiple" name="variance_is_to_the_power_of_2_of_the_standard_deviation"/>
    <testcase time="0.000999999999976353" classname="ds.var_math_square_root_std_multiple" name="variance_is_to_the_power_of_2_of_the_standard_deviation"/>
    <testcase time="0.000999999999976353" classname="ds.var_math_square_root_std_multiple" name="variance_is_to_the_power_of_2_of_the_standard_deviation"/>
    <testcase time="0.0779999999999745" classname="ds.var_math_square_root_std_multiple" name="variance_is_to_the_power_of_2_of_the_standard_deviation"/>
    <testcase time="0.00199999999995271" classname="ds.var_math_square_root_std_multiple" name="variance_is_to_the_power_of_2_of_the_standard_deviation"/>
    <testcase time="0.00100000000020373" classname="ds.var_math_square_root_std_multiple" name="variance_is_to_the_power_of_2_of_the_standard_deviation"/>
    <testcase time="0.084999999999809" classname="ds.var_math_square_root_std_multiple" name="variance_is_to_the_power_of_2_of_the_standard_deviation"/>
    <testcase time="0.000999999999976353" classname="ds.var_math_square_root_std_multiple" name="variance_is_to_the_power_of_2_of_the_standard_deviation"/>
    <testcase time="0.00100000000020373" classname="ds.var_math_square_root_std_multiple" name="variance_is_to_the_power_of_2_of_the_standard_deviation"/>
    <testcase time="0.0779999999999745" classname="ds.var_math_square_root_std_multiple" name="variance_is_to_the_power_of_2_of_the_standard_deviation"/>
    <testcase time="0.000999999999976353" classname="ds.var_math_square_root_std_multiple" name="variance_is_to_the_power_of_2_of_the_standard_deviation"/>
    <testcase time="0.000999999999976353" classname="ds.var_math_square_root_std_multiple" name="variance_is_to_the_power_of_2_of_the_standard_deviation"/>
    <testcase time="0.0799999999999272" classname="ds.var_math_square_root_std_multiple" name="variance_is_to_the_power_of_2_of_the_standard_deviation"/>
    <testcase time="0.00199999999995271" classname="ds.var_math_square_root_std_multiple" name="variance_is_to_the_power_of_2_of_the_standard_deviation"/>
    <testcase time="0.00100000000020373" classname="ds.var_math_square_root_std_multiple" name="variance_is_to_the_power_of_2_of_the_standard_deviation"/>
    <testcase time="0.0789999999999509" classname="ds.var_math_square_root_std_multiple" name="variance_is_to_the_power_of_2_of_the_standard_deviation"/>
    <testcase time="0.00199999999995271" classname="ds.var_math_square_root_std_multiple" name="variance_is_to_the_power_of_2_of_the_standard_deviation"/>
    <testcase time="0.000999999999976353" classname="ds.var_math_square_root_std_multiple" name="variance_is_to_the_power_of_2_of_the_standard_deviation"/>
    <testcase time="0.0860000000000127" classname="ds.var_math_square_root_std_multiple" name="variance_is_to_the_power_of_2_of_the_standard_deviation"/>
    <testcase time="0.000999999999976353" classname="ds.var_math_square_root_std_multiple" name="variance_is_to_the_power_of_2_of_the_standard_deviation"/>
    <testcase time="0.000999999999976353" classname="ds.var_math_square_root_std_multiple" name="variance_is_to_the_power_of_2_of_the_standard_deviation"/>
    <testcase time="0.0960000000000036" classname="ds.var_math_square_root_std_multiple" name="variance_is_to_the_power_of_2_of_the_standard_deviation"/>
    <testcase time="0.000999999999976353" classname="ds.var_math_square_root_std_multiple" name="variance_is_to_the_power_of_2_of_the_standard_deviation"/>
    <testcase time="0.000999999999976353" classname="ds.var_math_square_root_std_multiple" name="variance_is_to_the_power_of_2_of_the_standard_deviation"/>
  </testsuite>
  <testsuite name="ds.var::math::location::parameter::single" timestamp="2025-09-19T11:51:54Z" hostname="runnervmf4ws1" tests="8" skipped="0" failures="0" errors="0" time="4.293">
    <testcase time="3.2320000000002" classname="ds.var_math_location_parameter_single" name="var_X_a_Var_X_"/>
    <testcase time="0.153999999999996" classname="ds.var_math_location_parameter_single" name="var_X_a_Var_X_"/>
    <testcase time="0.144999999999982" classname="ds.var_math_location_parameter_single" name="var_X_a_Var_X_"/>
    <testcase time="0.147999999999911" classname="ds.var_math_location_parameter_single" name="var_X_a_Var_X_"/>
    <testcase time="0.151000000000067" classname="ds.var_math_location_parameter_single" name="var_X_a_Var_X_"/>
    <testcase time="0.149999999999864" classname="ds.var_math_location_parameter_single" name="var_X_a_Var_X_"/>
    <testcase time="0.158000000000129" classname="ds.var_math_location_parameter_single" name="var_X_a_Var_X_"/>
    <testcase time="0.154999999999973" classname="ds.var_math_location_parameter_single" name="var_X_a_Var_X_"/>
  </testsuite>
  <testsuite name="ds.var::math::location::parameter::multiple" timestamp="2025-09-19T11:51:58Z" hostname="runnervmf4ws1" tests="8" skipped="0" failures="0" errors="0" time="10.878">
    <testcase time="7.904" classname="ds.var_math_location_parameter_multiple" name="var_X_a_Var_X_"/>
    <testcase time="0.426999999999907" classname="ds.var_math_location_parameter_multiple" name="var_X_a_Var_X_"/>
    <testcase time="0.432999999999993" classname="ds.var_math_location_parameter_multiple" name="var_X_a_Var_X_"/>
    <testcase time="0.430000000000064" classname="ds.var_math_location_parameter_multiple" name="var_X_a_Var_X_"/>
    <testcase time="0.422000000000025" classname="ds.var_math_location_parameter_multiple" name="var_X_a_Var_X_"/>
    <testcase time="0.420000000000073" classname="ds.var_math_location_parameter_multiple" name="var_X_a_Var_X_"/>
    <testcase time="0.422000000000025" classname="ds.var_math_location_parameter_multiple" name="var_X_a_Var_X_"/>
    <testcase time="0.419999999999845" classname="ds.var_math_location_parameter_multiple" name="var_X_a_Var_X_"/>
  </testsuite>
  <testsuite name="ds.var::math::scale::single" timestamp="2025-09-19T11:52:09Z" hostname="runnervmf4ws1" tests="8" skipped="0" failures="0" errors="0" time="4.277">
    <testcase time="3.21900000000005" classname="ds.var_math_scale_single" name="var_aX_a_2Var_X_"/>
    <testcase time="0.151000000000067" classname="ds.var_math_scale_single" name="var_aX_a_2Var_X_"/>
    <testcase time="0.146999999999935" classname="ds.var_math_scale_single" name="var_aX_a_2Var_X_"/>
    <testcase time="0.146999999999935" classname="ds.var_math_scale_single" name="var_aX_a_2Var_X_"/>
    <testcase time="0.158000000000129" classname="ds.var_math_scale_single" name="var_aX_a_2Var_X_"/>
    <testcase time="0.15300000000002" classname="ds.var_math_scale_single" name="var_aX_a_2Var_X_"/>
    <testcase time="0.155999999999949" classname="ds.var_math_scale_single" name="var_aX_a_2Var_X_"/>
    <testcase time="0.145999999999958" classname="ds.var_math_scale_single" name="var_aX_a_2Var_X_"/>
  </testsuite>
  <testsuite name="ds.var::math::scale::multiple" timestamp="2025-09-19T11:52:13Z" hostname="runnervmf4ws1" tests="8" skipped="0" failures="0" errors="0" time="10.958">
    <testcase time="7.95100000000002" classname="ds.var_math_scale_multiple" name="var_aX_a_2Var_X_"/>
    <testcase time="0.417999999999893" classname="ds.var_math_scale_multiple" name="var_aX_a_2Var_X_"/>
    <testcase time="0.43100000000004" classname="ds.var_math_scale_multiple" name="var_aX_a_2Var_X_"/>
    <testcase time="0.420000000000073" classname="ds.var_math_scale_multiple" name="var_aX_a_2Var_X_"/>
    <testcase time="0.465999999999894" classname="ds.var_math_scale_multiple" name="var_aX_a_2Var_X_"/>
    <testcase time="0.424000000000206" classname="ds.var_math_scale_multiple" name="var_aX_a_2Var_X_"/>
    <testcase time="0.432999999999993" classname="ds.var_math_scale_multiple" name="var_aX_a_2Var_X_"/>
    <testcase time="0.414999999999964" classname="ds.var_math_scale_multiple" name="var_aX_a_2Var_X_"/>
  </testsuite>
  <testsuite name="perf-conndisconn" timestamp="2025-09-19T11:52:24Z" hostname="runnervmf4ws1" tests="0" skipped="0" failures="0" errors="0" time="0"/>
  <testsuite name="conndisconn::perf::setup" timestamp="2025-09-19T11:52:24Z" hostname="runnervmf4ws1" tests="0" skipped="0" failures="0" errors="0" time="0"/>
  <testsuite name="conndisconn::perf::simple0" timestamp="2025-09-19T11:52:31Z" hostname="runnervmf4ws1" tests="2" skipped="0" failures="0" errors="0" time="133.688">
    <testcase time="133.687" classname="conndisconn_perf_simple0" name="simple_connect_disconnect_performance"/>
    <testcase time="0.000999999999976353" classname="conndisconn_perf_simple0" name="simple_connect_disconnect_performance"/>
  </testsuite>
  <testsuite name="conndisconn::perf::shutdown" timestamp="2025-09-19T11:54:38Z" hostname="runnervmf4ws1" tests="0" skipped="0" failures="0" errors="0" time="0"/>
  <testsuite name="conndisconn::perf::done" timestamp="2025-09-19T11:54:38Z" hostname="runnervmf4ws1" tests="0" skipped="0" failures="0" errors="0" time="0"/>
  <testsuite name="perf-ds.abs" timestamp="2025-09-19T11:54:38Z" hostname="runnervmf4ws1" tests="0" skipped="0" failures="0" errors="0" time="0"/>
  <testsuite name="ds.abs::perf::setup" timestamp="2025-09-19T11:54:38Z" hostname="runnervmf4ws1" tests="0" skipped="0" failures="0" errors="0" time="0"/>
  <testsuite name="ds.abs::perf:0" timestamp="2025-09-19T11:54:45Z" hostname="runnervmf4ws1" tests="2" skipped="0" failures="1" errors="0" time="37.487">
    <testcase time="37.4830000000002" classname="ds.abs_perf_0" name="combine_performance"/>
    <testcase time="0.00399999999990541" classname="ds.abs_perf_0" name="combine_performance">
      <failure type="failure" message="Observed rate is not strictly less than upper threshold on rate. Difference: 2.72 ('test-perf-ds.abs.R:50:5')">Observed rate is not strictly less than upper threshold on rate. Difference: 2.72</failure>
    </testcase>
  </testsuite>
  <testsuite name="ds.abs::perf::shutdown" timestamp="2025-09-19T11:55:15Z" hostname="runnervmf4ws1" tests="0" skipped="0" failures="0" errors="0" time="0"/>
  <testsuite name="ds.abs::perf::done" timestamp="2025-09-19T11:55:15Z" hostname="runnervmf4ws1" tests="0" skipped="0" failures="0" errors="0" time="0"/>
  <testsuite name="perf-ds.asInteger" timestamp="2025-09-19T11:55:15Z" hostname="runnervmf4ws1" tests="0" skipped="0" failures="0" errors="0" time="0"/>
  <testsuite name="ds.asInteger::perf::setup" timestamp="2025-09-19T11:55:15Z" hostname="runnervmf4ws1" tests="0" skipped="0" failures="0" errors="0" time="0"/>
  <testsuite name="ds.asInteger::perf:0" timestamp="2025-09-19T11:55:23Z" hostname="runnervmf4ws1" tests="2" skipped="0" failures="1" errors="0" time="37.62">
    <testcase time="37.616" classname="ds.asInteger_perf_0" name="combine_performance"/>
    <testcase time="0.00400000000013279" classname="ds.asInteger_perf_0" name="combine_performance">
      <failure type="failure" message="Observed rate is not strictly less than upper threshold on rate. Difference: 2.68 ('test-perf-ds.asInteger.R:50:5')">Observed rate is not strictly less than upper threshold on rate. Difference: 2.68</failure>
    </testcase>
  </testsuite>
  <testsuite name="ds.asInteger::perf::shutdown" timestamp="2025-09-19T11:55:53Z" hostname="runnervmf4ws1" tests="0" skipped="0" failures="0" errors="0" time="0"/>
  <testsuite name="ds.asInteger::perf::done" timestamp="2025-09-19T11:55:53Z" hostname="runnervmf4ws1" tests="0" skipped="0" failures="0" errors="0" time="0"/>
  <testsuite name="perf-ds.asList" timestamp="2025-09-19T11:55:53Z" hostname="runnervmf4ws1" tests="0" skipped="0" failures="0" errors="0" time="0"/>
  <testsuite name="ds.asList::perf::setup" timestamp="2025-09-19T11:55:53Z" hostname="runnervmf4ws1" tests="0" skipped="0" failures="0" errors="0" time="0"/>
  <testsuite name="ds.asList::perf:0" timestamp="2025-09-19T11:56:00Z" hostname="runnervmf4ws1" tests="2" skipped="0" failures="1" errors="0" time="37.527">
    <testcase time="37.5229999999999" classname="ds.asList_perf_0" name="combine_performance"/>
    <testcase time="0.00399999999990541" classname="ds.asList_perf_0" name="combine_performance">
      <failure type="failure" message="Observed rate is not strictly less than upper threshold on rate. Difference: 6.41 ('test-perf-ds.asList.R:50:5')">Observed rate is not strictly less than upper threshold on rate. Difference: 6.41</failure>
    </testcase>
  </testsuite>
  <testsuite name="ds.asList::perf::shutdown" timestamp="2025-09-19T11:56:30Z" hostname="runnervmf4ws1" tests="0" skipped="0" failures="0" errors="0" time="0"/>
  <testsuite name="ds.asList::perf::done" timestamp="2025-09-19T11:56:31Z" hostname="runnervmf4ws1" tests="0" skipped="0" failures="0" errors="0" time="0"/>
  <testsuite name="perf-ds.asNumeric" timestamp="2025-09-19T11:56:31Z" hostname="runnervmf4ws1" tests="0" skipped="0" failures="0" errors="0" time="0"/>
  <testsuite name="ds.asNumeric::perf::setup" timestamp="2025-09-19T11:56:31Z" hostname="runnervmf4ws1" tests="0" skipped="0" failures="0" errors="0" time="0"/>
  <testsuite name="ds.asNumeric::perf:0" timestamp="2025-09-19T11:56:38Z" hostname="runnervmf4ws1" tests="2" skipped="0" failures="1" errors="0" time="37.635">
    <testcase time="37.6300000000001" classname="ds.asNumeric_perf_0" name="combine_performance"/>
    <testcase time="0.00499999999988177" classname="ds.asNumeric_perf_0" name="combine_performance">
      <failure type="failure" message="Observed rate is not strictly less than upper threshold on rate. Difference: 2.66 ('test-perf-ds.asNumeric.R:50:5')">Observed rate is not strictly less than upper threshold on rate. Difference: 2.66</failure>
    </testcase>
  </testsuite>
  <testsuite name="ds.asNumeric::perf::shutdown" timestamp="2025-09-19T11:57:08Z" hostname="runnervmf4ws1" tests="0" skipped="0" failures="0" errors="0" time="0"/>
  <testsuite name="ds.asNumeric::perf::done" timestamp="2025-09-19T11:57:08Z" hostname="runnervmf4ws1" tests="0" skipped="0" failures="0" errors="0" time="0"/>
  <testsuite name="perf-ds.assign" timestamp="2025-09-19T11:57:08Z" hostname="runnervmf4ws1" tests="0" skipped="0" failures="0" errors="0" time="0"/>
  <testsuite name="ds.assign::perf::setup" timestamp="2025-09-19T11:57:08Z" hostname="runnervmf4ws1" tests="0" skipped="0" failures="0" errors="0" time="0"/>
  <testsuite name="ds.assign::perf::0" timestamp="2025-09-19T11:57:15Z" hostname="runnervmf4ws1" tests="2" skipped="0" failures="1" errors="0" time="37.554">
    <testcase time="37.5500000000002" classname="ds.assign_perf_0" name="performance"/>
    <testcase time="0.00399999999990541" classname="ds.assign_perf_0" name="performance">
      <failure type="failure" message="Observed rate is not strictly less than upper threshold on rate. Difference: 3.27 ('test-perf-ds.assign.R:50:5')">Observed rate is not strictly less than upper threshold on rate. Difference: 3.27</failure>
    </testcase>
  </testsuite>
  <testsuite name="ds.assign::perf::shutdown" timestamp="2025-09-19T11:57:46Z" hostname="runnervmf4ws1" tests="0" skipped="0" failures="0" errors="0" time="0"/>
  <testsuite name="ds.assign::perf::done" timestamp="2025-09-19T11:57:46Z" hostname="runnervmf4ws1" tests="0" skipped="0" failures="0" errors="0" time="0"/>
  <testsuite name="perf-ds.class" timestamp="2025-09-19T11:57:46Z" hostname="runnervmf4ws1" tests="0" skipped="0" failures="0" errors="0" time="0"/>
  <testsuite name="ds.class::perf::setup" timestamp="2025-09-19T11:57:46Z" hostname="runnervmf4ws1" tests="0" skipped="0" failures="0" errors="0" time="0"/>
  <testsuite name="ds.class::perf::combine:0" timestamp="2025-09-19T11:57:53Z" hostname="runnervmf4ws1" tests="2" skipped="0" failures="1" errors="0" time="37.608">
    <testcase time="37.604" classname="ds.class_perf_combine_0" name="combine_performance"/>
    <testcase time="0.00399999999990541" classname="ds.class_perf_combine_0" name="combine_performance">
      <failure type="failure" message="Observed rate is not strictly less than upper threshold on rate. Difference: 6.52 ('test-perf-ds.class.R:50:5')">Observed rate is not strictly less than upper threshold on rate. Difference: 6.52</failure>
    </testcase>
  </testsuite>
  <testsuite name="ds.class::perf::shutdown" timestamp="2025-09-19T11:58:23Z" hostname="runnervmf4ws1" tests="0" skipped="0" failures="0" errors="0" time="0"/>
  <testsuite name="ds.class::perf::done" timestamp="2025-09-19T11:58:23Z" hostname="runnervmf4ws1" tests="0" skipped="0" failures="0" errors="0" time="0"/>
  <testsuite name="perf-ds.colnames" timestamp="2025-09-19T11:58:23Z" hostname="runnervmf4ws1" tests="0" skipped="0" failures="0" errors="0" time="0"/>
  <testsuite name="ds.colnames::perf::setup" timestamp="2025-09-19T11:58:23Z" hostname="runnervmf4ws1" tests="0" skipped="0" failures="0" errors="0" time="0"/>
  <testsuite name="ds.colnames::perf:0" timestamp="2025-09-19T11:58:31Z" hostname="runnervmf4ws1" tests="2" skipped="0" failures="1" errors="0" time="37.555">
    <testcase time="37.5510000000002" classname="ds.colnames_perf_0" name="combine_performance"/>
    <testcase time="0.00399999999990541" classname="ds.colnames_perf_0" name="combine_performance">
      <failure type="failure" message="Observed rate is not strictly less than upper threshold on rate. Difference: 4.64 ('test-perf-ds.colnames.R:50:5')">Observed rate is not strictly less than upper threshold on rate. Difference: 4.64</failure>
    </testcase>
  </testsuite>
  <testsuite name="ds.colnames::perf::shutdown" timestamp="2025-09-19T11:59:01Z" hostname="runnervmf4ws1" tests="0" skipped="0" failures="0" errors="0" time="0"/>
  <testsuite name="ds.colnames::perf::done" timestamp="2025-09-19T11:59:01Z" hostname="runnervmf4ws1" tests="0" skipped="0" failures="0" errors="0" time="0"/>
  <testsuite name="perf-ds.exists" timestamp="2025-09-19T11:59:01Z" hostname="runnervmf4ws1" tests="0" skipped="0" failures="0" errors="0" time="0"/>
  <testsuite name="ds.exists::perf::setup" timestamp="2025-09-19T11:59:01Z" hostname="runnervmf4ws1" tests="0" skipped="0" failures="0" errors="0" time="0"/>
  <testsuite name="ds.exists::perf::combine:0" timestamp="2025-09-19T11:59:08Z" hostname="runnervmf4ws1" tests="2" skipped="0" failures="1" errors="0" time="37.48">
    <testcase time="37.4759999999999" classname="ds.exists_perf_combine_0" name="combine_performance"/>
    <testcase time="0.00400000000013279" classname="ds.exists_perf_combine_0" name="combine_performance">
      <failure type="failure" message="Observed rate is not strictly less than upper threshold on rate. Difference: 11.2 ('test-perf-ds.exists.R:50:5')">Observed rate is not strictly less than upper threshold on rate. Difference: 11.2</failure>
    </testcase>
  </testsuite>
  <testsuite name="ds.exists::perf::shutdown" timestamp="2025-09-19T11:59:38Z" hostname="runnervmf4ws1" tests="0" skipped="0" failures="0" errors="0" time="0"/>
  <testsuite name="ds.exists::perf::done" timestamp="2025-09-19T11:59:38Z" hostname="runnervmf4ws1" tests="0" skipped="0" failures="0" errors="0" time="0"/>
  <testsuite name="perf-ds.length" timestamp="2025-09-19T11:59:38Z" hostname="runnervmf4ws1" tests="0" skipped="0" failures="0" errors="0" time="0"/>
  <testsuite name="ds.length::perf::setup" timestamp="2025-09-19T11:59:38Z" hostname="runnervmf4ws1" tests="0" skipped="0" failures="0" errors="0" time="0"/>
  <testsuite name="ds.length::perf::combine:0" timestamp="2025-09-19T11:59:46Z" hostname="runnervmf4ws1" tests="2" skipped="0" failures="1" errors="0" time="37.456">
    <testcase time="37.452" classname="ds.length_perf_combine_0" name="combine_performance"/>
    <testcase time="0.00399999999990541" classname="ds.length_perf_combine_0" name="combine_performance">
      <failure type="failure" message="Observed rate is not strictly less than upper threshold on rate. Difference: 12.8 ('test-perf-ds.length.R:50:5')">Observed rate is not strictly less than upper threshold on rate. Difference: 12.8</failure>
    </testcase>
  </testsuite>
  <testsuite name="ds.length::perf::shutdown" timestamp="2025-09-19T12:00:16Z" hostname="runnervmf4ws1" tests="0" skipped="0" failures="0" errors="0" time="0"/>
  <testsuite name="ds.length::perf::done" timestamp="2025-09-19T12:00:16Z" hostname="runnervmf4ws1" tests="0" skipped="0" failures="0" errors="0" time="0"/>
  <testsuite name="perf-ds.mean" timestamp="2025-09-19T12:00:16Z" hostname="runnervmf4ws1" tests="0" skipped="0" failures="0" errors="0" time="0"/>
  <testsuite name="ds.mean::perf::setup" timestamp="2025-09-19T12:00:16Z" hostname="runnervmf4ws1" tests="0" skipped="0" failures="0" errors="0" time="0"/>
  <testsuite name="ds.mean::perf::combine:0" timestamp="2025-09-19T12:00:23Z" hostname="runnervmf4ws1" tests="2" skipped="0" failures="1" errors="0" time="37.506">
    <testcase time="37.5020000000002" classname="ds.mean_perf_combine_0" name="combine_performance"/>
    <testcase time="0.00399999999990541" classname="ds.mean_perf_combine_0" name="combine_performance">
      <failure type="failure" message="Observed rate is not strictly less than upper threshold on rate. Difference: 13 ('test-perf-ds.mean.R:50:5')">Observed rate is not strictly less than upper threshold on rate. Difference: 13</failure>
    </testcase>
  </testsuite>
  <testsuite name="ds.mean::perf::split:0" timestamp="2025-09-19T12:00:53Z" hostname="runnervmf4ws1" tests="2" skipped="0" failures="1" errors="0" time="30.062">
    <testcase time="30.058" classname="ds.mean_perf_split_0" name="split_performance"/>
    <testcase time="0.00399999999990541" classname="ds.mean_perf_split_0" name="split_performance">
      <failure type="failure" message="Observed rate is not strictly less than upper threshold on rate. Difference: 10.9 ('test-perf-ds.mean.R:81:5')">Observed rate is not strictly less than upper threshold on rate. Difference: 10.9</failure>
    </testcase>
  </testsuite>
  <testsuite name="ds.mean::perf::shutdown" timestamp="2025-09-19T12:01:23Z" hostname="runnervmf4ws1" tests="0" skipped="0" failures="0" errors="0" time="0"/>
  <testsuite name="ds.mean::perf::done" timestamp="2025-09-19T12:01:23Z" hostname="runnervmf4ws1" tests="0" skipped="0" failures="0" errors="0" time="0"/>
  <testsuite name="perf-void" timestamp="2025-09-19T12:01:23Z" hostname="runnervmf4ws1" tests="0" skipped="0" failures="0" errors="0" time="0"/>
  <testsuite name="void::perf::void::setup" timestamp="2025-09-19T12:01:23Z" hostname="runnervmf4ws1" tests="0" skipped="0" failures="0" errors="0" time="0"/>
  <testsuite name="void::perf::void::0" timestamp="2025-09-19T12:01:23Z" hostname="runnervmf4ws1" tests="2" skipped="0" failures="0" errors="0" time="60.292">
    <testcase time="60.2900000000002" classname="void_perf_void_0" name="simple_void_performance"/>
    <testcase time="0.00199999999995271" classname="void_perf_void_0" name="simple_void_performance"/>
  </testsuite>
  <testsuite name="void::perf::void::shutdown" timestamp="2025-09-19T12:02:23Z" hostname="runnervmf4ws1" tests="0" skipped="0" failures="0" errors="0" time="0"/>
  <testsuite name="void::perf::void::done" timestamp="2025-09-19T12:02:23Z" hostname="runnervmf4ws1" tests="0" skipped="0" failures="0" errors="0" time="0"/>
  <testsuite name="smk_expt-ds.mean" timestamp="2025-09-19T12:02:23Z" hostname="runnervmf4ws1" tests="0" skipped="0" failures="0" errors="0" time="0"/>
  <testsuite name="ds.mean::smk_expt::type=combine" timestamp="2025-09-19T12:02:31Z" hostname="runnervmf4ws1" tests="1" skipped="0" failures="0" errors="0" time="7.342">
    <testcase time="7.34199999999987" classname="ds.mean_smk_expt_type_combine" name="mean_values_combine_"/>
  </testsuite>
  <testsuite name="ds.mean::smk_expt::type=split" timestamp="2025-09-19T12:02:31Z" hostname="runnervmf4ws1" tests="1" skipped="0" failures="0" errors="0" time="0.05">
    <testcase time="0.0500000000001819" classname="ds.mean_smk_expt_type_split" name="mean_values_split_"/>
  </testsuite>
  <testsuite name="ds.mean::smk_expt::type=both" timestamp="2025-09-19T12:02:31Z" hostname="runnervmf4ws1" tests="1" skipped="0" failures="0" errors="0" time="0.047">
    <testcase time="0.0469999999997981" classname="ds.mean_smk_expt_type_both" name="mean_values_both_"/>
  </testsuite>
  <testsuite name="ds.mean::smk_expt::type=combine" timestamp="2025-09-19T12:02:31Z" hostname="runnervmf4ws1" tests="1" skipped="1" failures="0" errors="0" time="0.007">
    <testcase time="0.00700000000006185" classname="ds.mean_smk_expt_type_combine" name="mean_values_combine_">
      <skipped message="Reason: empty test ('test-smk_expt-ds.mean.R:43:1')"/>
    </testcase>
  </testsuite>
  <testsuite name="ds.mean::smk_expt::type=split" timestamp="2025-09-19T12:02:31Z" hostname="runnervmf4ws1" tests="1" skipped="1" failures="0" errors="0" time="0.015">
    <testcase time="0.0150000000001" classname="ds.mean_smk_expt_type_split" name="mean_values_split_">
      <skipped message="Reason: empty test ('test-smk_expt-ds.mean.R:50:1')"/>
    </testcase>
  </testsuite>
  <testsuite name="ds.mean::smk_expt::type=both" timestamp="2025-09-19T12:02:31Z" hostname="runnervmf4ws1" tests="1" skipped="1" failures="0" errors="0" time="0.021">
    <testcase time="0.0209999999999582" classname="ds.mean_smk_expt_type_both" name="mean_values_both_">
      <skipped message="Reason: empty test ('test-smk_expt-ds.mean.R:57:1')"/>
    </testcase>
  </testsuite>
  <testsuite name="ds.mean::smk_expt::type=combine" timestamp="2025-09-19T12:02:31Z" hostname="runnervmf4ws1" tests="1" skipped="0" failures="0" errors="0" time="0.057">
    <testcase time="0.0570000000000164" classname="ds.mean_smk_expt_type_combine" name="mean_values_combine_"/>
  </testsuite>
  <testsuite name="ds.mean::smk_expt::type=split" timestamp="2025-09-19T12:02:31Z" hostname="runnervmf4ws1" tests="1" skipped="0" failures="0" errors="0" time="0.047">
    <testcase time="0.0470000000000255" classname="ds.mean_smk_expt_type_split" name="mean_values_split_"/>
  </testsuite>
  <testsuite name="ds.mean::smk_expt::type=both" timestamp="2025-09-19T12:02:31Z" hostname="runnervmf4ws1" tests="1" skipped="0" failures="0" errors="0" time="0.047">
    <testcase time="0.0470000000000255" classname="ds.mean_smk_expt_type_both" name="mean_values_both_"/>
  </testsuite>
  <testsuite name="ds.mean::smk_expt::type=combine" timestamp="2025-09-19T12:02:31Z" hostname="runnervmf4ws1" tests="1" skipped="0" failures="0" errors="0" time="0.047">
    <testcase time="0.0470000000000255" classname="ds.mean_smk_expt_type_combine" name="mean_values_combine_"/>
  </testsuite>
  <testsuite name="ds.mean::smk_expt::type=split" timestamp="2025-09-19T12:02:31Z" hostname="runnervmf4ws1" tests="1" skipped="0" failures="0" errors="0" time="0.046">
    <testcase time="0.0459999999998217" classname="ds.mean_smk_expt_type_split" name="mean_values_split_"/>
  </testsuite>
  <testsuite name="ds.mean::smk_expt::type=both" timestamp="2025-09-19T12:02:31Z" hostname="runnervmf4ws1" tests="1" skipped="0" failures="0" errors="0" time="0.054">
    <testcase time="0.0540000000000873" classname="ds.mean_smk_expt_type_both" name="mean_values_both_"/>
  </testsuite>
  <testsuite name="ds.mean::smk_expt::type=combine" timestamp="2025-09-19T12:02:31Z" hostname="runnervmf4ws1" tests="1" skipped="0" failures="0" errors="0" time="0.049">
    <testcase time="0.0489999999999782" classname="ds.mean_smk_expt_type_combine" name="mean_values_combine_"/>
  </testsuite>
  <testsuite name="ds.mean::smk_expt::type=split" timestamp="2025-09-19T12:02:31Z" hostname="runnervmf4ws1" tests="1" skipped="0" failures="0" errors="0" time="0.048">
    <testcase time="0.0480000000000018" classname="ds.mean_smk_expt_type_split" name="mean_values_split_"/>
  </testsuite>
  <testsuite name="ds.mean::smk_expt::type=both" timestamp="2025-09-19T12:02:31Z" hostname="runnervmf4ws1" tests="1" skipped="0" failures="0" errors="0" time="0.048">
    <testcase time="0.0480000000000018" classname="ds.mean_smk_expt_type_both" name="mean_values_both_"/>
  </testsuite>
  <testsuite name="ds.mean::smk_expt::type=combine" timestamp="2025-09-19T12:02:31Z" hostname="runnervmf4ws1" tests="1" skipped="0" failures="0" errors="0" time="0.234">
    <testcase time="0.233999999999924" classname="ds.mean_smk_expt_type_combine" name="mean_values_combine_"/>
  </testsuite>
  <testsuite name="ds.mean::smk_expt::type=split" timestamp="2025-09-19T12:02:32Z" hostname="runnervmf4ws1" tests="1" skipped="0" failures="0" errors="0" time="0.249">
    <testcase time="0.249000000000024" classname="ds.mean_smk_expt_type_split" name="mean_values_split_"/>
  </testsuite>
  <testsuite name="ds.mean::smk_expt::type=both" timestamp="2025-09-19T12:02:32Z" hostname="runnervmf4ws1" tests="1" skipped="0" failures="0" errors="0" time="0.226">
    <testcase time="0.226000000000113" classname="ds.mean_smk_expt_type_both" name="mean_values_both_"/>
  </testsuite>
  <testsuite name="ds.mean::smk_expt::type=combine" timestamp="2025-09-19T12:02:32Z" hostname="runnervmf4ws1" tests="1" skipped="0" failures="0" errors="0" time="0.238">
    <testcase time="0.238000000000056" classname="ds.mean_smk_expt_type_combine" name="mean_values_combine_"/>
  </testsuite>
  <testsuite name="ds.mean::smk_expt::type=split" timestamp="2025-09-19T12:02:32Z" hostname="runnervmf4ws1" tests="1" skipped="0" failures="0" errors="0" time="0.221">
    <testcase time="0.221000000000004" classname="ds.mean_smk_expt_type_split" name="mean_values_split_"/>
  </testsuite>
  <testsuite name="ds.mean::smk_expt::type=both" timestamp="2025-09-19T12:02:33Z" hostname="runnervmf4ws1" tests="1" skipped="0" failures="0" errors="0" time="0.234">
    <testcase time="0.233999999999924" classname="ds.mean_smk_expt_type_both" name="mean_values_both_"/>
  </testsuite>
  <testsuite name="ds.mean::smk_expt::type=combine" timestamp="2025-09-19T12:02:33Z" hostname="runnervmf4ws1" tests="1" skipped="0" failures="0" errors="0" time="0.229">
    <testcase time="0.229000000000042" classname="ds.mean_smk_expt_type_combine" name="mean_values_combine_"/>
  </testsuite>
  <testsuite name="ds.mean::smk_expt::type=split" timestamp="2025-09-19T12:02:33Z" hostname="runnervmf4ws1" tests="1" skipped="0" failures="0" errors="0" time="0.223">
    <testcase time="0.222999999999956" classname="ds.mean_smk_expt_type_split" name="mean_values_split_"/>
  </testsuite>
  <testsuite name="ds.mean::smk_expt::type=both" timestamp="2025-09-19T12:02:33Z" hostname="runnervmf4ws1" tests="1" skipped="0" failures="0" errors="0" time="0.234">
    <testcase time="0.233999999999924" classname="ds.mean_smk_expt_type_both" name="mean_values_both_"/>
  </testsuite>
  <testsuite name="ds.mean::smk_expt::type=combine" timestamp="2025-09-19T12:02:33Z" hostname="runnervmf4ws1" tests="1" skipped="0" failures="0" errors="0" time="0.227">
    <testcase time="0.227000000000089" classname="ds.mean_smk_expt_type_combine" name="mean_values_combine_"/>
  </testsuite>
  <testsuite name="ds.mean::smk_expt::type=split" timestamp="2025-09-19T12:02:34Z" hostname="runnervmf4ws1" tests="1" skipped="0" failures="0" errors="0" time="0.303">
    <testcase time="0.302999999999884" classname="ds.mean_smk_expt_type_split" name="mean_values_split_"/>
  </testsuite>
  <testsuite name="ds.mean::smk_expt::type=both" timestamp="2025-09-19T12:02:34Z" hostname="runnervmf4ws1" tests="1" skipped="0" failures="0" errors="0" time="0.229">
    <testcase time="0.229000000000042" classname="ds.mean_smk_expt_type_both" name="mean_values_both_"/>
  </testsuite>
  <testsuite name="ds.mean::smk_expt::type=combine" timestamp="2025-09-19T12:02:34Z" hostname="runnervmf4ws1" tests="1" skipped="0" failures="0" errors="0" time="0.225">
    <testcase time="0.225000000000136" classname="ds.mean_smk_expt_type_combine" name="mean_values_combine_"/>
  </testsuite>
  <testsuite name="ds.mean::smk_expt::type=split" timestamp="2025-09-19T12:02:34Z" hostname="runnervmf4ws1" tests="1" skipped="0" failures="0" errors="0" time="0.22">
    <testcase time="0.2199999999998" classname="ds.mean_smk_expt_type_split" name="mean_values_split_"/>
  </testsuite>
  <testsuite name="ds.mean::smk_expt::type=both" timestamp="2025-09-19T12:02:35Z" hostname="runnervmf4ws1" tests="1" skipped="0" failures="0" errors="0" time="0.227">
    <testcase time="0.227000000000089" classname="ds.mean_smk_expt_type_both" name="mean_values_both_"/>
  </testsuite>
  <testsuite name="ds.mean::smk_expt::type=combine" timestamp="2025-09-19T12:02:35Z" hostname="runnervmf4ws1" tests="1" skipped="0" failures="0" errors="0" time="0.224">
    <testcase time="0.223999999999933" classname="ds.mean_smk_expt_type_combine" name="mean_values_combine_"/>
  </testsuite>
  <testsuite name="ds.mean::smk_expt::type=split" timestamp="2025-09-19T12:02:35Z" hostname="runnervmf4ws1" tests="1" skipped="0" failures="0" errors="0" time="0.218">
    <testcase time="0.218000000000075" classname="ds.mean_smk_expt_type_split" name="mean_values_split_"/>
  </testsuite>
  <testsuite name="ds.mean::smk_expt::type=both" timestamp="2025-09-19T12:02:35Z" hostname="runnervmf4ws1" tests="1" skipped="0" failures="0" errors="0" time="0.231">
    <testcase time="0.230999999999995" classname="ds.mean_smk_expt_type_both" name="mean_values_both_"/>
  </testsuite>
  <testsuite name="smk_expt-ds.ranksSecure" timestamp="2025-09-19T12:02:36Z" hostname="runnervmf4ws1" tests="0" skipped="0" failures="0" errors="0" time="0"/>
  <testsuite name="ds.ranksSecure::smk_expt::setup" timestamp="2025-09-19T12:02:36Z" hostname="runnervmf4ws1" tests="3" skipped="0" failures="0" errors="0" time="7.521">
    <testcase time="7.51800000000003" classname="ds.ranksSecure_smk_expt_setup" name="setup"/>
    <testcase time="0.00199999999995271" classname="ds.ranksSecure_smk_expt_setup" name="setup"/>
    <testcase time="0.000999999999976353" classname="ds.ranksSecure_smk_expt_setup" name="setup"/>
  </testsuite>
  <testsuite name="ds.ranksSecure::smk_expt::continous, without NAs, all positive" timestamp="2025-09-19T12:02:43Z" hostname="runnervmf4ws1" tests="6" skipped="0" failures="0" errors="0" time="12.48">
    <testcase time="0.228000000000065" classname="ds.ranksSecure_smk_expt_continous_without_NAs_all_positive" name="continous_without_NAs_all_positive"/>
    <testcase time="0.106999999999971" classname="ds.ranksSecure_smk_expt_continous_without_NAs_all_positive" name="continous_without_NAs_all_positive"/>
    <testcase time="0.000999999999976353" classname="ds.ranksSecure_smk_expt_continous_without_NAs_all_positive" name="continous_without_NAs_all_positive"/>
    <testcase time="0.00199999999995271" classname="ds.ranksSecure_smk_expt_continous_without_NAs_all_positive" name="continous_without_NAs_all_positive"/>
    <testcase time="0.000999999999976353" classname="ds.ranksSecure_smk_expt_continous_without_NAs_all_positive" name="continous_without_NAs_all_positive"/>
    <testcase time="12.1410000000001" classname="ds.ranksSecure_smk_expt_continous_without_NAs_all_positive" name="continous_without_NAs_all_positive"/>
  </testsuite>
  <testsuite name="ds.ranksSecure::smk_expt::continous, without NAs, with negative" timestamp="2025-09-19T12:02:56Z" hostname="runnervmf4ws1" tests="6" skipped="0" failures="0" errors="0" time="12.092">
    <testcase time="0.178000000000111" classname="ds.ranksSecure_smk_expt_continous_without_NAs_with_negative" name="continous_without_NAs_with_negative"/>
    <testcase time="0.105000000000018" classname="ds.ranksSecure_smk_expt_continous_without_NAs_with_negative" name="continous_without_NAs_with_negative"/>
    <testcase time="0.00199999999995271" classname="ds.ranksSecure_smk_expt_continous_without_NAs_with_negative" name="continous_without_NAs_with_negative"/>
    <testcase time="0.000999999999976353" classname="ds.ranksSecure_smk_expt_continous_without_NAs_with_negative" name="continous_without_NAs_with_negative"/>
    <testcase time="0.000999999999976353" classname="ds.ranksSecure_smk_expt_continous_without_NAs_with_negative" name="continous_without_NAs_with_negative"/>
    <testcase time="11.8050000000001" classname="ds.ranksSecure_smk_expt_continous_without_NAs_with_negative" name="continous_without_NAs_with_negative"/>
  </testsuite>
  <testsuite name="ds.ranksSecure::smk_expt::continous, with NAs, all positive" timestamp="2025-09-19T12:03:08Z" hostname="runnervmf4ws1" tests="1" skipped="0" failures="0" errors="0" time="12.009">
    <testcase time="12.009" classname="ds.ranksSecure_smk_expt_continous_with_NAs_all_positive" name="continous_with_NAs_all_positive"/>
  </testsuite>
  <testsuite name="ds.ranksSecure::smk_expt::continous, with NAs, with negative" timestamp="2025-09-19T12:03:20Z" hostname="runnervmf4ws1" tests="1" skipped="0" failures="0" errors="0" time="11.774">
    <testcase time="11.7739999999999" classname="ds.ranksSecure_smk_expt_continous_with_NAs_with_negative" name="continous_with_NAs_with_negative"/>
  </testsuite>
  <testsuite name="ds.ranksSecure::smk_expt::shutdown" timestamp="2025-09-19T12:03:31Z" hostname="runnervmf4ws1" tests="3" skipped="0" failures="0" errors="0" time="0.047">
    <testcase time="0.0450000000000728" classname="ds.ranksSecure_smk_expt_shutdown" name="setup"/>
    <testcase time="0.000999999999976353" classname="ds.ranksSecure_smk_expt_shutdown" name="setup"/>
    <testcase time="0.000999999999976353" classname="ds.ranksSecure_smk_expt_shutdown" name="setup"/>
  </testsuite>
  <testsuite name="ds.ranksSecure::smk_expt::done" timestamp="2025-09-19T12:03:32Z" hostname="runnervmf4ws1" tests="0" skipped="0" failures="0" errors="0" time="0"/>
  <testsuite name="smk-checkClass-discordant" timestamp="2025-09-19T12:03:32Z" hostname="runnervmf4ws1" tests="0" skipped="0" failures="0" errors="0" time="0"/>
  <testsuite name="checkClass::smk::discordant::setup" timestamp="2025-09-19T12:03:32Z" hostname="runnervmf4ws1" tests="3" skipped="0" failures="0" errors="0" time="7.51">
    <testcase time="7.50800000000004" classname="checkClass_smk_discordant_setup" name="setup"/>
    <testcase time="0.000999999999976353" classname="checkClass_smk_discordant_setup" name="setup"/>
    <testcase time="0.000999999999976353" classname="checkClass_smk_discordant_setup" name="setup"/>
  </testsuite>
  <testsuite name="checkClass::smk::discordant" timestamp="2025-09-19T12:03:39Z" hostname="runnervmf4ws1" tests="3" skipped="0" failures="0" errors="0" time="0.097">
    <testcase time="0.0350000000000819" classname="checkClass_smk_discordant" name="simple_test_discordant_dataset_A"/>
    <testcase time="0.0299999999999727" classname="checkClass_smk_discordant" name="simple_test_discordant_dataset_B"/>
    <testcase time="0.0319999999999254" classname="checkClass_smk_discordant" name="simple_test_discordant_dataset_C"/>
  </testsuite>
  <testsuite name="checkClass::smk::discordant::shutdown" timestamp="2025-09-19T12:03:39Z" hostname="runnervmf4ws1" tests="3" skipped="0" failures="0" errors="0" time="0.056">
    <testcase time="0.053000000000111" classname="checkClass_smk_discordant_shutdown" name="shutdown"/>
    <testcase time="0.00199999999995271" classname="checkClass_smk_discordant_shutdown" name="shutdown"/>
    <testcase time="0.000999999999976353" classname="checkClass_smk_discordant_shutdown" name="shutdown"/>
  </testsuite>
  <testsuite name="checkClass::smk::discordant::done" timestamp="2025-09-19T12:03:39Z" hostname="runnervmf4ws1" tests="0" skipped="0" failures="0" errors="0" time="0"/>
  <testsuite name="smk-checkClass" timestamp="2025-09-19T12:03:39Z" hostname="runnervmf4ws1" tests="0" skipped="0" failures="0" errors="0" time="0"/>
  <testsuite name="checkClass::smk::setup" timestamp="2025-09-19T12:03:39Z" hostname="runnervmf4ws1" tests="3" skipped="0" failures="0" errors="0" time="7.48">
    <testcase time="7.47700000000009" classname="checkClass_smk_setup" name="setup"/>
    <testcase time="0.00199999999995271" classname="checkClass_smk_setup" name="setup"/>
    <testcase time="0.000999999999976353" classname="checkClass_smk_setup" name="setup"/>
  </testsuite>
  <testsuite name="checkClass::smk::simple test" timestamp="2025-09-19T12:03:47Z" hostname="runnervmf4ws1" tests="24" skipped="0" failures="0" errors="0" time="0.47">
    <testcase time="0.0309999999999491" classname="checkClass_smk_simple_test" name="simple_test"/>
    <testcase time="0.00199999999995271" classname="checkClass_smk_simple_test" name="simple_test"/>
    <testcase time="0.000999999999976353" classname="checkClass_smk_simple_test" name="simple_test"/>
    <testcase time="0.0270000000000437" classname="checkClass_smk_simple_test" name="simple_test"/>
    <testcase time="0.00199999999995271" classname="checkClass_smk_simple_test" name="simple_test"/>
    <testcase time="0.00100000000020373" classname="checkClass_smk_simple_test" name="simple_test"/>
    <testcase time="0.0279999999997926" classname="checkClass_smk_simple_test" name="simple_test"/>
    <testcase time="0.00100000000020373" classname="checkClass_smk_simple_test" name="simple_test"/>
    <testcase time="0.000999999999976353" classname="checkClass_smk_simple_test" name="simple_test"/>
    <testcase time="0.0289999999999964" classname="checkClass_smk_simple_test" name="simple_test"/>
    <testcase time="0.000999999999976353" classname="checkClass_smk_simple_test" name="simple_test"/>
    <testcase time="0.000999999999976353" classname="checkClass_smk_simple_test" name="simple_test"/>
    <testcase time="0.0339999999998781" classname="checkClass_smk_simple_test" name="simple_test"/>
    <testcase time="0.00100000000020373" classname="checkClass_smk_simple_test" name="simple_test"/>
    <testcase time="0.000999999999976353" classname="checkClass_smk_simple_test" name="simple_test"/>
    <testcase time="0.02800000000002" classname="checkClass_smk_simple_test" name="simple_test"/>
    <testcase time="0.000999999999976353" classname="checkClass_smk_simple_test" name="simple_test"/>
    <testcase time="0.000999999999976353" classname="checkClass_smk_simple_test" name="simple_test"/>
    <testcase time="0.240000000000009" classname="checkClass_smk_simple_test" name="data.frame_test"/>
    <testcase time="0.000999999999976353" classname="checkClass_smk_simple_test" name="data.frame_test"/>
    <testcase time="0.000999999999976353" classname="checkClass_smk_simple_test" name="data.frame_test"/>
    <testcase time="0.02800000000002" classname="checkClass_smk_simple_test" name="missing_test"/>
    <testcase time="0.0080000000000382" classname="checkClass_smk_simple_test" name="missing_test"/>
    <testcase time="0.000999999999976353" classname="checkClass_smk_simple_test" name="missing_test"/>
  </testsuite>
  <testsuite name="checkClass::smk::shutdown" timestamp="2025-09-19T12:03:47Z" hostname="runnervmf4ws1" tests="3" skipped="0" failures="0" errors="0" time="0.049">
    <testcase time="0.0460000000000491" classname="checkClass_smk_shutdown" name="shutdown"/>
    <testcase time="0.00199999999995271" classname="checkClass_smk_shutdown" name="shutdown"/>
    <testcase time="0.000999999999976353" classname="checkClass_smk_shutdown" name="shutdown"/>
  </testsuite>
  <testsuite name="checkClass::smk::done" timestamp="2025-09-19T12:03:47Z" hostname="runnervmf4ws1" tests="0" skipped="0" failures="0" errors="0" time="0"/>
  <testsuite name="smk-ds.abs" timestamp="2025-09-19T12:03:47Z" hostname="runnervmf4ws1" tests="0" skipped="0" failures="0" errors="0" time="0"/>
  <testsuite name="ds.abs::smk::setup" timestamp="2025-09-19T12:03:47Z" hostname="runnervmf4ws1" tests="3" skipped="0" failures="0" errors="0" time="7.432">
    <testcase time="7.43000000000006" classname="ds.abs_smk_setup" name="setup"/>
    <testcase time="0.000999999999976353" classname="ds.abs_smk_setup" name="setup"/>
    <testcase time="0.000999999999976353" classname="ds.abs_smk_setup" name="setup"/>
  </testsuite>
  <testsuite name="ds.abs::smk" timestamp="2025-09-19T12:03:55Z" hostname="runnervmf4ws1" tests="10" skipped="0" failures="0" errors="0" time="0.313">
    <testcase time="0.18100000000004" classname="ds.abs_smk" name="simple_c"/>
    <testcase time="0.043999999999869" classname="ds.abs_smk" name="simple_c"/>
    <testcase time="0.00199999999995271" classname="ds.abs_smk" name="simple_c"/>
    <testcase time="0.00100000000020373" classname="ds.abs_smk" name="simple_c"/>
    <testcase time="0.000999999999976353" classname="ds.abs_smk" name="simple_c"/>
    <testcase time="0.000999999999976353" classname="ds.abs_smk" name="simple_c"/>
    <testcase time="0.0789999999999509" classname="ds.abs_smk" name="simple_c"/>
    <testcase time="0.00199999999995271" classname="ds.abs_smk" name="simple_c"/>
    <testcase time="0.000999999999976353" classname="ds.abs_smk" name="simple_c"/>
    <testcase time="0.000999999999976353" classname="ds.abs_smk" name="simple_c"/>
  </testsuite>
  <testsuite name="ds.abs::smk::shutdown" timestamp="2025-09-19T12:03:55Z" hostname="runnervmf4ws1" tests="3" skipped="0" failures="0" errors="0" time="0.049">
    <testcase time="0.0460000000000491" classname="ds.abs_smk_shutdown" name="setup"/>
    <testcase time="0.000999999999976353" classname="ds.abs_smk_shutdown" name="setup"/>
    <testcase time="0.00199999999995271" classname="ds.abs_smk_shutdown" name="setup"/>
  </testsuite>
  <testsuite name="ds.abs::smk::done" timestamp="2025-09-19T12:03:55Z" hostname="runnervmf4ws1" tests="0" skipped="0" failures="0" errors="0" time="0"/>
  <testsuite name="smk-ds.asCharacter" timestamp="2025-09-19T12:03:55Z" hostname="runnervmf4ws1" tests="0" skipped="0" failures="0" errors="0" time="0"/>
  <testsuite name="ds.asCharacter::smk::setup" timestamp="2025-09-19T12:03:55Z" hostname="runnervmf4ws1" tests="3" skipped="0" failures="0" errors="0" time="7.535">
    <testcase time="7.53300000000013" classname="ds.asCharacter_smk_setup" name="setup"/>
    <testcase time="0.000999999999976353" classname="ds.asCharacter_smk_setup" name="setup"/>
    <testcase time="0.000999999999976353" classname="ds.asCharacter_smk_setup" name="setup"/>
  </testsuite>
  <testsuite name="ds.asCharacter::smk::simple test" timestamp="2025-09-19T12:04:03Z" hostname="runnervmf4ws1" tests="3" skipped="0" failures="0" errors="0" time="0.197">
    <testcase time="0.194999999999936" classname="ds.asCharacter_smk_simple_test" name="simple_test"/>
    <testcase time="0.00100000000020373" classname="ds.asCharacter_smk_simple_test" name="simple_test"/>
    <testcase time="0.000999999999976353" classname="ds.asCharacter_smk_simple_test" name="simple_test"/>
  </testsuite>
  <testsuite name="ds.asCharacter::smk::stutdown" timestamp="2025-09-19T12:04:03Z" hostname="runnervmf4ws1" tests="3" skipped="0" failures="0" errors="0" time="0.05">
    <testcase time="0.0470000000000255" classname="ds.asCharacter_smk_stutdown" name="setup"/>
    <testcase time="0.00199999999995271" classname="ds.asCharacter_smk_stutdown" name="setup"/>
    <testcase time="0.000999999999976353" classname="ds.asCharacter_smk_stutdown" name="setup"/>
  </testsuite>
  <testsuite name="ds.asCharacter::smk::done" timestamp="2025-09-19T12:04:03Z" hostname="runnervmf4ws1" tests="0" skipped="0" failures="0" errors="0" time="0"/>
  <testsuite name="smk-ds.asDataMatrix" timestamp="2025-09-19T12:04:03Z" hostname="runnervmf4ws1" tests="0" skipped="0" failures="0" errors="0" time="0"/>
  <testsuite name="ds.asDataMatrix::smk::setup" timestamp="2025-09-19T12:04:03Z" hostname="runnervmf4ws1" tests="3" skipped="0" failures="0" errors="0" time="7.522">
    <testcase time="7.51999999999998" classname="ds.asDataMatrix_smk_setup" name="setup"/>
    <testcase time="0.000999999999976353" classname="ds.asDataMatrix_smk_setup" name="setup"/>
    <testcase time="0.000999999999976353" classname="ds.asDataMatrix_smk_setup" name="setup"/>
  </testsuite>
  <testsuite name="ds.asDataMatrix::smk::simple test" timestamp="2025-09-19T12:04:10Z" hostname="runnervmf4ws1" tests="13" skipped="0" failures="0" errors="0" time="0.331">
    <testcase time="0.229000000000042" classname="ds.asDataMatrix_smk_simple_test" name="simple_test"/>
    <testcase time="0.000999999999976353" classname="ds.asDataMatrix_smk_simple_test" name="simple_test"/>
    <testcase time="0.000999999999976353" classname="ds.asDataMatrix_smk_simple_test" name="simple_test"/>
    <testcase time="0.0800000000001546" classname="ds.asDataMatrix_smk_simple_test" name="simple_test"/>
    <testcase time="0.00199999999995271" classname="ds.asDataMatrix_smk_simple_test" name="simple_test"/>
    <testcase time="0.00299999999992906" classname="ds.asDataMatrix_smk_simple_test" name="simple_test"/>
    <testcase time="0.00199999999995271" classname="ds.asDataMatrix_smk_simple_test" name="simple_test"/>
    <testcase time="0.000999999999976353" classname="ds.asDataMatrix_smk_simple_test" name="simple_test"/>
    <testcase time="0.00300000000015643" classname="ds.asDataMatrix_smk_simple_test" name="simple_test"/>
    <testcase time="0.00199999999995271" classname="ds.asDataMatrix_smk_simple_test" name="simple_test"/>
    <testcase time="0.00199999999995271" classname="ds.asDataMatrix_smk_simple_test" name="simple_test"/>
    <testcase time="0.00199999999995271" classname="ds.asDataMatrix_smk_simple_test" name="simple_test"/>
    <testcase time="0.00300000000015643" classname="ds.asDataMatrix_smk_simple_test" name="simple_test"/>
  </testsuite>
  <testsuite name="ds.asDataMatrix::smk::shutdown" timestamp="2025-09-19T12:04:11Z" hostname="runnervmf4ws1" tests="3" skipped="0" failures="0" errors="0" time="0.05">
    <testcase time="0.0469999999997981" classname="ds.asDataMatrix_smk_shutdown" name="shutdown"/>
    <testcase time="0.00200000000018008" classname="ds.asDataMatrix_smk_shutdown" name="shutdown"/>
    <testcase time="0.000999999999976353" classname="ds.asDataMatrix_smk_shutdown" name="shutdown"/>
  </testsuite>
  <testsuite name="ds.asDataMatrix::smk::done" timestamp="2025-09-19T12:04:11Z" hostname="runnervmf4ws1" tests="0" skipped="0" failures="0" errors="0" time="0"/>
  <testsuite name="smk-ds.asFactor" timestamp="2025-09-19T12:04:11Z" hostname="runnervmf4ws1" tests="0" skipped="0" failures="0" errors="0" time="0"/>
  <testsuite name="ds.asFactor::smk::setup" timestamp="2025-09-19T12:04:11Z" hostname="runnervmf4ws1" tests="3" skipped="0" failures="0" errors="0" time="7.597">
    <testcase time="7.59500000000003" classname="ds.asFactor_smk_setup" name="setup"/>
    <testcase time="0.000999999999976353" classname="ds.asFactor_smk_setup" name="setup"/>
    <testcase time="0.000999999999976353" classname="ds.asFactor_smk_setup" name="setup"/>
  </testsuite>
  <testsuite name="ds.asFactor::smk::force.factor.levels" timestamp="2025-09-19T12:04:18Z" hostname="runnervmf4ws1" tests="25" skipped="0" failures="0" errors="0" time="1.838">
    <testcase time="0.511999999999944" classname="ds.asFactor_smk_force.factor.levels" name="with_no_force.factor.levels"/>
    <testcase time="0.000999999999976353" classname="ds.asFactor_smk_force.factor.levels" name="with_no_force.factor.levels"/>
    <testcase time="0.00199999999995271" classname="ds.asFactor_smk_force.factor.levels" name="with_no_force.factor.levels"/>
    <testcase time="0.00100000000020373" classname="ds.asFactor_smk_force.factor.levels" name="with_no_force.factor.levels"/>
    <testcase time="0.000999999999976353" classname="ds.asFactor_smk_force.factor.levels" name="with_no_force.factor.levels"/>
    <testcase time="0.328999999999951" classname="ds.asFactor_smk_force.factor.levels" name="with_forced.factor.levels_of_1_6"/>
    <testcase time="0.000999999999976353" classname="ds.asFactor_smk_force.factor.levels" name="with_forced.factor.levels_of_1_6"/>
    <testcase time="0.00199999999995271" classname="ds.asFactor_smk_force.factor.levels" name="with_forced.factor.levels_of_1_6"/>
    <testcase time="0.000999999999976353" classname="ds.asFactor_smk_force.factor.levels" name="with_forced.factor.levels_of_1_6"/>
    <testcase time="0.000999999999976353" classname="ds.asFactor_smk_force.factor.levels" name="with_forced.factor.levels_of_1_6"/>
    <testcase time="0.328000000000202" classname="ds.asFactor_smk_force.factor.levels" name="with_force.factor.levels_of_0_10"/>
    <testcase time="0.000999999999976353" classname="ds.asFactor_smk_force.factor.levels" name="with_force.factor.levels_of_0_10"/>
    <testcase time="0.00199999999995271" classname="ds.asFactor_smk_force.factor.levels" name="with_force.factor.levels_of_0_10"/>
    <testcase time="0.000999999999976353" classname="ds.asFactor_smk_force.factor.levels" name="with_force.factor.levels_of_0_10"/>
    <testcase time="0.000999999999976353" classname="ds.asFactor_smk_force.factor.levels" name="with_force.factor.levels_of_0_10"/>
    <testcase time="0.317000000000007" classname="ds.asFactor_smk_force.factor.levels" name="with_force.factor.levels_of_2_3"/>
    <testcase time="0.00199999999995271" classname="ds.asFactor_smk_force.factor.levels" name="with_force.factor.levels_of_2_3"/>
    <testcase time="0.000999999999976353" classname="ds.asFactor_smk_force.factor.levels" name="with_force.factor.levels_of_2_3"/>
    <testcase time="0.000999999999976353" classname="ds.asFactor_smk_force.factor.levels" name="with_force.factor.levels_of_2_3"/>
    <testcase time="0.00100000000020373" classname="ds.asFactor_smk_force.factor.levels" name="with_force.factor.levels_of_2_3"/>
    <testcase time="0.325999999999794" classname="ds.asFactor_smk_force.factor.levels" name="with_force.factor.levels_of_c_1_2_3_4_a_h_5_"/>
    <testcase time="0.00200000000018008" classname="ds.asFactor_smk_force.factor.levels" name="with_force.factor.levels_of_c_1_2_3_4_a_h_5_"/>
    <testcase time="0.000999999999976353" classname="ds.asFactor_smk_force.factor.levels" name="with_force.factor.levels_of_c_1_2_3_4_a_h_5_"/>
    <testcase time="0.000999999999976353" classname="ds.asFactor_smk_force.factor.levels" name="with_force.factor.levels_of_c_1_2_3_4_a_h_5_"/>
    <testcase time="0.00199999999995271" classname="ds.asFactor_smk_force.factor.levels" name="with_force.factor.levels_of_c_1_2_3_4_a_h_5_"/>
  </testsuite>
  <testsuite name="ds.asFactor::smk::fixed.dummy.vars" timestamp="2025-09-19T12:04:20Z" hostname="runnervmf4ws1" tests="6" skipped="0" failures="0" errors="0" time="0.542">
    <testcase time="0.301999999999907" classname="ds.asFactor_smk_fixed.dummy.vars" name="with_fixed.dummy.vars_of_TRUE"/>
    <testcase time="0.00200000000018008" classname="ds.asFactor_smk_fixed.dummy.vars" name="with_fixed.dummy.vars_of_TRUE"/>
    <testcase time="0.00299999999992906" classname="ds.asFactor_smk_fixed.dummy.vars" name="with_fixed.dummy.vars_of_TRUE"/>
    <testcase time="0.229000000000042" classname="ds.asFactor_smk_fixed.dummy.vars" name="with_fixed.dummy.vars_of_TRUE_and_baseline.level_of_6"/>
    <testcase time="0.00299999999992906" classname="ds.asFactor_smk_fixed.dummy.vars" name="with_fixed.dummy.vars_of_TRUE_and_baseline.level_of_6"/>
    <testcase time="0.00299999999992906" classname="ds.asFactor_smk_fixed.dummy.vars" name="with_fixed.dummy.vars_of_TRUE_and_baseline.level_of_6"/>
  </testsuite>
  <testsuite name="ds.asFactor::smk::shutdown" timestamp="2025-09-19T12:04:21Z" hostname="runnervmf4ws1" tests="3" skipped="0" failures="0" errors="0" time="0.05">
    <testcase time="0.0480000000000018" classname="ds.asFactor_smk_shutdown" name="shutdown"/>
    <testcase time="0.00100000000020373" classname="ds.asFactor_smk_shutdown" name="shutdown"/>
    <testcase time="0.000999999999976353" classname="ds.asFactor_smk_shutdown" name="shutdown"/>
  </testsuite>
  <testsuite name="ds.asFactor::smk::done" timestamp="2025-09-19T12:04:21Z" hostname="runnervmf4ws1" tests="0" skipped="0" failures="0" errors="0" time="0"/>
  <testsuite name="smk-ds.asFactorSimple" timestamp="2025-09-19T12:04:21Z" hostname="runnervmf4ws1" tests="0" skipped="0" failures="0" errors="0" time="0"/>
  <testsuite name="ds.asFactorSimple::smk::setup" timestamp="2025-09-19T12:04:21Z" hostname="runnervmf4ws1" tests="3" skipped="0" failures="0" errors="0" time="7.497">
    <testcase time="7.49399999999991" classname="ds.asFactorSimple_smk_setup" name="setup"/>
    <testcase time="0.00199999999995271" classname="ds.asFactorSimple_smk_setup" name="setup"/>
    <testcase time="0.000999999999976353" classname="ds.asFactorSimple_smk_setup" name="setup"/>
  </testsuite>
  <testsuite name="ds.asFactorSimple::smk::force.factor.levels" timestamp="2025-09-19T12:04:28Z" hostname="runnervmf4ws1" tests="5" skipped="0" failures="0" errors="0" time="0.502">
    <testcase time="0.497000000000071" classname="ds.asFactorSimple_smk_force.factor.levels" name="with_no_force.factor.levels"/>
    <testcase time="0.00199999999995271" classname="ds.asFactorSimple_smk_force.factor.levels" name="with_no_force.factor.levels"/>
    <testcase time="0.000999999999976353" classname="ds.asFactorSimple_smk_force.factor.levels" name="with_no_force.factor.levels"/>
    <testcase time="0.000999999999976353" classname="ds.asFactorSimple_smk_force.factor.levels" name="with_no_force.factor.levels"/>
    <testcase time="0.00100000000020373" classname="ds.asFactorSimple_smk_force.factor.levels" name="with_no_force.factor.levels"/>
  </testsuite>
  <testsuite name="ds.asFactorSimple::smk::shutdown" timestamp="2025-09-19T12:04:29Z" hostname="runnervmf4ws1" tests="3" skipped="0" failures="0" errors="0" time="0.056">
    <testcase time="0.0539999999998599" classname="ds.asFactorSimple_smk_shutdown" name="shutdown"/>
    <testcase time="0.000999999999976353" classname="ds.asFactorSimple_smk_shutdown" name="shutdown"/>
    <testcase time="0.000999999999976353" classname="ds.asFactorSimple_smk_shutdown" name="shutdown"/>
  </testsuite>
  <testsuite name="ds.asFactorSimple::smk::done" timestamp="2025-09-19T12:04:29Z" hostname="runnervmf4ws1" tests="0" skipped="0" failures="0" errors="0" time="0"/>
  <testsuite name="smk-ds.asInteger" timestamp="2025-09-19T12:04:29Z" hostname="runnervmf4ws1" tests="0" skipped="0" failures="0" errors="0" time="0"/>
  <testsuite name="ds.asInteger::smk::setup" timestamp="2025-09-19T12:04:29Z" hostname="runnervmf4ws1" tests="3" skipped="0" failures="0" errors="0" time="7.505">
    <testcase time="7.50300000000016" classname="ds.asInteger_smk_setup" name="setup"/>
    <testcase time="0.000999999999748979" classname="ds.asInteger_smk_setup" name="setup"/>
    <testcase time="0.00100000000020373" classname="ds.asInteger_smk_setup" name="setup"/>
  </testsuite>
  <testsuite name="ds.asInteger::smk::simple test" timestamp="2025-09-19T12:04:36Z" hostname="runnervmf4ws1" tests="3" skipped="0" failures="0" errors="0" time="0.189">
    <testcase time="0.186000000000149" classname="ds.asInteger_smk_simple_test" name="simple_test"/>
    <testcase time="0.000999999999748979" classname="ds.asInteger_smk_simple_test" name="simple_test"/>
    <testcase time="0.00199999999995271" classname="ds.asInteger_smk_simple_test" name="simple_test"/>
  </testsuite>
  <testsuite name="ds.asInteger::smk::stutdown" timestamp="2025-09-19T12:04:36Z" hostname="runnervmf4ws1" tests="3" skipped="0" failures="0" errors="0" time="0.049">
    <testcase time="0.0470000000000255" classname="ds.asInteger_smk_stutdown" name="stutdown"/>
    <testcase time="0.00100000000020373" classname="ds.asInteger_smk_stutdown" name="stutdown"/>
    <testcase time="0.000999999999748979" classname="ds.asInteger_smk_stutdown" name="stutdown"/>
  </testsuite>
  <testsuite name="ds.asInteger::smk::done" timestamp="2025-09-19T12:04:37Z" hostname="runnervmf4ws1" tests="0" skipped="0" failures="0" errors="0" time="0"/>
  <testsuite name="smk-ds.asList" timestamp="2025-09-19T12:04:37Z" hostname="runnervmf4ws1" tests="0" skipped="0" failures="0" errors="0" time="0"/>
  <testsuite name="ds.asList::smk::setup" timestamp="2025-09-19T12:04:37Z" hostname="runnervmf4ws1" tests="3" skipped="0" failures="0" errors="0" time="7.566">
    <testcase time="7.56400000000031" classname="ds.asList_smk_setup" name="setup"/>
    <testcase time="0.000999999999748979" classname="ds.asList_smk_setup" name="setup"/>
    <testcase time="0.00100000000020373" classname="ds.asList_smk_setup" name="setup"/>
  </testsuite>
  <testsuite name="ds.asList::smk::simple test" timestamp="2025-09-19T12:04:44Z" hostname="runnervmf4ws1" tests="10" skipped="0" failures="0" errors="0" time="0.179">
    <testcase time="0.167999999999665" classname="ds.asList_smk_simple_test" name="simple_test"/>
    <testcase time="0.00100000000020373" classname="ds.asList_smk_simple_test" name="simple_test"/>
    <testcase time="0.00199999999995271" classname="ds.asList_smk_simple_test" name="simple_test"/>
    <testcase time="0.00100000000020373" classname="ds.asList_smk_simple_test" name="simple_test"/>
    <testcase time="0.000999999999748979" classname="ds.asList_smk_simple_test" name="simple_test"/>
    <testcase time="0.00100000000020373" classname="ds.asList_smk_simple_test" name="simple_test"/>
    <testcase time="0.000999999999748979" classname="ds.asList_smk_simple_test" name="simple_test"/>
    <testcase time="0.00100000000020373" classname="ds.asList_smk_simple_test" name="simple_test"/>
    <testcase time="0.000999999999748979" classname="ds.asList_smk_simple_test" name="simple_test"/>
    <testcase time="0.00200000000040745" classname="ds.asList_smk_simple_test" name="simple_test"/>
  </testsuite>
  <testsuite name="ds.asList::smk::shutdown" timestamp="2025-09-19T12:04:44Z" hostname="runnervmf4ws1" tests="3" skipped="0" failures="0" errors="0" time="0.058">
    <testcase time="0.0549999999998363" classname="ds.asList_smk_shutdown" name="stutdown"/>
    <testcase time="0.00199999999995271" classname="ds.asList_smk_shutdown" name="stutdown"/>
    <testcase time="0.00100000000020373" classname="ds.asList_smk_shutdown" name="stutdown"/>
  </testsuite>
  <testsuite name="ds.asList::smk::done" timestamp="2025-09-19T12:04:45Z" hostname="runnervmf4ws1" tests="0" skipped="0" failures="0" errors="0" time="0"/>
  <testsuite name="smk-ds.asLogical" timestamp="2025-09-19T12:04:45Z" hostname="runnervmf4ws1" tests="0" skipped="0" failures="0" errors="0" time="0"/>
  <testsuite name="ds.asLogical::smk::setup" timestamp="2025-09-19T12:04:45Z" hostname="runnervmf4ws1" tests="3" skipped="0" failures="0" errors="0" time="7.521">
    <testcase time="7.51799999999957" classname="ds.asLogical_smk_setup" name="setup"/>
    <testcase time="0.00200000000040745" classname="ds.asLogical_smk_setup" name="setup"/>
    <testcase time="0.000999999999748979" classname="ds.asLogical_smk_setup" name="setup"/>
  </testsuite>
  <testsuite name="ds.asLogical::smk::simple test" timestamp="2025-09-19T12:04:52Z" hostname="runnervmf4ws1" tests="3" skipped="0" failures="0" errors="0" time="0.229">
    <testcase time="0.226999999999862" classname="ds.asLogical_smk_simple_test" name="simple_test"/>
    <testcase time="0.00100000000020373" classname="ds.asLogical_smk_simple_test" name="simple_test"/>
    <testcase time="0.00100000000020373" classname="ds.asLogical_smk_simple_test" name="simple_test"/>
  </testsuite>
  <testsuite name="ds.asLogical::smk::shutdown" timestamp="2025-09-19T12:04:52Z" hostname="runnervmf4ws1" tests="3" skipped="0" failures="0" errors="0" time="0.048">
    <testcase time="0.0459999999998217" classname="ds.asLogical_smk_shutdown" name="shutdown"/>
    <testcase time="0.00100000000020373" classname="ds.asLogical_smk_shutdown" name="shutdown"/>
    <testcase time="0.000999999999748979" classname="ds.asLogical_smk_shutdown" name="shutdown"/>
  </testsuite>
  <testsuite name="ds.asLogical::smk::done" timestamp="2025-09-19T12:04:52Z" hostname="runnervmf4ws1" tests="0" skipped="0" failures="0" errors="0" time="0"/>
  <testsuite name="smk-ds.asMatrix" timestamp="2025-09-19T12:04:52Z" hostname="runnervmf4ws1" tests="0" skipped="0" failures="0" errors="0" time="0"/>
  <testsuite name="ds.asMatrix::smk::setup" timestamp="2025-09-19T12:04:52Z" hostname="runnervmf4ws1" tests="3" skipped="0" failures="0" errors="0" time="7.519">
    <testcase time="7.51699999999983" classname="ds.asMatrix_smk_setup" name="setup"/>
    <testcase time="0.00100000000020373" classname="ds.asMatrix_smk_setup" name="setup"/>
    <testcase time="0.00100000000020373" classname="ds.asMatrix_smk_setup" name="setup"/>
  </testsuite>
  <testsuite name="ds.asMatrix::smk::simple test" timestamp="2025-09-19T12:05:00Z" hostname="runnervmf4ws1" tests="3" skipped="0" failures="0" errors="0" time="0.188">
    <testcase time="0.184999999999945" classname="ds.asMatrix_smk_simple_test" name="simple_test"/>
    <testcase time="0.00199999999995271" classname="ds.asMatrix_smk_simple_test" name="simple_test"/>
    <testcase time="0.000999999999748979" classname="ds.asMatrix_smk_simple_test" name="simple_test"/>
  </testsuite>
  <testsuite name="ds.asMatrix::smk::shutdown" timestamp="2025-09-19T12:05:00Z" hostname="runnervmf4ws1" tests="3" skipped="0" failures="0" errors="0" time="0.048">
    <testcase time="0.0450000000000728" classname="ds.asMatrix_smk_shutdown" name="shutdown"/>
    <testcase time="0.00199999999995271" classname="ds.asMatrix_smk_shutdown" name="shutdown"/>
    <testcase time="0.00100000000020373" classname="ds.asMatrix_smk_shutdown" name="shutdown"/>
  </testsuite>
  <testsuite name="ds.asMatrix::smk::done" timestamp="2025-09-19T12:05:00Z" hostname="runnervmf4ws1" tests="0" skipped="0" failures="0" errors="0" time="0"/>
  <testsuite name="smk-ds.asNumeric" timestamp="2025-09-19T12:05:00Z" hostname="runnervmf4ws1" tests="0" skipped="0" failures="0" errors="0" time="0"/>
  <testsuite name="ds.asNumeric::smk::setup" timestamp="2025-09-19T12:05:00Z" hostname="runnervmf4ws1" tests="3" skipped="0" failures="0" errors="0" time="7.52">
    <testcase time="7.51800000000003" classname="ds.asNumeric_smk_setup" name="setup"/>
    <testcase time="0.000999999999748979" classname="ds.asNumeric_smk_setup" name="setup"/>
    <testcase time="0.00100000000020373" classname="ds.asNumeric_smk_setup" name="setup"/>
  </testsuite>
  <testsuite name="ds.asNumeric::smk::simple test" timestamp="2025-09-19T12:05:07Z" hostname="runnervmf4ws1" tests="3" skipped="0" failures="0" errors="0" time="0.186">
    <testcase time="0.183999999999742" classname="ds.asNumeric_smk_simple_test" name="simple_test"/>
    <testcase time="0.00100000000020373" classname="ds.asNumeric_smk_simple_test" name="simple_test"/>
    <testcase time="0.00100000000020373" classname="ds.asNumeric_smk_simple_test" name="simple_test"/>
  </testsuite>
  <testsuite name="ds.asNumeric::smk::shutdown" timestamp="2025-09-19T12:05:08Z" hostname="runnervmf4ws1" tests="3" skipped="0" failures="0" errors="0" time="0.049">
    <testcase time="0.0459999999998217" classname="ds.asNumeric_smk_shutdown" name="shutdown"/>
    <testcase time="0.000999999999748979" classname="ds.asNumeric_smk_shutdown" name="shutdown"/>
    <testcase time="0.00200000000040745" classname="ds.asNumeric_smk_shutdown" name="shutdown"/>
  </testsuite>
  <testsuite name="ds.asNumeric::smk::done" timestamp="2025-09-19T12:05:08Z" hostname="runnervmf4ws1" tests="0" skipped="0" failures="0" errors="0" time="0"/>
  <testsuite name="smk-ds.assign" timestamp="2025-09-19T12:05:08Z" hostname="runnervmf4ws1" tests="0" skipped="0" failures="0" errors="0" time="0"/>
  <testsuite name="ds.assign::smk::setup" timestamp="2025-09-19T12:05:08Z" hostname="runnervmf4ws1" tests="3" skipped="0" failures="0" errors="0" time="7.59">
    <testcase time="7.58699999999999" classname="ds.assign_smk_setup" name="setup"/>
    <testcase time="0.00199999999995271" classname="ds.assign_smk_setup" name="setup"/>
    <testcase time="0.000999999999748979" classname="ds.assign_smk_setup" name="setup"/>
  </testsuite>
  <testsuite name="ds.assign::smk" timestamp="2025-09-19T12:05:15Z" hostname="runnervmf4ws1" tests="1" skipped="0" failures="0" errors="0" time="0.108">
    <testcase time="0.108000000000175" classname="ds.assign_smk" name="test_assign"/>
  </testsuite>
  <testsuite name="ds.assign::smk::shutdown" timestamp="2025-09-19T12:05:15Z" hostname="runnervmf4ws1" tests="3" skipped="0" failures="0" errors="0" time="0.049">
    <testcase time="0.0459999999998217" classname="ds.assign_smk_shutdown" name="shutdown"/>
    <testcase time="0.00199999999995271" classname="ds.assign_smk_shutdown" name="shutdown"/>
    <testcase time="0.00100000000020373" classname="ds.assign_smk_shutdown" name="shutdown"/>
  </testsuite>
  <testsuite name="ds.assign::smk::done" timestamp="2025-09-19T12:05:16Z" hostname="runnervmf4ws1" tests="0" skipped="0" failures="0" errors="0" time="0"/>
  <testsuite name="smk-ds.Boole" timestamp="2025-09-19T12:05:16Z" hostname="runnervmf4ws1" tests="0" skipped="0" failures="0" errors="0" time="0"/>
  <testsuite name="ds.Boole::smk::setup" timestamp="2025-09-19T12:05:16Z" hostname="runnervmf4ws1" tests="3" skipped="0" failures="0" errors="0" time="7.535">
    <testcase time="7.5329999999999" classname="ds.Boole_smk_setup" name="setup"/>
    <testcase time="0.00100000000020373" classname="ds.Boole_smk_setup" name="setup"/>
    <testcase time="0.000999999999748979" classname="ds.Boole_smk_setup" name="setup"/>
  </testsuite>
  <testsuite name="ds.Boole::smk::variable" timestamp="2025-09-19T12:05:23Z" hostname="runnervmf4ws1" tests="37" skipped="0" failures="0" errors="0" time="0.757">
    <testcase time="0.394000000000233" classname="ds.Boole_smk_variable" name="simple_boole_variable"/>
    <testcase time="0.00199999999995271" classname="ds.Boole_smk_variable" name="simple_boole_variable"/>
    <testcase time="0.000999999999748979" classname="ds.Boole_smk_variable" name="simple_boole_variable"/>
    <testcase time="0.320000000000164" classname="ds.Boole_smk_variable" name="simple_boole_variable"/>
    <testcase time="0.00100000000020373" classname="ds.Boole_smk_variable" name="simple_boole_variable"/>
    <testcase time="0.000999999999748979" classname="ds.Boole_smk_variable" name="simple_boole_variable"/>
    <testcase time="0.00100000000020373" classname="ds.Boole_smk_variable" name="simple_boole_variable"/>
    <testcase time="0.00199999999995271" classname="ds.Boole_smk_variable" name="simple_boole_variable"/>
    <testcase time="0.000999999999748979" classname="ds.Boole_smk_variable" name="simple_boole_variable"/>
    <testcase time="0.00100000000020373" classname="ds.Boole_smk_variable" name="simple_boole_variable"/>
    <testcase time="0.000999999999748979" classname="ds.Boole_smk_variable" name="simple_boole_variable"/>
    <testcase time="0.00100000000020373" classname="ds.Boole_smk_variable" name="simple_boole_variable"/>
    <testcase time="0.00199999999995271" classname="ds.Boole_smk_variable" name="simple_boole_variable"/>
    <testcase time="0.00100000000020373" classname="ds.Boole_smk_variable" name="simple_boole_variable"/>
    <testcase time="0.000999999999748979" classname="ds.Boole_smk_variable" name="simple_boole_variable"/>
    <testcase time="0.00100000000020373" classname="ds.Boole_smk_variable" name="simple_boole_variable"/>
    <testcase time="0.00199999999995271" classname="ds.Boole_smk_variable" name="simple_boole_variable"/>
    <testcase time="0.000999999999748979" classname="ds.Boole_smk_variable" name="simple_boole_variable"/>
    <testcase time="0.00100000000020373" classname="ds.Boole_smk_variable" name="simple_boole_variable"/>
    <testcase time="0.00100000000020373" classname="ds.Boole_smk_variable" name="simple_boole_variable"/>
    <testcase time="0.000999999999748979" classname="ds.Boole_smk_variable" name="simple_boole_variable"/>
    <testcase time="0.000999999999748979" classname="ds.Boole_smk_variable" name="simple_boole_variable"/>
    <testcase time="0.00100000000020373" classname="ds.Boole_smk_variable" name="simple_boole_variable"/>
    <testcase time="0.000999999999748979" classname="ds.Boole_smk_variable" name="simple_boole_variable"/>
    <testcase time="0.00199999999995271" classname="ds.Boole_smk_variable" name="simple_boole_variable"/>
    <testcase time="0.00100000000020373" classname="ds.Boole_smk_variable" name="simple_boole_variable"/>
    <testcase time="0.000999999999748979" classname="ds.Boole_smk_variable" name="simple_boole_variable"/>
    <testcase time="0.00100000000020373" classname="ds.Boole_smk_variable" name="simple_boole_variable"/>
    <testcase time="0.00100000000020373" classname="ds.Boole_smk_variable" name="simple_boole_variable"/>
    <testcase time="0.00199999999995271" classname="ds.Boole_smk_variable" name="simple_boole_variable"/>
    <testcase time="0.000999999999748979" classname="ds.Boole_smk_variable" name="simple_boole_variable"/>
    <testcase time="0.00100000000020373" classname="ds.Boole_smk_variable" name="simple_boole_variable"/>
    <testcase time="0.00199999999995271" classname="ds.Boole_smk_variable" name="simple_boole_variable"/>
    <testcase time="0.000999999999748979" classname="ds.Boole_smk_variable" name="simple_boole_variable"/>
    <testcase time="0.00100000000020373" classname="ds.Boole_smk_variable" name="simple_boole_variable"/>
    <testcase time="0.00199999999995271" classname="ds.Boole_smk_variable" name="simple_boole_variable"/>
    <testcase time="0.00100000000020373" classname="ds.Boole_smk_variable" name="simple_boole_variable"/>
  </testsuite>
  <testsuite name="ds.Boole::smk::small neg constant V2" timestamp="2025-09-19T12:05:24Z" hostname="runnervmf4ws1" tests="37" skipped="0" failures="0" errors="0" time="0.546">
    <testcase time="0.315000000000055" classname="ds.Boole_smk_small_neg_constant_V2" name="simple_boole_small_neg_constant_V2"/>
    <testcase time="0.000999999999748979" classname="ds.Boole_smk_small_neg_constant_V2" name="simple_boole_small_neg_constant_V2"/>
    <testcase time="0.00199999999995271" classname="ds.Boole_smk_small_neg_constant_V2" name="simple_boole_small_neg_constant_V2"/>
    <testcase time="0.186999999999898" classname="ds.Boole_smk_small_neg_constant_V2" name="simple_boole_small_neg_constant_V2"/>
    <testcase time="0.00200000000040745" classname="ds.Boole_smk_small_neg_constant_V2" name="simple_boole_small_neg_constant_V2"/>
    <testcase time="0.000999999999748979" classname="ds.Boole_smk_small_neg_constant_V2" name="simple_boole_small_neg_constant_V2"/>
    <testcase time="0.00100000000020373" classname="ds.Boole_smk_small_neg_constant_V2" name="simple_boole_small_neg_constant_V2"/>
    <testcase time="0.000999999999748979" classname="ds.Boole_smk_small_neg_constant_V2" name="simple_boole_small_neg_constant_V2"/>
    <testcase time="0.00100000000020373" classname="ds.Boole_smk_small_neg_constant_V2" name="simple_boole_small_neg_constant_V2"/>
    <testcase time="0.00100000000020373" classname="ds.Boole_smk_small_neg_constant_V2" name="simple_boole_small_neg_constant_V2"/>
    <testcase time="0.000999999999748979" classname="ds.Boole_smk_small_neg_constant_V2" name="simple_boole_small_neg_constant_V2"/>
    <testcase time="0.00100000000020373" classname="ds.Boole_smk_small_neg_constant_V2" name="simple_boole_small_neg_constant_V2"/>
    <testcase time="0.00199999999995271" classname="ds.Boole_smk_small_neg_constant_V2" name="simple_boole_small_neg_constant_V2"/>
    <testcase time="0.00100000000020373" classname="ds.Boole_smk_small_neg_constant_V2" name="simple_boole_small_neg_constant_V2"/>
    <testcase time="0.000999999999748979" classname="ds.Boole_smk_small_neg_constant_V2" name="simple_boole_small_neg_constant_V2"/>
    <testcase time="0.00100000000020373" classname="ds.Boole_smk_small_neg_constant_V2" name="simple_boole_small_neg_constant_V2"/>
    <testcase time="0.00199999999995271" classname="ds.Boole_smk_small_neg_constant_V2" name="simple_boole_small_neg_constant_V2"/>
    <testcase time="0.000999999999748979" classname="ds.Boole_smk_small_neg_constant_V2" name="simple_boole_small_neg_constant_V2"/>
    <testcase time="0.00100000000020373" classname="ds.Boole_smk_small_neg_constant_V2" name="simple_boole_small_neg_constant_V2"/>
    <testcase time="0.000999999999748979" classname="ds.Boole_smk_small_neg_constant_V2" name="simple_boole_small_neg_constant_V2"/>
    <testcase time="0.00200000000040745" classname="ds.Boole_smk_small_neg_constant_V2" name="simple_boole_small_neg_constant_V2"/>
    <testcase time="0.000999999999748979" classname="ds.Boole_smk_small_neg_constant_V2" name="simple_boole_small_neg_constant_V2"/>
    <testcase time="0.00100000000020373" classname="ds.Boole_smk_small_neg_constant_V2" name="simple_boole_small_neg_constant_V2"/>
    <testcase time="0.000999999999748979" classname="ds.Boole_smk_small_neg_constant_V2" name="simple_boole_small_neg_constant_V2"/>
    <testcase time="0.00199999999995271" classname="ds.Boole_smk_small_neg_constant_V2" name="simple_boole_small_neg_constant_V2"/>
    <testcase time="0.00100000000020373" classname="ds.Boole_smk_small_neg_constant_V2" name="simple_boole_small_neg_constant_V2"/>
    <testcase time="0.00199999999995271" classname="ds.Boole_smk_small_neg_constant_V2" name="simple_boole_small_neg_constant_V2"/>
    <testcase time="0.00100000000020373" classname="ds.Boole_smk_small_neg_constant_V2" name="simple_boole_small_neg_constant_V2"/>
    <testcase time="0.000999999999748979" classname="ds.Boole_smk_small_neg_constant_V2" name="simple_boole_small_neg_constant_V2"/>
    <testcase time="0.00199999999995271" classname="ds.Boole_smk_small_neg_constant_V2" name="simple_boole_small_neg_constant_V2"/>
    <testcase time="0.00100000000020373" classname="ds.Boole_smk_small_neg_constant_V2" name="simple_boole_small_neg_constant_V2"/>
    <testcase time="0.000999999999748979" classname="ds.Boole_smk_small_neg_constant_V2" name="simple_boole_small_neg_constant_V2"/>
    <testcase time="0.00100000000020373" classname="ds.Boole_smk_small_neg_constant_V2" name="simple_boole_small_neg_constant_V2"/>
    <testcase time="0.00199999999995271" classname="ds.Boole_smk_small_neg_constant_V2" name="simple_boole_small_neg_constant_V2"/>
    <testcase time="0.000999999999748979" classname="ds.Boole_smk_small_neg_constant_V2" name="simple_boole_small_neg_constant_V2"/>
    <testcase time="0.00100000000020373" classname="ds.Boole_smk_small_neg_constant_V2" name="simple_boole_small_neg_constant_V2"/>
    <testcase time="0.000999999999748979" classname="ds.Boole_smk_small_neg_constant_V2" name="simple_boole_small_neg_constant_V2"/>
  </testsuite>
  <testsuite name="ds.Boole::smk::big neg constant V2" timestamp="2025-09-19T12:05:24Z" hostname="runnervmf4ws1" tests="37" skipped="0" failures="0" errors="0" time="0.558">
    <testcase time="0.31899999999996" classname="ds.Boole_smk_big_neg_constant_V2" name="simple_boole_big_neg_constant_V2"/>
    <testcase time="0.00100000000020373" classname="ds.Boole_smk_big_neg_constant_V2" name="simple_boole_big_neg_constant_V2"/>
    <testcase time="0.000999999999748979" classname="ds.Boole_smk_big_neg_constant_V2" name="simple_boole_big_neg_constant_V2"/>
    <testcase time="0.195000000000164" classname="ds.Boole_smk_big_neg_constant_V2" name="simple_boole_big_neg_constant_V2"/>
    <testcase time="0.00199999999995271" classname="ds.Boole_smk_big_neg_constant_V2" name="simple_boole_big_neg_constant_V2"/>
    <testcase time="0.00100000000020373" classname="ds.Boole_smk_big_neg_constant_V2" name="simple_boole_big_neg_constant_V2"/>
    <testcase time="0.000999999999748979" classname="ds.Boole_smk_big_neg_constant_V2" name="simple_boole_big_neg_constant_V2"/>
    <testcase time="0.00100000000020373" classname="ds.Boole_smk_big_neg_constant_V2" name="simple_boole_big_neg_constant_V2"/>
    <testcase time="0.000999999999748979" classname="ds.Boole_smk_big_neg_constant_V2" name="simple_boole_big_neg_constant_V2"/>
    <testcase time="0.00199999999995271" classname="ds.Boole_smk_big_neg_constant_V2" name="simple_boole_big_neg_constant_V2"/>
    <testcase time="0.00100000000020373" classname="ds.Boole_smk_big_neg_constant_V2" name="simple_boole_big_neg_constant_V2"/>
    <testcase time="0.00100000000020373" classname="ds.Boole_smk_big_neg_constant_V2" name="simple_boole_big_neg_constant_V2"/>
    <testcase time="0.000999999999748979" classname="ds.Boole_smk_big_neg_constant_V2" name="simple_boole_big_neg_constant_V2"/>
    <testcase time="0.00199999999995271" classname="ds.Boole_smk_big_neg_constant_V2" name="simple_boole_big_neg_constant_V2"/>
    <testcase time="0.00100000000020373" classname="ds.Boole_smk_big_neg_constant_V2" name="simple_boole_big_neg_constant_V2"/>
    <testcase time="0.000999999999748979" classname="ds.Boole_smk_big_neg_constant_V2" name="simple_boole_big_neg_constant_V2"/>
    <testcase time="0.00100000000020373" classname="ds.Boole_smk_big_neg_constant_V2" name="simple_boole_big_neg_constant_V2"/>
    <testcase time="0.00199999999995271" classname="ds.Boole_smk_big_neg_constant_V2" name="simple_boole_big_neg_constant_V2"/>
    <testcase time="0.000999999999748979" classname="ds.Boole_smk_big_neg_constant_V2" name="simple_boole_big_neg_constant_V2"/>
    <testcase time="0.00100000000020373" classname="ds.Boole_smk_big_neg_constant_V2" name="simple_boole_big_neg_constant_V2"/>
    <testcase time="0.00100000000020373" classname="ds.Boole_smk_big_neg_constant_V2" name="simple_boole_big_neg_constant_V2"/>
    <testcase time="0.00199999999995271" classname="ds.Boole_smk_big_neg_constant_V2" name="simple_boole_big_neg_constant_V2"/>
    <testcase time="0.000999999999748979" classname="ds.Boole_smk_big_neg_constant_V2" name="simple_boole_big_neg_constant_V2"/>
    <testcase time="0.00100000000020373" classname="ds.Boole_smk_big_neg_constant_V2" name="simple_boole_big_neg_constant_V2"/>
    <testcase time="0.00199999999995271" classname="ds.Boole_smk_big_neg_constant_V2" name="simple_boole_big_neg_constant_V2"/>
    <testcase time="0.000999999999748979" classname="ds.Boole_smk_big_neg_constant_V2" name="simple_boole_big_neg_constant_V2"/>
    <testcase time="0.00100000000020373" classname="ds.Boole_smk_big_neg_constant_V2" name="simple_boole_big_neg_constant_V2"/>
    <testcase time="0.00100000000020373" classname="ds.Boole_smk_big_neg_constant_V2" name="simple_boole_big_neg_constant_V2"/>
    <testcase time="0.00199999999995271" classname="ds.Boole_smk_big_neg_constant_V2" name="simple_boole_big_neg_constant_V2"/>
    <testcase time="0.000999999999748979" classname="ds.Boole_smk_big_neg_constant_V2" name="simple_boole_big_neg_constant_V2"/>
    <testcase time="0.00100000000020373" classname="ds.Boole_smk_big_neg_constant_V2" name="simple_boole_big_neg_constant_V2"/>
    <testcase time="0.00199999999995271" classname="ds.Boole_smk_big_neg_constant_V2" name="simple_boole_big_neg_constant_V2"/>
    <testcase time="0.000999999999748979" classname="ds.Boole_smk_big_neg_constant_V2" name="simple_boole_big_neg_constant_V2"/>
    <testcase time="0.00100000000020373" classname="ds.Boole_smk_big_neg_constant_V2" name="simple_boole_big_neg_constant_V2"/>
    <testcase time="0.00100000000020373" classname="ds.Boole_smk_big_neg_constant_V2" name="simple_boole_big_neg_constant_V2"/>
    <testcase time="0.00199999999995271" classname="ds.Boole_smk_big_neg_constant_V2" name="simple_boole_big_neg_constant_V2"/>
    <testcase time="0.000999999999748979" classname="ds.Boole_smk_big_neg_constant_V2" name="simple_boole_big_neg_constant_V2"/>
  </testsuite>
  <testsuite name="ds.Boole::smk::shutdown" timestamp="2025-09-19T12:05:25Z" hostname="runnervmf4ws1" tests="3" skipped="0" failures="0" errors="0" time="0.048">
    <testcase time="0.0460000000002765" classname="ds.Boole_smk_shutdown" name="shutdown"/>
    <testcase time="0.000999999999748979" classname="ds.Boole_smk_shutdown" name="shutdown"/>
    <testcase time="0.00100000000020373" classname="ds.Boole_smk_shutdown" name="shutdown"/>
  </testsuite>
  <testsuite name="ds.Boole::smk::done" timestamp="2025-09-19T12:05:25Z" hostname="runnervmf4ws1" tests="0" skipped="0" failures="0" errors="0" time="0"/>
  <testsuite name="smk-ds.c" timestamp="2025-09-19T12:05:25Z" hostname="runnervmf4ws1" tests="0" skipped="0" failures="0" errors="0" time="0"/>
  <testsuite name="ds.c::smk::setup" timestamp="2025-09-19T12:05:25Z" hostname="runnervmf4ws1" tests="3" skipped="0" failures="0" errors="0" time="7.481">
    <testcase time="7.47800000000007" classname="ds.c_smk_setup" name="setup"/>
    <testcase time="0.000999999999748979" classname="ds.c_smk_setup" name="setup"/>
    <testcase time="0.00199999999995271" classname="ds.c_smk_setup" name="setup"/>
  </testsuite>
  <testsuite name="ds.c::smk" timestamp="2025-09-19T12:05:32Z" hostname="runnervmf4ws1" tests="1" skipped="0" failures="0" errors="0" time="0.189">
    <testcase time="0.189000000000306" classname="ds.c_smk" name="simple_c"/>
  </testsuite>
  <testsuite name="ds.c::smk::shutdown" timestamp="2025-09-19T12:05:32Z" hostname="runnervmf4ws1" tests="3" skipped="0" failures="0" errors="0" time="0.048">
    <testcase time="0.044999999999618" classname="ds.c_smk_shutdown" name="setup"/>
    <testcase time="0.00100000000020373" classname="ds.c_smk_shutdown" name="setup"/>
    <testcase time="0.00199999999995271" classname="ds.c_smk_shutdown" name="setup"/>
  </testsuite>
  <testsuite name="ds.c::smk::done" timestamp="2025-09-19T12:05:33Z" hostname="runnervmf4ws1" tests="0" skipped="0" failures="0" errors="0" time="0"/>
  <testsuite name="smk-ds.cbind" timestamp="2025-09-19T12:05:33Z" hostname="runnervmf4ws1" tests="0" skipped="0" failures="0" errors="0" time="0"/>
  <testsuite name="ds.cbind::smk::setup" timestamp="2025-09-19T12:05:33Z" hostname="runnervmf4ws1" tests="3" skipped="0" failures="0" errors="0" time="7.53">
    <testcase time="7.52799999999979" classname="ds.cbind_smk_setup" name="setup"/>
    <testcase time="0.00100000000020373" classname="ds.cbind_smk_setup" name="setup"/>
    <testcase time="0.00100000000020373" classname="ds.cbind_smk_setup" name="setup"/>
  </testsuite>
  <testsuite name="ds.cbind::smk::from dataframe variables" timestamp="2025-09-19T12:05:40Z" hostname="runnervmf4ws1" tests="34" skipped="0" failures="0" errors="0" time="0.601">
    <testcase time="0.312999999999647" classname="ds.cbind_smk_from_dataframe_variables" name="simple_test_from_dataframe_variables"/>
    <testcase time="0.00100000000020373" classname="ds.cbind_smk_from_dataframe_variables" name="simple_test_from_dataframe_variables"/>
    <testcase time="0.0850000000000364" classname="ds.cbind_smk_from_dataframe_variables" name="simple_test_from_dataframe_variables"/>
    <testcase time="0.00299999999970169" classname="ds.cbind_smk_from_dataframe_variables" name="simple_test_from_dataframe_variables"/>
    <testcase time="0.00200000000040745" classname="ds.cbind_smk_from_dataframe_variables" name="simple_test_from_dataframe_variables"/>
    <testcase time="0.0419999999999163" classname="ds.cbind_smk_from_dataframe_variables" name="simple_test_from_dataframe_variables"/>
    <testcase time="0.00199999999995271" classname="ds.cbind_smk_from_dataframe_variables" name="simple_test_from_dataframe_variables"/>
    <testcase time="0.000999999999748979" classname="ds.cbind_smk_from_dataframe_variables" name="simple_test_from_dataframe_variables"/>
    <testcase time="0.00100000000020373" classname="ds.cbind_smk_from_dataframe_variables" name="simple_test_from_dataframe_variables"/>
    <testcase time="0.00100000000020373" classname="ds.cbind_smk_from_dataframe_variables" name="simple_test_from_dataframe_variables"/>
    <testcase time="0.00199999999995271" classname="ds.cbind_smk_from_dataframe_variables" name="simple_test_from_dataframe_variables"/>
    <testcase time="0.000999999999748979" classname="ds.cbind_smk_from_dataframe_variables" name="simple_test_from_dataframe_variables"/>
    <testcase time="0.00100000000020373" classname="ds.cbind_smk_from_dataframe_variables" name="simple_test_from_dataframe_variables"/>
    <testcase time="0.00199999999995271" classname="ds.cbind_smk_from_dataframe_variables" name="simple_test_from_dataframe_variables"/>
    <testcase time="0.000999999999748979" classname="ds.cbind_smk_from_dataframe_variables" name="simple_test_from_dataframe_variables"/>
    <testcase time="0.00100000000020373" classname="ds.cbind_smk_from_dataframe_variables" name="simple_test_from_dataframe_variables"/>
    <testcase time="0.000999999999748979" classname="ds.cbind_smk_from_dataframe_variables" name="simple_test_from_dataframe_variables"/>
    <testcase time="0.00200000000040745" classname="ds.cbind_smk_from_dataframe_variables" name="simple_test_from_dataframe_variables"/>
    <testcase time="0.118999999999687" classname="ds.cbind_smk_from_dataframe_variables" name="simple_test_from_dataframe_variables"/>
    <testcase time="0.00199999999995271" classname="ds.cbind_smk_from_dataframe_variables" name="simple_test_from_dataframe_variables"/>
    <testcase time="0.00100000000020373" classname="ds.cbind_smk_from_dataframe_variables" name="simple_test_from_dataframe_variables"/>
    <testcase time="0.000999999999748979" classname="ds.cbind_smk_from_dataframe_variables" name="simple_test_from_dataframe_variables"/>
    <testcase time="0.00200000000040745" classname="ds.cbind_smk_from_dataframe_variables" name="simple_test_from_dataframe_variables"/>
    <testcase time="0.000999999999748979" classname="ds.cbind_smk_from_dataframe_variables" name="simple_test_from_dataframe_variables"/>
    <testcase time="0.00100000000020373" classname="ds.cbind_smk_from_dataframe_variables" name="simple_test_from_dataframe_variables"/>
    <testcase time="0.00199999999995271" classname="ds.cbind_smk_from_dataframe_variables" name="simple_test_from_dataframe_variables"/>
    <testcase time="0.000999999999748979" classname="ds.cbind_smk_from_dataframe_variables" name="simple_test_from_dataframe_variables"/>
    <testcase time="0.00199999999995271" classname="ds.cbind_smk_from_dataframe_variables" name="simple_test_from_dataframe_variables"/>
    <testcase time="0.00100000000020373" classname="ds.cbind_smk_from_dataframe_variables" name="simple_test_from_dataframe_variables"/>
    <testcase time="0.00100000000020373" classname="ds.cbind_smk_from_dataframe_variables" name="simple_test_from_dataframe_variables"/>
    <testcase time="0.000999999999748979" classname="ds.cbind_smk_from_dataframe_variables" name="simple_test_from_dataframe_variables"/>
    <testcase time="0.00199999999995271" classname="ds.cbind_smk_from_dataframe_variables" name="simple_test_from_dataframe_variables"/>
    <testcase time="0.00100000000020373" classname="ds.cbind_smk_from_dataframe_variables" name="simple_test_from_dataframe_variables"/>
    <testcase time="0.000999999999748979" classname="ds.cbind_smk_from_dataframe_variables" name="simple_test_from_dataframe_variables"/>
  </testsuite>
  <testsuite name="ds.cbind::smk::from root variables" timestamp="2025-09-19T12:05:41Z" hostname="runnervmf4ws1" tests="34" skipped="0" failures="0" errors="0" time="1.207">
    <testcase time="0.760000000000218" classname="ds.cbind_smk_from_root_variables" name="simple_test_from_root_variables"/>
    <testcase time="0.000999999999748979" classname="ds.cbind_smk_from_root_variables" name="simple_test_from_root_variables"/>
    <testcase time="0.266000000000076" classname="ds.cbind_smk_from_root_variables" name="simple_test_from_root_variables"/>
    <testcase time="0.00300000000015643" classname="ds.cbind_smk_from_root_variables" name="simple_test_from_root_variables"/>
    <testcase time="0.00199999999995271" classname="ds.cbind_smk_from_root_variables" name="simple_test_from_root_variables"/>
    <testcase time="0.0410000000001673" classname="ds.cbind_smk_from_root_variables" name="simple_test_from_root_variables"/>
    <testcase time="0.000999999999748979" classname="ds.cbind_smk_from_root_variables" name="simple_test_from_root_variables"/>
    <testcase time="0.00100000000020373" classname="ds.cbind_smk_from_root_variables" name="simple_test_from_root_variables"/>
    <testcase time="0.000999999999748979" classname="ds.cbind_smk_from_root_variables" name="simple_test_from_root_variables"/>
    <testcase time="0.00199999999995271" classname="ds.cbind_smk_from_root_variables" name="simple_test_from_root_variables"/>
    <testcase time="0.00100000000020373" classname="ds.cbind_smk_from_root_variables" name="simple_test_from_root_variables"/>
    <testcase time="0.000999999999748979" classname="ds.cbind_smk_from_root_variables" name="simple_test_from_root_variables"/>
    <testcase time="0.00100000000020373" classname="ds.cbind_smk_from_root_variables" name="simple_test_from_root_variables"/>
    <testcase time="0.00100000000020373" classname="ds.cbind_smk_from_root_variables" name="simple_test_from_root_variables"/>
    <testcase time="0.00199999999995271" classname="ds.cbind_smk_from_root_variables" name="simple_test_from_root_variables"/>
    <testcase time="0.000999999999748979" classname="ds.cbind_smk_from_root_variables" name="simple_test_from_root_variables"/>
    <testcase time="0.00100000000020373" classname="ds.cbind_smk_from_root_variables" name="simple_test_from_root_variables"/>
    <testcase time="0.000999999999748979" classname="ds.cbind_smk_from_root_variables" name="simple_test_from_root_variables"/>
    <testcase time="0.101000000000113" classname="ds.cbind_smk_from_root_variables" name="simple_test_from_root_variables"/>
    <testcase time="0.00199999999995271" classname="ds.cbind_smk_from_root_variables" name="simple_test_from_root_variables"/>
    <testcase time="0.00100000000020373" classname="ds.cbind_smk_from_root_variables" name="simple_test_from_root_variables"/>
    <testcase time="0.000999999999748979" classname="ds.cbind_smk_from_root_variables" name="simple_test_from_root_variables"/>
    <testcase time="0.00100000000020373" classname="ds.cbind_smk_from_root_variables" name="simple_test_from_root_variables"/>
    <testcase time="0.00199999999995271" classname="ds.cbind_smk_from_root_variables" name="simple_test_from_root_variables"/>
    <testcase time="0.00100000000020373" classname="ds.cbind_smk_from_root_variables" name="simple_test_from_root_variables"/>
    <testcase time="0.000999999999748979" classname="ds.cbind_smk_from_root_variables" name="simple_test_from_root_variables"/>
    <testcase time="0.00100000000020373" classname="ds.cbind_smk_from_root_variables" name="simple_test_from_root_variables"/>
    <testcase time="0.00199999999995271" classname="ds.cbind_smk_from_root_variables" name="simple_test_from_root_variables"/>
    <testcase time="0.000999999999748979" classname="ds.cbind_smk_from_root_variables" name="simple_test_from_root_variables"/>
    <testcase time="0.00100000000020373" classname="ds.cbind_smk_from_root_variables" name="simple_test_from_root_variables"/>
    <testcase time="0.00199999999995271" classname="ds.cbind_smk_from_root_variables" name="simple_test_from_root_variables"/>
    <testcase time="0.000999999999748979" classname="ds.cbind_smk_from_root_variables" name="simple_test_from_root_variables"/>
    <testcase time="0.00100000000020373" classname="ds.cbind_smk_from_root_variables" name="simple_test_from_root_variables"/>
    <testcase time="0.00100000000020373" classname="ds.cbind_smk_from_root_variables" name="simple_test_from_root_variables"/>
  </testsuite>
  <testsuite name="ds.cbind::smk::from dataframe variables, DataSHIELD.check=TRUE" timestamp="2025-09-19T12:05:42Z" hostname="runnervmf4ws1" tests="34" skipped="0" failures="0" errors="0" time="1.635">
    <testcase time="1.35699999999997" classname="ds.cbind_smk_from_dataframe_variables_DataSHIELD.check_TRUE" name="simple_test_from_dataframe_variables_DataSHIELD.check_TRUE"/>
    <testcase time="0.000999999999748979" classname="ds.cbind_smk_from_dataframe_variables_DataSHIELD.check_TRUE" name="simple_test_from_dataframe_variables_DataSHIELD.check_TRUE"/>
    <testcase time="0.081000000000131" classname="ds.cbind_smk_from_dataframe_variables_DataSHIELD.check_TRUE" name="simple_test_from_dataframe_variables_DataSHIELD.check_TRUE"/>
    <testcase time="0.00300000000015643" classname="ds.cbind_smk_from_dataframe_variables_DataSHIELD.check_TRUE" name="simple_test_from_dataframe_variables_DataSHIELD.check_TRUE"/>
    <testcase time="0.00199999999995271" classname="ds.cbind_smk_from_dataframe_variables_DataSHIELD.check_TRUE" name="simple_test_from_dataframe_variables_DataSHIELD.check_TRUE"/>
    <testcase time="0.0419999999999163" classname="ds.cbind_smk_from_dataframe_variables_DataSHIELD.check_TRUE" name="simple_test_from_dataframe_variables_DataSHIELD.check_TRUE"/>
    <testcase time="0.000999999999748979" classname="ds.cbind_smk_from_dataframe_variables_DataSHIELD.check_TRUE" name="simple_test_from_dataframe_variables_DataSHIELD.check_TRUE"/>
    <testcase time="0.00100000000020373" classname="ds.cbind_smk_from_dataframe_variables_DataSHIELD.check_TRUE" name="simple_test_from_dataframe_variables_DataSHIELD.check_TRUE"/>
    <testcase time="0.00199999999995271" classname="ds.cbind_smk_from_dataframe_variables_DataSHIELD.check_TRUE" name="simple_test_from_dataframe_variables_DataSHIELD.check_TRUE"/>
    <testcase time="0.00100000000020373" classname="ds.cbind_smk_from_dataframe_variables_DataSHIELD.check_TRUE" name="simple_test_from_dataframe_variables_DataSHIELD.check_TRUE"/>
    <testcase time="0.000999999999748979" classname="ds.cbind_smk_from_dataframe_variables_DataSHIELD.check_TRUE" name="simple_test_from_dataframe_variables_DataSHIELD.check_TRUE"/>
    <testcase time="0.00100000000020373" classname="ds.cbind_smk_from_dataframe_variables_DataSHIELD.check_TRUE" name="simple_test_from_dataframe_variables_DataSHIELD.check_TRUE"/>
    <testcase time="0.000999999999748979" classname="ds.cbind_smk_from_dataframe_variables_DataSHIELD.check_TRUE" name="simple_test_from_dataframe_variables_DataSHIELD.check_TRUE"/>
    <testcase time="0.00199999999995271" classname="ds.cbind_smk_from_dataframe_variables_DataSHIELD.check_TRUE" name="simple_test_from_dataframe_variables_DataSHIELD.check_TRUE"/>
    <testcase time="0.00100000000020373" classname="ds.cbind_smk_from_dataframe_variables_DataSHIELD.check_TRUE" name="simple_test_from_dataframe_variables_DataSHIELD.check_TRUE"/>
    <testcase time="0.000999999999748979" classname="ds.cbind_smk_from_dataframe_variables_DataSHIELD.check_TRUE" name="simple_test_from_dataframe_variables_DataSHIELD.check_TRUE"/>
    <testcase time="0.00200000000040745" classname="ds.cbind_smk_from_dataframe_variables_DataSHIELD.check_TRUE" name="simple_test_from_dataframe_variables_DataSHIELD.check_TRUE"/>
    <testcase time="0.000999999999748979" classname="ds.cbind_smk_from_dataframe_variables_DataSHIELD.check_TRUE" name="simple_test_from_dataframe_variables_DataSHIELD.check_TRUE"/>
    <testcase time="0.115000000000236" classname="ds.cbind_smk_from_dataframe_variables_DataSHIELD.check_TRUE" name="simple_test_from_dataframe_variables_DataSHIELD.check_TRUE"/>
    <testcase time="0.000999999999748979" classname="ds.cbind_smk_from_dataframe_variables_DataSHIELD.check_TRUE" name="simple_test_from_dataframe_variables_DataSHIELD.check_TRUE"/>
    <testcase time="0.00199999999995271" classname="ds.cbind_smk_from_dataframe_variables_DataSHIELD.check_TRUE" name="simple_test_from_dataframe_variables_DataSHIELD.check_TRUE"/>
    <testcase time="0.00100000000020373" classname="ds.cbind_smk_from_dataframe_variables_DataSHIELD.check_TRUE" name="simple_test_from_dataframe_variables_DataSHIELD.check_TRUE"/>
    <testcase time="0.000999999999748979" classname="ds.cbind_smk_from_dataframe_variables_DataSHIELD.check_TRUE" name="simple_test_from_dataframe_variables_DataSHIELD.check_TRUE"/>
    <testcase time="0.00100000000020373" classname="ds.cbind_smk_from_dataframe_variables_DataSHIELD.check_TRUE" name="simple_test_from_dataframe_variables_DataSHIELD.check_TRUE"/>
    <testcase time="0.000999999999748979" classname="ds.cbind_smk_from_dataframe_variables_DataSHIELD.check_TRUE" name="simple_test_from_dataframe_variables_DataSHIELD.check_TRUE"/>
    <testcase time="0.00200000000040745" classname="ds.cbind_smk_from_dataframe_variables_DataSHIELD.check_TRUE" name="simple_test_from_dataframe_variables_DataSHIELD.check_TRUE"/>
    <testcase time="0.000999999999748979" classname="ds.cbind_smk_from_dataframe_variables_DataSHIELD.check_TRUE" name="simple_test_from_dataframe_variables_DataSHIELD.check_TRUE"/>
    <testcase time="0.00100000000020373" classname="ds.cbind_smk_from_dataframe_variables_DataSHIELD.check_TRUE" name="simple_test_from_dataframe_variables_DataSHIELD.check_TRUE"/>
    <testcase time="0.000999999999748979" classname="ds.cbind_smk_from_dataframe_variables_DataSHIELD.check_TRUE" name="simple_test_from_dataframe_variables_DataSHIELD.check_TRUE"/>
    <testcase time="0.00199999999995271" classname="ds.cbind_smk_from_dataframe_variables_DataSHIELD.check_TRUE" name="simple_test_from_dataframe_variables_DataSHIELD.check_TRUE"/>
    <testcase time="0.00100000000020373" classname="ds.cbind_smk_from_dataframe_variables_DataSHIELD.check_TRUE" name="simple_test_from_dataframe_variables_DataSHIELD.check_TRUE"/>
    <testcase time="0.000999999999748979" classname="ds.cbind_smk_from_dataframe_variables_DataSHIELD.check_TRUE" name="simple_test_from_dataframe_variables_DataSHIELD.check_TRUE"/>
    <testcase time="0.00100000000020373" classname="ds.cbind_smk_from_dataframe_variables_DataSHIELD.check_TRUE" name="simple_test_from_dataframe_variables_DataSHIELD.check_TRUE"/>
    <testcase time="0.00199999999995271" classname="ds.cbind_smk_from_dataframe_variables_DataSHIELD.check_TRUE" name="simple_test_from_dataframe_variables_DataSHIELD.check_TRUE"/>
  </testsuite>
  <testsuite name="ds.cbind::smk::from root variables, DataSHIELD.check=TRUE" timestamp="2025-09-19T12:05:44Z" hostname="runnervmf4ws1" tests="34" skipped="0" failures="0" errors="0" time="2.413">
    <testcase time="1.76999999999998" classname="ds.cbind_smk_from_root_variables_DataSHIELD.check_TRUE" name="simple_test_from_root_variables_DataSHIELD.check_TRUE"/>
    <testcase time="0.00100000000020373" classname="ds.cbind_smk_from_root_variables_DataSHIELD.check_TRUE" name="simple_test_from_root_variables_DataSHIELD.check_TRUE"/>
    <testcase time="0.460999999999785" classname="ds.cbind_smk_from_root_variables_DataSHIELD.check_TRUE" name="simple_test_from_root_variables_DataSHIELD.check_TRUE"/>
    <testcase time="0.00199999999995271" classname="ds.cbind_smk_from_root_variables_DataSHIELD.check_TRUE" name="simple_test_from_root_variables_DataSHIELD.check_TRUE"/>
    <testcase time="0.00300000000015643" classname="ds.cbind_smk_from_root_variables_DataSHIELD.check_TRUE" name="simple_test_from_root_variables_DataSHIELD.check_TRUE"/>
    <testcase time="0.0399999999999636" classname="ds.cbind_smk_from_root_variables_DataSHIELD.check_TRUE" name="simple_test_from_root_variables_DataSHIELD.check_TRUE"/>
    <testcase time="0.00100000000020373" classname="ds.cbind_smk_from_root_variables_DataSHIELD.check_TRUE" name="simple_test_from_root_variables_DataSHIELD.check_TRUE"/>
    <testcase time="0.000999999999748979" classname="ds.cbind_smk_from_root_variables_DataSHIELD.check_TRUE" name="simple_test_from_root_variables_DataSHIELD.check_TRUE"/>
    <testcase time="0.00199999999995271" classname="ds.cbind_smk_from_root_variables_DataSHIELD.check_TRUE" name="simple_test_from_root_variables_DataSHIELD.check_TRUE"/>
    <testcase time="0.00100000000020373" classname="ds.cbind_smk_from_root_variables_DataSHIELD.check_TRUE" name="simple_test_from_root_variables_DataSHIELD.check_TRUE"/>
    <testcase time="0.000999999999748979" classname="ds.cbind_smk_from_root_variables_DataSHIELD.check_TRUE" name="simple_test_from_root_variables_DataSHIELD.check_TRUE"/>
    <testcase time="0.00100000000020373" classname="ds.cbind_smk_from_root_variables_DataSHIELD.check_TRUE" name="simple_test_from_root_variables_DataSHIELD.check_TRUE"/>
    <testcase time="0.000999999999748979" classname="ds.cbind_smk_from_root_variables_DataSHIELD.check_TRUE" name="simple_test_from_root_variables_DataSHIELD.check_TRUE"/>
    <testcase time="0.00200000000040745" classname="ds.cbind_smk_from_root_variables_DataSHIELD.check_TRUE" name="simple_test_from_root_variables_DataSHIELD.check_TRUE"/>
    <testcase time="0.000999999999748979" classname="ds.cbind_smk_from_root_variables_DataSHIELD.check_TRUE" name="simple_test_from_root_variables_DataSHIELD.check_TRUE"/>
    <testcase time="0.00100000000020373" classname="ds.cbind_smk_from_root_variables_DataSHIELD.check_TRUE" name="simple_test_from_root_variables_DataSHIELD.check_TRUE"/>
    <testcase time="0.000999999999748979" classname="ds.cbind_smk_from_root_variables_DataSHIELD.check_TRUE" name="simple_test_from_root_variables_DataSHIELD.check_TRUE"/>
    <testcase time="0.00199999999995271" classname="ds.cbind_smk_from_root_variables_DataSHIELD.check_TRUE" name="simple_test_from_root_variables_DataSHIELD.check_TRUE"/>
    <testcase time="0.102000000000317" classname="ds.cbind_smk_from_root_variables_DataSHIELD.check_TRUE" name="simple_test_from_root_variables_DataSHIELD.check_TRUE"/>
    <testcase time="0.000999999999748979" classname="ds.cbind_smk_from_root_variables_DataSHIELD.check_TRUE" name="simple_test_from_root_variables_DataSHIELD.check_TRUE"/>
    <testcase time="0.00100000000020373" classname="ds.cbind_smk_from_root_variables_DataSHIELD.check_TRUE" name="simple_test_from_root_variables_DataSHIELD.check_TRUE"/>
    <testcase time="0.000999999999748979" classname="ds.cbind_smk_from_root_variables_DataSHIELD.check_TRUE" name="simple_test_from_root_variables_DataSHIELD.check_TRUE"/>
    <testcase time="0.00199999999995271" classname="ds.cbind_smk_from_root_variables_DataSHIELD.check_TRUE" name="simple_test_from_root_variables_DataSHIELD.check_TRUE"/>
    <testcase time="0.00100000000020373" classname="ds.cbind_smk_from_root_variables_DataSHIELD.check_TRUE" name="simple_test_from_root_variables_DataSHIELD.check_TRUE"/>
    <testcase time="0.000999999999748979" classname="ds.cbind_smk_from_root_variables_DataSHIELD.check_TRUE" name="simple_test_from_root_variables_DataSHIELD.check_TRUE"/>
    <testcase time="0.00100000000020373" classname="ds.cbind_smk_from_root_variables_DataSHIELD.check_TRUE" name="simple_test_from_root_variables_DataSHIELD.check_TRUE"/>
    <testcase time="0.00199999999995271" classname="ds.cbind_smk_from_root_variables_DataSHIELD.check_TRUE" name="simple_test_from_root_variables_DataSHIELD.check_TRUE"/>
    <testcase time="0.00100000000020373" classname="ds.cbind_smk_from_root_variables_DataSHIELD.check_TRUE" name="simple_test_from_root_variables_DataSHIELD.check_TRUE"/>
    <testcase time="0.000999999999748979" classname="ds.cbind_smk_from_root_variables_DataSHIELD.check_TRUE" name="simple_test_from_root_variables_DataSHIELD.check_TRUE"/>
    <testcase time="0.00100000000020373" classname="ds.cbind_smk_from_root_variables_DataSHIELD.check_TRUE" name="simple_test_from_root_variables_DataSHIELD.check_TRUE"/>
    <testcase time="0.00199999999995271" classname="ds.cbind_smk_from_root_variables_DataSHIELD.check_TRUE" name="simple_test_from_root_variables_DataSHIELD.check_TRUE"/>
    <testcase time="0.000999999999748979" classname="ds.cbind_smk_from_root_variables_DataSHIELD.check_TRUE" name="simple_test_from_root_variables_DataSHIELD.check_TRUE"/>
    <testcase time="0.00100000000020373" classname="ds.cbind_smk_from_root_variables_DataSHIELD.check_TRUE" name="simple_test_from_root_variables_DataSHIELD.check_TRUE"/>
    <testcase time="0.00199999999995271" classname="ds.cbind_smk_from_root_variables_DataSHIELD.check_TRUE" name="simple_test_from_root_variables_DataSHIELD.check_TRUE"/>
  </testsuite>
  <testsuite name="ds.cbind::smk::shutdown" timestamp="2025-09-19T12:05:46Z" hostname="runnervmf4ws1" tests="3" skipped="0" failures="0" errors="0" time="0.092">
    <testcase time="0.0900000000001455" classname="ds.cbind_smk_shutdown" name="setup"/>
    <testcase time="0.000999999999748979" classname="ds.cbind_smk_shutdown" name="setup"/>
    <testcase time="0.00100000000020373" classname="ds.cbind_smk_shutdown" name="setup"/>
  </testsuite>
  <testsuite name="ds.cbind::smk::done" timestamp="2025-09-19T12:05:46Z" hostname="runnervmf4ws1" tests="0" skipped="0" failures="0" errors="0" time="0"/>
  <testsuite name="smk-ds.changeRefGroup" timestamp="2025-09-19T12:05:46Z" hostname="runnervmf4ws1" tests="0" skipped="0" failures="0" errors="0" time="0"/>
  <testsuite name="ds.changeRefGroup::smk::setup" timestamp="2025-09-19T12:05:46Z" hostname="runnervmf4ws1" tests="3" skipped="0" failures="0" errors="0" time="7.503">
    <testcase time="7.50099999999975" classname="ds.changeRefGroup_smk_setup" name="setup"/>
    <testcase time="0.00100000000020373" classname="ds.changeRefGroup_smk_setup" name="setup"/>
    <testcase time="0.00100000000020373" classname="ds.changeRefGroup_smk_setup" name="setup"/>
  </testsuite>
  <testsuite name="ds.changeRefGroup::smk" timestamp="2025-09-19T12:05:53Z" hostname="runnervmf4ws1" tests="31" skipped="0" failures="0" errors="0" time="0.613">
    <testcase time="0.221000000000004" classname="ds.changeRefGroup_smk" name="simple_changeRefGroup"/>
    <testcase time="0.355999999999767" classname="ds.changeRefGroup_smk" name="simple_changeRefGroup"/>
    <testcase time="0.00199999999995271" classname="ds.changeRefGroup_smk" name="simple_changeRefGroup"/>
    <testcase time="0.00100000000020373" classname="ds.changeRefGroup_smk" name="simple_changeRefGroup"/>
    <testcase time="0.000999999999748979" classname="ds.changeRefGroup_smk" name="simple_changeRefGroup"/>
    <testcase time="0.00100000000020373" classname="ds.changeRefGroup_smk" name="simple_changeRefGroup"/>
    <testcase time="0.000999999999748979" classname="ds.changeRefGroup_smk" name="simple_changeRefGroup"/>
    <testcase time="0.00100000000020373" classname="ds.changeRefGroup_smk" name="simple_changeRefGroup"/>
    <testcase time="0.00199999999995271" classname="ds.changeRefGroup_smk" name="simple_changeRefGroup"/>
    <testcase time="0.00100000000020373" classname="ds.changeRefGroup_smk" name="simple_changeRefGroup"/>
    <testcase time="0.000999999999748979" classname="ds.changeRefGroup_smk" name="simple_changeRefGroup"/>
    <testcase time="0.00100000000020373" classname="ds.changeRefGroup_smk" name="simple_changeRefGroup"/>
    <testcase time="0.000999999999748979" classname="ds.changeRefGroup_smk" name="simple_changeRefGroup"/>
    <testcase time="0.00100000000020373" classname="ds.changeRefGroup_smk" name="simple_changeRefGroup"/>
    <testcase time="0.000999999999748979" classname="ds.changeRefGroup_smk" name="simple_changeRefGroup"/>
    <testcase time="0.00199999999995271" classname="ds.changeRefGroup_smk" name="simple_changeRefGroup"/>
    <testcase time="0.00100000000020373" classname="ds.changeRefGroup_smk" name="simple_changeRefGroup"/>
    <testcase time="0.00100000000020373" classname="ds.changeRefGroup_smk" name="simple_changeRefGroup"/>
    <testcase time="0.000999999999748979" classname="ds.changeRefGroup_smk" name="simple_changeRefGroup"/>
    <testcase time="0.00100000000020373" classname="ds.changeRefGroup_smk" name="simple_changeRefGroup"/>
    <testcase time="0.00199999999995271" classname="ds.changeRefGroup_smk" name="simple_changeRefGroup"/>
    <testcase time="0.000999999999748979" classname="ds.changeRefGroup_smk" name="simple_changeRefGroup"/>
    <testcase time="0.00199999999995271" classname="ds.changeRefGroup_smk" name="simple_changeRefGroup"/>
    <testcase time="0.00100000000020373" classname="ds.changeRefGroup_smk" name="simple_changeRefGroup"/>
    <testcase time="0.000999999999748979" classname="ds.changeRefGroup_smk" name="simple_changeRefGroup"/>
    <testcase time="0.00200000000040745" classname="ds.changeRefGroup_smk" name="simple_changeRefGroup"/>
    <testcase time="0.000999999999748979" classname="ds.changeRefGroup_smk" name="simple_changeRefGroup"/>
    <testcase time="0.00100000000020373" classname="ds.changeRefGroup_smk" name="simple_changeRefGroup"/>
    <testcase time="0.000999999999748979" classname="ds.changeRefGroup_smk" name="simple_changeRefGroup"/>
    <testcase time="0.00199999999995271" classname="ds.changeRefGroup_smk" name="simple_changeRefGroup"/>
    <testcase time="0.00100000000020373" classname="ds.changeRefGroup_smk" name="simple_changeRefGroup"/>
  </testsuite>
  <testsuite name="ds.changeRefGroup::smk::shutdown" timestamp="2025-09-19T12:05:54Z" hostname="runnervmf4ws1" tests="3" skipped="0" failures="0" errors="0" time="0.049">
    <testcase time="0.0470000000000255" classname="ds.changeRefGroup_smk_shutdown" name="shutdown"/>
    <testcase time="0.000999999999748979" classname="ds.changeRefGroup_smk_shutdown" name="shutdown"/>
    <testcase time="0.00100000000020373" classname="ds.changeRefGroup_smk_shutdown" name="shutdown"/>
  </testsuite>
  <testsuite name="ds.changeRefGroup::smk::done" timestamp="2025-09-19T12:05:54Z" hostname="runnervmf4ws1" tests="0" skipped="0" failures="0" errors="0" time="0"/>
  <testsuite name="smk-ds.class" timestamp="2025-09-19T12:05:54Z" hostname="runnervmf4ws1" tests="0" skipped="0" failures="0" errors="0" time="0"/>
  <testsuite name="ds.class::smk::setup" timestamp="2025-09-19T12:05:54Z" hostname="runnervmf4ws1" tests="3" skipped="0" failures="0" errors="0" time="7.485">
    <testcase time="7.48300000000017" classname="ds.class_smk_setup" name="setup"/>
    <testcase time="0.000999999999748979" classname="ds.class_smk_setup" name="setup"/>
    <testcase time="0.00100000000020373" classname="ds.class_smk_setup" name="setup"/>
  </testsuite>
  <testsuite name="ds.class::smk" timestamp="2025-09-19T12:06:02Z" hostname="runnervmf4ws1" tests="14" skipped="0" failures="0" errors="0" time="0.199">
    <testcase time="0.0919999999996435" classname="ds.class_smk" name="simple_class"/>
    <testcase time="0.00100000000020373" classname="ds.class_smk" name="simple_class"/>
    <testcase time="0.00199999999995271" classname="ds.class_smk" name="simple_class"/>
    <testcase time="0.00100000000020373" classname="ds.class_smk" name="simple_class"/>
    <testcase time="0.000999999999748979" classname="ds.class_smk" name="simple_class"/>
    <testcase time="0.00100000000020373" classname="ds.class_smk" name="simple_class"/>
    <testcase time="0.000999999999748979" classname="ds.class_smk" name="simple_class"/>
    <testcase time="0.093000000000302" classname="ds.class_smk" name="simple_class"/>
    <testcase time="0.00199999999995271" classname="ds.class_smk" name="simple_class"/>
    <testcase time="0.000999999999748979" classname="ds.class_smk" name="simple_class"/>
    <testcase time="0.00100000000020373" classname="ds.class_smk" name="simple_class"/>
    <testcase time="0.000999999999748979" classname="ds.class_smk" name="simple_class"/>
    <testcase time="0.00100000000020373" classname="ds.class_smk" name="simple_class"/>
    <testcase time="0.00100000000020373" classname="ds.class_smk" name="simple_class"/>
  </testsuite>
  <testsuite name="ds.class::smk::shutdown" timestamp="2025-09-19T12:06:02Z" hostname="runnervmf4ws1" tests="3" skipped="0" failures="0" errors="0" time="0.051">
    <testcase time="0.0479999999997744" classname="ds.class_smk_shutdown" name="shutdown"/>
    <testcase time="0.00199999999995271" classname="ds.class_smk_shutdown" name="shutdown"/>
    <testcase time="0.00100000000020373" classname="ds.class_smk_shutdown" name="shutdown"/>
  </testsuite>
  <testsuite name="ds.class::smk::done" timestamp="2025-09-19T12:06:02Z" hostname="runnervmf4ws1" tests="0" skipped="0" failures="0" errors="0" time="0"/>
  <testsuite name="smk-ds.colnames" timestamp="2025-09-19T12:06:02Z" hostname="runnervmf4ws1" tests="0" skipped="0" failures="0" errors="0" time="0"/>
  <testsuite name="ds.colnames::smk::setup" timestamp="2025-09-19T12:06:02Z" hostname="runnervmf4ws1" tests="3" skipped="0" failures="0" errors="0" time="7.509">
    <testcase time="7.50599999999986" classname="ds.colnames_smk_setup" name="setup"/>
    <testcase time="0.00100000000020373" classname="ds.colnames_smk_setup" name="setup"/>
    <testcase time="0.00199999999995271" classname="ds.colnames_smk_setup" name="setup"/>
  </testsuite>
  <testsuite name="ds.colnames::smk" timestamp="2025-09-19T12:06:09Z" hostname="runnervmf4ws1" tests="10" skipped="0" failures="0" errors="0" time="0.342">
    <testcase time="0.33199999999988" classname="ds.colnames_smk" name="simple_colnames"/>
    <testcase time="0.000999999999748979" classname="ds.colnames_smk" name="simple_colnames"/>
    <testcase time="0.00100000000020373" classname="ds.colnames_smk" name="simple_colnames"/>
    <testcase time="0.00100000000020373" classname="ds.colnames_smk" name="simple_colnames"/>
    <testcase time="0.00199999999995271" classname="ds.colnames_smk" name="simple_colnames"/>
    <testcase time="0.000999999999748979" classname="ds.colnames_smk" name="simple_colnames"/>
    <testcase time="0.00100000000020373" classname="ds.colnames_smk" name="simple_colnames"/>
    <testcase time="0.000999999999748979" classname="ds.colnames_smk" name="simple_colnames"/>
    <testcase time="0.00100000000020373" classname="ds.colnames_smk" name="simple_colnames"/>
    <testcase time="0.000999999999748979" classname="ds.colnames_smk" name="simple_colnames"/>
  </testsuite>
  <testsuite name="ds.colnames::smk::shutdown" timestamp="2025-09-19T12:06:10Z" hostname="runnervmf4ws1" tests="3" skipped="0" failures="0" errors="0" time="0.05">
    <testcase time="0.0480000000002292" classname="ds.colnames_smk_shutdown" name="shutdown"/>
    <testcase time="0.000999999999748979" classname="ds.colnames_smk_shutdown" name="shutdown"/>
    <testcase time="0.00100000000020373" classname="ds.colnames_smk_shutdown" name="shutdown"/>
  </testsuite>
  <testsuite name="ds.colnames::smk::done" timestamp="2025-09-19T12:06:10Z" hostname="runnervmf4ws1" tests="0" skipped="0" failures="0" errors="0" time="0"/>
  <testsuite name="smk-ds.completeCases-vectors" timestamp="2025-09-19T12:06:10Z" hostname="runnervmf4ws1" tests="0" skipped="0" failures="0" errors="0" time="0"/>
  <testsuite name="ds.completeCases::smk::vector::setup" timestamp="2025-09-19T12:06:10Z" hostname="runnervmf4ws1" tests="3" skipped="0" failures="0" errors="0" time="7.603">
    <testcase time="7.60100000000011" classname="ds.completeCases_smk_vector_setup" name="setup"/>
    <testcase time="0.000999999999748979" classname="ds.completeCases_smk_vector_setup" name="setup"/>
    <testcase time="0.00100000000020373" classname="ds.completeCases_smk_vector_setup" name="setup"/>
  </testsuite>
  <testsuite name="ds.completeCases::smk::vector::numeric" timestamp="2025-09-19T12:06:17Z" hostname="runnervmf4ws1" tests="29" skipped="0" failures="0" errors="0" time="0.87">
    <testcase time="0.354000000000269" classname="ds.completeCases_smk_vector_numeric" name="completeCases_vector"/>
    <testcase time="0.00199999999995271" classname="ds.completeCases_smk_vector_numeric" name="completeCases_vector"/>
    <testcase time="0.000999999999748979" classname="ds.completeCases_smk_vector_numeric" name="completeCases_vector"/>
    <testcase time="0.0830000000000837" classname="ds.completeCases_smk_vector_numeric" name="completeCases_vector"/>
    <testcase time="0.00100000000020373" classname="ds.completeCases_smk_vector_numeric" name="completeCases_vector"/>
    <testcase time="0.000999999999748979" classname="ds.completeCases_smk_vector_numeric" name="completeCases_vector"/>
    <testcase time="0.00100000000020373" classname="ds.completeCases_smk_vector_numeric" name="completeCases_vector"/>
    <testcase time="0.0859999999997854" classname="ds.completeCases_smk_vector_numeric" name="completeCases_vector"/>
    <testcase time="0.00200000000040745" classname="ds.completeCases_smk_vector_numeric" name="completeCases_vector"/>
    <testcase time="0.000999999999748979" classname="ds.completeCases_smk_vector_numeric" name="completeCases_vector"/>
    <testcase time="0.00100000000020373" classname="ds.completeCases_smk_vector_numeric" name="completeCases_vector"/>
    <testcase time="0.0409999999997126" classname="ds.completeCases_smk_vector_numeric" name="completeCases_vector"/>
    <testcase time="0.00199999999995271" classname="ds.completeCases_smk_vector_numeric" name="completeCases_vector"/>
    <testcase time="0.00100000000020373" classname="ds.completeCases_smk_vector_numeric" name="completeCases_vector"/>
    <testcase time="0.000999999999748979" classname="ds.completeCases_smk_vector_numeric" name="completeCases_vector"/>
    <testcase time="0.00200000000040745" classname="ds.completeCases_smk_vector_numeric" name="completeCases_vector"/>
    <testcase time="0.0409999999997126" classname="ds.completeCases_smk_vector_numeric" name="completeCases_vector"/>
    <testcase time="0.00199999999995271" classname="ds.completeCases_smk_vector_numeric" name="completeCases_vector"/>
    <testcase time="0.00100000000020373" classname="ds.completeCases_smk_vector_numeric" name="completeCases_vector"/>
    <testcase time="0.000999999999748979" classname="ds.completeCases_smk_vector_numeric" name="completeCases_vector"/>
    <testcase time="0.00200000000040745" classname="ds.completeCases_smk_vector_numeric" name="completeCases_vector"/>
    <testcase time="0.121999999999844" classname="ds.completeCases_smk_vector_numeric" name="completeCases_vector"/>
    <testcase time="0.000999999999748979" classname="ds.completeCases_smk_vector_numeric" name="completeCases_vector"/>
    <testcase time="0.00200000000040745" classname="ds.completeCases_smk_vector_numeric" name="completeCases_vector"/>
    <testcase time="0.000999999999748979" classname="ds.completeCases_smk_vector_numeric" name="completeCases_vector"/>
    <testcase time="0.106999999999971" classname="ds.completeCases_smk_vector_numeric" name="completeCases_vector"/>
    <testcase time="0.00800000000026557" classname="ds.completeCases_smk_vector_numeric" name="completeCases_vector"/>
    <testcase time="0.000999999999748979" classname="ds.completeCases_smk_vector_numeric" name="completeCases_vector"/>
    <testcase time="0.00100000000020373" classname="ds.completeCases_smk_vector_numeric" name="completeCases_vector"/>
  </testsuite>
  <testsuite name="ds.completeCases::smk::vector::integer" timestamp="2025-09-19T12:06:18Z" hostname="runnervmf4ws1" tests="29" skipped="0" failures="0" errors="0" time="0.838">
    <testcase time="0.356999999999971" classname="ds.completeCases_smk_vector_integer" name="completeCases_vector"/>
    <testcase time="0.000999999999748979" classname="ds.completeCases_smk_vector_integer" name="completeCases_vector"/>
    <testcase time="0.00100000000020373" classname="ds.completeCases_smk_vector_integer" name="completeCases_vector"/>
    <testcase time="0.0819999999998799" classname="ds.completeCases_smk_vector_integer" name="completeCases_vector"/>
    <testcase time="0.00100000000020373" classname="ds.completeCases_smk_vector_integer" name="completeCases_vector"/>
    <testcase time="0.000999999999748979" classname="ds.completeCases_smk_vector_integer" name="completeCases_vector"/>
    <testcase time="0.00199999999995271" classname="ds.completeCases_smk_vector_integer" name="completeCases_vector"/>
    <testcase time="0.0779999999999745" classname="ds.completeCases_smk_vector_integer" name="completeCases_vector"/>
    <testcase time="0.00100000000020373" classname="ds.completeCases_smk_vector_integer" name="completeCases_vector"/>
    <testcase time="0.000999999999748979" classname="ds.completeCases_smk_vector_integer" name="completeCases_vector"/>
    <testcase time="0.00200000000040745" classname="ds.completeCases_smk_vector_integer" name="completeCases_vector"/>
    <testcase time="0.0399999999999636" classname="ds.completeCases_smk_vector_integer" name="completeCases_vector"/>
    <testcase time="0.00199999999995271" classname="ds.completeCases_smk_vector_integer" name="completeCases_vector"/>
    <testcase time="0.000999999999748979" classname="ds.completeCases_smk_vector_integer" name="completeCases_vector"/>
    <testcase time="0.00100000000020373" classname="ds.completeCases_smk_vector_integer" name="completeCases_vector"/>
    <testcase time="0.000999999999748979" classname="ds.completeCases_smk_vector_integer" name="completeCases_vector"/>
    <testcase time="0.0399999999999636" classname="ds.completeCases_smk_vector_integer" name="completeCases_vector"/>
    <testcase time="0.00200000000040745" classname="ds.completeCases_smk_vector_integer" name="completeCases_vector"/>
    <testcase time="0.000999999999748979" classname="ds.completeCases_smk_vector_integer" name="completeCases_vector"/>
    <testcase time="0.00100000000020373" classname="ds.completeCases_smk_vector_integer" name="completeCases_vector"/>
    <testcase time="0.00199999999995271" classname="ds.completeCases_smk_vector_integer" name="completeCases_vector"/>
    <testcase time="0.10799999999972" classname="ds.completeCases_smk_vector_integer" name="completeCases_vector"/>
    <testcase time="0.00200000000040745" classname="ds.completeCases_smk_vector_integer" name="completeCases_vector"/>
    <testcase time="0.000999999999748979" classname="ds.completeCases_smk_vector_integer" name="completeCases_vector"/>
    <testcase time="0.00100000000020373" classname="ds.completeCases_smk_vector_integer" name="completeCases_vector"/>
    <testcase time="0.103999999999814" classname="ds.completeCases_smk_vector_integer" name="completeCases_vector"/>
    <testcase time="0.00100000000020373" classname="ds.completeCases_smk_vector_integer" name="completeCases_vector"/>
    <testcase time="0.000999999999748979" classname="ds.completeCases_smk_vector_integer" name="completeCases_vector"/>
    <testcase time="0.00199999999995271" classname="ds.completeCases_smk_vector_integer" name="completeCases_vector"/>
  </testsuite>
  <testsuite name="ds.completeCases::smk::vector::character" timestamp="2025-09-19T12:06:19Z" hostname="runnervmf4ws1" tests="29" skipped="0" failures="0" errors="0" time="0.841">
    <testcase time="0.347999999999956" classname="ds.completeCases_smk_vector_character" name="completeCases_vector"/>
    <testcase time="0.00199999999995271" classname="ds.completeCases_smk_vector_character" name="completeCases_vector"/>
    <testcase time="0.00100000000020373" classname="ds.completeCases_smk_vector_character" name="completeCases_vector"/>
    <testcase time="0.0769999999997708" classname="ds.completeCases_smk_vector_character" name="completeCases_vector"/>
    <testcase time="0.00100000000020373" classname="ds.completeCases_smk_vector_character" name="completeCases_vector"/>
    <testcase time="0.00100000000020373" classname="ds.completeCases_smk_vector_character" name="completeCases_vector"/>
    <testcase time="0.000999999999748979" classname="ds.completeCases_smk_vector_character" name="completeCases_vector"/>
    <testcase time="0.0850000000000364" classname="ds.completeCases_smk_vector_character" name="completeCases_vector"/>
    <testcase time="0.00100000000020373" classname="ds.completeCases_smk_vector_character" name="completeCases_vector"/>
    <testcase time="0.000999999999748979" classname="ds.completeCases_smk_vector_character" name="completeCases_vector"/>
    <testcase time="0.00199999999995271" classname="ds.completeCases_smk_vector_character" name="completeCases_vector"/>
    <testcase time="0.0410000000001673" classname="ds.completeCases_smk_vector_character" name="completeCases_vector"/>
    <testcase time="0.000999999999748979" classname="ds.completeCases_smk_vector_character" name="completeCases_vector"/>
    <testcase time="0.00100000000020373" classname="ds.completeCases_smk_vector_character" name="completeCases_vector"/>
    <testcase time="0.00100000000020373" classname="ds.completeCases_smk_vector_character" name="completeCases_vector"/>
    <testcase time="0.00199999999995271" classname="ds.completeCases_smk_vector_character" name="completeCases_vector"/>
    <testcase time="0.0409999999997126" classname="ds.completeCases_smk_vector_character" name="completeCases_vector"/>
    <testcase time="0.00199999999995271" classname="ds.completeCases_smk_vector_character" name="completeCases_vector"/>
    <testcase time="0.00100000000020373" classname="ds.completeCases_smk_vector_character" name="completeCases_vector"/>
    <testcase time="0.00100000000020373" classname="ds.completeCases_smk_vector_character" name="completeCases_vector"/>
    <testcase time="0.00199999999995271" classname="ds.completeCases_smk_vector_character" name="completeCases_vector"/>
    <testcase time="0.102999999999611" classname="ds.completeCases_smk_vector_character" name="completeCases_vector"/>
    <testcase time="0.00200000000040745" classname="ds.completeCases_smk_vector_character" name="completeCases_vector"/>
    <testcase time="0.000999999999748979" classname="ds.completeCases_smk_vector_character" name="completeCases_vector"/>
    <testcase time="0.00199999999995271" classname="ds.completeCases_smk_vector_character" name="completeCases_vector"/>
    <testcase time="0.115999999999985" classname="ds.completeCases_smk_vector_character" name="completeCases_vector"/>
    <testcase time="0.00199999999995271" classname="ds.completeCases_smk_vector_character" name="completeCases_vector"/>
    <testcase time="0.00100000000020373" classname="ds.completeCases_smk_vector_character" name="completeCases_vector"/>
    <testcase time="0.000999999999748979" classname="ds.completeCases_smk_vector_character" name="completeCases_vector"/>
  </testsuite>
  <testsuite name="ds.completeCases::smk::vector::logical" timestamp="2025-09-19T12:06:20Z" hostname="runnervmf4ws1" tests="29" skipped="0" failures="0" errors="0" time="0.86">
    <testcase time="0.354000000000269" classname="ds.completeCases_smk_vector_logical" name="completeCases_vector"/>
    <testcase time="0.00199999999995271" classname="ds.completeCases_smk_vector_logical" name="completeCases_vector"/>
    <testcase time="0.00100000000020373" classname="ds.completeCases_smk_vector_logical" name="completeCases_vector"/>
    <testcase time="0.0779999999999745" classname="ds.completeCases_smk_vector_logical" name="completeCases_vector"/>
    <testcase time="0.00199999999995271" classname="ds.completeCases_smk_vector_logical" name="completeCases_vector"/>
    <testcase time="0.000999999999748979" classname="ds.completeCases_smk_vector_logical" name="completeCases_vector"/>
    <testcase time="0.00100000000020373" classname="ds.completeCases_smk_vector_logical" name="completeCases_vector"/>
    <testcase time="0.0799999999999272" classname="ds.completeCases_smk_vector_logical" name="completeCases_vector"/>
    <testcase time="0.00100000000020373" classname="ds.completeCases_smk_vector_logical" name="completeCases_vector"/>
    <testcase time="0.000999999999748979" classname="ds.completeCases_smk_vector_logical" name="completeCases_vector"/>
    <testcase time="0.00199999999995271" classname="ds.completeCases_smk_vector_logical" name="completeCases_vector"/>
    <testcase time="0.0410000000001673" classname="ds.completeCases_smk_vector_logical" name="completeCases_vector"/>
    <testcase time="0.00199999999995271" classname="ds.completeCases_smk_vector_logical" name="completeCases_vector"/>
    <testcase time="0.000999999999748979" classname="ds.completeCases_smk_vector_logical" name="completeCases_vector"/>
    <testcase time="0.00100000000020373" classname="ds.completeCases_smk_vector_logical" name="completeCases_vector"/>
    <testcase time="0.00199999999995271" classname="ds.completeCases_smk_vector_logical" name="completeCases_vector"/>
    <testcase time="0.0480000000002292" classname="ds.completeCases_smk_vector_logical" name="completeCases_vector"/>
    <testcase time="0.00199999999995271" classname="ds.completeCases_smk_vector_logical" name="completeCases_vector"/>
    <testcase time="0.000999999999748979" classname="ds.completeCases_smk_vector_logical" name="completeCases_vector"/>
    <testcase time="0.00199999999995271" classname="ds.completeCases_smk_vector_logical" name="completeCases_vector"/>
    <testcase time="0.00100000000020373" classname="ds.completeCases_smk_vector_logical" name="completeCases_vector"/>
    <testcase time="0.121999999999844" classname="ds.completeCases_smk_vector_logical" name="completeCases_vector"/>
    <testcase time="0.00199999999995271" classname="ds.completeCases_smk_vector_logical" name="completeCases_vector"/>
    <testcase time="0.00100000000020373" classname="ds.completeCases_smk_vector_logical" name="completeCases_vector"/>
    <testcase time="0.000999999999748979" classname="ds.completeCases_smk_vector_logical" name="completeCases_vector"/>
    <testcase time="0.106000000000222" classname="ds.completeCases_smk_vector_logical" name="completeCases_vector"/>
    <testcase time="0.00100000000020373" classname="ds.completeCases_smk_vector_logical" name="completeCases_vector"/>
    <testcase time="0.00199999999995271" classname="ds.completeCases_smk_vector_logical" name="completeCases_vector"/>
    <testcase time="0.000999999999748979" classname="ds.completeCases_smk_vector_logical" name="completeCases_vector"/>
  </testsuite>
  <testsuite name="ds.completeCases::smk::vector::factor" timestamp="2025-09-19T12:06:21Z" hostname="runnervmf4ws1" tests="29" skipped="0" failures="0" errors="0" time="0.83">
    <testcase time="0.345000000000255" classname="ds.completeCases_smk_vector_factor" name="completeCases_vector"/>
    <testcase time="0.000999999999748979" classname="ds.completeCases_smk_vector_factor" name="completeCases_vector"/>
    <testcase time="0.00199999999995271" classname="ds.completeCases_smk_vector_factor" name="completeCases_vector"/>
    <testcase time="0.0830000000000837" classname="ds.completeCases_smk_vector_factor" name="completeCases_vector"/>
    <testcase time="0.00199999999995271" classname="ds.completeCases_smk_vector_factor" name="completeCases_vector"/>
    <testcase time="0.00100000000020373" classname="ds.completeCases_smk_vector_factor" name="completeCases_vector"/>
    <testcase time="0.000999999999748979" classname="ds.completeCases_smk_vector_factor" name="completeCases_vector"/>
    <testcase time="0.0790000000001783" classname="ds.completeCases_smk_vector_factor" name="completeCases_vector"/>
    <testcase time="0.000999999999748979" classname="ds.completeCases_smk_vector_factor" name="completeCases_vector"/>
    <testcase time="0.00100000000020373" classname="ds.completeCases_smk_vector_factor" name="completeCases_vector"/>
    <testcase time="0.00199999999995271" classname="ds.completeCases_smk_vector_factor" name="completeCases_vector"/>
    <testcase time="0.0390000000002146" classname="ds.completeCases_smk_vector_factor" name="completeCases_vector"/>
    <testcase time="0.00199999999995271" classname="ds.completeCases_smk_vector_factor" name="completeCases_vector"/>
    <testcase time="0.000999999999748979" classname="ds.completeCases_smk_vector_factor" name="completeCases_vector"/>
    <testcase time="0.00100000000020373" classname="ds.completeCases_smk_vector_factor" name="completeCases_vector"/>
    <testcase time="0.00199999999995271" classname="ds.completeCases_smk_vector_factor" name="completeCases_vector"/>
    <testcase time="0.0389999999997599" classname="ds.completeCases_smk_vector_factor" name="completeCases_vector"/>
    <testcase time="0.00200000000040745" classname="ds.completeCases_smk_vector_factor" name="completeCases_vector"/>
    <testcase time="0.000999999999748979" classname="ds.completeCases_smk_vector_factor" name="completeCases_vector"/>
    <testcase time="0.00100000000020373" classname="ds.completeCases_smk_vector_factor" name="completeCases_vector"/>
    <testcase time="0.00199999999995271" classname="ds.completeCases_smk_vector_factor" name="completeCases_vector"/>
    <testcase time="0.103000000000065" classname="ds.completeCases_smk_vector_factor" name="completeCases_vector"/>
    <testcase time="0.000999999999748979" classname="ds.completeCases_smk_vector_factor" name="completeCases_vector"/>
    <testcase time="0.00199999999995271" classname="ds.completeCases_smk_vector_factor" name="completeCases_vector"/>
    <testcase time="0.00700000000006185" classname="ds.completeCases_smk_vector_factor" name="completeCases_vector"/>
    <testcase time="0.105000000000018" classname="ds.completeCases_smk_vector_factor" name="completeCases_vector"/>
    <testcase time="0.00199999999995271" classname="ds.completeCases_smk_vector_factor" name="completeCases_vector"/>
    <testcase time="0.00100000000020373" classname="ds.completeCases_smk_vector_factor" name="completeCases_vector"/>
    <testcase time="0.000999999999748979" classname="ds.completeCases_smk_vector_factor" name="completeCases_vector"/>
  </testsuite>
  <testsuite name="ds.completeCases::smk::vector::shutdown" timestamp="2025-09-19T12:06:22Z" hostname="runnervmf4ws1" tests="3" skipped="0" failures="0" errors="0" time="0.049">
    <testcase time="0.0460000000002765" classname="ds.completeCases_smk_vector_shutdown" name="shutdown"/>
    <testcase time="0.00199999999995271" classname="ds.completeCases_smk_vector_shutdown" name="shutdown"/>
    <testcase time="0.000999999999748979" classname="ds.completeCases_smk_vector_shutdown" name="shutdown"/>
  </testsuite>
  <testsuite name="ds.completeCases::smk::done" timestamp="2025-09-19T12:06:22Z" hostname="runnervmf4ws1" tests="0" skipped="0" failures="0" errors="0" time="0"/>
  <testsuite name="smk-ds.completeCases" timestamp="2025-09-19T12:06:22Z" hostname="runnervmf4ws1" tests="0" skipped="0" failures="0" errors="0" time="0"/>
  <testsuite name="ds.completeCases::smk::setup" timestamp="2025-09-19T12:06:22Z" hostname="runnervmf4ws1" tests="3" skipped="0" failures="0" errors="0" time="7.568">
    <testcase time="7.56500000000005" classname="ds.completeCases_smk_setup" name="setup"/>
    <testcase time="0.00199999999995271" classname="ds.completeCases_smk_setup" name="setup"/>
    <testcase time="0.00100000000020373" classname="ds.completeCases_smk_setup" name="setup"/>
  </testsuite>
  <testsuite name="ds.completeCases::smk::data.frame" timestamp="2025-09-19T12:06:29Z" hostname="runnervmf4ws1" tests="37" skipped="0" failures="0" errors="0" time="1.066">
    <testcase time="0.777999999999793" classname="ds.completeCases_smk_data.frame" name="completeCases_data.frame"/>
    <testcase time="0.00199999999995271" classname="ds.completeCases_smk_data.frame" name="completeCases_data.frame"/>
    <testcase time="0.00100000000020373" classname="ds.completeCases_smk_data.frame" name="completeCases_data.frame"/>
    <testcase time="0.0900000000001455" classname="ds.completeCases_smk_data.frame" name="completeCases_data.frame"/>
    <testcase time="0.00199999999995271" classname="ds.completeCases_smk_data.frame" name="completeCases_data.frame"/>
    <testcase time="0.000999999999748979" classname="ds.completeCases_smk_data.frame" name="completeCases_data.frame"/>
    <testcase time="0.00100000000020373" classname="ds.completeCases_smk_data.frame" name="completeCases_data.frame"/>
    <testcase time="0.0779999999999745" classname="ds.completeCases_smk_data.frame" name="completeCases_data.frame"/>
    <testcase time="0.00199999999995271" classname="ds.completeCases_smk_data.frame" name="completeCases_data.frame"/>
    <testcase time="0.00100000000020373" classname="ds.completeCases_smk_data.frame" name="completeCases_data.frame"/>
    <testcase time="0.000999999999748979" classname="ds.completeCases_smk_data.frame" name="completeCases_data.frame"/>
    <testcase time="0.0399999999999636" classname="ds.completeCases_smk_data.frame" name="completeCases_data.frame"/>
    <testcase time="0.00100000000020373" classname="ds.completeCases_smk_data.frame" name="completeCases_data.frame"/>
    <testcase time="0.000999999999748979" classname="ds.completeCases_smk_data.frame" name="completeCases_data.frame"/>
    <testcase time="0.00199999999995271" classname="ds.completeCases_smk_data.frame" name="completeCases_data.frame"/>
    <testcase time="0.00100000000020373" classname="ds.completeCases_smk_data.frame" name="completeCases_data.frame"/>
    <testcase time="0.00100000000020373" classname="ds.completeCases_smk_data.frame" name="completeCases_data.frame"/>
    <testcase time="0.000999999999748979" classname="ds.completeCases_smk_data.frame" name="completeCases_data.frame"/>
    <testcase time="0.00100000000020373" classname="ds.completeCases_smk_data.frame" name="completeCases_data.frame"/>
    <testcase time="0.00199999999995271" classname="ds.completeCases_smk_data.frame" name="completeCases_data.frame"/>
    <testcase time="0.000999999999748979" classname="ds.completeCases_smk_data.frame" name="completeCases_data.frame"/>
    <testcase time="0.00100000000020373" classname="ds.completeCases_smk_data.frame" name="completeCases_data.frame"/>
    <testcase time="0.000999999999748979" classname="ds.completeCases_smk_data.frame" name="completeCases_data.frame"/>
    <testcase time="0.00100000000020373" classname="ds.completeCases_smk_data.frame" name="completeCases_data.frame"/>
    <testcase time="0.0399999999999636" classname="ds.completeCases_smk_data.frame" name="completeCases_data.frame"/>
    <testcase time="0.000999999999748979" classname="ds.completeCases_smk_data.frame" name="completeCases_data.frame"/>
    <testcase time="0.00100000000020373" classname="ds.completeCases_smk_data.frame" name="completeCases_data.frame"/>
    <testcase time="0.00199999999995271" classname="ds.completeCases_smk_data.frame" name="completeCases_data.frame"/>
    <testcase time="0.000999999999748979" classname="ds.completeCases_smk_data.frame" name="completeCases_data.frame"/>
    <testcase time="0.00100000000020373" classname="ds.completeCases_smk_data.frame" name="completeCases_data.frame"/>
    <testcase time="0.00199999999995271" classname="ds.completeCases_smk_data.frame" name="completeCases_data.frame"/>
    <testcase time="0.00100000000020373" classname="ds.completeCases_smk_data.frame" name="completeCases_data.frame"/>
    <testcase time="0.000999999999748979" classname="ds.completeCases_smk_data.frame" name="completeCases_data.frame"/>
    <testcase time="0.00100000000020373" classname="ds.completeCases_smk_data.frame" name="completeCases_data.frame"/>
    <testcase time="0.00199999999995271" classname="ds.completeCases_smk_data.frame" name="completeCases_data.frame"/>
    <testcase time="0.000999999999748979" classname="ds.completeCases_smk_data.frame" name="completeCases_data.frame"/>
    <testcase time="0.00100000000020373" classname="ds.completeCases_smk_data.frame" name="completeCases_data.frame"/>
  </testsuite>
  <testsuite name="ds.completeCases::smk::matrix" timestamp="2025-09-19T12:06:30Z" hostname="runnervmf4ws1" tests="43" skipped="0" failures="0" errors="0" time="0.663">
    <testcase time="0.360000000000127" classname="ds.completeCases_smk_matrix" name="completeCases_matrix"/>
    <testcase time="0.000999999999748979" classname="ds.completeCases_smk_matrix" name="completeCases_matrix"/>
    <testcase time="0.00100000000020373" classname="ds.completeCases_smk_matrix" name="completeCases_matrix"/>
    <testcase time="0.0839999999998327" classname="ds.completeCases_smk_matrix" name="completeCases_matrix"/>
    <testcase time="0.00300000000015643" classname="ds.completeCases_smk_matrix" name="completeCases_matrix"/>
    <testcase time="0.00199999999995271" classname="ds.completeCases_smk_matrix" name="completeCases_matrix"/>
    <testcase time="0.00300000000015643" classname="ds.completeCases_smk_matrix" name="completeCases_matrix"/>
    <testcase time="0.0779999999999745" classname="ds.completeCases_smk_matrix" name="completeCases_matrix"/>
    <testcase time="0.000999999999748979" classname="ds.completeCases_smk_matrix" name="completeCases_matrix"/>
    <testcase time="0.00300000000015643" classname="ds.completeCases_smk_matrix" name="completeCases_matrix"/>
    <testcase time="0.00299999999970169" classname="ds.completeCases_smk_matrix" name="completeCases_matrix"/>
    <testcase time="0.00100000000020373" classname="ds.completeCases_smk_matrix" name="completeCases_matrix"/>
    <testcase time="0.00300000000015643" classname="ds.completeCases_smk_matrix" name="completeCases_matrix"/>
    <testcase time="0.00199999999995271" classname="ds.completeCases_smk_matrix" name="completeCases_matrix"/>
    <testcase time="0.000999999999748979" classname="ds.completeCases_smk_matrix" name="completeCases_matrix"/>
    <testcase time="0.00300000000015643" classname="ds.completeCases_smk_matrix" name="completeCases_matrix"/>
    <testcase time="0.00199999999995271" classname="ds.completeCases_smk_matrix" name="completeCases_matrix"/>
    <testcase time="0.0410000000001673" classname="ds.completeCases_smk_matrix" name="completeCases_matrix"/>
    <testcase time="0.000999999999748979" classname="ds.completeCases_smk_matrix" name="completeCases_matrix"/>
    <testcase time="0.00100000000020373" classname="ds.completeCases_smk_matrix" name="completeCases_matrix"/>
    <testcase time="0.00199999999995271" classname="ds.completeCases_smk_matrix" name="completeCases_matrix"/>
    <testcase time="0.000999999999748979" classname="ds.completeCases_smk_matrix" name="completeCases_matrix"/>
    <testcase time="0.00100000000020373" classname="ds.completeCases_smk_matrix" name="completeCases_matrix"/>
    <testcase time="0.00100000000020373" classname="ds.completeCases_smk_matrix" name="completeCases_matrix"/>
    <testcase time="0.00199999999995271" classname="ds.completeCases_smk_matrix" name="completeCases_matrix"/>
    <testcase time="0.000999999999748979" classname="ds.completeCases_smk_matrix" name="completeCases_matrix"/>
    <testcase time="0.00100000000020373" classname="ds.completeCases_smk_matrix" name="completeCases_matrix"/>
    <testcase time="0.000999999999748979" classname="ds.completeCases_smk_matrix" name="completeCases_matrix"/>
    <testcase time="0.00199999999995271" classname="ds.completeCases_smk_matrix" name="completeCases_matrix"/>
    <testcase time="0.00100000000020373" classname="ds.completeCases_smk_matrix" name="completeCases_matrix"/>
    <testcase time="0.0410000000001673" classname="ds.completeCases_smk_matrix" name="completeCases_matrix"/>
    <testcase time="0.000999999999748979" classname="ds.completeCases_smk_matrix" name="completeCases_matrix"/>
    <testcase time="0.00100000000020373" classname="ds.completeCases_smk_matrix" name="completeCases_matrix"/>
    <testcase time="0.00199999999995271" classname="ds.completeCases_smk_matrix" name="completeCases_matrix"/>
    <testcase time="0.000999999999748979" classname="ds.completeCases_smk_matrix" name="completeCases_matrix"/>
    <testcase time="0.00100000000020373" classname="ds.completeCases_smk_matrix" name="completeCases_matrix"/>
    <testcase time="0.000999999999748979" classname="ds.completeCases_smk_matrix" name="completeCases_matrix"/>
    <testcase time="0.00200000000040745" classname="ds.completeCases_smk_matrix" name="completeCases_matrix"/>
    <testcase time="0.000999999999748979" classname="ds.completeCases_smk_matrix" name="completeCases_matrix"/>
    <testcase time="0.00100000000020373" classname="ds.completeCases_smk_matrix" name="completeCases_matrix"/>
    <testcase time="0.000999999999748979" classname="ds.completeCases_smk_matrix" name="completeCases_matrix"/>
    <testcase time="0.00199999999995271" classname="ds.completeCases_smk_matrix" name="completeCases_matrix"/>
    <testcase time="0.00100000000020373" classname="ds.completeCases_smk_matrix" name="completeCases_matrix"/>
  </testsuite>
  <testsuite name="ds.completeCases::smk::shutdown" timestamp="2025-09-19T12:06:31Z" hostname="runnervmf4ws1" tests="3" skipped="0" failures="0" errors="0" time="0.055">
    <testcase time="0.0520000000001346" classname="ds.completeCases_smk_shutdown" name="shutdown"/>
    <testcase time="0.00199999999995271" classname="ds.completeCases_smk_shutdown" name="shutdown"/>
    <testcase time="0.000999999999748979" classname="ds.completeCases_smk_shutdown" name="shutdown"/>
  </testsuite>
  <testsuite name="ds.completeCases::smk::done" timestamp="2025-09-19T12:06:31Z" hostname="runnervmf4ws1" tests="0" skipped="0" failures="0" errors="0" time="0"/>
  <testsuite name="smk-ds.cor" timestamp="2025-09-19T12:06:31Z" hostname="runnervmf4ws1" tests="0" skipped="0" failures="0" errors="0" time="0"/>
  <testsuite name="ds.cor::smk::setup" timestamp="2025-09-19T12:06:31Z" hostname="runnervmf4ws1" tests="3" skipped="0" failures="0" errors="0" time="7.552">
    <testcase time="7.55000000000018" classname="ds.cor_smk_setup" name="setup"/>
    <testcase time="0.000999999999748979" classname="ds.cor_smk_setup" name="setup"/>
    <testcase time="0.00100000000020373" classname="ds.cor_smk_setup" name="setup"/>
  </testsuite>
  <testsuite name="ds.cor::smk" timestamp="2025-09-19T12:06:39Z" hostname="runnervmf4ws1" tests="21" skipped="0" failures="0" errors="0" time="0.552">
    <testcase time="0.260999999999967" classname="ds.cor_smk" name="simple_test_combine_casewise.complete"/>
    <testcase time="0.00199999999995271" classname="ds.cor_smk" name="simple_test_combine_casewise.complete"/>
    <testcase time="0.00300000000015643" classname="ds.cor_smk" name="simple_test_combine_casewise.complete"/>
    <testcase time="0.00199999999995271" classname="ds.cor_smk" name="simple_test_combine_casewise.complete"/>
    <testcase time="0.00300000000015643" classname="ds.cor_smk" name="simple_test_combine_casewise.complete"/>
    <testcase time="0.247999999999593" classname="ds.cor_smk" name="simple_test_split_casewise.complete"/>
    <testcase time="0.00100000000020373" classname="ds.cor_smk" name="simple_test_split_casewise.complete"/>
    <testcase time="0.00300000000015643" classname="ds.cor_smk" name="simple_test_split_casewise.complete"/>
    <testcase time="0.00199999999995271" classname="ds.cor_smk" name="simple_test_split_casewise.complete"/>
    <testcase time="0.00299999999970169" classname="ds.cor_smk" name="simple_test_split_casewise.complete"/>
    <testcase time="0.00200000000040745" classname="ds.cor_smk" name="simple_test_split_casewise.complete"/>
    <testcase time="0.00100000000020373" classname="ds.cor_smk" name="simple_test_split_casewise.complete"/>
    <testcase time="0.00199999999995271" classname="ds.cor_smk" name="simple_test_split_casewise.complete"/>
    <testcase time="0.00299999999970169" classname="ds.cor_smk" name="simple_test_split_casewise.complete"/>
    <testcase time="0.00199999999995271" classname="ds.cor_smk" name="simple_test_split_casewise.complete"/>
    <testcase time="0.00300000000015643" classname="ds.cor_smk" name="simple_test_split_casewise.complete"/>
    <testcase time="0.00100000000020373" classname="ds.cor_smk" name="simple_test_split_casewise.complete"/>
    <testcase time="0.00299999999970169" classname="ds.cor_smk" name="simple_test_split_casewise.complete"/>
    <testcase time="0.00199999999995271" classname="ds.cor_smk" name="simple_test_split_casewise.complete"/>
    <testcase time="0.00300000000015643" classname="ds.cor_smk" name="simple_test_split_casewise.complete"/>
    <testcase time="0.00199999999995271" classname="ds.cor_smk" name="simple_test_split_casewise.complete"/>
  </testsuite>
  <testsuite name="ds.cor::smk::setup::shutdown" timestamp="2025-09-19T12:06:39Z" hostname="runnervmf4ws1" tests="3" skipped="0" failures="0" errors="0" time="0.062">
    <testcase time="0.0599999999999454" classname="ds.cor_smk_setup_shutdown" name="shutdown"/>
    <testcase time="0.00100000000020373" classname="ds.cor_smk_setup_shutdown" name="shutdown"/>
    <testcase time="0.000999999999748979" classname="ds.cor_smk_setup_shutdown" name="shutdown"/>
  </testsuite>
  <testsuite name="ds.cor::smk::setup::done" timestamp="2025-09-19T12:06:39Z" hostname="runnervmf4ws1" tests="0" skipped="0" failures="0" errors="0" time="0"/>
  <testsuite name="smk-ds.corTest" timestamp="2025-09-19T12:06:39Z" hostname="runnervmf4ws1" tests="0" skipped="0" failures="0" errors="0" time="0"/>
  <testsuite name="ds.corTest::smk::setup" timestamp="2025-09-19T12:06:39Z" hostname="runnervmf4ws1" tests="3" skipped="0" failures="0" errors="0" time="7.522">
    <testcase time="7.51999999999998" classname="ds.corTest_smk_setup" name="setup"/>
    <testcase time="0.00100000000020373" classname="ds.corTest_smk_setup" name="setup"/>
    <testcase time="0.00100000000020373" classname="ds.corTest_smk_setup" name="setup"/>
  </testsuite>
  <testsuite name="ds.corTest::smk::pearson" timestamp="2025-09-19T12:06:47Z" hostname="runnervmf4ws1" tests="25" skipped="0" failures="0" errors="0" time="0.207">
    <testcase time="0.177999999999884" classname="ds.corTest_smk_pearson" name="simple_test"/>
    <testcase time="0.000999999999748979" classname="ds.corTest_smk_pearson" name="simple_test"/>
    <testcase time="0.00100000000020373" classname="ds.corTest_smk_pearson" name="simple_test"/>
    <testcase time="0.00199999999995271" classname="ds.corTest_smk_pearson" name="simple_test"/>
    <testcase time="0.00100000000020373" classname="ds.corTest_smk_pearson" name="simple_test"/>
    <testcase time="0.000999999999748979" classname="ds.corTest_smk_pearson" name="simple_test"/>
    <testcase time="0.00100000000020373" classname="ds.corTest_smk_pearson" name="simple_test"/>
    <testcase time="0.00199999999995271" classname="ds.corTest_smk_pearson" name="simple_test"/>
    <testcase time="0.000999999999748979" classname="ds.corTest_smk_pearson" name="simple_test"/>
    <testcase time="0.00100000000020373" classname="ds.corTest_smk_pearson" name="simple_test"/>
    <testcase time="0.000999999999748979" classname="ds.corTest_smk_pearson" name="simple_test"/>
    <testcase time="0.00100000000020373" classname="ds.corTest_smk_pearson" name="simple_test"/>
    <testcase time="0.00100000000020373" classname="ds.corTest_smk_pearson" name="simple_test"/>
    <testcase time="0.00199999999995271" classname="ds.corTest_smk_pearson" name="simple_test"/>
    <testcase time="0.000999999999748979" classname="ds.corTest_smk_pearson" name="simple_test"/>
    <testcase time="0.00100000000020373" classname="ds.corTest_smk_pearson" name="simple_test"/>
    <testcase time="0.000999999999748979" classname="ds.corTest_smk_pearson" name="simple_test"/>
    <testcase time="0.00100000000020373" classname="ds.corTest_smk_pearson" name="simple_test"/>
    <testcase time="0.00199999999995271" classname="ds.corTest_smk_pearson" name="simple_test"/>
    <testcase time="0.00100000000020373" classname="ds.corTest_smk_pearson" name="simple_test"/>
    <testcase time="0.000999999999748979" classname="ds.corTest_smk_pearson" name="simple_test"/>
    <testcase time="0.00100000000020373" classname="ds.corTest_smk_pearson" name="simple_test"/>
    <testcase time="0.000999999999748979" classname="ds.corTest_smk_pearson" name="simple_test"/>
    <testcase time="0.00199999999995271" classname="ds.corTest_smk_pearson" name="simple_test"/>
    <testcase time="0.00100000000020373" classname="ds.corTest_smk_pearson" name="simple_test"/>
  </testsuite>
  <testsuite name="ds.corTest::smk::kendall" timestamp="2025-09-19T12:06:47Z" hostname="runnervmf4ws1" tests="25" skipped="0" failures="0" errors="0" time="0.352">
    <testcase time="0.315999999999804" classname="ds.corTest_smk_kendall" name="simple_test"/>
    <testcase time="0.00199999999995271" classname="ds.corTest_smk_kendall" name="simple_test"/>
    <testcase time="0.00100000000020373" classname="ds.corTest_smk_kendall" name="simple_test"/>
    <testcase time="0.000999999999748979" classname="ds.corTest_smk_kendall" name="simple_test"/>
    <testcase time="0.00200000000040745" classname="ds.corTest_smk_kendall" name="simple_test"/>
    <testcase time="0.000999999999748979" classname="ds.corTest_smk_kendall" name="simple_test"/>
    <testcase time="0.00100000000020373" classname="ds.corTest_smk_kendall" name="simple_test"/>
    <testcase time="0.000999999999748979" classname="ds.corTest_smk_kendall" name="simple_test"/>
    <testcase time="0.00100000000020373" classname="ds.corTest_smk_kendall" name="simple_test"/>
    <testcase time="0.00199999999995271" classname="ds.corTest_smk_kendall" name="simple_test"/>
    <testcase time="0.000999999999748979" classname="ds.corTest_smk_kendall" name="simple_test"/>
    <testcase time="0.00100000000020373" classname="ds.corTest_smk_kendall" name="simple_test"/>
    <testcase time="0.00100000000020373" classname="ds.corTest_smk_kendall" name="simple_test"/>
    <testcase time="0.000999999999748979" classname="ds.corTest_smk_kendall" name="simple_test"/>
    <testcase time="0.00199999999995271" classname="ds.corTest_smk_kendall" name="simple_test"/>
    <testcase time="0.00100000000020373" classname="ds.corTest_smk_kendall" name="simple_test"/>
    <testcase time="0.000999999999748979" classname="ds.corTest_smk_kendall" name="simple_test"/>
    <testcase time="0.00100000000020373" classname="ds.corTest_smk_kendall" name="simple_test"/>
    <testcase time="0.000999999999748979" classname="ds.corTest_smk_kendall" name="simple_test"/>
    <testcase time="0.00200000000040745" classname="ds.corTest_smk_kendall" name="simple_test"/>
    <testcase time="0.000999999999748979" classname="ds.corTest_smk_kendall" name="simple_test"/>
    <testcase time="0.00100000000020373" classname="ds.corTest_smk_kendall" name="simple_test"/>
    <testcase time="0.000999999999748979" classname="ds.corTest_smk_kendall" name="simple_test"/>
    <testcase time="0.00199999999995271" classname="ds.corTest_smk_kendall" name="simple_test"/>
    <testcase time="0.00700000000006185" classname="ds.corTest_smk_kendall" name="simple_test"/>
  </testsuite>
  <testsuite name="ds.corTest::smk::spearman" timestamp="2025-09-19T12:06:47Z" hostname="runnervmf4ws1" tests="25" skipped="0" failures="0" errors="0" time="0.202">
    <testcase time="0.173000000000229" classname="ds.corTest_smk_spearman" name="simple_test"/>
    <testcase time="0.000999999999748979" classname="ds.corTest_smk_spearman" name="simple_test"/>
    <testcase time="0.00199999999995271" classname="ds.corTest_smk_spearman" name="simple_test"/>
    <testcase time="0.00100000000020373" classname="ds.corTest_smk_spearman" name="simple_test"/>
    <testcase time="0.000999999999748979" classname="ds.corTest_smk_spearman" name="simple_test"/>
    <testcase time="0.00100000000020373" classname="ds.corTest_smk_spearman" name="simple_test"/>
    <testcase time="0.00100000000020373" classname="ds.corTest_smk_spearman" name="simple_test"/>
    <testcase time="0.00199999999995271" classname="ds.corTest_smk_spearman" name="simple_test"/>
    <testcase time="0.000999999999748979" classname="ds.corTest_smk_spearman" name="simple_test"/>
    <testcase time="0.00100000000020373" classname="ds.corTest_smk_spearman" name="simple_test"/>
    <testcase time="0.000999999999748979" classname="ds.corTest_smk_spearman" name="simple_test"/>
    <testcase time="0.00100000000020373" classname="ds.corTest_smk_spearman" name="simple_test"/>
    <testcase time="0.00199999999995271" classname="ds.corTest_smk_spearman" name="simple_test"/>
    <testcase time="0.000999999999748979" classname="ds.corTest_smk_spearman" name="simple_test"/>
    <testcase time="0.00100000000020373" classname="ds.corTest_smk_spearman" name="simple_test"/>
    <testcase time="0.00100000000020373" classname="ds.corTest_smk_spearman" name="simple_test"/>
    <testcase time="0.00199999999995271" classname="ds.corTest_smk_spearman" name="simple_test"/>
    <testcase time="0.000999999999748979" classname="ds.corTest_smk_spearman" name="simple_test"/>
    <testcase time="0.00100000000020373" classname="ds.corTest_smk_spearman" name="simple_test"/>
    <testcase time="0.000999999999748979" classname="ds.corTest_smk_spearman" name="simple_test"/>
    <testcase time="0.00100000000020373" classname="ds.corTest_smk_spearman" name="simple_test"/>
    <testcase time="0.00199999999995271" classname="ds.corTest_smk_spearman" name="simple_test"/>
    <testcase time="0.00100000000020373" classname="ds.corTest_smk_spearman" name="simple_test"/>
    <testcase time="0.000999999999748979" classname="ds.corTest_smk_spearman" name="simple_test"/>
    <testcase time="0.00100000000020373" classname="ds.corTest_smk_spearman" name="simple_test"/>
  </testsuite>
  <testsuite name="ds.corTest::smk::shutdown" timestamp="2025-09-19T12:06:47Z" hostname="runnervmf4ws1" tests="3" skipped="0" failures="0" errors="0" time="0.05">
    <testcase time="0.0479999999997744" classname="ds.corTest_smk_shutdown" name="shutdown"/>
    <testcase time="0.00100000000020373" classname="ds.corTest_smk_shutdown" name="shutdown"/>
    <testcase time="0.000999999999748979" classname="ds.corTest_smk_shutdown" name="shutdown"/>
  </testsuite>
  <testsuite name="ds.corTest::smk::done" timestamp="2025-09-19T12:06:48Z" hostname="runnervmf4ws1" tests="0" skipped="0" failures="0" errors="0" time="0"/>
  <testsuite name="smk-ds.cov" timestamp="2025-09-19T12:06:48Z" hostname="runnervmf4ws1" tests="0" skipped="0" failures="0" errors="0" time="0"/>
  <testsuite name="ds.cov::smk::setup" timestamp="2025-09-19T12:06:48Z" hostname="runnervmf4ws1" tests="3" skipped="0" failures="0" errors="0" time="7.498">
    <testcase time="7.49600000000009" classname="ds.cov_smk_setup" name="setup"/>
    <testcase time="0.00100000000020373" classname="ds.cov_smk_setup" name="setup"/>
    <testcase time="0.000999999999748979" classname="ds.cov_smk_setup" name="setup"/>
  </testsuite>
  <testsuite name="ds.cov::smk" timestamp="2025-09-19T12:06:55Z" hostname="runnervmf4ws1" tests="28" skipped="0" failures="0" errors="0" time="0.559">
    <testcase time="0.253999999999905" classname="ds.cov_smk" name="simple_test_split"/>
    <testcase time="0.00100000000020373" classname="ds.cov_smk" name="simple_test_split"/>
    <testcase time="0.00300000000015643" classname="ds.cov_smk" name="simple_test_split"/>
    <testcase time="0.00299999999970169" classname="ds.cov_smk" name="simple_test_split"/>
    <testcase time="0.00199999999995271" classname="ds.cov_smk" name="simple_test_split"/>
    <testcase time="0.00300000000015643" classname="ds.cov_smk" name="simple_test_split"/>
    <testcase time="0.00100000000020373" classname="ds.cov_smk" name="simple_test_split"/>
    <testcase time="0.000999999999748979" classname="ds.cov_smk" name="simple_test_split"/>
    <testcase time="0.00300000000015643" classname="ds.cov_smk" name="simple_test_split"/>
    <testcase time="0.00199999999995271" classname="ds.cov_smk" name="simple_test_split"/>
    <testcase time="0.00300000000015643" classname="ds.cov_smk" name="simple_test_split"/>
    <testcase time="0.00199999999995271" classname="ds.cov_smk" name="simple_test_split"/>
    <testcase time="0.000999999999748979" classname="ds.cov_smk" name="simple_test_split"/>
    <testcase time="0.00100000000020373" classname="ds.cov_smk" name="simple_test_split"/>
    <testcase time="0.00299999999970169" classname="ds.cov_smk" name="simple_test_split"/>
    <testcase time="0.00300000000015643" classname="ds.cov_smk" name="simple_test_split"/>
    <testcase time="0.00199999999995271" classname="ds.cov_smk" name="simple_test_split"/>
    <testcase time="0.00300000000015643" classname="ds.cov_smk" name="simple_test_split"/>
    <testcase time="0.000999999999748979" classname="ds.cov_smk" name="simple_test_split"/>
    <testcase time="0.251000000000204" classname="ds.cov_smk" name="simple_test_combine"/>
    <testcase time="0.00300000000015643" classname="ds.cov_smk" name="simple_test_combine"/>
    <testcase time="0.00299999999970169" classname="ds.cov_smk" name="simple_test_combine"/>
    <testcase time="0.00199999999995271" classname="ds.cov_smk" name="simple_test_combine"/>
    <testcase time="0.00300000000015643" classname="ds.cov_smk" name="simple_test_combine"/>
    <testcase time="0.00100000000020373" classname="ds.cov_smk" name="simple_test_combine"/>
    <testcase time="0.000999999999748979" classname="ds.cov_smk" name="simple_test_combine"/>
    <testcase time="0.00199999999995271" classname="ds.cov_smk" name="simple_test_combine"/>
    <testcase time="0.00100000000020373" classname="ds.cov_smk" name="simple_test_combine"/>
  </testsuite>
  <testsuite name="ds.cov::smk::shutdown" timestamp="2025-09-19T12:06:56Z" hostname="runnervmf4ws1" tests="3" skipped="0" failures="0" errors="0" time="0.055">
    <testcase time="0.0529999999998836" classname="ds.cov_smk_shutdown" name="shutdown"/>
    <testcase time="0.00100000000020373" classname="ds.cov_smk_shutdown" name="shutdown"/>
    <testcase time="0.000999999999748979" classname="ds.cov_smk_shutdown" name="shutdown"/>
  </testsuite>
  <testsuite name="ds.cov::smk::done" timestamp="2025-09-19T12:06:56Z" hostname="runnervmf4ws1" tests="0" skipped="0" failures="0" errors="0" time="0"/>
  <testsuite name="smk-ds.dataFrame" timestamp="2025-09-19T12:06:56Z" hostname="runnervmf4ws1" tests="0" skipped="0" failures="0" errors="0" time="0"/>
  <testsuite name="ds.dataFrame::smk::setup" timestamp="2025-09-19T12:06:56Z" hostname="runnervmf4ws1" tests="3" skipped="0" failures="0" errors="0" time="7.519">
    <testcase time="7.51699999999983" classname="ds.dataFrame_smk_setup" name="setup"/>
    <testcase time="0.00100000000020373" classname="ds.dataFrame_smk_setup" name="setup"/>
    <testcase time="0.00100000000020373" classname="ds.dataFrame_smk_setup" name="setup"/>
  </testsuite>
  <testsuite name="ds.dataFrame::smk::create a dataframe, from root variables" timestamp="2025-09-19T12:07:03Z" hostname="runnervmf4ws1" tests="25" skipped="0" failures="0" errors="0" time="0.667">
    <testcase time="0.416999999999916" classname="ds.dataFrame_smk_create_a_dataframe_from_root_variables" name="dataframe_exists"/>
    <testcase time="0.000999999999748979" classname="ds.dataFrame_smk_create_a_dataframe_from_root_variables" name="dataframe_exists"/>
    <testcase time="0.00199999999995271" classname="ds.dataFrame_smk_create_a_dataframe_from_root_variables" name="dataframe_exists"/>
    <testcase time="0.121000000000095" classname="ds.dataFrame_smk_create_a_dataframe_from_root_variables" name="dataframe_exists"/>
    <testcase time="0.00100000000020373" classname="ds.dataFrame_smk_create_a_dataframe_from_root_variables" name="dataframe_exists"/>
    <testcase time="0.00199999999995271" classname="ds.dataFrame_smk_create_a_dataframe_from_root_variables" name="dataframe_exists"/>
    <testcase time="0.000999999999748979" classname="ds.dataFrame_smk_create_a_dataframe_from_root_variables" name="dataframe_exists"/>
    <testcase time="0.00100000000020373" classname="ds.dataFrame_smk_create_a_dataframe_from_root_variables" name="dataframe_exists"/>
    <testcase time="0.00100000000020373" classname="ds.dataFrame_smk_create_a_dataframe_from_root_variables" name="dataframe_exists"/>
    <testcase time="0.000999999999748979" classname="ds.dataFrame_smk_create_a_dataframe_from_root_variables" name="dataframe_exists"/>
    <testcase time="0.00100000000020373" classname="ds.dataFrame_smk_create_a_dataframe_from_root_variables" name="dataframe_exists"/>
    <testcase time="0.000999999999748979" classname="ds.dataFrame_smk_create_a_dataframe_from_root_variables" name="dataframe_exists"/>
    <testcase time="0.00199999999995271" classname="ds.dataFrame_smk_create_a_dataframe_from_root_variables" name="dataframe_exists"/>
    <testcase time="0.00100000000020373" classname="ds.dataFrame_smk_create_a_dataframe_from_root_variables" name="dataframe_exists"/>
    <testcase time="0.000999999999748979" classname="ds.dataFrame_smk_create_a_dataframe_from_root_variables" name="dataframe_exists"/>
    <testcase time="0.101000000000113" classname="ds.dataFrame_smk_create_a_dataframe_from_root_variables" name="dataframe_exists"/>
    <testcase time="0.00199999999995271" classname="ds.dataFrame_smk_create_a_dataframe_from_root_variables" name="dataframe_exists"/>
    <testcase time="0.00100000000020373" classname="ds.dataFrame_smk_create_a_dataframe_from_root_variables" name="dataframe_exists"/>
    <testcase time="0.000999999999748979" classname="ds.dataFrame_smk_create_a_dataframe_from_root_variables" name="dataframe_exists"/>
    <testcase time="0.00100000000020373" classname="ds.dataFrame_smk_create_a_dataframe_from_root_variables" name="dataframe_exists"/>
    <testcase time="0.00199999999995271" classname="ds.dataFrame_smk_create_a_dataframe_from_root_variables" name="dataframe_exists"/>
    <testcase time="0.00100000000020373" classname="ds.dataFrame_smk_create_a_dataframe_from_root_variables" name="dataframe_exists"/>
    <testcase time="0.000999999999748979" classname="ds.dataFrame_smk_create_a_dataframe_from_root_variables" name="dataframe_exists"/>
    <testcase time="0.00100000000020373" classname="ds.dataFrame_smk_create_a_dataframe_from_root_variables" name="dataframe_exists"/>
    <testcase time="0.00199999999995271" classname="ds.dataFrame_smk_create_a_dataframe_from_root_variables" name="dataframe_exists"/>
  </testsuite>
  <testsuite name="ds.dataFrame::smk::create a dataframe, with DataSHIELD.checks, from root variables" timestamp="2025-09-19T12:07:04Z" hostname="runnervmf4ws1" tests="20" skipped="0" failures="0" errors="0" time="1.22">
    <testcase time="0.969000000000051" classname="ds.dataFrame_smk_create_a_dataframe_with_DataSHIELD.checks_from_root_variables" name="dataframe_exists_with_DataSHIELD.checks"/>
    <testcase time="0.00199999999995271" classname="ds.dataFrame_smk_create_a_dataframe_with_DataSHIELD.checks_from_root_variables" name="dataframe_exists_with_DataSHIELD.checks"/>
    <testcase time="0.000999999999748979" classname="ds.dataFrame_smk_create_a_dataframe_with_DataSHIELD.checks_from_root_variables" name="dataframe_exists_with_DataSHIELD.checks"/>
    <testcase time="0.117999999999938" classname="ds.dataFrame_smk_create_a_dataframe_with_DataSHIELD.checks_from_root_variables" name="dataframe_exists_with_DataSHIELD.checks"/>
    <testcase time="0.00200000000040745" classname="ds.dataFrame_smk_create_a_dataframe_with_DataSHIELD.checks_from_root_variables" name="dataframe_exists_with_DataSHIELD.checks"/>
    <testcase time="0.000999999999748979" classname="ds.dataFrame_smk_create_a_dataframe_with_DataSHIELD.checks_from_root_variables" name="dataframe_exists_with_DataSHIELD.checks"/>
    <testcase time="0.00100000000020373" classname="ds.dataFrame_smk_create_a_dataframe_with_DataSHIELD.checks_from_root_variables" name="dataframe_exists_with_DataSHIELD.checks"/>
    <testcase time="0.000999999999748979" classname="ds.dataFrame_smk_create_a_dataframe_with_DataSHIELD.checks_from_root_variables" name="dataframe_exists_with_DataSHIELD.checks"/>
    <testcase time="0.00100000000020373" classname="ds.dataFrame_smk_create_a_dataframe_with_DataSHIELD.checks_from_root_variables" name="dataframe_exists_with_DataSHIELD.checks"/>
    <testcase time="0.00199999999995271" classname="ds.dataFrame_smk_create_a_dataframe_with_DataSHIELD.checks_from_root_variables" name="dataframe_exists_with_DataSHIELD.checks"/>
    <testcase time="0.110999999999876" classname="ds.dataFrame_smk_create_a_dataframe_with_DataSHIELD.checks_from_root_variables" name="dataframe_exists_with_DataSHIELD.checks"/>
    <testcase time="0.00199999999995271" classname="ds.dataFrame_smk_create_a_dataframe_with_DataSHIELD.checks_from_root_variables" name="dataframe_exists_with_DataSHIELD.checks"/>
    <testcase time="0.00100000000020373" classname="ds.dataFrame_smk_create_a_dataframe_with_DataSHIELD.checks_from_root_variables" name="dataframe_exists_with_DataSHIELD.checks"/>
    <testcase time="0.000999999999748979" classname="ds.dataFrame_smk_create_a_dataframe_with_DataSHIELD.checks_from_root_variables" name="dataframe_exists_with_DataSHIELD.checks"/>
    <testcase time="0.00100000000020373" classname="ds.dataFrame_smk_create_a_dataframe_with_DataSHIELD.checks_from_root_variables" name="dataframe_exists_with_DataSHIELD.checks"/>
    <testcase time="0.000999999999748979" classname="ds.dataFrame_smk_create_a_dataframe_with_DataSHIELD.checks_from_root_variables" name="dataframe_exists_with_DataSHIELD.checks"/>
    <testcase time="0.00200000000040745" classname="ds.dataFrame_smk_create_a_dataframe_with_DataSHIELD.checks_from_root_variables" name="dataframe_exists_with_DataSHIELD.checks"/>
    <testcase time="0.000999999999748979" classname="ds.dataFrame_smk_create_a_dataframe_with_DataSHIELD.checks_from_root_variables" name="dataframe_exists_with_DataSHIELD.checks"/>
    <testcase time="0.00100000000020373" classname="ds.dataFrame_smk_create_a_dataframe_with_DataSHIELD.checks_from_root_variables" name="dataframe_exists_with_DataSHIELD.checks"/>
    <testcase time="0.000999999999748979" classname="ds.dataFrame_smk_create_a_dataframe_with_DataSHIELD.checks_from_root_variables" name="dataframe_exists_with_DataSHIELD.checks"/>
  </testsuite>
  <testsuite name="ds.dataFrame::smk::create a dataframe, from dataframe variables" timestamp="2025-09-19T12:07:05Z" hostname="runnervmf4ws1" tests="25" skipped="0" failures="0" errors="0" time="0.436">
    <testcase time="0.269999999999982" classname="ds.dataFrame_smk_create_a_dataframe_from_dataframe_variables" name="dataframe_exists_from_dataframe_variables"/>
    <testcase time="0.00199999999995271" classname="ds.dataFrame_smk_create_a_dataframe_from_dataframe_variables" name="dataframe_exists_from_dataframe_variables"/>
    <testcase time="0.00100000000020373" classname="ds.dataFrame_smk_create_a_dataframe_from_dataframe_variables" name="dataframe_exists_from_dataframe_variables"/>
    <testcase time="0.0399999999999636" classname="ds.dataFrame_smk_create_a_dataframe_from_dataframe_variables" name="dataframe_exists_from_dataframe_variables"/>
    <testcase time="0.00100000000020373" classname="ds.dataFrame_smk_create_a_dataframe_from_dataframe_variables" name="dataframe_exists_from_dataframe_variables"/>
    <testcase time="0.000999999999748979" classname="ds.dataFrame_smk_create_a_dataframe_from_dataframe_variables" name="dataframe_exists_from_dataframe_variables"/>
    <testcase time="0.00100000000020373" classname="ds.dataFrame_smk_create_a_dataframe_from_dataframe_variables" name="dataframe_exists_from_dataframe_variables"/>
    <testcase time="0.000999999999748979" classname="ds.dataFrame_smk_create_a_dataframe_from_dataframe_variables" name="dataframe_exists_from_dataframe_variables"/>
    <testcase time="0.00199999999995271" classname="ds.dataFrame_smk_create_a_dataframe_from_dataframe_variables" name="dataframe_exists_from_dataframe_variables"/>
    <testcase time="0.00100000000020373" classname="ds.dataFrame_smk_create_a_dataframe_from_dataframe_variables" name="dataframe_exists_from_dataframe_variables"/>
    <testcase time="0.000999999999748979" classname="ds.dataFrame_smk_create_a_dataframe_from_dataframe_variables" name="dataframe_exists_from_dataframe_variables"/>
    <testcase time="0.00100000000020373" classname="ds.dataFrame_smk_create_a_dataframe_from_dataframe_variables" name="dataframe_exists_from_dataframe_variables"/>
    <testcase time="0.000999999999748979" classname="ds.dataFrame_smk_create_a_dataframe_from_dataframe_variables" name="dataframe_exists_from_dataframe_variables"/>
    <testcase time="0.00100000000020373" classname="ds.dataFrame_smk_create_a_dataframe_from_dataframe_variables" name="dataframe_exists_from_dataframe_variables"/>
    <testcase time="0.00100000000020373" classname="ds.dataFrame_smk_create_a_dataframe_from_dataframe_variables" name="dataframe_exists_from_dataframe_variables"/>
    <testcase time="0.100999999999658" classname="ds.dataFrame_smk_create_a_dataframe_from_dataframe_variables" name="dataframe_exists_from_dataframe_variables"/>
    <testcase time="0.00100000000020373" classname="ds.dataFrame_smk_create_a_dataframe_from_dataframe_variables" name="dataframe_exists_from_dataframe_variables"/>
    <testcase time="0.00100000000020373" classname="ds.dataFrame_smk_create_a_dataframe_from_dataframe_variables" name="dataframe_exists_from_dataframe_variables"/>
    <testcase time="0.00100000000020373" classname="ds.dataFrame_smk_create_a_dataframe_from_dataframe_variables" name="dataframe_exists_from_dataframe_variables"/>
    <testcase time="0.000999999999748979" classname="ds.dataFrame_smk_create_a_dataframe_from_dataframe_variables" name="dataframe_exists_from_dataframe_variables"/>
    <testcase time="0.00100000000020373" classname="ds.dataFrame_smk_create_a_dataframe_from_dataframe_variables" name="dataframe_exists_from_dataframe_variables"/>
    <testcase time="0.00199999999995271" classname="ds.dataFrame_smk_create_a_dataframe_from_dataframe_variables" name="dataframe_exists_from_dataframe_variables"/>
    <testcase time="0.000999999999748979" classname="ds.dataFrame_smk_create_a_dataframe_from_dataframe_variables" name="dataframe_exists_from_dataframe_variables"/>
    <testcase time="0.00100000000020373" classname="ds.dataFrame_smk_create_a_dataframe_from_dataframe_variables" name="dataframe_exists_from_dataframe_variables"/>
    <testcase time="0.000999999999748979" classname="ds.dataFrame_smk_create_a_dataframe_from_dataframe_variables" name="dataframe_exists_from_dataframe_variables"/>
  </testsuite>
  <testsuite name="ds.dataFrame::smk::create a dataframe, with DataSHIELD.checks, from dataframe variables" timestamp="2025-09-19T12:07:06Z" hostname="runnervmf4ws1" tests="20" skipped="0" failures="0" errors="0" time="0.942">
    <testcase time="0.778999999999996" classname="ds.dataFrame_smk_create_a_dataframe_with_DataSHIELD.checks_from_dataframe_variables" name="dataframe_exists_with_DataSHIELD.checks_from_dataframe_variables"/>
    <testcase time="0.00200000000040745" classname="ds.dataFrame_smk_create_a_dataframe_with_DataSHIELD.checks_from_dataframe_variables" name="dataframe_exists_with_DataSHIELD.checks_from_dataframe_variables"/>
    <testcase time="0.000999999999748979" classname="ds.dataFrame_smk_create_a_dataframe_with_DataSHIELD.checks_from_dataframe_variables" name="dataframe_exists_with_DataSHIELD.checks_from_dataframe_variables"/>
    <testcase time="0.0399999999999636" classname="ds.dataFrame_smk_create_a_dataframe_with_DataSHIELD.checks_from_dataframe_variables" name="dataframe_exists_with_DataSHIELD.checks_from_dataframe_variables"/>
    <testcase time="0.00100000000020373" classname="ds.dataFrame_smk_create_a_dataframe_with_DataSHIELD.checks_from_dataframe_variables" name="dataframe_exists_with_DataSHIELD.checks_from_dataframe_variables"/>
    <testcase time="0.00199999999995271" classname="ds.dataFrame_smk_create_a_dataframe_with_DataSHIELD.checks_from_dataframe_variables" name="dataframe_exists_with_DataSHIELD.checks_from_dataframe_variables"/>
    <testcase time="0.000999999999748979" classname="ds.dataFrame_smk_create_a_dataframe_with_DataSHIELD.checks_from_dataframe_variables" name="dataframe_exists_with_DataSHIELD.checks_from_dataframe_variables"/>
    <testcase time="0.00100000000020373" classname="ds.dataFrame_smk_create_a_dataframe_with_DataSHIELD.checks_from_dataframe_variables" name="dataframe_exists_with_DataSHIELD.checks_from_dataframe_variables"/>
    <testcase time="0.000999999999748979" classname="ds.dataFrame_smk_create_a_dataframe_with_DataSHIELD.checks_from_dataframe_variables" name="dataframe_exists_with_DataSHIELD.checks_from_dataframe_variables"/>
    <testcase time="0.00100000000020373" classname="ds.dataFrame_smk_create_a_dataframe_with_DataSHIELD.checks_from_dataframe_variables" name="dataframe_exists_with_DataSHIELD.checks_from_dataframe_variables"/>
    <testcase time="0.101000000000113" classname="ds.dataFrame_smk_create_a_dataframe_with_DataSHIELD.checks_from_dataframe_variables" name="dataframe_exists_with_DataSHIELD.checks_from_dataframe_variables"/>
    <testcase time="0.00199999999995271" classname="ds.dataFrame_smk_create_a_dataframe_with_DataSHIELD.checks_from_dataframe_variables" name="dataframe_exists_with_DataSHIELD.checks_from_dataframe_variables"/>
    <testcase time="0.000999999999748979" classname="ds.dataFrame_smk_create_a_dataframe_with_DataSHIELD.checks_from_dataframe_variables" name="dataframe_exists_with_DataSHIELD.checks_from_dataframe_variables"/>
    <testcase time="0.00100000000020373" classname="ds.dataFrame_smk_create_a_dataframe_with_DataSHIELD.checks_from_dataframe_variables" name="dataframe_exists_with_DataSHIELD.checks_from_dataframe_variables"/>
    <testcase time="0.00100000000020373" classname="ds.dataFrame_smk_create_a_dataframe_with_DataSHIELD.checks_from_dataframe_variables" name="dataframe_exists_with_DataSHIELD.checks_from_dataframe_variables"/>
    <testcase time="0.00199999999995271" classname="ds.dataFrame_smk_create_a_dataframe_with_DataSHIELD.checks_from_dataframe_variables" name="dataframe_exists_with_DataSHIELD.checks_from_dataframe_variables"/>
    <testcase time="0.000999999999748979" classname="ds.dataFrame_smk_create_a_dataframe_with_DataSHIELD.checks_from_dataframe_variables" name="dataframe_exists_with_DataSHIELD.checks_from_dataframe_variables"/>
    <testcase time="0.00100000000020373" classname="ds.dataFrame_smk_create_a_dataframe_with_DataSHIELD.checks_from_dataframe_variables" name="dataframe_exists_with_DataSHIELD.checks_from_dataframe_variables"/>
    <testcase time="0.000999999999748979" classname="ds.dataFrame_smk_create_a_dataframe_with_DataSHIELD.checks_from_dataframe_variables" name="dataframe_exists_with_DataSHIELD.checks_from_dataframe_variables"/>
    <testcase time="0.00199999999995271" classname="ds.dataFrame_smk_create_a_dataframe_with_DataSHIELD.checks_from_dataframe_variables" name="dataframe_exists_with_DataSHIELD.checks_from_dataframe_variables"/>
  </testsuite>
  <testsuite name="ds.dataFrame::smk::shutdown" timestamp="2025-09-19T12:07:06Z" hostname="runnervmf4ws1" tests="3" skipped="0" failures="0" errors="0" time="0.095">
    <testcase time="0.0920000000000982" classname="ds.dataFrame_smk_shutdown" name="shutdown"/>
    <testcase time="0.00100000000020373" classname="ds.dataFrame_smk_shutdown" name="shutdown"/>
    <testcase time="0.00199999999995271" classname="ds.dataFrame_smk_shutdown" name="shutdown"/>
  </testsuite>
  <testsuite name="ds.dataFrame::smk::done" timestamp="2025-09-19T12:07:07Z" hostname="runnervmf4ws1" tests="0" skipped="0" failures="0" errors="0" time="0"/>
  <testsuite name="smk-ds.dataFrameFill-donothing" timestamp="2025-09-19T12:07:07Z" hostname="runnervmf4ws1" tests="0" skipped="0" failures="0" errors="0" time="0"/>
  <testsuite name="ds.dataFrameFill::smk::donothing setup" timestamp="2025-09-19T12:07:07Z" hostname="runnervmf4ws1" tests="3" skipped="0" failures="0" errors="0" time="7.515">
    <testcase time="7.51299999999992" classname="ds.dataFrameFill_smk_donothing_setup" name="setup"/>
    <testcase time="0.00100000000020373" classname="ds.dataFrameFill_smk_donothing_setup" name="setup"/>
    <testcase time="0.000999999999748979" classname="ds.dataFrameFill_smk_donothing_setup" name="setup"/>
  </testsuite>
  <testsuite name="ds.dataFrameFill::smk::donothing dataframes" timestamp="2025-09-19T12:07:14Z" hostname="runnervmf4ws1" tests="14" skipped="0" failures="0" errors="0" time="0.227">
    <testcase time="0.108999999999924" classname="ds.dataFrameFill_smk_donothing_dataframes" name="dataFrameFill_donothing"/>
    <testcase time="0.00199999999995271" classname="ds.dataFrameFill_smk_donothing_dataframes" name="dataFrameFill_donothing"/>
    <testcase time="0.000999999999748979" classname="ds.dataFrameFill_smk_donothing_dataframes" name="dataFrameFill_donothing"/>
    <testcase time="0.00100000000020373" classname="ds.dataFrameFill_smk_donothing_dataframes" name="dataFrameFill_donothing"/>
    <testcase time="0.00100000000020373" classname="ds.dataFrameFill_smk_donothing_dataframes" name="dataFrameFill_donothing"/>
    <testcase time="0.000999999999748979" classname="ds.dataFrameFill_smk_donothing_dataframes" name="dataFrameFill_donothing"/>
    <testcase time="0.00199999999995271" classname="ds.dataFrameFill_smk_donothing_dataframes" name="dataFrameFill_donothing"/>
    <testcase time="0.00100000000020373" classname="ds.dataFrameFill_smk_donothing_dataframes" name="dataFrameFill_donothing"/>
    <testcase time="0.000999999999748979" classname="ds.dataFrameFill_smk_donothing_dataframes" name="dataFrameFill_donothing"/>
    <testcase time="0.00100000000020373" classname="ds.dataFrameFill_smk_donothing_dataframes" name="dataFrameFill_donothing"/>
    <testcase time="0.00199999999995271" classname="ds.dataFrameFill_smk_donothing_dataframes" name="dataFrameFill_donothing"/>
    <testcase time="0.00100000000020373" classname="ds.dataFrameFill_smk_donothing_dataframes" name="dataFrameFill_donothing"/>
    <testcase time="0.000999999999748979" classname="ds.dataFrameFill_smk_donothing_dataframes" name="dataFrameFill_donothing"/>
    <testcase time="0.103000000000065" classname="ds.dataFrameFill_smk_donothing_dataframes" name="dataFrameFill_donothing"/>
  </testsuite>
  <testsuite name="ds.dataFrameFill::smk::donothing shutdown" timestamp="2025-09-19T12:07:14Z" hostname="runnervmf4ws1" tests="3" skipped="0" failures="0" errors="0" time="0.052">
    <testcase time="0.0489999999999782" classname="ds.dataFrameFill_smk_donothing_shutdown" name="shutdown"/>
    <testcase time="0.00199999999995271" classname="ds.dataFrameFill_smk_donothing_shutdown" name="shutdown"/>
    <testcase time="0.00100000000020373" classname="ds.dataFrameFill_smk_donothing_shutdown" name="shutdown"/>
  </testsuite>
  <testsuite name="ds.dataFrameFill::smk::donothing done" timestamp="2025-09-19T12:07:15Z" hostname="runnervmf4ws1" tests="0" skipped="0" failures="0" errors="0" time="0"/>
  <testsuite name="smk-ds.dataFrameFill-factor" timestamp="2025-09-19T12:07:15Z" hostname="runnervmf4ws1" tests="0" skipped="0" failures="0" errors="0" time="0"/>
  <testsuite name="ds.dataFrameFill::smk::factor setup" timestamp="2025-09-19T12:07:15Z" hostname="runnervmf4ws1" tests="3" skipped="0" failures="0" errors="0" time="7.502">
    <testcase time="7.4989999999998" classname="ds.dataFrameFill_smk_factor_setup" name="setup"/>
    <testcase time="0.00199999999995271" classname="ds.dataFrameFill_smk_factor_setup" name="setup"/>
    <testcase time="0.00100000000020373" classname="ds.dataFrameFill_smk_factor_setup" name="setup"/>
  </testsuite>
  <testsuite name="ds.dataFrameFill::smk::factor setup dataframes" timestamp="2025-09-19T12:07:22Z" hostname="runnervmf4ws1" tests="23" skipped="0" failures="0" errors="0" time="0.525">
    <testcase time="0.043999999999869" classname="ds.dataFrameFill_smk_factor_setup_dataframes" name="setup"/>
    <testcase time="0.00199999999995271" classname="ds.dataFrameFill_smk_factor_setup_dataframes" name="setup"/>
    <testcase time="0.00100000000020373" classname="ds.dataFrameFill_smk_factor_setup_dataframes" name="setup"/>
    <testcase time="0.367999999999938" classname="ds.dataFrameFill_smk_factor_setup_dataframes" name="setup"/>
    <testcase time="0.00199999999995271" classname="ds.dataFrameFill_smk_factor_setup_dataframes" name="setup"/>
    <testcase time="0.00100000000020373" classname="ds.dataFrameFill_smk_factor_setup_dataframes" name="setup"/>
    <testcase time="0.000999999999748979" classname="ds.dataFrameFill_smk_factor_setup_dataframes" name="setup"/>
    <testcase time="0.00100000000020373" classname="ds.dataFrameFill_smk_factor_setup_dataframes" name="setup"/>
    <testcase time="0.00199999999995271" classname="ds.dataFrameFill_smk_factor_setup_dataframes" name="setup"/>
    <testcase time="0.000999999999748979" classname="ds.dataFrameFill_smk_factor_setup_dataframes" name="setup"/>
    <testcase time="0.00100000000020373" classname="ds.dataFrameFill_smk_factor_setup_dataframes" name="setup"/>
    <testcase time="0.000999999999748979" classname="ds.dataFrameFill_smk_factor_setup_dataframes" name="setup"/>
    <testcase time="0.00100000000020373" classname="ds.dataFrameFill_smk_factor_setup_dataframes" name="setup"/>
    <testcase time="0.00199999999995271" classname="ds.dataFrameFill_smk_factor_setup_dataframes" name="setup"/>
    <testcase time="0.00100000000020373" classname="ds.dataFrameFill_smk_factor_setup_dataframes" name="setup"/>
    <testcase time="0.000999999999748979" classname="ds.dataFrameFill_smk_factor_setup_dataframes" name="setup"/>
    <testcase time="0.0880000000001928" classname="ds.dataFrameFill_smk_factor_setup_dataframes" name="setup"/>
    <testcase time="0.000999999999748979" classname="ds.dataFrameFill_smk_factor_setup_dataframes" name="setup"/>
    <testcase time="0.00100000000020373" classname="ds.dataFrameFill_smk_factor_setup_dataframes" name="setup"/>
    <testcase time="0.00199999999995271" classname="ds.dataFrameFill_smk_factor_setup_dataframes" name="setup"/>
    <testcase time="0.000999999999748979" classname="ds.dataFrameFill_smk_factor_setup_dataframes" name="setup"/>
    <testcase time="0.00100000000020373" classname="ds.dataFrameFill_smk_factor_setup_dataframes" name="setup"/>
    <testcase time="0.00100000000020373" classname="ds.dataFrameFill_smk_factor_setup_dataframes" name="setup"/>
  </testsuite>
  <testsuite name="ds.dataFrameFill::smk::factor extend unfilled dataframes" timestamp="2025-09-19T12:07:22Z" hostname="runnervmf4ws1" tests="74" skipped="0" failures="0" errors="0" time="1.454">
    <testcase time="0.614999999999782" classname="ds.dataFrameFill_smk_factor_extend_unfilled_dataframes" name="dataFrameFill_exists"/>
    <testcase time="0.00100000000020373" classname="ds.dataFrameFill_smk_factor_extend_unfilled_dataframes" name="dataFrameFill_exists"/>
    <testcase time="0.00199999999995271" classname="ds.dataFrameFill_smk_factor_extend_unfilled_dataframes" name="dataFrameFill_exists"/>
    <testcase time="0.101999999999862" classname="ds.dataFrameFill_smk_factor_extend_unfilled_dataframes" name="dataFrameFill_exists"/>
    <testcase time="0.00100000000020373" classname="ds.dataFrameFill_smk_factor_extend_unfilled_dataframes" name="dataFrameFill_exists"/>
    <testcase time="0.000999999999748979" classname="ds.dataFrameFill_smk_factor_extend_unfilled_dataframes" name="dataFrameFill_exists"/>
    <testcase time="0.00100000000020373" classname="ds.dataFrameFill_smk_factor_extend_unfilled_dataframes" name="dataFrameFill_exists"/>
    <testcase time="0.00199999999995271" classname="ds.dataFrameFill_smk_factor_extend_unfilled_dataframes" name="dataFrameFill_exists"/>
    <testcase time="0.000999999999748979" classname="ds.dataFrameFill_smk_factor_extend_unfilled_dataframes" name="dataFrameFill_exists"/>
    <testcase time="0.00100000000020373" classname="ds.dataFrameFill_smk_factor_extend_unfilled_dataframes" name="dataFrameFill_exists"/>
    <testcase time="0.000999999999748979" classname="ds.dataFrameFill_smk_factor_extend_unfilled_dataframes" name="dataFrameFill_exists"/>
    <testcase time="0.00100000000020373" classname="ds.dataFrameFill_smk_factor_extend_unfilled_dataframes" name="dataFrameFill_exists"/>
    <testcase time="0.00199999999995271" classname="ds.dataFrameFill_smk_factor_extend_unfilled_dataframes" name="dataFrameFill_exists"/>
    <testcase time="0.00100000000020373" classname="ds.dataFrameFill_smk_factor_extend_unfilled_dataframes" name="dataFrameFill_exists"/>
    <testcase time="0.000999999999748979" classname="ds.dataFrameFill_smk_factor_extend_unfilled_dataframes" name="dataFrameFill_exists"/>
    <testcase time="0.00100000000020373" classname="ds.dataFrameFill_smk_factor_extend_unfilled_dataframes" name="dataFrameFill_exists"/>
    <testcase time="0.000999999999748979" classname="ds.dataFrameFill_smk_factor_extend_unfilled_dataframes" name="dataFrameFill_exists"/>
    <testcase time="0.00199999999995271" classname="ds.dataFrameFill_smk_factor_extend_unfilled_dataframes" name="dataFrameFill_exists"/>
    <testcase time="0.00100000000020373" classname="ds.dataFrameFill_smk_factor_extend_unfilled_dataframes" name="dataFrameFill_exists"/>
    <testcase time="0.0769999999997708" classname="ds.dataFrameFill_smk_factor_extend_unfilled_dataframes" name="dataFrameFill_exists"/>
    <testcase time="0.00100000000020373" classname="ds.dataFrameFill_smk_factor_extend_unfilled_dataframes" name="dataFrameFill_exists"/>
    <testcase time="0.00100000000020373" classname="ds.dataFrameFill_smk_factor_extend_unfilled_dataframes" name="dataFrameFill_exists"/>
    <testcase time="0.00199999999995271" classname="ds.dataFrameFill_smk_factor_extend_unfilled_dataframes" name="dataFrameFill_exists"/>
    <testcase time="0.000999999999748979" classname="ds.dataFrameFill_smk_factor_extend_unfilled_dataframes" name="dataFrameFill_exists"/>
    <testcase time="0.00100000000020373" classname="ds.dataFrameFill_smk_factor_extend_unfilled_dataframes" name="dataFrameFill_exists"/>
    <testcase time="0.000999999999748979" classname="ds.dataFrameFill_smk_factor_extend_unfilled_dataframes" name="dataFrameFill_exists"/>
    <testcase time="0.0830000000000837" classname="ds.dataFrameFill_smk_factor_extend_unfilled_dataframes" name="dataFrameFill_exists"/>
    <testcase time="0.00100000000020373" classname="ds.dataFrameFill_smk_factor_extend_unfilled_dataframes" name="dataFrameFill_exists"/>
    <testcase time="0.00199999999995271" classname="ds.dataFrameFill_smk_factor_extend_unfilled_dataframes" name="dataFrameFill_exists"/>
    <testcase time="0.000999999999748979" classname="ds.dataFrameFill_smk_factor_extend_unfilled_dataframes" name="dataFrameFill_exists"/>
    <testcase time="0.00100000000020373" classname="ds.dataFrameFill_smk_factor_extend_unfilled_dataframes" name="dataFrameFill_exists"/>
    <testcase time="0.000999999999748979" classname="ds.dataFrameFill_smk_factor_extend_unfilled_dataframes" name="dataFrameFill_exists"/>
    <testcase time="0.00200000000040745" classname="ds.dataFrameFill_smk_factor_extend_unfilled_dataframes" name="dataFrameFill_exists"/>
    <testcase time="0.0789999999997235" classname="ds.dataFrameFill_smk_factor_extend_unfilled_dataframes" name="dataFrameFill_exists"/>
    <testcase time="0.00100000000020373" classname="ds.dataFrameFill_smk_factor_extend_unfilled_dataframes" name="dataFrameFill_exists"/>
    <testcase time="0.000999999999748979" classname="ds.dataFrameFill_smk_factor_extend_unfilled_dataframes" name="dataFrameFill_exists"/>
    <testcase time="0.00199999999995271" classname="ds.dataFrameFill_smk_factor_extend_unfilled_dataframes" name="dataFrameFill_exists"/>
    <testcase time="0.00100000000020373" classname="ds.dataFrameFill_smk_factor_extend_unfilled_dataframes" name="dataFrameFill_exists"/>
    <testcase time="0.000999999999748979" classname="ds.dataFrameFill_smk_factor_extend_unfilled_dataframes" name="dataFrameFill_exists"/>
    <testcase time="0.00200000000040745" classname="ds.dataFrameFill_smk_factor_extend_unfilled_dataframes" name="dataFrameFill_exists"/>
    <testcase time="0.131999999999607" classname="ds.dataFrameFill_smk_factor_extend_unfilled_dataframes" name="dataFrameFill_exists"/>
    <testcase time="0.00100000000020373" classname="ds.dataFrameFill_smk_factor_extend_unfilled_dataframes" name="dataFrameFill_exists"/>
    <testcase time="0.00199999999995271" classname="ds.dataFrameFill_smk_factor_extend_unfilled_dataframes" name="dataFrameFill_exists"/>
    <testcase time="0.00199999999995271" classname="ds.dataFrameFill_smk_factor_extend_unfilled_dataframes" name="dataFrameFill_exists"/>
    <testcase time="0.00199999999995271" classname="ds.dataFrameFill_smk_factor_extend_unfilled_dataframes" name="dataFrameFill_exists"/>
    <testcase time="0.00100000000020373" classname="ds.dataFrameFill_smk_factor_extend_unfilled_dataframes" name="dataFrameFill_exists"/>
    <testcase time="0.00300000000015643" classname="ds.dataFrameFill_smk_factor_extend_unfilled_dataframes" name="dataFrameFill_exists"/>
    <testcase time="0.000999999999748979" classname="ds.dataFrameFill_smk_factor_extend_unfilled_dataframes" name="dataFrameFill_exists"/>
    <testcase time="0.00100000000020373" classname="ds.dataFrameFill_smk_factor_extend_unfilled_dataframes" name="dataFrameFill_exists"/>
    <testcase time="0.00299999999970169" classname="ds.dataFrameFill_smk_factor_extend_unfilled_dataframes" name="dataFrameFill_exists"/>
    <testcase time="0.0920000000000982" classname="ds.dataFrameFill_smk_factor_extend_unfilled_dataframes" name="dataFrameFill_exists"/>
    <testcase time="0.00199999999995271" classname="ds.dataFrameFill_smk_factor_extend_unfilled_dataframes" name="dataFrameFill_exists"/>
    <testcase time="0.00100000000020373" classname="ds.dataFrameFill_smk_factor_extend_unfilled_dataframes" name="dataFrameFill_exists"/>
    <testcase time="0.000999999999748979" classname="ds.dataFrameFill_smk_factor_extend_unfilled_dataframes" name="dataFrameFill_exists"/>
    <testcase time="0.00199999999995271" classname="ds.dataFrameFill_smk_factor_extend_unfilled_dataframes" name="dataFrameFill_exists"/>
    <testcase time="0.00100000000020373" classname="ds.dataFrameFill_smk_factor_extend_unfilled_dataframes" name="dataFrameFill_exists"/>
    <testcase time="0.000999999999748979" classname="ds.dataFrameFill_smk_factor_extend_unfilled_dataframes" name="dataFrameFill_exists"/>
    <testcase time="0.080000000000382" classname="ds.dataFrameFill_smk_factor_extend_unfilled_dataframes" name="dataFrameFill_exists"/>
    <testcase time="0.00199999999995271" classname="ds.dataFrameFill_smk_factor_extend_unfilled_dataframes" name="dataFrameFill_exists"/>
    <testcase time="0.000999999999748979" classname="ds.dataFrameFill_smk_factor_extend_unfilled_dataframes" name="dataFrameFill_exists"/>
    <testcase time="0.00100000000020373" classname="ds.dataFrameFill_smk_factor_extend_unfilled_dataframes" name="dataFrameFill_exists"/>
    <testcase time="0.00199999999995271" classname="ds.dataFrameFill_smk_factor_extend_unfilled_dataframes" name="dataFrameFill_exists"/>
    <testcase time="0.00100000000020373" classname="ds.dataFrameFill_smk_factor_extend_unfilled_dataframes" name="dataFrameFill_exists"/>
    <testcase time="0.000999999999748979" classname="ds.dataFrameFill_smk_factor_extend_unfilled_dataframes" name="dataFrameFill_exists"/>
    <testcase time="0.101000000000113" classname="ds.dataFrameFill_smk_factor_extend_unfilled_dataframes" name="dataFrameFill_exists"/>
    <testcase time="0.00199999999995271" classname="ds.dataFrameFill_smk_factor_extend_unfilled_dataframes" name="dataFrameFill_exists"/>
    <testcase time="0.000999999999748979" classname="ds.dataFrameFill_smk_factor_extend_unfilled_dataframes" name="dataFrameFill_exists"/>
    <testcase time="0.00300000000015643" classname="ds.dataFrameFill_smk_factor_extend_unfilled_dataframes" name="dataFrameFill_exists"/>
    <testcase time="0.00199999999995271" classname="ds.dataFrameFill_smk_factor_extend_unfilled_dataframes" name="dataFrameFill_exists"/>
    <testcase time="0.00100000000020373" classname="ds.dataFrameFill_smk_factor_extend_unfilled_dataframes" name="dataFrameFill_exists"/>
    <testcase time="0.00299999999970169" classname="ds.dataFrameFill_smk_factor_extend_unfilled_dataframes" name="dataFrameFill_exists"/>
    <testcase time="0.00100000000020373" classname="ds.dataFrameFill_smk_factor_extend_unfilled_dataframes" name="dataFrameFill_exists"/>
    <testcase time="0.00100000000020373" classname="ds.dataFrameFill_smk_factor_extend_unfilled_dataframes" name="dataFrameFill_exists"/>
    <testcase time="0.00299999999970169" classname="ds.dataFrameFill_smk_factor_extend_unfilled_dataframes" name="dataFrameFill_exists"/>
  </testsuite>
  <testsuite name="ds.dataFrameFill::smk::factor shutdown" timestamp="2025-09-19T12:07:24Z" hostname="runnervmf4ws1" tests="3" skipped="0" failures="0" errors="0" time="0.048">
    <testcase time="0.0460000000002765" classname="ds.dataFrameFill_smk_factor_shutdown" name="shutdown"/>
    <testcase time="0.000999999999748979" classname="ds.dataFrameFill_smk_factor_shutdown" name="shutdown"/>
    <testcase time="0.00100000000020373" classname="ds.dataFrameFill_smk_factor_shutdown" name="shutdown"/>
  </testsuite>
  <testsuite name="ds.dataFrameFill::smk::factor done" timestamp="2025-09-19T12:07:24Z" hostname="runnervmf4ws1" tests="0" skipped="0" failures="0" errors="0" time="0"/>
  <testsuite name="smk-ds.dataFrameFill" timestamp="2025-09-19T12:07:24Z" hostname="runnervmf4ws1" tests="0" skipped="0" failures="0" errors="0" time="0"/>
  <testsuite name="ds.dataFrameFill::smk::setup" timestamp="2025-09-19T12:07:24Z" hostname="runnervmf4ws1" tests="3" skipped="0" failures="0" errors="0" time="7.492">
    <testcase time="7.48999999999978" classname="ds.dataFrameFill_smk_setup" name="setup"/>
    <testcase time="0.00100000000020373" classname="ds.dataFrameFill_smk_setup" name="setup"/>
    <testcase time="0.000999999999748979" classname="ds.dataFrameFill_smk_setup" name="setup"/>
  </testsuite>
  <testsuite name="ds.dataFrameFill::smk::extend unfilled dataframes" timestamp="2025-09-19T12:07:31Z" hostname="runnervmf4ws1" tests="54" skipped="0" failures="0" errors="0" time="0.991">
    <testcase time="0.108999999999924" classname="ds.dataFrameFill_smk_extend_unfilled_dataframes" name="dataFrameFill_exists"/>
    <testcase time="0.00100000000020373" classname="ds.dataFrameFill_smk_extend_unfilled_dataframes" name="dataFrameFill_exists"/>
    <testcase time="0.00100000000020373" classname="ds.dataFrameFill_smk_extend_unfilled_dataframes" name="dataFrameFill_exists"/>
    <testcase time="0.000999999999748979" classname="ds.dataFrameFill_smk_extend_unfilled_dataframes" name="dataFrameFill_exists"/>
    <testcase time="0.00199999999995271" classname="ds.dataFrameFill_smk_extend_unfilled_dataframes" name="dataFrameFill_exists"/>
    <testcase time="0.00100000000020373" classname="ds.dataFrameFill_smk_extend_unfilled_dataframes" name="dataFrameFill_exists"/>
    <testcase time="0.000999999999748979" classname="ds.dataFrameFill_smk_extend_unfilled_dataframes" name="dataFrameFill_exists"/>
    <testcase time="0.00100000000020373" classname="ds.dataFrameFill_smk_extend_unfilled_dataframes" name="dataFrameFill_exists"/>
    <testcase time="0.00199999999995271" classname="ds.dataFrameFill_smk_extend_unfilled_dataframes" name="dataFrameFill_exists"/>
    <testcase time="0.00100000000020373" classname="ds.dataFrameFill_smk_extend_unfilled_dataframes" name="dataFrameFill_exists"/>
    <testcase time="0.404999999999745" classname="ds.dataFrameFill_smk_extend_unfilled_dataframes" name="dataFrameFill_exists"/>
    <testcase time="0.00100000000020373" classname="ds.dataFrameFill_smk_extend_unfilled_dataframes" name="dataFrameFill_exists"/>
    <testcase time="0.000999999999748979" classname="ds.dataFrameFill_smk_extend_unfilled_dataframes" name="dataFrameFill_exists"/>
    <testcase time="0.101999999999862" classname="ds.dataFrameFill_smk_extend_unfilled_dataframes" name="dataFrameFill_exists"/>
    <testcase time="0.00100000000020373" classname="ds.dataFrameFill_smk_extend_unfilled_dataframes" name="dataFrameFill_exists"/>
    <testcase time="0.00100000000020373" classname="ds.dataFrameFill_smk_extend_unfilled_dataframes" name="dataFrameFill_exists"/>
    <testcase time="0.00199999999995271" classname="ds.dataFrameFill_smk_extend_unfilled_dataframes" name="dataFrameFill_exists"/>
    <testcase time="0.000999999999748979" classname="ds.dataFrameFill_smk_extend_unfilled_dataframes" name="dataFrameFill_exists"/>
    <testcase time="0.00100000000020373" classname="ds.dataFrameFill_smk_extend_unfilled_dataframes" name="dataFrameFill_exists"/>
    <testcase time="0.000999999999748979" classname="ds.dataFrameFill_smk_extend_unfilled_dataframes" name="dataFrameFill_exists"/>
    <testcase time="0.00199999999995271" classname="ds.dataFrameFill_smk_extend_unfilled_dataframes" name="dataFrameFill_exists"/>
    <testcase time="0.00100000000020373" classname="ds.dataFrameFill_smk_extend_unfilled_dataframes" name="dataFrameFill_exists"/>
    <testcase time="0.00100000000020373" classname="ds.dataFrameFill_smk_extend_unfilled_dataframes" name="dataFrameFill_exists"/>
    <testcase time="0.000999999999748979" classname="ds.dataFrameFill_smk_extend_unfilled_dataframes" name="dataFrameFill_exists"/>
    <testcase time="0.00100000000020373" classname="ds.dataFrameFill_smk_extend_unfilled_dataframes" name="dataFrameFill_exists"/>
    <testcase time="0.00199999999995271" classname="ds.dataFrameFill_smk_extend_unfilled_dataframes" name="dataFrameFill_exists"/>
    <testcase time="0.0769999999997708" classname="ds.dataFrameFill_smk_extend_unfilled_dataframes" name="dataFrameFill_exists"/>
    <testcase time="0.00199999999995271" classname="ds.dataFrameFill_smk_extend_unfilled_dataframes" name="dataFrameFill_exists"/>
    <testcase time="0.00100000000020373" classname="ds.dataFrameFill_smk_extend_unfilled_dataframes" name="dataFrameFill_exists"/>
    <testcase time="0.000999999999748979" classname="ds.dataFrameFill_smk_extend_unfilled_dataframes" name="dataFrameFill_exists"/>
    <testcase time="0.00100000000020373" classname="ds.dataFrameFill_smk_extend_unfilled_dataframes" name="dataFrameFill_exists"/>
    <testcase time="0.00199999999995271" classname="ds.dataFrameFill_smk_extend_unfilled_dataframes" name="dataFrameFill_exists"/>
    <testcase time="0.00100000000020373" classname="ds.dataFrameFill_smk_extend_unfilled_dataframes" name="dataFrameFill_exists"/>
    <testcase time="0.0839999999998327" classname="ds.dataFrameFill_smk_extend_unfilled_dataframes" name="dataFrameFill_exists"/>
    <testcase time="0.00100000000020373" classname="ds.dataFrameFill_smk_extend_unfilled_dataframes" name="dataFrameFill_exists"/>
    <testcase time="0.000999999999748979" classname="ds.dataFrameFill_smk_extend_unfilled_dataframes" name="dataFrameFill_exists"/>
    <testcase time="0.00199999999995271" classname="ds.dataFrameFill_smk_extend_unfilled_dataframes" name="dataFrameFill_exists"/>
    <testcase time="0.00100000000020373" classname="ds.dataFrameFill_smk_extend_unfilled_dataframes" name="dataFrameFill_exists"/>
    <testcase time="0.000999999999748979" classname="ds.dataFrameFill_smk_extend_unfilled_dataframes" name="dataFrameFill_exists"/>
    <testcase time="0.00100000000020373" classname="ds.dataFrameFill_smk_extend_unfilled_dataframes" name="dataFrameFill_exists"/>
    <testcase time="0.0779999999999745" classname="ds.dataFrameFill_smk_extend_unfilled_dataframes" name="dataFrameFill_exists"/>
    <testcase time="0.00100000000020373" classname="ds.dataFrameFill_smk_extend_unfilled_dataframes" name="dataFrameFill_exists"/>
    <testcase time="0.000999999999748979" classname="ds.dataFrameFill_smk_extend_unfilled_dataframes" name="dataFrameFill_exists"/>
    <testcase time="0.00199999999995271" classname="ds.dataFrameFill_smk_extend_unfilled_dataframes" name="dataFrameFill_exists"/>
    <testcase time="0.00100000000020373" classname="ds.dataFrameFill_smk_extend_unfilled_dataframes" name="dataFrameFill_exists"/>
    <testcase time="0.000999999999748979" classname="ds.dataFrameFill_smk_extend_unfilled_dataframes" name="dataFrameFill_exists"/>
    <testcase time="0.00100000000020373" classname="ds.dataFrameFill_smk_extend_unfilled_dataframes" name="dataFrameFill_exists"/>
    <testcase time="0.0789999999997235" classname="ds.dataFrameFill_smk_extend_unfilled_dataframes" name="dataFrameFill_exists"/>
    <testcase time="0.00100000000020373" classname="ds.dataFrameFill_smk_extend_unfilled_dataframes" name="dataFrameFill_exists"/>
    <testcase time="0.00100000000020373" classname="ds.dataFrameFill_smk_extend_unfilled_dataframes" name="dataFrameFill_exists"/>
    <testcase time="0.00100000000020373" classname="ds.dataFrameFill_smk_extend_unfilled_dataframes" name="dataFrameFill_exists"/>
    <testcase time="0.000999999999748979" classname="ds.dataFrameFill_smk_extend_unfilled_dataframes" name="dataFrameFill_exists"/>
    <testcase time="0.00100000000020373" classname="ds.dataFrameFill_smk_extend_unfilled_dataframes" name="dataFrameFill_exists"/>
    <testcase time="0.00199999999995271" classname="ds.dataFrameFill_smk_extend_unfilled_dataframes" name="dataFrameFill_exists"/>
  </testsuite>
  <testsuite name="ds.dataFrameFill::smk::shutdown" timestamp="2025-09-19T12:07:32Z" hostname="runnervmf4ws1" tests="3" skipped="0" failures="0" errors="0" time="0.051">
    <testcase time="0.0479999999997744" classname="ds.dataFrameFill_smk_shutdown" name="shutdown"/>
    <testcase time="0.00100000000020373" classname="ds.dataFrameFill_smk_shutdown" name="shutdown"/>
    <testcase time="0.00199999999995271" classname="ds.dataFrameFill_smk_shutdown" name="shutdown"/>
  </testsuite>
  <testsuite name="ds.dataFrameFill::smk::done" timestamp="2025-09-19T12:07:33Z" hostname="runnervmf4ws1" tests="0" skipped="0" failures="0" errors="0" time="0"/>
  <testsuite name="smk-ds.dataFrameSort" timestamp="2025-09-19T12:07:33Z" hostname="runnervmf4ws1" tests="0" skipped="0" failures="0" errors="0" time="0"/>
  <testsuite name="ds.dataFrameSort::smk::setup" timestamp="2025-09-19T12:07:33Z" hostname="runnervmf4ws1" tests="3" skipped="0" failures="0" errors="0" time="7.485">
    <testcase time="7.48199999999997" classname="ds.dataFrameSort_smk_setup" name="setup"/>
    <testcase time="0.00199999999995271" classname="ds.dataFrameSort_smk_setup" name="setup"/>
    <testcase time="0.00100000000020373" classname="ds.dataFrameSort_smk_setup" name="setup"/>
  </testsuite>
  <testsuite name="ds.dataFrameSort::smk::create a sorted dataframe" timestamp="2025-09-19T12:07:40Z" hostname="runnervmf4ws1" tests="10" skipped="0" failures="0" errors="0" time="0.37">
    <testcase time="0.358999999999924" classname="ds.dataFrameSort_smk_create_a_sorted_dataframe" name="dataFrameSort_exists"/>
    <testcase time="0.000999999999748979" classname="ds.dataFrameSort_smk_create_a_sorted_dataframe" name="dataFrameSort_exists"/>
    <testcase time="0.00200000000040745" classname="ds.dataFrameSort_smk_create_a_sorted_dataframe" name="dataFrameSort_exists"/>
    <testcase time="0.000999999999748979" classname="ds.dataFrameSort_smk_create_a_sorted_dataframe" name="dataFrameSort_exists"/>
    <testcase time="0.00100000000020373" classname="ds.dataFrameSort_smk_create_a_sorted_dataframe" name="dataFrameSort_exists"/>
    <testcase time="0.000999999999748979" classname="ds.dataFrameSort_smk_create_a_sorted_dataframe" name="dataFrameSort_exists"/>
    <testcase time="0.00100000000020373" classname="ds.dataFrameSort_smk_create_a_sorted_dataframe" name="dataFrameSort_exists"/>
    <testcase time="0.000999999999748979" classname="ds.dataFrameSort_smk_create_a_sorted_dataframe" name="dataFrameSort_exists"/>
    <testcase time="0.00199999999995271" classname="ds.dataFrameSort_smk_create_a_sorted_dataframe" name="dataFrameSort_exists"/>
    <testcase time="0.00100000000020373" classname="ds.dataFrameSort_smk_create_a_sorted_dataframe" name="dataFrameSort_exists"/>
  </testsuite>
  <testsuite name="ds.dataFrameSort::smk::shutdown" timestamp="2025-09-19T12:07:40Z" hostname="runnervmf4ws1" tests="3" skipped="0" failures="0" errors="0" time="0.049">
    <testcase time="0.0459999999998217" classname="ds.dataFrameSort_smk_shutdown" name="shutdown"/>
    <testcase time="0.00199999999995271" classname="ds.dataFrameSort_smk_shutdown" name="shutdown"/>
    <testcase time="0.00100000000020373" classname="ds.dataFrameSort_smk_shutdown" name="shutdown"/>
  </testsuite>
  <testsuite name="ds.dataFrameSort::smk::done" timestamp="2025-09-19T12:07:41Z" hostname="runnervmf4ws1" tests="0" skipped="0" failures="0" errors="0" time="0"/>
  <testsuite name="smk-ds.dataFrameSubset" timestamp="2025-09-19T12:07:41Z" hostname="runnervmf4ws1" tests="0" skipped="0" failures="0" errors="0" time="0"/>
  <testsuite name="ds.dataFrameSubset::smk::setup" timestamp="2025-09-19T12:07:41Z" hostname="runnervmf4ws1" tests="3" skipped="0" failures="0" errors="0" time="7.548">
    <testcase time="7.54599999999982" classname="ds.dataFrameSubset_smk_setup" name="setup"/>
    <testcase time="0.00100000000020373" classname="ds.dataFrameSubset_smk_setup" name="setup"/>
    <testcase time="0.00100000000020373" classname="ds.dataFrameSubset_smk_setup" name="setup"/>
  </testsuite>
  <testsuite name="ds.dataFrameSubset::smk::create a subset dataframe" timestamp="2025-09-19T12:07:48Z" hostname="runnervmf4ws1" tests="23" skipped="0" failures="0" errors="0" time="0.993">
    <testcase time="0.266999999999825" classname="ds.dataFrameSubset_smk_create_a_subset_dataframe" name="dataFrameSubset_exists"/>
    <testcase time="0.000999999999748979" classname="ds.dataFrameSubset_smk_create_a_subset_dataframe" name="dataFrameSubset_exists"/>
    <testcase time="0.00200000000040745" classname="ds.dataFrameSubset_smk_create_a_subset_dataframe" name="dataFrameSubset_exists"/>
    <testcase time="0.000999999999748979" classname="ds.dataFrameSubset_smk_create_a_subset_dataframe" name="dataFrameSubset_exists"/>
    <testcase time="0.00100000000020373" classname="ds.dataFrameSubset_smk_create_a_subset_dataframe" name="dataFrameSubset_exists"/>
    <testcase time="0.000999999999748979" classname="ds.dataFrameSubset_smk_create_a_subset_dataframe" name="dataFrameSubset_exists"/>
    <testcase time="0.00100000000020373" classname="ds.dataFrameSubset_smk_create_a_subset_dataframe" name="dataFrameSubset_exists"/>
    <testcase time="0.00100000000020373" classname="ds.dataFrameSubset_smk_create_a_subset_dataframe" name="dataFrameSubset_exists"/>
    <testcase time="0.000999999999748979" classname="ds.dataFrameSubset_smk_create_a_subset_dataframe" name="dataFrameSubset_exists"/>
    <testcase time="0.00100000000020373" classname="ds.dataFrameSubset_smk_create_a_subset_dataframe" name="dataFrameSubset_exists"/>
    <testcase time="0.699999999999818" classname="ds.dataFrameSubset_smk_create_a_subset_dataframe" name="dataFrameSubset_exists"/>
    <testcase time="0.00199999999995271" classname="ds.dataFrameSubset_smk_create_a_subset_dataframe" name="dataFrameSubset_exists"/>
    <testcase time="0.00100000000020373" classname="ds.dataFrameSubset_smk_create_a_subset_dataframe" name="dataFrameSubset_exists"/>
    <testcase time="0.00199999999995271" classname="ds.dataFrameSubset_smk_create_a_subset_dataframe" name="dataFrameSubset_exists"/>
    <testcase time="0.00100000000020373" classname="ds.dataFrameSubset_smk_create_a_subset_dataframe" name="dataFrameSubset_exists"/>
    <testcase time="0.000999999999748979" classname="ds.dataFrameSubset_smk_create_a_subset_dataframe" name="dataFrameSubset_exists"/>
    <testcase time="0.00100000000020373" classname="ds.dataFrameSubset_smk_create_a_subset_dataframe" name="dataFrameSubset_exists"/>
    <testcase time="0.00199999999995271" classname="ds.dataFrameSubset_smk_create_a_subset_dataframe" name="dataFrameSubset_exists"/>
    <testcase time="0.000999999999748979" classname="ds.dataFrameSubset_smk_create_a_subset_dataframe" name="dataFrameSubset_exists"/>
    <testcase time="0.00100000000020373" classname="ds.dataFrameSubset_smk_create_a_subset_dataframe" name="dataFrameSubset_exists"/>
    <testcase time="0.00100000000020373" classname="ds.dataFrameSubset_smk_create_a_subset_dataframe" name="dataFrameSubset_exists"/>
    <testcase time="0.000999999999748979" classname="ds.dataFrameSubset_smk_create_a_subset_dataframe" name="dataFrameSubset_exists"/>
    <testcase time="0.00199999999995271" classname="ds.dataFrameSubset_smk_create_a_subset_dataframe" name="dataFrameSubset_exists"/>
  </testsuite>
  <testsuite name="ds.dataFrameSubset::smk::create a subset dataframe, based on scalar" timestamp="2025-09-19T12:07:49Z" hostname="runnervmf4ws1" tests="23" skipped="0" failures="0" errors="0" time="1.186">
    <testcase time="0.307000000000244" classname="ds.dataFrameSubset_smk_create_a_subset_dataframe_based_on_scalar" name="dataFrameSubset_exists_scalar"/>
    <testcase time="0.000999999999748979" classname="ds.dataFrameSubset_smk_create_a_subset_dataframe_based_on_scalar" name="dataFrameSubset_exists_scalar"/>
    <testcase time="0.00100000000020373" classname="ds.dataFrameSubset_smk_create_a_subset_dataframe_based_on_scalar" name="dataFrameSubset_exists_scalar"/>
    <testcase time="0.000999999999748979" classname="ds.dataFrameSubset_smk_create_a_subset_dataframe_based_on_scalar" name="dataFrameSubset_exists_scalar"/>
    <testcase time="0.00199999999995271" classname="ds.dataFrameSubset_smk_create_a_subset_dataframe_based_on_scalar" name="dataFrameSubset_exists_scalar"/>
    <testcase time="0.00100000000020373" classname="ds.dataFrameSubset_smk_create_a_subset_dataframe_based_on_scalar" name="dataFrameSubset_exists_scalar"/>
    <testcase time="0.00100000000020373" classname="ds.dataFrameSubset_smk_create_a_subset_dataframe_based_on_scalar" name="dataFrameSubset_exists_scalar"/>
    <testcase time="0.000999999999748979" classname="ds.dataFrameSubset_smk_create_a_subset_dataframe_based_on_scalar" name="dataFrameSubset_exists_scalar"/>
    <testcase time="0.00100000000020373" classname="ds.dataFrameSubset_smk_create_a_subset_dataframe_based_on_scalar" name="dataFrameSubset_exists_scalar"/>
    <testcase time="0.00199999999995271" classname="ds.dataFrameSubset_smk_create_a_subset_dataframe_based_on_scalar" name="dataFrameSubset_exists_scalar"/>
    <testcase time="0.853000000000065" classname="ds.dataFrameSubset_smk_create_a_subset_dataframe_based_on_scalar" name="dataFrameSubset_exists_scalar"/>
    <testcase time="0.00199999999995271" classname="ds.dataFrameSubset_smk_create_a_subset_dataframe_based_on_scalar" name="dataFrameSubset_exists_scalar"/>
    <testcase time="0.000999999999748979" classname="ds.dataFrameSubset_smk_create_a_subset_dataframe_based_on_scalar" name="dataFrameSubset_exists_scalar"/>
    <testcase time="0.00100000000020373" classname="ds.dataFrameSubset_smk_create_a_subset_dataframe_based_on_scalar" name="dataFrameSubset_exists_scalar"/>
    <testcase time="0.000999999999748979" classname="ds.dataFrameSubset_smk_create_a_subset_dataframe_based_on_scalar" name="dataFrameSubset_exists_scalar"/>
    <testcase time="0.00199999999995271" classname="ds.dataFrameSubset_smk_create_a_subset_dataframe_based_on_scalar" name="dataFrameSubset_exists_scalar"/>
    <testcase time="0.00100000000020373" classname="ds.dataFrameSubset_smk_create_a_subset_dataframe_based_on_scalar" name="dataFrameSubset_exists_scalar"/>
    <testcase time="0.00100000000020373" classname="ds.dataFrameSubset_smk_create_a_subset_dataframe_based_on_scalar" name="dataFrameSubset_exists_scalar"/>
    <testcase time="0.000999999999748979" classname="ds.dataFrameSubset_smk_create_a_subset_dataframe_based_on_scalar" name="dataFrameSubset_exists_scalar"/>
    <testcase time="0.00100000000020373" classname="ds.dataFrameSubset_smk_create_a_subset_dataframe_based_on_scalar" name="dataFrameSubset_exists_scalar"/>
    <testcase time="0.00199999999995271" classname="ds.dataFrameSubset_smk_create_a_subset_dataframe_based_on_scalar" name="dataFrameSubset_exists_scalar"/>
    <testcase time="0.000999999999748979" classname="ds.dataFrameSubset_smk_create_a_subset_dataframe_based_on_scalar" name="dataFrameSubset_exists_scalar"/>
    <testcase time="0.00100000000020373" classname="ds.dataFrameSubset_smk_create_a_subset_dataframe_based_on_scalar" name="dataFrameSubset_exists_scalar"/>
  </testsuite>
  <testsuite name="ds.dataFrameSubset::smk::shutdown" timestamp="2025-09-19T12:07:50Z" hostname="runnervmf4ws1" tests="3" skipped="0" failures="0" errors="0" time="0.051">
    <testcase time="0.0479999999997744" classname="ds.dataFrameSubset_smk_shutdown" name="shutdown"/>
    <testcase time="0.00199999999995271" classname="ds.dataFrameSubset_smk_shutdown" name="shutdown"/>
    <testcase time="0.00100000000020373" classname="ds.dataFrameSubset_smk_shutdown" name="shutdown"/>
  </testsuite>
  <testsuite name="ds.dataFrameSubset::smk::down" timestamp="2025-09-19T12:07:50Z" hostname="runnervmf4ws1" tests="0" skipped="0" failures="0" errors="0" time="0"/>
  <testsuite name="smk-ds.dim" timestamp="2025-09-19T12:07:50Z" hostname="runnervmf4ws1" tests="0" skipped="0" failures="0" errors="0" time="0"/>
  <testsuite name="ds.dim::smk::setup" timestamp="2025-09-19T12:07:50Z" hostname="runnervmf4ws1" tests="3" skipped="0" failures="0" errors="0" time="7.565">
    <testcase time="7.5619999999999" classname="ds.dim_smk_setup" name="setup"/>
    <testcase time="0.00199999999995271" classname="ds.dim_smk_setup" name="setup"/>
    <testcase time="0.00100000000020373" classname="ds.dim_smk_setup" name="setup"/>
  </testsuite>
  <testsuite name="ds.dim::smk" timestamp="2025-09-19T12:07:58Z" hostname="runnervmf4ws1" tests="13" skipped="0" failures="0" errors="0" time="0.06">
    <testcase time="0.0450000000000728" classname="ds.dim_smk" name="simple_dim_both"/>
    <testcase time="0.000999999999748979" classname="ds.dim_smk" name="simple_dim_both"/>
    <testcase time="0.00199999999995271" classname="ds.dim_smk" name="simple_dim_both"/>
    <testcase time="0.00100000000020373" classname="ds.dim_smk" name="simple_dim_both"/>
    <testcase time="0.00100000000020373" classname="ds.dim_smk" name="simple_dim_both"/>
    <testcase time="0.000999999999748979" classname="ds.dim_smk" name="simple_dim_both"/>
    <testcase time="0.00199999999995271" classname="ds.dim_smk" name="simple_dim_both"/>
    <testcase time="0.00100000000020373" classname="ds.dim_smk" name="simple_dim_both"/>
    <testcase time="0.000999999999748979" classname="ds.dim_smk" name="simple_dim_both"/>
    <testcase time="0.00100000000020373" classname="ds.dim_smk" name="simple_dim_both"/>
    <testcase time="0.000999999999748979" classname="ds.dim_smk" name="simple_dim_both"/>
    <testcase time="0.00199999999995271" classname="ds.dim_smk" name="simple_dim_both"/>
    <testcase time="0.00100000000020373" classname="ds.dim_smk" name="simple_dim_both"/>
  </testsuite>
  <testsuite name="ds.dim::smk" timestamp="2025-09-19T12:07:58Z" hostname="runnervmf4ws1" tests="10" skipped="0" failures="0" errors="0" time="0.058">
    <testcase time="0.0480000000002292" classname="ds.dim_smk" name="simple_dim_split"/>
    <testcase time="0.000999999999748979" classname="ds.dim_smk" name="simple_dim_split"/>
    <testcase time="0.00100000000020373" classname="ds.dim_smk" name="simple_dim_split"/>
    <testcase time="0.000999999999748979" classname="ds.dim_smk" name="simple_dim_split"/>
    <testcase time="0.00199999999995271" classname="ds.dim_smk" name="simple_dim_split"/>
    <testcase time="0.00100000000020373" classname="ds.dim_smk" name="simple_dim_split"/>
    <testcase time="0.000999999999748979" classname="ds.dim_smk" name="simple_dim_split"/>
    <testcase time="0.00100000000020373" classname="ds.dim_smk" name="simple_dim_split"/>
    <testcase time="0.00100000000020373" classname="ds.dim_smk" name="simple_dim_split"/>
    <testcase time="0.00100000000020373" classname="ds.dim_smk" name="simple_dim_split"/>
  </testsuite>
  <testsuite name="ds.dim::smk" timestamp="2025-09-19T12:07:58Z" hostname="runnervmf4ws1" tests="4" skipped="0" failures="0" errors="0" time="0.057">
    <testcase time="0.0529999999998836" classname="ds.dim_smk" name="simple_dim_combine"/>
    <testcase time="0.000999999999748979" classname="ds.dim_smk" name="simple_dim_combine"/>
    <testcase time="0.00200000000040745" classname="ds.dim_smk" name="simple_dim_combine"/>
    <testcase time="0.000999999999748979" classname="ds.dim_smk" name="simple_dim_combine"/>
  </testsuite>
  <testsuite name="ds.dim::smk::shutdown" timestamp="2025-09-19T12:07:58Z" hostname="runnervmf4ws1" tests="3" skipped="0" failures="0" errors="0" time="0.052">
    <testcase time="0.0500000000001819" classname="ds.dim_smk_shutdown" name="shutdown"/>
    <testcase time="0.000999999999748979" classname="ds.dim_smk_shutdown" name="shutdown"/>
    <testcase time="0.00100000000020373" classname="ds.dim_smk_shutdown" name="shutdown"/>
  </testsuite>
  <testsuite name="ds.dim::smk::done" timestamp="2025-09-19T12:07:58Z" hostname="runnervmf4ws1" tests="0" skipped="0" failures="0" errors="0" time="0"/>
  <testsuite name="smk-ds.dmtC2S" timestamp="2025-09-19T12:07:58Z" hostname="runnervmf4ws1" tests="0" skipped="0" failures="0" errors="0" time="0"/>
  <testsuite name="ds.dmtC2S::smk::setup" timestamp="2025-09-19T12:07:58Z" hostname="runnervmf4ws1" tests="3" skipped="0" failures="0" errors="0" time="7.446">
    <testcase time="7.44299999999976" classname="ds.dmtC2S_smk_setup" name="setup"/>
    <testcase time="0.00199999999995271" classname="ds.dmtC2S_smk_setup" name="setup"/>
    <testcase time="0.00100000000020373" classname="ds.dmtC2S_smk_setup" name="setup"/>
  </testsuite>
  <testsuite name="ds.dmtC2S::smk::data.frame" timestamp="2025-09-19T12:08:05Z" hostname="runnervmf4ws1" tests="5" skipped="0" failures="0" errors="0" time="0.154">
    <testcase time="0.0650000000000546" classname="ds.dmtC2S_smk_data.frame" name="simple_dmtC2S_data.frame"/>
    <testcase time="0.081000000000131" classname="ds.dmtC2S_smk_data.frame" name="simple_dmtC2S_data.frame"/>
    <testcase time="0.00299999999970169" classname="ds.dmtC2S_smk_data.frame" name="simple_dmtC2S_data.frame"/>
    <testcase time="0.00300000000015643" classname="ds.dmtC2S_smk_data.frame" name="simple_dmtC2S_data.frame"/>
    <testcase time="0.00199999999995271" classname="ds.dmtC2S_smk_data.frame" name="simple_dmtC2S_data.frame"/>
  </testsuite>
  <testsuite name="ds.dmtC2S::smk::matrix" timestamp="2025-09-19T12:08:05Z" hostname="runnervmf4ws1" tests="5" skipped="0" failures="0" errors="0" time="0.155">
    <testcase time="0.0679999999997563" classname="ds.dmtC2S_smk_matrix" name="simple_dmtC2S_matrix"/>
    <testcase time="0.0790000000001783" classname="ds.dmtC2S_smk_matrix" name="simple_dmtC2S_matrix"/>
    <testcase time="0.00300000000015643" classname="ds.dmtC2S_smk_matrix" name="simple_dmtC2S_matrix"/>
    <testcase time="0.00299999999970169" classname="ds.dmtC2S_smk_matrix" name="simple_dmtC2S_matrix"/>
    <testcase time="0.00200000000040745" classname="ds.dmtC2S_smk_matrix" name="simple_dmtC2S_matrix"/>
  </testsuite>
  <testsuite name="ds.dmtC2S::smk::tibble" timestamp="2025-09-19T12:08:06Z" hostname="runnervmf4ws1" tests="5" skipped="0" failures="0" errors="0" time="0.153">
    <testcase time="0.0649999999995998" classname="ds.dmtC2S_smk_tibble" name="simple_dmtC2S_tibble"/>
    <testcase time="0.080000000000382" classname="ds.dmtC2S_smk_tibble" name="simple_dmtC2S_tibble"/>
    <testcase time="0.00199999999995271" classname="ds.dmtC2S_smk_tibble" name="simple_dmtC2S_tibble"/>
    <testcase time="0.00299999999970169" classname="ds.dmtC2S_smk_tibble" name="simple_dmtC2S_tibble"/>
    <testcase time="0.00300000000015643" classname="ds.dmtC2S_smk_tibble" name="simple_dmtC2S_tibble"/>
  </testsuite>
  <testsuite name="ds.dmtC2S::smk::shutdown" timestamp="2025-09-19T12:08:06Z" hostname="runnervmf4ws1" tests="3" skipped="0" failures="0" errors="0" time="0.055">
    <testcase time="0.0529999999998836" classname="ds.dmtC2S_smk_shutdown" name="setup"/>
    <testcase time="0.00100000000020373" classname="ds.dmtC2S_smk_shutdown" name="setup"/>
    <testcase time="0.000999999999748979" classname="ds.dmtC2S_smk_shutdown" name="setup"/>
  </testsuite>
  <testsuite name="ds.dmtC2S::smk::done" timestamp="2025-09-19T12:08:06Z" hostname="runnervmf4ws1" tests="0" skipped="0" failures="0" errors="0" time="0"/>
  <testsuite name="smk-ds.elspline" timestamp="2025-09-19T12:08:06Z" hostname="runnervmf4ws1" tests="0" skipped="0" failures="0" errors="0" time="0"/>
  <testsuite name="ds.elspline::smk::setup" timestamp="2025-09-19T12:08:06Z" hostname="runnervmf4ws1" tests="3" skipped="0" failures="0" errors="0" time="7.484">
    <testcase time="7.48199999999997" classname="ds.elspline_smk_setup" name="setup"/>
    <testcase time="0.00100000000020373" classname="ds.elspline_smk_setup" name="setup"/>
    <testcase time="0.00100000000020373" classname="ds.elspline_smk_setup" name="setup"/>
  </testsuite>
  <testsuite name="ds.elspline::smk::test1" timestamp="2025-09-19T12:08:13Z" hostname="runnervmf4ws1" tests="36" skipped="0" failures="0" errors="0" time="0.618">
    <testcase time="0.186999999999898" classname="ds.elspline_smk_test1" name="elspline"/>
    <testcase time="0.000999999999748979" classname="ds.elspline_smk_test1" name="elspline"/>
    <testcase time="0.00100000000020373" classname="ds.elspline_smk_test1" name="elspline"/>
    <testcase time="0.000999999999748979" classname="ds.elspline_smk_test1" name="elspline"/>
    <testcase time="0.00199999999995271" classname="ds.elspline_smk_test1" name="elspline"/>
    <testcase time="0.00100000000020373" classname="ds.elspline_smk_test1" name="elspline"/>
    <testcase time="0.00100000000020373" classname="ds.elspline_smk_test1" name="elspline"/>
    <testcase time="0.384000000000015" classname="ds.elspline_smk_test1" name="elspline"/>
    <testcase time="0.000999999999748979" classname="ds.elspline_smk_test1" name="elspline"/>
    <testcase time="0.00199999999995271" classname="ds.elspline_smk_test1" name="elspline"/>
    <testcase time="0.00100000000020373" classname="ds.elspline_smk_test1" name="elspline"/>
    <testcase time="0.000999999999748979" classname="ds.elspline_smk_test1" name="elspline"/>
    <testcase time="0.00100000000020373" classname="ds.elspline_smk_test1" name="elspline"/>
    <testcase time="0.00199999999995271" classname="ds.elspline_smk_test1" name="elspline"/>
    <testcase time="0.00100000000020373" classname="ds.elspline_smk_test1" name="elspline"/>
    <testcase time="0.000999999999748979" classname="ds.elspline_smk_test1" name="elspline"/>
    <testcase time="0.00100000000020373" classname="ds.elspline_smk_test1" name="elspline"/>
    <testcase time="0.000999999999748979" classname="ds.elspline_smk_test1" name="elspline"/>
    <testcase time="0.00199999999995271" classname="ds.elspline_smk_test1" name="elspline"/>
    <testcase time="0.00100000000020373" classname="ds.elspline_smk_test1" name="elspline"/>
    <testcase time="0.000999999999748979" classname="ds.elspline_smk_test1" name="elspline"/>
    <testcase time="0.00300000000015643" classname="ds.elspline_smk_test1" name="elspline"/>
    <testcase time="0.00100000000020373" classname="ds.elspline_smk_test1" name="elspline"/>
    <testcase time="0.00299999999970169" classname="ds.elspline_smk_test1" name="elspline"/>
    <testcase time="0.00199999999995271" classname="ds.elspline_smk_test1" name="elspline"/>
    <testcase time="0.00199999999995271" classname="ds.elspline_smk_test1" name="elspline"/>
    <testcase time="0.00100000000020373" classname="ds.elspline_smk_test1" name="elspline"/>
    <testcase time="0.00100000000020373" classname="ds.elspline_smk_test1" name="elspline"/>
    <testcase time="0.00199999999995271" classname="ds.elspline_smk_test1" name="elspline"/>
    <testcase time="0.000999999999748979" classname="ds.elspline_smk_test1" name="elspline"/>
    <testcase time="0.00100000000020373" classname="ds.elspline_smk_test1" name="elspline"/>
    <testcase time="0.00199999999995271" classname="ds.elspline_smk_test1" name="elspline"/>
    <testcase time="0.000999999999748979" classname="ds.elspline_smk_test1" name="elspline"/>
    <testcase time="0.00200000000040745" classname="ds.elspline_smk_test1" name="elspline"/>
    <testcase time="0.000999999999748979" classname="ds.elspline_smk_test1" name="elspline"/>
    <testcase time="0.00100000000020373" classname="ds.elspline_smk_test1" name="elspline"/>
  </testsuite>
  <testsuite name="ds.elspline::smk::test2" timestamp="2025-09-19T12:08:14Z" hostname="runnervmf4ws1" tests="40" skipped="0" failures="0" errors="0" time="0.442">
    <testcase time="0.198999999999614" classname="ds.elspline_smk_test2" name="elspline"/>
    <testcase time="0.00200000000040745" classname="ds.elspline_smk_test2" name="elspline"/>
    <testcase time="0.000999999999748979" classname="ds.elspline_smk_test2" name="elspline"/>
    <testcase time="0.00100000000020373" classname="ds.elspline_smk_test2" name="elspline"/>
    <testcase time="0.000999999999748979" classname="ds.elspline_smk_test2" name="elspline"/>
    <testcase time="0.00100000000020373" classname="ds.elspline_smk_test2" name="elspline"/>
    <testcase time="0.000999999999748979" classname="ds.elspline_smk_test2" name="elspline"/>
    <testcase time="0.192000000000007" classname="ds.elspline_smk_test2" name="elspline"/>
    <testcase time="0.00100000000020373" classname="ds.elspline_smk_test2" name="elspline"/>
    <testcase time="0.00199999999995271" classname="ds.elspline_smk_test2" name="elspline"/>
    <testcase time="0.00100000000020373" classname="ds.elspline_smk_test2" name="elspline"/>
    <testcase time="0.000999999999748979" classname="ds.elspline_smk_test2" name="elspline"/>
    <testcase time="0.00100000000020373" classname="ds.elspline_smk_test2" name="elspline"/>
    <testcase time="0.00199999999995271" classname="ds.elspline_smk_test2" name="elspline"/>
    <testcase time="0.000999999999748979" classname="ds.elspline_smk_test2" name="elspline"/>
    <testcase time="0.00100000000020373" classname="ds.elspline_smk_test2" name="elspline"/>
    <testcase time="0.000999999999748979" classname="ds.elspline_smk_test2" name="elspline"/>
    <testcase time="0.00100000000020373" classname="ds.elspline_smk_test2" name="elspline"/>
    <testcase time="0.00199999999995271" classname="ds.elspline_smk_test2" name="elspline"/>
    <testcase time="0.00100000000020373" classname="ds.elspline_smk_test2" name="elspline"/>
    <testcase time="0.000999999999748979" classname="ds.elspline_smk_test2" name="elspline"/>
    <testcase time="0.00300000000015643" classname="ds.elspline_smk_test2" name="elspline"/>
    <testcase time="0.000999999999748979" classname="ds.elspline_smk_test2" name="elspline"/>
    <testcase time="0.00300000000015643" classname="ds.elspline_smk_test2" name="elspline"/>
    <testcase time="0.00199999999995271" classname="ds.elspline_smk_test2" name="elspline"/>
    <testcase time="0.000999999999748979" classname="ds.elspline_smk_test2" name="elspline"/>
    <testcase time="0.00100000000020373" classname="ds.elspline_smk_test2" name="elspline"/>
    <testcase time="0.000999999999748979" classname="ds.elspline_smk_test2" name="elspline"/>
    <testcase time="0.00199999999995271" classname="ds.elspline_smk_test2" name="elspline"/>
    <testcase time="0.00100000000020373" classname="ds.elspline_smk_test2" name="elspline"/>
    <testcase time="0.00100000000020373" classname="ds.elspline_smk_test2" name="elspline"/>
    <testcase time="0.00199999999995271" classname="ds.elspline_smk_test2" name="elspline"/>
    <testcase time="0.000999999999748979" classname="ds.elspline_smk_test2" name="elspline"/>
    <testcase time="0.00100000000020373" classname="ds.elspline_smk_test2" name="elspline"/>
    <testcase time="0.00199999999995271" classname="ds.elspline_smk_test2" name="elspline"/>
    <testcase time="0.000999999999748979" classname="ds.elspline_smk_test2" name="elspline"/>
    <testcase time="0.00100000000020373" classname="ds.elspline_smk_test2" name="elspline"/>
    <testcase time="0.00199999999995271" classname="ds.elspline_smk_test2" name="elspline"/>
    <testcase time="0.00100000000020373" classname="ds.elspline_smk_test2" name="elspline"/>
    <testcase time="0.000999999999748979" classname="ds.elspline_smk_test2" name="elspline"/>
  </testsuite>
  <testsuite name="ds.elspline::smk::shutdown" timestamp="2025-09-19T12:08:14Z" hostname="runnervmf4ws1" tests="3" skipped="0" failures="0" errors="0" time="0.05">
    <testcase time="0.0480000000002292" classname="ds.elspline_smk_shutdown" name="shutdown"/>
    <testcase time="0.000999999999748979" classname="ds.elspline_smk_shutdown" name="shutdown"/>
    <testcase time="0.00100000000020373" classname="ds.elspline_smk_shutdown" name="shutdown"/>
  </testsuite>
  <testsuite name="ds.elspline::smk::done" timestamp="2025-09-19T12:08:15Z" hostname="runnervmf4ws1" tests="0" skipped="0" failures="0" errors="0" time="0"/>
  <testsuite name="smk-ds.exists" timestamp="2025-09-19T12:08:15Z" hostname="runnervmf4ws1" tests="0" skipped="0" failures="0" errors="0" time="0"/>
  <testsuite name="ds.exists::smk::setup" timestamp="2025-09-19T12:08:15Z" hostname="runnervmf4ws1" tests="3" skipped="0" failures="0" errors="0" time="7.466">
    <testcase time="7.46399999999994" classname="ds.exists_smk_setup" name="setup"/>
    <testcase time="0.000999999999748979" classname="ds.exists_smk_setup" name="setup"/>
    <testcase time="0.00100000000020373" classname="ds.exists_smk_setup" name="setup"/>
  </testsuite>
  <testsuite name="ds.exists::smk" timestamp="2025-09-19T12:08:22Z" hostname="runnervmf4ws1" tests="7" skipped="0" failures="0" errors="0" time="0.053">
    <testcase time="0.0459999999998217" classname="ds.exists_smk" name="simple_exists"/>
    <testcase time="0.00100000000020373" classname="ds.exists_smk" name="simple_exists"/>
    <testcase time="0.00100000000020373" classname="ds.exists_smk" name="simple_exists"/>
    <testcase time="0.000999999999748979" classname="ds.exists_smk" name="simple_exists"/>
    <testcase time="0.00100000000020373" classname="ds.exists_smk" name="simple_exists"/>
    <testcase time="0.000999999999748979" classname="ds.exists_smk" name="simple_exists"/>
    <testcase time="0.00199999999995271" classname="ds.exists_smk" name="simple_exists"/>
  </testsuite>
  <testsuite name="ds.exists::smk" timestamp="2025-09-19T12:08:22Z" hostname="runnervmf4ws1" tests="7" skipped="0" failures="0" errors="0" time="0.052">
    <testcase time="0.0450000000000728" classname="ds.exists_smk" name="simple_exists_with_dollar"/>
    <testcase time="0.00100000000020373" classname="ds.exists_smk" name="simple_exists_with_dollar"/>
    <testcase time="0.00199999999995271" classname="ds.exists_smk" name="simple_exists_with_dollar"/>
    <testcase time="0.000999999999748979" classname="ds.exists_smk" name="simple_exists_with_dollar"/>
    <testcase time="0.00100000000020373" classname="ds.exists_smk" name="simple_exists_with_dollar"/>
    <testcase time="0.000999999999748979" classname="ds.exists_smk" name="simple_exists_with_dollar"/>
    <testcase time="0.00100000000020373" classname="ds.exists_smk" name="simple_exists_with_dollar"/>
  </testsuite>
  <testsuite name="ds.exists::smk" timestamp="2025-09-19T12:08:22Z" hostname="runnervmf4ws1" tests="7" skipped="0" failures="0" errors="0" time="0.15">
    <testcase time="0.142999999999574" classname="ds.exists_smk" name="simple_exists"/>
    <testcase time="0.00200000000040745" classname="ds.exists_smk" name="simple_exists"/>
    <testcase time="0.000999999999748979" classname="ds.exists_smk" name="simple_exists"/>
    <testcase time="0.00100000000020373" classname="ds.exists_smk" name="simple_exists"/>
    <testcase time="0.000999999999748979" classname="ds.exists_smk" name="simple_exists"/>
    <testcase time="0.00100000000020373" classname="ds.exists_smk" name="simple_exists"/>
    <testcase time="0.000999999999748979" classname="ds.exists_smk" name="simple_exists"/>
  </testsuite>
  <testsuite name="ds.exists::smk::shutdown" timestamp="2025-09-19T12:08:22Z" hostname="runnervmf4ws1" tests="3" skipped="0" failures="0" errors="0" time="0.051">
    <testcase time="0.0489999999999782" classname="ds.exists_smk_shutdown" name="shutdown"/>
    <testcase time="0.00100000000020373" classname="ds.exists_smk_shutdown" name="shutdown"/>
    <testcase time="0.000999999999748979" classname="ds.exists_smk_shutdown" name="shutdown"/>
  </testsuite>
  <testsuite name="ds.exists::smk::done" timestamp="2025-09-19T12:08:22Z" hostname="runnervmf4ws1" tests="0" skipped="0" failures="0" errors="0" time="0"/>
  <testsuite name="smk-ds.exp" timestamp="2025-09-19T12:08:22Z" hostname="runnervmf4ws1" tests="0" skipped="0" failures="0" errors="0" time="0"/>
  <testsuite name="ds.exp::smk::setup" timestamp="2025-09-19T12:08:22Z" hostname="runnervmf4ws1" tests="3" skipped="0" failures="0" errors="0" time="7.532">
    <testcase time="7.5300000000002" classname="ds.exp_smk_setup" name="setup"/>
    <testcase time="0.00100000000020373" classname="ds.exp_smk_setup" name="setup"/>
    <testcase time="0.000999999999748979" classname="ds.exp_smk_setup" name="setup"/>
  </testsuite>
  <testsuite name="ds.exp::smk" timestamp="2025-09-19T12:08:30Z" hostname="runnervmf4ws1" tests="30" skipped="0" failures="0" errors="0" time="0.806">
    <testcase time="0.188000000000102" classname="ds.exp_smk" name="simple_exp"/>
    <testcase time="0.0389999999997599" classname="ds.exp_smk" name="simple_exp"/>
    <testcase time="0.00200000000040745" classname="ds.exp_smk" name="simple_exp"/>
    <testcase time="0.000999999999748979" classname="ds.exp_smk" name="simple_exp"/>
    <testcase time="0.00100000000020373" classname="ds.exp_smk" name="simple_exp"/>
    <testcase time="0.000999999999748979" classname="ds.exp_smk" name="simple_exp"/>
    <testcase time="0.00100000000020373" classname="ds.exp_smk" name="simple_exp"/>
    <testcase time="0.00199999999995271" classname="ds.exp_smk" name="simple_exp"/>
    <testcase time="0.0789999999997235" classname="ds.exp_smk" name="simple_exp"/>
    <testcase time="0.00100000000020373" classname="ds.exp_smk" name="simple_exp"/>
    <testcase time="0.00199999999995271" classname="ds.exp_smk" name="simple_exp"/>
    <testcase time="0.00100000000020373" classname="ds.exp_smk" name="simple_exp"/>
    <testcase time="0.000999999999748979" classname="ds.exp_smk" name="simple_exp"/>
    <testcase time="0.00100000000020373" classname="ds.exp_smk" name="simple_exp"/>
    <testcase time="0.000999999999748979" classname="ds.exp_smk" name="simple_exp"/>
    <testcase time="0.338999999999942" classname="ds.exp_smk" name="simple_exp"/>
    <testcase time="0.0420000000003711" classname="ds.exp_smk" name="simple_exp"/>
    <testcase time="0.000999999999748979" classname="ds.exp_smk" name="simple_exp"/>
    <testcase time="0.00100000000020373" classname="ds.exp_smk" name="simple_exp"/>
    <testcase time="0.00199999999995271" classname="ds.exp_smk" name="simple_exp"/>
    <testcase time="0.000999999999748979" classname="ds.exp_smk" name="simple_exp"/>
    <testcase time="0.00100000000020373" classname="ds.exp_smk" name="simple_exp"/>
    <testcase time="0.00100000000020373" classname="ds.exp_smk" name="simple_exp"/>
    <testcase time="0.0830000000000837" classname="ds.exp_smk" name="simple_exp"/>
    <testcase time="0.000999999999748979" classname="ds.exp_smk" name="simple_exp"/>
    <testcase time="0.00100000000020373" classname="ds.exp_smk" name="simple_exp"/>
    <testcase time="0.00199999999995271" classname="ds.exp_smk" name="simple_exp"/>
    <testcase time="0.00100000000020373" classname="ds.exp_smk" name="simple_exp"/>
    <testcase time="0.000999999999748979" classname="ds.exp_smk" name="simple_exp"/>
    <testcase time="0.00800000000026557" classname="ds.exp_smk" name="simple_exp"/>
  </testsuite>
  <testsuite name="ds.exp::smk::shutdown" timestamp="2025-09-19T12:08:31Z" hostname="runnervmf4ws1" tests="3" skipped="0" failures="0" errors="0" time="0.051">
    <testcase time="0.0479999999997744" classname="ds.exp_smk_shutdown" name="shutdown"/>
    <testcase time="0.00199999999995271" classname="ds.exp_smk_shutdown" name="shutdown"/>
    <testcase time="0.00100000000020373" classname="ds.exp_smk_shutdown" name="shutdown"/>
  </testsuite>
  <testsuite name="ds.exp::smk::done" timestamp="2025-09-19T12:08:31Z" hostname="runnervmf4ws1" tests="0" skipped="0" failures="0" errors="0" time="0"/>
  <testsuite name="smk-ds.gamlss" timestamp="2025-09-19T12:08:31Z" hostname="runnervmf4ws1" tests="0" skipped="0" failures="0" errors="0" time="0"/>
  <testsuite name="ds.gamlss::smk::setup" timestamp="2025-09-19T12:08:31Z" hostname="runnervmf4ws1" tests="3" skipped="0" failures="0" errors="0" time="7.494">
    <testcase time="7.49099999999999" classname="ds.gamlss_smk_setup" name="setup"/>
    <testcase time="0.000999999999748979" classname="ds.gamlss_smk_setup" name="setup"/>
    <testcase time="0.00199999999995271" classname="ds.gamlss_smk_setup" name="setup"/>
  </testsuite>
  <testsuite name="ds.gamlss::smk::mod1" timestamp="2025-09-19T12:08:38Z" hostname="runnervmf4ws1" tests="77" skipped="0" failures="0" errors="0" time="0.351">
    <testcase time="0.215000000000146" classname="ds.gamlss_smk_mod1" name="gamlss_birth_weight"/>
    <testcase time="0.00100000000020373" classname="ds.gamlss_smk_mod1" name="gamlss_birth_weight"/>
    <testcase time="0.000999999999748979" classname="ds.gamlss_smk_mod1" name="gamlss_birth_weight"/>
    <testcase time="0.00100000000020373" classname="ds.gamlss_smk_mod1" name="gamlss_birth_weight"/>
    <testcase time="0.00199999999995271" classname="ds.gamlss_smk_mod1" name="gamlss_birth_weight"/>
    <testcase time="0.00199999999995271" classname="ds.gamlss_smk_mod1" name="gamlss_birth_weight"/>
    <testcase time="0.00199999999995271" classname="ds.gamlss_smk_mod1" name="gamlss_birth_weight"/>
    <testcase time="0.00199999999995271" classname="ds.gamlss_smk_mod1" name="gamlss_birth_weight"/>
    <testcase time="0.00300000000015643" classname="ds.gamlss_smk_mod1" name="gamlss_birth_weight"/>
    <testcase time="0.000999999999748979" classname="ds.gamlss_smk_mod1" name="gamlss_birth_weight"/>
    <testcase time="0.00200000000040745" classname="ds.gamlss_smk_mod1" name="gamlss_birth_weight"/>
    <testcase time="0.00299999999970169" classname="ds.gamlss_smk_mod1" name="gamlss_birth_weight"/>
    <testcase time="0.00100000000020373" classname="ds.gamlss_smk_mod1" name="gamlss_birth_weight"/>
    <testcase time="0.00199999999995271" classname="ds.gamlss_smk_mod1" name="gamlss_birth_weight"/>
    <testcase time="0.000999999999748979" classname="ds.gamlss_smk_mod1" name="gamlss_birth_weight"/>
    <testcase time="0.00100000000020373" classname="ds.gamlss_smk_mod1" name="gamlss_birth_weight"/>
    <testcase time="0.00199999999995271" classname="ds.gamlss_smk_mod1" name="gamlss_birth_weight"/>
    <testcase time="0.00100000000020373" classname="ds.gamlss_smk_mod1" name="gamlss_birth_weight"/>
    <testcase time="0.000999999999748979" classname="ds.gamlss_smk_mod1" name="gamlss_birth_weight"/>
    <testcase time="0.00199999999995271" classname="ds.gamlss_smk_mod1" name="gamlss_birth_weight"/>
    <testcase time="0.00100000000020373" classname="ds.gamlss_smk_mod1" name="gamlss_birth_weight"/>
    <testcase time="0.000999999999748979" classname="ds.gamlss_smk_mod1" name="gamlss_birth_weight"/>
    <testcase time="0.00199999999995271" classname="ds.gamlss_smk_mod1" name="gamlss_birth_weight"/>
    <testcase time="0.00200000000040745" classname="ds.gamlss_smk_mod1" name="gamlss_birth_weight"/>
    <testcase time="0.00199999999995271" classname="ds.gamlss_smk_mod1" name="gamlss_birth_weight"/>
    <testcase time="0.000999999999748979" classname="ds.gamlss_smk_mod1" name="gamlss_birth_weight"/>
    <testcase time="0.00300000000015643" classname="ds.gamlss_smk_mod1" name="gamlss_birth_weight"/>
    <testcase time="0.00799999999981083" classname="ds.gamlss_smk_mod1" name="gamlss_birth_weight"/>
    <testcase time="0.00100000000020373" classname="ds.gamlss_smk_mod1" name="gamlss_birth_weight"/>
    <testcase time="0.00299999999970169" classname="ds.gamlss_smk_mod1" name="gamlss_birth_weight"/>
    <testcase time="0.00300000000015643" classname="ds.gamlss_smk_mod1" name="gamlss_birth_weight"/>
    <testcase time="0.00100000000020373" classname="ds.gamlss_smk_mod1" name="gamlss_birth_weight"/>
    <testcase time="0.00199999999995271" classname="ds.gamlss_smk_mod1" name="gamlss_birth_weight"/>
    <testcase time="0.00199999999995271" classname="ds.gamlss_smk_mod1" name="gamlss_birth_weight"/>
    <testcase time="0.00199999999995271" classname="ds.gamlss_smk_mod1" name="gamlss_birth_weight"/>
    <testcase time="0.00199999999995271" classname="ds.gamlss_smk_mod1" name="gamlss_birth_weight"/>
    <testcase time="0.00199999999995271" classname="ds.gamlss_smk_mod1" name="gamlss_birth_weight"/>
    <testcase time="0.00199999999995271" classname="ds.gamlss_smk_mod1" name="gamlss_birth_weight"/>
    <testcase time="0.00100000000020373" classname="ds.gamlss_smk_mod1" name="gamlss_birth_weight"/>
    <testcase time="0.000999999999748979" classname="ds.gamlss_smk_mod1" name="gamlss_birth_weight"/>
    <testcase time="0.00300000000015643" classname="ds.gamlss_smk_mod1" name="gamlss_birth_weight"/>
    <testcase time="0.00300000000015643" classname="ds.gamlss_smk_mod1" name="gamlss_birth_weight"/>
    <testcase time="0.00199999999995271" classname="ds.gamlss_smk_mod1" name="gamlss_birth_weight"/>
    <testcase time="0.00199999999995271" classname="ds.gamlss_smk_mod1" name="gamlss_birth_weight"/>
    <testcase time="0.000999999999748979" classname="ds.gamlss_smk_mod1" name="gamlss_birth_weight"/>
    <testcase time="0.00300000000015643" classname="ds.gamlss_smk_mod1" name="gamlss_birth_weight"/>
    <testcase time="0.00199999999995271" classname="ds.gamlss_smk_mod1" name="gamlss_birth_weight"/>
    <testcase time="0.00300000000015643" classname="ds.gamlss_smk_mod1" name="gamlss_birth_weight"/>
    <testcase time="0.000999999999748979" classname="ds.gamlss_smk_mod1" name="gamlss_birth_weight"/>
    <testcase time="0.00200000000040745" classname="ds.gamlss_smk_mod1" name="gamlss_birth_weight"/>
    <testcase time="0.000999999999748979" classname="ds.gamlss_smk_mod1" name="gamlss_birth_weight"/>
    <testcase time="0.00100000000020373" classname="ds.gamlss_smk_mod1" name="gamlss_birth_weight"/>
    <testcase time="0.00199999999995271" classname="ds.gamlss_smk_mod1" name="gamlss_birth_weight"/>
    <testcase time="0.000999999999748979" classname="ds.gamlss_smk_mod1" name="gamlss_birth_weight"/>
    <testcase time="0.00199999999995271" classname="ds.gamlss_smk_mod1" name="gamlss_birth_weight"/>
    <testcase time="0.00100000000020373" classname="ds.gamlss_smk_mod1" name="gamlss_birth_weight"/>
    <testcase time="0.00199999999995271" classname="ds.gamlss_smk_mod1" name="gamlss_birth_weight"/>
    <testcase time="0.00199999999995271" classname="ds.gamlss_smk_mod1" name="gamlss_birth_weight"/>
    <testcase time="0.00300000000015643" classname="ds.gamlss_smk_mod1" name="gamlss_birth_weight"/>
    <testcase time="0.000999999999748979" classname="ds.gamlss_smk_mod1" name="gamlss_birth_weight"/>
    <testcase time="0.00199999999995271" classname="ds.gamlss_smk_mod1" name="gamlss_birth_weight"/>
    <testcase time="0.00100000000020373" classname="ds.gamlss_smk_mod1" name="gamlss_birth_weight"/>
    <testcase time="0.00199999999995271" classname="ds.gamlss_smk_mod1" name="gamlss_birth_weight"/>
    <testcase time="0.00100000000020373" classname="ds.gamlss_smk_mod1" name="gamlss_birth_weight"/>
    <testcase time="0.000999999999748979" classname="ds.gamlss_smk_mod1" name="gamlss_birth_weight"/>
    <testcase time="0.00199999999995271" classname="ds.gamlss_smk_mod1" name="gamlss_birth_weight"/>
    <testcase time="0.00100000000020373" classname="ds.gamlss_smk_mod1" name="gamlss_birth_weight"/>
    <testcase time="0.00199999999995271" classname="ds.gamlss_smk_mod1" name="gamlss_birth_weight"/>
    <testcase time="0.00100000000020373" classname="ds.gamlss_smk_mod1" name="gamlss_birth_weight"/>
    <testcase time="0.00199999999995271" classname="ds.gamlss_smk_mod1" name="gamlss_birth_weight"/>
    <testcase time="0.000999999999748979" classname="ds.gamlss_smk_mod1" name="gamlss_birth_weight"/>
    <testcase time="0.00199999999995271" classname="ds.gamlss_smk_mod1" name="gamlss_birth_weight"/>
    <testcase time="0.00100000000020373" classname="ds.gamlss_smk_mod1" name="gamlss_birth_weight"/>
    <testcase time="0.000999999999748979" classname="ds.gamlss_smk_mod1" name="gamlss_birth_weight"/>
    <testcase time="0.00200000000040745" classname="ds.gamlss_smk_mod1" name="gamlss_birth_weight"/>
    <testcase time="0.000999999999748979" classname="ds.gamlss_smk_mod1" name="gamlss_birth_weight"/>
    <testcase time="0.00199999999995271" classname="ds.gamlss_smk_mod1" name="gamlss_birth_weight"/>
  </testsuite>
  <testsuite name="ds.gamlss::smk::mod2" timestamp="2025-09-19T12:08:38Z" hostname="runnervmf4ws1" tests="78" skipped="0" failures="0" errors="0" time="0.271">
    <testcase time="0.135000000000218" classname="ds.gamlss_smk_mod2" name="gamlss_Z_BMI"/>
    <testcase time="0.00199999999995271" classname="ds.gamlss_smk_mod2" name="gamlss_Z_BMI"/>
    <testcase time="0.000999999999748979" classname="ds.gamlss_smk_mod2" name="gamlss_Z_BMI"/>
    <testcase time="0.00100000000020373" classname="ds.gamlss_smk_mod2" name="gamlss_Z_BMI"/>
    <testcase time="0.000999999999748979" classname="ds.gamlss_smk_mod2" name="gamlss_Z_BMI"/>
    <testcase time="0.00300000000015643" classname="ds.gamlss_smk_mod2" name="gamlss_Z_BMI"/>
    <testcase time="0.00100000000020373" classname="ds.gamlss_smk_mod2" name="gamlss_Z_BMI"/>
    <testcase time="0.00299999999970169" classname="ds.gamlss_smk_mod2" name="gamlss_Z_BMI"/>
    <testcase time="0.00199999999995271" classname="ds.gamlss_smk_mod2" name="gamlss_Z_BMI"/>
    <testcase time="0.00100000000020373" classname="ds.gamlss_smk_mod2" name="gamlss_Z_BMI"/>
    <testcase time="0.00300000000015643" classname="ds.gamlss_smk_mod2" name="gamlss_Z_BMI"/>
    <testcase time="0.00199999999995271" classname="ds.gamlss_smk_mod2" name="gamlss_Z_BMI"/>
    <testcase time="0.00199999999995271" classname="ds.gamlss_smk_mod2" name="gamlss_Z_BMI"/>
    <testcase time="0.000999999999748979" classname="ds.gamlss_smk_mod2" name="gamlss_Z_BMI"/>
    <testcase time="0.00100000000020373" classname="ds.gamlss_smk_mod2" name="gamlss_Z_BMI"/>
    <testcase time="0.00199999999995271" classname="ds.gamlss_smk_mod2" name="gamlss_Z_BMI"/>
    <testcase time="0.00100000000020373" classname="ds.gamlss_smk_mod2" name="gamlss_Z_BMI"/>
    <testcase time="0.000999999999748979" classname="ds.gamlss_smk_mod2" name="gamlss_Z_BMI"/>
    <testcase time="0.00100000000020373" classname="ds.gamlss_smk_mod2" name="gamlss_Z_BMI"/>
    <testcase time="0.00199999999995271" classname="ds.gamlss_smk_mod2" name="gamlss_Z_BMI"/>
    <testcase time="0.000999999999748979" classname="ds.gamlss_smk_mod2" name="gamlss_Z_BMI"/>
    <testcase time="0.00100000000020373" classname="ds.gamlss_smk_mod2" name="gamlss_Z_BMI"/>
    <testcase time="0.000999999999748979" classname="ds.gamlss_smk_mod2" name="gamlss_Z_BMI"/>
    <testcase time="0.00300000000015643" classname="ds.gamlss_smk_mod2" name="gamlss_Z_BMI"/>
    <testcase time="0.00100000000020373" classname="ds.gamlss_smk_mod2" name="gamlss_Z_BMI"/>
    <testcase time="0.00100000000020373" classname="ds.gamlss_smk_mod2" name="gamlss_Z_BMI"/>
    <testcase time="0.00199999999995271" classname="ds.gamlss_smk_mod2" name="gamlss_Z_BMI"/>
    <testcase time="0.00199999999995271" classname="ds.gamlss_smk_mod2" name="gamlss_Z_BMI"/>
    <testcase time="0.00100000000020373" classname="ds.gamlss_smk_mod2" name="gamlss_Z_BMI"/>
    <testcase time="0.00299999999970169" classname="ds.gamlss_smk_mod2" name="gamlss_Z_BMI"/>
    <testcase time="0.00900000000001455" classname="ds.gamlss_smk_mod2" name="gamlss_Z_BMI"/>
    <testcase time="0.00199999999995271" classname="ds.gamlss_smk_mod2" name="gamlss_Z_BMI"/>
    <testcase time="0.00199999999995271" classname="ds.gamlss_smk_mod2" name="gamlss_Z_BMI"/>
    <testcase time="0.00199999999995271" classname="ds.gamlss_smk_mod2" name="gamlss_Z_BMI"/>
    <testcase time="0.00200000000040745" classname="ds.gamlss_smk_mod2" name="gamlss_Z_BMI"/>
    <testcase time="0.00199999999995271" classname="ds.gamlss_smk_mod2" name="gamlss_Z_BMI"/>
    <testcase time="0.00199999999995271" classname="ds.gamlss_smk_mod2" name="gamlss_Z_BMI"/>
    <testcase time="0.00100000000020373" classname="ds.gamlss_smk_mod2" name="gamlss_Z_BMI"/>
    <testcase time="0.000999999999748979" classname="ds.gamlss_smk_mod2" name="gamlss_Z_BMI"/>
    <testcase time="0.00100000000020373" classname="ds.gamlss_smk_mod2" name="gamlss_Z_BMI"/>
    <testcase time="0.00300000000015643" classname="ds.gamlss_smk_mod2" name="gamlss_Z_BMI"/>
    <testcase time="0.00299999999970169" classname="ds.gamlss_smk_mod2" name="gamlss_Z_BMI"/>
    <testcase time="0.00199999999995271" classname="ds.gamlss_smk_mod2" name="gamlss_Z_BMI"/>
    <testcase time="0.00200000000040745" classname="ds.gamlss_smk_mod2" name="gamlss_Z_BMI"/>
    <testcase time="0.000999999999748979" classname="ds.gamlss_smk_mod2" name="gamlss_Z_BMI"/>
    <testcase time="0.00199999999995271" classname="ds.gamlss_smk_mod2" name="gamlss_Z_BMI"/>
    <testcase time="0.00199999999995271" classname="ds.gamlss_smk_mod2" name="gamlss_Z_BMI"/>
    <testcase time="0.00300000000015643" classname="ds.gamlss_smk_mod2" name="gamlss_Z_BMI"/>
    <testcase time="0.00300000000015643" classname="ds.gamlss_smk_mod2" name="gamlss_Z_BMI"/>
    <testcase time="0.000999999999748979" classname="ds.gamlss_smk_mod2" name="gamlss_Z_BMI"/>
    <testcase time="0.00199999999995271" classname="ds.gamlss_smk_mod2" name="gamlss_Z_BMI"/>
    <testcase time="0.00100000000020373" classname="ds.gamlss_smk_mod2" name="gamlss_Z_BMI"/>
    <testcase time="0.000999999999748979" classname="ds.gamlss_smk_mod2" name="gamlss_Z_BMI"/>
    <testcase time="0.00199999999995271" classname="ds.gamlss_smk_mod2" name="gamlss_Z_BMI"/>
    <testcase time="0.00100000000020373" classname="ds.gamlss_smk_mod2" name="gamlss_Z_BMI"/>
    <testcase time="0.00199999999995271" classname="ds.gamlss_smk_mod2" name="gamlss_Z_BMI"/>
    <testcase time="0.00100000000020373" classname="ds.gamlss_smk_mod2" name="gamlss_Z_BMI"/>
    <testcase time="0.000999999999748979" classname="ds.gamlss_smk_mod2" name="gamlss_Z_BMI"/>
    <testcase time="0.00300000000015643" classname="ds.gamlss_smk_mod2" name="gamlss_Z_BMI"/>
    <testcase time="0.00300000000015643" classname="ds.gamlss_smk_mod2" name="gamlss_Z_BMI"/>
    <testcase time="0.000999999999748979" classname="ds.gamlss_smk_mod2" name="gamlss_Z_BMI"/>
    <testcase time="0.00199999999995271" classname="ds.gamlss_smk_mod2" name="gamlss_Z_BMI"/>
    <testcase time="0.00100000000020373" classname="ds.gamlss_smk_mod2" name="gamlss_Z_BMI"/>
    <testcase time="0.00199999999995271" classname="ds.gamlss_smk_mod2" name="gamlss_Z_BMI"/>
    <testcase time="0.000999999999748979" classname="ds.gamlss_smk_mod2" name="gamlss_Z_BMI"/>
    <testcase time="0.00100000000020373" classname="ds.gamlss_smk_mod2" name="gamlss_Z_BMI"/>
    <testcase time="0.00199999999995271" classname="ds.gamlss_smk_mod2" name="gamlss_Z_BMI"/>
    <testcase time="0.00100000000020373" classname="ds.gamlss_smk_mod2" name="gamlss_Z_BMI"/>
    <testcase time="0.00199999999995271" classname="ds.gamlss_smk_mod2" name="gamlss_Z_BMI"/>
    <testcase time="0.000999999999748979" classname="ds.gamlss_smk_mod2" name="gamlss_Z_BMI"/>
    <testcase time="0.00199999999995271" classname="ds.gamlss_smk_mod2" name="gamlss_Z_BMI"/>
    <testcase time="0.00100000000020373" classname="ds.gamlss_smk_mod2" name="gamlss_Z_BMI"/>
    <testcase time="0.00199999999995271" classname="ds.gamlss_smk_mod2" name="gamlss_Z_BMI"/>
    <testcase time="0.00100000000020373" classname="ds.gamlss_smk_mod2" name="gamlss_Z_BMI"/>
    <testcase time="0.000999999999748979" classname="ds.gamlss_smk_mod2" name="gamlss_Z_BMI"/>
    <testcase time="0.00199999999995271" classname="ds.gamlss_smk_mod2" name="gamlss_Z_BMI"/>
    <testcase time="0.00100000000020373" classname="ds.gamlss_smk_mod2" name="gamlss_Z_BMI"/>
    <testcase time="0.00199999999995271" classname="ds.gamlss_smk_mod2" name="gamlss_Z_BMI"/>
  </testsuite>
  <testsuite name="ds.gamlss::smk::mod3" timestamp="2025-09-19T12:08:39Z" hostname="runnervmf4ws1" tests="77" skipped="0" failures="0" errors="0" time="1.413">
    <testcase time="1.27799999999979" classname="ds.gamlss_smk_mod3" name="gamlss_RAVEN_TEST"/>
    <testcase time="0.00100000000020373" classname="ds.gamlss_smk_mod3" name="gamlss_RAVEN_TEST"/>
    <testcase time="0.00199999999995271" classname="ds.gamlss_smk_mod3" name="gamlss_RAVEN_TEST"/>
    <testcase time="0.00100000000020373" classname="ds.gamlss_smk_mod3" name="gamlss_RAVEN_TEST"/>
    <testcase time="0.000999999999748979" classname="ds.gamlss_smk_mod3" name="gamlss_RAVEN_TEST"/>
    <testcase time="0.00300000000015643" classname="ds.gamlss_smk_mod3" name="gamlss_RAVEN_TEST"/>
    <testcase time="0.000999999999748979" classname="ds.gamlss_smk_mod3" name="gamlss_RAVEN_TEST"/>
    <testcase time="0.00300000000015643" classname="ds.gamlss_smk_mod3" name="gamlss_RAVEN_TEST"/>
    <testcase time="0.00199999999995271" classname="ds.gamlss_smk_mod3" name="gamlss_RAVEN_TEST"/>
    <testcase time="0.00100000000020373" classname="ds.gamlss_smk_mod3" name="gamlss_RAVEN_TEST"/>
    <testcase time="0.00299999999970169" classname="ds.gamlss_smk_mod3" name="gamlss_RAVEN_TEST"/>
    <testcase time="0.00199999999995271" classname="ds.gamlss_smk_mod3" name="gamlss_RAVEN_TEST"/>
    <testcase time="0.00199999999995271" classname="ds.gamlss_smk_mod3" name="gamlss_RAVEN_TEST"/>
    <testcase time="0.00100000000020373" classname="ds.gamlss_smk_mod3" name="gamlss_RAVEN_TEST"/>
    <testcase time="0.00100000000020373" classname="ds.gamlss_smk_mod3" name="gamlss_RAVEN_TEST"/>
    <testcase time="0.00199999999995271" classname="ds.gamlss_smk_mod3" name="gamlss_RAVEN_TEST"/>
    <testcase time="0.000999999999748979" classname="ds.gamlss_smk_mod3" name="gamlss_RAVEN_TEST"/>
    <testcase time="0.00100000000020373" classname="ds.gamlss_smk_mod3" name="gamlss_RAVEN_TEST"/>
    <testcase time="0.000999999999748979" classname="ds.gamlss_smk_mod3" name="gamlss_RAVEN_TEST"/>
    <testcase time="0.00199999999995271" classname="ds.gamlss_smk_mod3" name="gamlss_RAVEN_TEST"/>
    <testcase time="0.00100000000020373" classname="ds.gamlss_smk_mod3" name="gamlss_RAVEN_TEST"/>
    <testcase time="0.00100000000020373" classname="ds.gamlss_smk_mod3" name="gamlss_RAVEN_TEST"/>
    <testcase time="0.00199999999995271" classname="ds.gamlss_smk_mod3" name="gamlss_RAVEN_TEST"/>
    <testcase time="0.00199999999995271" classname="ds.gamlss_smk_mod3" name="gamlss_RAVEN_TEST"/>
    <testcase time="0.00199999999995271" classname="ds.gamlss_smk_mod3" name="gamlss_RAVEN_TEST"/>
    <testcase time="0.000999999999748979" classname="ds.gamlss_smk_mod3" name="gamlss_RAVEN_TEST"/>
    <testcase time="0.00200000000040745" classname="ds.gamlss_smk_mod3" name="gamlss_RAVEN_TEST"/>
    <testcase time="0.00199999999995271" classname="ds.gamlss_smk_mod3" name="gamlss_RAVEN_TEST"/>
    <testcase time="0.000999999999748979" classname="ds.gamlss_smk_mod3" name="gamlss_RAVEN_TEST"/>
    <testcase time="0.00300000000015643" classname="ds.gamlss_smk_mod3" name="gamlss_RAVEN_TEST"/>
    <testcase time="0.00199999999995271" classname="ds.gamlss_smk_mod3" name="gamlss_RAVEN_TEST"/>
    <testcase time="0.00199999999995271" classname="ds.gamlss_smk_mod3" name="gamlss_RAVEN_TEST"/>
    <testcase time="0.00199999999995271" classname="ds.gamlss_smk_mod3" name="gamlss_RAVEN_TEST"/>
    <testcase time="0.00199999999995271" classname="ds.gamlss_smk_mod3" name="gamlss_RAVEN_TEST"/>
    <testcase time="0.00300000000015643" classname="ds.gamlss_smk_mod3" name="gamlss_RAVEN_TEST"/>
    <testcase time="0.000999999999748979" classname="ds.gamlss_smk_mod3" name="gamlss_RAVEN_TEST"/>
    <testcase time="0.00300000000015643" classname="ds.gamlss_smk_mod3" name="gamlss_RAVEN_TEST"/>
    <testcase time="0.00100000000020373" classname="ds.gamlss_smk_mod3" name="gamlss_RAVEN_TEST"/>
    <testcase time="0.000999999999748979" classname="ds.gamlss_smk_mod3" name="gamlss_RAVEN_TEST"/>
    <testcase time="0.00199999999995271" classname="ds.gamlss_smk_mod3" name="gamlss_RAVEN_TEST"/>
    <testcase time="0.00199999999995271" classname="ds.gamlss_smk_mod3" name="gamlss_RAVEN_TEST"/>
    <testcase time="0.00300000000015643" classname="ds.gamlss_smk_mod3" name="gamlss_RAVEN_TEST"/>
    <testcase time="0.0100000000002183" classname="ds.gamlss_smk_mod3" name="gamlss_RAVEN_TEST"/>
    <testcase time="0.000999999999748979" classname="ds.gamlss_smk_mod3" name="gamlss_RAVEN_TEST"/>
    <testcase time="0.00100000000020373" classname="ds.gamlss_smk_mod3" name="gamlss_RAVEN_TEST"/>
    <testcase time="0.00299999999970169" classname="ds.gamlss_smk_mod3" name="gamlss_RAVEN_TEST"/>
    <testcase time="0.00300000000015643" classname="ds.gamlss_smk_mod3" name="gamlss_RAVEN_TEST"/>
    <testcase time="0.00199999999995271" classname="ds.gamlss_smk_mod3" name="gamlss_RAVEN_TEST"/>
    <testcase time="0.00199999999995271" classname="ds.gamlss_smk_mod3" name="gamlss_RAVEN_TEST"/>
    <testcase time="0.00100000000020373" classname="ds.gamlss_smk_mod3" name="gamlss_RAVEN_TEST"/>
    <testcase time="0.000999999999748979" classname="ds.gamlss_smk_mod3" name="gamlss_RAVEN_TEST"/>
    <testcase time="0.00199999999995271" classname="ds.gamlss_smk_mod3" name="gamlss_RAVEN_TEST"/>
    <testcase time="0.00100000000020373" classname="ds.gamlss_smk_mod3" name="gamlss_RAVEN_TEST"/>
    <testcase time="0.00199999999995271" classname="ds.gamlss_smk_mod3" name="gamlss_RAVEN_TEST"/>
    <testcase time="0.00100000000020373" classname="ds.gamlss_smk_mod3" name="gamlss_RAVEN_TEST"/>
    <testcase time="0.00199999999995271" classname="ds.gamlss_smk_mod3" name="gamlss_RAVEN_TEST"/>
    <testcase time="0.000999999999748979" classname="ds.gamlss_smk_mod3" name="gamlss_RAVEN_TEST"/>
    <testcase time="0.00300000000015643" classname="ds.gamlss_smk_mod3" name="gamlss_RAVEN_TEST"/>
    <testcase time="0.00199999999995271" classname="ds.gamlss_smk_mod3" name="gamlss_RAVEN_TEST"/>
    <testcase time="0.00199999999995271" classname="ds.gamlss_smk_mod3" name="gamlss_RAVEN_TEST"/>
    <testcase time="0.00100000000020373" classname="ds.gamlss_smk_mod3" name="gamlss_RAVEN_TEST"/>
    <testcase time="0.00199999999995271" classname="ds.gamlss_smk_mod3" name="gamlss_RAVEN_TEST"/>
    <testcase time="0.000999999999748979" classname="ds.gamlss_smk_mod3" name="gamlss_RAVEN_TEST"/>
    <testcase time="0.00199999999995271" classname="ds.gamlss_smk_mod3" name="gamlss_RAVEN_TEST"/>
    <testcase time="0.00100000000020373" classname="ds.gamlss_smk_mod3" name="gamlss_RAVEN_TEST"/>
    <testcase time="0.00100000000020373" classname="ds.gamlss_smk_mod3" name="gamlss_RAVEN_TEST"/>
    <testcase time="0.00100000000020373" classname="ds.gamlss_smk_mod3" name="gamlss_RAVEN_TEST"/>
    <testcase time="0.000999999999748979" classname="ds.gamlss_smk_mod3" name="gamlss_RAVEN_TEST"/>
    <testcase time="0.00199999999995271" classname="ds.gamlss_smk_mod3" name="gamlss_RAVEN_TEST"/>
    <testcase time="0.00100000000020373" classname="ds.gamlss_smk_mod3" name="gamlss_RAVEN_TEST"/>
    <testcase time="0.00199999999995271" classname="ds.gamlss_smk_mod3" name="gamlss_RAVEN_TEST"/>
    <testcase time="0.00100000000020373" classname="ds.gamlss_smk_mod3" name="gamlss_RAVEN_TEST"/>
    <testcase time="0.00199999999995271" classname="ds.gamlss_smk_mod3" name="gamlss_RAVEN_TEST"/>
    <testcase time="0.000999999999748979" classname="ds.gamlss_smk_mod3" name="gamlss_RAVEN_TEST"/>
    <testcase time="0.00100000000020373" classname="ds.gamlss_smk_mod3" name="gamlss_RAVEN_TEST"/>
    <testcase time="0.00199999999995271" classname="ds.gamlss_smk_mod3" name="gamlss_RAVEN_TEST"/>
    <testcase time="0.000999999999748979" classname="ds.gamlss_smk_mod3" name="gamlss_RAVEN_TEST"/>
  </testsuite>
  <testsuite name="ds.gamlss::smk::mod4" timestamp="2025-09-19T12:08:40Z" hostname="runnervmf4ws1" tests="77" skipped="0" failures="0" errors="0" time="0.271">
    <testcase time="0.135000000000218" classname="ds.gamlss_smk_mod4" name="gamlss_WEIGHT_GAIN"/>
    <testcase time="0.000999999999748979" classname="ds.gamlss_smk_mod4" name="gamlss_WEIGHT_GAIN"/>
    <testcase time="0.00100000000020373" classname="ds.gamlss_smk_mod4" name="gamlss_WEIGHT_GAIN"/>
    <testcase time="0.00100000000020373" classname="ds.gamlss_smk_mod4" name="gamlss_WEIGHT_GAIN"/>
    <testcase time="0.00199999999995271" classname="ds.gamlss_smk_mod4" name="gamlss_WEIGHT_GAIN"/>
    <testcase time="0.00199999999995271" classname="ds.gamlss_smk_mod4" name="gamlss_WEIGHT_GAIN"/>
    <testcase time="0.00199999999995271" classname="ds.gamlss_smk_mod4" name="gamlss_WEIGHT_GAIN"/>
    <testcase time="0.00199999999995271" classname="ds.gamlss_smk_mod4" name="gamlss_WEIGHT_GAIN"/>
    <testcase time="0.00300000000015643" classname="ds.gamlss_smk_mod4" name="gamlss_WEIGHT_GAIN"/>
    <testcase time="0.000999999999748979" classname="ds.gamlss_smk_mod4" name="gamlss_WEIGHT_GAIN"/>
    <testcase time="0.00199999999995271" classname="ds.gamlss_smk_mod4" name="gamlss_WEIGHT_GAIN"/>
    <testcase time="0.00300000000015643" classname="ds.gamlss_smk_mod4" name="gamlss_WEIGHT_GAIN"/>
    <testcase time="0.00100000000020373" classname="ds.gamlss_smk_mod4" name="gamlss_WEIGHT_GAIN"/>
    <testcase time="0.00199999999995271" classname="ds.gamlss_smk_mod4" name="gamlss_WEIGHT_GAIN"/>
    <testcase time="0.000999999999748979" classname="ds.gamlss_smk_mod4" name="gamlss_WEIGHT_GAIN"/>
    <testcase time="0.00100000000020373" classname="ds.gamlss_smk_mod4" name="gamlss_WEIGHT_GAIN"/>
    <testcase time="0.000999999999748979" classname="ds.gamlss_smk_mod4" name="gamlss_WEIGHT_GAIN"/>
    <testcase time="0.00199999999995271" classname="ds.gamlss_smk_mod4" name="gamlss_WEIGHT_GAIN"/>
    <testcase time="0.00100000000020373" classname="ds.gamlss_smk_mod4" name="gamlss_WEIGHT_GAIN"/>
    <testcase time="0.000999999999748979" classname="ds.gamlss_smk_mod4" name="gamlss_WEIGHT_GAIN"/>
    <testcase time="0.00100000000020373" classname="ds.gamlss_smk_mod4" name="gamlss_WEIGHT_GAIN"/>
    <testcase time="0.00199999999995271" classname="ds.gamlss_smk_mod4" name="gamlss_WEIGHT_GAIN"/>
    <testcase time="0.00100000000020373" classname="ds.gamlss_smk_mod4" name="gamlss_WEIGHT_GAIN"/>
    <testcase time="0.00299999999970169" classname="ds.gamlss_smk_mod4" name="gamlss_WEIGHT_GAIN"/>
    <testcase time="0.00100000000020373" classname="ds.gamlss_smk_mod4" name="gamlss_WEIGHT_GAIN"/>
    <testcase time="0.000999999999748979" classname="ds.gamlss_smk_mod4" name="gamlss_WEIGHT_GAIN"/>
    <testcase time="0.00300000000015643" classname="ds.gamlss_smk_mod4" name="gamlss_WEIGHT_GAIN"/>
    <testcase time="0.00100000000020373" classname="ds.gamlss_smk_mod4" name="gamlss_WEIGHT_GAIN"/>
    <testcase time="0.000999999999748979" classname="ds.gamlss_smk_mod4" name="gamlss_WEIGHT_GAIN"/>
    <testcase time="0.00300000000015643" classname="ds.gamlss_smk_mod4" name="gamlss_WEIGHT_GAIN"/>
    <testcase time="0.00300000000015643" classname="ds.gamlss_smk_mod4" name="gamlss_WEIGHT_GAIN"/>
    <testcase time="0.000999999999748979" classname="ds.gamlss_smk_mod4" name="gamlss_WEIGHT_GAIN"/>
    <testcase time="0.00300000000015643" classname="ds.gamlss_smk_mod4" name="gamlss_WEIGHT_GAIN"/>
    <testcase time="0.000999999999748979" classname="ds.gamlss_smk_mod4" name="gamlss_WEIGHT_GAIN"/>
    <testcase time="0.00300000000015643" classname="ds.gamlss_smk_mod4" name="gamlss_WEIGHT_GAIN"/>
    <testcase time="0.00100000000020373" classname="ds.gamlss_smk_mod4" name="gamlss_WEIGHT_GAIN"/>
    <testcase time="0.00299999999970169" classname="ds.gamlss_smk_mod4" name="gamlss_WEIGHT_GAIN"/>
    <testcase time="0.00100000000020373" classname="ds.gamlss_smk_mod4" name="gamlss_WEIGHT_GAIN"/>
    <testcase time="0.000999999999748979" classname="ds.gamlss_smk_mod4" name="gamlss_WEIGHT_GAIN"/>
    <testcase time="0.00199999999995271" classname="ds.gamlss_smk_mod4" name="gamlss_WEIGHT_GAIN"/>
    <testcase time="0.00199999999995271" classname="ds.gamlss_smk_mod4" name="gamlss_WEIGHT_GAIN"/>
    <testcase time="0.00300000000015643" classname="ds.gamlss_smk_mod4" name="gamlss_WEIGHT_GAIN"/>
    <testcase time="0.00900000000001455" classname="ds.gamlss_smk_mod4" name="gamlss_WEIGHT_GAIN"/>
    <testcase time="0.00199999999995271" classname="ds.gamlss_smk_mod4" name="gamlss_WEIGHT_GAIN"/>
    <testcase time="0.00100000000020373" classname="ds.gamlss_smk_mod4" name="gamlss_WEIGHT_GAIN"/>
    <testcase time="0.00299999999970169" classname="ds.gamlss_smk_mod4" name="gamlss_WEIGHT_GAIN"/>
    <testcase time="0.00300000000015643" classname="ds.gamlss_smk_mod4" name="gamlss_WEIGHT_GAIN"/>
    <testcase time="0.00199999999995271" classname="ds.gamlss_smk_mod4" name="gamlss_WEIGHT_GAIN"/>
    <testcase time="0.00199999999995271" classname="ds.gamlss_smk_mod4" name="gamlss_WEIGHT_GAIN"/>
    <testcase time="0.00100000000020373" classname="ds.gamlss_smk_mod4" name="gamlss_WEIGHT_GAIN"/>
    <testcase time="0.000999999999748979" classname="ds.gamlss_smk_mod4" name="gamlss_WEIGHT_GAIN"/>
    <testcase time="0.00199999999995271" classname="ds.gamlss_smk_mod4" name="gamlss_WEIGHT_GAIN"/>
    <testcase time="0.00100000000020373" classname="ds.gamlss_smk_mod4" name="gamlss_WEIGHT_GAIN"/>
    <testcase time="0.00199999999995271" classname="ds.gamlss_smk_mod4" name="gamlss_WEIGHT_GAIN"/>
    <testcase time="0.00100000000020373" classname="ds.gamlss_smk_mod4" name="gamlss_WEIGHT_GAIN"/>
    <testcase time="0.000999999999748979" classname="ds.gamlss_smk_mod4" name="gamlss_WEIGHT_GAIN"/>
    <testcase time="0.00199999999995271" classname="ds.gamlss_smk_mod4" name="gamlss_WEIGHT_GAIN"/>
    <testcase time="0.00300000000015643" classname="ds.gamlss_smk_mod4" name="gamlss_WEIGHT_GAIN"/>
    <testcase time="0.00199999999995271" classname="ds.gamlss_smk_mod4" name="gamlss_WEIGHT_GAIN"/>
    <testcase time="0.00199999999995271" classname="ds.gamlss_smk_mod4" name="gamlss_WEIGHT_GAIN"/>
    <testcase time="0.00100000000020373" classname="ds.gamlss_smk_mod4" name="gamlss_WEIGHT_GAIN"/>
    <testcase time="0.00199999999995271" classname="ds.gamlss_smk_mod4" name="gamlss_WEIGHT_GAIN"/>
    <testcase time="0.000999999999748979" classname="ds.gamlss_smk_mod4" name="gamlss_WEIGHT_GAIN"/>
    <testcase time="0.00200000000040745" classname="ds.gamlss_smk_mod4" name="gamlss_WEIGHT_GAIN"/>
    <testcase time="0.000999999999748979" classname="ds.gamlss_smk_mod4" name="gamlss_WEIGHT_GAIN"/>
    <testcase time="0.00100000000020373" classname="ds.gamlss_smk_mod4" name="gamlss_WEIGHT_GAIN"/>
    <testcase time="0.00199999999995271" classname="ds.gamlss_smk_mod4" name="gamlss_WEIGHT_GAIN"/>
    <testcase time="0.000999999999748979" classname="ds.gamlss_smk_mod4" name="gamlss_WEIGHT_GAIN"/>
    <testcase time="0.00199999999995271" classname="ds.gamlss_smk_mod4" name="gamlss_WEIGHT_GAIN"/>
    <testcase time="0.00100000000020373" classname="ds.gamlss_smk_mod4" name="gamlss_WEIGHT_GAIN"/>
    <testcase time="0.00199999999995271" classname="ds.gamlss_smk_mod4" name="gamlss_WEIGHT_GAIN"/>
    <testcase time="0.00100000000020373" classname="ds.gamlss_smk_mod4" name="gamlss_WEIGHT_GAIN"/>
    <testcase time="0.00199999999995271" classname="ds.gamlss_smk_mod4" name="gamlss_WEIGHT_GAIN"/>
    <testcase time="0.000999999999748979" classname="ds.gamlss_smk_mod4" name="gamlss_WEIGHT_GAIN"/>
    <testcase time="0.00199999999995271" classname="ds.gamlss_smk_mod4" name="gamlss_WEIGHT_GAIN"/>
    <testcase time="0.00100000000020373" classname="ds.gamlss_smk_mod4" name="gamlss_WEIGHT_GAIN"/>
    <testcase time="0.00199999999995271" classname="ds.gamlss_smk_mod4" name="gamlss_WEIGHT_GAIN"/>
  </testsuite>
  <testsuite name="ds.gamlss::smk::shutdown" timestamp="2025-09-19T12:08:40Z" hostname="runnervmf4ws1" tests="3" skipped="0" failures="0" errors="0" time="0.048">
    <testcase time="0.0459999999998217" classname="ds.gamlss_smk_shutdown" name="shutdown"/>
    <testcase time="0.00100000000020373" classname="ds.gamlss_smk_shutdown" name="shutdown"/>
    <testcase time="0.00100000000020373" classname="ds.gamlss_smk_shutdown" name="shutdown"/>
  </testsuite>
  <testsuite name="ds.gamlss::smk::done" timestamp="2025-09-19T12:08:41Z" hostname="runnervmf4ws1" tests="0" skipped="0" failures="0" errors="0" time="0"/>
  <testsuite name="smk-ds.getWGSR" timestamp="2025-09-19T12:08:41Z" hostname="runnervmf4ws1" tests="0" skipped="0" failures="0" errors="0" time="0"/>
  <testsuite name="ds.getWGSR::smk::setup" timestamp="2025-09-19T12:08:41Z" hostname="runnervmf4ws1" tests="3" skipped="0" failures="0" errors="0" time="7.592">
    <testcase time="7.58999999999969" classname="ds.getWGSR_smk_setup" name="setup"/>
    <testcase time="0.00100000000020373" classname="ds.getWGSR_smk_setup" name="setup"/>
    <testcase time="0.000999999999748979" classname="ds.getWGSR_smk_setup" name="setup"/>
  </testsuite>
  <testsuite name="ds.getWGSR::smk" timestamp="2025-09-19T12:08:48Z" hostname="runnervmf4ws1" tests="21" skipped="0" failures="0" errors="0" time="3.023">
    <testcase time="2.88300000000027" classname="ds.getWGSR_smk" name="simple_getWGSR"/>
    <testcase time="0.00199999999995271" classname="ds.getWGSR_smk" name="simple_getWGSR"/>
    <testcase time="0.000999999999748979" classname="ds.getWGSR_smk" name="simple_getWGSR"/>
    <testcase time="0.00100000000020373" classname="ds.getWGSR_smk" name="simple_getWGSR"/>
    <testcase time="0.000999999999748979" classname="ds.getWGSR_smk" name="simple_getWGSR"/>
    <testcase time="0.0780000000004293" classname="ds.getWGSR_smk" name="simple_getWGSR"/>
    <testcase time="0.000999999999748979" classname="ds.getWGSR_smk" name="simple_getWGSR"/>
    <testcase time="0.00100000000020373" classname="ds.getWGSR_smk" name="simple_getWGSR"/>
    <testcase time="0.00199999999995271" classname="ds.getWGSR_smk" name="simple_getWGSR"/>
    <testcase time="0.000999999999748979" classname="ds.getWGSR_smk" name="simple_getWGSR"/>
    <testcase time="0.00100000000020373" classname="ds.getWGSR_smk" name="simple_getWGSR"/>
    <testcase time="0.000999999999748979" classname="ds.getWGSR_smk" name="simple_getWGSR"/>
    <testcase time="0.0399999999999636" classname="ds.getWGSR_smk" name="simple_getWGSR"/>
    <testcase time="0.00100000000020373" classname="ds.getWGSR_smk" name="simple_getWGSR"/>
    <testcase time="0.00199999999995271" classname="ds.getWGSR_smk" name="simple_getWGSR"/>
    <testcase time="0.00100000000020373" classname="ds.getWGSR_smk" name="simple_getWGSR"/>
    <testcase time="0.000999999999748979" classname="ds.getWGSR_smk" name="simple_getWGSR"/>
    <testcase time="0.00100000000020373" classname="ds.getWGSR_smk" name="simple_getWGSR"/>
    <testcase time="0.00199999999995271" classname="ds.getWGSR_smk" name="simple_getWGSR"/>
    <testcase time="0.000999999999748979" classname="ds.getWGSR_smk" name="simple_getWGSR"/>
    <testcase time="0.00100000000020373" classname="ds.getWGSR_smk" name="simple_getWGSR"/>
  </testsuite>
  <testsuite name="ds.getWGSR::smk::shutdown" timestamp="2025-09-19T12:08:51Z" hostname="runnervmf4ws1" tests="3" skipped="0" failures="0" errors="0" time="0.049">
    <testcase time="0.0459999999998217" classname="ds.getWGSR_smk_shutdown" name="shutdown"/>
    <testcase time="0.00100000000020373" classname="ds.getWGSR_smk_shutdown" name="shutdown"/>
    <testcase time="0.00199999999995271" classname="ds.getWGSR_smk_shutdown" name="shutdown"/>
  </testsuite>
  <testsuite name="ds.getWGSR::smk::done" timestamp="2025-09-19T12:08:51Z" hostname="runnervmf4ws1" tests="0" skipped="0" failures="0" errors="0" time="0"/>
  <testsuite name="smk-ds.glm-binomial" timestamp="2025-09-19T12:08:51Z" hostname="runnervmf4ws1" tests="0" skipped="0" failures="0" errors="0" time="0"/>
  <testsuite name="ds.glm::smk::binomial::setup" timestamp="2025-09-19T12:08:51Z" hostname="runnervmf4ws1" tests="3" skipped="0" failures="0" errors="0" time="7.466">
    <testcase time="7.46399999999994" classname="ds.glm_smk_binomial_setup" name="setup"/>
    <testcase time="0.00100000000020373" classname="ds.glm_smk_binomial_setup" name="setup"/>
    <testcase time="0.000999999999748979" classname="ds.glm_smk_binomial_setup" name="setup"/>
  </testsuite>
  <testsuite name="ds.glm::smk::binomial" timestamp="2025-09-19T12:08:59Z" hostname="runnervmf4ws1" tests="20" skipped="0" failures="0" errors="0" time="0.799">
    <testcase time="0.765000000000327" classname="ds.glm_smk_binomial" name="glm_binomial"/>
    <testcase time="0.00199999999995271" classname="ds.glm_smk_binomial" name="glm_binomial"/>
    <testcase time="0.000999999999748979" classname="ds.glm_smk_binomial" name="glm_binomial"/>
    <testcase time="0.00100000000020373" classname="ds.glm_smk_binomial" name="glm_binomial"/>
    <testcase time="0.000999999999748979" classname="ds.glm_smk_binomial" name="glm_binomial"/>
    <testcase time="0.00100000000020373" classname="ds.glm_smk_binomial" name="glm_binomial"/>
    <testcase time="0.00199999999995271" classname="ds.glm_smk_binomial" name="glm_binomial"/>
    <testcase time="0.00100000000020373" classname="ds.glm_smk_binomial" name="glm_binomial"/>
    <testcase time="0.000999999999748979" classname="ds.glm_smk_binomial" name="glm_binomial"/>
    <testcase time="0.00100000000020373" classname="ds.glm_smk_binomial" name="glm_binomial"/>
    <testcase time="0.00199999999995271" classname="ds.glm_smk_binomial" name="glm_binomial"/>
    <testcase time="0.000999999999748979" classname="ds.glm_smk_binomial" name="glm_binomial"/>
    <testcase time="0.00800000000026557" classname="ds.glm_smk_binomial" name="glm_binomial"/>
    <testcase time="0.000999999999748979" classname="ds.glm_smk_binomial" name="glm_binomial"/>
    <testcase time="0.00300000000015643" classname="ds.glm_smk_binomial" name="glm_binomial"/>
    <testcase time="0.000999999999748979" classname="ds.glm_smk_binomial" name="glm_binomial"/>
    <testcase time="0.00300000000015643" classname="ds.glm_smk_binomial" name="glm_binomial"/>
    <testcase time="0.00100000000020373" classname="ds.glm_smk_binomial" name="glm_binomial"/>
    <testcase time="0.000999999999748979" classname="ds.glm_smk_binomial" name="glm_binomial"/>
    <testcase time="0.00199999999995271" classname="ds.glm_smk_binomial" name="glm_binomial"/>
  </testsuite>
  <testsuite name="ds.glm::smk::binomial, with check" timestamp="2025-09-19T12:08:59Z" hostname="runnervmf4ws1" tests="21" skipped="0" failures="0" errors="0" time="1.492">
    <testcase time="1.46500000000015" classname="ds.glm_smk_binomial_with_check" name="glm_binomial_with_check"/>
    <testcase time="0.00100000000020373" classname="ds.glm_smk_binomial_with_check" name="glm_binomial_with_check"/>
    <testcase time="0.000999999999748979" classname="ds.glm_smk_binomial_with_check" name="glm_binomial_with_check"/>
    <testcase time="0.00100000000020373" classname="ds.glm_smk_binomial_with_check" name="glm_binomial_with_check"/>
    <testcase time="0.00199999999995271" classname="ds.glm_smk_binomial_with_check" name="glm_binomial_with_check"/>
    <testcase time="0.000999999999748979" classname="ds.glm_smk_binomial_with_check" name="glm_binomial_with_check"/>
    <testcase time="0.00100000000020373" classname="ds.glm_smk_binomial_with_check" name="glm_binomial_with_check"/>
    <testcase time="0.000999999999748979" classname="ds.glm_smk_binomial_with_check" name="glm_binomial_with_check"/>
    <testcase time="0.00100000000020373" classname="ds.glm_smk_binomial_with_check" name="glm_binomial_with_check"/>
    <testcase time="0.00199999999995271" classname="ds.glm_smk_binomial_with_check" name="glm_binomial_with_check"/>
    <testcase time="0.00100000000020373" classname="ds.glm_smk_binomial_with_check" name="glm_binomial_with_check"/>
    <testcase time="0.000999999999748979" classname="ds.glm_smk_binomial_with_check" name="glm_binomial_with_check"/>
    <testcase time="0.00100000000020373" classname="ds.glm_smk_binomial_with_check" name="glm_binomial_with_check"/>
    <testcase time="0.000999999999748979" classname="ds.glm_smk_binomial_with_check" name="glm_binomial_with_check"/>
    <testcase time="0.00199999999995271" classname="ds.glm_smk_binomial_with_check" name="glm_binomial_with_check"/>
    <testcase time="0.00199999999995271" classname="ds.glm_smk_binomial_with_check" name="glm_binomial_with_check"/>
    <testcase time="0.00200000000040745" classname="ds.glm_smk_binomial_with_check" name="glm_binomial_with_check"/>
    <testcase time="0.00199999999995271" classname="ds.glm_smk_binomial_with_check" name="glm_binomial_with_check"/>
    <testcase time="0.000999999999748979" classname="ds.glm_smk_binomial_with_check" name="glm_binomial_with_check"/>
    <testcase time="0.00199999999995271" classname="ds.glm_smk_binomial_with_check" name="glm_binomial_with_check"/>
    <testcase time="0.00100000000020373" classname="ds.glm_smk_binomial_with_check" name="glm_binomial_with_check"/>
  </testsuite>
  <testsuite name="ds.glm::smk::binomial::shutdown" timestamp="2025-09-19T12:09:01Z" hostname="runnervmf4ws1" tests="3" skipped="0" failures="0" errors="0" time="0.05">
    <testcase time="0.0470000000000255" classname="ds.glm_smk_binomial_shutdown" name="shutdown"/>
    <testcase time="0.00199999999995271" classname="ds.glm_smk_binomial_shutdown" name="shutdown"/>
    <testcase time="0.000999999999748979" classname="ds.glm_smk_binomial_shutdown" name="shutdown"/>
  </testsuite>
  <testsuite name="ds.glm::smk::binomial::done" timestamp="2025-09-19T12:09:01Z" hostname="runnervmf4ws1" tests="0" skipped="0" failures="0" errors="0" time="0"/>
  <testsuite name="smk-ds.glm-gaussian" timestamp="2025-09-19T12:09:01Z" hostname="runnervmf4ws1" tests="0" skipped="0" failures="0" errors="0" time="0"/>
  <testsuite name="ds.glm::smk::gaussian::setup" timestamp="2025-09-19T12:09:01Z" hostname="runnervmf4ws1" tests="3" skipped="0" failures="0" errors="0" time="7.532">
    <testcase time="7.52900000000045" classname="ds.glm_smk_gaussian_setup" name="setup"/>
    <testcase time="0.00199999999995271" classname="ds.glm_smk_gaussian_setup" name="setup"/>
    <testcase time="0.000999999999748979" classname="ds.glm_smk_gaussian_setup" name="setup"/>
  </testsuite>
  <testsuite name="ds.glm::smk::gaussian" timestamp="2025-09-19T12:09:08Z" hostname="runnervmf4ws1" tests="20" skipped="0" failures="0" errors="0" time="0.343">
    <testcase time="0.317000000000007" classname="ds.glm_smk_gaussian" name="glm_gaussian"/>
    <testcase time="0.00199999999995271" classname="ds.glm_smk_gaussian" name="glm_gaussian"/>
    <testcase time="0.00100000000020373" classname="ds.glm_smk_gaussian" name="glm_gaussian"/>
    <testcase time="0.000999999999748979" classname="ds.glm_smk_gaussian" name="glm_gaussian"/>
    <testcase time="0.00100000000020373" classname="ds.glm_smk_gaussian" name="glm_gaussian"/>
    <testcase time="0.00199999999995271" classname="ds.glm_smk_gaussian" name="glm_gaussian"/>
    <testcase time="0.00100000000020373" classname="ds.glm_smk_gaussian" name="glm_gaussian"/>
    <testcase time="0.000999999999748979" classname="ds.glm_smk_gaussian" name="glm_gaussian"/>
    <testcase time="0.00100000000020373" classname="ds.glm_smk_gaussian" name="glm_gaussian"/>
    <testcase time="0.000999999999748979" classname="ds.glm_smk_gaussian" name="glm_gaussian"/>
    <testcase time="0.00199999999995271" classname="ds.glm_smk_gaussian" name="glm_gaussian"/>
    <testcase time="0.00100000000020373" classname="ds.glm_smk_gaussian" name="glm_gaussian"/>
    <testcase time="0.000999999999748979" classname="ds.glm_smk_gaussian" name="glm_gaussian"/>
    <testcase time="0.00100000000020373" classname="ds.glm_smk_gaussian" name="glm_gaussian"/>
    <testcase time="0.00300000000015643" classname="ds.glm_smk_gaussian" name="glm_gaussian"/>
    <testcase time="0.000999999999748979" classname="ds.glm_smk_gaussian" name="glm_gaussian"/>
    <testcase time="0.00300000000015643" classname="ds.glm_smk_gaussian" name="glm_gaussian"/>
    <testcase time="0.000999999999748979" classname="ds.glm_smk_gaussian" name="glm_gaussian"/>
    <testcase time="0.00100000000020373" classname="ds.glm_smk_gaussian" name="glm_gaussian"/>
    <testcase time="0.000999999999748979" classname="ds.glm_smk_gaussian" name="glm_gaussian"/>
  </testsuite>
  <testsuite name="ds.glm::smk::gaussian, with check" timestamp="2025-09-19T12:09:09Z" hostname="runnervmf4ws1" tests="21" skipped="0" failures="0" errors="0" time="0.614">
    <testcase time="0.58600000000024" classname="ds.glm_smk_gaussian_with_check" name="glm_gaussian_with_check"/>
    <testcase time="0.00100000000020373" classname="ds.glm_smk_gaussian_with_check" name="glm_gaussian_with_check"/>
    <testcase time="0.00199999999995271" classname="ds.glm_smk_gaussian_with_check" name="glm_gaussian_with_check"/>
    <testcase time="0.000999999999748979" classname="ds.glm_smk_gaussian_with_check" name="glm_gaussian_with_check"/>
    <testcase time="0.00100000000020373" classname="ds.glm_smk_gaussian_with_check" name="glm_gaussian_with_check"/>
    <testcase time="0.000999999999748979" classname="ds.glm_smk_gaussian_with_check" name="glm_gaussian_with_check"/>
    <testcase time="0.00100000000020373" classname="ds.glm_smk_gaussian_with_check" name="glm_gaussian_with_check"/>
    <testcase time="0.00199999999995271" classname="ds.glm_smk_gaussian_with_check" name="glm_gaussian_with_check"/>
    <testcase time="0.000999999999748979" classname="ds.glm_smk_gaussian_with_check" name="glm_gaussian_with_check"/>
    <testcase time="0.00100000000020373" classname="ds.glm_smk_gaussian_with_check" name="glm_gaussian_with_check"/>
    <testcase time="0.00100000000020373" classname="ds.glm_smk_gaussian_with_check" name="glm_gaussian_with_check"/>
    <testcase time="0.000999999999748979" classname="ds.glm_smk_gaussian_with_check" name="glm_gaussian_with_check"/>
    <testcase time="0.00199999999995271" classname="ds.glm_smk_gaussian_with_check" name="glm_gaussian_with_check"/>
    <testcase time="0.00100000000020373" classname="ds.glm_smk_gaussian_with_check" name="glm_gaussian_with_check"/>
    <testcase time="0.000999999999748979" classname="ds.glm_smk_gaussian_with_check" name="glm_gaussian_with_check"/>
    <testcase time="0.00300000000015643" classname="ds.glm_smk_gaussian_with_check" name="glm_gaussian_with_check"/>
    <testcase time="0.00100000000020373" classname="ds.glm_smk_gaussian_with_check" name="glm_gaussian_with_check"/>
    <testcase time="0.00299999999970169" classname="ds.glm_smk_gaussian_with_check" name="glm_gaussian_with_check"/>
    <testcase time="0.00100000000020373" classname="ds.glm_smk_gaussian_with_check" name="glm_gaussian_with_check"/>
    <testcase time="0.000999999999748979" classname="ds.glm_smk_gaussian_with_check" name="glm_gaussian_with_check"/>
    <testcase time="0.00199999999995271" classname="ds.glm_smk_gaussian_with_check" name="glm_gaussian_with_check"/>
  </testsuite>
  <testsuite name="ds.glm::smk::gaussian::shutdown" timestamp="2025-09-19T12:09:09Z" hostname="runnervmf4ws1" tests="3" skipped="0" failures="0" errors="0" time="0.049">
    <testcase time="0.0460000000002765" classname="ds.glm_smk_gaussian_shutdown" name="shutdown"/>
    <testcase time="0.00199999999995271" classname="ds.glm_smk_gaussian_shutdown" name="shutdown"/>
    <testcase time="0.000999999999748979" classname="ds.glm_smk_gaussian_shutdown" name="shutdown"/>
  </testsuite>
  <testsuite name="ds.glm::smk::gaussian::done" timestamp="2025-09-19T12:09:10Z" hostname="runnervmf4ws1" tests="0" skipped="0" failures="0" errors="0" time="0"/>
  <testsuite name="smk-ds.glm-poisson" timestamp="2025-09-19T12:09:10Z" hostname="runnervmf4ws1" tests="0" skipped="0" failures="0" errors="0" time="0"/>
  <testsuite name="ds.glm::smk::poisson::setup" timestamp="2025-09-19T12:09:10Z" hostname="runnervmf4ws1" tests="3" skipped="0" failures="0" errors="0" time="7.57">
    <testcase time="7.56600000000026" classname="ds.glm_smk_poisson_setup" name="setup"/>
    <testcase time="0.00199999999995271" classname="ds.glm_smk_poisson_setup" name="setup"/>
    <testcase time="0.00199999999995271" classname="ds.glm_smk_poisson_setup" name="setup"/>
  </testsuite>
  <testsuite name="ds.glm::smk::poisson" timestamp="2025-09-19T12:09:17Z" hostname="runnervmf4ws1" tests="20" skipped="0" failures="0" errors="0" time="0.811">
    <testcase time="0.782999999999902" classname="ds.glm_smk_poisson" name="glm_gaussian"/>
    <testcase time="0.00199999999995271" classname="ds.glm_smk_poisson" name="glm_gaussian"/>
    <testcase time="0.00100000000020373" classname="ds.glm_smk_poisson" name="glm_gaussian"/>
    <testcase time="0.00100000000020373" classname="ds.glm_smk_poisson" name="glm_gaussian"/>
    <testcase time="0.000999999999748979" classname="ds.glm_smk_poisson" name="glm_gaussian"/>
    <testcase time="0.00199999999995271" classname="ds.glm_smk_poisson" name="glm_gaussian"/>
    <testcase time="0.00100000000020373" classname="ds.glm_smk_poisson" name="glm_gaussian"/>
    <testcase time="0.00199999999995271" classname="ds.glm_smk_poisson" name="glm_gaussian"/>
    <testcase time="0.000999999999748979" classname="ds.glm_smk_poisson" name="glm_gaussian"/>
    <testcase time="0.00100000000020373" classname="ds.glm_smk_poisson" name="glm_gaussian"/>
    <testcase time="0.00199999999995271" classname="ds.glm_smk_poisson" name="glm_gaussian"/>
    <testcase time="0.00100000000020373" classname="ds.glm_smk_poisson" name="glm_gaussian"/>
    <testcase time="0.000999999999748979" classname="ds.glm_smk_poisson" name="glm_gaussian"/>
    <testcase time="0.00100000000020373" classname="ds.glm_smk_poisson" name="glm_gaussian"/>
    <testcase time="0.00299999999970169" classname="ds.glm_smk_poisson" name="glm_gaussian"/>
    <testcase time="0.00100000000020373" classname="ds.glm_smk_poisson" name="glm_gaussian"/>
    <testcase time="0.00300000000015643" classname="ds.glm_smk_poisson" name="glm_gaussian"/>
    <testcase time="0.000999999999748979" classname="ds.glm_smk_poisson" name="glm_gaussian"/>
    <testcase time="0.00199999999995271" classname="ds.glm_smk_poisson" name="glm_gaussian"/>
    <testcase time="0.00100000000020373" classname="ds.glm_smk_poisson" name="glm_gaussian"/>
  </testsuite>
  <testsuite name="ds.glm::smk::poisson, with check" timestamp="2025-09-19T12:09:18Z" hostname="runnervmf4ws1" tests="21" skipped="0" failures="0" errors="0" time="1.264">
    <testcase time="1.23700000000008" classname="ds.glm_smk_poisson_with_check" name="glm_gaussian_which_check"/>
    <testcase time="0.000999999999748979" classname="ds.glm_smk_poisson_with_check" name="glm_gaussian_which_check"/>
    <testcase time="0.000999999999748979" classname="ds.glm_smk_poisson_with_check" name="glm_gaussian_which_check"/>
    <testcase time="0.00100000000020373" classname="ds.glm_smk_poisson_with_check" name="glm_gaussian_which_check"/>
    <testcase time="0.000999999999748979" classname="ds.glm_smk_poisson_with_check" name="glm_gaussian_which_check"/>
    <testcase time="0.00100000000020373" classname="ds.glm_smk_poisson_with_check" name="glm_gaussian_which_check"/>
    <testcase time="0.00199999999995271" classname="ds.glm_smk_poisson_with_check" name="glm_gaussian_which_check"/>
    <testcase time="0.00100000000020373" classname="ds.glm_smk_poisson_with_check" name="glm_gaussian_which_check"/>
    <testcase time="0.000999999999748979" classname="ds.glm_smk_poisson_with_check" name="glm_gaussian_which_check"/>
    <testcase time="0.00100000000020373" classname="ds.glm_smk_poisson_with_check" name="glm_gaussian_which_check"/>
    <testcase time="0.000999999999748979" classname="ds.glm_smk_poisson_with_check" name="glm_gaussian_which_check"/>
    <testcase time="0.00199999999995271" classname="ds.glm_smk_poisson_with_check" name="glm_gaussian_which_check"/>
    <testcase time="0.00100000000020373" classname="ds.glm_smk_poisson_with_check" name="glm_gaussian_which_check"/>
    <testcase time="0.000999999999748979" classname="ds.glm_smk_poisson_with_check" name="glm_gaussian_which_check"/>
    <testcase time="0.00100000000020373" classname="ds.glm_smk_poisson_with_check" name="glm_gaussian_which_check"/>
    <testcase time="0.00300000000015643" classname="ds.glm_smk_poisson_with_check" name="glm_gaussian_which_check"/>
    <testcase time="0.000999999999748979" classname="ds.glm_smk_poisson_with_check" name="glm_gaussian_which_check"/>
    <testcase time="0.00300000000015643" classname="ds.glm_smk_poisson_with_check" name="glm_gaussian_which_check"/>
    <testcase time="0.000999999999748979" classname="ds.glm_smk_poisson_with_check" name="glm_gaussian_which_check"/>
    <testcase time="0.00100000000020373" classname="ds.glm_smk_poisson_with_check" name="glm_gaussian_which_check"/>
    <testcase time="0.00199999999995271" classname="ds.glm_smk_poisson_with_check" name="glm_gaussian_which_check"/>
  </testsuite>
  <testsuite name="ds.glm::smk::poisson::shutdown" timestamp="2025-09-19T12:09:19Z" hostname="runnervmf4ws1" tests="3" skipped="0" failures="0" errors="0" time="0.048">
    <testcase time="0.0450000000000728" classname="ds.glm_smk_poisson_shutdown" name="shutdown"/>
    <testcase time="0.00199999999995271" classname="ds.glm_smk_poisson_shutdown" name="shutdown"/>
    <testcase time="0.00100000000020373" classname="ds.glm_smk_poisson_shutdown" name="shutdown"/>
  </testsuite>
  <testsuite name="ds.glm::smk::poisson::done" timestamp="2025-09-19T12:09:19Z" hostname="runnervmf4ws1" tests="0" skipped="0" failures="0" errors="0" time="0"/>
  <testsuite name="smk-ds.glmerSLMA" timestamp="2025-09-19T12:09:19Z" hostname="runnervmf4ws1" tests="0" skipped="0" failures="0" errors="0" time="0"/>
  <testsuite name="ds.glmerSLMA::smk::setup - phase 1" timestamp="2025-09-19T12:09:19Z" hostname="runnervmf4ws1" tests="3" skipped="0" failures="0" errors="0" time="7.585">
    <testcase time="7.58199999999988" classname="ds.glmerSLMA_smk_setup_phase_1" name="setup"/>
    <testcase time="0.00199999999995271" classname="ds.glmerSLMA_smk_setup_phase_1" name="setup"/>
    <testcase time="0.000999999999748979" classname="ds.glmerSLMA_smk_setup_phase_1" name="setup"/>
  </testsuite>
  <testsuite name="ds.glmerSLMA::smk::phase 1" timestamp="2025-09-19T12:09:27Z" hostname="runnervmf4ws1" tests="10" skipped="0" failures="0" errors="0" time="5.511">
    <testcase time="0.452000000000226" classname="ds.glmerSLMA_smk_phase_1" name="simple_glmerSLMA_tesing_mis_use_of_arguments"/>
    <testcase time="0.914000000000215" classname="ds.glmerSLMA_smk_phase_1" name="simple_glmerSLMA_tesing_mis_use_of_arguments"/>
    <testcase time="0.983999999999924" classname="ds.glmerSLMA_smk_phase_1" name="test_offsets_and_weights"/>
    <testcase time="0.360999999999876" classname="ds.glmerSLMA_smk_phase_1" name="test_offsets_and_weights"/>
    <testcase time="0.364999999999782" classname="ds.glmerSLMA_smk_phase_1" name="test_offsets_and_weights"/>
    <testcase time="0.356999999999971" classname="ds.glmerSLMA_smk_phase_1" name="test_offsets_and_weights"/>
    <testcase time="0.524000000000342" classname="ds.glmerSLMA_smk_phase_1" name="alternative_formulae_for_nested_groups"/>
    <testcase time="0.518000000000029" classname="ds.glmerSLMA_smk_phase_1" name="alternative_formulae_for_nested_groups"/>
    <testcase time="0.367999999999938" classname="ds.glmerSLMA_smk_phase_1" name="simple_glmerSLMA"/>
    <testcase time="0.66800000000012" classname="ds.glmerSLMA_smk_phase_1" name="simple_glmerSLMA_with_assign_TRUE"/>
  </testsuite>
  <testsuite name="ds.glmerSLMA::smk::shutdown - phase 1" timestamp="2025-09-19T12:09:32Z" hostname="runnervmf4ws1" tests="3" skipped="0" failures="0" errors="0" time="0.05">
    <testcase time="0.0469999999995707" classname="ds.glmerSLMA_smk_shutdown_phase_1" name="setup"/>
    <testcase time="0.00200000000040745" classname="ds.glmerSLMA_smk_shutdown_phase_1" name="setup"/>
    <testcase time="0.000999999999748979" classname="ds.glmerSLMA_smk_shutdown_phase_1" name="setup"/>
  </testsuite>
  <testsuite name="ds.glmerSLMA::smk::setup - phase 2" timestamp="2025-09-19T12:09:33Z" hostname="runnervmf4ws1" tests="3" skipped="0" failures="0" errors="0" time="7.703">
    <testcase time="7.70000000000027" classname="ds.glmerSLMA_smk_setup_phase_2" name="setup"/>
    <testcase time="0.00199999999995271" classname="ds.glmerSLMA_smk_setup_phase_2" name="setup"/>
    <testcase time="0.000999999999748979" classname="ds.glmerSLMA_smk_setup_phase_2" name="setup"/>
  </testsuite>
  <testsuite name="ds.glmerSLMA::smk::test - phase 2" timestamp="2025-09-19T12:09:40Z" hostname="runnervmf4ws1" tests="54" skipped="0" failures="0" errors="0" time="9.59">
    <testcase time="4.75800000000027" classname="ds.glmerSLMA_smk_test_phase_2" name="check_slope_formulae_1"/>
    <testcase time="0.000999999999748979" classname="ds.glmerSLMA_smk_test_phase_2" name="check_slope_formulae_1"/>
    <testcase time="0.00100000000020373" classname="ds.glmerSLMA_smk_test_phase_2" name="check_slope_formulae_1"/>
    <testcase time="0.000999999999748979" classname="ds.glmerSLMA_smk_test_phase_2" name="check_slope_formulae_1"/>
    <testcase time="0.00199999999995271" classname="ds.glmerSLMA_smk_test_phase_2" name="check_slope_formulae_1"/>
    <testcase time="0.00100000000020373" classname="ds.glmerSLMA_smk_test_phase_2" name="check_slope_formulae_1"/>
    <testcase time="0.000999999999748979" classname="ds.glmerSLMA_smk_test_phase_2" name="check_slope_formulae_1"/>
    <testcase time="0.00300000000015643" classname="ds.glmerSLMA_smk_test_phase_2" name="check_slope_formulae_1"/>
    <testcase time="0.00300000000015643" classname="ds.glmerSLMA_smk_test_phase_2" name="check_slope_formulae_1"/>
    <testcase time="0.000999999999748979" classname="ds.glmerSLMA_smk_test_phase_2" name="check_slope_formulae_1"/>
    <testcase time="0.00100000000020373" classname="ds.glmerSLMA_smk_test_phase_2" name="check_slope_formulae_1"/>
    <testcase time="0.00300000000015643" classname="ds.glmerSLMA_smk_test_phase_2" name="check_slope_formulae_1"/>
    <testcase time="0.0119999999997162" classname="ds.glmerSLMA_smk_test_phase_2" name="check_slope_formulae_1"/>
    <testcase time="0.00100000000020373" classname="ds.glmerSLMA_smk_test_phase_2" name="check_slope_formulae_1"/>
    <testcase time="0.000999999999748979" classname="ds.glmerSLMA_smk_test_phase_2" name="check_slope_formulae_1"/>
    <testcase time="0.00300000000015643" classname="ds.glmerSLMA_smk_test_phase_2" name="check_slope_formulae_1"/>
    <testcase time="0.00300000000015643" classname="ds.glmerSLMA_smk_test_phase_2" name="check_slope_formulae_1"/>
    <testcase time="0.000999999999748979" classname="ds.glmerSLMA_smk_test_phase_2" name="check_slope_formulae_1"/>
    <testcase time="0.00100000000020373" classname="ds.glmerSLMA_smk_test_phase_2" name="check_slope_formulae_1"/>
    <testcase time="0.00299999999970169" classname="ds.glmerSLMA_smk_test_phase_2" name="check_slope_formulae_1"/>
    <testcase time="0.00199999999995271" classname="ds.glmerSLMA_smk_test_phase_2" name="check_slope_formulae_1"/>
    <testcase time="0.00100000000020373" classname="ds.glmerSLMA_smk_test_phase_2" name="check_slope_formulae_1"/>
    <testcase time="0.00199999999995271" classname="ds.glmerSLMA_smk_test_phase_2" name="check_slope_formulae_1"/>
    <testcase time="0.00199999999995271" classname="ds.glmerSLMA_smk_test_phase_2" name="check_slope_formulae_1"/>
    <testcase time="0.00300000000015643" classname="ds.glmerSLMA_smk_test_phase_2" name="check_slope_formulae_1"/>
    <testcase time="0.000999999999748979" classname="ds.glmerSLMA_smk_test_phase_2" name="check_slope_formulae_1"/>
    <testcase time="0.00100000000020373" classname="ds.glmerSLMA_smk_test_phase_2" name="check_slope_formulae_1"/>
    <testcase time="4.73000000000002" classname="ds.glmerSLMA_smk_test_phase_2" name="check_slope_formulae_2"/>
    <testcase time="0.00100000000020373" classname="ds.glmerSLMA_smk_test_phase_2" name="check_slope_formulae_2"/>
    <testcase time="0.000999999999748979" classname="ds.glmerSLMA_smk_test_phase_2" name="check_slope_formulae_2"/>
    <testcase time="0.00199999999995271" classname="ds.glmerSLMA_smk_test_phase_2" name="check_slope_formulae_2"/>
    <testcase time="0.00100000000020373" classname="ds.glmerSLMA_smk_test_phase_2" name="check_slope_formulae_2"/>
    <testcase time="0.000999999999748979" classname="ds.glmerSLMA_smk_test_phase_2" name="check_slope_formulae_2"/>
    <testcase time="0.00199999999995271" classname="ds.glmerSLMA_smk_test_phase_2" name="check_slope_formulae_2"/>
    <testcase time="0.00300000000015643" classname="ds.glmerSLMA_smk_test_phase_2" name="check_slope_formulae_2"/>
    <testcase time="0.00199999999995271" classname="ds.glmerSLMA_smk_test_phase_2" name="check_slope_formulae_2"/>
    <testcase time="0.00199999999995271" classname="ds.glmerSLMA_smk_test_phase_2" name="check_slope_formulae_2"/>
    <testcase time="0.00100000000020373" classname="ds.glmerSLMA_smk_test_phase_2" name="check_slope_formulae_2"/>
    <testcase time="0.00299999999970169" classname="ds.glmerSLMA_smk_test_phase_2" name="check_slope_formulae_2"/>
    <testcase time="0.00200000000040745" classname="ds.glmerSLMA_smk_test_phase_2" name="check_slope_formulae_2"/>
    <testcase time="0.00199999999995271" classname="ds.glmerSLMA_smk_test_phase_2" name="check_slope_formulae_2"/>
    <testcase time="0.000999999999748979" classname="ds.glmerSLMA_smk_test_phase_2" name="check_slope_formulae_2"/>
    <testcase time="0.00300000000015643" classname="ds.glmerSLMA_smk_test_phase_2" name="check_slope_formulae_2"/>
    <testcase time="0.00199999999995271" classname="ds.glmerSLMA_smk_test_phase_2" name="check_slope_formulae_2"/>
    <testcase time="0.00199999999995271" classname="ds.glmerSLMA_smk_test_phase_2" name="check_slope_formulae_2"/>
    <testcase time="0.00100000000020373" classname="ds.glmerSLMA_smk_test_phase_2" name="check_slope_formulae_2"/>
    <testcase time="0.00299999999970169" classname="ds.glmerSLMA_smk_test_phase_2" name="check_slope_formulae_2"/>
    <testcase time="0.00199999999995271" classname="ds.glmerSLMA_smk_test_phase_2" name="check_slope_formulae_2"/>
    <testcase time="0.000999999999748979" classname="ds.glmerSLMA_smk_test_phase_2" name="check_slope_formulae_2"/>
    <testcase time="0.00100000000020373" classname="ds.glmerSLMA_smk_test_phase_2" name="check_slope_formulae_2"/>
    <testcase time="0.00300000000015643" classname="ds.glmerSLMA_smk_test_phase_2" name="check_slope_formulae_2"/>
    <testcase time="0.00299999999970169" classname="ds.glmerSLMA_smk_test_phase_2" name="check_slope_formulae_2"/>
    <testcase time="0.00100000000020373" classname="ds.glmerSLMA_smk_test_phase_2" name="check_slope_formulae_2"/>
    <testcase time="0.000999999999748979" classname="ds.glmerSLMA_smk_test_phase_2" name="check_slope_formulae_2"/>
  </testsuite>
  <testsuite name="ds.glmerSLMA::smk::shutdown - phase 2" timestamp="2025-09-19T12:09:50Z" hostname="runnervmf4ws1" tests="3" skipped="0" failures="0" errors="0" time="0.05">
    <testcase time="0.0480000000002292" classname="ds.glmerSLMA_smk_shutdown_phase_2" name="setup"/>
    <testcase time="0.000999999999748979" classname="ds.glmerSLMA_smk_shutdown_phase_2" name="setup"/>
    <testcase time="0.00100000000020373" classname="ds.glmerSLMA_smk_shutdown_phase_2" name="setup"/>
  </testsuite>
  <testsuite name="ds.glmerSLMA::smk::done" timestamp="2025-09-19T12:09:50Z" hostname="runnervmf4ws1" tests="0" skipped="0" failures="0" errors="0" time="0"/>
  <testsuite name="smk-ds.glmPredict-binomial" timestamp="2025-09-19T12:09:50Z" hostname="runnervmf4ws1" tests="0" skipped="0" failures="0" errors="0" time="0"/>
  <testsuite name="ds.glmPredict::smk::binomial::setup" timestamp="2025-09-19T12:09:50Z" hostname="runnervmf4ws1" tests="3" skipped="0" failures="0" errors="0" time="7.517">
    <testcase time="7.51400000000012" classname="ds.glmPredict_smk_binomial_setup" name="setup"/>
    <testcase time="0.00199999999995271" classname="ds.glmPredict_smk_binomial_setup" name="setup"/>
    <testcase time="0.000999999999748979" classname="ds.glmPredict_smk_binomial_setup" name="setup"/>
  </testsuite>
  <testsuite name="ds.glmPredict::smk::binomial::without_newobj" timestamp="2025-09-19T12:09:57Z" hostname="runnervmf4ws1" tests="69" skipped="0" failures="0" errors="0" time="0.656">
    <testcase time="0.342000000000098" classname="ds.glmPredict_smk_binomial_without_newobj" name="simple_glmPredict_binomial_without_newobj_se.fit_FALSE"/>
    <testcase time="0.00199999999995271" classname="ds.glmPredict_smk_binomial_without_newobj" name="simple_glmPredict_binomial_without_newobj_se.fit_FALSE"/>
    <testcase time="0.00100000000020373" classname="ds.glmPredict_smk_binomial_without_newobj" name="simple_glmPredict_binomial_without_newobj_se.fit_FALSE"/>
    <testcase time="0.000999999999748979" classname="ds.glmPredict_smk_binomial_without_newobj" name="simple_glmPredict_binomial_without_newobj_se.fit_FALSE"/>
    <testcase time="0.217000000000098" classname="ds.glmPredict_smk_binomial_without_newobj" name="simple_glmPredict_binomial_without_newobj_se.fit_FALSE"/>
    <testcase time="0.00100000000020373" classname="ds.glmPredict_smk_binomial_without_newobj" name="simple_glmPredict_binomial_without_newobj_se.fit_FALSE"/>
    <testcase time="0.000999999999748979" classname="ds.glmPredict_smk_binomial_without_newobj" name="simple_glmPredict_binomial_without_newobj_se.fit_FALSE"/>
    <testcase time="0.00199999999995271" classname="ds.glmPredict_smk_binomial_without_newobj" name="simple_glmPredict_binomial_without_newobj_se.fit_FALSE"/>
    <testcase time="0.00100000000020373" classname="ds.glmPredict_smk_binomial_without_newobj" name="simple_glmPredict_binomial_without_newobj_se.fit_FALSE"/>
    <testcase time="0.00100000000020373" classname="ds.glmPredict_smk_binomial_without_newobj" name="simple_glmPredict_binomial_without_newobj_se.fit_FALSE"/>
    <testcase time="0.00299999999970169" classname="ds.glmPredict_smk_binomial_without_newobj" name="simple_glmPredict_binomial_without_newobj_se.fit_FALSE"/>
    <testcase time="0.00100000000020373" classname="ds.glmPredict_smk_binomial_without_newobj" name="simple_glmPredict_binomial_without_newobj_se.fit_FALSE"/>
    <testcase time="0.00199999999995271" classname="ds.glmPredict_smk_binomial_without_newobj" name="simple_glmPredict_binomial_without_newobj_se.fit_FALSE"/>
    <testcase time="0.00199999999995271" classname="ds.glmPredict_smk_binomial_without_newobj" name="simple_glmPredict_binomial_without_newobj_se.fit_FALSE"/>
    <testcase time="0.000999999999748979" classname="ds.glmPredict_smk_binomial_without_newobj" name="simple_glmPredict_binomial_without_newobj_se.fit_FALSE"/>
    <testcase time="0.00100000000020373" classname="ds.glmPredict_smk_binomial_without_newobj" name="simple_glmPredict_binomial_without_newobj_se.fit_FALSE"/>
    <testcase time="0.00100000000020373" classname="ds.glmPredict_smk_binomial_without_newobj" name="simple_glmPredict_binomial_without_newobj_se.fit_FALSE"/>
    <testcase time="0.00199999999995271" classname="ds.glmPredict_smk_binomial_without_newobj" name="simple_glmPredict_binomial_without_newobj_se.fit_FALSE"/>
    <testcase time="0.000999999999748979" classname="ds.glmPredict_smk_binomial_without_newobj" name="simple_glmPredict_binomial_without_newobj_se.fit_FALSE"/>
    <testcase time="0.00100000000020373" classname="ds.glmPredict_smk_binomial_without_newobj" name="simple_glmPredict_binomial_without_newobj_se.fit_FALSE"/>
    <testcase time="0.00199999999995271" classname="ds.glmPredict_smk_binomial_without_newobj" name="simple_glmPredict_binomial_without_newobj_se.fit_FALSE"/>
    <testcase time="0.000999999999748979" classname="ds.glmPredict_smk_binomial_without_newobj" name="simple_glmPredict_binomial_without_newobj_se.fit_FALSE"/>
    <testcase time="0.00100000000020373" classname="ds.glmPredict_smk_binomial_without_newobj" name="simple_glmPredict_binomial_without_newobj_se.fit_FALSE"/>
    <testcase time="0.00199999999995271" classname="ds.glmPredict_smk_binomial_without_newobj" name="simple_glmPredict_binomial_without_newobj_se.fit_FALSE"/>
    <testcase time="0.00100000000020373" classname="ds.glmPredict_smk_binomial_without_newobj" name="simple_glmPredict_binomial_without_newobj_se.fit_FALSE"/>
    <testcase time="0.000999999999748979" classname="ds.glmPredict_smk_binomial_without_newobj" name="simple_glmPredict_binomial_without_newobj_se.fit_FALSE"/>
    <testcase time="0.00199999999995271" classname="ds.glmPredict_smk_binomial_without_newobj" name="simple_glmPredict_binomial_without_newobj_se.fit_FALSE"/>
    <testcase time="0.00100000000020373" classname="ds.glmPredict_smk_binomial_without_newobj" name="simple_glmPredict_binomial_without_newobj_se.fit_FALSE"/>
    <testcase time="0.000999999999748979" classname="ds.glmPredict_smk_binomial_without_newobj" name="simple_glmPredict_binomial_without_newobj_se.fit_FALSE"/>
    <testcase time="0.00100000000020373" classname="ds.glmPredict_smk_binomial_without_newobj" name="simple_glmPredict_binomial_without_newobj_se.fit_FALSE"/>
    <testcase time="0.00100000000020373" classname="ds.glmPredict_smk_binomial_without_newobj" name="simple_glmPredict_binomial_without_newobj_se.fit_FALSE"/>
    <testcase time="0.00299999999970169" classname="ds.glmPredict_smk_binomial_without_newobj" name="simple_glmPredict_binomial_without_newobj_se.fit_FALSE"/>
    <testcase time="0.00100000000020373" classname="ds.glmPredict_smk_binomial_without_newobj" name="simple_glmPredict_binomial_without_newobj_se.fit_FALSE"/>
    <testcase time="0.00299999999970169" classname="ds.glmPredict_smk_binomial_without_newobj" name="simple_glmPredict_binomial_without_newobj_se.fit_FALSE"/>
    <testcase time="0.00100000000020373" classname="ds.glmPredict_smk_binomial_without_newobj" name="simple_glmPredict_binomial_without_newobj_se.fit_FALSE"/>
    <testcase time="0.00199999999995271" classname="ds.glmPredict_smk_binomial_without_newobj" name="simple_glmPredict_binomial_without_newobj_se.fit_FALSE"/>
    <testcase time="0.00100000000020373" classname="ds.glmPredict_smk_binomial_without_newobj" name="simple_glmPredict_binomial_without_newobj_se.fit_FALSE"/>
    <testcase time="0.000999999999748979" classname="ds.glmPredict_smk_binomial_without_newobj" name="simple_glmPredict_binomial_without_newobj_se.fit_FALSE"/>
    <testcase time="0.00199999999995271" classname="ds.glmPredict_smk_binomial_without_newobj" name="simple_glmPredict_binomial_without_newobj_se.fit_FALSE"/>
    <testcase time="0.00100000000020373" classname="ds.glmPredict_smk_binomial_without_newobj" name="simple_glmPredict_binomial_without_newobj_se.fit_FALSE"/>
    <testcase time="0.000999999999748979" classname="ds.glmPredict_smk_binomial_without_newobj" name="simple_glmPredict_binomial_without_newobj_se.fit_FALSE"/>
    <testcase time="0.00199999999995271" classname="ds.glmPredict_smk_binomial_without_newobj" name="simple_glmPredict_binomial_without_newobj_se.fit_FALSE"/>
    <testcase time="0.00100000000020373" classname="ds.glmPredict_smk_binomial_without_newobj" name="simple_glmPredict_binomial_without_newobj_se.fit_FALSE"/>
    <testcase time="0.00100000000020373" classname="ds.glmPredict_smk_binomial_without_newobj" name="simple_glmPredict_binomial_without_newobj_se.fit_FALSE"/>
    <testcase time="0.00199999999995271" classname="ds.glmPredict_smk_binomial_without_newobj" name="simple_glmPredict_binomial_without_newobj_se.fit_FALSE"/>
    <testcase time="0.000999999999748979" classname="ds.glmPredict_smk_binomial_without_newobj" name="simple_glmPredict_binomial_without_newobj_se.fit_FALSE"/>
    <testcase time="0.00100000000020373" classname="ds.glmPredict_smk_binomial_without_newobj" name="simple_glmPredict_binomial_without_newobj_se.fit_FALSE"/>
    <testcase time="0.00199999999995271" classname="ds.glmPredict_smk_binomial_without_newobj" name="simple_glmPredict_binomial_without_newobj_se.fit_FALSE"/>
    <testcase time="0.000999999999748979" classname="ds.glmPredict_smk_binomial_without_newobj" name="simple_glmPredict_binomial_without_newobj_se.fit_FALSE"/>
    <testcase time="0.00100000000020373" classname="ds.glmPredict_smk_binomial_without_newobj" name="simple_glmPredict_binomial_without_newobj_se.fit_FALSE"/>
    <testcase time="0.00199999999995271" classname="ds.glmPredict_smk_binomial_without_newobj" name="simple_glmPredict_binomial_without_newobj_se.fit_FALSE"/>
    <testcase time="0.00100000000020373" classname="ds.glmPredict_smk_binomial_without_newobj" name="simple_glmPredict_binomial_without_newobj_se.fit_FALSE"/>
    <testcase time="0.00299999999970169" classname="ds.glmPredict_smk_binomial_without_newobj" name="simple_glmPredict_binomial_without_newobj_se.fit_FALSE"/>
    <testcase time="0.00100000000020373" classname="ds.glmPredict_smk_binomial_without_newobj" name="simple_glmPredict_binomial_without_newobj_se.fit_FALSE"/>
    <testcase time="0.00300000000015643" classname="ds.glmPredict_smk_binomial_without_newobj" name="simple_glmPredict_binomial_without_newobj_se.fit_FALSE"/>
    <testcase time="0.000999999999748979" classname="ds.glmPredict_smk_binomial_without_newobj" name="simple_glmPredict_binomial_without_newobj_se.fit_FALSE"/>
    <testcase time="0.00199999999995271" classname="ds.glmPredict_smk_binomial_without_newobj" name="simple_glmPredict_binomial_without_newobj_se.fit_FALSE"/>
    <testcase time="0.00100000000020373" classname="ds.glmPredict_smk_binomial_without_newobj" name="simple_glmPredict_binomial_without_newobj_se.fit_FALSE"/>
    <testcase time="0.000999999999748979" classname="ds.glmPredict_smk_binomial_without_newobj" name="simple_glmPredict_binomial_without_newobj_se.fit_FALSE"/>
    <testcase time="0.00199999999995271" classname="ds.glmPredict_smk_binomial_without_newobj" name="simple_glmPredict_binomial_without_newobj_se.fit_FALSE"/>
    <testcase time="0.00100000000020373" classname="ds.glmPredict_smk_binomial_without_newobj" name="simple_glmPredict_binomial_without_newobj_se.fit_FALSE"/>
    <testcase time="0.00199999999995271" classname="ds.glmPredict_smk_binomial_without_newobj" name="simple_glmPredict_binomial_without_newobj_se.fit_FALSE"/>
    <testcase time="0.00100000000020373" classname="ds.glmPredict_smk_binomial_without_newobj" name="simple_glmPredict_binomial_without_newobj_se.fit_FALSE"/>
    <testcase time="0.000999999999748979" classname="ds.glmPredict_smk_binomial_without_newobj" name="simple_glmPredict_binomial_without_newobj_se.fit_FALSE"/>
    <testcase time="0.00199999999995271" classname="ds.glmPredict_smk_binomial_without_newobj" name="simple_glmPredict_binomial_without_newobj_se.fit_FALSE"/>
    <testcase time="0.00100000000020373" classname="ds.glmPredict_smk_binomial_without_newobj" name="simple_glmPredict_binomial_without_newobj_se.fit_FALSE"/>
    <testcase time="0.00199999999995271" classname="ds.glmPredict_smk_binomial_without_newobj" name="simple_glmPredict_binomial_without_newobj_se.fit_FALSE"/>
    <testcase time="0.000999999999748979" classname="ds.glmPredict_smk_binomial_without_newobj" name="simple_glmPredict_binomial_without_newobj_se.fit_FALSE"/>
    <testcase time="0.00200000000040745" classname="ds.glmPredict_smk_binomial_without_newobj" name="simple_glmPredict_binomial_without_newobj_se.fit_FALSE"/>
  </testsuite>
  <testsuite name="ds.glmPredict::smk::binomial::with_newobj" timestamp="2025-09-19T12:09:58Z" hostname="runnervmf4ws1" tests="69" skipped="0" failures="0" errors="0" time="0.574">
    <testcase time="0.261999999999716" classname="ds.glmPredict_smk_binomial_with_newobj" name="simple_glmPredict_binomial_with_newobj_se.fit_FALSE"/>
    <testcase time="0.00100000000020373" classname="ds.glmPredict_smk_binomial_with_newobj" name="simple_glmPredict_binomial_with_newobj_se.fit_FALSE"/>
    <testcase time="0.000999999999748979" classname="ds.glmPredict_smk_binomial_with_newobj" name="simple_glmPredict_binomial_with_newobj_se.fit_FALSE"/>
    <testcase time="0.00100000000020373" classname="ds.glmPredict_smk_binomial_with_newobj" name="simple_glmPredict_binomial_with_newobj_se.fit_FALSE"/>
    <testcase time="0.217000000000098" classname="ds.glmPredict_smk_binomial_with_newobj" name="simple_glmPredict_binomial_with_newobj_se.fit_FALSE"/>
    <testcase time="0.00199999999995271" classname="ds.glmPredict_smk_binomial_with_newobj" name="simple_glmPredict_binomial_with_newobj_se.fit_FALSE"/>
    <testcase time="0.00100000000020373" classname="ds.glmPredict_smk_binomial_with_newobj" name="simple_glmPredict_binomial_with_newobj_se.fit_FALSE"/>
    <testcase time="0.000999999999748979" classname="ds.glmPredict_smk_binomial_with_newobj" name="simple_glmPredict_binomial_with_newobj_se.fit_FALSE"/>
    <testcase time="0.00100000000020373" classname="ds.glmPredict_smk_binomial_with_newobj" name="simple_glmPredict_binomial_with_newobj_se.fit_FALSE"/>
    <testcase time="0.000999999999748979" classname="ds.glmPredict_smk_binomial_with_newobj" name="simple_glmPredict_binomial_with_newobj_se.fit_FALSE"/>
    <testcase time="0.00300000000015643" classname="ds.glmPredict_smk_binomial_with_newobj" name="simple_glmPredict_binomial_with_newobj_se.fit_FALSE"/>
    <testcase time="0.00100000000020373" classname="ds.glmPredict_smk_binomial_with_newobj" name="simple_glmPredict_binomial_with_newobj_se.fit_FALSE"/>
    <testcase time="0.00299999999970169" classname="ds.glmPredict_smk_binomial_with_newobj" name="simple_glmPredict_binomial_with_newobj_se.fit_FALSE"/>
    <testcase time="0.00100000000020373" classname="ds.glmPredict_smk_binomial_with_newobj" name="simple_glmPredict_binomial_with_newobj_se.fit_FALSE"/>
    <testcase time="0.000999999999748979" classname="ds.glmPredict_smk_binomial_with_newobj" name="simple_glmPredict_binomial_with_newobj_se.fit_FALSE"/>
    <testcase time="0.00200000000040745" classname="ds.glmPredict_smk_binomial_with_newobj" name="simple_glmPredict_binomial_with_newobj_se.fit_FALSE"/>
    <testcase time="0.000999999999748979" classname="ds.glmPredict_smk_binomial_with_newobj" name="simple_glmPredict_binomial_with_newobj_se.fit_FALSE"/>
    <testcase time="0.00100000000020373" classname="ds.glmPredict_smk_binomial_with_newobj" name="simple_glmPredict_binomial_with_newobj_se.fit_FALSE"/>
    <testcase time="0.000999999999748979" classname="ds.glmPredict_smk_binomial_with_newobj" name="simple_glmPredict_binomial_with_newobj_se.fit_FALSE"/>
    <testcase time="0.00199999999995271" classname="ds.glmPredict_smk_binomial_with_newobj" name="simple_glmPredict_binomial_with_newobj_se.fit_FALSE"/>
    <testcase time="0.00100000000020373" classname="ds.glmPredict_smk_binomial_with_newobj" name="simple_glmPredict_binomial_with_newobj_se.fit_FALSE"/>
    <testcase time="0.000999999999748979" classname="ds.glmPredict_smk_binomial_with_newobj" name="simple_glmPredict_binomial_with_newobj_se.fit_FALSE"/>
    <testcase time="0.00100000000020373" classname="ds.glmPredict_smk_binomial_with_newobj" name="simple_glmPredict_binomial_with_newobj_se.fit_FALSE"/>
    <testcase time="0.00199999999995271" classname="ds.glmPredict_smk_binomial_with_newobj" name="simple_glmPredict_binomial_with_newobj_se.fit_FALSE"/>
    <testcase time="0.00100000000020373" classname="ds.glmPredict_smk_binomial_with_newobj" name="simple_glmPredict_binomial_with_newobj_se.fit_FALSE"/>
    <testcase time="0.000999999999748979" classname="ds.glmPredict_smk_binomial_with_newobj" name="simple_glmPredict_binomial_with_newobj_se.fit_FALSE"/>
    <testcase time="0.00100000000020373" classname="ds.glmPredict_smk_binomial_with_newobj" name="simple_glmPredict_binomial_with_newobj_se.fit_FALSE"/>
    <testcase time="0.00199999999995271" classname="ds.glmPredict_smk_binomial_with_newobj" name="simple_glmPredict_binomial_with_newobj_se.fit_FALSE"/>
    <testcase time="0.000999999999748979" classname="ds.glmPredict_smk_binomial_with_newobj" name="simple_glmPredict_binomial_with_newobj_se.fit_FALSE"/>
    <testcase time="0.00100000000020373" classname="ds.glmPredict_smk_binomial_with_newobj" name="simple_glmPredict_binomial_with_newobj_se.fit_FALSE"/>
    <testcase time="0.000999999999748979" classname="ds.glmPredict_smk_binomial_with_newobj" name="simple_glmPredict_binomial_with_newobj_se.fit_FALSE"/>
    <testcase time="0.00300000000015643" classname="ds.glmPredict_smk_binomial_with_newobj" name="simple_glmPredict_binomial_with_newobj_se.fit_FALSE"/>
    <testcase time="0.00100000000020373" classname="ds.glmPredict_smk_binomial_with_newobj" name="simple_glmPredict_binomial_with_newobj_se.fit_FALSE"/>
    <testcase time="0.00299999999970169" classname="ds.glmPredict_smk_binomial_with_newobj" name="simple_glmPredict_binomial_with_newobj_se.fit_FALSE"/>
    <testcase time="0.00100000000020373" classname="ds.glmPredict_smk_binomial_with_newobj" name="simple_glmPredict_binomial_with_newobj_se.fit_FALSE"/>
    <testcase time="0.00199999999995271" classname="ds.glmPredict_smk_binomial_with_newobj" name="simple_glmPredict_binomial_with_newobj_se.fit_FALSE"/>
    <testcase time="0.00100000000020373" classname="ds.glmPredict_smk_binomial_with_newobj" name="simple_glmPredict_binomial_with_newobj_se.fit_FALSE"/>
    <testcase time="0.000999999999748979" classname="ds.glmPredict_smk_binomial_with_newobj" name="simple_glmPredict_binomial_with_newobj_se.fit_FALSE"/>
    <testcase time="0.00199999999995271" classname="ds.glmPredict_smk_binomial_with_newobj" name="simple_glmPredict_binomial_with_newobj_se.fit_FALSE"/>
    <testcase time="0.00100000000020373" classname="ds.glmPredict_smk_binomial_with_newobj" name="simple_glmPredict_binomial_with_newobj_se.fit_FALSE"/>
    <testcase time="0.000999999999748979" classname="ds.glmPredict_smk_binomial_with_newobj" name="simple_glmPredict_binomial_with_newobj_se.fit_FALSE"/>
    <testcase time="0.00199999999995271" classname="ds.glmPredict_smk_binomial_with_newobj" name="simple_glmPredict_binomial_with_newobj_se.fit_FALSE"/>
    <testcase time="0.00100000000020373" classname="ds.glmPredict_smk_binomial_with_newobj" name="simple_glmPredict_binomial_with_newobj_se.fit_FALSE"/>
    <testcase time="0.00100000000020373" classname="ds.glmPredict_smk_binomial_with_newobj" name="simple_glmPredict_binomial_with_newobj_se.fit_FALSE"/>
    <testcase time="0.00199999999995271" classname="ds.glmPredict_smk_binomial_with_newobj" name="simple_glmPredict_binomial_with_newobj_se.fit_FALSE"/>
    <testcase time="0.000999999999748979" classname="ds.glmPredict_smk_binomial_with_newobj" name="simple_glmPredict_binomial_with_newobj_se.fit_FALSE"/>
    <testcase time="0.00100000000020373" classname="ds.glmPredict_smk_binomial_with_newobj" name="simple_glmPredict_binomial_with_newobj_se.fit_FALSE"/>
    <testcase time="0.00199999999995271" classname="ds.glmPredict_smk_binomial_with_newobj" name="simple_glmPredict_binomial_with_newobj_se.fit_FALSE"/>
    <testcase time="0.000999999999748979" classname="ds.glmPredict_smk_binomial_with_newobj" name="simple_glmPredict_binomial_with_newobj_se.fit_FALSE"/>
    <testcase time="0.00100000000020373" classname="ds.glmPredict_smk_binomial_with_newobj" name="simple_glmPredict_binomial_with_newobj_se.fit_FALSE"/>
    <testcase time="0.000999999999748979" classname="ds.glmPredict_smk_binomial_with_newobj" name="simple_glmPredict_binomial_with_newobj_se.fit_FALSE"/>
    <testcase time="0.00200000000040745" classname="ds.glmPredict_smk_binomial_with_newobj" name="simple_glmPredict_binomial_with_newobj_se.fit_FALSE"/>
    <testcase time="0.00299999999970169" classname="ds.glmPredict_smk_binomial_with_newobj" name="simple_glmPredict_binomial_with_newobj_se.fit_FALSE"/>
    <testcase time="0.00100000000020373" classname="ds.glmPredict_smk_binomial_with_newobj" name="simple_glmPredict_binomial_with_newobj_se.fit_FALSE"/>
    <testcase time="0.00299999999970169" classname="ds.glmPredict_smk_binomial_with_newobj" name="simple_glmPredict_binomial_with_newobj_se.fit_FALSE"/>
    <testcase time="0.00100000000020373" classname="ds.glmPredict_smk_binomial_with_newobj" name="simple_glmPredict_binomial_with_newobj_se.fit_FALSE"/>
    <testcase time="0.00100000000020373" classname="ds.glmPredict_smk_binomial_with_newobj" name="simple_glmPredict_binomial_with_newobj_se.fit_FALSE"/>
    <testcase time="0.00199999999995271" classname="ds.glmPredict_smk_binomial_with_newobj" name="simple_glmPredict_binomial_with_newobj_se.fit_FALSE"/>
    <testcase time="0.000999999999748979" classname="ds.glmPredict_smk_binomial_with_newobj" name="simple_glmPredict_binomial_with_newobj_se.fit_FALSE"/>
    <testcase time="0.00199999999995271" classname="ds.glmPredict_smk_binomial_with_newobj" name="simple_glmPredict_binomial_with_newobj_se.fit_FALSE"/>
    <testcase time="0.00100000000020373" classname="ds.glmPredict_smk_binomial_with_newobj" name="simple_glmPredict_binomial_with_newobj_se.fit_FALSE"/>
    <testcase time="0.000999999999748979" classname="ds.glmPredict_smk_binomial_with_newobj" name="simple_glmPredict_binomial_with_newobj_se.fit_FALSE"/>
    <testcase time="0.00200000000040745" classname="ds.glmPredict_smk_binomial_with_newobj" name="simple_glmPredict_binomial_with_newobj_se.fit_FALSE"/>
    <testcase time="0.000999999999748979" classname="ds.glmPredict_smk_binomial_with_newobj" name="simple_glmPredict_binomial_with_newobj_se.fit_FALSE"/>
    <testcase time="0.00100000000020373" classname="ds.glmPredict_smk_binomial_with_newobj" name="simple_glmPredict_binomial_with_newobj_se.fit_FALSE"/>
    <testcase time="0.00199999999995271" classname="ds.glmPredict_smk_binomial_with_newobj" name="simple_glmPredict_binomial_with_newobj_se.fit_FALSE"/>
    <testcase time="0.000999999999748979" classname="ds.glmPredict_smk_binomial_with_newobj" name="simple_glmPredict_binomial_with_newobj_se.fit_FALSE"/>
    <testcase time="0.00199999999995271" classname="ds.glmPredict_smk_binomial_with_newobj" name="simple_glmPredict_binomial_with_newobj_se.fit_FALSE"/>
    <testcase time="0.00100000000020373" classname="ds.glmPredict_smk_binomial_with_newobj" name="simple_glmPredict_binomial_with_newobj_se.fit_FALSE"/>
  </testsuite>
  <testsuite name="ds.glmPredict::smk::binomial::sefit_true" timestamp="2025-09-19T12:09:58Z" hostname="runnervmf4ws1" tests="114" skipped="0" failures="0" errors="0" time="0.737">
    <testcase time="0.338000000000193" classname="ds.glmPredict_smk_binomial_sefit_true" name="simple_glmPredict_binomial_with_newobj_se.fit_TRUE"/>
    <testcase time="0.000999999999748979" classname="ds.glmPredict_smk_binomial_sefit_true" name="simple_glmPredict_binomial_with_newobj_se.fit_TRUE"/>
    <testcase time="0.00100000000020373" classname="ds.glmPredict_smk_binomial_sefit_true" name="simple_glmPredict_binomial_with_newobj_se.fit_TRUE"/>
    <testcase time="0.000999999999748979" classname="ds.glmPredict_smk_binomial_sefit_true" name="simple_glmPredict_binomial_with_newobj_se.fit_TRUE"/>
    <testcase time="0.222999999999956" classname="ds.glmPredict_smk_binomial_sefit_true" name="simple_glmPredict_binomial_with_newobj_se.fit_TRUE"/>
    <testcase time="0.00199999999995271" classname="ds.glmPredict_smk_binomial_sefit_true" name="simple_glmPredict_binomial_with_newobj_se.fit_TRUE"/>
    <testcase time="0.00100000000020373" classname="ds.glmPredict_smk_binomial_sefit_true" name="simple_glmPredict_binomial_with_newobj_se.fit_TRUE"/>
    <testcase time="0.000999999999748979" classname="ds.glmPredict_smk_binomial_sefit_true" name="simple_glmPredict_binomial_with_newobj_se.fit_TRUE"/>
    <testcase time="0.00100000000020373" classname="ds.glmPredict_smk_binomial_sefit_true" name="simple_glmPredict_binomial_with_newobj_se.fit_TRUE"/>
    <testcase time="0.00100000000020373" classname="ds.glmPredict_smk_binomial_sefit_true" name="simple_glmPredict_binomial_with_newobj_se.fit_TRUE"/>
    <testcase time="0.00299999999970169" classname="ds.glmPredict_smk_binomial_sefit_true" name="simple_glmPredict_binomial_with_newobj_se.fit_TRUE"/>
    <testcase time="0.00100000000020373" classname="ds.glmPredict_smk_binomial_sefit_true" name="simple_glmPredict_binomial_with_newobj_se.fit_TRUE"/>
    <testcase time="0.00299999999970169" classname="ds.glmPredict_smk_binomial_sefit_true" name="simple_glmPredict_binomial_with_newobj_se.fit_TRUE"/>
    <testcase time="0.00100000000020373" classname="ds.glmPredict_smk_binomial_sefit_true" name="simple_glmPredict_binomial_with_newobj_se.fit_TRUE"/>
    <testcase time="0.00100000000020373" classname="ds.glmPredict_smk_binomial_sefit_true" name="simple_glmPredict_binomial_with_newobj_se.fit_TRUE"/>
    <testcase time="0.00199999999995271" classname="ds.glmPredict_smk_binomial_sefit_true" name="simple_glmPredict_binomial_with_newobj_se.fit_TRUE"/>
    <testcase time="0.000999999999748979" classname="ds.glmPredict_smk_binomial_sefit_true" name="simple_glmPredict_binomial_with_newobj_se.fit_TRUE"/>
    <testcase time="0.00100000000020373" classname="ds.glmPredict_smk_binomial_sefit_true" name="simple_glmPredict_binomial_with_newobj_se.fit_TRUE"/>
    <testcase time="0.000999999999748979" classname="ds.glmPredict_smk_binomial_sefit_true" name="simple_glmPredict_binomial_with_newobj_se.fit_TRUE"/>
    <testcase time="0.00199999999995271" classname="ds.glmPredict_smk_binomial_sefit_true" name="simple_glmPredict_binomial_with_newobj_se.fit_TRUE"/>
    <testcase time="0.00100000000020373" classname="ds.glmPredict_smk_binomial_sefit_true" name="simple_glmPredict_binomial_with_newobj_se.fit_TRUE"/>
    <testcase time="0.00100000000020373" classname="ds.glmPredict_smk_binomial_sefit_true" name="simple_glmPredict_binomial_with_newobj_se.fit_TRUE"/>
    <testcase time="0.000999999999748979" classname="ds.glmPredict_smk_binomial_sefit_true" name="simple_glmPredict_binomial_with_newobj_se.fit_TRUE"/>
    <testcase time="0.00199999999995271" classname="ds.glmPredict_smk_binomial_sefit_true" name="simple_glmPredict_binomial_with_newobj_se.fit_TRUE"/>
    <testcase time="0.00100000000020373" classname="ds.glmPredict_smk_binomial_sefit_true" name="simple_glmPredict_binomial_with_newobj_se.fit_TRUE"/>
    <testcase time="0.000999999999748979" classname="ds.glmPredict_smk_binomial_sefit_true" name="simple_glmPredict_binomial_with_newobj_se.fit_TRUE"/>
    <testcase time="0.00199999999995271" classname="ds.glmPredict_smk_binomial_sefit_true" name="simple_glmPredict_binomial_with_newobj_se.fit_TRUE"/>
    <testcase time="0.00100000000020373" classname="ds.glmPredict_smk_binomial_sefit_true" name="simple_glmPredict_binomial_with_newobj_se.fit_TRUE"/>
    <testcase time="0.000999999999748979" classname="ds.glmPredict_smk_binomial_sefit_true" name="simple_glmPredict_binomial_with_newobj_se.fit_TRUE"/>
    <testcase time="0.00100000000020373" classname="ds.glmPredict_smk_binomial_sefit_true" name="simple_glmPredict_binomial_with_newobj_se.fit_TRUE"/>
    <testcase time="0.00199999999995271" classname="ds.glmPredict_smk_binomial_sefit_true" name="simple_glmPredict_binomial_with_newobj_se.fit_TRUE"/>
    <testcase time="0.00100000000020373" classname="ds.glmPredict_smk_binomial_sefit_true" name="simple_glmPredict_binomial_with_newobj_se.fit_TRUE"/>
    <testcase time="0.000999999999748979" classname="ds.glmPredict_smk_binomial_sefit_true" name="simple_glmPredict_binomial_with_newobj_se.fit_TRUE"/>
    <testcase time="0.00199999999995271" classname="ds.glmPredict_smk_binomial_sefit_true" name="simple_glmPredict_binomial_with_newobj_se.fit_TRUE"/>
    <testcase time="0.00100000000020373" classname="ds.glmPredict_smk_binomial_sefit_true" name="simple_glmPredict_binomial_with_newobj_se.fit_TRUE"/>
    <testcase time="0.000999999999748979" classname="ds.glmPredict_smk_binomial_sefit_true" name="simple_glmPredict_binomial_with_newobj_se.fit_TRUE"/>
    <testcase time="0.00200000000040745" classname="ds.glmPredict_smk_binomial_sefit_true" name="simple_glmPredict_binomial_with_newobj_se.fit_TRUE"/>
    <testcase time="0.000999999999748979" classname="ds.glmPredict_smk_binomial_sefit_true" name="simple_glmPredict_binomial_with_newobj_se.fit_TRUE"/>
    <testcase time="0.00100000000020373" classname="ds.glmPredict_smk_binomial_sefit_true" name="simple_glmPredict_binomial_with_newobj_se.fit_TRUE"/>
    <testcase time="0.00199999999995271" classname="ds.glmPredict_smk_binomial_sefit_true" name="simple_glmPredict_binomial_with_newobj_se.fit_TRUE"/>
    <testcase time="0.000999999999748979" classname="ds.glmPredict_smk_binomial_sefit_true" name="simple_glmPredict_binomial_with_newobj_se.fit_TRUE"/>
    <testcase time="0.00100000000020373" classname="ds.glmPredict_smk_binomial_sefit_true" name="simple_glmPredict_binomial_with_newobj_se.fit_TRUE"/>
    <testcase time="0.000999999999748979" classname="ds.glmPredict_smk_binomial_sefit_true" name="simple_glmPredict_binomial_with_newobj_se.fit_TRUE"/>
    <testcase time="0.00200000000040745" classname="ds.glmPredict_smk_binomial_sefit_true" name="simple_glmPredict_binomial_with_newobj_se.fit_TRUE"/>
    <testcase time="0.000999999999748979" classname="ds.glmPredict_smk_binomial_sefit_true" name="simple_glmPredict_binomial_with_newobj_se.fit_TRUE"/>
    <testcase time="0.00100000000020373" classname="ds.glmPredict_smk_binomial_sefit_true" name="simple_glmPredict_binomial_with_newobj_se.fit_TRUE"/>
    <testcase time="0.00299999999970169" classname="ds.glmPredict_smk_binomial_sefit_true" name="simple_glmPredict_binomial_with_newobj_se.fit_TRUE"/>
    <testcase time="0.00100000000020373" classname="ds.glmPredict_smk_binomial_sefit_true" name="simple_glmPredict_binomial_with_newobj_se.fit_TRUE"/>
    <testcase time="0.00299999999970169" classname="ds.glmPredict_smk_binomial_sefit_true" name="simple_glmPredict_binomial_with_newobj_se.fit_TRUE"/>
    <testcase time="0.00100000000020373" classname="ds.glmPredict_smk_binomial_sefit_true" name="simple_glmPredict_binomial_with_newobj_se.fit_TRUE"/>
    <testcase time="0.00199999999995271" classname="ds.glmPredict_smk_binomial_sefit_true" name="simple_glmPredict_binomial_with_newobj_se.fit_TRUE"/>
    <testcase time="0.00100000000020373" classname="ds.glmPredict_smk_binomial_sefit_true" name="simple_glmPredict_binomial_with_newobj_se.fit_TRUE"/>
    <testcase time="0.00199999999995271" classname="ds.glmPredict_smk_binomial_sefit_true" name="simple_glmPredict_binomial_with_newobj_se.fit_TRUE"/>
    <testcase time="0.000999999999748979" classname="ds.glmPredict_smk_binomial_sefit_true" name="simple_glmPredict_binomial_with_newobj_se.fit_TRUE"/>
    <testcase time="0.00100000000020373" classname="ds.glmPredict_smk_binomial_sefit_true" name="simple_glmPredict_binomial_with_newobj_se.fit_TRUE"/>
    <testcase time="0.00199999999995271" classname="ds.glmPredict_smk_binomial_sefit_true" name="simple_glmPredict_binomial_with_newobj_se.fit_TRUE"/>
    <testcase time="0.00100000000020373" classname="ds.glmPredict_smk_binomial_sefit_true" name="simple_glmPredict_binomial_with_newobj_se.fit_TRUE"/>
    <testcase time="0.000999999999748979" classname="ds.glmPredict_smk_binomial_sefit_true" name="simple_glmPredict_binomial_with_newobj_se.fit_TRUE"/>
    <testcase time="0.00199999999995271" classname="ds.glmPredict_smk_binomial_sefit_true" name="simple_glmPredict_binomial_with_newobj_se.fit_TRUE"/>
    <testcase time="0.00100000000020373" classname="ds.glmPredict_smk_binomial_sefit_true" name="simple_glmPredict_binomial_with_newobj_se.fit_TRUE"/>
    <testcase time="0.00199999999995271" classname="ds.glmPredict_smk_binomial_sefit_true" name="simple_glmPredict_binomial_with_newobj_se.fit_TRUE"/>
    <testcase time="0.000999999999748979" classname="ds.glmPredict_smk_binomial_sefit_true" name="simple_glmPredict_binomial_with_newobj_se.fit_TRUE"/>
    <testcase time="0.00100000000020373" classname="ds.glmPredict_smk_binomial_sefit_true" name="simple_glmPredict_binomial_with_newobj_se.fit_TRUE"/>
    <testcase time="0.00199999999995271" classname="ds.glmPredict_smk_binomial_sefit_true" name="simple_glmPredict_binomial_with_newobj_se.fit_TRUE"/>
    <testcase time="0.00100000000020373" classname="ds.glmPredict_smk_binomial_sefit_true" name="simple_glmPredict_binomial_with_newobj_se.fit_TRUE"/>
    <testcase time="0.00199999999995271" classname="ds.glmPredict_smk_binomial_sefit_true" name="simple_glmPredict_binomial_with_newobj_se.fit_TRUE"/>
    <testcase time="0.000999999999748979" classname="ds.glmPredict_smk_binomial_sefit_true" name="simple_glmPredict_binomial_with_newobj_se.fit_TRUE"/>
    <testcase time="0.00100000000020373" classname="ds.glmPredict_smk_binomial_sefit_true" name="simple_glmPredict_binomial_with_newobj_se.fit_TRUE"/>
    <testcase time="0.00100000000020373" classname="ds.glmPredict_smk_binomial_sefit_true" name="simple_glmPredict_binomial_with_newobj_se.fit_TRUE"/>
    <testcase time="0.00100000000020373" classname="ds.glmPredict_smk_binomial_sefit_true" name="simple_glmPredict_binomial_with_newobj_se.fit_TRUE"/>
    <testcase time="0.00199999999995271" classname="ds.glmPredict_smk_binomial_sefit_true" name="simple_glmPredict_binomial_with_newobj_se.fit_TRUE"/>
    <testcase time="0.000999999999748979" classname="ds.glmPredict_smk_binomial_sefit_true" name="simple_glmPredict_binomial_with_newobj_se.fit_TRUE"/>
    <testcase time="0.00199999999995271" classname="ds.glmPredict_smk_binomial_sefit_true" name="simple_glmPredict_binomial_with_newobj_se.fit_TRUE"/>
    <testcase time="0.00100000000020373" classname="ds.glmPredict_smk_binomial_sefit_true" name="simple_glmPredict_binomial_with_newobj_se.fit_TRUE"/>
    <testcase time="0.000999999999748979" classname="ds.glmPredict_smk_binomial_sefit_true" name="simple_glmPredict_binomial_with_newobj_se.fit_TRUE"/>
    <testcase time="0.000999999999748979" classname="ds.glmPredict_smk_binomial_sefit_true" name="simple_glmPredict_binomial_with_newobj_se.fit_TRUE"/>
    <testcase time="0.00200000000040745" classname="ds.glmPredict_smk_binomial_sefit_true" name="simple_glmPredict_binomial_with_newobj_se.fit_TRUE"/>
    <testcase time="0.000999999999748979" classname="ds.glmPredict_smk_binomial_sefit_true" name="simple_glmPredict_binomial_with_newobj_se.fit_TRUE"/>
    <testcase time="0.00100000000020373" classname="ds.glmPredict_smk_binomial_sefit_true" name="simple_glmPredict_binomial_with_newobj_se.fit_TRUE"/>
    <testcase time="0.00199999999995271" classname="ds.glmPredict_smk_binomial_sefit_true" name="simple_glmPredict_binomial_with_newobj_se.fit_TRUE"/>
    <testcase time="0.000999999999748979" classname="ds.glmPredict_smk_binomial_sefit_true" name="simple_glmPredict_binomial_with_newobj_se.fit_TRUE"/>
    <testcase time="0.00199999999995271" classname="ds.glmPredict_smk_binomial_sefit_true" name="simple_glmPredict_binomial_with_newobj_se.fit_TRUE"/>
    <testcase time="0.00300000000015643" classname="ds.glmPredict_smk_binomial_sefit_true" name="simple_glmPredict_binomial_with_newobj_se.fit_TRUE"/>
    <testcase time="0.00100000000020373" classname="ds.glmPredict_smk_binomial_sefit_true" name="simple_glmPredict_binomial_with_newobj_se.fit_TRUE"/>
    <testcase time="0.00299999999970169" classname="ds.glmPredict_smk_binomial_sefit_true" name="simple_glmPredict_binomial_with_newobj_se.fit_TRUE"/>
    <testcase time="0.00100000000020373" classname="ds.glmPredict_smk_binomial_sefit_true" name="simple_glmPredict_binomial_with_newobj_se.fit_TRUE"/>
    <testcase time="0.00199999999995271" classname="ds.glmPredict_smk_binomial_sefit_true" name="simple_glmPredict_binomial_with_newobj_se.fit_TRUE"/>
    <testcase time="0.00199999999995271" classname="ds.glmPredict_smk_binomial_sefit_true" name="simple_glmPredict_binomial_with_newobj_se.fit_TRUE"/>
    <testcase time="0.00100000000020373" classname="ds.glmPredict_smk_binomial_sefit_true" name="simple_glmPredict_binomial_with_newobj_se.fit_TRUE"/>
    <testcase time="0.00199999999995271" classname="ds.glmPredict_smk_binomial_sefit_true" name="simple_glmPredict_binomial_with_newobj_se.fit_TRUE"/>
    <testcase time="0.000999999999748979" classname="ds.glmPredict_smk_binomial_sefit_true" name="simple_glmPredict_binomial_with_newobj_se.fit_TRUE"/>
    <testcase time="0.00100000000020373" classname="ds.glmPredict_smk_binomial_sefit_true" name="simple_glmPredict_binomial_with_newobj_se.fit_TRUE"/>
    <testcase time="0.00199999999995271" classname="ds.glmPredict_smk_binomial_sefit_true" name="simple_glmPredict_binomial_with_newobj_se.fit_TRUE"/>
    <testcase time="0.00199999999995271" classname="ds.glmPredict_smk_binomial_sefit_true" name="simple_glmPredict_binomial_with_newobj_se.fit_TRUE"/>
    <testcase time="0.00100000000020373" classname="ds.glmPredict_smk_binomial_sefit_true" name="simple_glmPredict_binomial_with_newobj_se.fit_TRUE"/>
    <testcase time="0.00199999999995271" classname="ds.glmPredict_smk_binomial_sefit_true" name="simple_glmPredict_binomial_with_newobj_se.fit_TRUE"/>
    <testcase time="0.000999999999748979" classname="ds.glmPredict_smk_binomial_sefit_true" name="simple_glmPredict_binomial_with_newobj_se.fit_TRUE"/>
    <testcase time="0.00199999999995271" classname="ds.glmPredict_smk_binomial_sefit_true" name="simple_glmPredict_binomial_with_newobj_se.fit_TRUE"/>
    <testcase time="0.0150000000003274" classname="ds.glmPredict_smk_binomial_sefit_true" name="simple_glmPredict_binomial_with_newobj_se.fit_TRUE"/>
    <testcase time="0.00199999999995271" classname="ds.glmPredict_smk_binomial_sefit_true" name="simple_glmPredict_binomial_with_newobj_se.fit_TRUE"/>
    <testcase time="0.000999999999748979" classname="ds.glmPredict_smk_binomial_sefit_true" name="simple_glmPredict_binomial_with_newobj_se.fit_TRUE"/>
    <testcase time="0.00199999999995271" classname="ds.glmPredict_smk_binomial_sefit_true" name="simple_glmPredict_binomial_with_newobj_se.fit_TRUE"/>
    <testcase time="0.00199999999995271" classname="ds.glmPredict_smk_binomial_sefit_true" name="simple_glmPredict_binomial_with_newobj_se.fit_TRUE"/>
    <testcase time="0.00100000000020373" classname="ds.glmPredict_smk_binomial_sefit_true" name="simple_glmPredict_binomial_with_newobj_se.fit_TRUE"/>
    <testcase time="0.00199999999995271" classname="ds.glmPredict_smk_binomial_sefit_true" name="simple_glmPredict_binomial_with_newobj_se.fit_TRUE"/>
    <testcase time="0.00100000000020373" classname="ds.glmPredict_smk_binomial_sefit_true" name="simple_glmPredict_binomial_with_newobj_se.fit_TRUE"/>
    <testcase time="0.00199999999995271" classname="ds.glmPredict_smk_binomial_sefit_true" name="simple_glmPredict_binomial_with_newobj_se.fit_TRUE"/>
    <testcase time="0.000999999999748979" classname="ds.glmPredict_smk_binomial_sefit_true" name="simple_glmPredict_binomial_with_newobj_se.fit_TRUE"/>
    <testcase time="0.00199999999995271" classname="ds.glmPredict_smk_binomial_sefit_true" name="simple_glmPredict_binomial_with_newobj_se.fit_TRUE"/>
    <testcase time="0.00100000000020373" classname="ds.glmPredict_smk_binomial_sefit_true" name="simple_glmPredict_binomial_with_newobj_se.fit_TRUE"/>
    <testcase time="0.00199999999995271" classname="ds.glmPredict_smk_binomial_sefit_true" name="simple_glmPredict_binomial_with_newobj_se.fit_TRUE"/>
    <testcase time="0.00199999999995271" classname="ds.glmPredict_smk_binomial_sefit_true" name="simple_glmPredict_binomial_with_newobj_se.fit_TRUE"/>
    <testcase time="0.00100000000020373" classname="ds.glmPredict_smk_binomial_sefit_true" name="simple_glmPredict_binomial_with_newobj_se.fit_TRUE"/>
    <testcase time="0.00199999999995271" classname="ds.glmPredict_smk_binomial_sefit_true" name="simple_glmPredict_binomial_with_newobj_se.fit_TRUE"/>
  </testsuite>
  <testsuite name="ds.glmPredict::smk::binomial::shutdown" timestamp="2025-09-19T12:09:59Z" hostname="runnervmf4ws1" tests="3" skipped="0" failures="0" errors="0" time="0.049">
    <testcase time="0.0470000000000255" classname="ds.glmPredict_smk_binomial_shutdown" name="shutdown"/>
    <testcase time="0.000999999999748979" classname="ds.glmPredict_smk_binomial_shutdown" name="shutdown"/>
    <testcase time="0.00100000000020373" classname="ds.glmPredict_smk_binomial_shutdown" name="shutdown"/>
  </testsuite>
  <testsuite name="ds.glmPredict::smk::binomial::done" timestamp="2025-09-19T12:09:59Z" hostname="runnervmf4ws1" tests="0" skipped="0" failures="0" errors="0" time="0"/>
  <testsuite name="smk-ds.glmPredict-gaussian" timestamp="2025-09-19T12:09:59Z" hostname="runnervmf4ws1" tests="0" skipped="0" failures="0" errors="0" time="0"/>
  <testsuite name="ds.glmPredict::smk::gaussian::setup" timestamp="2025-09-19T12:09:59Z" hostname="runnervmf4ws1" tests="3" skipped="0" failures="0" errors="0" time="7.54">
    <testcase time="7.53800000000001" classname="ds.glmPredict_smk_gaussian_setup" name="setup"/>
    <testcase time="0.000999999999748979" classname="ds.glmPredict_smk_gaussian_setup" name="setup"/>
    <testcase time="0.00100000000020373" classname="ds.glmPredict_smk_gaussian_setup" name="setup"/>
  </testsuite>
  <testsuite name="ds.glmPredict::smk::gaussian::without_newobj" timestamp="2025-09-19T12:10:07Z" hostname="runnervmf4ws1" tests="69" skipped="0" failures="0" errors="0" time="0.645">
    <testcase time="0.333000000000084" classname="ds.glmPredict_smk_gaussian_without_newobj" name="simple_glmPredict_gaussian_without_newobj_se.fit_FALSE"/>
    <testcase time="0.000999999999748979" classname="ds.glmPredict_smk_gaussian_without_newobj" name="simple_glmPredict_gaussian_without_newobj_se.fit_FALSE"/>
    <testcase time="0.00100000000020373" classname="ds.glmPredict_smk_gaussian_without_newobj" name="simple_glmPredict_gaussian_without_newobj_se.fit_FALSE"/>
    <testcase time="0.00199999999995271" classname="ds.glmPredict_smk_gaussian_without_newobj" name="simple_glmPredict_gaussian_without_newobj_se.fit_FALSE"/>
    <testcase time="0.215999999999894" classname="ds.glmPredict_smk_gaussian_without_newobj" name="simple_glmPredict_gaussian_without_newobj_se.fit_FALSE"/>
    <testcase time="0.00100000000020373" classname="ds.glmPredict_smk_gaussian_without_newobj" name="simple_glmPredict_gaussian_without_newobj_se.fit_FALSE"/>
    <testcase time="0.000999999999748979" classname="ds.glmPredict_smk_gaussian_without_newobj" name="simple_glmPredict_gaussian_without_newobj_se.fit_FALSE"/>
    <testcase time="0.00100000000020373" classname="ds.glmPredict_smk_gaussian_without_newobj" name="simple_glmPredict_gaussian_without_newobj_se.fit_FALSE"/>
    <testcase time="0.00199999999995271" classname="ds.glmPredict_smk_gaussian_without_newobj" name="simple_glmPredict_gaussian_without_newobj_se.fit_FALSE"/>
    <testcase time="0.00100000000020373" classname="ds.glmPredict_smk_gaussian_without_newobj" name="simple_glmPredict_gaussian_without_newobj_se.fit_FALSE"/>
    <testcase time="0.00199999999995271" classname="ds.glmPredict_smk_gaussian_without_newobj" name="simple_glmPredict_gaussian_without_newobj_se.fit_FALSE"/>
    <testcase time="0.00199999999995271" classname="ds.glmPredict_smk_gaussian_without_newobj" name="simple_glmPredict_gaussian_without_newobj_se.fit_FALSE"/>
    <testcase time="0.00199999999995271" classname="ds.glmPredict_smk_gaussian_without_newobj" name="simple_glmPredict_gaussian_without_newobj_se.fit_FALSE"/>
    <testcase time="0.000999999999748979" classname="ds.glmPredict_smk_gaussian_without_newobj" name="simple_glmPredict_gaussian_without_newobj_se.fit_FALSE"/>
    <testcase time="0.00200000000040745" classname="ds.glmPredict_smk_gaussian_without_newobj" name="simple_glmPredict_gaussian_without_newobj_se.fit_FALSE"/>
    <testcase time="0.000999999999748979" classname="ds.glmPredict_smk_gaussian_without_newobj" name="simple_glmPredict_gaussian_without_newobj_se.fit_FALSE"/>
    <testcase time="0.00100000000020373" classname="ds.glmPredict_smk_gaussian_without_newobj" name="simple_glmPredict_gaussian_without_newobj_se.fit_FALSE"/>
    <testcase time="0.00199999999995271" classname="ds.glmPredict_smk_gaussian_without_newobj" name="simple_glmPredict_gaussian_without_newobj_se.fit_FALSE"/>
    <testcase time="0.000999999999748979" classname="ds.glmPredict_smk_gaussian_without_newobj" name="simple_glmPredict_gaussian_without_newobj_se.fit_FALSE"/>
    <testcase time="0.00100000000020373" classname="ds.glmPredict_smk_gaussian_without_newobj" name="simple_glmPredict_gaussian_without_newobj_se.fit_FALSE"/>
    <testcase time="0.000999999999748979" classname="ds.glmPredict_smk_gaussian_without_newobj" name="simple_glmPredict_gaussian_without_newobj_se.fit_FALSE"/>
    <testcase time="0.00200000000040745" classname="ds.glmPredict_smk_gaussian_without_newobj" name="simple_glmPredict_gaussian_without_newobj_se.fit_FALSE"/>
    <testcase time="0.000999999999748979" classname="ds.glmPredict_smk_gaussian_without_newobj" name="simple_glmPredict_gaussian_without_newobj_se.fit_FALSE"/>
    <testcase time="0.00100000000020373" classname="ds.glmPredict_smk_gaussian_without_newobj" name="simple_glmPredict_gaussian_without_newobj_se.fit_FALSE"/>
    <testcase time="0.000999999999748979" classname="ds.glmPredict_smk_gaussian_without_newobj" name="simple_glmPredict_gaussian_without_newobj_se.fit_FALSE"/>
    <testcase time="0.00199999999995271" classname="ds.glmPredict_smk_gaussian_without_newobj" name="simple_glmPredict_gaussian_without_newobj_se.fit_FALSE"/>
    <testcase time="0.00100000000020373" classname="ds.glmPredict_smk_gaussian_without_newobj" name="simple_glmPredict_gaussian_without_newobj_se.fit_FALSE"/>
    <testcase time="0.000999999999748979" classname="ds.glmPredict_smk_gaussian_without_newobj" name="simple_glmPredict_gaussian_without_newobj_se.fit_FALSE"/>
    <testcase time="0.00100000000020373" classname="ds.glmPredict_smk_gaussian_without_newobj" name="simple_glmPredict_gaussian_without_newobj_se.fit_FALSE"/>
    <testcase time="0.00199999999995271" classname="ds.glmPredict_smk_gaussian_without_newobj" name="simple_glmPredict_gaussian_without_newobj_se.fit_FALSE"/>
    <testcase time="0.00100000000020373" classname="ds.glmPredict_smk_gaussian_without_newobj" name="simple_glmPredict_gaussian_without_newobj_se.fit_FALSE"/>
    <testcase time="0.00299999999970169" classname="ds.glmPredict_smk_gaussian_without_newobj" name="simple_glmPredict_gaussian_without_newobj_se.fit_FALSE"/>
    <testcase time="0.00100000000020373" classname="ds.glmPredict_smk_gaussian_without_newobj" name="simple_glmPredict_gaussian_without_newobj_se.fit_FALSE"/>
    <testcase time="0.00299999999970169" classname="ds.glmPredict_smk_gaussian_without_newobj" name="simple_glmPredict_gaussian_without_newobj_se.fit_FALSE"/>
    <testcase time="0.00100000000020373" classname="ds.glmPredict_smk_gaussian_without_newobj" name="simple_glmPredict_gaussian_without_newobj_se.fit_FALSE"/>
    <testcase time="0.00100000000020373" classname="ds.glmPredict_smk_gaussian_without_newobj" name="simple_glmPredict_gaussian_without_newobj_se.fit_FALSE"/>
    <testcase time="0.00199999999995271" classname="ds.glmPredict_smk_gaussian_without_newobj" name="simple_glmPredict_gaussian_without_newobj_se.fit_FALSE"/>
    <testcase time="0.000999999999748979" classname="ds.glmPredict_smk_gaussian_without_newobj" name="simple_glmPredict_gaussian_without_newobj_se.fit_FALSE"/>
    <testcase time="0.00100000000020373" classname="ds.glmPredict_smk_gaussian_without_newobj" name="simple_glmPredict_gaussian_without_newobj_se.fit_FALSE"/>
    <testcase time="0.000999999999748979" classname="ds.glmPredict_smk_gaussian_without_newobj" name="simple_glmPredict_gaussian_without_newobj_se.fit_FALSE"/>
    <testcase time="0.00199999999995271" classname="ds.glmPredict_smk_gaussian_without_newobj" name="simple_glmPredict_gaussian_without_newobj_se.fit_FALSE"/>
    <testcase time="0.00100000000020373" classname="ds.glmPredict_smk_gaussian_without_newobj" name="simple_glmPredict_gaussian_without_newobj_se.fit_FALSE"/>
    <testcase time="0.00100000000020373" classname="ds.glmPredict_smk_gaussian_without_newobj" name="simple_glmPredict_gaussian_without_newobj_se.fit_FALSE"/>
    <testcase time="0.00199999999995271" classname="ds.glmPredict_smk_gaussian_without_newobj" name="simple_glmPredict_gaussian_without_newobj_se.fit_FALSE"/>
    <testcase time="0.000999999999748979" classname="ds.glmPredict_smk_gaussian_without_newobj" name="simple_glmPredict_gaussian_without_newobj_se.fit_FALSE"/>
    <testcase time="0.00199999999995271" classname="ds.glmPredict_smk_gaussian_without_newobj" name="simple_glmPredict_gaussian_without_newobj_se.fit_FALSE"/>
    <testcase time="0.00100000000020373" classname="ds.glmPredict_smk_gaussian_without_newobj" name="simple_glmPredict_gaussian_without_newobj_se.fit_FALSE"/>
    <testcase time="0.000999999999748979" classname="ds.glmPredict_smk_gaussian_without_newobj" name="simple_glmPredict_gaussian_without_newobj_se.fit_FALSE"/>
    <testcase time="0.00100000000020373" classname="ds.glmPredict_smk_gaussian_without_newobj" name="simple_glmPredict_gaussian_without_newobj_se.fit_FALSE"/>
    <testcase time="0.00199999999995271" classname="ds.glmPredict_smk_gaussian_without_newobj" name="simple_glmPredict_gaussian_without_newobj_se.fit_FALSE"/>
    <testcase time="0.00100000000020373" classname="ds.glmPredict_smk_gaussian_without_newobj" name="simple_glmPredict_gaussian_without_newobj_se.fit_FALSE"/>
    <testcase time="0.000999999999748979" classname="ds.glmPredict_smk_gaussian_without_newobj" name="simple_glmPredict_gaussian_without_newobj_se.fit_FALSE"/>
    <testcase time="0.00300000000015643" classname="ds.glmPredict_smk_gaussian_without_newobj" name="simple_glmPredict_gaussian_without_newobj_se.fit_FALSE"/>
    <testcase time="0.00199999999995271" classname="ds.glmPredict_smk_gaussian_without_newobj" name="simple_glmPredict_gaussian_without_newobj_se.fit_FALSE"/>
    <testcase time="0.00199999999995271" classname="ds.glmPredict_smk_gaussian_without_newobj" name="simple_glmPredict_gaussian_without_newobj_se.fit_FALSE"/>
    <testcase time="0.00199999999995271" classname="ds.glmPredict_smk_gaussian_without_newobj" name="simple_glmPredict_gaussian_without_newobj_se.fit_FALSE"/>
    <testcase time="0.00100000000020373" classname="ds.glmPredict_smk_gaussian_without_newobj" name="simple_glmPredict_gaussian_without_newobj_se.fit_FALSE"/>
    <testcase time="0.000999999999748979" classname="ds.glmPredict_smk_gaussian_without_newobj" name="simple_glmPredict_gaussian_without_newobj_se.fit_FALSE"/>
    <testcase time="0.00199999999995271" classname="ds.glmPredict_smk_gaussian_without_newobj" name="simple_glmPredict_gaussian_without_newobj_se.fit_FALSE"/>
    <testcase time="0.00100000000020373" classname="ds.glmPredict_smk_gaussian_without_newobj" name="simple_glmPredict_gaussian_without_newobj_se.fit_FALSE"/>
    <testcase time="0.00199999999995271" classname="ds.glmPredict_smk_gaussian_without_newobj" name="simple_glmPredict_gaussian_without_newobj_se.fit_FALSE"/>
    <testcase time="0.00100000000020373" classname="ds.glmPredict_smk_gaussian_without_newobj" name="simple_glmPredict_gaussian_without_newobj_se.fit_FALSE"/>
    <testcase time="0.000999999999748979" classname="ds.glmPredict_smk_gaussian_without_newobj" name="simple_glmPredict_gaussian_without_newobj_se.fit_FALSE"/>
    <testcase time="0.00199999999995271" classname="ds.glmPredict_smk_gaussian_without_newobj" name="simple_glmPredict_gaussian_without_newobj_se.fit_FALSE"/>
    <testcase time="0.00100000000020373" classname="ds.glmPredict_smk_gaussian_without_newobj" name="simple_glmPredict_gaussian_without_newobj_se.fit_FALSE"/>
    <testcase time="0.00199999999995271" classname="ds.glmPredict_smk_gaussian_without_newobj" name="simple_glmPredict_gaussian_without_newobj_se.fit_FALSE"/>
    <testcase time="0.000999999999748979" classname="ds.glmPredict_smk_gaussian_without_newobj" name="simple_glmPredict_gaussian_without_newobj_se.fit_FALSE"/>
    <testcase time="0.00199999999995271" classname="ds.glmPredict_smk_gaussian_without_newobj" name="simple_glmPredict_gaussian_without_newobj_se.fit_FALSE"/>
    <testcase time="0.00100000000020373" classname="ds.glmPredict_smk_gaussian_without_newobj" name="simple_glmPredict_gaussian_without_newobj_se.fit_FALSE"/>
  </testsuite>
  <testsuite name="ds.glmPredict::smk::gaussian::with_newobj" timestamp="2025-09-19T12:10:07Z" hostname="runnervmf4ws1" tests="69" skipped="0" failures="0" errors="0" time="0.59">
    <testcase time="0.257999999999811" classname="ds.glmPredict_smk_gaussian_with_newobj" name="simple_glmPredict_gaussian_with_newobj_se.fit_FALSE"/>
    <testcase time="0.00200000000040745" classname="ds.glmPredict_smk_gaussian_with_newobj" name="simple_glmPredict_gaussian_with_newobj_se.fit_FALSE"/>
    <testcase time="0.000999999999748979" classname="ds.glmPredict_smk_gaussian_with_newobj" name="simple_glmPredict_gaussian_with_newobj_se.fit_FALSE"/>
    <testcase time="0.00100000000020373" classname="ds.glmPredict_smk_gaussian_with_newobj" name="simple_glmPredict_gaussian_with_newobj_se.fit_FALSE"/>
    <testcase time="0.236999999999625" classname="ds.glmPredict_smk_gaussian_with_newobj" name="simple_glmPredict_gaussian_with_newobj_se.fit_FALSE"/>
    <testcase time="0.00100000000020373" classname="ds.glmPredict_smk_gaussian_with_newobj" name="simple_glmPredict_gaussian_with_newobj_se.fit_FALSE"/>
    <testcase time="0.000999999999748979" classname="ds.glmPredict_smk_gaussian_with_newobj" name="simple_glmPredict_gaussian_with_newobj_se.fit_FALSE"/>
    <testcase time="0.00100000000020373" classname="ds.glmPredict_smk_gaussian_with_newobj" name="simple_glmPredict_gaussian_with_newobj_se.fit_FALSE"/>
    <testcase time="0.000999999999748979" classname="ds.glmPredict_smk_gaussian_with_newobj" name="simple_glmPredict_gaussian_with_newobj_se.fit_FALSE"/>
    <testcase time="0.00100000000020373" classname="ds.glmPredict_smk_gaussian_with_newobj" name="simple_glmPredict_gaussian_with_newobj_se.fit_FALSE"/>
    <testcase time="0.00299999999970169" classname="ds.glmPredict_smk_gaussian_with_newobj" name="simple_glmPredict_gaussian_with_newobj_se.fit_FALSE"/>
    <testcase time="0.00100000000020373" classname="ds.glmPredict_smk_gaussian_with_newobj" name="simple_glmPredict_gaussian_with_newobj_se.fit_FALSE"/>
    <testcase time="0.00300000000015643" classname="ds.glmPredict_smk_gaussian_with_newobj" name="simple_glmPredict_gaussian_with_newobj_se.fit_FALSE"/>
    <testcase time="0.000999999999748979" classname="ds.glmPredict_smk_gaussian_with_newobj" name="simple_glmPredict_gaussian_with_newobj_se.fit_FALSE"/>
    <testcase time="0.00100000000020373" classname="ds.glmPredict_smk_gaussian_with_newobj" name="simple_glmPredict_gaussian_with_newobj_se.fit_FALSE"/>
    <testcase time="0.00199999999995271" classname="ds.glmPredict_smk_gaussian_with_newobj" name="simple_glmPredict_gaussian_with_newobj_se.fit_FALSE"/>
    <testcase time="0.000999999999748979" classname="ds.glmPredict_smk_gaussian_with_newobj" name="simple_glmPredict_gaussian_with_newobj_se.fit_FALSE"/>
    <testcase time="0.00100000000020373" classname="ds.glmPredict_smk_gaussian_with_newobj" name="simple_glmPredict_gaussian_with_newobj_se.fit_FALSE"/>
    <testcase time="0.00100000000020373" classname="ds.glmPredict_smk_gaussian_with_newobj" name="simple_glmPredict_gaussian_with_newobj_se.fit_FALSE"/>
    <testcase time="0.000999999999748979" classname="ds.glmPredict_smk_gaussian_with_newobj" name="simple_glmPredict_gaussian_with_newobj_se.fit_FALSE"/>
    <testcase time="0.00199999999995271" classname="ds.glmPredict_smk_gaussian_with_newobj" name="simple_glmPredict_gaussian_with_newobj_se.fit_FALSE"/>
    <testcase time="0.00100000000020373" classname="ds.glmPredict_smk_gaussian_with_newobj" name="simple_glmPredict_gaussian_with_newobj_se.fit_FALSE"/>
    <testcase time="0.000999999999748979" classname="ds.glmPredict_smk_gaussian_with_newobj" name="simple_glmPredict_gaussian_with_newobj_se.fit_FALSE"/>
    <testcase time="0.00100000000020373" classname="ds.glmPredict_smk_gaussian_with_newobj" name="simple_glmPredict_gaussian_with_newobj_se.fit_FALSE"/>
    <testcase time="0.00199999999995271" classname="ds.glmPredict_smk_gaussian_with_newobj" name="simple_glmPredict_gaussian_with_newobj_se.fit_FALSE"/>
    <testcase time="0.000999999999748979" classname="ds.glmPredict_smk_gaussian_with_newobj" name="simple_glmPredict_gaussian_with_newobj_se.fit_FALSE"/>
    <testcase time="0.00100000000020373" classname="ds.glmPredict_smk_gaussian_with_newobj" name="simple_glmPredict_gaussian_with_newobj_se.fit_FALSE"/>
    <testcase time="0.00100000000020373" classname="ds.glmPredict_smk_gaussian_with_newobj" name="simple_glmPredict_gaussian_with_newobj_se.fit_FALSE"/>
    <testcase time="0.00199999999995271" classname="ds.glmPredict_smk_gaussian_with_newobj" name="simple_glmPredict_gaussian_with_newobj_se.fit_FALSE"/>
    <testcase time="0.000999999999748979" classname="ds.glmPredict_smk_gaussian_with_newobj" name="simple_glmPredict_gaussian_with_newobj_se.fit_FALSE"/>
    <testcase time="0.00100000000020373" classname="ds.glmPredict_smk_gaussian_with_newobj" name="simple_glmPredict_gaussian_with_newobj_se.fit_FALSE"/>
    <testcase time="0.00299999999970169" classname="ds.glmPredict_smk_gaussian_with_newobj" name="simple_glmPredict_gaussian_with_newobj_se.fit_FALSE"/>
    <testcase time="0.00100000000020373" classname="ds.glmPredict_smk_gaussian_with_newobj" name="simple_glmPredict_gaussian_with_newobj_se.fit_FALSE"/>
    <testcase time="0.00300000000015643" classname="ds.glmPredict_smk_gaussian_with_newobj" name="simple_glmPredict_gaussian_with_newobj_se.fit_FALSE"/>
    <testcase time="0.000999999999748979" classname="ds.glmPredict_smk_gaussian_with_newobj" name="simple_glmPredict_gaussian_with_newobj_se.fit_FALSE"/>
    <testcase time="0.00100000000020373" classname="ds.glmPredict_smk_gaussian_with_newobj" name="simple_glmPredict_gaussian_with_newobj_se.fit_FALSE"/>
    <testcase time="0.00199999999995271" classname="ds.glmPredict_smk_gaussian_with_newobj" name="simple_glmPredict_gaussian_with_newobj_se.fit_FALSE"/>
    <testcase time="0.000999999999748979" classname="ds.glmPredict_smk_gaussian_with_newobj" name="simple_glmPredict_gaussian_with_newobj_se.fit_FALSE"/>
    <testcase time="0.00100000000020373" classname="ds.glmPredict_smk_gaussian_with_newobj" name="simple_glmPredict_gaussian_with_newobj_se.fit_FALSE"/>
    <testcase time="0.00100000000020373" classname="ds.glmPredict_smk_gaussian_with_newobj" name="simple_glmPredict_gaussian_with_newobj_se.fit_FALSE"/>
    <testcase time="0.00199999999995271" classname="ds.glmPredict_smk_gaussian_with_newobj" name="simple_glmPredict_gaussian_with_newobj_se.fit_FALSE"/>
    <testcase time="0.000999999999748979" classname="ds.glmPredict_smk_gaussian_with_newobj" name="simple_glmPredict_gaussian_with_newobj_se.fit_FALSE"/>
    <testcase time="0.00100000000020373" classname="ds.glmPredict_smk_gaussian_with_newobj" name="simple_glmPredict_gaussian_with_newobj_se.fit_FALSE"/>
    <testcase time="0.00199999999995271" classname="ds.glmPredict_smk_gaussian_with_newobj" name="simple_glmPredict_gaussian_with_newobj_se.fit_FALSE"/>
    <testcase time="0.000999999999748979" classname="ds.glmPredict_smk_gaussian_with_newobj" name="simple_glmPredict_gaussian_with_newobj_se.fit_FALSE"/>
    <testcase time="0.00100000000020373" classname="ds.glmPredict_smk_gaussian_with_newobj" name="simple_glmPredict_gaussian_with_newobj_se.fit_FALSE"/>
    <testcase time="0.00199999999995271" classname="ds.glmPredict_smk_gaussian_with_newobj" name="simple_glmPredict_gaussian_with_newobj_se.fit_FALSE"/>
    <testcase time="0.00100000000020373" classname="ds.glmPredict_smk_gaussian_with_newobj" name="simple_glmPredict_gaussian_with_newobj_se.fit_FALSE"/>
    <testcase time="0.000999999999748979" classname="ds.glmPredict_smk_gaussian_with_newobj" name="simple_glmPredict_gaussian_with_newobj_se.fit_FALSE"/>
    <testcase time="0.00199999999995271" classname="ds.glmPredict_smk_gaussian_with_newobj" name="simple_glmPredict_gaussian_with_newobj_se.fit_FALSE"/>
    <testcase time="0.00100000000020373" classname="ds.glmPredict_smk_gaussian_with_newobj" name="simple_glmPredict_gaussian_with_newobj_se.fit_FALSE"/>
    <testcase time="0.000999999999748979" classname="ds.glmPredict_smk_gaussian_with_newobj" name="simple_glmPredict_gaussian_with_newobj_se.fit_FALSE"/>
    <testcase time="0.00300000000015643" classname="ds.glmPredict_smk_gaussian_with_newobj" name="simple_glmPredict_gaussian_with_newobj_se.fit_FALSE"/>
    <testcase time="0.00100000000020373" classname="ds.glmPredict_smk_gaussian_with_newobj" name="simple_glmPredict_gaussian_with_newobj_se.fit_FALSE"/>
    <testcase time="0.00299999999970169" classname="ds.glmPredict_smk_gaussian_with_newobj" name="simple_glmPredict_gaussian_with_newobj_se.fit_FALSE"/>
    <testcase time="0.00199999999995271" classname="ds.glmPredict_smk_gaussian_with_newobj" name="simple_glmPredict_gaussian_with_newobj_se.fit_FALSE"/>
    <testcase time="0.00100000000020373" classname="ds.glmPredict_smk_gaussian_with_newobj" name="simple_glmPredict_gaussian_with_newobj_se.fit_FALSE"/>
    <testcase time="0.000999999999748979" classname="ds.glmPredict_smk_gaussian_with_newobj" name="simple_glmPredict_gaussian_with_newobj_se.fit_FALSE"/>
    <testcase time="0.00200000000040745" classname="ds.glmPredict_smk_gaussian_with_newobj" name="simple_glmPredict_gaussian_with_newobj_se.fit_FALSE"/>
    <testcase time="0.000999999999748979" classname="ds.glmPredict_smk_gaussian_with_newobj" name="simple_glmPredict_gaussian_with_newobj_se.fit_FALSE"/>
    <testcase time="0.00199999999995271" classname="ds.glmPredict_smk_gaussian_with_newobj" name="simple_glmPredict_gaussian_with_newobj_se.fit_FALSE"/>
    <testcase time="0.00100000000020373" classname="ds.glmPredict_smk_gaussian_with_newobj" name="simple_glmPredict_gaussian_with_newobj_se.fit_FALSE"/>
    <testcase time="0.000999999999748979" classname="ds.glmPredict_smk_gaussian_with_newobj" name="simple_glmPredict_gaussian_with_newobj_se.fit_FALSE"/>
    <testcase time="0.00199999999995271" classname="ds.glmPredict_smk_gaussian_with_newobj" name="simple_glmPredict_gaussian_with_newobj_se.fit_FALSE"/>
    <testcase time="0.00100000000020373" classname="ds.glmPredict_smk_gaussian_with_newobj" name="simple_glmPredict_gaussian_with_newobj_se.fit_FALSE"/>
    <testcase time="0.00199999999995271" classname="ds.glmPredict_smk_gaussian_with_newobj" name="simple_glmPredict_gaussian_with_newobj_se.fit_FALSE"/>
    <testcase time="0.00100000000020373" classname="ds.glmPredict_smk_gaussian_with_newobj" name="simple_glmPredict_gaussian_with_newobj_se.fit_FALSE"/>
    <testcase time="0.000999999999748979" classname="ds.glmPredict_smk_gaussian_with_newobj" name="simple_glmPredict_gaussian_with_newobj_se.fit_FALSE"/>
    <testcase time="0.00199999999995271" classname="ds.glmPredict_smk_gaussian_with_newobj" name="simple_glmPredict_gaussian_with_newobj_se.fit_FALSE"/>
  </testsuite>
  <testsuite name="ds.glmPredict::smk::gaussian::sefit_true" timestamp="2025-09-19T12:10:08Z" hostname="runnervmf4ws1" tests="114" skipped="0" failures="0" errors="0" time="0.652">
    <testcase time="0.260000000000218" classname="ds.glmPredict_smk_gaussian_sefit_true" name="simple_glmPredict_gaussian_with_newobj_se.fit_TRUE"/>
    <testcase time="0.00199999999995271" classname="ds.glmPredict_smk_gaussian_sefit_true" name="simple_glmPredict_gaussian_with_newobj_se.fit_TRUE"/>
    <testcase time="0.000999999999748979" classname="ds.glmPredict_smk_gaussian_sefit_true" name="simple_glmPredict_gaussian_with_newobj_se.fit_TRUE"/>
    <testcase time="0.00100000000020373" classname="ds.glmPredict_smk_gaussian_sefit_true" name="simple_glmPredict_gaussian_with_newobj_se.fit_TRUE"/>
    <testcase time="0.222000000000207" classname="ds.glmPredict_smk_gaussian_sefit_true" name="simple_glmPredict_gaussian_with_newobj_se.fit_TRUE"/>
    <testcase time="0.000999999999748979" classname="ds.glmPredict_smk_gaussian_sefit_true" name="simple_glmPredict_gaussian_with_newobj_se.fit_TRUE"/>
    <testcase time="0.00100000000020373" classname="ds.glmPredict_smk_gaussian_sefit_true" name="simple_glmPredict_gaussian_with_newobj_se.fit_TRUE"/>
    <testcase time="0.000999999999748979" classname="ds.glmPredict_smk_gaussian_sefit_true" name="simple_glmPredict_gaussian_with_newobj_se.fit_TRUE"/>
    <testcase time="0.00199999999995271" classname="ds.glmPredict_smk_gaussian_sefit_true" name="simple_glmPredict_gaussian_with_newobj_se.fit_TRUE"/>
    <testcase time="0.00100000000020373" classname="ds.glmPredict_smk_gaussian_sefit_true" name="simple_glmPredict_gaussian_with_newobj_se.fit_TRUE"/>
    <testcase time="0.00199999999995271" classname="ds.glmPredict_smk_gaussian_sefit_true" name="simple_glmPredict_gaussian_with_newobj_se.fit_TRUE"/>
    <testcase time="0.00199999999995271" classname="ds.glmPredict_smk_gaussian_sefit_true" name="simple_glmPredict_gaussian_with_newobj_se.fit_TRUE"/>
    <testcase time="0.00199999999995271" classname="ds.glmPredict_smk_gaussian_sefit_true" name="simple_glmPredict_gaussian_with_newobj_se.fit_TRUE"/>
    <testcase time="0.00100000000020373" classname="ds.glmPredict_smk_gaussian_sefit_true" name="simple_glmPredict_gaussian_with_newobj_se.fit_TRUE"/>
    <testcase time="0.00199999999995271" classname="ds.glmPredict_smk_gaussian_sefit_true" name="simple_glmPredict_gaussian_with_newobj_se.fit_TRUE"/>
    <testcase time="0.000999999999748979" classname="ds.glmPredict_smk_gaussian_sefit_true" name="simple_glmPredict_gaussian_with_newobj_se.fit_TRUE"/>
    <testcase time="0.00100000000020373" classname="ds.glmPredict_smk_gaussian_sefit_true" name="simple_glmPredict_gaussian_with_newobj_se.fit_TRUE"/>
    <testcase time="0.00199999999995271" classname="ds.glmPredict_smk_gaussian_sefit_true" name="simple_glmPredict_gaussian_with_newobj_se.fit_TRUE"/>
    <testcase time="0.00100000000020373" classname="ds.glmPredict_smk_gaussian_sefit_true" name="simple_glmPredict_gaussian_with_newobj_se.fit_TRUE"/>
    <testcase time="0.000999999999748979" classname="ds.glmPredict_smk_gaussian_sefit_true" name="simple_glmPredict_gaussian_with_newobj_se.fit_TRUE"/>
    <testcase time="0.00100000000020373" classname="ds.glmPredict_smk_gaussian_sefit_true" name="simple_glmPredict_gaussian_with_newobj_se.fit_TRUE"/>
    <testcase time="0.000999999999748979" classname="ds.glmPredict_smk_gaussian_sefit_true" name="simple_glmPredict_gaussian_with_newobj_se.fit_TRUE"/>
    <testcase time="0.00199999999995271" classname="ds.glmPredict_smk_gaussian_sefit_true" name="simple_glmPredict_gaussian_with_newobj_se.fit_TRUE"/>
    <testcase time="0.00100000000020373" classname="ds.glmPredict_smk_gaussian_sefit_true" name="simple_glmPredict_gaussian_with_newobj_se.fit_TRUE"/>
    <testcase time="0.000999999999748979" classname="ds.glmPredict_smk_gaussian_sefit_true" name="simple_glmPredict_gaussian_with_newobj_se.fit_TRUE"/>
    <testcase time="0.00200000000040745" classname="ds.glmPredict_smk_gaussian_sefit_true" name="simple_glmPredict_gaussian_with_newobj_se.fit_TRUE"/>
    <testcase time="0.000999999999748979" classname="ds.glmPredict_smk_gaussian_sefit_true" name="simple_glmPredict_gaussian_with_newobj_se.fit_TRUE"/>
    <testcase time="0.00100000000020373" classname="ds.glmPredict_smk_gaussian_sefit_true" name="simple_glmPredict_gaussian_with_newobj_se.fit_TRUE"/>
    <testcase time="0.000999999999748979" classname="ds.glmPredict_smk_gaussian_sefit_true" name="simple_glmPredict_gaussian_with_newobj_se.fit_TRUE"/>
    <testcase time="0.00199999999995271" classname="ds.glmPredict_smk_gaussian_sefit_true" name="simple_glmPredict_gaussian_with_newobj_se.fit_TRUE"/>
    <testcase time="0.00100000000020373" classname="ds.glmPredict_smk_gaussian_sefit_true" name="simple_glmPredict_gaussian_with_newobj_se.fit_TRUE"/>
    <testcase time="0.000999999999748979" classname="ds.glmPredict_smk_gaussian_sefit_true" name="simple_glmPredict_gaussian_with_newobj_se.fit_TRUE"/>
    <testcase time="0.00200000000040745" classname="ds.glmPredict_smk_gaussian_sefit_true" name="simple_glmPredict_gaussian_with_newobj_se.fit_TRUE"/>
    <testcase time="0.000999999999748979" classname="ds.glmPredict_smk_gaussian_sefit_true" name="simple_glmPredict_gaussian_with_newobj_se.fit_TRUE"/>
    <testcase time="0.00100000000020373" classname="ds.glmPredict_smk_gaussian_sefit_true" name="simple_glmPredict_gaussian_with_newobj_se.fit_TRUE"/>
    <testcase time="0.00199999999995271" classname="ds.glmPredict_smk_gaussian_sefit_true" name="simple_glmPredict_gaussian_with_newobj_se.fit_TRUE"/>
    <testcase time="0.000999999999748979" classname="ds.glmPredict_smk_gaussian_sefit_true" name="simple_glmPredict_gaussian_with_newobj_se.fit_TRUE"/>
    <testcase time="0.00100000000020373" classname="ds.glmPredict_smk_gaussian_sefit_true" name="simple_glmPredict_gaussian_with_newobj_se.fit_TRUE"/>
    <testcase time="0.00199999999995271" classname="ds.glmPredict_smk_gaussian_sefit_true" name="simple_glmPredict_gaussian_with_newobj_se.fit_TRUE"/>
    <testcase time="0.000999999999748979" classname="ds.glmPredict_smk_gaussian_sefit_true" name="simple_glmPredict_gaussian_with_newobj_se.fit_TRUE"/>
    <testcase time="0.00100000000020373" classname="ds.glmPredict_smk_gaussian_sefit_true" name="simple_glmPredict_gaussian_with_newobj_se.fit_TRUE"/>
    <testcase time="0.00199999999995271" classname="ds.glmPredict_smk_gaussian_sefit_true" name="simple_glmPredict_gaussian_with_newobj_se.fit_TRUE"/>
    <testcase time="0.00100000000020373" classname="ds.glmPredict_smk_gaussian_sefit_true" name="simple_glmPredict_gaussian_with_newobj_se.fit_TRUE"/>
    <testcase time="0.000999999999748979" classname="ds.glmPredict_smk_gaussian_sefit_true" name="simple_glmPredict_gaussian_with_newobj_se.fit_TRUE"/>
    <testcase time="0.00199999999995271" classname="ds.glmPredict_smk_gaussian_sefit_true" name="simple_glmPredict_gaussian_with_newobj_se.fit_TRUE"/>
    <testcase time="0.00100000000020373" classname="ds.glmPredict_smk_gaussian_sefit_true" name="simple_glmPredict_gaussian_with_newobj_se.fit_TRUE"/>
    <testcase time="0.00300000000015643" classname="ds.glmPredict_smk_gaussian_sefit_true" name="simple_glmPredict_gaussian_with_newobj_se.fit_TRUE"/>
    <testcase time="0.000999999999748979" classname="ds.glmPredict_smk_gaussian_sefit_true" name="simple_glmPredict_gaussian_with_newobj_se.fit_TRUE"/>
    <testcase time="0.00300000000015643" classname="ds.glmPredict_smk_gaussian_sefit_true" name="simple_glmPredict_gaussian_with_newobj_se.fit_TRUE"/>
    <testcase time="0.000999999999748979" classname="ds.glmPredict_smk_gaussian_sefit_true" name="simple_glmPredict_gaussian_with_newobj_se.fit_TRUE"/>
    <testcase time="0.00100000000020373" classname="ds.glmPredict_smk_gaussian_sefit_true" name="simple_glmPredict_gaussian_with_newobj_se.fit_TRUE"/>
    <testcase time="0.00199999999995271" classname="ds.glmPredict_smk_gaussian_sefit_true" name="simple_glmPredict_gaussian_with_newobj_se.fit_TRUE"/>
    <testcase time="0.00100000000020373" classname="ds.glmPredict_smk_gaussian_sefit_true" name="simple_glmPredict_gaussian_with_newobj_se.fit_TRUE"/>
    <testcase time="0.00199999999995271" classname="ds.glmPredict_smk_gaussian_sefit_true" name="simple_glmPredict_gaussian_with_newobj_se.fit_TRUE"/>
    <testcase time="0.000999999999748979" classname="ds.glmPredict_smk_gaussian_sefit_true" name="simple_glmPredict_gaussian_with_newobj_se.fit_TRUE"/>
    <testcase time="0.00100000000020373" classname="ds.glmPredict_smk_gaussian_sefit_true" name="simple_glmPredict_gaussian_with_newobj_se.fit_TRUE"/>
    <testcase time="0.00199999999995271" classname="ds.glmPredict_smk_gaussian_sefit_true" name="simple_glmPredict_gaussian_with_newobj_se.fit_TRUE"/>
    <testcase time="0.000999999999748979" classname="ds.glmPredict_smk_gaussian_sefit_true" name="simple_glmPredict_gaussian_with_newobj_se.fit_TRUE"/>
    <testcase time="0.00100000000020373" classname="ds.glmPredict_smk_gaussian_sefit_true" name="simple_glmPredict_gaussian_with_newobj_se.fit_TRUE"/>
    <testcase time="0.00199999999995271" classname="ds.glmPredict_smk_gaussian_sefit_true" name="simple_glmPredict_gaussian_with_newobj_se.fit_TRUE"/>
    <testcase time="0.00100000000020373" classname="ds.glmPredict_smk_gaussian_sefit_true" name="simple_glmPredict_gaussian_with_newobj_se.fit_TRUE"/>
    <testcase time="0.00199999999995271" classname="ds.glmPredict_smk_gaussian_sefit_true" name="simple_glmPredict_gaussian_with_newobj_se.fit_TRUE"/>
    <testcase time="0.000999999999748979" classname="ds.glmPredict_smk_gaussian_sefit_true" name="simple_glmPredict_gaussian_with_newobj_se.fit_TRUE"/>
    <testcase time="0.00199999999995271" classname="ds.glmPredict_smk_gaussian_sefit_true" name="simple_glmPredict_gaussian_with_newobj_se.fit_TRUE"/>
    <testcase time="0.00100000000020373" classname="ds.glmPredict_smk_gaussian_sefit_true" name="simple_glmPredict_gaussian_with_newobj_se.fit_TRUE"/>
    <testcase time="0.000999999999748979" classname="ds.glmPredict_smk_gaussian_sefit_true" name="simple_glmPredict_gaussian_with_newobj_se.fit_TRUE"/>
    <testcase time="0.00200000000040745" classname="ds.glmPredict_smk_gaussian_sefit_true" name="simple_glmPredict_gaussian_with_newobj_se.fit_TRUE"/>
    <testcase time="0.000999999999748979" classname="ds.glmPredict_smk_gaussian_sefit_true" name="simple_glmPredict_gaussian_with_newobj_se.fit_TRUE"/>
    <testcase time="0.00199999999995271" classname="ds.glmPredict_smk_gaussian_sefit_true" name="simple_glmPredict_gaussian_with_newobj_se.fit_TRUE"/>
    <testcase time="0.00100000000020373" classname="ds.glmPredict_smk_gaussian_sefit_true" name="simple_glmPredict_gaussian_with_newobj_se.fit_TRUE"/>
    <testcase time="0.000999999999748979" classname="ds.glmPredict_smk_gaussian_sefit_true" name="simple_glmPredict_gaussian_with_newobj_se.fit_TRUE"/>
    <testcase time="0.000999999999748979" classname="ds.glmPredict_smk_gaussian_sefit_true" name="simple_glmPredict_gaussian_with_newobj_se.fit_TRUE"/>
    <testcase time="0.00100000000020373" classname="ds.glmPredict_smk_gaussian_sefit_true" name="simple_glmPredict_gaussian_with_newobj_se.fit_TRUE"/>
    <testcase time="0.00199999999995271" classname="ds.glmPredict_smk_gaussian_sefit_true" name="simple_glmPredict_gaussian_with_newobj_se.fit_TRUE"/>
    <testcase time="0.00100000000020373" classname="ds.glmPredict_smk_gaussian_sefit_true" name="simple_glmPredict_gaussian_with_newobj_se.fit_TRUE"/>
    <testcase time="0.00199999999995271" classname="ds.glmPredict_smk_gaussian_sefit_true" name="simple_glmPredict_gaussian_with_newobj_se.fit_TRUE"/>
    <testcase time="0.000999999999748979" classname="ds.glmPredict_smk_gaussian_sefit_true" name="simple_glmPredict_gaussian_with_newobj_se.fit_TRUE"/>
    <testcase time="0.00199999999995271" classname="ds.glmPredict_smk_gaussian_sefit_true" name="simple_glmPredict_gaussian_with_newobj_se.fit_TRUE"/>
    <testcase time="0.00100000000020373" classname="ds.glmPredict_smk_gaussian_sefit_true" name="simple_glmPredict_gaussian_with_newobj_se.fit_TRUE"/>
    <testcase time="0.00199999999995271" classname="ds.glmPredict_smk_gaussian_sefit_true" name="simple_glmPredict_gaussian_with_newobj_se.fit_TRUE"/>
    <testcase time="0.00100000000020373" classname="ds.glmPredict_smk_gaussian_sefit_true" name="simple_glmPredict_gaussian_with_newobj_se.fit_TRUE"/>
    <testcase time="0.000999999999748979" classname="ds.glmPredict_smk_gaussian_sefit_true" name="simple_glmPredict_gaussian_with_newobj_se.fit_TRUE"/>
    <testcase time="0.00300000000015643" classname="ds.glmPredict_smk_gaussian_sefit_true" name="simple_glmPredict_gaussian_with_newobj_se.fit_TRUE"/>
    <testcase time="0.00199999999995271" classname="ds.glmPredict_smk_gaussian_sefit_true" name="simple_glmPredict_gaussian_with_newobj_se.fit_TRUE"/>
    <testcase time="0.00300000000015643" classname="ds.glmPredict_smk_gaussian_sefit_true" name="simple_glmPredict_gaussian_with_newobj_se.fit_TRUE"/>
    <testcase time="0.000999999999748979" classname="ds.glmPredict_smk_gaussian_sefit_true" name="simple_glmPredict_gaussian_with_newobj_se.fit_TRUE"/>
    <testcase time="0.00199999999995271" classname="ds.glmPredict_smk_gaussian_sefit_true" name="simple_glmPredict_gaussian_with_newobj_se.fit_TRUE"/>
    <testcase time="0.00100000000020373" classname="ds.glmPredict_smk_gaussian_sefit_true" name="simple_glmPredict_gaussian_with_newobj_se.fit_TRUE"/>
    <testcase time="0.00199999999995271" classname="ds.glmPredict_smk_gaussian_sefit_true" name="simple_glmPredict_gaussian_with_newobj_se.fit_TRUE"/>
    <testcase time="0.000999999999748979" classname="ds.glmPredict_smk_gaussian_sefit_true" name="simple_glmPredict_gaussian_with_newobj_se.fit_TRUE"/>
    <testcase time="0.00200000000040745" classname="ds.glmPredict_smk_gaussian_sefit_true" name="simple_glmPredict_gaussian_with_newobj_se.fit_TRUE"/>
    <testcase time="0.000999999999748979" classname="ds.glmPredict_smk_gaussian_sefit_true" name="simple_glmPredict_gaussian_with_newobj_se.fit_TRUE"/>
    <testcase time="0.00199999999995271" classname="ds.glmPredict_smk_gaussian_sefit_true" name="simple_glmPredict_gaussian_with_newobj_se.fit_TRUE"/>
    <testcase time="0.00199999999995271" classname="ds.glmPredict_smk_gaussian_sefit_true" name="simple_glmPredict_gaussian_with_newobj_se.fit_TRUE"/>
    <testcase time="0.00100000000020373" classname="ds.glmPredict_smk_gaussian_sefit_true" name="simple_glmPredict_gaussian_with_newobj_se.fit_TRUE"/>
    <testcase time="0.00199999999995271" classname="ds.glmPredict_smk_gaussian_sefit_true" name="simple_glmPredict_gaussian_with_newobj_se.fit_TRUE"/>
    <testcase time="0.00100000000020373" classname="ds.glmPredict_smk_gaussian_sefit_true" name="simple_glmPredict_gaussian_with_newobj_se.fit_TRUE"/>
    <testcase time="0.00199999999995271" classname="ds.glmPredict_smk_gaussian_sefit_true" name="simple_glmPredict_gaussian_with_newobj_se.fit_TRUE"/>
    <testcase time="0.000999999999748979" classname="ds.glmPredict_smk_gaussian_sefit_true" name="simple_glmPredict_gaussian_with_newobj_se.fit_TRUE"/>
    <testcase time="0.00199999999995271" classname="ds.glmPredict_smk_gaussian_sefit_true" name="simple_glmPredict_gaussian_with_newobj_se.fit_TRUE"/>
    <testcase time="0.00100000000020373" classname="ds.glmPredict_smk_gaussian_sefit_true" name="simple_glmPredict_gaussian_with_newobj_se.fit_TRUE"/>
    <testcase time="0.00199999999995271" classname="ds.glmPredict_smk_gaussian_sefit_true" name="simple_glmPredict_gaussian_with_newobj_se.fit_TRUE"/>
    <testcase time="0.000999999999748979" classname="ds.glmPredict_smk_gaussian_sefit_true" name="simple_glmPredict_gaussian_with_newobj_se.fit_TRUE"/>
    <testcase time="0.00200000000040745" classname="ds.glmPredict_smk_gaussian_sefit_true" name="simple_glmPredict_gaussian_with_newobj_se.fit_TRUE"/>
    <testcase time="0.00799999999981083" classname="ds.glmPredict_smk_gaussian_sefit_true" name="simple_glmPredict_gaussian_with_newobj_se.fit_TRUE"/>
    <testcase time="0.00199999999995271" classname="ds.glmPredict_smk_gaussian_sefit_true" name="simple_glmPredict_gaussian_with_newobj_se.fit_TRUE"/>
    <testcase time="0.00100000000020373" classname="ds.glmPredict_smk_gaussian_sefit_true" name="simple_glmPredict_gaussian_with_newobj_se.fit_TRUE"/>
    <testcase time="0.00199999999995271" classname="ds.glmPredict_smk_gaussian_sefit_true" name="simple_glmPredict_gaussian_with_newobj_se.fit_TRUE"/>
    <testcase time="0.00199999999995271" classname="ds.glmPredict_smk_gaussian_sefit_true" name="simple_glmPredict_gaussian_with_newobj_se.fit_TRUE"/>
    <testcase time="0.000999999999748979" classname="ds.glmPredict_smk_gaussian_sefit_true" name="simple_glmPredict_gaussian_with_newobj_se.fit_TRUE"/>
    <testcase time="0.00200000000040745" classname="ds.glmPredict_smk_gaussian_sefit_true" name="simple_glmPredict_gaussian_with_newobj_se.fit_TRUE"/>
    <testcase time="0.000999999999748979" classname="ds.glmPredict_smk_gaussian_sefit_true" name="simple_glmPredict_gaussian_with_newobj_se.fit_TRUE"/>
    <testcase time="0.00199999999995271" classname="ds.glmPredict_smk_gaussian_sefit_true" name="simple_glmPredict_gaussian_with_newobj_se.fit_TRUE"/>
    <testcase time="0.00100000000020373" classname="ds.glmPredict_smk_gaussian_sefit_true" name="simple_glmPredict_gaussian_with_newobj_se.fit_TRUE"/>
  </testsuite>
  <testsuite name="ds.glmPredict::smk::gaussian::shutdown" timestamp="2025-09-19T12:10:09Z" hostname="runnervmf4ws1" tests="3" skipped="0" failures="0" errors="0" time="0.052">
    <testcase time="0.0499999999997272" classname="ds.glmPredict_smk_gaussian_shutdown" name="shutdown"/>
    <testcase time="0.00100000000020373" classname="ds.glmPredict_smk_gaussian_shutdown" name="shutdown"/>
    <testcase time="0.000999999999748979" classname="ds.glmPredict_smk_gaussian_shutdown" name="shutdown"/>
  </testsuite>
  <testsuite name="ds.glmPredict::smk::gaussian::done" timestamp="2025-09-19T12:10:09Z" hostname="runnervmf4ws1" tests="0" skipped="0" failures="0" errors="0" time="0"/>
  <testsuite name="smk-ds.glmPredict-poisson" timestamp="2025-09-19T12:10:09Z" hostname="runnervmf4ws1" tests="0" skipped="0" failures="0" errors="0" time="0"/>
  <testsuite name="ds.glmPredict::smk::poisson::setup" timestamp="2025-09-19T12:10:09Z" hostname="runnervmf4ws1" tests="3" skipped="0" failures="0" errors="0" time="7.517">
    <testcase time="7.51400000000012" classname="ds.glmPredict_smk_poisson_setup" name="setup"/>
    <testcase time="0.00199999999995271" classname="ds.glmPredict_smk_poisson_setup" name="setup"/>
    <testcase time="0.00100000000020373" classname="ds.glmPredict_smk_poisson_setup" name="setup"/>
  </testsuite>
  <testsuite name="ds.glmPredict::smk::poisson::without_newobj" timestamp="2025-09-19T12:10:16Z" hostname="runnervmf4ws1" tests="69" skipped="0" failures="0" errors="0" time="0.849">
    <testcase time="0.523999999999887" classname="ds.glmPredict_smk_poisson_without_newobj" name="simple_glmPredict_poisson_without_newobj_se.fit_FALSE"/>
    <testcase time="0.00100000000020373" classname="ds.glmPredict_smk_poisson_without_newobj" name="simple_glmPredict_poisson_without_newobj_se.fit_FALSE"/>
    <testcase time="0.000999999999748979" classname="ds.glmPredict_smk_poisson_without_newobj" name="simple_glmPredict_poisson_without_newobj_se.fit_FALSE"/>
    <testcase time="0.00100000000020373" classname="ds.glmPredict_smk_poisson_without_newobj" name="simple_glmPredict_poisson_without_newobj_se.fit_FALSE"/>
    <testcase time="0.230000000000018" classname="ds.glmPredict_smk_poisson_without_newobj" name="simple_glmPredict_poisson_without_newobj_se.fit_FALSE"/>
    <testcase time="0.000999999999748979" classname="ds.glmPredict_smk_poisson_without_newobj" name="simple_glmPredict_poisson_without_newobj_se.fit_FALSE"/>
    <testcase time="0.00100000000020373" classname="ds.glmPredict_smk_poisson_without_newobj" name="simple_glmPredict_poisson_without_newobj_se.fit_FALSE"/>
    <testcase time="0.00199999999995271" classname="ds.glmPredict_smk_poisson_without_newobj" name="simple_glmPredict_poisson_without_newobj_se.fit_FALSE"/>
    <testcase time="0.000999999999748979" classname="ds.glmPredict_smk_poisson_without_newobj" name="simple_glmPredict_poisson_without_newobj_se.fit_FALSE"/>
    <testcase time="0.00100000000020373" classname="ds.glmPredict_smk_poisson_without_newobj" name="simple_glmPredict_poisson_without_newobj_se.fit_FALSE"/>
    <testcase time="0.00300000000015643" classname="ds.glmPredict_smk_poisson_without_newobj" name="simple_glmPredict_poisson_without_newobj_se.fit_FALSE"/>
    <testcase time="0.000999999999748979" classname="ds.glmPredict_smk_poisson_without_newobj" name="simple_glmPredict_poisson_without_newobj_se.fit_FALSE"/>
    <testcase time="0.00199999999995271" classname="ds.glmPredict_smk_poisson_without_newobj" name="simple_glmPredict_poisson_without_newobj_se.fit_FALSE"/>
    <testcase time="0.00199999999995271" classname="ds.glmPredict_smk_poisson_without_newobj" name="simple_glmPredict_poisson_without_newobj_se.fit_FALSE"/>
    <testcase time="0.00100000000020373" classname="ds.glmPredict_smk_poisson_without_newobj" name="simple_glmPredict_poisson_without_newobj_se.fit_FALSE"/>
    <testcase time="0.00100000000020373" classname="ds.glmPredict_smk_poisson_without_newobj" name="simple_glmPredict_poisson_without_newobj_se.fit_FALSE"/>
    <testcase time="0.000999999999748979" classname="ds.glmPredict_smk_poisson_without_newobj" name="simple_glmPredict_poisson_without_newobj_se.fit_FALSE"/>
    <testcase time="0.00199999999995271" classname="ds.glmPredict_smk_poisson_without_newobj" name="simple_glmPredict_poisson_without_newobj_se.fit_FALSE"/>
    <testcase time="0.00100000000020373" classname="ds.glmPredict_smk_poisson_without_newobj" name="simple_glmPredict_poisson_without_newobj_se.fit_FALSE"/>
    <testcase time="0.000999999999748979" classname="ds.glmPredict_smk_poisson_without_newobj" name="simple_glmPredict_poisson_without_newobj_se.fit_FALSE"/>
    <testcase time="0.00100000000020373" classname="ds.glmPredict_smk_poisson_without_newobj" name="simple_glmPredict_poisson_without_newobj_se.fit_FALSE"/>
    <testcase time="0.00199999999995271" classname="ds.glmPredict_smk_poisson_without_newobj" name="simple_glmPredict_poisson_without_newobj_se.fit_FALSE"/>
    <testcase time="0.000999999999748979" classname="ds.glmPredict_smk_poisson_without_newobj" name="simple_glmPredict_poisson_without_newobj_se.fit_FALSE"/>
    <testcase time="0.00100000000020373" classname="ds.glmPredict_smk_poisson_without_newobj" name="simple_glmPredict_poisson_without_newobj_se.fit_FALSE"/>
    <testcase time="0.00100000000020373" classname="ds.glmPredict_smk_poisson_without_newobj" name="simple_glmPredict_poisson_without_newobj_se.fit_FALSE"/>
    <testcase time="0.00199999999995271" classname="ds.glmPredict_smk_poisson_without_newobj" name="simple_glmPredict_poisson_without_newobj_se.fit_FALSE"/>
    <testcase time="0.000999999999748979" classname="ds.glmPredict_smk_poisson_without_newobj" name="simple_glmPredict_poisson_without_newobj_se.fit_FALSE"/>
    <testcase time="0.00100000000020373" classname="ds.glmPredict_smk_poisson_without_newobj" name="simple_glmPredict_poisson_without_newobj_se.fit_FALSE"/>
    <testcase time="0.000999999999748979" classname="ds.glmPredict_smk_poisson_without_newobj" name="simple_glmPredict_poisson_without_newobj_se.fit_FALSE"/>
    <testcase time="0.00199999999995271" classname="ds.glmPredict_smk_poisson_without_newobj" name="simple_glmPredict_poisson_without_newobj_se.fit_FALSE"/>
    <testcase time="0.00100000000020373" classname="ds.glmPredict_smk_poisson_without_newobj" name="simple_glmPredict_poisson_without_newobj_se.fit_FALSE"/>
    <testcase time="0.00300000000015643" classname="ds.glmPredict_smk_poisson_without_newobj" name="simple_glmPredict_poisson_without_newobj_se.fit_FALSE"/>
    <testcase time="0.000999999999748979" classname="ds.glmPredict_smk_poisson_without_newobj" name="simple_glmPredict_poisson_without_newobj_se.fit_FALSE"/>
    <testcase time="0.00300000000015643" classname="ds.glmPredict_smk_poisson_without_newobj" name="simple_glmPredict_poisson_without_newobj_se.fit_FALSE"/>
    <testcase time="0.000999999999748979" classname="ds.glmPredict_smk_poisson_without_newobj" name="simple_glmPredict_poisson_without_newobj_se.fit_FALSE"/>
    <testcase time="0.00100000000020373" classname="ds.glmPredict_smk_poisson_without_newobj" name="simple_glmPredict_poisson_without_newobj_se.fit_FALSE"/>
    <testcase time="0.00199999999995271" classname="ds.glmPredict_smk_poisson_without_newobj" name="simple_glmPredict_poisson_without_newobj_se.fit_FALSE"/>
    <testcase time="0.00100000000020373" classname="ds.glmPredict_smk_poisson_without_newobj" name="simple_glmPredict_poisson_without_newobj_se.fit_FALSE"/>
    <testcase time="0.000999999999748979" classname="ds.glmPredict_smk_poisson_without_newobj" name="simple_glmPredict_poisson_without_newobj_se.fit_FALSE"/>
    <testcase time="0.00199999999995271" classname="ds.glmPredict_smk_poisson_without_newobj" name="simple_glmPredict_poisson_without_newobj_se.fit_FALSE"/>
    <testcase time="0.00100000000020373" classname="ds.glmPredict_smk_poisson_without_newobj" name="simple_glmPredict_poisson_without_newobj_se.fit_FALSE"/>
    <testcase time="0.000999999999748979" classname="ds.glmPredict_smk_poisson_without_newobj" name="simple_glmPredict_poisson_without_newobj_se.fit_FALSE"/>
    <testcase time="0.00199999999995271" classname="ds.glmPredict_smk_poisson_without_newobj" name="simple_glmPredict_poisson_without_newobj_se.fit_FALSE"/>
    <testcase time="0.00100000000020373" classname="ds.glmPredict_smk_poisson_without_newobj" name="simple_glmPredict_poisson_without_newobj_se.fit_FALSE"/>
    <testcase time="0.00100000000020373" classname="ds.glmPredict_smk_poisson_without_newobj" name="simple_glmPredict_poisson_without_newobj_se.fit_FALSE"/>
    <testcase time="0.00199999999995271" classname="ds.glmPredict_smk_poisson_without_newobj" name="simple_glmPredict_poisson_without_newobj_se.fit_FALSE"/>
    <testcase time="0.000999999999748979" classname="ds.glmPredict_smk_poisson_without_newobj" name="simple_glmPredict_poisson_without_newobj_se.fit_FALSE"/>
    <testcase time="0.00100000000020373" classname="ds.glmPredict_smk_poisson_without_newobj" name="simple_glmPredict_poisson_without_newobj_se.fit_FALSE"/>
    <testcase time="0.00199999999995271" classname="ds.glmPredict_smk_poisson_without_newobj" name="simple_glmPredict_poisson_without_newobj_se.fit_FALSE"/>
    <testcase time="0.000999999999748979" classname="ds.glmPredict_smk_poisson_without_newobj" name="simple_glmPredict_poisson_without_newobj_se.fit_FALSE"/>
    <testcase time="0.00100000000020373" classname="ds.glmPredict_smk_poisson_without_newobj" name="simple_glmPredict_poisson_without_newobj_se.fit_FALSE"/>
    <testcase time="0.00100000000020373" classname="ds.glmPredict_smk_poisson_without_newobj" name="simple_glmPredict_poisson_without_newobj_se.fit_FALSE"/>
    <testcase time="0.00299999999970169" classname="ds.glmPredict_smk_poisson_without_newobj" name="simple_glmPredict_poisson_without_newobj_se.fit_FALSE"/>
    <testcase time="0.00199999999995271" classname="ds.glmPredict_smk_poisson_without_newobj" name="simple_glmPredict_poisson_without_newobj_se.fit_FALSE"/>
    <testcase time="0.00199999999995271" classname="ds.glmPredict_smk_poisson_without_newobj" name="simple_glmPredict_poisson_without_newobj_se.fit_FALSE"/>
    <testcase time="0.00200000000040745" classname="ds.glmPredict_smk_poisson_without_newobj" name="simple_glmPredict_poisson_without_newobj_se.fit_FALSE"/>
    <testcase time="0.000999999999748979" classname="ds.glmPredict_smk_poisson_without_newobj" name="simple_glmPredict_poisson_without_newobj_se.fit_FALSE"/>
    <testcase time="0.00100000000020373" classname="ds.glmPredict_smk_poisson_without_newobj" name="simple_glmPredict_poisson_without_newobj_se.fit_FALSE"/>
    <testcase time="0.00199999999995271" classname="ds.glmPredict_smk_poisson_without_newobj" name="simple_glmPredict_poisson_without_newobj_se.fit_FALSE"/>
    <testcase time="0.000999999999748979" classname="ds.glmPredict_smk_poisson_without_newobj" name="simple_glmPredict_poisson_without_newobj_se.fit_FALSE"/>
    <testcase time="0.00100000000020373" classname="ds.glmPredict_smk_poisson_without_newobj" name="simple_glmPredict_poisson_without_newobj_se.fit_FALSE"/>
    <testcase time="0.00199999999995271" classname="ds.glmPredict_smk_poisson_without_newobj" name="simple_glmPredict_poisson_without_newobj_se.fit_FALSE"/>
    <testcase time="0.000999999999748979" classname="ds.glmPredict_smk_poisson_without_newobj" name="simple_glmPredict_poisson_without_newobj_se.fit_FALSE"/>
    <testcase time="0.00200000000040745" classname="ds.glmPredict_smk_poisson_without_newobj" name="simple_glmPredict_poisson_without_newobj_se.fit_FALSE"/>
    <testcase time="0.000999999999748979" classname="ds.glmPredict_smk_poisson_without_newobj" name="simple_glmPredict_poisson_without_newobj_se.fit_FALSE"/>
    <testcase time="0.00100000000020373" classname="ds.glmPredict_smk_poisson_without_newobj" name="simple_glmPredict_poisson_without_newobj_se.fit_FALSE"/>
    <testcase time="0.00199999999995271" classname="ds.glmPredict_smk_poisson_without_newobj" name="simple_glmPredict_poisson_without_newobj_se.fit_FALSE"/>
    <testcase time="0.000999999999748979" classname="ds.glmPredict_smk_poisson_without_newobj" name="simple_glmPredict_poisson_without_newobj_se.fit_FALSE"/>
    <testcase time="0.00199999999995271" classname="ds.glmPredict_smk_poisson_without_newobj" name="simple_glmPredict_poisson_without_newobj_se.fit_FALSE"/>
  </testsuite>
  <testsuite name="ds.glmPredict::smk::poisson::with_newobj" timestamp="2025-09-19T12:10:17Z" hostname="runnervmf4ws1" tests="69" skipped="0" failures="0" errors="0" time="0.819">
    <testcase time="0.502000000000407" classname="ds.glmPredict_smk_poisson_with_newobj" name="simple_glmPredict_poisson_with_newobj_se.fit_FALSE"/>
    <testcase time="0.000999999999748979" classname="ds.glmPredict_smk_poisson_with_newobj" name="simple_glmPredict_poisson_with_newobj_se.fit_FALSE"/>
    <testcase time="0.00199999999995271" classname="ds.glmPredict_smk_poisson_with_newobj" name="simple_glmPredict_poisson_with_newobj_se.fit_FALSE"/>
    <testcase time="0.00100000000020373" classname="ds.glmPredict_smk_poisson_with_newobj" name="simple_glmPredict_poisson_with_newobj_se.fit_FALSE"/>
    <testcase time="0.2199999999998" classname="ds.glmPredict_smk_poisson_with_newobj" name="simple_glmPredict_poisson_with_newobj_se.fit_FALSE"/>
    <testcase time="0.00100000000020373" classname="ds.glmPredict_smk_poisson_with_newobj" name="simple_glmPredict_poisson_with_newobj_se.fit_FALSE"/>
    <testcase time="0.000999999999748979" classname="ds.glmPredict_smk_poisson_with_newobj" name="simple_glmPredict_poisson_with_newobj_se.fit_FALSE"/>
    <testcase time="0.00100000000020373" classname="ds.glmPredict_smk_poisson_with_newobj" name="simple_glmPredict_poisson_with_newobj_se.fit_FALSE"/>
    <testcase time="0.000999999999748979" classname="ds.glmPredict_smk_poisson_with_newobj" name="simple_glmPredict_poisson_with_newobj_se.fit_FALSE"/>
    <testcase time="0.00200000000040745" classname="ds.glmPredict_smk_poisson_with_newobj" name="simple_glmPredict_poisson_with_newobj_se.fit_FALSE"/>
    <testcase time="0.00199999999995271" classname="ds.glmPredict_smk_poisson_with_newobj" name="simple_glmPredict_poisson_with_newobj_se.fit_FALSE"/>
    <testcase time="0.00199999999995271" classname="ds.glmPredict_smk_poisson_with_newobj" name="simple_glmPredict_poisson_with_newobj_se.fit_FALSE"/>
    <testcase time="0.00199999999995271" classname="ds.glmPredict_smk_poisson_with_newobj" name="simple_glmPredict_poisson_with_newobj_se.fit_FALSE"/>
    <testcase time="0.00199999999995271" classname="ds.glmPredict_smk_poisson_with_newobj" name="simple_glmPredict_poisson_with_newobj_se.fit_FALSE"/>
    <testcase time="0.000999999999748979" classname="ds.glmPredict_smk_poisson_with_newobj" name="simple_glmPredict_poisson_with_newobj_se.fit_FALSE"/>
    <testcase time="0.00100000000020373" classname="ds.glmPredict_smk_poisson_with_newobj" name="simple_glmPredict_poisson_with_newobj_se.fit_FALSE"/>
    <testcase time="0.00100000000020373" classname="ds.glmPredict_smk_poisson_with_newobj" name="simple_glmPredict_poisson_with_newobj_se.fit_FALSE"/>
    <testcase time="0.00199999999995271" classname="ds.glmPredict_smk_poisson_with_newobj" name="simple_glmPredict_poisson_with_newobj_se.fit_FALSE"/>
    <testcase time="0.000999999999748979" classname="ds.glmPredict_smk_poisson_with_newobj" name="simple_glmPredict_poisson_with_newobj_se.fit_FALSE"/>
    <testcase time="0.00100000000020373" classname="ds.glmPredict_smk_poisson_with_newobj" name="simple_glmPredict_poisson_with_newobj_se.fit_FALSE"/>
    <testcase time="0.000999999999748979" classname="ds.glmPredict_smk_poisson_with_newobj" name="simple_glmPredict_poisson_with_newobj_se.fit_FALSE"/>
    <testcase time="0.00199999999995271" classname="ds.glmPredict_smk_poisson_with_newobj" name="simple_glmPredict_poisson_with_newobj_se.fit_FALSE"/>
    <testcase time="0.00100000000020373" classname="ds.glmPredict_smk_poisson_with_newobj" name="simple_glmPredict_poisson_with_newobj_se.fit_FALSE"/>
    <testcase time="0.00100000000020373" classname="ds.glmPredict_smk_poisson_with_newobj" name="simple_glmPredict_poisson_with_newobj_se.fit_FALSE"/>
    <testcase time="0.000999999999748979" classname="ds.glmPredict_smk_poisson_with_newobj" name="simple_glmPredict_poisson_with_newobj_se.fit_FALSE"/>
    <testcase time="0.00199999999995271" classname="ds.glmPredict_smk_poisson_with_newobj" name="simple_glmPredict_poisson_with_newobj_se.fit_FALSE"/>
    <testcase time="0.00100000000020373" classname="ds.glmPredict_smk_poisson_with_newobj" name="simple_glmPredict_poisson_with_newobj_se.fit_FALSE"/>
    <testcase time="0.000999999999748979" classname="ds.glmPredict_smk_poisson_with_newobj" name="simple_glmPredict_poisson_with_newobj_se.fit_FALSE"/>
    <testcase time="0.00100000000020373" classname="ds.glmPredict_smk_poisson_with_newobj" name="simple_glmPredict_poisson_with_newobj_se.fit_FALSE"/>
    <testcase time="0.00199999999995271" classname="ds.glmPredict_smk_poisson_with_newobj" name="simple_glmPredict_poisson_with_newobj_se.fit_FALSE"/>
    <testcase time="0.00100000000020373" classname="ds.glmPredict_smk_poisson_with_newobj" name="simple_glmPredict_poisson_with_newobj_se.fit_FALSE"/>
    <testcase time="0.00299999999970169" classname="ds.glmPredict_smk_poisson_with_newobj" name="simple_glmPredict_poisson_with_newobj_se.fit_FALSE"/>
    <testcase time="0.00100000000020373" classname="ds.glmPredict_smk_poisson_with_newobj" name="simple_glmPredict_poisson_with_newobj_se.fit_FALSE"/>
    <testcase time="0.00299999999970169" classname="ds.glmPredict_smk_poisson_with_newobj" name="simple_glmPredict_poisson_with_newobj_se.fit_FALSE"/>
    <testcase time="0.00200000000040745" classname="ds.glmPredict_smk_poisson_with_newobj" name="simple_glmPredict_poisson_with_newobj_se.fit_FALSE"/>
    <testcase time="0.000999999999748979" classname="ds.glmPredict_smk_poisson_with_newobj" name="simple_glmPredict_poisson_with_newobj_se.fit_FALSE"/>
    <testcase time="0.00199999999995271" classname="ds.glmPredict_smk_poisson_with_newobj" name="simple_glmPredict_poisson_with_newobj_se.fit_FALSE"/>
    <testcase time="0.00100000000020373" classname="ds.glmPredict_smk_poisson_with_newobj" name="simple_glmPredict_poisson_with_newobj_se.fit_FALSE"/>
    <testcase time="0.000999999999748979" classname="ds.glmPredict_smk_poisson_with_newobj" name="simple_glmPredict_poisson_with_newobj_se.fit_FALSE"/>
    <testcase time="0.00199999999995271" classname="ds.glmPredict_smk_poisson_with_newobj" name="simple_glmPredict_poisson_with_newobj_se.fit_FALSE"/>
    <testcase time="0.00100000000020373" classname="ds.glmPredict_smk_poisson_with_newobj" name="simple_glmPredict_poisson_with_newobj_se.fit_FALSE"/>
    <testcase time="0.000999999999748979" classname="ds.glmPredict_smk_poisson_with_newobj" name="simple_glmPredict_poisson_with_newobj_se.fit_FALSE"/>
    <testcase time="0.00200000000040745" classname="ds.glmPredict_smk_poisson_with_newobj" name="simple_glmPredict_poisson_with_newobj_se.fit_FALSE"/>
    <testcase time="0.000999999999748979" classname="ds.glmPredict_smk_poisson_with_newobj" name="simple_glmPredict_poisson_with_newobj_se.fit_FALSE"/>
    <testcase time="0.00100000000020373" classname="ds.glmPredict_smk_poisson_with_newobj" name="simple_glmPredict_poisson_with_newobj_se.fit_FALSE"/>
    <testcase time="0.00199999999995271" classname="ds.glmPredict_smk_poisson_with_newobj" name="simple_glmPredict_poisson_with_newobj_se.fit_FALSE"/>
    <testcase time="0.000999999999748979" classname="ds.glmPredict_smk_poisson_with_newobj" name="simple_glmPredict_poisson_with_newobj_se.fit_FALSE"/>
    <testcase time="0.00100000000020373" classname="ds.glmPredict_smk_poisson_with_newobj" name="simple_glmPredict_poisson_with_newobj_se.fit_FALSE"/>
    <testcase time="0.00199999999995271" classname="ds.glmPredict_smk_poisson_with_newobj" name="simple_glmPredict_poisson_with_newobj_se.fit_FALSE"/>
    <testcase time="0.00100000000020373" classname="ds.glmPredict_smk_poisson_with_newobj" name="simple_glmPredict_poisson_with_newobj_se.fit_FALSE"/>
    <testcase time="0.000999999999748979" classname="ds.glmPredict_smk_poisson_with_newobj" name="simple_glmPredict_poisson_with_newobj_se.fit_FALSE"/>
    <testcase time="0.00100000000020373" classname="ds.glmPredict_smk_poisson_with_newobj" name="simple_glmPredict_poisson_with_newobj_se.fit_FALSE"/>
    <testcase time="0.00299999999970169" classname="ds.glmPredict_smk_poisson_with_newobj" name="simple_glmPredict_poisson_with_newobj_se.fit_FALSE"/>
    <testcase time="0.00199999999995271" classname="ds.glmPredict_smk_poisson_with_newobj" name="simple_glmPredict_poisson_with_newobj_se.fit_FALSE"/>
    <testcase time="0.00200000000040745" classname="ds.glmPredict_smk_poisson_with_newobj" name="simple_glmPredict_poisson_with_newobj_se.fit_FALSE"/>
    <testcase time="0.00199999999995271" classname="ds.glmPredict_smk_poisson_with_newobj" name="simple_glmPredict_poisson_with_newobj_se.fit_FALSE"/>
    <testcase time="0.000999999999748979" classname="ds.glmPredict_smk_poisson_with_newobj" name="simple_glmPredict_poisson_with_newobj_se.fit_FALSE"/>
    <testcase time="0.00199999999995271" classname="ds.glmPredict_smk_poisson_with_newobj" name="simple_glmPredict_poisson_with_newobj_se.fit_FALSE"/>
    <testcase time="0.00100000000020373" classname="ds.glmPredict_smk_poisson_with_newobj" name="simple_glmPredict_poisson_with_newobj_se.fit_FALSE"/>
    <testcase time="0.00199999999995271" classname="ds.glmPredict_smk_poisson_with_newobj" name="simple_glmPredict_poisson_with_newobj_se.fit_FALSE"/>
    <testcase time="0.000999999999748979" classname="ds.glmPredict_smk_poisson_with_newobj" name="simple_glmPredict_poisson_with_newobj_se.fit_FALSE"/>
    <testcase time="0.00100000000020373" classname="ds.glmPredict_smk_poisson_with_newobj" name="simple_glmPredict_poisson_with_newobj_se.fit_FALSE"/>
    <testcase time="0.00199999999995271" classname="ds.glmPredict_smk_poisson_with_newobj" name="simple_glmPredict_poisson_with_newobj_se.fit_FALSE"/>
    <testcase time="0.00100000000020373" classname="ds.glmPredict_smk_poisson_with_newobj" name="simple_glmPredict_poisson_with_newobj_se.fit_FALSE"/>
    <testcase time="0.00199999999995271" classname="ds.glmPredict_smk_poisson_with_newobj" name="simple_glmPredict_poisson_with_newobj_se.fit_FALSE"/>
    <testcase time="0.000999999999748979" classname="ds.glmPredict_smk_poisson_with_newobj" name="simple_glmPredict_poisson_with_newobj_se.fit_FALSE"/>
    <testcase time="0.00100000000020373" classname="ds.glmPredict_smk_poisson_with_newobj" name="simple_glmPredict_poisson_with_newobj_se.fit_FALSE"/>
    <testcase time="0.00199999999995271" classname="ds.glmPredict_smk_poisson_with_newobj" name="simple_glmPredict_poisson_with_newobj_se.fit_FALSE"/>
    <testcase time="0.00100000000020373" classname="ds.glmPredict_smk_poisson_with_newobj" name="simple_glmPredict_poisson_with_newobj_se.fit_FALSE"/>
  </testsuite>
  <testsuite name="ds.glmPredict::smk::poisson::sefit_true" timestamp="2025-09-19T12:10:18Z" hostname="runnervmf4ws1" tests="114" skipped="0" failures="0" errors="0" time="0.895">
    <testcase time="0.49599999999964" classname="ds.glmPredict_smk_poisson_sefit_true" name="simple_glmPredict_poisson_with_newobj_se.fit_TRUE"/>
    <testcase time="0.00100000000020373" classname="ds.glmPredict_smk_poisson_sefit_true" name="simple_glmPredict_poisson_with_newobj_se.fit_TRUE"/>
    <testcase time="0.000999999999748979" classname="ds.glmPredict_smk_poisson_sefit_true" name="simple_glmPredict_poisson_with_newobj_se.fit_TRUE"/>
    <testcase time="0.00100000000020373" classname="ds.glmPredict_smk_poisson_sefit_true" name="simple_glmPredict_poisson_with_newobj_se.fit_TRUE"/>
    <testcase time="0.226999999999862" classname="ds.glmPredict_smk_poisson_sefit_true" name="simple_glmPredict_poisson_with_newobj_se.fit_TRUE"/>
    <testcase time="0.00199999999995271" classname="ds.glmPredict_smk_poisson_sefit_true" name="simple_glmPredict_poisson_with_newobj_se.fit_TRUE"/>
    <testcase time="0.00100000000020373" classname="ds.glmPredict_smk_poisson_sefit_true" name="simple_glmPredict_poisson_with_newobj_se.fit_TRUE"/>
    <testcase time="0.00100000000020373" classname="ds.glmPredict_smk_poisson_sefit_true" name="simple_glmPredict_poisson_with_newobj_se.fit_TRUE"/>
    <testcase time="0.000999999999748979" classname="ds.glmPredict_smk_poisson_sefit_true" name="simple_glmPredict_poisson_with_newobj_se.fit_TRUE"/>
    <testcase time="0.00100000000020373" classname="ds.glmPredict_smk_poisson_sefit_true" name="simple_glmPredict_poisson_with_newobj_se.fit_TRUE"/>
    <testcase time="0.00299999999970169" classname="ds.glmPredict_smk_poisson_sefit_true" name="simple_glmPredict_poisson_with_newobj_se.fit_TRUE"/>
    <testcase time="0.00100000000020373" classname="ds.glmPredict_smk_poisson_sefit_true" name="simple_glmPredict_poisson_with_newobj_se.fit_TRUE"/>
    <testcase time="0.00299999999970169" classname="ds.glmPredict_smk_poisson_sefit_true" name="simple_glmPredict_poisson_with_newobj_se.fit_TRUE"/>
    <testcase time="0.00100000000020373" classname="ds.glmPredict_smk_poisson_sefit_true" name="simple_glmPredict_poisson_with_newobj_se.fit_TRUE"/>
    <testcase time="0.00199999999995271" classname="ds.glmPredict_smk_poisson_sefit_true" name="simple_glmPredict_poisson_with_newobj_se.fit_TRUE"/>
    <testcase time="0.00100000000020373" classname="ds.glmPredict_smk_poisson_sefit_true" name="simple_glmPredict_poisson_with_newobj_se.fit_TRUE"/>
    <testcase time="0.000999999999748979" classname="ds.glmPredict_smk_poisson_sefit_true" name="simple_glmPredict_poisson_with_newobj_se.fit_TRUE"/>
    <testcase time="0.00199999999995271" classname="ds.glmPredict_smk_poisson_sefit_true" name="simple_glmPredict_poisson_with_newobj_se.fit_TRUE"/>
    <testcase time="0.00100000000020373" classname="ds.glmPredict_smk_poisson_sefit_true" name="simple_glmPredict_poisson_with_newobj_se.fit_TRUE"/>
    <testcase time="0.000999999999748979" classname="ds.glmPredict_smk_poisson_sefit_true" name="simple_glmPredict_poisson_with_newobj_se.fit_TRUE"/>
    <testcase time="0.00100000000020373" classname="ds.glmPredict_smk_poisson_sefit_true" name="simple_glmPredict_poisson_with_newobj_se.fit_TRUE"/>
    <testcase time="0.00199999999995271" classname="ds.glmPredict_smk_poisson_sefit_true" name="simple_glmPredict_poisson_with_newobj_se.fit_TRUE"/>
    <testcase time="0.00100000000020373" classname="ds.glmPredict_smk_poisson_sefit_true" name="simple_glmPredict_poisson_with_newobj_se.fit_TRUE"/>
    <testcase time="0.000999999999748979" classname="ds.glmPredict_smk_poisson_sefit_true" name="simple_glmPredict_poisson_with_newobj_se.fit_TRUE"/>
    <testcase time="0.00199999999995271" classname="ds.glmPredict_smk_poisson_sefit_true" name="simple_glmPredict_poisson_with_newobj_se.fit_TRUE"/>
    <testcase time="0.00100000000020373" classname="ds.glmPredict_smk_poisson_sefit_true" name="simple_glmPredict_poisson_with_newobj_se.fit_TRUE"/>
    <testcase time="0.000999999999748979" classname="ds.glmPredict_smk_poisson_sefit_true" name="simple_glmPredict_poisson_with_newobj_se.fit_TRUE"/>
    <testcase time="0.00200000000040745" classname="ds.glmPredict_smk_poisson_sefit_true" name="simple_glmPredict_poisson_with_newobj_se.fit_TRUE"/>
    <testcase time="0.000999999999748979" classname="ds.glmPredict_smk_poisson_sefit_true" name="simple_glmPredict_poisson_with_newobj_se.fit_TRUE"/>
    <testcase time="0.00100000000020373" classname="ds.glmPredict_smk_poisson_sefit_true" name="simple_glmPredict_poisson_with_newobj_se.fit_TRUE"/>
    <testcase time="0.00199999999995271" classname="ds.glmPredict_smk_poisson_sefit_true" name="simple_glmPredict_poisson_with_newobj_se.fit_TRUE"/>
    <testcase time="0.000999999999748979" classname="ds.glmPredict_smk_poisson_sefit_true" name="simple_glmPredict_poisson_with_newobj_se.fit_TRUE"/>
    <testcase time="0.00100000000020373" classname="ds.glmPredict_smk_poisson_sefit_true" name="simple_glmPredict_poisson_with_newobj_se.fit_TRUE"/>
    <testcase time="0.000999999999748979" classname="ds.glmPredict_smk_poisson_sefit_true" name="simple_glmPredict_poisson_with_newobj_se.fit_TRUE"/>
    <testcase time="0.00199999999995271" classname="ds.glmPredict_smk_poisson_sefit_true" name="simple_glmPredict_poisson_with_newobj_se.fit_TRUE"/>
    <testcase time="0.00100000000020373" classname="ds.glmPredict_smk_poisson_sefit_true" name="simple_glmPredict_poisson_with_newobj_se.fit_TRUE"/>
    <testcase time="0.00100000000020373" classname="ds.glmPredict_smk_poisson_sefit_true" name="simple_glmPredict_poisson_with_newobj_se.fit_TRUE"/>
    <testcase time="0.00199999999995271" classname="ds.glmPredict_smk_poisson_sefit_true" name="simple_glmPredict_poisson_with_newobj_se.fit_TRUE"/>
    <testcase time="0.000999999999748979" classname="ds.glmPredict_smk_poisson_sefit_true" name="simple_glmPredict_poisson_with_newobj_se.fit_TRUE"/>
    <testcase time="0.00199999999995271" classname="ds.glmPredict_smk_poisson_sefit_true" name="simple_glmPredict_poisson_with_newobj_se.fit_TRUE"/>
    <testcase time="0.00100000000020373" classname="ds.glmPredict_smk_poisson_sefit_true" name="simple_glmPredict_poisson_with_newobj_se.fit_TRUE"/>
    <testcase time="0.000999999999748979" classname="ds.glmPredict_smk_poisson_sefit_true" name="simple_glmPredict_poisson_with_newobj_se.fit_TRUE"/>
    <testcase time="0.00100000000020373" classname="ds.glmPredict_smk_poisson_sefit_true" name="simple_glmPredict_poisson_with_newobj_se.fit_TRUE"/>
    <testcase time="0.00199999999995271" classname="ds.glmPredict_smk_poisson_sefit_true" name="simple_glmPredict_poisson_with_newobj_se.fit_TRUE"/>
    <testcase time="0.00100000000020373" classname="ds.glmPredict_smk_poisson_sefit_true" name="simple_glmPredict_poisson_with_newobj_se.fit_TRUE"/>
    <testcase time="0.000999999999748979" classname="ds.glmPredict_smk_poisson_sefit_true" name="simple_glmPredict_poisson_with_newobj_se.fit_TRUE"/>
    <testcase time="0.00300000000015643" classname="ds.glmPredict_smk_poisson_sefit_true" name="simple_glmPredict_poisson_with_newobj_se.fit_TRUE"/>
    <testcase time="0.00199999999995271" classname="ds.glmPredict_smk_poisson_sefit_true" name="simple_glmPredict_poisson_with_newobj_se.fit_TRUE"/>
    <testcase time="0.00199999999995271" classname="ds.glmPredict_smk_poisson_sefit_true" name="simple_glmPredict_poisson_with_newobj_se.fit_TRUE"/>
    <testcase time="0.00199999999995271" classname="ds.glmPredict_smk_poisson_sefit_true" name="simple_glmPredict_poisson_with_newobj_se.fit_TRUE"/>
    <testcase time="0.00100000000020373" classname="ds.glmPredict_smk_poisson_sefit_true" name="simple_glmPredict_poisson_with_newobj_se.fit_TRUE"/>
    <testcase time="0.00199999999995271" classname="ds.glmPredict_smk_poisson_sefit_true" name="simple_glmPredict_poisson_with_newobj_se.fit_TRUE"/>
    <testcase time="0.000999999999748979" classname="ds.glmPredict_smk_poisson_sefit_true" name="simple_glmPredict_poisson_with_newobj_se.fit_TRUE"/>
    <testcase time="0.00100000000020373" classname="ds.glmPredict_smk_poisson_sefit_true" name="simple_glmPredict_poisson_with_newobj_se.fit_TRUE"/>
    <testcase time="0.00199999999995271" classname="ds.glmPredict_smk_poisson_sefit_true" name="simple_glmPredict_poisson_with_newobj_se.fit_TRUE"/>
    <testcase time="0.00100000000020373" classname="ds.glmPredict_smk_poisson_sefit_true" name="simple_glmPredict_poisson_with_newobj_se.fit_TRUE"/>
    <testcase time="0.00199999999995271" classname="ds.glmPredict_smk_poisson_sefit_true" name="simple_glmPredict_poisson_with_newobj_se.fit_TRUE"/>
    <testcase time="0.000999999999748979" classname="ds.glmPredict_smk_poisson_sefit_true" name="simple_glmPredict_poisson_with_newobj_se.fit_TRUE"/>
    <testcase time="0.00199999999995271" classname="ds.glmPredict_smk_poisson_sefit_true" name="simple_glmPredict_poisson_with_newobj_se.fit_TRUE"/>
    <testcase time="0.00100000000020373" classname="ds.glmPredict_smk_poisson_sefit_true" name="simple_glmPredict_poisson_with_newobj_se.fit_TRUE"/>
    <testcase time="0.000999999999748979" classname="ds.glmPredict_smk_poisson_sefit_true" name="simple_glmPredict_poisson_with_newobj_se.fit_TRUE"/>
    <testcase time="0.00200000000040745" classname="ds.glmPredict_smk_poisson_sefit_true" name="simple_glmPredict_poisson_with_newobj_se.fit_TRUE"/>
    <testcase time="0.000999999999748979" classname="ds.glmPredict_smk_poisson_sefit_true" name="simple_glmPredict_poisson_with_newobj_se.fit_TRUE"/>
    <testcase time="0.00199999999995271" classname="ds.glmPredict_smk_poisson_sefit_true" name="simple_glmPredict_poisson_with_newobj_se.fit_TRUE"/>
    <testcase time="0.00100000000020373" classname="ds.glmPredict_smk_poisson_sefit_true" name="simple_glmPredict_poisson_with_newobj_se.fit_TRUE"/>
    <testcase time="0.00199999999995271" classname="ds.glmPredict_smk_poisson_sefit_true" name="simple_glmPredict_poisson_with_newobj_se.fit_TRUE"/>
    <testcase time="0.000999999999748979" classname="ds.glmPredict_smk_poisson_sefit_true" name="simple_glmPredict_poisson_with_newobj_se.fit_TRUE"/>
    <testcase time="0.00200000000040745" classname="ds.glmPredict_smk_poisson_sefit_true" name="simple_glmPredict_poisson_with_newobj_se.fit_TRUE"/>
    <testcase time="0.000999999999748979" classname="ds.glmPredict_smk_poisson_sefit_true" name="simple_glmPredict_poisson_with_newobj_se.fit_TRUE"/>
    <testcase time="0.00100000000020373" classname="ds.glmPredict_smk_poisson_sefit_true" name="simple_glmPredict_poisson_with_newobj_se.fit_TRUE"/>
    <testcase time="0.00199999999995271" classname="ds.glmPredict_smk_poisson_sefit_true" name="simple_glmPredict_poisson_with_newobj_se.fit_TRUE"/>
    <testcase time="0.000999999999748979" classname="ds.glmPredict_smk_poisson_sefit_true" name="simple_glmPredict_poisson_with_newobj_se.fit_TRUE"/>
    <testcase time="0.00199999999995271" classname="ds.glmPredict_smk_poisson_sefit_true" name="simple_glmPredict_poisson_with_newobj_se.fit_TRUE"/>
    <testcase time="0.00800000000026557" classname="ds.glmPredict_smk_poisson_sefit_true" name="simple_glmPredict_poisson_with_newobj_se.fit_TRUE"/>
    <testcase time="0.00199999999995271" classname="ds.glmPredict_smk_poisson_sefit_true" name="simple_glmPredict_poisson_with_newobj_se.fit_TRUE"/>
    <testcase time="0.000999999999748979" classname="ds.glmPredict_smk_poisson_sefit_true" name="simple_glmPredict_poisson_with_newobj_se.fit_TRUE"/>
    <testcase time="0.00200000000040745" classname="ds.glmPredict_smk_poisson_sefit_true" name="simple_glmPredict_poisson_with_newobj_se.fit_TRUE"/>
    <testcase time="0.000999999999748979" classname="ds.glmPredict_smk_poisson_sefit_true" name="simple_glmPredict_poisson_with_newobj_se.fit_TRUE"/>
    <testcase time="0.00199999999995271" classname="ds.glmPredict_smk_poisson_sefit_true" name="simple_glmPredict_poisson_with_newobj_se.fit_TRUE"/>
    <testcase time="0.00100000000020373" classname="ds.glmPredict_smk_poisson_sefit_true" name="simple_glmPredict_poisson_with_newobj_se.fit_TRUE"/>
    <testcase time="0.00199999999995271" classname="ds.glmPredict_smk_poisson_sefit_true" name="simple_glmPredict_poisson_with_newobj_se.fit_TRUE"/>
    <testcase time="0.000999999999748979" classname="ds.glmPredict_smk_poisson_sefit_true" name="simple_glmPredict_poisson_with_newobj_se.fit_TRUE"/>
    <testcase time="0.00300000000015643" classname="ds.glmPredict_smk_poisson_sefit_true" name="simple_glmPredict_poisson_with_newobj_se.fit_TRUE"/>
    <testcase time="0.00100000000020373" classname="ds.glmPredict_smk_poisson_sefit_true" name="simple_glmPredict_poisson_with_newobj_se.fit_TRUE"/>
    <testcase time="0.00299999999970169" classname="ds.glmPredict_smk_poisson_sefit_true" name="simple_glmPredict_poisson_with_newobj_se.fit_TRUE"/>
    <testcase time="0.00199999999995271" classname="ds.glmPredict_smk_poisson_sefit_true" name="simple_glmPredict_poisson_with_newobj_se.fit_TRUE"/>
    <testcase time="0.00100000000020373" classname="ds.glmPredict_smk_poisson_sefit_true" name="simple_glmPredict_poisson_with_newobj_se.fit_TRUE"/>
    <testcase time="0.00199999999995271" classname="ds.glmPredict_smk_poisson_sefit_true" name="simple_glmPredict_poisson_with_newobj_se.fit_TRUE"/>
    <testcase time="0.00100000000020373" classname="ds.glmPredict_smk_poisson_sefit_true" name="simple_glmPredict_poisson_with_newobj_se.fit_TRUE"/>
    <testcase time="0.00199999999995271" classname="ds.glmPredict_smk_poisson_sefit_true" name="simple_glmPredict_poisson_with_newobj_se.fit_TRUE"/>
    <testcase time="0.000999999999748979" classname="ds.glmPredict_smk_poisson_sefit_true" name="simple_glmPredict_poisson_with_newobj_se.fit_TRUE"/>
    <testcase time="0.00199999999995271" classname="ds.glmPredict_smk_poisson_sefit_true" name="simple_glmPredict_poisson_with_newobj_se.fit_TRUE"/>
    <testcase time="0.00100000000020373" classname="ds.glmPredict_smk_poisson_sefit_true" name="simple_glmPredict_poisson_with_newobj_se.fit_TRUE"/>
    <testcase time="0.00199999999995271" classname="ds.glmPredict_smk_poisson_sefit_true" name="simple_glmPredict_poisson_with_newobj_se.fit_TRUE"/>
    <testcase time="0.00100000000020373" classname="ds.glmPredict_smk_poisson_sefit_true" name="simple_glmPredict_poisson_with_newobj_se.fit_TRUE"/>
    <testcase time="0.00199999999995271" classname="ds.glmPredict_smk_poisson_sefit_true" name="simple_glmPredict_poisson_with_newobj_se.fit_TRUE"/>
    <testcase time="0.000999999999748979" classname="ds.glmPredict_smk_poisson_sefit_true" name="simple_glmPredict_poisson_with_newobj_se.fit_TRUE"/>
    <testcase time="0.00199999999995271" classname="ds.glmPredict_smk_poisson_sefit_true" name="simple_glmPredict_poisson_with_newobj_se.fit_TRUE"/>
    <testcase time="0.00100000000020373" classname="ds.glmPredict_smk_poisson_sefit_true" name="simple_glmPredict_poisson_with_newobj_se.fit_TRUE"/>
    <testcase time="0.00199999999995271" classname="ds.glmPredict_smk_poisson_sefit_true" name="simple_glmPredict_poisson_with_newobj_se.fit_TRUE"/>
    <testcase time="0.00100000000020373" classname="ds.glmPredict_smk_poisson_sefit_true" name="simple_glmPredict_poisson_with_newobj_se.fit_TRUE"/>
    <testcase time="0.00199999999995271" classname="ds.glmPredict_smk_poisson_sefit_true" name="simple_glmPredict_poisson_with_newobj_se.fit_TRUE"/>
    <testcase time="0.000999999999748979" classname="ds.glmPredict_smk_poisson_sefit_true" name="simple_glmPredict_poisson_with_newobj_se.fit_TRUE"/>
    <testcase time="0.00199999999995271" classname="ds.glmPredict_smk_poisson_sefit_true" name="simple_glmPredict_poisson_with_newobj_se.fit_TRUE"/>
    <testcase time="0.00100000000020373" classname="ds.glmPredict_smk_poisson_sefit_true" name="simple_glmPredict_poisson_with_newobj_se.fit_TRUE"/>
    <testcase time="0.00199999999995271" classname="ds.glmPredict_smk_poisson_sefit_true" name="simple_glmPredict_poisson_with_newobj_se.fit_TRUE"/>
    <testcase time="0.00100000000020373" classname="ds.glmPredict_smk_poisson_sefit_true" name="simple_glmPredict_poisson_with_newobj_se.fit_TRUE"/>
    <testcase time="0.00199999999995271" classname="ds.glmPredict_smk_poisson_sefit_true" name="simple_glmPredict_poisson_with_newobj_se.fit_TRUE"/>
    <testcase time="0.000999999999748979" classname="ds.glmPredict_smk_poisson_sefit_true" name="simple_glmPredict_poisson_with_newobj_se.fit_TRUE"/>
    <testcase time="0.00199999999995271" classname="ds.glmPredict_smk_poisson_sefit_true" name="simple_glmPredict_poisson_with_newobj_se.fit_TRUE"/>
    <testcase time="0.00199999999995271" classname="ds.glmPredict_smk_poisson_sefit_true" name="simple_glmPredict_poisson_with_newobj_se.fit_TRUE"/>
    <testcase time="0.00100000000020373" classname="ds.glmPredict_smk_poisson_sefit_true" name="simple_glmPredict_poisson_with_newobj_se.fit_TRUE"/>
    <testcase time="0.00199999999995271" classname="ds.glmPredict_smk_poisson_sefit_true" name="simple_glmPredict_poisson_with_newobj_se.fit_TRUE"/>
    <testcase time="0.00100000000020373" classname="ds.glmPredict_smk_poisson_sefit_true" name="simple_glmPredict_poisson_with_newobj_se.fit_TRUE"/>
  </testsuite>
  <testsuite name="ds.glmPredict::smk::poisson::shutdown" timestamp="2025-09-19T12:10:19Z" hostname="runnervmf4ws1" tests="3" skipped="0" failures="0" errors="0" time="0.051">
    <testcase time="0.0489999999999782" classname="ds.glmPredict_smk_poisson_shutdown" name="shutdown"/>
    <testcase time="0.000999999999748979" classname="ds.glmPredict_smk_poisson_shutdown" name="shutdown"/>
    <testcase time="0.00100000000020373" classname="ds.glmPredict_smk_poisson_shutdown" name="shutdown"/>
  </testsuite>
  <testsuite name="ds.glmPredict::smk::poisson::done" timestamp="2025-09-19T12:10:19Z" hostname="runnervmf4ws1" tests="0" skipped="0" failures="0" errors="0" time="0"/>
  <testsuite name="smk-ds.glmSLMA" timestamp="2025-09-19T12:10:19Z" hostname="runnervmf4ws1" tests="0" skipped="0" failures="0" errors="0" time="0"/>
  <testsuite name="ds.glmSLMA::smk::setup" timestamp="2025-09-19T12:10:19Z" hostname="runnervmf4ws1" tests="3" skipped="0" failures="0" errors="0" time="7.57">
    <testcase time="7.56700000000001" classname="ds.glmSLMA_smk_setup" name="setup"/>
    <testcase time="0.00199999999995271" classname="ds.glmSLMA_smk_setup" name="setup"/>
    <testcase time="0.000999999999748979" classname="ds.glmSLMA_smk_setup" name="setup"/>
  </testsuite>
  <testsuite name="ds.glmSLMA::smk::gaussian" timestamp="2025-09-19T12:10:26Z" hostname="runnervmf4ws1" tests="47" skipped="0" failures="0" errors="0" time="0.475">
    <testcase time="0.400000000000091" classname="ds.glmSLMA_smk_gaussian" name="simple_glmSLMA_gaussian"/>
    <testcase time="0.00100000000020373" classname="ds.glmSLMA_smk_gaussian" name="simple_glmSLMA_gaussian"/>
    <testcase time="0.00299999999970169" classname="ds.glmSLMA_smk_gaussian" name="simple_glmSLMA_gaussian"/>
    <testcase time="0.00300000000015643" classname="ds.glmSLMA_smk_gaussian" name="simple_glmSLMA_gaussian"/>
    <testcase time="0.00199999999995271" classname="ds.glmSLMA_smk_gaussian" name="simple_glmSLMA_gaussian"/>
    <testcase time="0.00300000000015643" classname="ds.glmSLMA_smk_gaussian" name="simple_glmSLMA_gaussian"/>
    <testcase time="0.00199999999995271" classname="ds.glmSLMA_smk_gaussian" name="simple_glmSLMA_gaussian"/>
    <testcase time="0.000999999999748979" classname="ds.glmSLMA_smk_gaussian" name="simple_glmSLMA_gaussian"/>
    <testcase time="0.00300000000015643" classname="ds.glmSLMA_smk_gaussian" name="simple_glmSLMA_gaussian"/>
    <testcase time="0.00300000000015643" classname="ds.glmSLMA_smk_gaussian" name="simple_glmSLMA_gaussian"/>
    <testcase time="0.000999999999748979" classname="ds.glmSLMA_smk_gaussian" name="simple_glmSLMA_gaussian"/>
    <testcase time="0.00199999999995271" classname="ds.glmSLMA_smk_gaussian" name="simple_glmSLMA_gaussian"/>
    <testcase time="0.00300000000015643" classname="ds.glmSLMA_smk_gaussian" name="simple_glmSLMA_gaussian"/>
    <testcase time="0.00100000000020373" classname="ds.glmSLMA_smk_gaussian" name="simple_glmSLMA_gaussian"/>
    <testcase time="0.000999999999748979" classname="ds.glmSLMA_smk_gaussian" name="simple_glmSLMA_gaussian"/>
    <testcase time="0.00199999999995271" classname="ds.glmSLMA_smk_gaussian" name="simple_glmSLMA_gaussian"/>
    <testcase time="0.00100000000020373" classname="ds.glmSLMA_smk_gaussian" name="simple_glmSLMA_gaussian"/>
    <testcase time="0.000999999999748979" classname="ds.glmSLMA_smk_gaussian" name="simple_glmSLMA_gaussian"/>
    <testcase time="0.00100000000020373" classname="ds.glmSLMA_smk_gaussian" name="simple_glmSLMA_gaussian"/>
    <testcase time="0.00199999999995271" classname="ds.glmSLMA_smk_gaussian" name="simple_glmSLMA_gaussian"/>
    <testcase time="0.00100000000020373" classname="ds.glmSLMA_smk_gaussian" name="simple_glmSLMA_gaussian"/>
    <testcase time="0.000999999999748979" classname="ds.glmSLMA_smk_gaussian" name="simple_glmSLMA_gaussian"/>
    <testcase time="0.00300000000015643" classname="ds.glmSLMA_smk_gaussian" name="simple_glmSLMA_gaussian"/>
    <testcase time="0.00199999999995271" classname="ds.glmSLMA_smk_gaussian" name="simple_glmSLMA_gaussian"/>
    <testcase time="0.00199999999995271" classname="ds.glmSLMA_smk_gaussian" name="simple_glmSLMA_gaussian"/>
    <testcase time="0.00100000000020373" classname="ds.glmSLMA_smk_gaussian" name="simple_glmSLMA_gaussian"/>
    <testcase time="0.000999999999748979" classname="ds.glmSLMA_smk_gaussian" name="simple_glmSLMA_gaussian"/>
    <testcase time="0.00100000000020373" classname="ds.glmSLMA_smk_gaussian" name="simple_glmSLMA_gaussian"/>
    <testcase time="0.00199999999995271" classname="ds.glmSLMA_smk_gaussian" name="simple_glmSLMA_gaussian"/>
    <testcase time="0.000999999999748979" classname="ds.glmSLMA_smk_gaussian" name="simple_glmSLMA_gaussian"/>
    <testcase time="0.00100000000020373" classname="ds.glmSLMA_smk_gaussian" name="simple_glmSLMA_gaussian"/>
    <testcase time="0.000999999999748979" classname="ds.glmSLMA_smk_gaussian" name="simple_glmSLMA_gaussian"/>
    <testcase time="0.00100000000020373" classname="ds.glmSLMA_smk_gaussian" name="simple_glmSLMA_gaussian"/>
    <testcase time="0.00399999999990541" classname="ds.glmSLMA_smk_gaussian" name="simple_glmSLMA_gaussian"/>
    <testcase time="0.00199999999995271" classname="ds.glmSLMA_smk_gaussian" name="simple_glmSLMA_gaussian"/>
    <testcase time="0.000999999999748979" classname="ds.glmSLMA_smk_gaussian" name="simple_glmSLMA_gaussian"/>
    <testcase time="0.00100000000020373" classname="ds.glmSLMA_smk_gaussian" name="simple_glmSLMA_gaussian"/>
    <testcase time="0.000999999999748979" classname="ds.glmSLMA_smk_gaussian" name="simple_glmSLMA_gaussian"/>
    <testcase time="0.00100000000020373" classname="ds.glmSLMA_smk_gaussian" name="simple_glmSLMA_gaussian"/>
    <testcase time="0.00199999999995271" classname="ds.glmSLMA_smk_gaussian" name="simple_glmSLMA_gaussian"/>
    <testcase time="0.000999999999748979" classname="ds.glmSLMA_smk_gaussian" name="simple_glmSLMA_gaussian"/>
    <testcase time="0.00100000000020373" classname="ds.glmSLMA_smk_gaussian" name="simple_glmSLMA_gaussian"/>
    <testcase time="0.00199999999995271" classname="ds.glmSLMA_smk_gaussian" name="simple_glmSLMA_gaussian"/>
    <testcase time="0.000999999999748979" classname="ds.glmSLMA_smk_gaussian" name="simple_glmSLMA_gaussian"/>
    <testcase time="0.00100000000020373" classname="ds.glmSLMA_smk_gaussian" name="simple_glmSLMA_gaussian"/>
    <testcase time="0.00100000000020373" classname="ds.glmSLMA_smk_gaussian" name="simple_glmSLMA_gaussian"/>
    <testcase time="0.00199999999995271" classname="ds.glmSLMA_smk_gaussian" name="simple_glmSLMA_gaussian"/>
  </testsuite>
  <testsuite name="ds.glmSLMA::smk::gaussian-assigned" timestamp="2025-09-19T12:10:27Z" hostname="runnervmf4ws1" tests="47" skipped="0" failures="0" errors="0" time="0.337">
    <testcase time="0.254999999999654" classname="ds.glmSLMA_smk_gaussian_assigned" name="simple_glmSLMA_gaussian_assigned"/>
    <testcase time="0.00100000000020373" classname="ds.glmSLMA_smk_gaussian_assigned" name="simple_glmSLMA_gaussian_assigned"/>
    <testcase time="0.00300000000015643" classname="ds.glmSLMA_smk_gaussian_assigned" name="simple_glmSLMA_gaussian_assigned"/>
    <testcase time="0.00199999999995271" classname="ds.glmSLMA_smk_gaussian_assigned" name="simple_glmSLMA_gaussian_assigned"/>
    <testcase time="0.00299999999970169" classname="ds.glmSLMA_smk_gaussian_assigned" name="simple_glmSLMA_gaussian_assigned"/>
    <testcase time="0.00300000000015643" classname="ds.glmSLMA_smk_gaussian_assigned" name="simple_glmSLMA_gaussian_assigned"/>
    <testcase time="0.00199999999995271" classname="ds.glmSLMA_smk_gaussian_assigned" name="simple_glmSLMA_gaussian_assigned"/>
    <testcase time="0.00100000000020373" classname="ds.glmSLMA_smk_gaussian_assigned" name="simple_glmSLMA_gaussian_assigned"/>
    <testcase time="0.00299999999970169" classname="ds.glmSLMA_smk_gaussian_assigned" name="simple_glmSLMA_gaussian_assigned"/>
    <testcase time="0.00199999999995271" classname="ds.glmSLMA_smk_gaussian_assigned" name="simple_glmSLMA_gaussian_assigned"/>
    <testcase time="0.00200000000040745" classname="ds.glmSLMA_smk_gaussian_assigned" name="simple_glmSLMA_gaussian_assigned"/>
    <testcase time="0.00199999999995271" classname="ds.glmSLMA_smk_gaussian_assigned" name="simple_glmSLMA_gaussian_assigned"/>
    <testcase time="0.00299999999970169" classname="ds.glmSLMA_smk_gaussian_assigned" name="simple_glmSLMA_gaussian_assigned"/>
    <testcase time="0.00100000000020373" classname="ds.glmSLMA_smk_gaussian_assigned" name="simple_glmSLMA_gaussian_assigned"/>
    <testcase time="0.000999999999748979" classname="ds.glmSLMA_smk_gaussian_assigned" name="simple_glmSLMA_gaussian_assigned"/>
    <testcase time="0.00200000000040745" classname="ds.glmSLMA_smk_gaussian_assigned" name="simple_glmSLMA_gaussian_assigned"/>
    <testcase time="0.000999999999748979" classname="ds.glmSLMA_smk_gaussian_assigned" name="simple_glmSLMA_gaussian_assigned"/>
    <testcase time="0.00100000000020373" classname="ds.glmSLMA_smk_gaussian_assigned" name="simple_glmSLMA_gaussian_assigned"/>
    <testcase time="0.000999999999748979" classname="ds.glmSLMA_smk_gaussian_assigned" name="simple_glmSLMA_gaussian_assigned"/>
    <testcase time="0.00199999999995271" classname="ds.glmSLMA_smk_gaussian_assigned" name="simple_glmSLMA_gaussian_assigned"/>
    <testcase time="0.00100000000020373" classname="ds.glmSLMA_smk_gaussian_assigned" name="simple_glmSLMA_gaussian_assigned"/>
    <testcase time="0.000999999999748979" classname="ds.glmSLMA_smk_gaussian_assigned" name="simple_glmSLMA_gaussian_assigned"/>
    <testcase time="0.00300000000015643" classname="ds.glmSLMA_smk_gaussian_assigned" name="simple_glmSLMA_gaussian_assigned"/>
    <testcase time="0.00199999999995271" classname="ds.glmSLMA_smk_gaussian_assigned" name="simple_glmSLMA_gaussian_assigned"/>
    <testcase time="0.00199999999995271" classname="ds.glmSLMA_smk_gaussian_assigned" name="simple_glmSLMA_gaussian_assigned"/>
    <testcase time="0.00100000000020373" classname="ds.glmSLMA_smk_gaussian_assigned" name="simple_glmSLMA_gaussian_assigned"/>
    <testcase time="0.000999999999748979" classname="ds.glmSLMA_smk_gaussian_assigned" name="simple_glmSLMA_gaussian_assigned"/>
    <testcase time="0.00199999999995271" classname="ds.glmSLMA_smk_gaussian_assigned" name="simple_glmSLMA_gaussian_assigned"/>
    <testcase time="0.00100000000020373" classname="ds.glmSLMA_smk_gaussian_assigned" name="simple_glmSLMA_gaussian_assigned"/>
    <testcase time="0.00100000000020373" classname="ds.glmSLMA_smk_gaussian_assigned" name="simple_glmSLMA_gaussian_assigned"/>
    <testcase time="0.00199999999995271" classname="ds.glmSLMA_smk_gaussian_assigned" name="simple_glmSLMA_gaussian_assigned"/>
    <testcase time="0.000999999999748979" classname="ds.glmSLMA_smk_gaussian_assigned" name="simple_glmSLMA_gaussian_assigned"/>
    <testcase time="0.00100000000020373" classname="ds.glmSLMA_smk_gaussian_assigned" name="simple_glmSLMA_gaussian_assigned"/>
    <testcase time="0.00299999999970169" classname="ds.glmSLMA_smk_gaussian_assigned" name="simple_glmSLMA_gaussian_assigned"/>
    <testcase time="0.00300000000015643" classname="ds.glmSLMA_smk_gaussian_assigned" name="simple_glmSLMA_gaussian_assigned"/>
    <testcase time="0.00100000000020373" classname="ds.glmSLMA_smk_gaussian_assigned" name="simple_glmSLMA_gaussian_assigned"/>
    <testcase time="0.00700000000006185" classname="ds.glmSLMA_smk_gaussian_assigned" name="simple_glmSLMA_gaussian_assigned"/>
    <testcase time="0.00100000000020373" classname="ds.glmSLMA_smk_gaussian_assigned" name="simple_glmSLMA_gaussian_assigned"/>
    <testcase time="0.000999999999748979" classname="ds.glmSLMA_smk_gaussian_assigned" name="simple_glmSLMA_gaussian_assigned"/>
    <testcase time="0.00199999999995271" classname="ds.glmSLMA_smk_gaussian_assigned" name="simple_glmSLMA_gaussian_assigned"/>
    <testcase time="0.00100000000020373" classname="ds.glmSLMA_smk_gaussian_assigned" name="simple_glmSLMA_gaussian_assigned"/>
    <testcase time="0.000999999999748979" classname="ds.glmSLMA_smk_gaussian_assigned" name="simple_glmSLMA_gaussian_assigned"/>
    <testcase time="0.00200000000040745" classname="ds.glmSLMA_smk_gaussian_assigned" name="simple_glmSLMA_gaussian_assigned"/>
    <testcase time="0.000999999999748979" classname="ds.glmSLMA_smk_gaussian_assigned" name="simple_glmSLMA_gaussian_assigned"/>
    <testcase time="0.00100000000020373" classname="ds.glmSLMA_smk_gaussian_assigned" name="simple_glmSLMA_gaussian_assigned"/>
    <testcase time="0.000999999999748979" classname="ds.glmSLMA_smk_gaussian_assigned" name="simple_glmSLMA_gaussian_assigned"/>
    <testcase time="0.00199999999995271" classname="ds.glmSLMA_smk_gaussian_assigned" name="simple_glmSLMA_gaussian_assigned"/>
  </testsuite>
  <testsuite name="ds.glmSLMA::smk::binomial" timestamp="2025-09-19T12:10:27Z" hostname="runnervmf4ws1" tests="47" skipped="0" failures="0" errors="0" time="1.835">
    <testcase time="1.76000000000022" classname="ds.glmSLMA_smk_binomial" name="simple_glmSLMA_binomial"/>
    <testcase time="0.000999999999748979" classname="ds.glmSLMA_smk_binomial" name="simple_glmSLMA_binomial"/>
    <testcase time="0.00300000000015643" classname="ds.glmSLMA_smk_binomial" name="simple_glmSLMA_binomial"/>
    <testcase time="0.00199999999995271" classname="ds.glmSLMA_smk_binomial" name="simple_glmSLMA_binomial"/>
    <testcase time="0.00300000000015643" classname="ds.glmSLMA_smk_binomial" name="simple_glmSLMA_binomial"/>
    <testcase time="0.00199999999995271" classname="ds.glmSLMA_smk_binomial" name="simple_glmSLMA_binomial"/>
    <testcase time="0.00300000000015643" classname="ds.glmSLMA_smk_binomial" name="simple_glmSLMA_binomial"/>
    <testcase time="0.000999999999748979" classname="ds.glmSLMA_smk_binomial" name="simple_glmSLMA_binomial"/>
    <testcase time="0.00199999999995271" classname="ds.glmSLMA_smk_binomial" name="simple_glmSLMA_binomial"/>
    <testcase time="0.00300000000015643" classname="ds.glmSLMA_smk_binomial" name="simple_glmSLMA_binomial"/>
    <testcase time="0.000999999999748979" classname="ds.glmSLMA_smk_binomial" name="simple_glmSLMA_binomial"/>
    <testcase time="0.00300000000015643" classname="ds.glmSLMA_smk_binomial" name="simple_glmSLMA_binomial"/>
    <testcase time="0.00199999999995271" classname="ds.glmSLMA_smk_binomial" name="simple_glmSLMA_binomial"/>
    <testcase time="0.00100000000020373" classname="ds.glmSLMA_smk_binomial" name="simple_glmSLMA_binomial"/>
    <testcase time="0.00199999999995271" classname="ds.glmSLMA_smk_binomial" name="simple_glmSLMA_binomial"/>
    <testcase time="0.000999999999748979" classname="ds.glmSLMA_smk_binomial" name="simple_glmSLMA_binomial"/>
    <testcase time="0.00100000000020373" classname="ds.glmSLMA_smk_binomial" name="simple_glmSLMA_binomial"/>
    <testcase time="0.000999999999748979" classname="ds.glmSLMA_smk_binomial" name="simple_glmSLMA_binomial"/>
    <testcase time="0.00200000000040745" classname="ds.glmSLMA_smk_binomial" name="simple_glmSLMA_binomial"/>
    <testcase time="0.000999999999748979" classname="ds.glmSLMA_smk_binomial" name="simple_glmSLMA_binomial"/>
    <testcase time="0.00100000000020373" classname="ds.glmSLMA_smk_binomial" name="simple_glmSLMA_binomial"/>
    <testcase time="0.000999999999748979" classname="ds.glmSLMA_smk_binomial" name="simple_glmSLMA_binomial"/>
    <testcase time="0.00300000000015643" classname="ds.glmSLMA_smk_binomial" name="simple_glmSLMA_binomial"/>
    <testcase time="0.00300000000015643" classname="ds.glmSLMA_smk_binomial" name="simple_glmSLMA_binomial"/>
    <testcase time="0.000999999999748979" classname="ds.glmSLMA_smk_binomial" name="simple_glmSLMA_binomial"/>
    <testcase time="0.00100000000020373" classname="ds.glmSLMA_smk_binomial" name="simple_glmSLMA_binomial"/>
    <testcase time="0.000999999999748979" classname="ds.glmSLMA_smk_binomial" name="simple_glmSLMA_binomial"/>
    <testcase time="0.00199999999995271" classname="ds.glmSLMA_smk_binomial" name="simple_glmSLMA_binomial"/>
    <testcase time="0.00100000000020373" classname="ds.glmSLMA_smk_binomial" name="simple_glmSLMA_binomial"/>
    <testcase time="0.000999999999748979" classname="ds.glmSLMA_smk_binomial" name="simple_glmSLMA_binomial"/>
    <testcase time="0.00199999999995271" classname="ds.glmSLMA_smk_binomial" name="simple_glmSLMA_binomial"/>
    <testcase time="0.00100000000020373" classname="ds.glmSLMA_smk_binomial" name="simple_glmSLMA_binomial"/>
    <testcase time="0.00100000000020373" classname="ds.glmSLMA_smk_binomial" name="simple_glmSLMA_binomial"/>
    <testcase time="0.00299999999970169" classname="ds.glmSLMA_smk_binomial" name="simple_glmSLMA_binomial"/>
    <testcase time="0.00300000000015643" classname="ds.glmSLMA_smk_binomial" name="simple_glmSLMA_binomial"/>
    <testcase time="0.000999999999748979" classname="ds.glmSLMA_smk_binomial" name="simple_glmSLMA_binomial"/>
    <testcase time="0.00100000000020373" classname="ds.glmSLMA_smk_binomial" name="simple_glmSLMA_binomial"/>
    <testcase time="0.00199999999995271" classname="ds.glmSLMA_smk_binomial" name="simple_glmSLMA_binomial"/>
    <testcase time="0.00100000000020373" classname="ds.glmSLMA_smk_binomial" name="simple_glmSLMA_binomial"/>
    <testcase time="0.000999999999748979" classname="ds.glmSLMA_smk_binomial" name="simple_glmSLMA_binomial"/>
    <testcase time="0.00199999999995271" classname="ds.glmSLMA_smk_binomial" name="simple_glmSLMA_binomial"/>
    <testcase time="0.00100000000020373" classname="ds.glmSLMA_smk_binomial" name="simple_glmSLMA_binomial"/>
    <testcase time="0.000999999999748979" classname="ds.glmSLMA_smk_binomial" name="simple_glmSLMA_binomial"/>
    <testcase time="0.00200000000040745" classname="ds.glmSLMA_smk_binomial" name="simple_glmSLMA_binomial"/>
    <testcase time="0.000999999999748979" classname="ds.glmSLMA_smk_binomial" name="simple_glmSLMA_binomial"/>
    <testcase time="0.00100000000020373" classname="ds.glmSLMA_smk_binomial" name="simple_glmSLMA_binomial"/>
    <testcase time="0.000999999999748979" classname="ds.glmSLMA_smk_binomial" name="simple_glmSLMA_binomial"/>
  </testsuite>
  <testsuite name="ds.glmSLMA::smk::binomial-assigned" timestamp="2025-09-19T12:10:29Z" hostname="runnervmf4ws1" tests="47" skipped="0" failures="0" errors="0" time="1.55">
    <testcase time="1.4680000000003" classname="ds.glmSLMA_smk_binomial_assigned" name="simple_glmSLMA_binomial_assigned"/>
    <testcase time="0.000999999999748979" classname="ds.glmSLMA_smk_binomial_assigned" name="simple_glmSLMA_binomial_assigned"/>
    <testcase time="0.00300000000015643" classname="ds.glmSLMA_smk_binomial_assigned" name="simple_glmSLMA_binomial_assigned"/>
    <testcase time="0.00199999999995271" classname="ds.glmSLMA_smk_binomial_assigned" name="simple_glmSLMA_binomial_assigned"/>
    <testcase time="0.00299999999970169" classname="ds.glmSLMA_smk_binomial_assigned" name="simple_glmSLMA_binomial_assigned"/>
    <testcase time="0.00200000000040745" classname="ds.glmSLMA_smk_binomial_assigned" name="simple_glmSLMA_binomial_assigned"/>
    <testcase time="0.00299999999970169" classname="ds.glmSLMA_smk_binomial_assigned" name="simple_glmSLMA_binomial_assigned"/>
    <testcase time="0.00100000000020373" classname="ds.glmSLMA_smk_binomial_assigned" name="simple_glmSLMA_binomial_assigned"/>
    <testcase time="0.00299999999970169" classname="ds.glmSLMA_smk_binomial_assigned" name="simple_glmSLMA_binomial_assigned"/>
    <testcase time="0.00200000000040745" classname="ds.glmSLMA_smk_binomial_assigned" name="simple_glmSLMA_binomial_assigned"/>
    <testcase time="0.000999999999748979" classname="ds.glmSLMA_smk_binomial_assigned" name="simple_glmSLMA_binomial_assigned"/>
    <testcase time="0.00300000000015643" classname="ds.glmSLMA_smk_binomial_assigned" name="simple_glmSLMA_binomial_assigned"/>
    <testcase time="0.00299999999970169" classname="ds.glmSLMA_smk_binomial_assigned" name="simple_glmSLMA_binomial_assigned"/>
    <testcase time="0.00700000000006185" classname="ds.glmSLMA_smk_binomial_assigned" name="simple_glmSLMA_binomial_assigned"/>
    <testcase time="0.00100000000020373" classname="ds.glmSLMA_smk_binomial_assigned" name="simple_glmSLMA_binomial_assigned"/>
    <testcase time="0.00199999999995271" classname="ds.glmSLMA_smk_binomial_assigned" name="simple_glmSLMA_binomial_assigned"/>
    <testcase time="0.000999999999748979" classname="ds.glmSLMA_smk_binomial_assigned" name="simple_glmSLMA_binomial_assigned"/>
    <testcase time="0.00100000000020373" classname="ds.glmSLMA_smk_binomial_assigned" name="simple_glmSLMA_binomial_assigned"/>
    <testcase time="0.00199999999995271" classname="ds.glmSLMA_smk_binomial_assigned" name="simple_glmSLMA_binomial_assigned"/>
    <testcase time="0.00100000000020373" classname="ds.glmSLMA_smk_binomial_assigned" name="simple_glmSLMA_binomial_assigned"/>
    <testcase time="0.000999999999748979" classname="ds.glmSLMA_smk_binomial_assigned" name="simple_glmSLMA_binomial_assigned"/>
    <testcase time="0.00100000000020373" classname="ds.glmSLMA_smk_binomial_assigned" name="simple_glmSLMA_binomial_assigned"/>
    <testcase time="0.00299999999970169" classname="ds.glmSLMA_smk_binomial_assigned" name="simple_glmSLMA_binomial_assigned"/>
    <testcase time="0.00300000000015643" classname="ds.glmSLMA_smk_binomial_assigned" name="simple_glmSLMA_binomial_assigned"/>
    <testcase time="0.00100000000020373" classname="ds.glmSLMA_smk_binomial_assigned" name="simple_glmSLMA_binomial_assigned"/>
    <testcase time="0.000999999999748979" classname="ds.glmSLMA_smk_binomial_assigned" name="simple_glmSLMA_binomial_assigned"/>
    <testcase time="0.00100000000020373" classname="ds.glmSLMA_smk_binomial_assigned" name="simple_glmSLMA_binomial_assigned"/>
    <testcase time="0.00199999999995271" classname="ds.glmSLMA_smk_binomial_assigned" name="simple_glmSLMA_binomial_assigned"/>
    <testcase time="0.000999999999748979" classname="ds.glmSLMA_smk_binomial_assigned" name="simple_glmSLMA_binomial_assigned"/>
    <testcase time="0.00100000000020373" classname="ds.glmSLMA_smk_binomial_assigned" name="simple_glmSLMA_binomial_assigned"/>
    <testcase time="0.00199999999995271" classname="ds.glmSLMA_smk_binomial_assigned" name="simple_glmSLMA_binomial_assigned"/>
    <testcase time="0.00100000000020373" classname="ds.glmSLMA_smk_binomial_assigned" name="simple_glmSLMA_binomial_assigned"/>
    <testcase time="0.000999999999748979" classname="ds.glmSLMA_smk_binomial_assigned" name="simple_glmSLMA_binomial_assigned"/>
    <testcase time="0.00300000000015643" classname="ds.glmSLMA_smk_binomial_assigned" name="simple_glmSLMA_binomial_assigned"/>
    <testcase time="0.00300000000015643" classname="ds.glmSLMA_smk_binomial_assigned" name="simple_glmSLMA_binomial_assigned"/>
    <testcase time="0.000999999999748979" classname="ds.glmSLMA_smk_binomial_assigned" name="simple_glmSLMA_binomial_assigned"/>
    <testcase time="0.00100000000020373" classname="ds.glmSLMA_smk_binomial_assigned" name="simple_glmSLMA_binomial_assigned"/>
    <testcase time="0.00199999999995271" classname="ds.glmSLMA_smk_binomial_assigned" name="simple_glmSLMA_binomial_assigned"/>
    <testcase time="0.000999999999748979" classname="ds.glmSLMA_smk_binomial_assigned" name="simple_glmSLMA_binomial_assigned"/>
    <testcase time="0.00100000000020373" classname="ds.glmSLMA_smk_binomial_assigned" name="simple_glmSLMA_binomial_assigned"/>
    <testcase time="0.000999999999748979" classname="ds.glmSLMA_smk_binomial_assigned" name="simple_glmSLMA_binomial_assigned"/>
    <testcase time="0.00199999999995271" classname="ds.glmSLMA_smk_binomial_assigned" name="simple_glmSLMA_binomial_assigned"/>
    <testcase time="0.00100000000020373" classname="ds.glmSLMA_smk_binomial_assigned" name="simple_glmSLMA_binomial_assigned"/>
    <testcase time="0.00100000000020373" classname="ds.glmSLMA_smk_binomial_assigned" name="simple_glmSLMA_binomial_assigned"/>
    <testcase time="0.00199999999995271" classname="ds.glmSLMA_smk_binomial_assigned" name="simple_glmSLMA_binomial_assigned"/>
    <testcase time="0.000999999999748979" classname="ds.glmSLMA_smk_binomial_assigned" name="simple_glmSLMA_binomial_assigned"/>
    <testcase time="0.00100000000020373" classname="ds.glmSLMA_smk_binomial_assigned" name="simple_glmSLMA_binomial_assigned"/>
  </testsuite>
  <testsuite name="ds.glmSLMA::smk::poisson" timestamp="2025-09-19T12:10:31Z" hostname="runnervmf4ws1" tests="47" skipped="0" failures="0" errors="0" time="0.578">
    <testcase time="0.500999999999749" classname="ds.glmSLMA_smk_poisson" name="simple_glmSLMA_poisson"/>
    <testcase time="0.00199999999995271" classname="ds.glmSLMA_smk_poisson" name="simple_glmSLMA_poisson"/>
    <testcase time="0.00300000000015643" classname="ds.glmSLMA_smk_poisson" name="simple_glmSLMA_poisson"/>
    <testcase time="0.00199999999995271" classname="ds.glmSLMA_smk_poisson" name="simple_glmSLMA_poisson"/>
    <testcase time="0.00300000000015643" classname="ds.glmSLMA_smk_poisson" name="simple_glmSLMA_poisson"/>
    <testcase time="0.00199999999995271" classname="ds.glmSLMA_smk_poisson" name="simple_glmSLMA_poisson"/>
    <testcase time="0.00300000000015643" classname="ds.glmSLMA_smk_poisson" name="simple_glmSLMA_poisson"/>
    <testcase time="0.000999999999748979" classname="ds.glmSLMA_smk_poisson" name="simple_glmSLMA_poisson"/>
    <testcase time="0.00199999999995271" classname="ds.glmSLMA_smk_poisson" name="simple_glmSLMA_poisson"/>
    <testcase time="0.00300000000015643" classname="ds.glmSLMA_smk_poisson" name="simple_glmSLMA_poisson"/>
    <testcase time="0.000999999999748979" classname="ds.glmSLMA_smk_poisson" name="simple_glmSLMA_poisson"/>
    <testcase time="0.00300000000015643" classname="ds.glmSLMA_smk_poisson" name="simple_glmSLMA_poisson"/>
    <testcase time="0.00199999999995271" classname="ds.glmSLMA_smk_poisson" name="simple_glmSLMA_poisson"/>
    <testcase time="0.00199999999995271" classname="ds.glmSLMA_smk_poisson" name="simple_glmSLMA_poisson"/>
    <testcase time="0.00100000000020373" classname="ds.glmSLMA_smk_poisson" name="simple_glmSLMA_poisson"/>
    <testcase time="0.000999999999748979" classname="ds.glmSLMA_smk_poisson" name="simple_glmSLMA_poisson"/>
    <testcase time="0.00100000000020373" classname="ds.glmSLMA_smk_poisson" name="simple_glmSLMA_poisson"/>
    <testcase time="0.00199999999995271" classname="ds.glmSLMA_smk_poisson" name="simple_glmSLMA_poisson"/>
    <testcase time="0.00100000000020373" classname="ds.glmSLMA_smk_poisson" name="simple_glmSLMA_poisson"/>
    <testcase time="0.000999999999748979" classname="ds.glmSLMA_smk_poisson" name="simple_glmSLMA_poisson"/>
    <testcase time="0.00100000000020373" classname="ds.glmSLMA_smk_poisson" name="simple_glmSLMA_poisson"/>
    <testcase time="0.00199999999995271" classname="ds.glmSLMA_smk_poisson" name="simple_glmSLMA_poisson"/>
    <testcase time="0.00199999999995271" classname="ds.glmSLMA_smk_poisson" name="simple_glmSLMA_poisson"/>
    <testcase time="0.00300000000015643" classname="ds.glmSLMA_smk_poisson" name="simple_glmSLMA_poisson"/>
    <testcase time="0.000999999999748979" classname="ds.glmSLMA_smk_poisson" name="simple_glmSLMA_poisson"/>
    <testcase time="0.00199999999995271" classname="ds.glmSLMA_smk_poisson" name="simple_glmSLMA_poisson"/>
    <testcase time="0.00100000000020373" classname="ds.glmSLMA_smk_poisson" name="simple_glmSLMA_poisson"/>
    <testcase time="0.000999999999748979" classname="ds.glmSLMA_smk_poisson" name="simple_glmSLMA_poisson"/>
    <testcase time="0.00199999999995271" classname="ds.glmSLMA_smk_poisson" name="simple_glmSLMA_poisson"/>
    <testcase time="0.00100000000020373" classname="ds.glmSLMA_smk_poisson" name="simple_glmSLMA_poisson"/>
    <testcase time="0.00100000000020373" classname="ds.glmSLMA_smk_poisson" name="simple_glmSLMA_poisson"/>
    <testcase time="0.00199999999995271" classname="ds.glmSLMA_smk_poisson" name="simple_glmSLMA_poisson"/>
    <testcase time="0.000999999999748979" classname="ds.glmSLMA_smk_poisson" name="simple_glmSLMA_poisson"/>
    <testcase time="0.00199999999995271" classname="ds.glmSLMA_smk_poisson" name="simple_glmSLMA_poisson"/>
    <testcase time="0.00300000000015643" classname="ds.glmSLMA_smk_poisson" name="simple_glmSLMA_poisson"/>
    <testcase time="0.00100000000020373" classname="ds.glmSLMA_smk_poisson" name="simple_glmSLMA_poisson"/>
    <testcase time="0.00199999999995271" classname="ds.glmSLMA_smk_poisson" name="simple_glmSLMA_poisson"/>
    <testcase time="0.000999999999748979" classname="ds.glmSLMA_smk_poisson" name="simple_glmSLMA_poisson"/>
    <testcase time="0.00100000000020373" classname="ds.glmSLMA_smk_poisson" name="simple_glmSLMA_poisson"/>
    <testcase time="0.00199999999995271" classname="ds.glmSLMA_smk_poisson" name="simple_glmSLMA_poisson"/>
    <testcase time="0.000999999999748979" classname="ds.glmSLMA_smk_poisson" name="simple_glmSLMA_poisson"/>
    <testcase time="0.00100000000020373" classname="ds.glmSLMA_smk_poisson" name="simple_glmSLMA_poisson"/>
    <testcase time="0.00199999999995271" classname="ds.glmSLMA_smk_poisson" name="simple_glmSLMA_poisson"/>
    <testcase time="0.00100000000020373" classname="ds.glmSLMA_smk_poisson" name="simple_glmSLMA_poisson"/>
    <testcase time="0.000999999999748979" classname="ds.glmSLMA_smk_poisson" name="simple_glmSLMA_poisson"/>
    <testcase time="0.00100000000020373" classname="ds.glmSLMA_smk_poisson" name="simple_glmSLMA_poisson"/>
    <testcase time="0.00199999999995271" classname="ds.glmSLMA_smk_poisson" name="simple_glmSLMA_poisson"/>
  </testsuite>
  <testsuite name="ds.glmSLMA::smk::poisson-assigned" timestamp="2025-09-19T12:10:31Z" hostname="runnervmf4ws1" tests="47" skipped="0" failures="0" errors="0" time="0.527">
    <testcase time="0.44399999999996" classname="ds.glmSLMA_smk_poisson_assigned" name="simple_glmSLMA_poisson_assigned"/>
    <testcase time="0.000999999999748979" classname="ds.glmSLMA_smk_poisson_assigned" name="simple_glmSLMA_poisson_assigned"/>
    <testcase time="0.00300000000015643" classname="ds.glmSLMA_smk_poisson_assigned" name="simple_glmSLMA_poisson_assigned"/>
    <testcase time="0.00199999999995271" classname="ds.glmSLMA_smk_poisson_assigned" name="simple_glmSLMA_poisson_assigned"/>
    <testcase time="0.00300000000015643" classname="ds.glmSLMA_smk_poisson_assigned" name="simple_glmSLMA_poisson_assigned"/>
    <testcase time="0.00199999999995271" classname="ds.glmSLMA_smk_poisson_assigned" name="simple_glmSLMA_poisson_assigned"/>
    <testcase time="0.00300000000015643" classname="ds.glmSLMA_smk_poisson_assigned" name="simple_glmSLMA_poisson_assigned"/>
    <testcase time="0.000999999999748979" classname="ds.glmSLMA_smk_poisson_assigned" name="simple_glmSLMA_poisson_assigned"/>
    <testcase time="0.00199999999995271" classname="ds.glmSLMA_smk_poisson_assigned" name="simple_glmSLMA_poisson_assigned"/>
    <testcase time="0.00300000000015643" classname="ds.glmSLMA_smk_poisson_assigned" name="simple_glmSLMA_poisson_assigned"/>
    <testcase time="0.00100000000020373" classname="ds.glmSLMA_smk_poisson_assigned" name="simple_glmSLMA_poisson_assigned"/>
    <testcase time="0.00299999999970169" classname="ds.glmSLMA_smk_poisson_assigned" name="simple_glmSLMA_poisson_assigned"/>
    <testcase time="0.00199999999995271" classname="ds.glmSLMA_smk_poisson_assigned" name="simple_glmSLMA_poisson_assigned"/>
    <testcase time="0.00199999999995271" classname="ds.glmSLMA_smk_poisson_assigned" name="simple_glmSLMA_poisson_assigned"/>
    <testcase time="0.00100000000020373" classname="ds.glmSLMA_smk_poisson_assigned" name="simple_glmSLMA_poisson_assigned"/>
    <testcase time="0.000999999999748979" classname="ds.glmSLMA_smk_poisson_assigned" name="simple_glmSLMA_poisson_assigned"/>
    <testcase time="0.00100000000020373" classname="ds.glmSLMA_smk_poisson_assigned" name="simple_glmSLMA_poisson_assigned"/>
    <testcase time="0.00199999999995271" classname="ds.glmSLMA_smk_poisson_assigned" name="simple_glmSLMA_poisson_assigned"/>
    <testcase time="0.00100000000020373" classname="ds.glmSLMA_smk_poisson_assigned" name="simple_glmSLMA_poisson_assigned"/>
    <testcase time="0.000999999999748979" classname="ds.glmSLMA_smk_poisson_assigned" name="simple_glmSLMA_poisson_assigned"/>
    <testcase time="0.00100000000020373" classname="ds.glmSLMA_smk_poisson_assigned" name="simple_glmSLMA_poisson_assigned"/>
    <testcase time="0.00199999999995271" classname="ds.glmSLMA_smk_poisson_assigned" name="simple_glmSLMA_poisson_assigned"/>
    <testcase time="0.00300000000015643" classname="ds.glmSLMA_smk_poisson_assigned" name="simple_glmSLMA_poisson_assigned"/>
    <testcase time="0.00199999999995271" classname="ds.glmSLMA_smk_poisson_assigned" name="simple_glmSLMA_poisson_assigned"/>
    <testcase time="0.000999999999748979" classname="ds.glmSLMA_smk_poisson_assigned" name="simple_glmSLMA_poisson_assigned"/>
    <testcase time="0.00199999999995271" classname="ds.glmSLMA_smk_poisson_assigned" name="simple_glmSLMA_poisson_assigned"/>
    <testcase time="0.00100000000020373" classname="ds.glmSLMA_smk_poisson_assigned" name="simple_glmSLMA_poisson_assigned"/>
    <testcase time="0.000999999999748979" classname="ds.glmSLMA_smk_poisson_assigned" name="simple_glmSLMA_poisson_assigned"/>
    <testcase time="0.00200000000040745" classname="ds.glmSLMA_smk_poisson_assigned" name="simple_glmSLMA_poisson_assigned"/>
    <testcase time="0.000999999999748979" classname="ds.glmSLMA_smk_poisson_assigned" name="simple_glmSLMA_poisson_assigned"/>
    <testcase time="0.00100000000020373" classname="ds.glmSLMA_smk_poisson_assigned" name="simple_glmSLMA_poisson_assigned"/>
    <testcase time="0.00199999999995271" classname="ds.glmSLMA_smk_poisson_assigned" name="simple_glmSLMA_poisson_assigned"/>
    <testcase time="0.000999999999748979" classname="ds.glmSLMA_smk_poisson_assigned" name="simple_glmSLMA_poisson_assigned"/>
    <testcase time="0.00300000000015643" classname="ds.glmSLMA_smk_poisson_assigned" name="simple_glmSLMA_poisson_assigned"/>
    <testcase time="0.00199999999995271" classname="ds.glmSLMA_smk_poisson_assigned" name="simple_glmSLMA_poisson_assigned"/>
    <testcase time="0.00199999999995271" classname="ds.glmSLMA_smk_poisson_assigned" name="simple_glmSLMA_poisson_assigned"/>
    <testcase time="0.00100000000020373" classname="ds.glmSLMA_smk_poisson_assigned" name="simple_glmSLMA_poisson_assigned"/>
    <testcase time="0.000999999999748979" classname="ds.glmSLMA_smk_poisson_assigned" name="simple_glmSLMA_poisson_assigned"/>
    <testcase time="0.00199999999995271" classname="ds.glmSLMA_smk_poisson_assigned" name="simple_glmSLMA_poisson_assigned"/>
    <testcase time="0.00100000000020373" classname="ds.glmSLMA_smk_poisson_assigned" name="simple_glmSLMA_poisson_assigned"/>
    <testcase time="0.000999999999748979" classname="ds.glmSLMA_smk_poisson_assigned" name="simple_glmSLMA_poisson_assigned"/>
    <testcase time="0.00900000000001455" classname="ds.glmSLMA_smk_poisson_assigned" name="simple_glmSLMA_poisson_assigned"/>
    <testcase time="0.00100000000020373" classname="ds.glmSLMA_smk_poisson_assigned" name="simple_glmSLMA_poisson_assigned"/>
    <testcase time="0.00199999999995271" classname="ds.glmSLMA_smk_poisson_assigned" name="simple_glmSLMA_poisson_assigned"/>
    <testcase time="0.00100000000020373" classname="ds.glmSLMA_smk_poisson_assigned" name="simple_glmSLMA_poisson_assigned"/>
    <testcase time="0.000999999999748979" classname="ds.glmSLMA_smk_poisson_assigned" name="simple_glmSLMA_poisson_assigned"/>
    <testcase time="0.00100000000020373" classname="ds.glmSLMA_smk_poisson_assigned" name="simple_glmSLMA_poisson_assigned"/>
  </testsuite>
  <testsuite name="ds.glmSLMA::smk::shutdown" timestamp="2025-09-19T12:10:32Z" hostname="runnervmf4ws1" tests="3" skipped="0" failures="0" errors="0" time="0.051">
    <testcase time="0.0489999999999782" classname="ds.glmSLMA_smk_shutdown" name="shutdown"/>
    <testcase time="0.000999999999748979" classname="ds.glmSLMA_smk_shutdown" name="shutdown"/>
    <testcase time="0.00100000000020373" classname="ds.glmSLMA_smk_shutdown" name="shutdown"/>
  </testsuite>
  <testsuite name="ds.glmSLMA::smk::done" timestamp="2025-09-19T12:10:32Z" hostname="runnervmf4ws1" tests="0" skipped="0" failures="0" errors="0" time="0"/>
  <testsuite name="smk-ds.glmSummary" timestamp="2025-09-19T12:10:32Z" hostname="runnervmf4ws1" tests="0" skipped="0" failures="0" errors="0" time="0"/>
  <testsuite name="ds.glmSummary::smk::setup" timestamp="2025-09-19T12:10:32Z" hostname="runnervmf4ws1" tests="3" skipped="0" failures="0" errors="0" time="7.503">
    <testcase time="7.50099999999975" classname="ds.glmSummary_smk_setup" name="setup"/>
    <testcase time="0.00100000000020373" classname="ds.glmSummary_smk_setup" name="setup"/>
    <testcase time="0.00100000000020373" classname="ds.glmSummary_smk_setup" name="setup"/>
  </testsuite>
  <testsuite name="ds.glmSummary::smk::gaussian" timestamp="2025-09-19T12:10:39Z" hostname="runnervmf4ws1" tests="46" skipped="0" failures="0" errors="0" time="1.136">
    <testcase time="0.337999999999738" classname="ds.glmSummary_smk_gaussian" name="simple_glmSummary_gaussian_without_newobj"/>
    <testcase time="0.00100000000020373" classname="ds.glmSummary_smk_gaussian" name="simple_glmSummary_gaussian_without_newobj"/>
    <testcase time="0.000999999999748979" classname="ds.glmSummary_smk_gaussian" name="simple_glmSummary_gaussian_without_newobj"/>
    <testcase time="0.00199999999995271" classname="ds.glmSummary_smk_gaussian" name="simple_glmSummary_gaussian_without_newobj"/>
    <testcase time="0.230000000000018" classname="ds.glmSummary_smk_gaussian" name="simple_glmSummary_gaussian_without_newobj"/>
    <testcase time="0.00100000000020373" classname="ds.glmSummary_smk_gaussian" name="simple_glmSummary_gaussian_without_newobj"/>
    <testcase time="0.000999999999748979" classname="ds.glmSummary_smk_gaussian" name="simple_glmSummary_gaussian_without_newobj"/>
    <testcase time="0.00300000000015643" classname="ds.glmSummary_smk_gaussian" name="simple_glmSummary_gaussian_without_newobj"/>
    <testcase time="0.00300000000015643" classname="ds.glmSummary_smk_gaussian" name="simple_glmSummary_gaussian_without_newobj"/>
    <testcase time="0.000999999999748979" classname="ds.glmSummary_smk_gaussian" name="simple_glmSummary_gaussian_without_newobj"/>
    <testcase time="0.00100000000020373" classname="ds.glmSummary_smk_gaussian" name="simple_glmSummary_gaussian_without_newobj"/>
    <testcase time="0.000999999999748979" classname="ds.glmSummary_smk_gaussian" name="simple_glmSummary_gaussian_without_newobj"/>
    <testcase time="0.00100000000020373" classname="ds.glmSummary_smk_gaussian" name="simple_glmSummary_gaussian_without_newobj"/>
    <testcase time="0.00300000000015643" classname="ds.glmSummary_smk_gaussian" name="simple_glmSummary_gaussian_without_newobj"/>
    <testcase time="0.00199999999995271" classname="ds.glmSummary_smk_gaussian" name="simple_glmSummary_gaussian_without_newobj"/>
    <testcase time="0.00199999999995271" classname="ds.glmSummary_smk_gaussian" name="simple_glmSummary_gaussian_without_newobj"/>
    <testcase time="0.000999999999748979" classname="ds.glmSummary_smk_gaussian" name="simple_glmSummary_gaussian_without_newobj"/>
    <testcase time="0.00100000000020373" classname="ds.glmSummary_smk_gaussian" name="simple_glmSummary_gaussian_without_newobj"/>
    <testcase time="0.000999999999748979" classname="ds.glmSummary_smk_gaussian" name="simple_glmSummary_gaussian_without_newobj"/>
    <testcase time="0.00300000000015643" classname="ds.glmSummary_smk_gaussian" name="simple_glmSummary_gaussian_without_newobj"/>
    <testcase time="0.00199999999995271" classname="ds.glmSummary_smk_gaussian" name="simple_glmSummary_gaussian_without_newobj"/>
    <testcase time="0.00199999999995271" classname="ds.glmSummary_smk_gaussian" name="simple_glmSummary_gaussian_without_newobj"/>
    <testcase time="0.00100000000020373" classname="ds.glmSummary_smk_gaussian" name="simple_glmSummary_gaussian_without_newobj"/>
    <testcase time="0.241999999999734" classname="ds.glmSummary_smk_gaussian" name="simple_glmSummary_gaussian"/>
    <testcase time="0.00100000000020373" classname="ds.glmSummary_smk_gaussian" name="simple_glmSummary_gaussian"/>
    <testcase time="0.00100000000020373" classname="ds.glmSummary_smk_gaussian" name="simple_glmSummary_gaussian"/>
    <testcase time="0.000999999999748979" classname="ds.glmSummary_smk_gaussian" name="simple_glmSummary_gaussian"/>
    <testcase time="0.251000000000204" classname="ds.glmSummary_smk_gaussian" name="simple_glmSummary_gaussian"/>
    <testcase time="0.00199999999995271" classname="ds.glmSummary_smk_gaussian" name="simple_glmSummary_gaussian"/>
    <testcase time="0.000999999999748979" classname="ds.glmSummary_smk_gaussian" name="simple_glmSummary_gaussian"/>
    <testcase time="0.00300000000015643" classname="ds.glmSummary_smk_gaussian" name="simple_glmSummary_gaussian"/>
    <testcase time="0.00300000000015643" classname="ds.glmSummary_smk_gaussian" name="simple_glmSummary_gaussian"/>
    <testcase time="0.000999999999748979" classname="ds.glmSummary_smk_gaussian" name="simple_glmSummary_gaussian"/>
    <testcase time="0.00100000000020373" classname="ds.glmSummary_smk_gaussian" name="simple_glmSummary_gaussian"/>
    <testcase time="0.00199999999995271" classname="ds.glmSummary_smk_gaussian" name="simple_glmSummary_gaussian"/>
    <testcase time="0.000999999999748979" classname="ds.glmSummary_smk_gaussian" name="simple_glmSummary_gaussian"/>
    <testcase time="0.00800000000026557" classname="ds.glmSummary_smk_gaussian" name="simple_glmSummary_gaussian"/>
    <testcase time="0.00299999999970169" classname="ds.glmSummary_smk_gaussian" name="simple_glmSummary_gaussian"/>
    <testcase time="0.00100000000020373" classname="ds.glmSummary_smk_gaussian" name="simple_glmSummary_gaussian"/>
    <testcase time="0.00199999999995271" classname="ds.glmSummary_smk_gaussian" name="simple_glmSummary_gaussian"/>
    <testcase time="0.00100000000020373" classname="ds.glmSummary_smk_gaussian" name="simple_glmSummary_gaussian"/>
    <testcase time="0.000999999999748979" classname="ds.glmSummary_smk_gaussian" name="simple_glmSummary_gaussian"/>
    <testcase time="0.00300000000015643" classname="ds.glmSummary_smk_gaussian" name="simple_glmSummary_gaussian"/>
    <testcase time="0.00199999999995271" classname="ds.glmSummary_smk_gaussian" name="simple_glmSummary_gaussian"/>
    <testcase time="0.00199999999995271" classname="ds.glmSummary_smk_gaussian" name="simple_glmSummary_gaussian"/>
    <testcase time="0.00100000000020373" classname="ds.glmSummary_smk_gaussian" name="simple_glmSummary_gaussian"/>
  </testsuite>
  <testsuite name="ds.glmSummary::smk::poisson" timestamp="2025-09-19T12:10:40Z" hostname="runnervmf4ws1" tests="46" skipped="0" failures="0" errors="0" time="1.421">
    <testcase time="0.494999999999891" classname="ds.glmSummary_smk_poisson" name="simple_glmSummary_poisson_without_newobj"/>
    <testcase time="0.00199999999995271" classname="ds.glmSummary_smk_poisson" name="simple_glmSummary_poisson_without_newobj"/>
    <testcase time="0.00100000000020373" classname="ds.glmSummary_smk_poisson" name="simple_glmSummary_poisson_without_newobj"/>
    <testcase time="0.000999999999748979" classname="ds.glmSummary_smk_poisson" name="simple_glmSummary_poisson_without_newobj"/>
    <testcase time="0.213999999999942" classname="ds.glmSummary_smk_poisson" name="simple_glmSummary_poisson_without_newobj"/>
    <testcase time="0.00100000000020373" classname="ds.glmSummary_smk_poisson" name="simple_glmSummary_poisson_without_newobj"/>
    <testcase time="0.000999999999748979" classname="ds.glmSummary_smk_poisson" name="simple_glmSummary_poisson_without_newobj"/>
    <testcase time="0.00300000000015643" classname="ds.glmSummary_smk_poisson" name="simple_glmSummary_poisson_without_newobj"/>
    <testcase time="0.00199999999995271" classname="ds.glmSummary_smk_poisson" name="simple_glmSummary_poisson_without_newobj"/>
    <testcase time="0.00199999999995271" classname="ds.glmSummary_smk_poisson" name="simple_glmSummary_poisson_without_newobj"/>
    <testcase time="0.00100000000020373" classname="ds.glmSummary_smk_poisson" name="simple_glmSummary_poisson_without_newobj"/>
    <testcase time="0.000999999999748979" classname="ds.glmSummary_smk_poisson" name="simple_glmSummary_poisson_without_newobj"/>
    <testcase time="0.00100000000020373" classname="ds.glmSummary_smk_poisson" name="simple_glmSummary_poisson_without_newobj"/>
    <testcase time="0.00299999999970169" classname="ds.glmSummary_smk_poisson" name="simple_glmSummary_poisson_without_newobj"/>
    <testcase time="0.00200000000040745" classname="ds.glmSummary_smk_poisson" name="simple_glmSummary_poisson_without_newobj"/>
    <testcase time="0.000999999999748979" classname="ds.glmSummary_smk_poisson" name="simple_glmSummary_poisson_without_newobj"/>
    <testcase time="0.00199999999995271" classname="ds.glmSummary_smk_poisson" name="simple_glmSummary_poisson_without_newobj"/>
    <testcase time="0.00100000000020373" classname="ds.glmSummary_smk_poisson" name="simple_glmSummary_poisson_without_newobj"/>
    <testcase time="0.000999999999748979" classname="ds.glmSummary_smk_poisson" name="simple_glmSummary_poisson_without_newobj"/>
    <testcase time="0.00300000000015643" classname="ds.glmSummary_smk_poisson" name="simple_glmSummary_poisson_without_newobj"/>
    <testcase time="0.00199999999995271" classname="ds.glmSummary_smk_poisson" name="simple_glmSummary_poisson_without_newobj"/>
    <testcase time="0.00100000000020373" classname="ds.glmSummary_smk_poisson" name="simple_glmSummary_poisson_without_newobj"/>
    <testcase time="0.00199999999995271" classname="ds.glmSummary_smk_poisson" name="simple_glmSummary_poisson_without_newobj"/>
    <testcase time="0.422999999999774" classname="ds.glmSummary_smk_poisson" name="simple_glmSummary_poisson"/>
    <testcase time="0.00100000000020373" classname="ds.glmSummary_smk_poisson" name="simple_glmSummary_poisson"/>
    <testcase time="0.00199999999995271" classname="ds.glmSummary_smk_poisson" name="simple_glmSummary_poisson"/>
    <testcase time="0.000999999999748979" classname="ds.glmSummary_smk_poisson" name="simple_glmSummary_poisson"/>
    <testcase time="0.222000000000207" classname="ds.glmSummary_smk_poisson" name="simple_glmSummary_poisson"/>
    <testcase time="0.00100000000020373" classname="ds.glmSummary_smk_poisson" name="simple_glmSummary_poisson"/>
    <testcase time="0.00100000000020373" classname="ds.glmSummary_smk_poisson" name="simple_glmSummary_poisson"/>
    <testcase time="0.00299999999970169" classname="ds.glmSummary_smk_poisson" name="simple_glmSummary_poisson"/>
    <testcase time="0.00199999999995271" classname="ds.glmSummary_smk_poisson" name="simple_glmSummary_poisson"/>
    <testcase time="0.00100000000020373" classname="ds.glmSummary_smk_poisson" name="simple_glmSummary_poisson"/>
    <testcase time="0.00199999999995271" classname="ds.glmSummary_smk_poisson" name="simple_glmSummary_poisson"/>
    <testcase time="0.00100000000020373" classname="ds.glmSummary_smk_poisson" name="simple_glmSummary_poisson"/>
    <testcase time="0.000999999999748979" classname="ds.glmSummary_smk_poisson" name="simple_glmSummary_poisson"/>
    <testcase time="0.00300000000015643" classname="ds.glmSummary_smk_poisson" name="simple_glmSummary_poisson"/>
    <testcase time="0.00199999999995271" classname="ds.glmSummary_smk_poisson" name="simple_glmSummary_poisson"/>
    <testcase time="0.00100000000020373" classname="ds.glmSummary_smk_poisson" name="simple_glmSummary_poisson"/>
    <testcase time="0.00100000000020373" classname="ds.glmSummary_smk_poisson" name="simple_glmSummary_poisson"/>
    <testcase time="0.000999999999748979" classname="ds.glmSummary_smk_poisson" name="simple_glmSummary_poisson"/>
    <testcase time="0.00199999999995271" classname="ds.glmSummary_smk_poisson" name="simple_glmSummary_poisson"/>
    <testcase time="0.00199999999995271" classname="ds.glmSummary_smk_poisson" name="simple_glmSummary_poisson"/>
    <testcase time="0.00300000000015643" classname="ds.glmSummary_smk_poisson" name="simple_glmSummary_poisson"/>
    <testcase time="0.00100000000020373" classname="ds.glmSummary_smk_poisson" name="simple_glmSummary_poisson"/>
    <testcase time="0.000999999999748979" classname="ds.glmSummary_smk_poisson" name="simple_glmSummary_poisson"/>
  </testsuite>
  <testsuite name="ds.glmSummary::smk::shutdown" timestamp="2025-09-19T12:10:42Z" hostname="runnervmf4ws1" tests="3" skipped="0" failures="0" errors="0" time="0.048">
    <testcase time="0.0460000000002765" classname="ds.glmSummary_smk_shutdown" name="shutdown"/>
    <testcase time="0.000999999999748979" classname="ds.glmSummary_smk_shutdown" name="shutdown"/>
    <testcase time="0.00100000000020373" classname="ds.glmSummary_smk_shutdown" name="shutdown"/>
  </testsuite>
  <testsuite name="ds.glmSummary::smk::done" timestamp="2025-09-19T12:10:42Z" hostname="runnervmf4ws1" tests="0" skipped="0" failures="0" errors="0" time="0"/>
  <testsuite name="smk-ds.hetcor" timestamp="2025-09-19T12:10:42Z" hostname="runnervmf4ws1" tests="0" skipped="0" failures="0" errors="0" time="0"/>
  <testsuite name="ds.hetcor::smk::setup" timestamp="2025-09-19T12:10:42Z" hostname="runnervmf4ws1" tests="3" skipped="0" failures="0" errors="0" time="7.538">
    <testcase time="7.5359999999996" classname="ds.hetcor_smk_setup" name="setup"/>
    <testcase time="0.00100000000020373" classname="ds.hetcor_smk_setup" name="setup"/>
    <testcase time="0.00100000000020373" classname="ds.hetcor_smk_setup" name="setup"/>
  </testsuite>
  <testsuite name="ds.hetcor::smk::test1" timestamp="2025-09-19T12:10:49Z" hostname="runnervmf4ws1" tests="123" skipped="0" failures="0" errors="0" time="4.515">
    <testcase time="4.30099999999993" classname="ds.hetcor_smk_test1" name="hetcor"/>
    <testcase time="0.00199999999995271" classname="ds.hetcor_smk_test1" name="hetcor"/>
    <testcase time="0.000999999999748979" classname="ds.hetcor_smk_test1" name="hetcor"/>
    <testcase time="0.00100000000020373" classname="ds.hetcor_smk_test1" name="hetcor"/>
    <testcase time="0.00100000000020373" classname="ds.hetcor_smk_test1" name="hetcor"/>
    <testcase time="0.00299999999970169" classname="ds.hetcor_smk_test1" name="hetcor"/>
    <testcase time="0.00199999999995271" classname="ds.hetcor_smk_test1" name="hetcor"/>
    <testcase time="0.00300000000015643" classname="ds.hetcor_smk_test1" name="hetcor"/>
    <testcase time="0.00199999999995271" classname="ds.hetcor_smk_test1" name="hetcor"/>
    <testcase time="0.00300000000015643" classname="ds.hetcor_smk_test1" name="hetcor"/>
    <testcase time="0.00199999999995271" classname="ds.hetcor_smk_test1" name="hetcor"/>
    <testcase time="0.00299999999970169" classname="ds.hetcor_smk_test1" name="hetcor"/>
    <testcase time="0.00200000000040745" classname="ds.hetcor_smk_test1" name="hetcor"/>
    <testcase time="0.00299999999970169" classname="ds.hetcor_smk_test1" name="hetcor"/>
    <testcase time="0.00300000000015643" classname="ds.hetcor_smk_test1" name="hetcor"/>
    <testcase time="0.00199999999995271" classname="ds.hetcor_smk_test1" name="hetcor"/>
    <testcase time="0.00300000000015643" classname="ds.hetcor_smk_test1" name="hetcor"/>
    <testcase time="0.000999999999748979" classname="ds.hetcor_smk_test1" name="hetcor"/>
    <testcase time="0.00100000000020373" classname="ds.hetcor_smk_test1" name="hetcor"/>
    <testcase time="0.000999999999748979" classname="ds.hetcor_smk_test1" name="hetcor"/>
    <testcase time="0.00199999999995271" classname="ds.hetcor_smk_test1" name="hetcor"/>
    <testcase time="0.00100000000020373" classname="ds.hetcor_smk_test1" name="hetcor"/>
    <testcase time="0.000999999999748979" classname="ds.hetcor_smk_test1" name="hetcor"/>
    <testcase time="0.00300000000015643" classname="ds.hetcor_smk_test1" name="hetcor"/>
    <testcase time="0.00199999999995271" classname="ds.hetcor_smk_test1" name="hetcor"/>
    <testcase time="0.00300000000015643" classname="ds.hetcor_smk_test1" name="hetcor"/>
    <testcase time="0.00199999999995271" classname="ds.hetcor_smk_test1" name="hetcor"/>
    <testcase time="0.00300000000015643" classname="ds.hetcor_smk_test1" name="hetcor"/>
    <testcase time="0.00199999999995271" classname="ds.hetcor_smk_test1" name="hetcor"/>
    <testcase time="0.00199999999995271" classname="ds.hetcor_smk_test1" name="hetcor"/>
    <testcase time="0.000999999999748979" classname="ds.hetcor_smk_test1" name="hetcor"/>
    <testcase time="0.00100000000020373" classname="ds.hetcor_smk_test1" name="hetcor"/>
    <testcase time="0.00300000000015643" classname="ds.hetcor_smk_test1" name="hetcor"/>
    <testcase time="0.00199999999995271" classname="ds.hetcor_smk_test1" name="hetcor"/>
    <testcase time="0.00299999999970169" classname="ds.hetcor_smk_test1" name="hetcor"/>
    <testcase time="0.00300000000015643" classname="ds.hetcor_smk_test1" name="hetcor"/>
    <testcase time="0.00199999999995271" classname="ds.hetcor_smk_test1" name="hetcor"/>
    <testcase time="0.00300000000015643" classname="ds.hetcor_smk_test1" name="hetcor"/>
    <testcase time="0.000999999999748979" classname="ds.hetcor_smk_test1" name="hetcor"/>
    <testcase time="0.00199999999995271" classname="ds.hetcor_smk_test1" name="hetcor"/>
    <testcase time="0.00100000000020373" classname="ds.hetcor_smk_test1" name="hetcor"/>
    <testcase time="0.00100000000020373" classname="ds.hetcor_smk_test1" name="hetcor"/>
    <testcase time="0.00199999999995271" classname="ds.hetcor_smk_test1" name="hetcor"/>
    <testcase time="0.000999999999748979" classname="ds.hetcor_smk_test1" name="hetcor"/>
    <testcase time="0.00199999999995271" classname="ds.hetcor_smk_test1" name="hetcor"/>
    <testcase time="0.00100000000020373" classname="ds.hetcor_smk_test1" name="hetcor"/>
    <testcase time="0.000999999999748979" classname="ds.hetcor_smk_test1" name="hetcor"/>
    <testcase time="0.00200000000040745" classname="ds.hetcor_smk_test1" name="hetcor"/>
    <testcase time="0.000999999999748979" classname="ds.hetcor_smk_test1" name="hetcor"/>
    <testcase time="0.00300000000015643" classname="ds.hetcor_smk_test1" name="hetcor"/>
    <testcase time="0.000999999999748979" classname="ds.hetcor_smk_test1" name="hetcor"/>
    <testcase time="0.00199999999995271" classname="ds.hetcor_smk_test1" name="hetcor"/>
    <testcase time="0.00100000000020373" classname="ds.hetcor_smk_test1" name="hetcor"/>
    <testcase time="0.00199999999995271" classname="ds.hetcor_smk_test1" name="hetcor"/>
    <testcase time="0.00100000000020373" classname="ds.hetcor_smk_test1" name="hetcor"/>
    <testcase time="0.00199999999995271" classname="ds.hetcor_smk_test1" name="hetcor"/>
    <testcase time="0.000999999999748979" classname="ds.hetcor_smk_test1" name="hetcor"/>
    <testcase time="0.00199999999995271" classname="ds.hetcor_smk_test1" name="hetcor"/>
    <testcase time="0.00700000000006185" classname="ds.hetcor_smk_test1" name="hetcor"/>
    <testcase time="0.00199999999995271" classname="ds.hetcor_smk_test1" name="hetcor"/>
    <testcase time="0.00100000000020373" classname="ds.hetcor_smk_test1" name="hetcor"/>
    <testcase time="0.00199999999995271" classname="ds.hetcor_smk_test1" name="hetcor"/>
    <testcase time="0.00100000000020373" classname="ds.hetcor_smk_test1" name="hetcor"/>
    <testcase time="0.000999999999748979" classname="ds.hetcor_smk_test1" name="hetcor"/>
    <testcase time="0.00199999999995271" classname="ds.hetcor_smk_test1" name="hetcor"/>
    <testcase time="0.00100000000020373" classname="ds.hetcor_smk_test1" name="hetcor"/>
    <testcase time="0.000999999999748979" classname="ds.hetcor_smk_test1" name="hetcor"/>
    <testcase time="0.00199999999995271" classname="ds.hetcor_smk_test1" name="hetcor"/>
    <testcase time="0.00100000000020373" classname="ds.hetcor_smk_test1" name="hetcor"/>
    <testcase time="0.00199999999995271" classname="ds.hetcor_smk_test1" name="hetcor"/>
    <testcase time="0.00100000000020373" classname="ds.hetcor_smk_test1" name="hetcor"/>
    <testcase time="0.000999999999748979" classname="ds.hetcor_smk_test1" name="hetcor"/>
    <testcase time="0.00199999999995271" classname="ds.hetcor_smk_test1" name="hetcor"/>
    <testcase time="0.00100000000020373" classname="ds.hetcor_smk_test1" name="hetcor"/>
    <testcase time="0.00199999999995271" classname="ds.hetcor_smk_test1" name="hetcor"/>
    <testcase time="0.000999999999748979" classname="ds.hetcor_smk_test1" name="hetcor"/>
    <testcase time="0.00100000000020373" classname="ds.hetcor_smk_test1" name="hetcor"/>
    <testcase time="0.00199999999995271" classname="ds.hetcor_smk_test1" name="hetcor"/>
    <testcase time="0.00100000000020373" classname="ds.hetcor_smk_test1" name="hetcor"/>
    <testcase time="0.00199999999995271" classname="ds.hetcor_smk_test1" name="hetcor"/>
    <testcase time="0.000999999999748979" classname="ds.hetcor_smk_test1" name="hetcor"/>
    <testcase time="0.00100000000020373" classname="ds.hetcor_smk_test1" name="hetcor"/>
    <testcase time="0.00199999999995271" classname="ds.hetcor_smk_test1" name="hetcor"/>
    <testcase time="0.00100000000020373" classname="ds.hetcor_smk_test1" name="hetcor"/>
    <testcase time="0.00199999999995271" classname="ds.hetcor_smk_test1" name="hetcor"/>
    <testcase time="0.000999999999748979" classname="ds.hetcor_smk_test1" name="hetcor"/>
    <testcase time="0.00199999999995271" classname="ds.hetcor_smk_test1" name="hetcor"/>
    <testcase time="0.00100000000020373" classname="ds.hetcor_smk_test1" name="hetcor"/>
    <testcase time="0.00199999999995271" classname="ds.hetcor_smk_test1" name="hetcor"/>
    <testcase time="0.00100000000020373" classname="ds.hetcor_smk_test1" name="hetcor"/>
    <testcase time="0.00199999999995271" classname="ds.hetcor_smk_test1" name="hetcor"/>
    <testcase time="0.000999999999748979" classname="ds.hetcor_smk_test1" name="hetcor"/>
    <testcase time="0.00199999999995271" classname="ds.hetcor_smk_test1" name="hetcor"/>
    <testcase time="0.00100000000020373" classname="ds.hetcor_smk_test1" name="hetcor"/>
    <testcase time="0.00199999999995271" classname="ds.hetcor_smk_test1" name="hetcor"/>
    <testcase time="0.000999999999748979" classname="ds.hetcor_smk_test1" name="hetcor"/>
    <testcase time="0.00200000000040745" classname="ds.hetcor_smk_test1" name="hetcor"/>
    <testcase time="0.000999999999748979" classname="ds.hetcor_smk_test1" name="hetcor"/>
    <testcase time="0.00199999999995271" classname="ds.hetcor_smk_test1" name="hetcor"/>
    <testcase time="0.00100000000020373" classname="ds.hetcor_smk_test1" name="hetcor"/>
    <testcase time="0.00299999999970169" classname="ds.hetcor_smk_test1" name="hetcor"/>
    <testcase time="0.00200000000040745" classname="ds.hetcor_smk_test1" name="hetcor"/>
    <testcase time="0.000999999999748979" classname="ds.hetcor_smk_test1" name="hetcor"/>
    <testcase time="0.00199999999995271" classname="ds.hetcor_smk_test1" name="hetcor"/>
    <testcase time="0.00100000000020373" classname="ds.hetcor_smk_test1" name="hetcor"/>
    <testcase time="0.00199999999995271" classname="ds.hetcor_smk_test1" name="hetcor"/>
    <testcase time="0.00199999999995271" classname="ds.hetcor_smk_test1" name="hetcor"/>
    <testcase time="0.00100000000020373" classname="ds.hetcor_smk_test1" name="hetcor"/>
    <testcase time="0.00199999999995271" classname="ds.hetcor_smk_test1" name="hetcor"/>
    <testcase time="0.000999999999748979" classname="ds.hetcor_smk_test1" name="hetcor"/>
    <testcase time="0.00199999999995271" classname="ds.hetcor_smk_test1" name="hetcor"/>
    <testcase time="0.00199999999995271" classname="ds.hetcor_smk_test1" name="hetcor"/>
    <testcase time="0.00100000000020373" classname="ds.hetcor_smk_test1" name="hetcor"/>
    <testcase time="0.00199999999995271" classname="ds.hetcor_smk_test1" name="hetcor"/>
    <testcase time="0.00100000000020373" classname="ds.hetcor_smk_test1" name="hetcor"/>
    <testcase time="0.00199999999995271" classname="ds.hetcor_smk_test1" name="hetcor"/>
    <testcase time="0.000999999999748979" classname="ds.hetcor_smk_test1" name="hetcor"/>
    <testcase time="0.00399999999990541" classname="ds.hetcor_smk_test1" name="hetcor"/>
    <testcase time="0.00100000000020373" classname="ds.hetcor_smk_test1" name="hetcor"/>
    <testcase time="0.00199999999995271" classname="ds.hetcor_smk_test1" name="hetcor"/>
    <testcase time="0.00100000000020373" classname="ds.hetcor_smk_test1" name="hetcor"/>
    <testcase time="0.00199999999995271" classname="ds.hetcor_smk_test1" name="hetcor"/>
    <testcase time="0.00199999999995271" classname="ds.hetcor_smk_test1" name="hetcor"/>
  </testsuite>
  <testsuite name="ds.hetcor::smk::shutdown" timestamp="2025-09-19T12:10:54Z" hostname="runnervmf4ws1" tests="3" skipped="0" failures="0" errors="0" time="0.05">
    <testcase time="0.0479999999997744" classname="ds.hetcor_smk_shutdown" name="shutdown"/>
    <testcase time="0.00100000000020373" classname="ds.hetcor_smk_shutdown" name="shutdown"/>
    <testcase time="0.000999999999748979" classname="ds.hetcor_smk_shutdown" name="shutdown"/>
  </testsuite>
  <testsuite name="ds.hetcor::smk::done" timestamp="2025-09-19T12:10:54Z" hostname="runnervmf4ws1" tests="0" skipped="0" failures="0" errors="0" time="0"/>
  <testsuite name="smk-ds.isNA" timestamp="2025-09-19T12:10:54Z" hostname="runnervmf4ws1" tests="0" skipped="0" failures="0" errors="0" time="0"/>
  <testsuite name="ds.isNA::smk::setup" timestamp="2025-09-19T12:10:54Z" hostname="runnervmf4ws1" tests="3" skipped="0" failures="0" errors="0" time="7.507">
    <testcase time="7.50500000000011" classname="ds.isNA_smk_setup" name="setup"/>
    <testcase time="0.000999999999748979" classname="ds.isNA_smk_setup" name="setup"/>
    <testcase time="0.00100000000020373" classname="ds.isNA_smk_setup" name="setup"/>
  </testsuite>
  <testsuite name="ds.isNA::smk" timestamp="2025-09-19T12:11:01Z" hostname="runnervmf4ws1" tests="3" skipped="0" failures="0" errors="0" time="0.16">
    <testcase time="0.154999999999745" classname="ds.isNA_smk" name="isNA"/>
    <testcase time="0.00200000000040745" classname="ds.isNA_smk" name="isNA"/>
    <testcase time="0.00299999999970169" classname="ds.isNA_smk" name="isNA"/>
  </testsuite>
  <testsuite name="ds.isNA::smk::shutdown" timestamp="2025-09-19T12:11:02Z" hostname="runnervmf4ws1" tests="3" skipped="0" failures="0" errors="0" time="0.05">
    <testcase time="0.0480000000002292" classname="ds.isNA_smk_shutdown" name="shutdown"/>
    <testcase time="0.000999999999748979" classname="ds.isNA_smk_shutdown" name="shutdown"/>
    <testcase time="0.00100000000020373" classname="ds.isNA_smk_shutdown" name="shutdown"/>
  </testsuite>
  <testsuite name="ds.isNA::smk::done" timestamp="2025-09-19T12:11:02Z" hostname="runnervmf4ws1" tests="0" skipped="0" failures="0" errors="0" time="0"/>
  <testsuite name="smk-ds.isValid" timestamp="2025-09-19T12:11:02Z" hostname="runnervmf4ws1" tests="0" skipped="0" failures="0" errors="0" time="0"/>
  <testsuite name="ds.isValid::smk::setup" timestamp="2025-09-19T12:11:02Z" hostname="runnervmf4ws1" tests="3" skipped="0" failures="0" errors="0" time="7.521">
    <testcase time="7.51800000000003" classname="ds.isValid_smk_setup" name="setup"/>
    <testcase time="0.000999999999748979" classname="ds.isValid_smk_setup" name="setup"/>
    <testcase time="0.00199999999995271" classname="ds.isValid_smk_setup" name="setup"/>
  </testsuite>
  <testsuite name="ds.isValid::smk" timestamp="2025-09-19T12:11:09Z" hostname="runnervmf4ws1" tests="7" skipped="0" failures="0" errors="0" time="0.123">
    <testcase time="0.11200000000008" classname="ds.isValid_smk" name="isValid"/>
    <testcase time="0.00100000000020373" classname="ds.isValid_smk" name="isValid"/>
    <testcase time="0.00299999999970169" classname="ds.isValid_smk" name="isValid"/>
    <testcase time="0.00100000000020373" classname="ds.isValid_smk" name="isValid"/>
    <testcase time="0.00300000000015643" classname="ds.isValid_smk" name="isValid"/>
    <testcase time="0.000999999999748979" classname="ds.isValid_smk" name="isValid"/>
    <testcase time="0.00199999999995271" classname="ds.isValid_smk" name="isValid"/>
  </testsuite>
  <testsuite name="ds.isValid::smk::shutdown" timestamp="2025-09-19T12:11:09Z" hostname="runnervmf4ws1" tests="3" skipped="0" failures="0" errors="0" time="0.06">
    <testcase time="0.0570000000002437" classname="ds.isValid_smk_shutdown" name="shutdown"/>
    <testcase time="0.000999999999748979" classname="ds.isValid_smk_shutdown" name="shutdown"/>
    <testcase time="0.00199999999995271" classname="ds.isValid_smk_shutdown" name="shutdown"/>
  </testsuite>
  <testsuite name="ds.isValid::smk::done" timestamp="2025-09-19T12:11:10Z" hostname="runnervmf4ws1" tests="0" skipped="0" failures="0" errors="0" time="0"/>
  <testsuite name="smk-ds.kurtosis" timestamp="2025-09-19T12:11:10Z" hostname="runnervmf4ws1" tests="0" skipped="0" failures="0" errors="0" time="0"/>
  <testsuite name="ds.kurtosis::smk::setup" timestamp="2025-09-19T12:11:10Z" hostname="runnervmf4ws1" tests="3" skipped="0" failures="0" errors="0" time="7.518">
    <testcase time="7.51500000000033" classname="ds.kurtosis_smk_setup" name="setup"/>
    <testcase time="0.000999999999748979" classname="ds.kurtosis_smk_setup" name="setup"/>
    <testcase time="0.00199999999995271" classname="ds.kurtosis_smk_setup" name="setup"/>
  </testsuite>
  <testsuite name="ds.kurtosis::smk::method 1::split" timestamp="2025-09-19T12:11:17Z" hostname="runnervmf4ws1" tests="70" skipped="0" failures="0" errors="0" time="0.64">
    <testcase time="0.11200000000008" classname="ds.kurtosis_smk_method_1_split" name="simple_kurtosis_method_1_split_on_LAB_TSC"/>
    <testcase time="0.00199999999995271" classname="ds.kurtosis_smk_method_1_split" name="simple_kurtosis_method_1_split_on_LAB_TSC"/>
    <testcase time="0.00100000000020373" classname="ds.kurtosis_smk_method_1_split" name="simple_kurtosis_method_1_split_on_LAB_TSC"/>
    <testcase time="0.000999999999748979" classname="ds.kurtosis_smk_method_1_split" name="simple_kurtosis_method_1_split_on_LAB_TSC"/>
    <testcase time="0.00100000000020373" classname="ds.kurtosis_smk_method_1_split" name="simple_kurtosis_method_1_split_on_LAB_TSC"/>
    <testcase time="0.00199999999995271" classname="ds.kurtosis_smk_method_1_split" name="simple_kurtosis_method_1_split_on_LAB_TSC"/>
    <testcase time="0.00100000000020373" classname="ds.kurtosis_smk_method_1_split" name="simple_kurtosis_method_1_split_on_LAB_TSC"/>
    <testcase time="0.000999999999748979" classname="ds.kurtosis_smk_method_1_split" name="simple_kurtosis_method_1_split_on_LAB_TSC"/>
    <testcase time="0.00100000000020373" classname="ds.kurtosis_smk_method_1_split" name="simple_kurtosis_method_1_split_on_LAB_TSC"/>
    <testcase time="0.00199999999995271" classname="ds.kurtosis_smk_method_1_split" name="simple_kurtosis_method_1_split_on_LAB_TSC"/>
    <testcase time="0.000999999999748979" classname="ds.kurtosis_smk_method_1_split" name="simple_kurtosis_method_1_split_on_LAB_TSC"/>
    <testcase time="0.00100000000020373" classname="ds.kurtosis_smk_method_1_split" name="simple_kurtosis_method_1_split_on_LAB_TSC"/>
    <testcase time="0.00199999999995271" classname="ds.kurtosis_smk_method_1_split" name="simple_kurtosis_method_1_split_on_LAB_TSC"/>
    <testcase time="0.00100000000020373" classname="ds.kurtosis_smk_method_1_split" name="simple_kurtosis_method_1_split_on_LAB_TSC"/>
    <testcase time="0.111999999999625" classname="ds.kurtosis_smk_method_1_split" name="simple_kurtosis_method_1_split_on_LAB_TRIG"/>
    <testcase time="0.00100000000020373" classname="ds.kurtosis_smk_method_1_split" name="simple_kurtosis_method_1_split_on_LAB_TRIG"/>
    <testcase time="0.000999999999748979" classname="ds.kurtosis_smk_method_1_split" name="simple_kurtosis_method_1_split_on_LAB_TRIG"/>
    <testcase time="0.00200000000040745" classname="ds.kurtosis_smk_method_1_split" name="simple_kurtosis_method_1_split_on_LAB_TRIG"/>
    <testcase time="0.000999999999748979" classname="ds.kurtosis_smk_method_1_split" name="simple_kurtosis_method_1_split_on_LAB_TRIG"/>
    <testcase time="0.00100000000020373" classname="ds.kurtosis_smk_method_1_split" name="simple_kurtosis_method_1_split_on_LAB_TRIG"/>
    <testcase time="0.000999999999748979" classname="ds.kurtosis_smk_method_1_split" name="simple_kurtosis_method_1_split_on_LAB_TRIG"/>
    <testcase time="0.00199999999995271" classname="ds.kurtosis_smk_method_1_split" name="simple_kurtosis_method_1_split_on_LAB_TRIG"/>
    <testcase time="0.00100000000020373" classname="ds.kurtosis_smk_method_1_split" name="simple_kurtosis_method_1_split_on_LAB_TRIG"/>
    <testcase time="0.000999999999748979" classname="ds.kurtosis_smk_method_1_split" name="simple_kurtosis_method_1_split_on_LAB_TRIG"/>
    <testcase time="0.00100000000020373" classname="ds.kurtosis_smk_method_1_split" name="simple_kurtosis_method_1_split_on_LAB_TRIG"/>
    <testcase time="0.00199999999995271" classname="ds.kurtosis_smk_method_1_split" name="simple_kurtosis_method_1_split_on_LAB_TRIG"/>
    <testcase time="0.00100000000020373" classname="ds.kurtosis_smk_method_1_split" name="simple_kurtosis_method_1_split_on_LAB_TRIG"/>
    <testcase time="0.000999999999748979" classname="ds.kurtosis_smk_method_1_split" name="simple_kurtosis_method_1_split_on_LAB_TRIG"/>
    <testcase time="0.105000000000018" classname="ds.kurtosis_smk_method_1_split" name="simple_kurtosis_method_1_split_on_LAB_HDL"/>
    <testcase time="0.00100000000020373" classname="ds.kurtosis_smk_method_1_split" name="simple_kurtosis_method_1_split_on_LAB_HDL"/>
    <testcase time="0.000999999999748979" classname="ds.kurtosis_smk_method_1_split" name="simple_kurtosis_method_1_split_on_LAB_HDL"/>
    <testcase time="0.00199999999995271" classname="ds.kurtosis_smk_method_1_split" name="simple_kurtosis_method_1_split_on_LAB_HDL"/>
    <testcase time="0.00100000000020373" classname="ds.kurtosis_smk_method_1_split" name="simple_kurtosis_method_1_split_on_LAB_HDL"/>
    <testcase time="0.000999999999748979" classname="ds.kurtosis_smk_method_1_split" name="simple_kurtosis_method_1_split_on_LAB_HDL"/>
    <testcase time="0.00200000000040745" classname="ds.kurtosis_smk_method_1_split" name="simple_kurtosis_method_1_split_on_LAB_HDL"/>
    <testcase time="0.000999999999748979" classname="ds.kurtosis_smk_method_1_split" name="simple_kurtosis_method_1_split_on_LAB_HDL"/>
    <testcase time="0.00100000000020373" classname="ds.kurtosis_smk_method_1_split" name="simple_kurtosis_method_1_split_on_LAB_HDL"/>
    <testcase time="0.000999999999748979" classname="ds.kurtosis_smk_method_1_split" name="simple_kurtosis_method_1_split_on_LAB_HDL"/>
    <testcase time="0.00199999999995271" classname="ds.kurtosis_smk_method_1_split" name="simple_kurtosis_method_1_split_on_LAB_HDL"/>
    <testcase time="0.00100000000020373" classname="ds.kurtosis_smk_method_1_split" name="simple_kurtosis_method_1_split_on_LAB_HDL"/>
    <testcase time="0.000999999999748979" classname="ds.kurtosis_smk_method_1_split" name="simple_kurtosis_method_1_split_on_LAB_HDL"/>
    <testcase time="0.00200000000040745" classname="ds.kurtosis_smk_method_1_split" name="simple_kurtosis_method_1_split_on_LAB_HDL"/>
    <testcase time="0.115999999999985" classname="ds.kurtosis_smk_method_1_split" name="simple_kurtosis_method_1_split_on_LAB_GLUC_ADJUSTED"/>
    <testcase time="0.000999999999748979" classname="ds.kurtosis_smk_method_1_split" name="simple_kurtosis_method_1_split_on_LAB_GLUC_ADJUSTED"/>
    <testcase time="0.00100000000020373" classname="ds.kurtosis_smk_method_1_split" name="simple_kurtosis_method_1_split_on_LAB_GLUC_ADJUSTED"/>
    <testcase time="0.00199999999995271" classname="ds.kurtosis_smk_method_1_split" name="simple_kurtosis_method_1_split_on_LAB_GLUC_ADJUSTED"/>
    <testcase time="0.000999999999748979" classname="ds.kurtosis_smk_method_1_split" name="simple_kurtosis_method_1_split_on_LAB_GLUC_ADJUSTED"/>
    <testcase time="0.00199999999995271" classname="ds.kurtosis_smk_method_1_split" name="simple_kurtosis_method_1_split_on_LAB_GLUC_ADJUSTED"/>
    <testcase time="0.00100000000020373" classname="ds.kurtosis_smk_method_1_split" name="simple_kurtosis_method_1_split_on_LAB_GLUC_ADJUSTED"/>
    <testcase time="0.00100000000020373" classname="ds.kurtosis_smk_method_1_split" name="simple_kurtosis_method_1_split_on_LAB_GLUC_ADJUSTED"/>
    <testcase time="0.00199999999995271" classname="ds.kurtosis_smk_method_1_split" name="simple_kurtosis_method_1_split_on_LAB_GLUC_ADJUSTED"/>
    <testcase time="0.000999999999748979" classname="ds.kurtosis_smk_method_1_split" name="simple_kurtosis_method_1_split_on_LAB_GLUC_ADJUSTED"/>
    <testcase time="0.00100000000020373" classname="ds.kurtosis_smk_method_1_split" name="simple_kurtosis_method_1_split_on_LAB_GLUC_ADJUSTED"/>
    <testcase time="0.00199999999995271" classname="ds.kurtosis_smk_method_1_split" name="simple_kurtosis_method_1_split_on_LAB_GLUC_ADJUSTED"/>
    <testcase time="0.000999999999748979" classname="ds.kurtosis_smk_method_1_split" name="simple_kurtosis_method_1_split_on_LAB_GLUC_ADJUSTED"/>
    <testcase time="0.00100000000020373" classname="ds.kurtosis_smk_method_1_split" name="simple_kurtosis_method_1_split_on_LAB_GLUC_ADJUSTED"/>
    <testcase time="0.110000000000127" classname="ds.kurtosis_smk_method_1_split" name="simple_kurtosis_method_1_split_on_PM_BMI_CONTINUOUS"/>
    <testcase time="0.000999999999748979" classname="ds.kurtosis_smk_method_1_split" name="simple_kurtosis_method_1_split_on_PM_BMI_CONTINUOUS"/>
    <testcase time="0.00100000000020373" classname="ds.kurtosis_smk_method_1_split" name="simple_kurtosis_method_1_split_on_PM_BMI_CONTINUOUS"/>
    <testcase time="0.00199999999995271" classname="ds.kurtosis_smk_method_1_split" name="simple_kurtosis_method_1_split_on_PM_BMI_CONTINUOUS"/>
    <testcase time="0.000999999999748979" classname="ds.kurtosis_smk_method_1_split" name="simple_kurtosis_method_1_split_on_PM_BMI_CONTINUOUS"/>
    <testcase time="0.00200000000040745" classname="ds.kurtosis_smk_method_1_split" name="simple_kurtosis_method_1_split_on_PM_BMI_CONTINUOUS"/>
    <testcase time="0.000999999999748979" classname="ds.kurtosis_smk_method_1_split" name="simple_kurtosis_method_1_split_on_PM_BMI_CONTINUOUS"/>
    <testcase time="0.00199999999995271" classname="ds.kurtosis_smk_method_1_split" name="simple_kurtosis_method_1_split_on_PM_BMI_CONTINUOUS"/>
    <testcase time="0.00100000000020373" classname="ds.kurtosis_smk_method_1_split" name="simple_kurtosis_method_1_split_on_PM_BMI_CONTINUOUS"/>
    <testcase time="0.00199999999995271" classname="ds.kurtosis_smk_method_1_split" name="simple_kurtosis_method_1_split_on_PM_BMI_CONTINUOUS"/>
    <testcase time="0.000999999999748979" classname="ds.kurtosis_smk_method_1_split" name="simple_kurtosis_method_1_split_on_PM_BMI_CONTINUOUS"/>
    <testcase time="0.00100000000020373" classname="ds.kurtosis_smk_method_1_split" name="simple_kurtosis_method_1_split_on_PM_BMI_CONTINUOUS"/>
    <testcase time="0.00199999999995271" classname="ds.kurtosis_smk_method_1_split" name="simple_kurtosis_method_1_split_on_PM_BMI_CONTINUOUS"/>
    <testcase time="0.00100000000020373" classname="ds.kurtosis_smk_method_1_split" name="simple_kurtosis_method_1_split_on_PM_BMI_CONTINUOUS"/>
  </testsuite>
  <testsuite name="ds.kurtosis::smk::method 1::combine" timestamp="2025-09-19T12:11:17Z" hostname="runnervmf4ws1" tests="40" skipped="0" failures="0" errors="0" time="0.787">
    <testcase time="0.155999999999949" classname="ds.kurtosis_smk_method_1_combine" name="simple_kurtosis_combine_on_LAB_TSC"/>
    <testcase time="0.000999999999748979" classname="ds.kurtosis_smk_method_1_combine" name="simple_kurtosis_combine_on_LAB_TSC"/>
    <testcase time="0.00199999999995271" classname="ds.kurtosis_smk_method_1_combine" name="simple_kurtosis_combine_on_LAB_TSC"/>
    <testcase time="0.00100000000020373" classname="ds.kurtosis_smk_method_1_combine" name="simple_kurtosis_combine_on_LAB_TSC"/>
    <testcase time="0.00100000000020373" classname="ds.kurtosis_smk_method_1_combine" name="simple_kurtosis_combine_on_LAB_TSC"/>
    <testcase time="0.000999999999748979" classname="ds.kurtosis_smk_method_1_combine" name="simple_kurtosis_combine_on_LAB_TSC"/>
    <testcase time="0.00100000000020373" classname="ds.kurtosis_smk_method_1_combine" name="simple_kurtosis_combine_on_LAB_TSC"/>
    <testcase time="0.00199999999995271" classname="ds.kurtosis_smk_method_1_combine" name="simple_kurtosis_combine_on_LAB_TSC"/>
    <testcase time="0.141000000000076" classname="ds.kurtosis_smk_method_1_combine" name="simple_kurtosis_method_1_combine_on_LAB_TRIG"/>
    <testcase time="0.00199999999995271" classname="ds.kurtosis_smk_method_1_combine" name="simple_kurtosis_method_1_combine_on_LAB_TRIG"/>
    <testcase time="0.000999999999748979" classname="ds.kurtosis_smk_method_1_combine" name="simple_kurtosis_method_1_combine_on_LAB_TRIG"/>
    <testcase time="0.00100000000020373" classname="ds.kurtosis_smk_method_1_combine" name="simple_kurtosis_method_1_combine_on_LAB_TRIG"/>
    <testcase time="0.000999999999748979" classname="ds.kurtosis_smk_method_1_combine" name="simple_kurtosis_method_1_combine_on_LAB_TRIG"/>
    <testcase time="0.00100000000020373" classname="ds.kurtosis_smk_method_1_combine" name="simple_kurtosis_method_1_combine_on_LAB_TRIG"/>
    <testcase time="0.00199999999995271" classname="ds.kurtosis_smk_method_1_combine" name="simple_kurtosis_method_1_combine_on_LAB_TRIG"/>
    <testcase time="0.00100000000020373" classname="ds.kurtosis_smk_method_1_combine" name="simple_kurtosis_method_1_combine_on_LAB_TRIG"/>
    <testcase time="0.15099999999984" classname="ds.kurtosis_smk_method_1_combine" name="simple_kurtosis_method_1_combine_on_LAB_HDL"/>
    <testcase time="0.000999999999748979" classname="ds.kurtosis_smk_method_1_combine" name="simple_kurtosis_method_1_combine_on_LAB_HDL"/>
    <testcase time="0.00200000000040745" classname="ds.kurtosis_smk_method_1_combine" name="simple_kurtosis_method_1_combine_on_LAB_HDL"/>
    <testcase time="0.000999999999748979" classname="ds.kurtosis_smk_method_1_combine" name="simple_kurtosis_method_1_combine_on_LAB_HDL"/>
    <testcase time="0.00100000000020373" classname="ds.kurtosis_smk_method_1_combine" name="simple_kurtosis_method_1_combine_on_LAB_HDL"/>
    <testcase time="0.000999999999748979" classname="ds.kurtosis_smk_method_1_combine" name="simple_kurtosis_method_1_combine_on_LAB_HDL"/>
    <testcase time="0.00199999999995271" classname="ds.kurtosis_smk_method_1_combine" name="simple_kurtosis_method_1_combine_on_LAB_HDL"/>
    <testcase time="0.00100000000020373" classname="ds.kurtosis_smk_method_1_combine" name="simple_kurtosis_method_1_combine_on_LAB_HDL"/>
    <testcase time="0.139999999999873" classname="ds.kurtosis_smk_method_1_combine" name="simple_kurtosis_method_1_combine_on_LAB_GLUC_ADJUSTED"/>
    <testcase time="0.00199999999995271" classname="ds.kurtosis_smk_method_1_combine" name="simple_kurtosis_method_1_combine_on_LAB_GLUC_ADJUSTED"/>
    <testcase time="0.00100000000020373" classname="ds.kurtosis_smk_method_1_combine" name="simple_kurtosis_method_1_combine_on_LAB_GLUC_ADJUSTED"/>
    <testcase time="0.000999999999748979" classname="ds.kurtosis_smk_method_1_combine" name="simple_kurtosis_method_1_combine_on_LAB_GLUC_ADJUSTED"/>
    <testcase time="0.00100000000020373" classname="ds.kurtosis_smk_method_1_combine" name="simple_kurtosis_method_1_combine_on_LAB_GLUC_ADJUSTED"/>
    <testcase time="0.00199999999995271" classname="ds.kurtosis_smk_method_1_combine" name="simple_kurtosis_method_1_combine_on_LAB_GLUC_ADJUSTED"/>
    <testcase time="0.00100000000020373" classname="ds.kurtosis_smk_method_1_combine" name="simple_kurtosis_method_1_combine_on_LAB_GLUC_ADJUSTED"/>
    <testcase time="0.000999999999748979" classname="ds.kurtosis_smk_method_1_combine" name="simple_kurtosis_method_1_combine_on_LAB_GLUC_ADJUSTED"/>
    <testcase time="0.153999999999996" classname="ds.kurtosis_smk_method_1_combine" name="simple_kurtosis_method_1_combine_on_PM_BMI_CONTINUOUS"/>
    <testcase time="0.000999999999748979" classname="ds.kurtosis_smk_method_1_combine" name="simple_kurtosis_method_1_combine_on_PM_BMI_CONTINUOUS"/>
    <testcase time="0.00100000000020373" classname="ds.kurtosis_smk_method_1_combine" name="simple_kurtosis_method_1_combine_on_PM_BMI_CONTINUOUS"/>
    <testcase time="0.00199999999995271" classname="ds.kurtosis_smk_method_1_combine" name="simple_kurtosis_method_1_combine_on_PM_BMI_CONTINUOUS"/>
    <testcase time="0.000999999999748979" classname="ds.kurtosis_smk_method_1_combine" name="simple_kurtosis_method_1_combine_on_PM_BMI_CONTINUOUS"/>
    <testcase time="0.00100000000020373" classname="ds.kurtosis_smk_method_1_combine" name="simple_kurtosis_method_1_combine_on_PM_BMI_CONTINUOUS"/>
    <testcase time="0.00100000000020373" classname="ds.kurtosis_smk_method_1_combine" name="simple_kurtosis_method_1_combine_on_PM_BMI_CONTINUOUS"/>
    <testcase time="0.00199999999995271" classname="ds.kurtosis_smk_method_1_combine" name="simple_kurtosis_method_1_combine_on_PM_BMI_CONTINUOUS"/>
  </testsuite>
  <testsuite name="ds.kurtosis::smk::method 1::both" timestamp="2025-09-19T12:11:18Z" hostname="runnervmf4ws1" tests="110" skipped="0" failures="0" errors="0" time="1.108">
    <testcase time="0.195999999999913" classname="ds.kurtosis_smk_method_1_both" name="simple_kurtosis_both_on_LAB_TSC"/>
    <testcase time="0.000999999999748979" classname="ds.kurtosis_smk_method_1_both" name="simple_kurtosis_both_on_LAB_TSC"/>
    <testcase time="0.00100000000020373" classname="ds.kurtosis_smk_method_1_both" name="simple_kurtosis_both_on_LAB_TSC"/>
    <testcase time="0.000999999999748979" classname="ds.kurtosis_smk_method_1_both" name="simple_kurtosis_both_on_LAB_TSC"/>
    <testcase time="0.00200000000040745" classname="ds.kurtosis_smk_method_1_both" name="simple_kurtosis_both_on_LAB_TSC"/>
    <testcase time="0.000999999999748979" classname="ds.kurtosis_smk_method_1_both" name="simple_kurtosis_both_on_LAB_TSC"/>
    <testcase time="0.00100000000020373" classname="ds.kurtosis_smk_method_1_both" name="simple_kurtosis_both_on_LAB_TSC"/>
    <testcase time="0.000999999999748979" classname="ds.kurtosis_smk_method_1_both" name="simple_kurtosis_both_on_LAB_TSC"/>
    <testcase time="0.00100000000020373" classname="ds.kurtosis_smk_method_1_both" name="simple_kurtosis_both_on_LAB_TSC"/>
    <testcase time="0.00199999999995271" classname="ds.kurtosis_smk_method_1_both" name="simple_kurtosis_both_on_LAB_TSC"/>
    <testcase time="0.000999999999748979" classname="ds.kurtosis_smk_method_1_both" name="simple_kurtosis_both_on_LAB_TSC"/>
    <testcase time="0.00100000000020373" classname="ds.kurtosis_smk_method_1_both" name="simple_kurtosis_both_on_LAB_TSC"/>
    <testcase time="0.00100000000020373" classname="ds.kurtosis_smk_method_1_both" name="simple_kurtosis_both_on_LAB_TSC"/>
    <testcase time="0.000999999999748979" classname="ds.kurtosis_smk_method_1_both" name="simple_kurtosis_both_on_LAB_TSC"/>
    <testcase time="0.00100000000020373" classname="ds.kurtosis_smk_method_1_both" name="simple_kurtosis_both_on_LAB_TSC"/>
    <testcase time="0.00100000000020373" classname="ds.kurtosis_smk_method_1_both" name="simple_kurtosis_both_on_LAB_TSC"/>
    <testcase time="0.000999999999748979" classname="ds.kurtosis_smk_method_1_both" name="simple_kurtosis_both_on_LAB_TSC"/>
    <testcase time="0.00100000000020373" classname="ds.kurtosis_smk_method_1_both" name="simple_kurtosis_both_on_LAB_TSC"/>
    <testcase time="0.000999999999748979" classname="ds.kurtosis_smk_method_1_both" name="simple_kurtosis_both_on_LAB_TSC"/>
    <testcase time="0.00100000000020373" classname="ds.kurtosis_smk_method_1_both" name="simple_kurtosis_both_on_LAB_TSC"/>
    <testcase time="0.00199999999995271" classname="ds.kurtosis_smk_method_1_both" name="simple_kurtosis_both_on_LAB_TSC"/>
    <testcase time="0.00100000000020373" classname="ds.kurtosis_smk_method_1_both" name="simple_kurtosis_both_on_LAB_TSC"/>
    <testcase time="0.201000000000022" classname="ds.kurtosis_smk_method_1_both" name="simple_kurtosis_method_1_both_on_LAB_TRIG"/>
    <testcase time="0.00199999999995271" classname="ds.kurtosis_smk_method_1_both" name="simple_kurtosis_method_1_both_on_LAB_TRIG"/>
    <testcase time="0.000999999999748979" classname="ds.kurtosis_smk_method_1_both" name="simple_kurtosis_method_1_both_on_LAB_TRIG"/>
    <testcase time="0.00100000000020373" classname="ds.kurtosis_smk_method_1_both" name="simple_kurtosis_method_1_both_on_LAB_TRIG"/>
    <testcase time="0.000999999999748979" classname="ds.kurtosis_smk_method_1_both" name="simple_kurtosis_method_1_both_on_LAB_TRIG"/>
    <testcase time="0.00199999999995271" classname="ds.kurtosis_smk_method_1_both" name="simple_kurtosis_method_1_both_on_LAB_TRIG"/>
    <testcase time="0.00100000000020373" classname="ds.kurtosis_smk_method_1_both" name="simple_kurtosis_method_1_both_on_LAB_TRIG"/>
    <testcase time="0.00100000000020373" classname="ds.kurtosis_smk_method_1_both" name="simple_kurtosis_method_1_both_on_LAB_TRIG"/>
    <testcase time="0.00199999999995271" classname="ds.kurtosis_smk_method_1_both" name="simple_kurtosis_method_1_both_on_LAB_TRIG"/>
    <testcase time="0.000999999999748979" classname="ds.kurtosis_smk_method_1_both" name="simple_kurtosis_method_1_both_on_LAB_TRIG"/>
    <testcase time="0.00100000000020373" classname="ds.kurtosis_smk_method_1_both" name="simple_kurtosis_method_1_both_on_LAB_TRIG"/>
    <testcase time="0.000999999999748979" classname="ds.kurtosis_smk_method_1_both" name="simple_kurtosis_method_1_both_on_LAB_TRIG"/>
    <testcase time="0.00199999999995271" classname="ds.kurtosis_smk_method_1_both" name="simple_kurtosis_method_1_both_on_LAB_TRIG"/>
    <testcase time="0.00100000000020373" classname="ds.kurtosis_smk_method_1_both" name="simple_kurtosis_method_1_both_on_LAB_TRIG"/>
    <testcase time="0.000999999999748979" classname="ds.kurtosis_smk_method_1_both" name="simple_kurtosis_method_1_both_on_LAB_TRIG"/>
    <testcase time="0.00200000000040745" classname="ds.kurtosis_smk_method_1_both" name="simple_kurtosis_method_1_both_on_LAB_TRIG"/>
    <testcase time="0.000999999999748979" classname="ds.kurtosis_smk_method_1_both" name="simple_kurtosis_method_1_both_on_LAB_TRIG"/>
    <testcase time="0.00100000000020373" classname="ds.kurtosis_smk_method_1_both" name="simple_kurtosis_method_1_both_on_LAB_TRIG"/>
    <testcase time="0.00199999999995271" classname="ds.kurtosis_smk_method_1_both" name="simple_kurtosis_method_1_both_on_LAB_TRIG"/>
    <testcase time="0.000999999999748979" classname="ds.kurtosis_smk_method_1_both" name="simple_kurtosis_method_1_both_on_LAB_TRIG"/>
    <testcase time="0.00100000000020373" classname="ds.kurtosis_smk_method_1_both" name="simple_kurtosis_method_1_both_on_LAB_TRIG"/>
    <testcase time="0.00199999999995271" classname="ds.kurtosis_smk_method_1_both" name="simple_kurtosis_method_1_both_on_LAB_TRIG"/>
    <testcase time="0.193000000000211" classname="ds.kurtosis_smk_method_1_both" name="simple_kurtosis_method_1_both_on_LAB_HDL"/>
    <testcase time="0.00199999999995271" classname="ds.kurtosis_smk_method_1_both" name="simple_kurtosis_method_1_both_on_LAB_HDL"/>
    <testcase time="0.000999999999748979" classname="ds.kurtosis_smk_method_1_both" name="simple_kurtosis_method_1_both_on_LAB_HDL"/>
    <testcase time="0.00100000000020373" classname="ds.kurtosis_smk_method_1_both" name="simple_kurtosis_method_1_both_on_LAB_HDL"/>
    <testcase time="0.00199999999995271" classname="ds.kurtosis_smk_method_1_both" name="simple_kurtosis_method_1_both_on_LAB_HDL"/>
    <testcase time="0.00199999999995271" classname="ds.kurtosis_smk_method_1_both" name="simple_kurtosis_method_1_both_on_LAB_HDL"/>
    <testcase time="0.00199999999995271" classname="ds.kurtosis_smk_method_1_both" name="simple_kurtosis_method_1_both_on_LAB_HDL"/>
    <testcase time="0.00100000000020373" classname="ds.kurtosis_smk_method_1_both" name="simple_kurtosis_method_1_both_on_LAB_HDL"/>
    <testcase time="0.000999999999748979" classname="ds.kurtosis_smk_method_1_both" name="simple_kurtosis_method_1_both_on_LAB_HDL"/>
    <testcase time="0.00199999999995271" classname="ds.kurtosis_smk_method_1_both" name="simple_kurtosis_method_1_both_on_LAB_HDL"/>
    <testcase time="0.00100000000020373" classname="ds.kurtosis_smk_method_1_both" name="simple_kurtosis_method_1_both_on_LAB_HDL"/>
    <testcase time="0.000999999999748979" classname="ds.kurtosis_smk_method_1_both" name="simple_kurtosis_method_1_both_on_LAB_HDL"/>
    <testcase time="0.00199999999995271" classname="ds.kurtosis_smk_method_1_both" name="simple_kurtosis_method_1_both_on_LAB_HDL"/>
    <testcase time="0.00100000000020373" classname="ds.kurtosis_smk_method_1_both" name="simple_kurtosis_method_1_both_on_LAB_HDL"/>
    <testcase time="0.00100000000020373" classname="ds.kurtosis_smk_method_1_both" name="simple_kurtosis_method_1_both_on_LAB_HDL"/>
    <testcase time="0.00199999999995271" classname="ds.kurtosis_smk_method_1_both" name="simple_kurtosis_method_1_both_on_LAB_HDL"/>
    <testcase time="0.000999999999748979" classname="ds.kurtosis_smk_method_1_both" name="simple_kurtosis_method_1_both_on_LAB_HDL"/>
    <testcase time="0.00100000000020373" classname="ds.kurtosis_smk_method_1_both" name="simple_kurtosis_method_1_both_on_LAB_HDL"/>
    <testcase time="0.00199999999995271" classname="ds.kurtosis_smk_method_1_both" name="simple_kurtosis_method_1_both_on_LAB_HDL"/>
    <testcase time="0.000999999999748979" classname="ds.kurtosis_smk_method_1_both" name="simple_kurtosis_method_1_both_on_LAB_HDL"/>
    <testcase time="0.00100000000020373" classname="ds.kurtosis_smk_method_1_both" name="simple_kurtosis_method_1_both_on_LAB_HDL"/>
    <testcase time="0.00199999999995271" classname="ds.kurtosis_smk_method_1_both" name="simple_kurtosis_method_1_both_on_LAB_HDL"/>
    <testcase time="0.186000000000149" classname="ds.kurtosis_smk_method_1_both" name="simple_kurtosis_method_1_both_on_LAB_GLUC_ADJUSTED"/>
    <testcase time="0.000999999999748979" classname="ds.kurtosis_smk_method_1_both" name="simple_kurtosis_method_1_both_on_LAB_GLUC_ADJUSTED"/>
    <testcase time="0.00199999999995271" classname="ds.kurtosis_smk_method_1_both" name="simple_kurtosis_method_1_both_on_LAB_GLUC_ADJUSTED"/>
    <testcase time="0.00100000000020373" classname="ds.kurtosis_smk_method_1_both" name="simple_kurtosis_method_1_both_on_LAB_GLUC_ADJUSTED"/>
    <testcase time="0.00100000000020373" classname="ds.kurtosis_smk_method_1_both" name="simple_kurtosis_method_1_both_on_LAB_GLUC_ADJUSTED"/>
    <testcase time="0.00199999999995271" classname="ds.kurtosis_smk_method_1_both" name="simple_kurtosis_method_1_both_on_LAB_GLUC_ADJUSTED"/>
    <testcase time="0.000999999999748979" classname="ds.kurtosis_smk_method_1_both" name="simple_kurtosis_method_1_both_on_LAB_GLUC_ADJUSTED"/>
    <testcase time="0.00199999999995271" classname="ds.kurtosis_smk_method_1_both" name="simple_kurtosis_method_1_both_on_LAB_GLUC_ADJUSTED"/>
    <testcase time="0.00100000000020373" classname="ds.kurtosis_smk_method_1_both" name="simple_kurtosis_method_1_both_on_LAB_GLUC_ADJUSTED"/>
    <testcase time="0.00199999999995271" classname="ds.kurtosis_smk_method_1_both" name="simple_kurtosis_method_1_both_on_LAB_GLUC_ADJUSTED"/>
    <testcase time="0.00100000000020373" classname="ds.kurtosis_smk_method_1_both" name="simple_kurtosis_method_1_both_on_LAB_GLUC_ADJUSTED"/>
    <testcase time="0.000999999999748979" classname="ds.kurtosis_smk_method_1_both" name="simple_kurtosis_method_1_both_on_LAB_GLUC_ADJUSTED"/>
    <testcase time="0.000999999999748979" classname="ds.kurtosis_smk_method_1_both" name="simple_kurtosis_method_1_both_on_LAB_GLUC_ADJUSTED"/>
    <testcase time="0.00100000000020373" classname="ds.kurtosis_smk_method_1_both" name="simple_kurtosis_method_1_both_on_LAB_GLUC_ADJUSTED"/>
    <testcase time="0.00199999999995271" classname="ds.kurtosis_smk_method_1_both" name="simple_kurtosis_method_1_both_on_LAB_GLUC_ADJUSTED"/>
    <testcase time="0.000999999999748979" classname="ds.kurtosis_smk_method_1_both" name="simple_kurtosis_method_1_both_on_LAB_GLUC_ADJUSTED"/>
    <testcase time="0.00199999999995271" classname="ds.kurtosis_smk_method_1_both" name="simple_kurtosis_method_1_both_on_LAB_GLUC_ADJUSTED"/>
    <testcase time="0.00100000000020373" classname="ds.kurtosis_smk_method_1_both" name="simple_kurtosis_method_1_both_on_LAB_GLUC_ADJUSTED"/>
    <testcase time="0.00100000000020373" classname="ds.kurtosis_smk_method_1_both" name="simple_kurtosis_method_1_both_on_LAB_GLUC_ADJUSTED"/>
    <testcase time="0.00199999999995271" classname="ds.kurtosis_smk_method_1_both" name="simple_kurtosis_method_1_both_on_LAB_GLUC_ADJUSTED"/>
    <testcase time="0.000999999999748979" classname="ds.kurtosis_smk_method_1_both" name="simple_kurtosis_method_1_both_on_LAB_GLUC_ADJUSTED"/>
    <testcase time="0.00199999999995271" classname="ds.kurtosis_smk_method_1_both" name="simple_kurtosis_method_1_both_on_LAB_GLUC_ADJUSTED"/>
    <testcase time="0.189000000000306" classname="ds.kurtosis_smk_method_1_both" name="simple_kurtosis_method_1_both_on_PM_BMI_CONTINUOUS"/>
    <testcase time="0.000999999999748979" classname="ds.kurtosis_smk_method_1_both" name="simple_kurtosis_method_1_both_on_PM_BMI_CONTINUOUS"/>
    <testcase time="0.00199999999995271" classname="ds.kurtosis_smk_method_1_both" name="simple_kurtosis_method_1_both_on_PM_BMI_CONTINUOUS"/>
    <testcase time="0.00100000000020373" classname="ds.kurtosis_smk_method_1_both" name="simple_kurtosis_method_1_both_on_PM_BMI_CONTINUOUS"/>
    <testcase time="0.00199999999995271" classname="ds.kurtosis_smk_method_1_both" name="simple_kurtosis_method_1_both_on_PM_BMI_CONTINUOUS"/>
    <testcase time="0.00100000000020373" classname="ds.kurtosis_smk_method_1_both" name="simple_kurtosis_method_1_both_on_PM_BMI_CONTINUOUS"/>
    <testcase time="0.00199999999995271" classname="ds.kurtosis_smk_method_1_both" name="simple_kurtosis_method_1_both_on_PM_BMI_CONTINUOUS"/>
    <testcase time="0.000999999999748979" classname="ds.kurtosis_smk_method_1_both" name="simple_kurtosis_method_1_both_on_PM_BMI_CONTINUOUS"/>
    <testcase time="0.00199999999995271" classname="ds.kurtosis_smk_method_1_both" name="simple_kurtosis_method_1_both_on_PM_BMI_CONTINUOUS"/>
    <testcase time="0.00100000000020373" classname="ds.kurtosis_smk_method_1_both" name="simple_kurtosis_method_1_both_on_PM_BMI_CONTINUOUS"/>
    <testcase time="0.00199999999995271" classname="ds.kurtosis_smk_method_1_both" name="simple_kurtosis_method_1_both_on_PM_BMI_CONTINUOUS"/>
    <testcase time="0.000999999999748979" classname="ds.kurtosis_smk_method_1_both" name="simple_kurtosis_method_1_both_on_PM_BMI_CONTINUOUS"/>
    <testcase time="0.00200000000040745" classname="ds.kurtosis_smk_method_1_both" name="simple_kurtosis_method_1_both_on_PM_BMI_CONTINUOUS"/>
    <testcase time="0.000999999999748979" classname="ds.kurtosis_smk_method_1_both" name="simple_kurtosis_method_1_both_on_PM_BMI_CONTINUOUS"/>
    <testcase time="0.00199999999995271" classname="ds.kurtosis_smk_method_1_both" name="simple_kurtosis_method_1_both_on_PM_BMI_CONTINUOUS"/>
    <testcase time="0.00100000000020373" classname="ds.kurtosis_smk_method_1_both" name="simple_kurtosis_method_1_both_on_PM_BMI_CONTINUOUS"/>
    <testcase time="0.00199999999995271" classname="ds.kurtosis_smk_method_1_both" name="simple_kurtosis_method_1_both_on_PM_BMI_CONTINUOUS"/>
    <testcase time="0.00199999999995271" classname="ds.kurtosis_smk_method_1_both" name="simple_kurtosis_method_1_both_on_PM_BMI_CONTINUOUS"/>
    <testcase time="0.00100000000020373" classname="ds.kurtosis_smk_method_1_both" name="simple_kurtosis_method_1_both_on_PM_BMI_CONTINUOUS"/>
    <testcase time="0.00199999999995271" classname="ds.kurtosis_smk_method_1_both" name="simple_kurtosis_method_1_both_on_PM_BMI_CONTINUOUS"/>
    <testcase time="0.000999999999748979" classname="ds.kurtosis_smk_method_1_both" name="simple_kurtosis_method_1_both_on_PM_BMI_CONTINUOUS"/>
    <testcase time="0.00199999999995271" classname="ds.kurtosis_smk_method_1_both" name="simple_kurtosis_method_1_both_on_PM_BMI_CONTINUOUS"/>
  </testsuite>
  <testsuite name="ds.kurtosis::smk::method 2::split" timestamp="2025-09-19T12:11:19Z" hostname="runnervmf4ws1" tests="70" skipped="0" failures="0" errors="0" time="0.652">
    <testcase time="0.111000000000331" classname="ds.kurtosis_smk_method_2_split" name="simple_kurtosis_method_2_split_on_LAB_TSC"/>
    <testcase time="0.000999999999748979" classname="ds.kurtosis_smk_method_2_split" name="simple_kurtosis_method_2_split_on_LAB_TSC"/>
    <testcase time="0.00100000000020373" classname="ds.kurtosis_smk_method_2_split" name="simple_kurtosis_method_2_split_on_LAB_TSC"/>
    <testcase time="0.00199999999995271" classname="ds.kurtosis_smk_method_2_split" name="simple_kurtosis_method_2_split_on_LAB_TSC"/>
    <testcase time="0.000999999999748979" classname="ds.kurtosis_smk_method_2_split" name="simple_kurtosis_method_2_split_on_LAB_TSC"/>
    <testcase time="0.00100000000020373" classname="ds.kurtosis_smk_method_2_split" name="simple_kurtosis_method_2_split_on_LAB_TSC"/>
    <testcase time="0.000999999999748979" classname="ds.kurtosis_smk_method_2_split" name="simple_kurtosis_method_2_split_on_LAB_TSC"/>
    <testcase time="0.00100000000020373" classname="ds.kurtosis_smk_method_2_split" name="simple_kurtosis_method_2_split_on_LAB_TSC"/>
    <testcase time="0.00199999999995271" classname="ds.kurtosis_smk_method_2_split" name="simple_kurtosis_method_2_split_on_LAB_TSC"/>
    <testcase time="0.00100000000020373" classname="ds.kurtosis_smk_method_2_split" name="simple_kurtosis_method_2_split_on_LAB_TSC"/>
    <testcase time="0.000999999999748979" classname="ds.kurtosis_smk_method_2_split" name="simple_kurtosis_method_2_split_on_LAB_TSC"/>
    <testcase time="0.00100000000020373" classname="ds.kurtosis_smk_method_2_split" name="simple_kurtosis_method_2_split_on_LAB_TSC"/>
    <testcase time="0.000999999999748979" classname="ds.kurtosis_smk_method_2_split" name="simple_kurtosis_method_2_split_on_LAB_TSC"/>
    <testcase time="0.00199999999995271" classname="ds.kurtosis_smk_method_2_split" name="simple_kurtosis_method_2_split_on_LAB_TSC"/>
    <testcase time="0.114000000000033" classname="ds.kurtosis_smk_method_2_split" name="simple_kurtosis_method_2_split_on_LAB_TRIG"/>
    <testcase time="0.00199999999995271" classname="ds.kurtosis_smk_method_2_split" name="simple_kurtosis_method_2_split_on_LAB_TRIG"/>
    <testcase time="0.00100000000020373" classname="ds.kurtosis_smk_method_2_split" name="simple_kurtosis_method_2_split_on_LAB_TRIG"/>
    <testcase time="0.00100000000020373" classname="ds.kurtosis_smk_method_2_split" name="simple_kurtosis_method_2_split_on_LAB_TRIG"/>
    <testcase time="0.00199999999995271" classname="ds.kurtosis_smk_method_2_split" name="simple_kurtosis_method_2_split_on_LAB_TRIG"/>
    <testcase time="0.000999999999748979" classname="ds.kurtosis_smk_method_2_split" name="simple_kurtosis_method_2_split_on_LAB_TRIG"/>
    <testcase time="0.00100000000020373" classname="ds.kurtosis_smk_method_2_split" name="simple_kurtosis_method_2_split_on_LAB_TRIG"/>
    <testcase time="0.000999999999748979" classname="ds.kurtosis_smk_method_2_split" name="simple_kurtosis_method_2_split_on_LAB_TRIG"/>
    <testcase time="0.00199999999995271" classname="ds.kurtosis_smk_method_2_split" name="simple_kurtosis_method_2_split_on_LAB_TRIG"/>
    <testcase time="0.00100000000020373" classname="ds.kurtosis_smk_method_2_split" name="simple_kurtosis_method_2_split_on_LAB_TRIG"/>
    <testcase time="0.00100000000020373" classname="ds.kurtosis_smk_method_2_split" name="simple_kurtosis_method_2_split_on_LAB_TRIG"/>
    <testcase time="0.000999999999748979" classname="ds.kurtosis_smk_method_2_split" name="simple_kurtosis_method_2_split_on_LAB_TRIG"/>
    <testcase time="0.00100000000020373" classname="ds.kurtosis_smk_method_2_split" name="simple_kurtosis_method_2_split_on_LAB_TRIG"/>
    <testcase time="0.00100000000020373" classname="ds.kurtosis_smk_method_2_split" name="simple_kurtosis_method_2_split_on_LAB_TRIG"/>
    <testcase time="0.105000000000018" classname="ds.kurtosis_smk_method_2_split" name="simple_kurtosis_method_2_split_on_LAB_HDL"/>
    <testcase time="0.000999999999748979" classname="ds.kurtosis_smk_method_2_split" name="simple_kurtosis_method_2_split_on_LAB_HDL"/>
    <testcase time="0.00199999999995271" classname="ds.kurtosis_smk_method_2_split" name="simple_kurtosis_method_2_split_on_LAB_HDL"/>
    <testcase time="0.00100000000020373" classname="ds.kurtosis_smk_method_2_split" name="simple_kurtosis_method_2_split_on_LAB_HDL"/>
    <testcase time="0.000999999999748979" classname="ds.kurtosis_smk_method_2_split" name="simple_kurtosis_method_2_split_on_LAB_HDL"/>
    <testcase time="0.00200000000040745" classname="ds.kurtosis_smk_method_2_split" name="simple_kurtosis_method_2_split_on_LAB_HDL"/>
    <testcase time="0.000999999999748979" classname="ds.kurtosis_smk_method_2_split" name="simple_kurtosis_method_2_split_on_LAB_HDL"/>
    <testcase time="0.00100000000020373" classname="ds.kurtosis_smk_method_2_split" name="simple_kurtosis_method_2_split_on_LAB_HDL"/>
    <testcase time="0.00199999999995271" classname="ds.kurtosis_smk_method_2_split" name="simple_kurtosis_method_2_split_on_LAB_HDL"/>
    <testcase time="0.000999999999748979" classname="ds.kurtosis_smk_method_2_split" name="simple_kurtosis_method_2_split_on_LAB_HDL"/>
    <testcase time="0.00100000000020373" classname="ds.kurtosis_smk_method_2_split" name="simple_kurtosis_method_2_split_on_LAB_HDL"/>
    <testcase time="0.000999999999748979" classname="ds.kurtosis_smk_method_2_split" name="simple_kurtosis_method_2_split_on_LAB_HDL"/>
    <testcase time="0.00200000000040745" classname="ds.kurtosis_smk_method_2_split" name="simple_kurtosis_method_2_split_on_LAB_HDL"/>
    <testcase time="0.000999999999748979" classname="ds.kurtosis_smk_method_2_split" name="simple_kurtosis_method_2_split_on_LAB_HDL"/>
    <testcase time="0.128000000000156" classname="ds.kurtosis_smk_method_2_split" name="simple_kurtosis_method_2_split_on_LAB_GLUC_ADJUSTED"/>
    <testcase time="0.00199999999995271" classname="ds.kurtosis_smk_method_2_split" name="simple_kurtosis_method_2_split_on_LAB_GLUC_ADJUSTED"/>
    <testcase time="0.000999999999748979" classname="ds.kurtosis_smk_method_2_split" name="simple_kurtosis_method_2_split_on_LAB_GLUC_ADJUSTED"/>
    <testcase time="0.00100000000020373" classname="ds.kurtosis_smk_method_2_split" name="simple_kurtosis_method_2_split_on_LAB_GLUC_ADJUSTED"/>
    <testcase time="0.00199999999995271" classname="ds.kurtosis_smk_method_2_split" name="simple_kurtosis_method_2_split_on_LAB_GLUC_ADJUSTED"/>
    <testcase time="0.00100000000020373" classname="ds.kurtosis_smk_method_2_split" name="simple_kurtosis_method_2_split_on_LAB_GLUC_ADJUSTED"/>
    <testcase time="0.000999999999748979" classname="ds.kurtosis_smk_method_2_split" name="simple_kurtosis_method_2_split_on_LAB_GLUC_ADJUSTED"/>
    <testcase time="0.00199999999995271" classname="ds.kurtosis_smk_method_2_split" name="simple_kurtosis_method_2_split_on_LAB_GLUC_ADJUSTED"/>
    <testcase time="0.00100000000020373" classname="ds.kurtosis_smk_method_2_split" name="simple_kurtosis_method_2_split_on_LAB_GLUC_ADJUSTED"/>
    <testcase time="0.000999999999748979" classname="ds.kurtosis_smk_method_2_split" name="simple_kurtosis_method_2_split_on_LAB_GLUC_ADJUSTED"/>
    <testcase time="0.00199999999995271" classname="ds.kurtosis_smk_method_2_split" name="simple_kurtosis_method_2_split_on_LAB_GLUC_ADJUSTED"/>
    <testcase time="0.00100000000020373" classname="ds.kurtosis_smk_method_2_split" name="simple_kurtosis_method_2_split_on_LAB_GLUC_ADJUSTED"/>
    <testcase time="0.00100000000020373" classname="ds.kurtosis_smk_method_2_split" name="simple_kurtosis_method_2_split_on_LAB_GLUC_ADJUSTED"/>
    <testcase time="0.00199999999995271" classname="ds.kurtosis_smk_method_2_split" name="simple_kurtosis_method_2_split_on_LAB_GLUC_ADJUSTED"/>
    <testcase time="0.108999999999924" classname="ds.kurtosis_smk_method_2_split" name="simple_kurtosis_method_2_split_on_PM_BMI_CONTINUOUS"/>
    <testcase time="0.000999999999748979" classname="ds.kurtosis_smk_method_2_split" name="simple_kurtosis_method_2_split_on_PM_BMI_CONTINUOUS"/>
    <testcase time="0.00200000000040745" classname="ds.kurtosis_smk_method_2_split" name="simple_kurtosis_method_2_split_on_PM_BMI_CONTINUOUS"/>
    <testcase time="0.000999999999748979" classname="ds.kurtosis_smk_method_2_split" name="simple_kurtosis_method_2_split_on_PM_BMI_CONTINUOUS"/>
    <testcase time="0.00100000000020373" classname="ds.kurtosis_smk_method_2_split" name="simple_kurtosis_method_2_split_on_PM_BMI_CONTINUOUS"/>
    <testcase time="0.00199999999995271" classname="ds.kurtosis_smk_method_2_split" name="simple_kurtosis_method_2_split_on_PM_BMI_CONTINUOUS"/>
    <testcase time="0.000999999999748979" classname="ds.kurtosis_smk_method_2_split" name="simple_kurtosis_method_2_split_on_PM_BMI_CONTINUOUS"/>
    <testcase time="0.00199999999995271" classname="ds.kurtosis_smk_method_2_split" name="simple_kurtosis_method_2_split_on_PM_BMI_CONTINUOUS"/>
    <testcase time="0.00100000000020373" classname="ds.kurtosis_smk_method_2_split" name="simple_kurtosis_method_2_split_on_PM_BMI_CONTINUOUS"/>
    <testcase time="0.000999999999748979" classname="ds.kurtosis_smk_method_2_split" name="simple_kurtosis_method_2_split_on_PM_BMI_CONTINUOUS"/>
    <testcase time="0.00200000000040745" classname="ds.kurtosis_smk_method_2_split" name="simple_kurtosis_method_2_split_on_PM_BMI_CONTINUOUS"/>
    <testcase time="0.000999999999748979" classname="ds.kurtosis_smk_method_2_split" name="simple_kurtosis_method_2_split_on_PM_BMI_CONTINUOUS"/>
    <testcase time="0.00199999999995271" classname="ds.kurtosis_smk_method_2_split" name="simple_kurtosis_method_2_split_on_PM_BMI_CONTINUOUS"/>
    <testcase time="0.00100000000020373" classname="ds.kurtosis_smk_method_2_split" name="simple_kurtosis_method_2_split_on_PM_BMI_CONTINUOUS"/>
  </testsuite>
  <testsuite name="ds.kurtosis::smk::method 2::combine" timestamp="2025-09-19T12:11:20Z" hostname="runnervmf4ws1" tests="40" skipped="0" failures="0" errors="0" time="0.822">
    <testcase time="0.175999999999931" classname="ds.kurtosis_smk_method_2_combine" name="simple_kurtosis_combine_on_LAB_TSC"/>
    <testcase time="0.000999999999748979" classname="ds.kurtosis_smk_method_2_combine" name="simple_kurtosis_combine_on_LAB_TSC"/>
    <testcase time="0.00100000000020373" classname="ds.kurtosis_smk_method_2_combine" name="simple_kurtosis_combine_on_LAB_TSC"/>
    <testcase time="0.00199999999995271" classname="ds.kurtosis_smk_method_2_combine" name="simple_kurtosis_combine_on_LAB_TSC"/>
    <testcase time="0.00100000000020373" classname="ds.kurtosis_smk_method_2_combine" name="simple_kurtosis_combine_on_LAB_TSC"/>
    <testcase time="0.000999999999748979" classname="ds.kurtosis_smk_method_2_combine" name="simple_kurtosis_combine_on_LAB_TSC"/>
    <testcase time="0.00100000000020373" classname="ds.kurtosis_smk_method_2_combine" name="simple_kurtosis_combine_on_LAB_TSC"/>
    <testcase time="0.000999999999748979" classname="ds.kurtosis_smk_method_2_combine" name="simple_kurtosis_combine_on_LAB_TSC"/>
    <testcase time="0.146000000000186" classname="ds.kurtosis_smk_method_2_combine" name="simple_kurtosis_method_2_combine_on_LAB_TRIG"/>
    <testcase time="0.000999999999748979" classname="ds.kurtosis_smk_method_2_combine" name="simple_kurtosis_method_2_combine_on_LAB_TRIG"/>
    <testcase time="0.00100000000020373" classname="ds.kurtosis_smk_method_2_combine" name="simple_kurtosis_method_2_combine_on_LAB_TRIG"/>
    <testcase time="0.00199999999995271" classname="ds.kurtosis_smk_method_2_combine" name="simple_kurtosis_method_2_combine_on_LAB_TRIG"/>
    <testcase time="0.00100000000020373" classname="ds.kurtosis_smk_method_2_combine" name="simple_kurtosis_method_2_combine_on_LAB_TRIG"/>
    <testcase time="0.000999999999748979" classname="ds.kurtosis_smk_method_2_combine" name="simple_kurtosis_method_2_combine_on_LAB_TRIG"/>
    <testcase time="0.00100000000020373" classname="ds.kurtosis_smk_method_2_combine" name="simple_kurtosis_method_2_combine_on_LAB_TRIG"/>
    <testcase time="0.000999999999748979" classname="ds.kurtosis_smk_method_2_combine" name="simple_kurtosis_method_2_combine_on_LAB_TRIG"/>
    <testcase time="0.150000000000091" classname="ds.kurtosis_smk_method_2_combine" name="simple_kurtosis_method_2_combine_on_LAB_HDL"/>
    <testcase time="0.00100000000020373" classname="ds.kurtosis_smk_method_2_combine" name="simple_kurtosis_method_2_combine_on_LAB_HDL"/>
    <testcase time="0.000999999999748979" classname="ds.kurtosis_smk_method_2_combine" name="simple_kurtosis_method_2_combine_on_LAB_HDL"/>
    <testcase time="0.00199999999995271" classname="ds.kurtosis_smk_method_2_combine" name="simple_kurtosis_method_2_combine_on_LAB_HDL"/>
    <testcase time="0.00100000000020373" classname="ds.kurtosis_smk_method_2_combine" name="simple_kurtosis_method_2_combine_on_LAB_HDL"/>
    <testcase time="0.000999999999748979" classname="ds.kurtosis_smk_method_2_combine" name="simple_kurtosis_method_2_combine_on_LAB_HDL"/>
    <testcase time="0.00100000000020373" classname="ds.kurtosis_smk_method_2_combine" name="simple_kurtosis_method_2_combine_on_LAB_HDL"/>
    <testcase time="0.00199999999995271" classname="ds.kurtosis_smk_method_2_combine" name="simple_kurtosis_method_2_combine_on_LAB_HDL"/>
    <testcase time="0.157999999999902" classname="ds.kurtosis_smk_method_2_combine" name="simple_kurtosis_method_2_combine_on_LAB_GLUC_ADJUSTED"/>
    <testcase time="0.00100000000020373" classname="ds.kurtosis_smk_method_2_combine" name="simple_kurtosis_method_2_combine_on_LAB_GLUC_ADJUSTED"/>
    <testcase time="0.000999999999748979" classname="ds.kurtosis_smk_method_2_combine" name="simple_kurtosis_method_2_combine_on_LAB_GLUC_ADJUSTED"/>
    <testcase time="0.00200000000040745" classname="ds.kurtosis_smk_method_2_combine" name="simple_kurtosis_method_2_combine_on_LAB_GLUC_ADJUSTED"/>
    <testcase time="0.000999999999748979" classname="ds.kurtosis_smk_method_2_combine" name="simple_kurtosis_method_2_combine_on_LAB_GLUC_ADJUSTED"/>
    <testcase time="0.00100000000020373" classname="ds.kurtosis_smk_method_2_combine" name="simple_kurtosis_method_2_combine_on_LAB_GLUC_ADJUSTED"/>
    <testcase time="0.000999999999748979" classname="ds.kurtosis_smk_method_2_combine" name="simple_kurtosis_method_2_combine_on_LAB_GLUC_ADJUSTED"/>
    <testcase time="0.00199999999995271" classname="ds.kurtosis_smk_method_2_combine" name="simple_kurtosis_method_2_combine_on_LAB_GLUC_ADJUSTED"/>
    <testcase time="0.149000000000342" classname="ds.kurtosis_smk_method_2_combine" name="simple_kurtosis_method_2_combine_on_PM_BMI_CONTINUOUS"/>
    <testcase time="0.000999999999748979" classname="ds.kurtosis_smk_method_2_combine" name="simple_kurtosis_method_2_combine_on_PM_BMI_CONTINUOUS"/>
    <testcase time="0.00100000000020373" classname="ds.kurtosis_smk_method_2_combine" name="simple_kurtosis_method_2_combine_on_PM_BMI_CONTINUOUS"/>
    <testcase time="0.00199999999995271" classname="ds.kurtosis_smk_method_2_combine" name="simple_kurtosis_method_2_combine_on_PM_BMI_CONTINUOUS"/>
    <testcase time="0.000999999999748979" classname="ds.kurtosis_smk_method_2_combine" name="simple_kurtosis_method_2_combine_on_PM_BMI_CONTINUOUS"/>
    <testcase time="0.00100000000020373" classname="ds.kurtosis_smk_method_2_combine" name="simple_kurtosis_method_2_combine_on_PM_BMI_CONTINUOUS"/>
    <testcase time="0.000999999999748979" classname="ds.kurtosis_smk_method_2_combine" name="simple_kurtosis_method_2_combine_on_PM_BMI_CONTINUOUS"/>
    <testcase time="0.00200000000040745" classname="ds.kurtosis_smk_method_2_combine" name="simple_kurtosis_method_2_combine_on_PM_BMI_CONTINUOUS"/>
  </testsuite>
  <testsuite name="ds.kurtosis::smk::method 2::both" timestamp="2025-09-19T12:11:21Z" hostname="runnervmf4ws1" tests="110" skipped="0" failures="0" errors="0" time="1.097">
    <testcase time="0.188999999999851" classname="ds.kurtosis_smk_method_2_both" name="simple_kurtosis_both_on_LAB_TSC"/>
    <testcase time="0.00199999999995271" classname="ds.kurtosis_smk_method_2_both" name="simple_kurtosis_both_on_LAB_TSC"/>
    <testcase time="0.00700000000006185" classname="ds.kurtosis_smk_method_2_both" name="simple_kurtosis_both_on_LAB_TSC"/>
    <testcase time="0.000999999999748979" classname="ds.kurtosis_smk_method_2_both" name="simple_kurtosis_both_on_LAB_TSC"/>
    <testcase time="0.00100000000020373" classname="ds.kurtosis_smk_method_2_both" name="simple_kurtosis_both_on_LAB_TSC"/>
    <testcase time="0.00199999999995271" classname="ds.kurtosis_smk_method_2_both" name="simple_kurtosis_both_on_LAB_TSC"/>
    <testcase time="0.00100000000020373" classname="ds.kurtosis_smk_method_2_both" name="simple_kurtosis_both_on_LAB_TSC"/>
    <testcase time="0.000999999999748979" classname="ds.kurtosis_smk_method_2_both" name="simple_kurtosis_both_on_LAB_TSC"/>
    <testcase time="0.00100000000020373" classname="ds.kurtosis_smk_method_2_both" name="simple_kurtosis_both_on_LAB_TSC"/>
    <testcase time="0.000999999999748979" classname="ds.kurtosis_smk_method_2_both" name="simple_kurtosis_both_on_LAB_TSC"/>
    <testcase time="0.000999999999748979" classname="ds.kurtosis_smk_method_2_both" name="simple_kurtosis_both_on_LAB_TSC"/>
    <testcase time="0.00100000000020373" classname="ds.kurtosis_smk_method_2_both" name="simple_kurtosis_both_on_LAB_TSC"/>
    <testcase time="0.000999999999748979" classname="ds.kurtosis_smk_method_2_both" name="simple_kurtosis_both_on_LAB_TSC"/>
    <testcase time="0.00100000000020373" classname="ds.kurtosis_smk_method_2_both" name="simple_kurtosis_both_on_LAB_TSC"/>
    <testcase time="0.00199999999995271" classname="ds.kurtosis_smk_method_2_both" name="simple_kurtosis_both_on_LAB_TSC"/>
    <testcase time="0.00100000000020373" classname="ds.kurtosis_smk_method_2_both" name="simple_kurtosis_both_on_LAB_TSC"/>
    <testcase time="0.000999999999748979" classname="ds.kurtosis_smk_method_2_both" name="simple_kurtosis_both_on_LAB_TSC"/>
    <testcase time="0.00100000000020373" classname="ds.kurtosis_smk_method_2_both" name="simple_kurtosis_both_on_LAB_TSC"/>
    <testcase time="0.000999999999748979" classname="ds.kurtosis_smk_method_2_both" name="simple_kurtosis_both_on_LAB_TSC"/>
    <testcase time="0.00100000000020373" classname="ds.kurtosis_smk_method_2_both" name="simple_kurtosis_both_on_LAB_TSC"/>
    <testcase time="0.00199999999995271" classname="ds.kurtosis_smk_method_2_both" name="simple_kurtosis_both_on_LAB_TSC"/>
    <testcase time="0.00100000000020373" classname="ds.kurtosis_smk_method_2_both" name="simple_kurtosis_both_on_LAB_TSC"/>
    <testcase time="0.181999999999789" classname="ds.kurtosis_smk_method_2_both" name="simple_kurtosis_method_2_both_on_LAB_TRIG"/>
    <testcase time="0.00100000000020373" classname="ds.kurtosis_smk_method_2_both" name="simple_kurtosis_method_2_both_on_LAB_TRIG"/>
    <testcase time="0.000999999999748979" classname="ds.kurtosis_smk_method_2_both" name="simple_kurtosis_method_2_both_on_LAB_TRIG"/>
    <testcase time="0.00100000000020373" classname="ds.kurtosis_smk_method_2_both" name="simple_kurtosis_method_2_both_on_LAB_TRIG"/>
    <testcase time="0.00199999999995271" classname="ds.kurtosis_smk_method_2_both" name="simple_kurtosis_method_2_both_on_LAB_TRIG"/>
    <testcase time="0.000999999999748979" classname="ds.kurtosis_smk_method_2_both" name="simple_kurtosis_method_2_both_on_LAB_TRIG"/>
    <testcase time="0.00100000000020373" classname="ds.kurtosis_smk_method_2_both" name="simple_kurtosis_method_2_both_on_LAB_TRIG"/>
    <testcase time="0.00100000000020373" classname="ds.kurtosis_smk_method_2_both" name="simple_kurtosis_method_2_both_on_LAB_TRIG"/>
    <testcase time="0.00100000000020373" classname="ds.kurtosis_smk_method_2_both" name="simple_kurtosis_method_2_both_on_LAB_TRIG"/>
    <testcase time="0.000999999999748979" classname="ds.kurtosis_smk_method_2_both" name="simple_kurtosis_method_2_both_on_LAB_TRIG"/>
    <testcase time="0.00199999999995271" classname="ds.kurtosis_smk_method_2_both" name="simple_kurtosis_method_2_both_on_LAB_TRIG"/>
    <testcase time="0.00100000000020373" classname="ds.kurtosis_smk_method_2_both" name="simple_kurtosis_method_2_both_on_LAB_TRIG"/>
    <testcase time="0.000999999999748979" classname="ds.kurtosis_smk_method_2_both" name="simple_kurtosis_method_2_both_on_LAB_TRIG"/>
    <testcase time="0.00100000000020373" classname="ds.kurtosis_smk_method_2_both" name="simple_kurtosis_method_2_both_on_LAB_TRIG"/>
    <testcase time="0.00199999999995271" classname="ds.kurtosis_smk_method_2_both" name="simple_kurtosis_method_2_both_on_LAB_TRIG"/>
    <testcase time="0.000999999999748979" classname="ds.kurtosis_smk_method_2_both" name="simple_kurtosis_method_2_both_on_LAB_TRIG"/>
    <testcase time="0.00100000000020373" classname="ds.kurtosis_smk_method_2_both" name="simple_kurtosis_method_2_both_on_LAB_TRIG"/>
    <testcase time="0.00100000000020373" classname="ds.kurtosis_smk_method_2_both" name="simple_kurtosis_method_2_both_on_LAB_TRIG"/>
    <testcase time="0.00199999999995271" classname="ds.kurtosis_smk_method_2_both" name="simple_kurtosis_method_2_both_on_LAB_TRIG"/>
    <testcase time="0.000999999999748979" classname="ds.kurtosis_smk_method_2_both" name="simple_kurtosis_method_2_both_on_LAB_TRIG"/>
    <testcase time="0.00100000000020373" classname="ds.kurtosis_smk_method_2_both" name="simple_kurtosis_method_2_both_on_LAB_TRIG"/>
    <testcase time="0.00199999999995271" classname="ds.kurtosis_smk_method_2_both" name="simple_kurtosis_method_2_both_on_LAB_TRIG"/>
    <testcase time="0.192000000000007" classname="ds.kurtosis_smk_method_2_both" name="simple_kurtosis_method_2_both_on_LAB_HDL"/>
    <testcase time="0.00199999999995271" classname="ds.kurtosis_smk_method_2_both" name="simple_kurtosis_method_2_both_on_LAB_HDL"/>
    <testcase time="0.00100000000020373" classname="ds.kurtosis_smk_method_2_both" name="simple_kurtosis_method_2_both_on_LAB_HDL"/>
    <testcase time="0.000999999999748979" classname="ds.kurtosis_smk_method_2_both" name="simple_kurtosis_method_2_both_on_LAB_HDL"/>
    <testcase time="0.00199999999995271" classname="ds.kurtosis_smk_method_2_both" name="simple_kurtosis_method_2_both_on_LAB_HDL"/>
    <testcase time="0.00100000000020373" classname="ds.kurtosis_smk_method_2_both" name="simple_kurtosis_method_2_both_on_LAB_HDL"/>
    <testcase time="0.00199999999995271" classname="ds.kurtosis_smk_method_2_both" name="simple_kurtosis_method_2_both_on_LAB_HDL"/>
    <testcase time="0.000999999999748979" classname="ds.kurtosis_smk_method_2_both" name="simple_kurtosis_method_2_both_on_LAB_HDL"/>
    <testcase time="0.00100000000020373" classname="ds.kurtosis_smk_method_2_both" name="simple_kurtosis_method_2_both_on_LAB_HDL"/>
    <testcase time="0.00199999999995271" classname="ds.kurtosis_smk_method_2_both" name="simple_kurtosis_method_2_both_on_LAB_HDL"/>
    <testcase time="0.00100000000020373" classname="ds.kurtosis_smk_method_2_both" name="simple_kurtosis_method_2_both_on_LAB_HDL"/>
    <testcase time="0.000999999999748979" classname="ds.kurtosis_smk_method_2_both" name="simple_kurtosis_method_2_both_on_LAB_HDL"/>
    <testcase time="0.00199999999995271" classname="ds.kurtosis_smk_method_2_both" name="simple_kurtosis_method_2_both_on_LAB_HDL"/>
    <testcase time="0.00100000000020373" classname="ds.kurtosis_smk_method_2_both" name="simple_kurtosis_method_2_both_on_LAB_HDL"/>
    <testcase time="0.000999999999748979" classname="ds.kurtosis_smk_method_2_both" name="simple_kurtosis_method_2_both_on_LAB_HDL"/>
    <testcase time="0.00199999999995271" classname="ds.kurtosis_smk_method_2_both" name="simple_kurtosis_method_2_both_on_LAB_HDL"/>
    <testcase time="0.00100000000020373" classname="ds.kurtosis_smk_method_2_both" name="simple_kurtosis_method_2_both_on_LAB_HDL"/>
    <testcase time="0.00100000000020373" classname="ds.kurtosis_smk_method_2_both" name="simple_kurtosis_method_2_both_on_LAB_HDL"/>
    <testcase time="0.00199999999995271" classname="ds.kurtosis_smk_method_2_both" name="simple_kurtosis_method_2_both_on_LAB_HDL"/>
    <testcase time="0.000999999999748979" classname="ds.kurtosis_smk_method_2_both" name="simple_kurtosis_method_2_both_on_LAB_HDL"/>
    <testcase time="0.00100000000020373" classname="ds.kurtosis_smk_method_2_both" name="simple_kurtosis_method_2_both_on_LAB_HDL"/>
    <testcase time="0.00199999999995271" classname="ds.kurtosis_smk_method_2_both" name="simple_kurtosis_method_2_both_on_LAB_HDL"/>
    <testcase time="0.19399999999996" classname="ds.kurtosis_smk_method_2_both" name="simple_kurtosis_method_2_both_on_LAB_GLUC_ADJUSTED"/>
    <testcase time="0.00199999999995271" classname="ds.kurtosis_smk_method_2_both" name="simple_kurtosis_method_2_both_on_LAB_GLUC_ADJUSTED"/>
    <testcase time="0.00199999999995271" classname="ds.kurtosis_smk_method_2_both" name="simple_kurtosis_method_2_both_on_LAB_GLUC_ADJUSTED"/>
    <testcase time="0.00100000000020373" classname="ds.kurtosis_smk_method_2_both" name="simple_kurtosis_method_2_both_on_LAB_GLUC_ADJUSTED"/>
    <testcase time="0.00199999999995271" classname="ds.kurtosis_smk_method_2_both" name="simple_kurtosis_method_2_both_on_LAB_GLUC_ADJUSTED"/>
    <testcase time="0.000999999999748979" classname="ds.kurtosis_smk_method_2_both" name="simple_kurtosis_method_2_both_on_LAB_GLUC_ADJUSTED"/>
    <testcase time="0.00199999999995271" classname="ds.kurtosis_smk_method_2_both" name="simple_kurtosis_method_2_both_on_LAB_GLUC_ADJUSTED"/>
    <testcase time="0.00100000000020373" classname="ds.kurtosis_smk_method_2_both" name="simple_kurtosis_method_2_both_on_LAB_GLUC_ADJUSTED"/>
    <testcase time="0.00199999999995271" classname="ds.kurtosis_smk_method_2_both" name="simple_kurtosis_method_2_both_on_LAB_GLUC_ADJUSTED"/>
    <testcase time="0.00100000000020373" classname="ds.kurtosis_smk_method_2_both" name="simple_kurtosis_method_2_both_on_LAB_GLUC_ADJUSTED"/>
    <testcase time="0.00199999999995271" classname="ds.kurtosis_smk_method_2_both" name="simple_kurtosis_method_2_both_on_LAB_GLUC_ADJUSTED"/>
    <testcase time="0.000999999999748979" classname="ds.kurtosis_smk_method_2_both" name="simple_kurtosis_method_2_both_on_LAB_GLUC_ADJUSTED"/>
    <testcase time="0.00100000000020373" classname="ds.kurtosis_smk_method_2_both" name="simple_kurtosis_method_2_both_on_LAB_GLUC_ADJUSTED"/>
    <testcase time="0.00199999999995271" classname="ds.kurtosis_smk_method_2_both" name="simple_kurtosis_method_2_both_on_LAB_GLUC_ADJUSTED"/>
    <testcase time="0.00100000000020373" classname="ds.kurtosis_smk_method_2_both" name="simple_kurtosis_method_2_both_on_LAB_GLUC_ADJUSTED"/>
    <testcase time="0.00199999999995271" classname="ds.kurtosis_smk_method_2_both" name="simple_kurtosis_method_2_both_on_LAB_GLUC_ADJUSTED"/>
    <testcase time="0.000999999999748979" classname="ds.kurtosis_smk_method_2_both" name="simple_kurtosis_method_2_both_on_LAB_GLUC_ADJUSTED"/>
    <testcase time="0.00199999999995271" classname="ds.kurtosis_smk_method_2_both" name="simple_kurtosis_method_2_both_on_LAB_GLUC_ADJUSTED"/>
    <testcase time="0.00100000000020373" classname="ds.kurtosis_smk_method_2_both" name="simple_kurtosis_method_2_both_on_LAB_GLUC_ADJUSTED"/>
    <testcase time="0.000999999999748979" classname="ds.kurtosis_smk_method_2_both" name="simple_kurtosis_method_2_both_on_LAB_GLUC_ADJUSTED"/>
    <testcase time="0.00200000000040745" classname="ds.kurtosis_smk_method_2_both" name="simple_kurtosis_method_2_both_on_LAB_GLUC_ADJUSTED"/>
    <testcase time="0.000999999999748979" classname="ds.kurtosis_smk_method_2_both" name="simple_kurtosis_method_2_both_on_LAB_GLUC_ADJUSTED"/>
    <testcase time="0.191000000000258" classname="ds.kurtosis_smk_method_2_both" name="simple_kurtosis_method_2_both_on_PM_BMI_CONTINUOUS"/>
    <testcase time="0.00199999999995271" classname="ds.kurtosis_smk_method_2_both" name="simple_kurtosis_method_2_both_on_PM_BMI_CONTINUOUS"/>
    <testcase time="0.000999999999748979" classname="ds.kurtosis_smk_method_2_both" name="simple_kurtosis_method_2_both_on_PM_BMI_CONTINUOUS"/>
    <testcase time="0.00199999999995271" classname="ds.kurtosis_smk_method_2_both" name="simple_kurtosis_method_2_both_on_PM_BMI_CONTINUOUS"/>
    <testcase time="0.00100000000020373" classname="ds.kurtosis_smk_method_2_both" name="simple_kurtosis_method_2_both_on_PM_BMI_CONTINUOUS"/>
    <testcase time="0.00199999999995271" classname="ds.kurtosis_smk_method_2_both" name="simple_kurtosis_method_2_both_on_PM_BMI_CONTINUOUS"/>
    <testcase time="0.00199999999995271" classname="ds.kurtosis_smk_method_2_both" name="simple_kurtosis_method_2_both_on_PM_BMI_CONTINUOUS"/>
    <testcase time="0.00100000000020373" classname="ds.kurtosis_smk_method_2_both" name="simple_kurtosis_method_2_both_on_PM_BMI_CONTINUOUS"/>
    <testcase time="0.00199999999995271" classname="ds.kurtosis_smk_method_2_both" name="simple_kurtosis_method_2_both_on_PM_BMI_CONTINUOUS"/>
    <testcase time="0.000999999999748979" classname="ds.kurtosis_smk_method_2_both" name="simple_kurtosis_method_2_both_on_PM_BMI_CONTINUOUS"/>
    <testcase time="0.00199999999995271" classname="ds.kurtosis_smk_method_2_both" name="simple_kurtosis_method_2_both_on_PM_BMI_CONTINUOUS"/>
    <testcase time="0.00100000000020373" classname="ds.kurtosis_smk_method_2_both" name="simple_kurtosis_method_2_both_on_PM_BMI_CONTINUOUS"/>
    <testcase time="0.00199999999995271" classname="ds.kurtosis_smk_method_2_both" name="simple_kurtosis_method_2_both_on_PM_BMI_CONTINUOUS"/>
    <testcase time="0.00100000000020373" classname="ds.kurtosis_smk_method_2_both" name="simple_kurtosis_method_2_both_on_PM_BMI_CONTINUOUS"/>
    <testcase time="0.00199999999995271" classname="ds.kurtosis_smk_method_2_both" name="simple_kurtosis_method_2_both_on_PM_BMI_CONTINUOUS"/>
    <testcase time="0.000999999999748979" classname="ds.kurtosis_smk_method_2_both" name="simple_kurtosis_method_2_both_on_PM_BMI_CONTINUOUS"/>
    <testcase time="0.00199999999995271" classname="ds.kurtosis_smk_method_2_both" name="simple_kurtosis_method_2_both_on_PM_BMI_CONTINUOUS"/>
    <testcase time="0.00100000000020373" classname="ds.kurtosis_smk_method_2_both" name="simple_kurtosis_method_2_both_on_PM_BMI_CONTINUOUS"/>
    <testcase time="0.00199999999995271" classname="ds.kurtosis_smk_method_2_both" name="simple_kurtosis_method_2_both_on_PM_BMI_CONTINUOUS"/>
    <testcase time="0.00100000000020373" classname="ds.kurtosis_smk_method_2_both" name="simple_kurtosis_method_2_both_on_PM_BMI_CONTINUOUS"/>
    <testcase time="0.00199999999995271" classname="ds.kurtosis_smk_method_2_both" name="simple_kurtosis_method_2_both_on_PM_BMI_CONTINUOUS"/>
    <testcase time="0.000999999999748979" classname="ds.kurtosis_smk_method_2_both" name="simple_kurtosis_method_2_both_on_PM_BMI_CONTINUOUS"/>
  </testsuite>
  <testsuite name="ds.kurtosis::smk::method 3::split" timestamp="2025-09-19T12:11:22Z" hostname="runnervmf4ws1" tests="70" skipped="0" failures="0" errors="0" time="0.641">
    <testcase time="0.11200000000008" classname="ds.kurtosis_smk_method_3_split" name="simple_kurtosis_method_3_split_on_LAB_TSC"/>
    <testcase time="0.00100000000020373" classname="ds.kurtosis_smk_method_3_split" name="simple_kurtosis_method_3_split_on_LAB_TSC"/>
    <testcase time="0.000999999999748979" classname="ds.kurtosis_smk_method_3_split" name="simple_kurtosis_method_3_split_on_LAB_TSC"/>
    <testcase time="0.00100000000020373" classname="ds.kurtosis_smk_method_3_split" name="simple_kurtosis_method_3_split_on_LAB_TSC"/>
    <testcase time="0.00199999999995271" classname="ds.kurtosis_smk_method_3_split" name="simple_kurtosis_method_3_split_on_LAB_TSC"/>
    <testcase time="0.000999999999748979" classname="ds.kurtosis_smk_method_3_split" name="simple_kurtosis_method_3_split_on_LAB_TSC"/>
    <testcase time="0.00100000000020373" classname="ds.kurtosis_smk_method_3_split" name="simple_kurtosis_method_3_split_on_LAB_TSC"/>
    <testcase time="0.000999999999748979" classname="ds.kurtosis_smk_method_3_split" name="simple_kurtosis_method_3_split_on_LAB_TSC"/>
    <testcase time="0.00100000000020373" classname="ds.kurtosis_smk_method_3_split" name="simple_kurtosis_method_3_split_on_LAB_TSC"/>
    <testcase time="0.00199999999995271" classname="ds.kurtosis_smk_method_3_split" name="simple_kurtosis_method_3_split_on_LAB_TSC"/>
    <testcase time="0.00100000000020373" classname="ds.kurtosis_smk_method_3_split" name="simple_kurtosis_method_3_split_on_LAB_TSC"/>
    <testcase time="0.000999999999748979" classname="ds.kurtosis_smk_method_3_split" name="simple_kurtosis_method_3_split_on_LAB_TSC"/>
    <testcase time="0.00100000000020373" classname="ds.kurtosis_smk_method_3_split" name="simple_kurtosis_method_3_split_on_LAB_TSC"/>
    <testcase time="0.000999999999748979" classname="ds.kurtosis_smk_method_3_split" name="simple_kurtosis_method_3_split_on_LAB_TSC"/>
    <testcase time="0.115000000000236" classname="ds.kurtosis_smk_method_3_split" name="simple_kurtosis_method_3_split_on_LAB_TRIG"/>
    <testcase time="0.00199999999995271" classname="ds.kurtosis_smk_method_3_split" name="simple_kurtosis_method_3_split_on_LAB_TRIG"/>
    <testcase time="0.000999999999748979" classname="ds.kurtosis_smk_method_3_split" name="simple_kurtosis_method_3_split_on_LAB_TRIG"/>
    <testcase time="0.00100000000020373" classname="ds.kurtosis_smk_method_3_split" name="simple_kurtosis_method_3_split_on_LAB_TRIG"/>
    <testcase time="0.00199999999995271" classname="ds.kurtosis_smk_method_3_split" name="simple_kurtosis_method_3_split_on_LAB_TRIG"/>
    <testcase time="0.00100000000020373" classname="ds.kurtosis_smk_method_3_split" name="simple_kurtosis_method_3_split_on_LAB_TRIG"/>
    <testcase time="0.000999999999748979" classname="ds.kurtosis_smk_method_3_split" name="simple_kurtosis_method_3_split_on_LAB_TRIG"/>
    <testcase time="0.00100000000020373" classname="ds.kurtosis_smk_method_3_split" name="simple_kurtosis_method_3_split_on_LAB_TRIG"/>
    <testcase time="0.00199999999995271" classname="ds.kurtosis_smk_method_3_split" name="simple_kurtosis_method_3_split_on_LAB_TRIG"/>
    <testcase time="0.000999999999748979" classname="ds.kurtosis_smk_method_3_split" name="simple_kurtosis_method_3_split_on_LAB_TRIG"/>
    <testcase time="0.00100000000020373" classname="ds.kurtosis_smk_method_3_split" name="simple_kurtosis_method_3_split_on_LAB_TRIG"/>
    <testcase time="0.000999999999748979" classname="ds.kurtosis_smk_method_3_split" name="simple_kurtosis_method_3_split_on_LAB_TRIG"/>
    <testcase time="0.00200000000040745" classname="ds.kurtosis_smk_method_3_split" name="simple_kurtosis_method_3_split_on_LAB_TRIG"/>
    <testcase time="0.000999999999748979" classname="ds.kurtosis_smk_method_3_split" name="simple_kurtosis_method_3_split_on_LAB_TRIG"/>
    <testcase time="0.110000000000127" classname="ds.kurtosis_smk_method_3_split" name="simple_kurtosis_method_3_split_on_LAB_HDL"/>
    <testcase time="0.000999999999748979" classname="ds.kurtosis_smk_method_3_split" name="simple_kurtosis_method_3_split_on_LAB_HDL"/>
    <testcase time="0.00100000000020373" classname="ds.kurtosis_smk_method_3_split" name="simple_kurtosis_method_3_split_on_LAB_HDL"/>
    <testcase time="0.00199999999995271" classname="ds.kurtosis_smk_method_3_split" name="simple_kurtosis_method_3_split_on_LAB_HDL"/>
    <testcase time="0.00100000000020373" classname="ds.kurtosis_smk_method_3_split" name="simple_kurtosis_method_3_split_on_LAB_HDL"/>
    <testcase time="0.000999999999748979" classname="ds.kurtosis_smk_method_3_split" name="simple_kurtosis_method_3_split_on_LAB_HDL"/>
    <testcase time="0.00199999999995271" classname="ds.kurtosis_smk_method_3_split" name="simple_kurtosis_method_3_split_on_LAB_HDL"/>
    <testcase time="0.00100000000020373" classname="ds.kurtosis_smk_method_3_split" name="simple_kurtosis_method_3_split_on_LAB_HDL"/>
    <testcase time="0.000999999999748979" classname="ds.kurtosis_smk_method_3_split" name="simple_kurtosis_method_3_split_on_LAB_HDL"/>
    <testcase time="0.00199999999995271" classname="ds.kurtosis_smk_method_3_split" name="simple_kurtosis_method_3_split_on_LAB_HDL"/>
    <testcase time="0.00100000000020373" classname="ds.kurtosis_smk_method_3_split" name="simple_kurtosis_method_3_split_on_LAB_HDL"/>
    <testcase time="0.00100000000020373" classname="ds.kurtosis_smk_method_3_split" name="simple_kurtosis_method_3_split_on_LAB_HDL"/>
    <testcase time="0.000999999999748979" classname="ds.kurtosis_smk_method_3_split" name="simple_kurtosis_method_3_split_on_LAB_HDL"/>
    <testcase time="0.00199999999995271" classname="ds.kurtosis_smk_method_3_split" name="simple_kurtosis_method_3_split_on_LAB_HDL"/>
    <testcase time="0.114000000000033" classname="ds.kurtosis_smk_method_3_split" name="simple_kurtosis_method_3_split_on_LAB_GLUC_ADJUSTED"/>
    <testcase time="0.00100000000020373" classname="ds.kurtosis_smk_method_3_split" name="simple_kurtosis_method_3_split_on_LAB_GLUC_ADJUSTED"/>
    <testcase time="0.000999999999748979" classname="ds.kurtosis_smk_method_3_split" name="simple_kurtosis_method_3_split_on_LAB_GLUC_ADJUSTED"/>
    <testcase time="0.00199999999995271" classname="ds.kurtosis_smk_method_3_split" name="simple_kurtosis_method_3_split_on_LAB_GLUC_ADJUSTED"/>
    <testcase time="0.00100000000020373" classname="ds.kurtosis_smk_method_3_split" name="simple_kurtosis_method_3_split_on_LAB_GLUC_ADJUSTED"/>
    <testcase time="0.00199999999995271" classname="ds.kurtosis_smk_method_3_split" name="simple_kurtosis_method_3_split_on_LAB_GLUC_ADJUSTED"/>
    <testcase time="0.00100000000020373" classname="ds.kurtosis_smk_method_3_split" name="simple_kurtosis_method_3_split_on_LAB_GLUC_ADJUSTED"/>
    <testcase time="0.000999999999748979" classname="ds.kurtosis_smk_method_3_split" name="simple_kurtosis_method_3_split_on_LAB_GLUC_ADJUSTED"/>
    <testcase time="0.00199999999995271" classname="ds.kurtosis_smk_method_3_split" name="simple_kurtosis_method_3_split_on_LAB_GLUC_ADJUSTED"/>
    <testcase time="0.00100000000020373" classname="ds.kurtosis_smk_method_3_split" name="simple_kurtosis_method_3_split_on_LAB_GLUC_ADJUSTED"/>
    <testcase time="0.000999999999748979" classname="ds.kurtosis_smk_method_3_split" name="simple_kurtosis_method_3_split_on_LAB_GLUC_ADJUSTED"/>
    <testcase time="0.00199999999995271" classname="ds.kurtosis_smk_method_3_split" name="simple_kurtosis_method_3_split_on_LAB_GLUC_ADJUSTED"/>
    <testcase time="0.00100000000020373" classname="ds.kurtosis_smk_method_3_split" name="simple_kurtosis_method_3_split_on_LAB_GLUC_ADJUSTED"/>
    <testcase time="0.00100000000020373" classname="ds.kurtosis_smk_method_3_split" name="simple_kurtosis_method_3_split_on_LAB_GLUC_ADJUSTED"/>
    <testcase time="0.105999999999767" classname="ds.kurtosis_smk_method_3_split" name="simple_kurtosis_method_3_split_on_PM_BMI_CONTINUOUS"/>
    <testcase time="0.00100000000020373" classname="ds.kurtosis_smk_method_3_split" name="simple_kurtosis_method_3_split_on_PM_BMI_CONTINUOUS"/>
    <testcase time="0.000999999999748979" classname="ds.kurtosis_smk_method_3_split" name="simple_kurtosis_method_3_split_on_PM_BMI_CONTINUOUS"/>
    <testcase time="0.00199999999995271" classname="ds.kurtosis_smk_method_3_split" name="simple_kurtosis_method_3_split_on_PM_BMI_CONTINUOUS"/>
    <testcase time="0.00100000000020373" classname="ds.kurtosis_smk_method_3_split" name="simple_kurtosis_method_3_split_on_PM_BMI_CONTINUOUS"/>
    <testcase time="0.00199999999995271" classname="ds.kurtosis_smk_method_3_split" name="simple_kurtosis_method_3_split_on_PM_BMI_CONTINUOUS"/>
    <testcase time="0.000999999999748979" classname="ds.kurtosis_smk_method_3_split" name="simple_kurtosis_method_3_split_on_PM_BMI_CONTINUOUS"/>
    <testcase time="0.00200000000040745" classname="ds.kurtosis_smk_method_3_split" name="simple_kurtosis_method_3_split_on_PM_BMI_CONTINUOUS"/>
    <testcase time="0.000999999999748979" classname="ds.kurtosis_smk_method_3_split" name="simple_kurtosis_method_3_split_on_PM_BMI_CONTINUOUS"/>
    <testcase time="0.00100000000020373" classname="ds.kurtosis_smk_method_3_split" name="simple_kurtosis_method_3_split_on_PM_BMI_CONTINUOUS"/>
    <testcase time="0.00199999999995271" classname="ds.kurtosis_smk_method_3_split" name="simple_kurtosis_method_3_split_on_PM_BMI_CONTINUOUS"/>
    <testcase time="0.000999999999748979" classname="ds.kurtosis_smk_method_3_split" name="simple_kurtosis_method_3_split_on_PM_BMI_CONTINUOUS"/>
    <testcase time="0.00199999999995271" classname="ds.kurtosis_smk_method_3_split" name="simple_kurtosis_method_3_split_on_PM_BMI_CONTINUOUS"/>
    <testcase time="0.00100000000020373" classname="ds.kurtosis_smk_method_3_split" name="simple_kurtosis_method_3_split_on_PM_BMI_CONTINUOUS"/>
  </testsuite>
  <testsuite name="ds.kurtosis::smk::method 3::combine" timestamp="2025-09-19T12:11:23Z" hostname="runnervmf4ws1" tests="40" skipped="0" failures="0" errors="0" time="0.82">
    <testcase time="0.166000000000167" classname="ds.kurtosis_smk_method_3_combine" name="simple_kurtosis_combine_on_LAB_TSC"/>
    <testcase time="0.000999999999748979" classname="ds.kurtosis_smk_method_3_combine" name="simple_kurtosis_combine_on_LAB_TSC"/>
    <testcase time="0.00100000000020373" classname="ds.kurtosis_smk_method_3_combine" name="simple_kurtosis_combine_on_LAB_TSC"/>
    <testcase time="0.000999999999748979" classname="ds.kurtosis_smk_method_3_combine" name="simple_kurtosis_combine_on_LAB_TSC"/>
    <testcase time="0.00100000000020373" classname="ds.kurtosis_smk_method_3_combine" name="simple_kurtosis_combine_on_LAB_TSC"/>
    <testcase time="0.00199999999995271" classname="ds.kurtosis_smk_method_3_combine" name="simple_kurtosis_combine_on_LAB_TSC"/>
    <testcase time="0.00100000000020373" classname="ds.kurtosis_smk_method_3_combine" name="simple_kurtosis_combine_on_LAB_TSC"/>
    <testcase time="0.000999999999748979" classname="ds.kurtosis_smk_method_3_combine" name="simple_kurtosis_combine_on_LAB_TSC"/>
    <testcase time="0.146000000000186" classname="ds.kurtosis_smk_method_3_combine" name="simple_kurtosis_method_3_combine_on_LAB_TRIG"/>
    <testcase time="0.000999999999748979" classname="ds.kurtosis_smk_method_3_combine" name="simple_kurtosis_method_3_combine_on_LAB_TRIG"/>
    <testcase time="0.00199999999995271" classname="ds.kurtosis_smk_method_3_combine" name="simple_kurtosis_method_3_combine_on_LAB_TRIG"/>
    <testcase time="0.00100000000020373" classname="ds.kurtosis_smk_method_3_combine" name="simple_kurtosis_method_3_combine_on_LAB_TRIG"/>
    <testcase time="0.000999999999748979" classname="ds.kurtosis_smk_method_3_combine" name="simple_kurtosis_method_3_combine_on_LAB_TRIG"/>
    <testcase time="0.00100000000020373" classname="ds.kurtosis_smk_method_3_combine" name="simple_kurtosis_method_3_combine_on_LAB_TRIG"/>
    <testcase time="0.00199999999995271" classname="ds.kurtosis_smk_method_3_combine" name="simple_kurtosis_method_3_combine_on_LAB_TRIG"/>
    <testcase time="0.00100000000020373" classname="ds.kurtosis_smk_method_3_combine" name="simple_kurtosis_method_3_combine_on_LAB_TRIG"/>
    <testcase time="0.159999999999854" classname="ds.kurtosis_smk_method_3_combine" name="simple_kurtosis_method_3_combine_on_LAB_HDL"/>
    <testcase time="0.000999999999748979" classname="ds.kurtosis_smk_method_3_combine" name="simple_kurtosis_method_3_combine_on_LAB_HDL"/>
    <testcase time="0.00200000000040745" classname="ds.kurtosis_smk_method_3_combine" name="simple_kurtosis_method_3_combine_on_LAB_HDL"/>
    <testcase time="0.000999999999748979" classname="ds.kurtosis_smk_method_3_combine" name="simple_kurtosis_method_3_combine_on_LAB_HDL"/>
    <testcase time="0.00100000000020373" classname="ds.kurtosis_smk_method_3_combine" name="simple_kurtosis_method_3_combine_on_LAB_HDL"/>
    <testcase time="0.000999999999748979" classname="ds.kurtosis_smk_method_3_combine" name="simple_kurtosis_method_3_combine_on_LAB_HDL"/>
    <testcase time="0.000999999999748979" classname="ds.kurtosis_smk_method_3_combine" name="simple_kurtosis_method_3_combine_on_LAB_HDL"/>
    <testcase time="0.00100000000020373" classname="ds.kurtosis_smk_method_3_combine" name="simple_kurtosis_method_3_combine_on_LAB_HDL"/>
    <testcase time="0.150000000000091" classname="ds.kurtosis_smk_method_3_combine" name="simple_kurtosis_method_3_combine_on_LAB_GLUC_ADJUSTED"/>
    <testcase time="0.000999999999748979" classname="ds.kurtosis_smk_method_3_combine" name="simple_kurtosis_method_3_combine_on_LAB_GLUC_ADJUSTED"/>
    <testcase time="0.00100000000020373" classname="ds.kurtosis_smk_method_3_combine" name="simple_kurtosis_method_3_combine_on_LAB_GLUC_ADJUSTED"/>
    <testcase time="0.00199999999995271" classname="ds.kurtosis_smk_method_3_combine" name="simple_kurtosis_method_3_combine_on_LAB_GLUC_ADJUSTED"/>
    <testcase time="0.000999999999748979" classname="ds.kurtosis_smk_method_3_combine" name="simple_kurtosis_method_3_combine_on_LAB_GLUC_ADJUSTED"/>
    <testcase time="0.00100000000020373" classname="ds.kurtosis_smk_method_3_combine" name="simple_kurtosis_method_3_combine_on_LAB_GLUC_ADJUSTED"/>
    <testcase time="0.00100000000020373" classname="ds.kurtosis_smk_method_3_combine" name="simple_kurtosis_method_3_combine_on_LAB_GLUC_ADJUSTED"/>
    <testcase time="0.00199999999995271" classname="ds.kurtosis_smk_method_3_combine" name="simple_kurtosis_method_3_combine_on_LAB_GLUC_ADJUSTED"/>
    <testcase time="0.153999999999996" classname="ds.kurtosis_smk_method_3_combine" name="simple_kurtosis_method_3_combine_on_PM_BMI_CONTINUOUS"/>
    <testcase time="0.00199999999995271" classname="ds.kurtosis_smk_method_3_combine" name="simple_kurtosis_method_3_combine_on_PM_BMI_CONTINUOUS"/>
    <testcase time="0.000999999999748979" classname="ds.kurtosis_smk_method_3_combine" name="simple_kurtosis_method_3_combine_on_PM_BMI_CONTINUOUS"/>
    <testcase time="0.00100000000020373" classname="ds.kurtosis_smk_method_3_combine" name="simple_kurtosis_method_3_combine_on_PM_BMI_CONTINUOUS"/>
    <testcase time="0.00199999999995271" classname="ds.kurtosis_smk_method_3_combine" name="simple_kurtosis_method_3_combine_on_PM_BMI_CONTINUOUS"/>
    <testcase time="0.00100000000020373" classname="ds.kurtosis_smk_method_3_combine" name="simple_kurtosis_method_3_combine_on_PM_BMI_CONTINUOUS"/>
    <testcase time="0.000999999999748979" classname="ds.kurtosis_smk_method_3_combine" name="simple_kurtosis_method_3_combine_on_PM_BMI_CONTINUOUS"/>
    <testcase time="0.00199999999995271" classname="ds.kurtosis_smk_method_3_combine" name="simple_kurtosis_method_3_combine_on_PM_BMI_CONTINUOUS"/>
  </testsuite>
  <testsuite name="ds.kurtosis::smk::method 3::both" timestamp="2025-09-19T12:11:23Z" hostname="runnervmf4ws1" tests="110" skipped="0" failures="0" errors="0" time="1.111">
    <testcase time="0.191000000000258" classname="ds.kurtosis_smk_method_3_both" name="simple_kurtosis_both_on_LAB_TSC"/>
    <testcase time="0.000999999999748979" classname="ds.kurtosis_smk_method_3_both" name="simple_kurtosis_both_on_LAB_TSC"/>
    <testcase time="0.00100000000020373" classname="ds.kurtosis_smk_method_3_both" name="simple_kurtosis_both_on_LAB_TSC"/>
    <testcase time="0.000999999999748979" classname="ds.kurtosis_smk_method_3_both" name="simple_kurtosis_both_on_LAB_TSC"/>
    <testcase time="0.00100000000020373" classname="ds.kurtosis_smk_method_3_both" name="simple_kurtosis_both_on_LAB_TSC"/>
    <testcase time="0.00799999999981083" classname="ds.kurtosis_smk_method_3_both" name="simple_kurtosis_both_on_LAB_TSC"/>
    <testcase time="0.00199999999995271" classname="ds.kurtosis_smk_method_3_both" name="simple_kurtosis_both_on_LAB_TSC"/>
    <testcase time="0.00100000000020373" classname="ds.kurtosis_smk_method_3_both" name="simple_kurtosis_both_on_LAB_TSC"/>
    <testcase time="0.000999999999748979" classname="ds.kurtosis_smk_method_3_both" name="simple_kurtosis_both_on_LAB_TSC"/>
    <testcase time="0.00100000000020373" classname="ds.kurtosis_smk_method_3_both" name="simple_kurtosis_both_on_LAB_TSC"/>
    <testcase time="0.000999999999748979" classname="ds.kurtosis_smk_method_3_both" name="simple_kurtosis_both_on_LAB_TSC"/>
    <testcase time="0.00100000000020373" classname="ds.kurtosis_smk_method_3_both" name="simple_kurtosis_both_on_LAB_TSC"/>
    <testcase time="0.000999999999748979" classname="ds.kurtosis_smk_method_3_both" name="simple_kurtosis_both_on_LAB_TSC"/>
    <testcase time="0.00100000000020373" classname="ds.kurtosis_smk_method_3_both" name="simple_kurtosis_both_on_LAB_TSC"/>
    <testcase time="0.00199999999995271" classname="ds.kurtosis_smk_method_3_both" name="simple_kurtosis_both_on_LAB_TSC"/>
    <testcase time="0.000999999999748979" classname="ds.kurtosis_smk_method_3_both" name="simple_kurtosis_both_on_LAB_TSC"/>
    <testcase time="0.00100000000020373" classname="ds.kurtosis_smk_method_3_both" name="simple_kurtosis_both_on_LAB_TSC"/>
    <testcase time="0.00100000000020373" classname="ds.kurtosis_smk_method_3_both" name="simple_kurtosis_both_on_LAB_TSC"/>
    <testcase time="0.000999999999748979" classname="ds.kurtosis_smk_method_3_both" name="simple_kurtosis_both_on_LAB_TSC"/>
    <testcase time="0.00199999999995271" classname="ds.kurtosis_smk_method_3_both" name="simple_kurtosis_both_on_LAB_TSC"/>
    <testcase time="0.00100000000020373" classname="ds.kurtosis_smk_method_3_both" name="simple_kurtosis_both_on_LAB_TSC"/>
    <testcase time="0.000999999999748979" classname="ds.kurtosis_smk_method_3_both" name="simple_kurtosis_both_on_LAB_TSC"/>
    <testcase time="0.182999999999993" classname="ds.kurtosis_smk_method_3_both" name="simple_kurtosis_method_3_both_on_LAB_TRIG"/>
    <testcase time="0.00199999999995271" classname="ds.kurtosis_smk_method_3_both" name="simple_kurtosis_method_3_both_on_LAB_TRIG"/>
    <testcase time="0.00100000000020373" classname="ds.kurtosis_smk_method_3_both" name="simple_kurtosis_method_3_both_on_LAB_TRIG"/>
    <testcase time="0.00100000000020373" classname="ds.kurtosis_smk_method_3_both" name="simple_kurtosis_method_3_both_on_LAB_TRIG"/>
    <testcase time="0.000999999999748979" classname="ds.kurtosis_smk_method_3_both" name="simple_kurtosis_method_3_both_on_LAB_TRIG"/>
    <testcase time="0.00199999999995271" classname="ds.kurtosis_smk_method_3_both" name="simple_kurtosis_method_3_both_on_LAB_TRIG"/>
    <testcase time="0.00100000000020373" classname="ds.kurtosis_smk_method_3_both" name="simple_kurtosis_method_3_both_on_LAB_TRIG"/>
    <testcase time="0.000999999999748979" classname="ds.kurtosis_smk_method_3_both" name="simple_kurtosis_method_3_both_on_LAB_TRIG"/>
    <testcase time="0.00199999999995271" classname="ds.kurtosis_smk_method_3_both" name="simple_kurtosis_method_3_both_on_LAB_TRIG"/>
    <testcase time="0.00100000000020373" classname="ds.kurtosis_smk_method_3_both" name="simple_kurtosis_method_3_both_on_LAB_TRIG"/>
    <testcase time="0.000999999999748979" classname="ds.kurtosis_smk_method_3_both" name="simple_kurtosis_method_3_both_on_LAB_TRIG"/>
    <testcase time="0.00100000000020373" classname="ds.kurtosis_smk_method_3_both" name="simple_kurtosis_method_3_both_on_LAB_TRIG"/>
    <testcase time="0.00199999999995271" classname="ds.kurtosis_smk_method_3_both" name="simple_kurtosis_method_3_both_on_LAB_TRIG"/>
    <testcase time="0.00100000000020373" classname="ds.kurtosis_smk_method_3_both" name="simple_kurtosis_method_3_both_on_LAB_TRIG"/>
    <testcase time="0.000999999999748979" classname="ds.kurtosis_smk_method_3_both" name="simple_kurtosis_method_3_both_on_LAB_TRIG"/>
    <testcase time="0.00199999999995271" classname="ds.kurtosis_smk_method_3_both" name="simple_kurtosis_method_3_both_on_LAB_TRIG"/>
    <testcase time="0.00100000000020373" classname="ds.kurtosis_smk_method_3_both" name="simple_kurtosis_method_3_both_on_LAB_TRIG"/>
    <testcase time="0.000999999999748979" classname="ds.kurtosis_smk_method_3_both" name="simple_kurtosis_method_3_both_on_LAB_TRIG"/>
    <testcase time="0.00100000000020373" classname="ds.kurtosis_smk_method_3_both" name="simple_kurtosis_method_3_both_on_LAB_TRIG"/>
    <testcase time="0.00199999999995271" classname="ds.kurtosis_smk_method_3_both" name="simple_kurtosis_method_3_both_on_LAB_TRIG"/>
    <testcase time="0.00100000000020373" classname="ds.kurtosis_smk_method_3_both" name="simple_kurtosis_method_3_both_on_LAB_TRIG"/>
    <testcase time="0.000999999999748979" classname="ds.kurtosis_smk_method_3_both" name="simple_kurtosis_method_3_both_on_LAB_TRIG"/>
    <testcase time="0.190000000000055" classname="ds.kurtosis_smk_method_3_both" name="simple_kurtosis_method_3_both_on_LAB_HDL"/>
    <testcase time="0.00199999999995271" classname="ds.kurtosis_smk_method_3_both" name="simple_kurtosis_method_3_both_on_LAB_HDL"/>
    <testcase time="0.00100000000020373" classname="ds.kurtosis_smk_method_3_both" name="simple_kurtosis_method_3_both_on_LAB_HDL"/>
    <testcase time="0.000999999999748979" classname="ds.kurtosis_smk_method_3_both" name="simple_kurtosis_method_3_both_on_LAB_HDL"/>
    <testcase time="0.00199999999995271" classname="ds.kurtosis_smk_method_3_both" name="simple_kurtosis_method_3_both_on_LAB_HDL"/>
    <testcase time="0.00100000000020373" classname="ds.kurtosis_smk_method_3_both" name="simple_kurtosis_method_3_both_on_LAB_HDL"/>
    <testcase time="0.00199999999995271" classname="ds.kurtosis_smk_method_3_both" name="simple_kurtosis_method_3_both_on_LAB_HDL"/>
    <testcase time="0.00100000000020373" classname="ds.kurtosis_smk_method_3_both" name="simple_kurtosis_method_3_both_on_LAB_HDL"/>
    <testcase time="0.000999999999748979" classname="ds.kurtosis_smk_method_3_both" name="simple_kurtosis_method_3_both_on_LAB_HDL"/>
    <testcase time="0.00199999999995271" classname="ds.kurtosis_smk_method_3_both" name="simple_kurtosis_method_3_both_on_LAB_HDL"/>
    <testcase time="0.00100000000020373" classname="ds.kurtosis_smk_method_3_both" name="simple_kurtosis_method_3_both_on_LAB_HDL"/>
    <testcase time="0.000999999999748979" classname="ds.kurtosis_smk_method_3_both" name="simple_kurtosis_method_3_both_on_LAB_HDL"/>
    <testcase time="0.00199999999995271" classname="ds.kurtosis_smk_method_3_both" name="simple_kurtosis_method_3_both_on_LAB_HDL"/>
    <testcase time="0.00100000000020373" classname="ds.kurtosis_smk_method_3_both" name="simple_kurtosis_method_3_both_on_LAB_HDL"/>
    <testcase time="0.00100000000020373" classname="ds.kurtosis_smk_method_3_both" name="simple_kurtosis_method_3_both_on_LAB_HDL"/>
    <testcase time="0.00199999999995271" classname="ds.kurtosis_smk_method_3_both" name="simple_kurtosis_method_3_both_on_LAB_HDL"/>
    <testcase time="0.000999999999748979" classname="ds.kurtosis_smk_method_3_both" name="simple_kurtosis_method_3_both_on_LAB_HDL"/>
    <testcase time="0.00100000000020373" classname="ds.kurtosis_smk_method_3_both" name="simple_kurtosis_method_3_both_on_LAB_HDL"/>
    <testcase time="0.00199999999995271" classname="ds.kurtosis_smk_method_3_both" name="simple_kurtosis_method_3_both_on_LAB_HDL"/>
    <testcase time="0.000999999999748979" classname="ds.kurtosis_smk_method_3_both" name="simple_kurtosis_method_3_both_on_LAB_HDL"/>
    <testcase time="0.00200000000040745" classname="ds.kurtosis_smk_method_3_both" name="simple_kurtosis_method_3_both_on_LAB_HDL"/>
    <testcase time="0.000999999999748979" classname="ds.kurtosis_smk_method_3_both" name="simple_kurtosis_method_3_both_on_LAB_HDL"/>
    <testcase time="0.200000000000273" classname="ds.kurtosis_smk_method_3_both" name="simple_kurtosis_method_3_both_on_LAB_GLUC_ADJUSTED"/>
    <testcase time="0.000999999999748979" classname="ds.kurtosis_smk_method_3_both" name="simple_kurtosis_method_3_both_on_LAB_GLUC_ADJUSTED"/>
    <testcase time="0.00199999999995271" classname="ds.kurtosis_smk_method_3_both" name="simple_kurtosis_method_3_both_on_LAB_GLUC_ADJUSTED"/>
    <testcase time="0.00100000000020373" classname="ds.kurtosis_smk_method_3_both" name="simple_kurtosis_method_3_both_on_LAB_GLUC_ADJUSTED"/>
    <testcase time="0.00199999999995271" classname="ds.kurtosis_smk_method_3_both" name="simple_kurtosis_method_3_both_on_LAB_GLUC_ADJUSTED"/>
    <testcase time="0.000999999999748979" classname="ds.kurtosis_smk_method_3_both" name="simple_kurtosis_method_3_both_on_LAB_GLUC_ADJUSTED"/>
    <testcase time="0.00199999999995271" classname="ds.kurtosis_smk_method_3_both" name="simple_kurtosis_method_3_both_on_LAB_GLUC_ADJUSTED"/>
    <testcase time="0.00100000000020373" classname="ds.kurtosis_smk_method_3_both" name="simple_kurtosis_method_3_both_on_LAB_GLUC_ADJUSTED"/>
    <testcase time="0.00100000000020373" classname="ds.kurtosis_smk_method_3_both" name="simple_kurtosis_method_3_both_on_LAB_GLUC_ADJUSTED"/>
    <testcase time="0.00199999999995271" classname="ds.kurtosis_smk_method_3_both" name="simple_kurtosis_method_3_both_on_LAB_GLUC_ADJUSTED"/>
    <testcase time="0.000999999999748979" classname="ds.kurtosis_smk_method_3_both" name="simple_kurtosis_method_3_both_on_LAB_GLUC_ADJUSTED"/>
    <testcase time="0.00199999999995271" classname="ds.kurtosis_smk_method_3_both" name="simple_kurtosis_method_3_both_on_LAB_GLUC_ADJUSTED"/>
    <testcase time="0.00100000000020373" classname="ds.kurtosis_smk_method_3_both" name="simple_kurtosis_method_3_both_on_LAB_GLUC_ADJUSTED"/>
    <testcase time="0.000999999999748979" classname="ds.kurtosis_smk_method_3_both" name="simple_kurtosis_method_3_both_on_LAB_GLUC_ADJUSTED"/>
    <testcase time="0.00200000000040745" classname="ds.kurtosis_smk_method_3_both" name="simple_kurtosis_method_3_both_on_LAB_GLUC_ADJUSTED"/>
    <testcase time="0.000999999999748979" classname="ds.kurtosis_smk_method_3_both" name="simple_kurtosis_method_3_both_on_LAB_GLUC_ADJUSTED"/>
    <testcase time="0.00199999999995271" classname="ds.kurtosis_smk_method_3_both" name="simple_kurtosis_method_3_both_on_LAB_GLUC_ADJUSTED"/>
    <testcase time="0.00100000000020373" classname="ds.kurtosis_smk_method_3_both" name="simple_kurtosis_method_3_both_on_LAB_GLUC_ADJUSTED"/>
    <testcase time="0.00199999999995271" classname="ds.kurtosis_smk_method_3_both" name="simple_kurtosis_method_3_both_on_LAB_GLUC_ADJUSTED"/>
    <testcase time="0.000999999999748979" classname="ds.kurtosis_smk_method_3_both" name="simple_kurtosis_method_3_both_on_LAB_GLUC_ADJUSTED"/>
    <testcase time="0.00100000000020373" classname="ds.kurtosis_smk_method_3_both" name="simple_kurtosis_method_3_both_on_LAB_GLUC_ADJUSTED"/>
    <testcase time="0.00199999999995271" classname="ds.kurtosis_smk_method_3_both" name="simple_kurtosis_method_3_both_on_LAB_GLUC_ADJUSTED"/>
    <testcase time="0.197999999999865" classname="ds.kurtosis_smk_method_3_both" name="simple_kurtosis_method_3_both_on_PM_BMI_CONTINUOUS"/>
    <testcase time="0.00199999999995271" classname="ds.kurtosis_smk_method_3_both" name="simple_kurtosis_method_3_both_on_PM_BMI_CONTINUOUS"/>
    <testcase time="0.00100000000020373" classname="ds.kurtosis_smk_method_3_both" name="simple_kurtosis_method_3_both_on_PM_BMI_CONTINUOUS"/>
    <testcase time="0.00199999999995271" classname="ds.kurtosis_smk_method_3_both" name="simple_kurtosis_method_3_both_on_PM_BMI_CONTINUOUS"/>
    <testcase time="0.00100000000020373" classname="ds.kurtosis_smk_method_3_both" name="simple_kurtosis_method_3_both_on_PM_BMI_CONTINUOUS"/>
    <testcase time="0.00199999999995271" classname="ds.kurtosis_smk_method_3_both" name="simple_kurtosis_method_3_both_on_PM_BMI_CONTINUOUS"/>
    <testcase time="0.000999999999748979" classname="ds.kurtosis_smk_method_3_both" name="simple_kurtosis_method_3_both_on_PM_BMI_CONTINUOUS"/>
    <testcase time="0.00199999999995271" classname="ds.kurtosis_smk_method_3_both" name="simple_kurtosis_method_3_both_on_PM_BMI_CONTINUOUS"/>
    <testcase time="0.00100000000020373" classname="ds.kurtosis_smk_method_3_both" name="simple_kurtosis_method_3_both_on_PM_BMI_CONTINUOUS"/>
    <testcase time="0.00199999999995271" classname="ds.kurtosis_smk_method_3_both" name="simple_kurtosis_method_3_both_on_PM_BMI_CONTINUOUS"/>
    <testcase time="0.00100000000020373" classname="ds.kurtosis_smk_method_3_both" name="simple_kurtosis_method_3_both_on_PM_BMI_CONTINUOUS"/>
    <testcase time="0.00199999999995271" classname="ds.kurtosis_smk_method_3_both" name="simple_kurtosis_method_3_both_on_PM_BMI_CONTINUOUS"/>
    <testcase time="0.000999999999748979" classname="ds.kurtosis_smk_method_3_both" name="simple_kurtosis_method_3_both_on_PM_BMI_CONTINUOUS"/>
    <testcase time="0.00199999999995271" classname="ds.kurtosis_smk_method_3_both" name="simple_kurtosis_method_3_both_on_PM_BMI_CONTINUOUS"/>
    <testcase time="0.00100000000020373" classname="ds.kurtosis_smk_method_3_both" name="simple_kurtosis_method_3_both_on_PM_BMI_CONTINUOUS"/>
    <testcase time="0.00199999999995271" classname="ds.kurtosis_smk_method_3_both" name="simple_kurtosis_method_3_both_on_PM_BMI_CONTINUOUS"/>
    <testcase time="0.00100000000020373" classname="ds.kurtosis_smk_method_3_both" name="simple_kurtosis_method_3_both_on_PM_BMI_CONTINUOUS"/>
    <testcase time="0.00199999999995271" classname="ds.kurtosis_smk_method_3_both" name="simple_kurtosis_method_3_both_on_PM_BMI_CONTINUOUS"/>
    <testcase time="0.000999999999748979" classname="ds.kurtosis_smk_method_3_both" name="simple_kurtosis_method_3_both_on_PM_BMI_CONTINUOUS"/>
    <testcase time="0.00199999999995271" classname="ds.kurtosis_smk_method_3_both" name="simple_kurtosis_method_3_both_on_PM_BMI_CONTINUOUS"/>
    <testcase time="0.00100000000020373" classname="ds.kurtosis_smk_method_3_both" name="simple_kurtosis_method_3_both_on_PM_BMI_CONTINUOUS"/>
    <testcase time="0.00199999999995271" classname="ds.kurtosis_smk_method_3_both" name="simple_kurtosis_method_3_both_on_PM_BMI_CONTINUOUS"/>
  </testsuite>
  <testsuite name="ds.kurtosis::smk::shutdown" timestamp="2025-09-19T12:11:25Z" hostname="runnervmf4ws1" tests="3" skipped="0" failures="0" errors="0" time="0.049">
    <testcase time="0.0470000000000255" classname="ds.kurtosis_smk_shutdown" name="shutdown"/>
    <testcase time="0.00100000000020373" classname="ds.kurtosis_smk_shutdown" name="shutdown"/>
    <testcase time="0.000999999999748979" classname="ds.kurtosis_smk_shutdown" name="shutdown"/>
  </testsuite>
  <testsuite name="ds.kurtosis::smk::done" timestamp="2025-09-19T12:11:25Z" hostname="runnervmf4ws1" tests="0" skipped="0" failures="0" errors="0" time="0"/>
  <testsuite name="smk-ds.length" timestamp="2025-09-19T12:11:25Z" hostname="runnervmf4ws1" tests="0" skipped="0" failures="0" errors="0" time="0"/>
  <testsuite name="ds.length::smk::setup" timestamp="2025-09-19T12:11:25Z" hostname="runnervmf4ws1" tests="3" skipped="0" failures="0" errors="0" time="7.51">
    <testcase time="7.50799999999981" classname="ds.length_smk_setup" name="setup"/>
    <testcase time="0.00100000000020373" classname="ds.length_smk_setup" name="setup"/>
    <testcase time="0.00100000000020373" classname="ds.length_smk_setup" name="setup"/>
  </testsuite>
  <testsuite name="ds.length::smk" timestamp="2025-09-19T12:11:32Z" hostname="runnervmf4ws1" tests="22" skipped="0" failures="0" errors="0" time="0.485">
    <testcase time="0.0459999999998217" classname="ds.length_smk" name="basic_length_both"/>
    <testcase time="0.00100000000020373" classname="ds.length_smk" name="basic_length_both"/>
    <testcase time="0.000999999999748979" classname="ds.length_smk" name="basic_length_both"/>
    <testcase time="0.00199999999995271" classname="ds.length_smk" name="basic_length_both"/>
    <testcase time="0.00100000000020373" classname="ds.length_smk" name="basic_length_both"/>
    <testcase time="0.0429999999996653" classname="ds.length_smk" name="basic_length_split"/>
    <testcase time="0.00100000000020373" classname="ds.length_smk" name="basic_length_split"/>
    <testcase time="0.00100000000020373" classname="ds.length_smk" name="basic_length_split"/>
    <testcase time="0.00199999999995271" classname="ds.length_smk" name="basic_length_split"/>
    <testcase time="0.0419999999999163" classname="ds.length_smk" name="basic_length_combine"/>
    <testcase time="0.00799999999981083" classname="ds.length_smk" name="basic_length_combine"/>
    <testcase time="0.104000000000269" classname="ds.length_smk" name="basic_length_both"/>
    <testcase time="0.00199999999995271" classname="ds.length_smk" name="basic_length_both"/>
    <testcase time="0.000999999999748979" classname="ds.length_smk" name="basic_length_both"/>
    <testcase time="0.00100000000020373" classname="ds.length_smk" name="basic_length_both"/>
    <testcase time="0.00199999999995271" classname="ds.length_smk" name="basic_length_both"/>
    <testcase time="0.106999999999971" classname="ds.length_smk" name="basic_length_split"/>
    <testcase time="0.00199999999995271" classname="ds.length_smk" name="basic_length_split"/>
    <testcase time="0.00100000000020373" classname="ds.length_smk" name="basic_length_split"/>
    <testcase time="0.000999999999748979" classname="ds.length_smk" name="basic_length_split"/>
    <testcase time="0.114000000000033" classname="ds.length_smk" name="basic_length_combine"/>
    <testcase time="0.00199999999995271" classname="ds.length_smk" name="basic_length_combine"/>
  </testsuite>
  <testsuite name="ds.length::smk::shutdown" timestamp="2025-09-19T12:11:33Z" hostname="runnervmf4ws1" tests="3" skipped="0" failures="0" errors="0" time="0.052">
    <testcase time="0.0489999999999782" classname="ds.length_smk_shutdown" name="shutdown"/>
    <testcase time="0.00199999999995271" classname="ds.length_smk_shutdown" name="shutdown"/>
    <testcase time="0.00100000000020373" classname="ds.length_smk_shutdown" name="shutdown"/>
  </testsuite>
  <testsuite name="ds.length::smk::done" timestamp="2025-09-19T12:11:33Z" hostname="runnervmf4ws1" tests="0" skipped="0" failures="0" errors="0" time="0"/>
  <testsuite name="smk-ds.levels" timestamp="2025-09-19T12:11:33Z" hostname="runnervmf4ws1" tests="0" skipped="0" failures="0" errors="0" time="0"/>
  <testsuite name="ds.levels::smk::setup" timestamp="2025-09-19T12:11:33Z" hostname="runnervmf4ws1" tests="3" skipped="0" failures="0" errors="0" time="7.562">
    <testcase time="7.55999999999995" classname="ds.levels_smk_setup" name="setup"/>
    <testcase time="0.00100000000020373" classname="ds.levels_smk_setup" name="setup"/>
    <testcase time="0.000999999999748979" classname="ds.levels_smk_setup" name="setup"/>
  </testsuite>
  <testsuite name="ds.levels::smk" timestamp="2025-09-19T12:11:40Z" hostname="runnervmf4ws1" tests="19" skipped="0" failures="0" errors="0" time="0.275">
    <testcase time="0.253000000000156" classname="ds.levels_smk" name="simple_levels"/>
    <testcase time="0.00199999999995271" classname="ds.levels_smk" name="simple_levels"/>
    <testcase time="0.00100000000020373" classname="ds.levels_smk" name="simple_levels"/>
    <testcase time="0.000999999999748979" classname="ds.levels_smk" name="simple_levels"/>
    <testcase time="0.00100000000020373" classname="ds.levels_smk" name="simple_levels"/>
    <testcase time="0.000999999999748979" classname="ds.levels_smk" name="simple_levels"/>
    <testcase time="0.00199999999995271" classname="ds.levels_smk" name="simple_levels"/>
    <testcase time="0.00100000000020373" classname="ds.levels_smk" name="simple_levels"/>
    <testcase time="0.000999999999748979" classname="ds.levels_smk" name="simple_levels"/>
    <testcase time="0.00100000000020373" classname="ds.levels_smk" name="simple_levels"/>
    <testcase time="0.00100000000020373" classname="ds.levels_smk" name="simple_levels"/>
    <testcase time="0.000999999999748979" classname="ds.levels_smk" name="simple_levels"/>
    <testcase time="0.00199999999995271" classname="ds.levels_smk" name="simple_levels"/>
    <testcase time="0.00100000000020373" classname="ds.levels_smk" name="simple_levels"/>
    <testcase time="0.000999999999748979" classname="ds.levels_smk" name="simple_levels"/>
    <testcase time="0.00100000000020373" classname="ds.levels_smk" name="simple_levels"/>
    <testcase time="0.000999999999748979" classname="ds.levels_smk" name="simple_levels"/>
    <testcase time="0.00100000000020373" classname="ds.levels_smk" name="simple_levels"/>
    <testcase time="0.00199999999995271" classname="ds.levels_smk" name="simple_levels"/>
  </testsuite>
  <testsuite name="ds.levels::smk" timestamp="2025-09-19T12:11:40Z" hostname="runnervmf4ws1" tests="22" skipped="0" failures="0" errors="0" time="0.273">
    <testcase time="0.248000000000047" classname="ds.levels_smk" name="simple_levels"/>
    <testcase time="0.00199999999995271" classname="ds.levels_smk" name="simple_levels"/>
    <testcase time="0.00100000000020373" classname="ds.levels_smk" name="simple_levels"/>
    <testcase time="0.000999999999748979" classname="ds.levels_smk" name="simple_levels"/>
    <testcase time="0.00100000000020373" classname="ds.levels_smk" name="simple_levels"/>
    <testcase time="0.000999999999748979" classname="ds.levels_smk" name="simple_levels"/>
    <testcase time="0.00100000000020373" classname="ds.levels_smk" name="simple_levels"/>
    <testcase time="0.00199999999995271" classname="ds.levels_smk" name="simple_levels"/>
    <testcase time="0.000999999999748979" classname="ds.levels_smk" name="simple_levels"/>
    <testcase time="0.00100000000020373" classname="ds.levels_smk" name="simple_levels"/>
    <testcase time="0.00100000000020373" classname="ds.levels_smk" name="simple_levels"/>
    <testcase time="0.000999999999748979" classname="ds.levels_smk" name="simple_levels"/>
    <testcase time="0.00100000000020373" classname="ds.levels_smk" name="simple_levels"/>
    <testcase time="0.000999999999748979" classname="ds.levels_smk" name="simple_levels"/>
    <testcase time="0.00199999999995271" classname="ds.levels_smk" name="simple_levels"/>
    <testcase time="0.00100000000020373" classname="ds.levels_smk" name="simple_levels"/>
    <testcase time="0.000999999999748979" classname="ds.levels_smk" name="simple_levels"/>
    <testcase time="0.00100000000020373" classname="ds.levels_smk" name="simple_levels"/>
    <testcase time="0.00100000000020373" classname="ds.levels_smk" name="simple_levels"/>
    <testcase time="0.000999999999748979" classname="ds.levels_smk" name="simple_levels"/>
    <testcase time="0.00199999999995271" classname="ds.levels_smk" name="simple_levels"/>
    <testcase time="0.00100000000020373" classname="ds.levels_smk" name="simple_levels"/>
  </testsuite>
  <testsuite name="ds.levels::smk::shutdown" timestamp="2025-09-19T12:11:41Z" hostname="runnervmf4ws1" tests="3" skipped="0" failures="0" errors="0" time="0.049">
    <testcase time="0.0470000000000255" classname="ds.levels_smk_shutdown" name="shutdown"/>
    <testcase time="0.000999999999748979" classname="ds.levels_smk_shutdown" name="shutdown"/>
    <testcase time="0.00100000000020373" classname="ds.levels_smk_shutdown" name="shutdown"/>
  </testsuite>
  <testsuite name="ds.levels::smk::done" timestamp="2025-09-19T12:11:41Z" hostname="runnervmf4ws1" tests="0" skipped="0" failures="0" errors="0" time="0"/>
  <testsuite name="smk-ds.lexis" timestamp="2025-09-19T12:11:41Z" hostname="runnervmf4ws1" tests="0" skipped="0" failures="0" errors="0" time="0"/>
  <testsuite name="ds.lexis::smk::setup" timestamp="2025-09-19T12:11:41Z" hostname="runnervmf4ws1" tests="3" skipped="0" failures="0" errors="0" time="7.491">
    <testcase time="7.48900000000003" classname="ds.lexis_smk_setup" name="setup"/>
    <testcase time="0.00100000000020373" classname="ds.lexis_smk_setup" name="setup"/>
    <testcase time="0.000999999999748979" classname="ds.lexis_smk_setup" name="setup"/>
  </testsuite>
  <testsuite name="ds.lexis::smk" timestamp="2025-09-19T12:11:48Z" hostname="runnervmf4ws1" tests="15" skipped="0" failures="0" errors="0" time="0.361">
    <testcase time="0.248000000000047" classname="ds.lexis_smk" name="simple_lexis"/>
    <testcase time="0.00100000000020373" classname="ds.lexis_smk" name="simple_lexis"/>
    <testcase time="0.00199999999995271" classname="ds.lexis_smk" name="simple_lexis"/>
    <testcase time="0.000999999999748979" classname="ds.lexis_smk" name="simple_lexis"/>
    <testcase time="0.00100000000020373" classname="ds.lexis_smk" name="simple_lexis"/>
    <testcase time="0.00100000000020373" classname="ds.lexis_smk" name="simple_lexis"/>
    <testcase time="0.0399999999999636" classname="ds.lexis_smk" name="simple_lexis"/>
    <testcase time="0.00299999999970169" classname="ds.lexis_smk" name="simple_lexis"/>
    <testcase time="0.00199999999995271" classname="ds.lexis_smk" name="simple_lexis"/>
    <testcase time="0.00300000000015643" classname="ds.lexis_smk" name="simple_lexis"/>
    <testcase time="0.0540000000000873" classname="ds.lexis_smk" name="simple_lexis"/>
    <testcase time="0.00199999999995271" classname="ds.lexis_smk" name="simple_lexis"/>
    <testcase time="0.00100000000020373" classname="ds.lexis_smk" name="simple_lexis"/>
    <testcase time="0.000999999999748979" classname="ds.lexis_smk" name="simple_lexis"/>
    <testcase time="0.00100000000020373" classname="ds.lexis_smk" name="simple_lexis"/>
  </testsuite>
  <testsuite name="ds.lexis::smk::shutdown" timestamp="2025-09-19T12:11:49Z" hostname="runnervmf4ws1" tests="3" skipped="0" failures="0" errors="0" time="0.05">
    <testcase time="0.0479999999997744" classname="ds.lexis_smk_shutdown" name="shutdown"/>
    <testcase time="0.00100000000020373" classname="ds.lexis_smk_shutdown" name="shutdown"/>
    <testcase time="0.000999999999748979" classname="ds.lexis_smk_shutdown" name="shutdown"/>
  </testsuite>
  <testsuite name="ds.lexis::smk::done" timestamp="2025-09-19T12:11:49Z" hostname="runnervmf4ws1" tests="0" skipped="0" failures="0" errors="0" time="0"/>
  <testsuite name="smk-ds.list" timestamp="2025-09-19T12:11:49Z" hostname="runnervmf4ws1" tests="0" skipped="0" failures="0" errors="0" time="0"/>
  <testsuite name="ds.list::smk::setup" timestamp="2025-09-19T12:11:49Z" hostname="runnervmf4ws1" tests="3" skipped="0" failures="0" errors="0" time="7.534">
    <testcase time="7.53099999999995" classname="ds.list_smk_setup" name="setup"/>
    <testcase time="0.00100000000020373" classname="ds.list_smk_setup" name="setup"/>
    <testcase time="0.00199999999995271" classname="ds.list_smk_setup" name="setup"/>
  </testsuite>
  <testsuite name="ds.list::smk" timestamp="2025-09-19T12:11:56Z" hostname="runnervmf4ws1" tests="28" skipped="0" failures="0" errors="0" time="0.463">
    <testcase time="0.222000000000207" classname="ds.list_smk" name="Is_List"/>
    <testcase time="0.0499999999997272" classname="ds.list_smk" name="Is_List"/>
    <testcase time="0.00100000000020373" classname="ds.list_smk" name="Is_List"/>
    <testcase time="0.000999999999748979" classname="ds.list_smk" name="Is_List"/>
    <testcase time="0.00100000000020373" classname="ds.list_smk" name="Is_List"/>
    <testcase time="0.00100000000020373" classname="ds.list_smk" name="Is_List"/>
    <testcase time="0.000999999999748979" classname="ds.list_smk" name="Is_List"/>
    <testcase time="0.00100000000020373" classname="ds.list_smk" name="Is_List"/>
    <testcase time="0.00100000000020373" classname="ds.list_smk" name="Is_List"/>
    <testcase time="0.000999999999748979" classname="ds.list_smk" name="Is_List"/>
    <testcase time="0.00100000000020373" classname="ds.list_smk" name="Is_List"/>
    <testcase time="0.00199999999995271" classname="ds.list_smk" name="Is_List"/>
    <testcase time="0.000999999999748979" classname="ds.list_smk" name="Is_List"/>
    <testcase time="0.00100000000020373" classname="ds.list_smk" name="Is_List"/>
    <testcase time="0.0769999999997708" classname="ds.list_smk" name="Is_List"/>
    <testcase time="0.00199999999995271" classname="ds.list_smk" name="Is_List"/>
    <testcase time="0.00100000000020373" classname="ds.list_smk" name="Is_List"/>
    <testcase time="0.00100000000020373" classname="ds.list_smk" name="Is_List"/>
    <testcase time="0.0799999999999272" classname="ds.list_smk" name="Is_List"/>
    <testcase time="0.000999999999748979" classname="ds.list_smk" name="Is_List"/>
    <testcase time="0.00700000000006185" classname="ds.list_smk" name="Is_List"/>
    <testcase time="0.00100000000020373" classname="ds.list_smk" name="Is_List"/>
    <testcase time="0.00199999999995271" classname="ds.list_smk" name="Is_List"/>
    <testcase time="0.000999999999748979" classname="ds.list_smk" name="Is_List"/>
    <testcase time="0.00100000000020373" classname="ds.list_smk" name="Is_List"/>
    <testcase time="0.000999999999748979" classname="ds.list_smk" name="Is_List"/>
    <testcase time="0.00200000000040745" classname="ds.list_smk" name="Is_List"/>
    <testcase time="0.000999999999748979" classname="ds.list_smk" name="Is_List"/>
  </testsuite>
  <testsuite name="ds.list::smk::shutdown" timestamp="2025-09-19T12:11:57Z" hostname="runnervmf4ws1" tests="3" skipped="0" failures="0" errors="0" time="0.049">
    <testcase time="0.0460000000002765" classname="ds.list_smk_shutdown" name="shutdown"/>
    <testcase time="0.00199999999995271" classname="ds.list_smk_shutdown" name="shutdown"/>
    <testcase time="0.000999999999748979" classname="ds.list_smk_shutdown" name="shutdown"/>
  </testsuite>
  <testsuite name="ds.list::smk::down" timestamp="2025-09-19T12:11:57Z" hostname="runnervmf4ws1" tests="0" skipped="0" failures="0" errors="0" time="0"/>
  <testsuite name="smk-ds.listClientsideFunctions" timestamp="2025-09-19T12:11:57Z" hostname="runnervmf4ws1" tests="0" skipped="0" failures="0" errors="0" time="0"/>
  <testsuite name="ds.listClientsideFunctions::smk::setup" timestamp="2025-09-19T12:11:57Z" hostname="runnervmf4ws1" tests="3" skipped="0" failures="0" errors="0" time="7.478">
    <testcase time="7.47499999999991" classname="ds.listClientsideFunctions_smk_setup" name="setup"/>
    <testcase time="0.00199999999995271" classname="ds.listClientsideFunctions_smk_setup" name="setup"/>
    <testcase time="0.00100000000020373" classname="ds.listClientsideFunctions_smk_setup" name="setup"/>
  </testsuite>
  <testsuite name="ds.listClientsideFunctions::smk::check results" timestamp="2025-09-19T12:12:04Z" hostname="runnervmf4ws1" tests="112" skipped="0" failures="0" errors="0" time="0.319">
    <testcase time="0.0100000000002183" classname="ds.listClientsideFunctions_smk_check_results" name="check_results"/>
    <testcase time="0.00299999999970169" classname="ds.listClientsideFunctions_smk_check_results" name="check_results"/>
    <testcase time="0.00199999999995271" classname="ds.listClientsideFunctions_smk_check_results" name="check_results"/>
    <testcase time="0.00300000000015643" classname="ds.listClientsideFunctions_smk_check_results" name="check_results"/>
    <testcase time="0.00199999999995271" classname="ds.listClientsideFunctions_smk_check_results" name="check_results"/>
    <testcase time="0.00300000000015643" classname="ds.listClientsideFunctions_smk_check_results" name="check_results"/>
    <testcase time="0.00199999999995271" classname="ds.listClientsideFunctions_smk_check_results" name="check_results"/>
    <testcase time="0.00299999999970169" classname="ds.listClientsideFunctions_smk_check_results" name="check_results"/>
    <testcase time="0.00200000000040745" classname="ds.listClientsideFunctions_smk_check_results" name="check_results"/>
    <testcase time="0.00299999999970169" classname="ds.listClientsideFunctions_smk_check_results" name="check_results"/>
    <testcase time="0.00199999999995271" classname="ds.listClientsideFunctions_smk_check_results" name="check_results"/>
    <testcase time="0.00300000000015643" classname="ds.listClientsideFunctions_smk_check_results" name="check_results"/>
    <testcase time="0.00199999999995271" classname="ds.listClientsideFunctions_smk_check_results" name="check_results"/>
    <testcase time="0.00300000000015643" classname="ds.listClientsideFunctions_smk_check_results" name="check_results"/>
    <testcase time="0.00299999999970169" classname="ds.listClientsideFunctions_smk_check_results" name="check_results"/>
    <testcase time="0.00200000000040745" classname="ds.listClientsideFunctions_smk_check_results" name="check_results"/>
    <testcase time="0.00299999999970169" classname="ds.listClientsideFunctions_smk_check_results" name="check_results"/>
    <testcase time="0.00199999999995271" classname="ds.listClientsideFunctions_smk_check_results" name="check_results"/>
    <testcase time="0.00300000000015643" classname="ds.listClientsideFunctions_smk_check_results" name="check_results"/>
    <testcase time="0.00199999999995271" classname="ds.listClientsideFunctions_smk_check_results" name="check_results"/>
    <testcase time="0.00300000000015643" classname="ds.listClientsideFunctions_smk_check_results" name="check_results"/>
    <testcase time="0.00299999999970169" classname="ds.listClientsideFunctions_smk_check_results" name="check_results"/>
    <testcase time="0.00199999999995271" classname="ds.listClientsideFunctions_smk_check_results" name="check_results"/>
    <testcase time="0.00300000000015643" classname="ds.listClientsideFunctions_smk_check_results" name="check_results"/>
    <testcase time="0.00199999999995271" classname="ds.listClientsideFunctions_smk_check_results" name="check_results"/>
    <testcase time="0.00300000000015643" classname="ds.listClientsideFunctions_smk_check_results" name="check_results"/>
    <testcase time="0.00199999999995271" classname="ds.listClientsideFunctions_smk_check_results" name="check_results"/>
    <testcase time="0.00300000000015643" classname="ds.listClientsideFunctions_smk_check_results" name="check_results"/>
    <testcase time="0.00299999999970169" classname="ds.listClientsideFunctions_smk_check_results" name="check_results"/>
    <testcase time="0.00199999999995271" classname="ds.listClientsideFunctions_smk_check_results" name="check_results"/>
    <testcase time="0.00300000000015643" classname="ds.listClientsideFunctions_smk_check_results" name="check_results"/>
    <testcase time="0.00300000000015643" classname="ds.listClientsideFunctions_smk_check_results" name="check_results"/>
    <testcase time="0.00900000000001455" classname="ds.listClientsideFunctions_smk_check_results" name="check_results"/>
    <testcase time="0.00299999999970169" classname="ds.listClientsideFunctions_smk_check_results" name="check_results"/>
    <testcase time="0.00199999999995271" classname="ds.listClientsideFunctions_smk_check_results" name="check_results"/>
    <testcase time="0.00300000000015643" classname="ds.listClientsideFunctions_smk_check_results" name="check_results"/>
    <testcase time="0.00300000000015643" classname="ds.listClientsideFunctions_smk_check_results" name="check_results"/>
    <testcase time="0.00199999999995271" classname="ds.listClientsideFunctions_smk_check_results" name="check_results"/>
    <testcase time="0.00300000000015643" classname="ds.listClientsideFunctions_smk_check_results" name="check_results"/>
    <testcase time="0.00199999999995271" classname="ds.listClientsideFunctions_smk_check_results" name="check_results"/>
    <testcase time="0.00299999999970169" classname="ds.listClientsideFunctions_smk_check_results" name="check_results"/>
    <testcase time="0.00199999999995271" classname="ds.listClientsideFunctions_smk_check_results" name="check_results"/>
    <testcase time="0.00300000000015643" classname="ds.listClientsideFunctions_smk_check_results" name="check_results"/>
    <testcase time="0.00300000000015643" classname="ds.listClientsideFunctions_smk_check_results" name="check_results"/>
    <testcase time="0.00199999999995271" classname="ds.listClientsideFunctions_smk_check_results" name="check_results"/>
    <testcase time="0.00299999999970169" classname="ds.listClientsideFunctions_smk_check_results" name="check_results"/>
    <testcase time="0.00200000000040745" classname="ds.listClientsideFunctions_smk_check_results" name="check_results"/>
    <testcase time="0.00299999999970169" classname="ds.listClientsideFunctions_smk_check_results" name="check_results"/>
    <testcase time="0.00199999999995271" classname="ds.listClientsideFunctions_smk_check_results" name="check_results"/>
    <testcase time="0.00300000000015643" classname="ds.listClientsideFunctions_smk_check_results" name="check_results"/>
    <testcase time="0.00300000000015643" classname="ds.listClientsideFunctions_smk_check_results" name="check_results"/>
    <testcase time="0.00199999999995271" classname="ds.listClientsideFunctions_smk_check_results" name="check_results"/>
    <testcase time="0.00299999999970169" classname="ds.listClientsideFunctions_smk_check_results" name="check_results"/>
    <testcase time="0.00300000000015643" classname="ds.listClientsideFunctions_smk_check_results" name="check_results"/>
    <testcase time="0.00199999999995271" classname="ds.listClientsideFunctions_smk_check_results" name="check_results"/>
    <testcase time="0.00300000000015643" classname="ds.listClientsideFunctions_smk_check_results" name="check_results"/>
    <testcase time="0.00299999999970169" classname="ds.listClientsideFunctions_smk_check_results" name="check_results"/>
    <testcase time="0.00200000000040745" classname="ds.listClientsideFunctions_smk_check_results" name="check_results"/>
    <testcase time="0.00299999999970169" classname="ds.listClientsideFunctions_smk_check_results" name="check_results"/>
    <testcase time="0.00300000000015643" classname="ds.listClientsideFunctions_smk_check_results" name="check_results"/>
    <testcase time="0.00199999999995271" classname="ds.listClientsideFunctions_smk_check_results" name="check_results"/>
    <testcase time="0.00300000000015643" classname="ds.listClientsideFunctions_smk_check_results" name="check_results"/>
    <testcase time="0.00299999999970169" classname="ds.listClientsideFunctions_smk_check_results" name="check_results"/>
    <testcase time="0.00199999999995271" classname="ds.listClientsideFunctions_smk_check_results" name="check_results"/>
    <testcase time="0.00300000000015643" classname="ds.listClientsideFunctions_smk_check_results" name="check_results"/>
    <testcase time="0.00300000000015643" classname="ds.listClientsideFunctions_smk_check_results" name="check_results"/>
    <testcase time="0.00199999999995271" classname="ds.listClientsideFunctions_smk_check_results" name="check_results"/>
    <testcase time="0.00299999999970169" classname="ds.listClientsideFunctions_smk_check_results" name="check_results"/>
    <testcase time="0.00300000000015643" classname="ds.listClientsideFunctions_smk_check_results" name="check_results"/>
    <testcase time="0.00300000000015643" classname="ds.listClientsideFunctions_smk_check_results" name="check_results"/>
    <testcase time="0.00199999999995271" classname="ds.listClientsideFunctions_smk_check_results" name="check_results"/>
    <testcase time="0.00300000000015643" classname="ds.listClientsideFunctions_smk_check_results" name="check_results"/>
    <testcase time="0.00299999999970169" classname="ds.listClientsideFunctions_smk_check_results" name="check_results"/>
    <testcase time="0.00199999999995271" classname="ds.listClientsideFunctions_smk_check_results" name="check_results"/>
    <testcase time="0.00300000000015643" classname="ds.listClientsideFunctions_smk_check_results" name="check_results"/>
    <testcase time="0.00300000000015643" classname="ds.listClientsideFunctions_smk_check_results" name="check_results"/>
    <testcase time="0.00199999999995271" classname="ds.listClientsideFunctions_smk_check_results" name="check_results"/>
    <testcase time="0.00299999999970169" classname="ds.listClientsideFunctions_smk_check_results" name="check_results"/>
    <testcase time="0.00300000000015643" classname="ds.listClientsideFunctions_smk_check_results" name="check_results"/>
    <testcase time="0.00300000000015643" classname="ds.listClientsideFunctions_smk_check_results" name="check_results"/>
    <testcase time="0.00199999999995271" classname="ds.listClientsideFunctions_smk_check_results" name="check_results"/>
    <testcase time="0.00299999999970169" classname="ds.listClientsideFunctions_smk_check_results" name="check_results"/>
    <testcase time="0.00300000000015643" classname="ds.listClientsideFunctions_smk_check_results" name="check_results"/>
    <testcase time="0.00199999999995271" classname="ds.listClientsideFunctions_smk_check_results" name="check_results"/>
    <testcase time="0.00300000000015643" classname="ds.listClientsideFunctions_smk_check_results" name="check_results"/>
    <testcase time="0.00300000000015643" classname="ds.listClientsideFunctions_smk_check_results" name="check_results"/>
    <testcase time="0.00299999999970169" classname="ds.listClientsideFunctions_smk_check_results" name="check_results"/>
    <testcase time="0.00199999999995271" classname="ds.listClientsideFunctions_smk_check_results" name="check_results"/>
    <testcase time="0.00300000000015643" classname="ds.listClientsideFunctions_smk_check_results" name="check_results"/>
    <testcase time="0.00300000000015643" classname="ds.listClientsideFunctions_smk_check_results" name="check_results"/>
    <testcase time="0.00299999999970169" classname="ds.listClientsideFunctions_smk_check_results" name="check_results"/>
    <testcase time="0.00300000000015643" classname="ds.listClientsideFunctions_smk_check_results" name="check_results"/>
    <testcase time="0.00300000000015643" classname="ds.listClientsideFunctions_smk_check_results" name="check_results"/>
    <testcase time="0.00199999999995271" classname="ds.listClientsideFunctions_smk_check_results" name="check_results"/>
    <testcase time="0.00299999999970169" classname="ds.listClientsideFunctions_smk_check_results" name="check_results"/>
    <testcase time="0.00300000000015643" classname="ds.listClientsideFunctions_smk_check_results" name="check_results"/>
    <testcase time="0.00900000000001455" classname="ds.listClientsideFunctions_smk_check_results" name="check_results"/>
    <testcase time="0.00300000000015643" classname="ds.listClientsideFunctions_smk_check_results" name="check_results"/>
    <testcase time="0.00299999999970169" classname="ds.listClientsideFunctions_smk_check_results" name="check_results"/>
    <testcase time="0.00300000000015643" classname="ds.listClientsideFunctions_smk_check_results" name="check_results"/>
    <testcase time="0.00199999999995271" classname="ds.listClientsideFunctions_smk_check_results" name="check_results"/>
    <testcase time="0.00300000000015643" classname="ds.listClientsideFunctions_smk_check_results" name="check_results"/>
    <testcase time="0.00299999999970169" classname="ds.listClientsideFunctions_smk_check_results" name="check_results"/>
    <testcase time="0.00300000000015643" classname="ds.listClientsideFunctions_smk_check_results" name="check_results"/>
    <testcase time="0.00300000000015643" classname="ds.listClientsideFunctions_smk_check_results" name="check_results"/>
    <testcase time="0.00199999999995271" classname="ds.listClientsideFunctions_smk_check_results" name="check_results"/>
    <testcase time="0.00199999999995271" classname="ds.listClientsideFunctions_smk_check_results" name="check_results"/>
    <testcase time="0.00300000000015643" classname="ds.listClientsideFunctions_smk_check_results" name="check_results"/>
    <testcase time="0.00300000000015643" classname="ds.listClientsideFunctions_smk_check_results" name="check_results"/>
    <testcase time="0.00299999999970169" classname="ds.listClientsideFunctions_smk_check_results" name="check_results"/>
    <testcase time="0.00300000000015643" classname="ds.listClientsideFunctions_smk_check_results" name="check_results"/>
    <testcase time="0.00300000000015643" classname="ds.listClientsideFunctions_smk_check_results" name="check_results"/>
  </testsuite>
  <testsuite name="ds.listClientsideFunctions::smk::shutdown" timestamp="2025-09-19T12:12:05Z" hostname="runnervmf4ws1" tests="3" skipped="0" failures="0" errors="0" time="0.049">
    <testcase time="0.0459999999998217" classname="ds.listClientsideFunctions_smk_shutdown" name="shutdown"/>
    <testcase time="0.00100000000020373" classname="ds.listClientsideFunctions_smk_shutdown" name="shutdown"/>
    <testcase time="0.00199999999995271" classname="ds.listClientsideFunctions_smk_shutdown" name="shutdown"/>
  </testsuite>
  <testsuite name="ds.listClientsideFunctions::smk::done" timestamp="2025-09-19T12:12:05Z" hostname="runnervmf4ws1" tests="0" skipped="0" failures="0" errors="0" time="0"/>
  <testsuite name="smk-ds.listDisclosureSettings" timestamp="2025-09-19T12:12:05Z" hostname="runnervmf4ws1" tests="0" skipped="0" failures="0" errors="0" time="0"/>
  <testsuite name="ds.listDisclosureSettings::smk::setup" timestamp="2025-09-19T12:12:05Z" hostname="runnervmf4ws1" tests="3" skipped="0" failures="0" errors="0" time="7.456">
    <testcase time="7.45299999999997" classname="ds.listDisclosureSettings_smk_setup" name="setup"/>
    <testcase time="0.000999999999748979" classname="ds.listDisclosureSettings_smk_setup" name="setup"/>
    <testcase time="0.00199999999995271" classname="ds.listDisclosureSettings_smk_setup" name="setup"/>
  </testsuite>
  <testsuite name="ds.listDisclosureSettings::smk::check results" timestamp="2025-09-19T12:12:12Z" hostname="runnervmf4ws1" tests="37" skipped="0" failures="0" errors="0" time="0.092">
    <testcase time="0.0460000000002765" classname="ds.listDisclosureSettings_smk_check_results" name="check_results"/>
    <testcase time="0.00199999999995271" classname="ds.listDisclosureSettings_smk_check_results" name="check_results"/>
    <testcase time="0.000999999999748979" classname="ds.listDisclosureSettings_smk_check_results" name="check_results"/>
    <testcase time="0.00100000000020373" classname="ds.listDisclosureSettings_smk_check_results" name="check_results"/>
    <testcase time="0.00100000000020373" classname="ds.listDisclosureSettings_smk_check_results" name="check_results"/>
    <testcase time="0.00199999999995271" classname="ds.listDisclosureSettings_smk_check_results" name="check_results"/>
    <testcase time="0.000999999999748979" classname="ds.listDisclosureSettings_smk_check_results" name="check_results"/>
    <testcase time="0.00100000000020373" classname="ds.listDisclosureSettings_smk_check_results" name="check_results"/>
    <testcase time="0.000999999999748979" classname="ds.listDisclosureSettings_smk_check_results" name="check_results"/>
    <testcase time="0.00199999999995271" classname="ds.listDisclosureSettings_smk_check_results" name="check_results"/>
    <testcase time="0.00100000000020373" classname="ds.listDisclosureSettings_smk_check_results" name="check_results"/>
    <testcase time="0.00100000000020373" classname="ds.listDisclosureSettings_smk_check_results" name="check_results"/>
    <testcase time="0.000999999999748979" classname="ds.listDisclosureSettings_smk_check_results" name="check_results"/>
    <testcase time="0.00199999999995271" classname="ds.listDisclosureSettings_smk_check_results" name="check_results"/>
    <testcase time="0.00100000000020373" classname="ds.listDisclosureSettings_smk_check_results" name="check_results"/>
    <testcase time="0.000999999999748979" classname="ds.listDisclosureSettings_smk_check_results" name="check_results"/>
    <testcase time="0.00100000000020373" classname="ds.listDisclosureSettings_smk_check_results" name="check_results"/>
    <testcase time="0.00199999999995271" classname="ds.listDisclosureSettings_smk_check_results" name="check_results"/>
    <testcase time="0.00100000000020373" classname="ds.listDisclosureSettings_smk_check_results" name="check_results"/>
    <testcase time="0.000999999999748979" classname="ds.listDisclosureSettings_smk_check_results" name="check_results"/>
    <testcase time="0.00100000000020373" classname="ds.listDisclosureSettings_smk_check_results" name="check_results"/>
    <testcase time="0.00199999999995271" classname="ds.listDisclosureSettings_smk_check_results" name="check_results"/>
    <testcase time="0.000999999999748979" classname="ds.listDisclosureSettings_smk_check_results" name="check_results"/>
    <testcase time="0.00100000000020373" classname="ds.listDisclosureSettings_smk_check_results" name="check_results"/>
    <testcase time="0.00199999999995271" classname="ds.listDisclosureSettings_smk_check_results" name="check_results"/>
    <testcase time="0.000999999999748979" classname="ds.listDisclosureSettings_smk_check_results" name="check_results"/>
    <testcase time="0.00100000000020373" classname="ds.listDisclosureSettings_smk_check_results" name="check_results"/>
    <testcase time="0.00100000000020373" classname="ds.listDisclosureSettings_smk_check_results" name="check_results"/>
    <testcase time="0.00199999999995271" classname="ds.listDisclosureSettings_smk_check_results" name="check_results"/>
    <testcase time="0.000999999999748979" classname="ds.listDisclosureSettings_smk_check_results" name="check_results"/>
    <testcase time="0.00100000000020373" classname="ds.listDisclosureSettings_smk_check_results" name="check_results"/>
    <testcase time="0.00199999999995271" classname="ds.listDisclosureSettings_smk_check_results" name="check_results"/>
    <testcase time="0.000999999999748979" classname="ds.listDisclosureSettings_smk_check_results" name="check_results"/>
    <testcase time="0.00100000000020373" classname="ds.listDisclosureSettings_smk_check_results" name="check_results"/>
    <testcase time="0.00100000000020373" classname="ds.listDisclosureSettings_smk_check_results" name="check_results"/>
    <testcase time="0.00199999999995271" classname="ds.listDisclosureSettings_smk_check_results" name="check_results"/>
    <testcase time="0.000999999999748979" classname="ds.listDisclosureSettings_smk_check_results" name="check_results"/>
  </testsuite>
  <testsuite name="ds.listDisclosureSettings::smk::shutdown" timestamp="2025-09-19T12:12:12Z" hostname="runnervmf4ws1" tests="3" skipped="0" failures="0" errors="0" time="0.056">
    <testcase time="0.0529999999998836" classname="ds.listDisclosureSettings_smk_shutdown" name="shutdown"/>
    <testcase time="0.00200000000040745" classname="ds.listDisclosureSettings_smk_shutdown" name="shutdown"/>
    <testcase time="0.000999999999748979" classname="ds.listDisclosureSettings_smk_shutdown" name="shutdown"/>
  </testsuite>
  <testsuite name="ds.listDisclosureSettings::smk::down" timestamp="2025-09-19T12:12:12Z" hostname="runnervmf4ws1" tests="0" skipped="0" failures="0" errors="0" time="0"/>
  <testsuite name="smk-ds.listServersideFunctions" timestamp="2025-09-19T12:12:12Z" hostname="runnervmf4ws1" tests="0" skipped="0" failures="0" errors="0" time="0"/>
  <testsuite name="ds.listServersideFunctions::smk::check results" timestamp="2025-09-19T12:12:20Z" hostname="runnervmf4ws1" tests="448" skipped="0" failures="0" errors="0" time="9.038">
    <testcase time="7.49299999999994" classname="ds.listServersideFunctions_smk_check_results" name="check_results"/>
    <testcase time="0.00100000000020373" classname="ds.listServersideFunctions_smk_check_results" name="check_results"/>
    <testcase time="0.000999999999748979" classname="ds.listServersideFunctions_smk_check_results" name="check_results"/>
    <testcase time="0.00100000000020373" classname="ds.listServersideFunctions_smk_check_results" name="check_results"/>
    <testcase time="0.00300000000015643" classname="ds.listServersideFunctions_smk_check_results" name="check_results"/>
    <testcase time="0.00299999999970169" classname="ds.listServersideFunctions_smk_check_results" name="check_results"/>
    <testcase time="0.00199999999995271" classname="ds.listServersideFunctions_smk_check_results" name="check_results"/>
    <testcase time="0.00300000000015643" classname="ds.listServersideFunctions_smk_check_results" name="check_results"/>
    <testcase time="0.00199999999995271" classname="ds.listServersideFunctions_smk_check_results" name="check_results"/>
    <testcase time="0.00300000000015643" classname="ds.listServersideFunctions_smk_check_results" name="check_results"/>
    <testcase time="0.00299999999970169" classname="ds.listServersideFunctions_smk_check_results" name="check_results"/>
    <testcase time="0.00200000000040745" classname="ds.listServersideFunctions_smk_check_results" name="check_results"/>
    <testcase time="0.00299999999970169" classname="ds.listServersideFunctions_smk_check_results" name="check_results"/>
    <testcase time="0.00199999999995271" classname="ds.listServersideFunctions_smk_check_results" name="check_results"/>
    <testcase time="0.00300000000015643" classname="ds.listServersideFunctions_smk_check_results" name="check_results"/>
    <testcase time="0.00300000000015643" classname="ds.listServersideFunctions_smk_check_results" name="check_results"/>
    <testcase time="0.00199999999995271" classname="ds.listServersideFunctions_smk_check_results" name="check_results"/>
    <testcase time="0.00299999999970169" classname="ds.listServersideFunctions_smk_check_results" name="check_results"/>
    <testcase time="0.00300000000015643" classname="ds.listServersideFunctions_smk_check_results" name="check_results"/>
    <testcase time="0.00199999999995271" classname="ds.listServersideFunctions_smk_check_results" name="check_results"/>
    <testcase time="0.00300000000015643" classname="ds.listServersideFunctions_smk_check_results" name="check_results"/>
    <testcase time="0.00199999999995271" classname="ds.listServersideFunctions_smk_check_results" name="check_results"/>
    <testcase time="0.00300000000015643" classname="ds.listServersideFunctions_smk_check_results" name="check_results"/>
    <testcase time="0.00199999999995271" classname="ds.listServersideFunctions_smk_check_results" name="check_results"/>
    <testcase time="0.00299999999970169" classname="ds.listServersideFunctions_smk_check_results" name="check_results"/>
    <testcase time="0.00199999999995271" classname="ds.listServersideFunctions_smk_check_results" name="check_results"/>
    <testcase time="0.00199999999995271" classname="ds.listServersideFunctions_smk_check_results" name="check_results"/>
    <testcase time="0.00300000000015643" classname="ds.listServersideFunctions_smk_check_results" name="check_results"/>
    <testcase time="0.00900000000001455" classname="ds.listServersideFunctions_smk_check_results" name="check_results"/>
    <testcase time="0.00299999999970169" classname="ds.listServersideFunctions_smk_check_results" name="check_results"/>
    <testcase time="0.00300000000015643" classname="ds.listServersideFunctions_smk_check_results" name="check_results"/>
    <testcase time="0.00199999999995271" classname="ds.listServersideFunctions_smk_check_results" name="check_results"/>
    <testcase time="0.00300000000015643" classname="ds.listServersideFunctions_smk_check_results" name="check_results"/>
    <testcase time="0.00199999999995271" classname="ds.listServersideFunctions_smk_check_results" name="check_results"/>
    <testcase time="0.00300000000015643" classname="ds.listServersideFunctions_smk_check_results" name="check_results"/>
    <testcase time="0.00299999999970169" classname="ds.listServersideFunctions_smk_check_results" name="check_results"/>
    <testcase time="0.00199999999995271" classname="ds.listServersideFunctions_smk_check_results" name="check_results"/>
    <testcase time="0.00300000000015643" classname="ds.listServersideFunctions_smk_check_results" name="check_results"/>
    <testcase time="0.00300000000015643" classname="ds.listServersideFunctions_smk_check_results" name="check_results"/>
    <testcase time="0.00199999999995271" classname="ds.listServersideFunctions_smk_check_results" name="check_results"/>
    <testcase time="0.00299999999970169" classname="ds.listServersideFunctions_smk_check_results" name="check_results"/>
    <testcase time="0.00199999999995271" classname="ds.listServersideFunctions_smk_check_results" name="check_results"/>
    <testcase time="0.00300000000015643" classname="ds.listServersideFunctions_smk_check_results" name="check_results"/>
    <testcase time="0.00300000000015643" classname="ds.listServersideFunctions_smk_check_results" name="check_results"/>
    <testcase time="0.00199999999995271" classname="ds.listServersideFunctions_smk_check_results" name="check_results"/>
    <testcase time="0.00300000000015643" classname="ds.listServersideFunctions_smk_check_results" name="check_results"/>
    <testcase time="0.00299999999970169" classname="ds.listServersideFunctions_smk_check_results" name="check_results"/>
    <testcase time="0.00199999999995271" classname="ds.listServersideFunctions_smk_check_results" name="check_results"/>
    <testcase time="0.00300000000015643" classname="ds.listServersideFunctions_smk_check_results" name="check_results"/>
    <testcase time="0.00300000000015643" classname="ds.listServersideFunctions_smk_check_results" name="check_results"/>
    <testcase time="0.00199999999995271" classname="ds.listServersideFunctions_smk_check_results" name="check_results"/>
    <testcase time="0.00299999999970169" classname="ds.listServersideFunctions_smk_check_results" name="check_results"/>
    <testcase time="0.00300000000015643" classname="ds.listServersideFunctions_smk_check_results" name="check_results"/>
    <testcase time="0.00199999999995271" classname="ds.listServersideFunctions_smk_check_results" name="check_results"/>
    <testcase time="0.00300000000015643" classname="ds.listServersideFunctions_smk_check_results" name="check_results"/>
    <testcase time="0.00299999999970169" classname="ds.listServersideFunctions_smk_check_results" name="check_results"/>
    <testcase time="0.00200000000040745" classname="ds.listServersideFunctions_smk_check_results" name="check_results"/>
    <testcase time="0.00299999999970169" classname="ds.listServersideFunctions_smk_check_results" name="check_results"/>
    <testcase time="0.00300000000015643" classname="ds.listServersideFunctions_smk_check_results" name="check_results"/>
    <testcase time="0.00299999999970169" classname="ds.listServersideFunctions_smk_check_results" name="check_results"/>
    <testcase time="0.00200000000040745" classname="ds.listServersideFunctions_smk_check_results" name="check_results"/>
    <testcase time="0.00299999999970169" classname="ds.listServersideFunctions_smk_check_results" name="check_results"/>
    <testcase time="0.00300000000015643" classname="ds.listServersideFunctions_smk_check_results" name="check_results"/>
    <testcase time="0.00199999999995271" classname="ds.listServersideFunctions_smk_check_results" name="check_results"/>
    <testcase time="0.00300000000015643" classname="ds.listServersideFunctions_smk_check_results" name="check_results"/>
    <testcase time="0.00299999999970169" classname="ds.listServersideFunctions_smk_check_results" name="check_results"/>
    <testcase time="0.00199999999995271" classname="ds.listServersideFunctions_smk_check_results" name="check_results"/>
    <testcase time="0.00300000000015643" classname="ds.listServersideFunctions_smk_check_results" name="check_results"/>
    <testcase time="0.00300000000015643" classname="ds.listServersideFunctions_smk_check_results" name="check_results"/>
    <testcase time="0.00299999999970169" classname="ds.listServersideFunctions_smk_check_results" name="check_results"/>
    <testcase time="0.00199999999995271" classname="ds.listServersideFunctions_smk_check_results" name="check_results"/>
    <testcase time="0.00300000000015643" classname="ds.listServersideFunctions_smk_check_results" name="check_results"/>
    <testcase time="0.00300000000015643" classname="ds.listServersideFunctions_smk_check_results" name="check_results"/>
    <testcase time="0.00299999999970169" classname="ds.listServersideFunctions_smk_check_results" name="check_results"/>
    <testcase time="0.00200000000040745" classname="ds.listServersideFunctions_smk_check_results" name="check_results"/>
    <testcase time="0.00299999999970169" classname="ds.listServersideFunctions_smk_check_results" name="check_results"/>
    <testcase time="0.00300000000015643" classname="ds.listServersideFunctions_smk_check_results" name="check_results"/>
    <testcase time="0.00300000000015643" classname="ds.listServersideFunctions_smk_check_results" name="check_results"/>
    <testcase time="0.00199999999995271" classname="ds.listServersideFunctions_smk_check_results" name="check_results"/>
    <testcase time="0.00299999999970169" classname="ds.listServersideFunctions_smk_check_results" name="check_results"/>
    <testcase time="0.00300000000015643" classname="ds.listServersideFunctions_smk_check_results" name="check_results"/>
    <testcase time="0.00300000000015643" classname="ds.listServersideFunctions_smk_check_results" name="check_results"/>
    <testcase time="0.00199999999995271" classname="ds.listServersideFunctions_smk_check_results" name="check_results"/>
    <testcase time="0.00299999999970169" classname="ds.listServersideFunctions_smk_check_results" name="check_results"/>
    <testcase time="0.00300000000015643" classname="ds.listServersideFunctions_smk_check_results" name="check_results"/>
    <testcase time="0.00300000000015643" classname="ds.listServersideFunctions_smk_check_results" name="check_results"/>
    <testcase time="0.00299999999970169" classname="ds.listServersideFunctions_smk_check_results" name="check_results"/>
    <testcase time="0.00300000000015643" classname="ds.listServersideFunctions_smk_check_results" name="check_results"/>
    <testcase time="0.00300000000015643" classname="ds.listServersideFunctions_smk_check_results" name="check_results"/>
    <testcase time="0.00299999999970169" classname="ds.listServersideFunctions_smk_check_results" name="check_results"/>
    <testcase time="0.00300000000015643" classname="ds.listServersideFunctions_smk_check_results" name="check_results"/>
    <testcase time="0.00199999999995271" classname="ds.listServersideFunctions_smk_check_results" name="check_results"/>
    <testcase time="0.0100000000002183" classname="ds.listServersideFunctions_smk_check_results" name="check_results"/>
    <testcase time="0.00199999999995271" classname="ds.listServersideFunctions_smk_check_results" name="check_results"/>
    <testcase time="0.00299999999970169" classname="ds.listServersideFunctions_smk_check_results" name="check_results"/>
    <testcase time="0.00300000000015643" classname="ds.listServersideFunctions_smk_check_results" name="check_results"/>
    <testcase time="0.00300000000015643" classname="ds.listServersideFunctions_smk_check_results" name="check_results"/>
    <testcase time="0.00299999999970169" classname="ds.listServersideFunctions_smk_check_results" name="check_results"/>
    <testcase time="0.00300000000015643" classname="ds.listServersideFunctions_smk_check_results" name="check_results"/>
    <testcase time="0.00300000000015643" classname="ds.listServersideFunctions_smk_check_results" name="check_results"/>
    <testcase time="0.00199999999995271" classname="ds.listServersideFunctions_smk_check_results" name="check_results"/>
    <testcase time="0.00299999999970169" classname="ds.listServersideFunctions_smk_check_results" name="check_results"/>
    <testcase time="0.00300000000015643" classname="ds.listServersideFunctions_smk_check_results" name="check_results"/>
    <testcase time="0.00300000000015643" classname="ds.listServersideFunctions_smk_check_results" name="check_results"/>
    <testcase time="0.00299999999970169" classname="ds.listServersideFunctions_smk_check_results" name="check_results"/>
    <testcase time="0.00300000000015643" classname="ds.listServersideFunctions_smk_check_results" name="check_results"/>
    <testcase time="0.00199999999995271" classname="ds.listServersideFunctions_smk_check_results" name="check_results"/>
    <testcase time="0.00300000000015643" classname="ds.listServersideFunctions_smk_check_results" name="check_results"/>
    <testcase time="0.00299999999970169" classname="ds.listServersideFunctions_smk_check_results" name="check_results"/>
    <testcase time="0.00300000000015643" classname="ds.listServersideFunctions_smk_check_results" name="check_results"/>
    <testcase time="0.00300000000015643" classname="ds.listServersideFunctions_smk_check_results" name="check_results"/>
    <testcase time="0.00299999999970169" classname="ds.listServersideFunctions_smk_check_results" name="check_results"/>
    <testcase time="0.00300000000015643" classname="ds.listServersideFunctions_smk_check_results" name="check_results"/>
    <testcase time="0.00300000000015643" classname="ds.listServersideFunctions_smk_check_results" name="check_results"/>
    <testcase time="0.00299999999970169" classname="ds.listServersideFunctions_smk_check_results" name="check_results"/>
    <testcase time="0.00300000000015643" classname="ds.listServersideFunctions_smk_check_results" name="check_results"/>
    <testcase time="0.00199999999995271" classname="ds.listServersideFunctions_smk_check_results" name="check_results"/>
    <testcase time="0.00300000000015643" classname="ds.listServersideFunctions_smk_check_results" name="check_results"/>
    <testcase time="0.00299999999970169" classname="ds.listServersideFunctions_smk_check_results" name="check_results"/>
    <testcase time="0.00300000000015643" classname="ds.listServersideFunctions_smk_check_results" name="check_results"/>
    <testcase time="0.00300000000015643" classname="ds.listServersideFunctions_smk_check_results" name="check_results"/>
    <testcase time="0.00299999999970169" classname="ds.listServersideFunctions_smk_check_results" name="check_results"/>
    <testcase time="0.00300000000015643" classname="ds.listServersideFunctions_smk_check_results" name="check_results"/>
    <testcase time="0.00300000000015643" classname="ds.listServersideFunctions_smk_check_results" name="check_results"/>
    <testcase time="0.00299999999970169" classname="ds.listServersideFunctions_smk_check_results" name="check_results"/>
    <testcase time="0.00300000000015643" classname="ds.listServersideFunctions_smk_check_results" name="check_results"/>
    <testcase time="0.00300000000015643" classname="ds.listServersideFunctions_smk_check_results" name="check_results"/>
    <testcase time="0.00299999999970169" classname="ds.listServersideFunctions_smk_check_results" name="check_results"/>
    <testcase time="0.00300000000015643" classname="ds.listServersideFunctions_smk_check_results" name="check_results"/>
    <testcase time="0.00199999999995271" classname="ds.listServersideFunctions_smk_check_results" name="check_results"/>
    <testcase time="0.00300000000015643" classname="ds.listServersideFunctions_smk_check_results" name="check_results"/>
    <testcase time="0.00299999999970169" classname="ds.listServersideFunctions_smk_check_results" name="check_results"/>
    <testcase time="0.00300000000015643" classname="ds.listServersideFunctions_smk_check_results" name="check_results"/>
    <testcase time="0.00300000000015643" classname="ds.listServersideFunctions_smk_check_results" name="check_results"/>
    <testcase time="0.00299999999970169" classname="ds.listServersideFunctions_smk_check_results" name="check_results"/>
    <testcase time="0.00300000000015643" classname="ds.listServersideFunctions_smk_check_results" name="check_results"/>
    <testcase time="0.00300000000015643" classname="ds.listServersideFunctions_smk_check_results" name="check_results"/>
    <testcase time="0.00299999999970169" classname="ds.listServersideFunctions_smk_check_results" name="check_results"/>
    <testcase time="0.00300000000015643" classname="ds.listServersideFunctions_smk_check_results" name="check_results"/>
    <testcase time="0.00300000000015643" classname="ds.listServersideFunctions_smk_check_results" name="check_results"/>
    <testcase time="0.00299999999970169" classname="ds.listServersideFunctions_smk_check_results" name="check_results"/>
    <testcase time="0.00300000000015643" classname="ds.listServersideFunctions_smk_check_results" name="check_results"/>
    <testcase time="0.00300000000015643" classname="ds.listServersideFunctions_smk_check_results" name="check_results"/>
    <testcase time="0.00399999999990541" classname="ds.listServersideFunctions_smk_check_results" name="check_results"/>
    <testcase time="0.00299999999970169" classname="ds.listServersideFunctions_smk_check_results" name="check_results"/>
    <testcase time="0.00300000000015643" classname="ds.listServersideFunctions_smk_check_results" name="check_results"/>
    <testcase time="0.00300000000015643" classname="ds.listServersideFunctions_smk_check_results" name="check_results"/>
    <testcase time="0.00299999999970169" classname="ds.listServersideFunctions_smk_check_results" name="check_results"/>
    <testcase time="0.0100000000002183" classname="ds.listServersideFunctions_smk_check_results" name="check_results"/>
    <testcase time="0.00300000000015643" classname="ds.listServersideFunctions_smk_check_results" name="check_results"/>
    <testcase time="0.00299999999970169" classname="ds.listServersideFunctions_smk_check_results" name="check_results"/>
    <testcase time="0.00300000000015643" classname="ds.listServersideFunctions_smk_check_results" name="check_results"/>
    <testcase time="0.00300000000015643" classname="ds.listServersideFunctions_smk_check_results" name="check_results"/>
    <testcase time="0.00299999999970169" classname="ds.listServersideFunctions_smk_check_results" name="check_results"/>
    <testcase time="0.00300000000015643" classname="ds.listServersideFunctions_smk_check_results" name="check_results"/>
    <testcase time="0.00300000000015643" classname="ds.listServersideFunctions_smk_check_results" name="check_results"/>
    <testcase time="0.00299999999970169" classname="ds.listServersideFunctions_smk_check_results" name="check_results"/>
    <testcase time="0.00300000000015643" classname="ds.listServersideFunctions_smk_check_results" name="check_results"/>
    <testcase time="0.00300000000015643" classname="ds.listServersideFunctions_smk_check_results" name="check_results"/>
    <testcase time="0.00299999999970169" classname="ds.listServersideFunctions_smk_check_results" name="check_results"/>
    <testcase time="0.00300000000015643" classname="ds.listServersideFunctions_smk_check_results" name="check_results"/>
    <testcase time="0.00300000000015643" classname="ds.listServersideFunctions_smk_check_results" name="check_results"/>
    <testcase time="0.00299999999970169" classname="ds.listServersideFunctions_smk_check_results" name="check_results"/>
    <testcase time="0.00300000000015643" classname="ds.listServersideFunctions_smk_check_results" name="check_results"/>
    <testcase time="0.00299999999970169" classname="ds.listServersideFunctions_smk_check_results" name="check_results"/>
    <testcase time="0.00300000000015643" classname="ds.listServersideFunctions_smk_check_results" name="check_results"/>
    <testcase time="0.00300000000015643" classname="ds.listServersideFunctions_smk_check_results" name="check_results"/>
    <testcase time="0.00299999999970169" classname="ds.listServersideFunctions_smk_check_results" name="check_results"/>
    <testcase time="0.00300000000015643" classname="ds.listServersideFunctions_smk_check_results" name="check_results"/>
    <testcase time="0.00300000000015643" classname="ds.listServersideFunctions_smk_check_results" name="check_results"/>
    <testcase time="0.00299999999970169" classname="ds.listServersideFunctions_smk_check_results" name="check_results"/>
    <testcase time="0.00300000000015643" classname="ds.listServersideFunctions_smk_check_results" name="check_results"/>
    <testcase time="0.00300000000015643" classname="ds.listServersideFunctions_smk_check_results" name="check_results"/>
    <testcase time="0.00399999999990541" classname="ds.listServersideFunctions_smk_check_results" name="check_results"/>
    <testcase time="0.00300000000015643" classname="ds.listServersideFunctions_smk_check_results" name="check_results"/>
    <testcase time="0.00299999999970169" classname="ds.listServersideFunctions_smk_check_results" name="check_results"/>
    <testcase time="0.00300000000015643" classname="ds.listServersideFunctions_smk_check_results" name="check_results"/>
    <testcase time="0.00300000000015643" classname="ds.listServersideFunctions_smk_check_results" name="check_results"/>
    <testcase time="0.00299999999970169" classname="ds.listServersideFunctions_smk_check_results" name="check_results"/>
    <testcase time="0.00300000000015643" classname="ds.listServersideFunctions_smk_check_results" name="check_results"/>
    <testcase time="0.00300000000015643" classname="ds.listServersideFunctions_smk_check_results" name="check_results"/>
    <testcase time="0.00299999999970169" classname="ds.listServersideFunctions_smk_check_results" name="check_results"/>
    <testcase time="0.00300000000015643" classname="ds.listServersideFunctions_smk_check_results" name="check_results"/>
    <testcase time="0.00299999999970169" classname="ds.listServersideFunctions_smk_check_results" name="check_results"/>
    <testcase time="0.00400000000036016" classname="ds.listServersideFunctions_smk_check_results" name="check_results"/>
    <testcase time="0.00299999999970169" classname="ds.listServersideFunctions_smk_check_results" name="check_results"/>
    <testcase time="0.00300000000015643" classname="ds.listServersideFunctions_smk_check_results" name="check_results"/>
    <testcase time="0.00300000000015643" classname="ds.listServersideFunctions_smk_check_results" name="check_results"/>
    <testcase time="0.00299999999970169" classname="ds.listServersideFunctions_smk_check_results" name="check_results"/>
    <testcase time="0.00300000000015643" classname="ds.listServersideFunctions_smk_check_results" name="check_results"/>
    <testcase time="0.00300000000015643" classname="ds.listServersideFunctions_smk_check_results" name="check_results"/>
    <testcase time="0.00399999999990541" classname="ds.listServersideFunctions_smk_check_results" name="check_results"/>
    <testcase time="0.00299999999970169" classname="ds.listServersideFunctions_smk_check_results" name="check_results"/>
    <testcase time="0.00300000000015643" classname="ds.listServersideFunctions_smk_check_results" name="check_results"/>
    <testcase time="0.00300000000015643" classname="ds.listServersideFunctions_smk_check_results" name="check_results"/>
    <testcase time="0.00399999999990541" classname="ds.listServersideFunctions_smk_check_results" name="check_results"/>
    <testcase time="0.00300000000015643" classname="ds.listServersideFunctions_smk_check_results" name="check_results"/>
    <testcase time="0.00299999999970169" classname="ds.listServersideFunctions_smk_check_results" name="check_results"/>
    <testcase time="0.0100000000002183" classname="ds.listServersideFunctions_smk_check_results" name="check_results"/>
    <testcase time="0.00300000000015643" classname="ds.listServersideFunctions_smk_check_results" name="check_results"/>
    <testcase time="0.00399999999990541" classname="ds.listServersideFunctions_smk_check_results" name="check_results"/>
    <testcase time="0.00299999999970169" classname="ds.listServersideFunctions_smk_check_results" name="check_results"/>
    <testcase time="0.00300000000015643" classname="ds.listServersideFunctions_smk_check_results" name="check_results"/>
    <testcase time="0.00399999999990541" classname="ds.listServersideFunctions_smk_check_results" name="check_results"/>
    <testcase time="0.00300000000015643" classname="ds.listServersideFunctions_smk_check_results" name="check_results"/>
    <testcase time="0.00300000000015643" classname="ds.listServersideFunctions_smk_check_results" name="check_results"/>
    <testcase time="0.00299999999970169" classname="ds.listServersideFunctions_smk_check_results" name="check_results"/>
    <testcase time="0.00300000000015643" classname="ds.listServersideFunctions_smk_check_results" name="check_results"/>
    <testcase time="0.00300000000015643" classname="ds.listServersideFunctions_smk_check_results" name="check_results"/>
    <testcase time="0.00399999999990541" classname="ds.listServersideFunctions_smk_check_results" name="check_results"/>
    <testcase time="0.00299999999970169" classname="ds.listServersideFunctions_smk_check_results" name="check_results"/>
    <testcase time="0.00300000000015643" classname="ds.listServersideFunctions_smk_check_results" name="check_results"/>
    <testcase time="0.00300000000015643" classname="ds.listServersideFunctions_smk_check_results" name="check_results"/>
    <testcase time="0.00399999999990541" classname="ds.listServersideFunctions_smk_check_results" name="check_results"/>
    <testcase time="0.00300000000015643" classname="ds.listServersideFunctions_smk_check_results" name="check_results"/>
    <testcase time="0.00299999999970169" classname="ds.listServersideFunctions_smk_check_results" name="check_results"/>
    <testcase time="0.00300000000015643" classname="ds.listServersideFunctions_smk_check_results" name="check_results"/>
    <testcase time="0.00300000000015643" classname="ds.listServersideFunctions_smk_check_results" name="check_results"/>
    <testcase time="0.00399999999990541" classname="ds.listServersideFunctions_smk_check_results" name="check_results"/>
    <testcase time="0.00299999999970169" classname="ds.listServersideFunctions_smk_check_results" name="check_results"/>
    <testcase time="0.00300000000015643" classname="ds.listServersideFunctions_smk_check_results" name="check_results"/>
    <testcase time="0.00300000000015643" classname="ds.listServersideFunctions_smk_check_results" name="check_results"/>
    <testcase time="0.00399999999990541" classname="ds.listServersideFunctions_smk_check_results" name="check_results"/>
    <testcase time="0.00300000000015643" classname="ds.listServersideFunctions_smk_check_results" name="check_results"/>
    <testcase time="0.00299999999970169" classname="ds.listServersideFunctions_smk_check_results" name="check_results"/>
    <testcase time="0.00300000000015643" classname="ds.listServersideFunctions_smk_check_results" name="check_results"/>
    <testcase time="0.00399999999990541" classname="ds.listServersideFunctions_smk_check_results" name="check_results"/>
    <testcase time="0.00300000000015643" classname="ds.listServersideFunctions_smk_check_results" name="check_results"/>
    <testcase time="0.00299999999970169" classname="ds.listServersideFunctions_smk_check_results" name="check_results"/>
    <testcase time="0.00400000000036016" classname="ds.listServersideFunctions_smk_check_results" name="check_results"/>
    <testcase time="0.00299999999970169" classname="ds.listServersideFunctions_smk_check_results" name="check_results"/>
    <testcase time="0.00300000000015643" classname="ds.listServersideFunctions_smk_check_results" name="check_results"/>
    <testcase time="0.00399999999990541" classname="ds.listServersideFunctions_smk_check_results" name="check_results"/>
    <testcase time="0.00300000000015643" classname="ds.listServersideFunctions_smk_check_results" name="check_results"/>
    <testcase time="0.00299999999970169" classname="ds.listServersideFunctions_smk_check_results" name="check_results"/>
    <testcase time="0.00300000000015643" classname="ds.listServersideFunctions_smk_check_results" name="check_results"/>
    <testcase time="0.00399999999990541" classname="ds.listServersideFunctions_smk_check_results" name="check_results"/>
    <testcase time="0.00300000000015643" classname="ds.listServersideFunctions_smk_check_results" name="check_results"/>
    <testcase time="0.00300000000015643" classname="ds.listServersideFunctions_smk_check_results" name="check_results"/>
    <testcase time="0.00399999999990541" classname="ds.listServersideFunctions_smk_check_results" name="check_results"/>
    <testcase time="0.00299999999970169" classname="ds.listServersideFunctions_smk_check_results" name="check_results"/>
    <testcase time="0.00400000000036016" classname="ds.listServersideFunctions_smk_check_results" name="check_results"/>
    <testcase time="0.00299999999970169" classname="ds.listServersideFunctions_smk_check_results" name="check_results"/>
    <testcase time="0.00300000000015643" classname="ds.listServersideFunctions_smk_check_results" name="check_results"/>
    <testcase time="0.00399999999990541" classname="ds.listServersideFunctions_smk_check_results" name="check_results"/>
    <testcase time="0.0140000000001237" classname="ds.listServersideFunctions_smk_check_results" name="check_results"/>
    <testcase time="0.00300000000015643" classname="ds.listServersideFunctions_smk_check_results" name="check_results"/>
    <testcase time="0.00299999999970169" classname="ds.listServersideFunctions_smk_check_results" name="check_results"/>
    <testcase time="0.00399999999990541" classname="ds.listServersideFunctions_smk_check_results" name="check_results"/>
    <testcase time="0.00300000000015643" classname="ds.listServersideFunctions_smk_check_results" name="check_results"/>
    <testcase time="0.00300000000015643" classname="ds.listServersideFunctions_smk_check_results" name="check_results"/>
    <testcase time="0.00399999999990541" classname="ds.listServersideFunctions_smk_check_results" name="check_results"/>
    <testcase time="0.00300000000015643" classname="ds.listServersideFunctions_smk_check_results" name="check_results"/>
    <testcase time="0.00299999999970169" classname="ds.listServersideFunctions_smk_check_results" name="check_results"/>
    <testcase time="0.00399999999990541" classname="ds.listServersideFunctions_smk_check_results" name="check_results"/>
    <testcase time="0.00300000000015643" classname="ds.listServersideFunctions_smk_check_results" name="check_results"/>
    <testcase time="0.00300000000015643" classname="ds.listServersideFunctions_smk_check_results" name="check_results"/>
    <testcase time="0.00399999999990541" classname="ds.listServersideFunctions_smk_check_results" name="check_results"/>
    <testcase time="0.00300000000015643" classname="ds.listServersideFunctions_smk_check_results" name="check_results"/>
    <testcase time="0.00399999999990541" classname="ds.listServersideFunctions_smk_check_results" name="check_results"/>
    <testcase time="0.00300000000015643" classname="ds.listServersideFunctions_smk_check_results" name="check_results"/>
    <testcase time="0.00299999999970169" classname="ds.listServersideFunctions_smk_check_results" name="check_results"/>
    <testcase time="0.00399999999990541" classname="ds.listServersideFunctions_smk_check_results" name="check_results"/>
    <testcase time="0.00300000000015643" classname="ds.listServersideFunctions_smk_check_results" name="check_results"/>
    <testcase time="0.00399999999990541" classname="ds.listServersideFunctions_smk_check_results" name="check_results"/>
    <testcase time="0.00300000000015643" classname="ds.listServersideFunctions_smk_check_results" name="check_results"/>
    <testcase time="0.00399999999990541" classname="ds.listServersideFunctions_smk_check_results" name="check_results"/>
    <testcase time="0.00300000000015643" classname="ds.listServersideFunctions_smk_check_results" name="check_results"/>
    <testcase time="0.00299999999970169" classname="ds.listServersideFunctions_smk_check_results" name="check_results"/>
    <testcase time="0.00400000000036016" classname="ds.listServersideFunctions_smk_check_results" name="check_results"/>
    <testcase time="0.00299999999970169" classname="ds.listServersideFunctions_smk_check_results" name="check_results"/>
    <testcase time="0.00400000000036016" classname="ds.listServersideFunctions_smk_check_results" name="check_results"/>
    <testcase time="0.00299999999970169" classname="ds.listServersideFunctions_smk_check_results" name="check_results"/>
    <testcase time="0.00399999999990541" classname="ds.listServersideFunctions_smk_check_results" name="check_results"/>
    <testcase time="0.00300000000015643" classname="ds.listServersideFunctions_smk_check_results" name="check_results"/>
    <testcase time="0.00399999999990541" classname="ds.listServersideFunctions_smk_check_results" name="check_results"/>
    <testcase time="0.00300000000015643" classname="ds.listServersideFunctions_smk_check_results" name="check_results"/>
    <testcase time="0.00399999999990541" classname="ds.listServersideFunctions_smk_check_results" name="check_results"/>
    <testcase time="0.00300000000015643" classname="ds.listServersideFunctions_smk_check_results" name="check_results"/>
    <testcase time="0.00399999999990541" classname="ds.listServersideFunctions_smk_check_results" name="check_results"/>
    <testcase time="0.00300000000015643" classname="ds.listServersideFunctions_smk_check_results" name="check_results"/>
    <testcase time="0.00299999999970169" classname="ds.listServersideFunctions_smk_check_results" name="check_results"/>
    <testcase time="0.00399999999990541" classname="ds.listServersideFunctions_smk_check_results" name="check_results"/>
    <testcase time="0.00300000000015643" classname="ds.listServersideFunctions_smk_check_results" name="check_results"/>
    <testcase time="0.00399999999990541" classname="ds.listServersideFunctions_smk_check_results" name="check_results"/>
    <testcase time="0.00400000000036016" classname="ds.listServersideFunctions_smk_check_results" name="check_results"/>
    <testcase time="0.00299999999970169" classname="ds.listServersideFunctions_smk_check_results" name="check_results"/>
    <testcase time="0.00399999999990541" classname="ds.listServersideFunctions_smk_check_results" name="check_results"/>
    <testcase time="0.0100000000002183" classname="ds.listServersideFunctions_smk_check_results" name="check_results"/>
    <testcase time="0.00399999999990541" classname="ds.listServersideFunctions_smk_check_results" name="check_results"/>
    <testcase time="0.00399999999990541" classname="ds.listServersideFunctions_smk_check_results" name="check_results"/>
    <testcase time="0.00300000000015643" classname="ds.listServersideFunctions_smk_check_results" name="check_results"/>
    <testcase time="0.00399999999990541" classname="ds.listServersideFunctions_smk_check_results" name="check_results"/>
    <testcase time="0.00399999999990541" classname="ds.listServersideFunctions_smk_check_results" name="check_results"/>
    <testcase time="0.00400000000036016" classname="ds.listServersideFunctions_smk_check_results" name="check_results"/>
    <testcase time="0.00399999999990541" classname="ds.listServersideFunctions_smk_check_results" name="check_results"/>
    <testcase time="0.00399999999990541" classname="ds.listServersideFunctions_smk_check_results" name="check_results"/>
    <testcase time="0.00399999999990541" classname="ds.listServersideFunctions_smk_check_results" name="check_results"/>
    <testcase time="0.00399999999990541" classname="ds.listServersideFunctions_smk_check_results" name="check_results"/>
    <testcase time="0.00400000000036016" classname="ds.listServersideFunctions_smk_check_results" name="check_results"/>
    <testcase time="0.00299999999970169" classname="ds.listServersideFunctions_smk_check_results" name="check_results"/>
    <testcase time="0.00400000000036016" classname="ds.listServersideFunctions_smk_check_results" name="check_results"/>
    <testcase time="0.00399999999990541" classname="ds.listServersideFunctions_smk_check_results" name="check_results"/>
    <testcase time="0.00299999999970169" classname="ds.listServersideFunctions_smk_check_results" name="check_results"/>
    <testcase time="0.00400000000036016" classname="ds.listServersideFunctions_smk_check_results" name="check_results"/>
    <testcase time="0.00399999999990541" classname="ds.listServersideFunctions_smk_check_results" name="check_results"/>
    <testcase time="0.00299999999970169" classname="ds.listServersideFunctions_smk_check_results" name="check_results"/>
    <testcase time="0.00400000000036016" classname="ds.listServersideFunctions_smk_check_results" name="check_results"/>
    <testcase time="0.00399999999990541" classname="ds.listServersideFunctions_smk_check_results" name="check_results"/>
    <testcase time="0.00300000000015643" classname="ds.listServersideFunctions_smk_check_results" name="check_results"/>
    <testcase time="0.00399999999990541" classname="ds.listServersideFunctions_smk_check_results" name="check_results"/>
    <testcase time="0.00299999999970169" classname="ds.listServersideFunctions_smk_check_results" name="check_results"/>
    <testcase time="0.00400000000036016" classname="ds.listServersideFunctions_smk_check_results" name="check_results"/>
    <testcase time="0.00299999999970169" classname="ds.listServersideFunctions_smk_check_results" name="check_results"/>
    <testcase time="0.00399999999990541" classname="ds.listServersideFunctions_smk_check_results" name="check_results"/>
    <testcase time="0.00400000000036016" classname="ds.listServersideFunctions_smk_check_results" name="check_results"/>
    <testcase time="0.00299999999970169" classname="ds.listServersideFunctions_smk_check_results" name="check_results"/>
    <testcase time="0.00400000000036016" classname="ds.listServersideFunctions_smk_check_results" name="check_results"/>
    <testcase time="0.00299999999970169" classname="ds.listServersideFunctions_smk_check_results" name="check_results"/>
    <testcase time="0.00399999999990541" classname="ds.listServersideFunctions_smk_check_results" name="check_results"/>
    <testcase time="0.00400000000036016" classname="ds.listServersideFunctions_smk_check_results" name="check_results"/>
    <testcase time="0.00299999999970169" classname="ds.listServersideFunctions_smk_check_results" name="check_results"/>
    <testcase time="0.00399999999990541" classname="ds.listServersideFunctions_smk_check_results" name="check_results"/>
    <testcase time="0.00300000000015643" classname="ds.listServersideFunctions_smk_check_results" name="check_results"/>
    <testcase time="0.00299999999970169" classname="ds.listServersideFunctions_smk_check_results" name="check_results"/>
    <testcase time="0.00400000000036016" classname="ds.listServersideFunctions_smk_check_results" name="check_results"/>
    <testcase time="0.00399999999990541" classname="ds.listServersideFunctions_smk_check_results" name="check_results"/>
    <testcase time="0.00399999999990541" classname="ds.listServersideFunctions_smk_check_results" name="check_results"/>
    <testcase time="0.00999999999976353" classname="ds.listServersideFunctions_smk_check_results" name="check_results"/>
    <testcase time="0.00400000000036016" classname="ds.listServersideFunctions_smk_check_results" name="check_results"/>
    <testcase time="0.00399999999990541" classname="ds.listServersideFunctions_smk_check_results" name="check_results"/>
    <testcase time="0.00300000000015643" classname="ds.listServersideFunctions_smk_check_results" name="check_results"/>
    <testcase time="0.00399999999990541" classname="ds.listServersideFunctions_smk_check_results" name="check_results"/>
    <testcase time="0.00399999999990541" classname="ds.listServersideFunctions_smk_check_results" name="check_results"/>
    <testcase time="0.00300000000015643" classname="ds.listServersideFunctions_smk_check_results" name="check_results"/>
    <testcase time="0.00399999999990541" classname="ds.listServersideFunctions_smk_check_results" name="check_results"/>
    <testcase time="0.00399999999990541" classname="ds.listServersideFunctions_smk_check_results" name="check_results"/>
    <testcase time="0.00300000000015643" classname="ds.listServersideFunctions_smk_check_results" name="check_results"/>
    <testcase time="0.00399999999990541" classname="ds.listServersideFunctions_smk_check_results" name="check_results"/>
    <testcase time="0.00399999999990541" classname="ds.listServersideFunctions_smk_check_results" name="check_results"/>
    <testcase time="0.00300000000015643" classname="ds.listServersideFunctions_smk_check_results" name="check_results"/>
    <testcase time="0.00399999999990541" classname="ds.listServersideFunctions_smk_check_results" name="check_results"/>
    <testcase time="0.00399999999990541" classname="ds.listServersideFunctions_smk_check_results" name="check_results"/>
    <testcase time="0.00300000000015643" classname="ds.listServersideFunctions_smk_check_results" name="check_results"/>
    <testcase time="0.00399999999990541" classname="ds.listServersideFunctions_smk_check_results" name="check_results"/>
    <testcase time="0.00399999999990541" classname="ds.listServersideFunctions_smk_check_results" name="check_results"/>
    <testcase time="0.00399999999990541" classname="ds.listServersideFunctions_smk_check_results" name="check_results"/>
    <testcase time="0.00300000000015643" classname="ds.listServersideFunctions_smk_check_results" name="check_results"/>
    <testcase time="0.00399999999990541" classname="ds.listServersideFunctions_smk_check_results" name="check_results"/>
    <testcase time="0.00400000000036016" classname="ds.listServersideFunctions_smk_check_results" name="check_results"/>
    <testcase time="0.00399999999990541" classname="ds.listServersideFunctions_smk_check_results" name="check_results"/>
    <testcase time="0.00299999999970169" classname="ds.listServersideFunctions_smk_check_results" name="check_results"/>
    <testcase time="0.00400000000036016" classname="ds.listServersideFunctions_smk_check_results" name="check_results"/>
    <testcase time="0.00399999999990541" classname="ds.listServersideFunctions_smk_check_results" name="check_results"/>
    <testcase time="0.00399999999990541" classname="ds.listServersideFunctions_smk_check_results" name="check_results"/>
    <testcase time="0.00300000000015643" classname="ds.listServersideFunctions_smk_check_results" name="check_results"/>
    <testcase time="0.00399999999990541" classname="ds.listServersideFunctions_smk_check_results" name="check_results"/>
    <testcase time="0.00399999999990541" classname="ds.listServersideFunctions_smk_check_results" name="check_results"/>
    <testcase time="0.00399999999990541" classname="ds.listServersideFunctions_smk_check_results" name="check_results"/>
    <testcase time="0.00300000000015643" classname="ds.listServersideFunctions_smk_check_results" name="check_results"/>
    <testcase time="0.00399999999990541" classname="ds.listServersideFunctions_smk_check_results" name="check_results"/>
    <testcase time="0.00399999999990541" classname="ds.listServersideFunctions_smk_check_results" name="check_results"/>
    <testcase time="0.00400000000036016" classname="ds.listServersideFunctions_smk_check_results" name="check_results"/>
    <testcase time="0.00399999999990541" classname="ds.listServersideFunctions_smk_check_results" name="check_results"/>
    <testcase time="0.00399999999990541" classname="ds.listServersideFunctions_smk_check_results" name="check_results"/>
    <testcase time="0.00300000000015643" classname="ds.listServersideFunctions_smk_check_results" name="check_results"/>
    <testcase time="0.0100000000002183" classname="ds.listServersideFunctions_smk_check_results" name="check_results"/>
    <testcase time="0.00399999999990541" classname="ds.listServersideFunctions_smk_check_results" name="check_results"/>
    <testcase time="0.00300000000015643" classname="ds.listServersideFunctions_smk_check_results" name="check_results"/>
    <testcase time="0.00399999999990541" classname="ds.listServersideFunctions_smk_check_results" name="check_results"/>
    <testcase time="0.00399999999990541" classname="ds.listServersideFunctions_smk_check_results" name="check_results"/>
    <testcase time="0.00399999999990541" classname="ds.listServersideFunctions_smk_check_results" name="check_results"/>
    <testcase time="0.00399999999990541" classname="ds.listServersideFunctions_smk_check_results" name="check_results"/>
    <testcase time="0.00300000000015643" classname="ds.listServersideFunctions_smk_check_results" name="check_results"/>
    <testcase time="0.00399999999990541" classname="ds.listServersideFunctions_smk_check_results" name="check_results"/>
    <testcase time="0.00400000000036016" classname="ds.listServersideFunctions_smk_check_results" name="check_results"/>
    <testcase time="0.00399999999990541" classname="ds.listServersideFunctions_smk_check_results" name="check_results"/>
    <testcase time="0.00399999999990541" classname="ds.listServersideFunctions_smk_check_results" name="check_results"/>
    <testcase time="0.00399999999990541" classname="ds.listServersideFunctions_smk_check_results" name="check_results"/>
    <testcase time="0.00399999999990541" classname="ds.listServersideFunctions_smk_check_results" name="check_results"/>
    <testcase time="0.00300000000015643" classname="ds.listServersideFunctions_smk_check_results" name="check_results"/>
    <testcase time="0.00399999999990541" classname="ds.listServersideFunctions_smk_check_results" name="check_results"/>
    <testcase time="0.00399999999990541" classname="ds.listServersideFunctions_smk_check_results" name="check_results"/>
    <testcase time="0.00400000000036016" classname="ds.listServersideFunctions_smk_check_results" name="check_results"/>
    <testcase time="0.00399999999990541" classname="ds.listServersideFunctions_smk_check_results" name="check_results"/>
    <testcase time="0.00399999999990541" classname="ds.listServersideFunctions_smk_check_results" name="check_results"/>
    <testcase time="0.00399999999990541" classname="ds.listServersideFunctions_smk_check_results" name="check_results"/>
    <testcase time="0.00399999999990541" classname="ds.listServersideFunctions_smk_check_results" name="check_results"/>
    <testcase time="0.00300000000015643" classname="ds.listServersideFunctions_smk_check_results" name="check_results"/>
    <testcase time="0.00399999999990541" classname="ds.listServersideFunctions_smk_check_results" name="check_results"/>
    <testcase time="0.00400000000036016" classname="ds.listServersideFunctions_smk_check_results" name="check_results"/>
    <testcase time="0.00399999999990541" classname="ds.listServersideFunctions_smk_check_results" name="check_results"/>
    <testcase time="0.00399999999990541" classname="ds.listServersideFunctions_smk_check_results" name="check_results"/>
    <testcase time="0.00399999999990541" classname="ds.listServersideFunctions_smk_check_results" name="check_results"/>
    <testcase time="0.00399999999990541" classname="ds.listServersideFunctions_smk_check_results" name="check_results"/>
    <testcase time="0.00500000000010914" classname="ds.listServersideFunctions_smk_check_results" name="check_results"/>
    <testcase time="0.00399999999990541" classname="ds.listServersideFunctions_smk_check_results" name="check_results"/>
    <testcase time="0.00500000000010914" classname="ds.listServersideFunctions_smk_check_results" name="check_results"/>
    <testcase time="0.00399999999990541" classname="ds.listServersideFunctions_smk_check_results" name="check_results"/>
    <testcase time="0.00400000000036016" classname="ds.listServersideFunctions_smk_check_results" name="check_results"/>
    <testcase time="0.00399999999990541" classname="ds.listServersideFunctions_smk_check_results" name="check_results"/>
    <testcase time="0.00399999999990541" classname="ds.listServersideFunctions_smk_check_results" name="check_results"/>
    <testcase time="0.00399999999990541" classname="ds.listServersideFunctions_smk_check_results" name="check_results"/>
    <testcase time="0.0100000000002183" classname="ds.listServersideFunctions_smk_check_results" name="check_results"/>
    <testcase time="0.00399999999990541" classname="ds.listServersideFunctions_smk_check_results" name="check_results"/>
    <testcase time="0.00399999999990541" classname="ds.listServersideFunctions_smk_check_results" name="check_results"/>
    <testcase time="0.00399999999990541" classname="ds.listServersideFunctions_smk_check_results" name="check_results"/>
    <testcase time="0.00399999999990541" classname="ds.listServersideFunctions_smk_check_results" name="check_results"/>
    <testcase time="0.00400000000036016" classname="ds.listServersideFunctions_smk_check_results" name="check_results"/>
    <testcase time="0.00399999999990541" classname="ds.listServersideFunctions_smk_check_results" name="check_results"/>
    <testcase time="0.00399999999990541" classname="ds.listServersideFunctions_smk_check_results" name="check_results"/>
    <testcase time="0.00399999999990541" classname="ds.listServersideFunctions_smk_check_results" name="check_results"/>
    <testcase time="0.00500000000010914" classname="ds.listServersideFunctions_smk_check_results" name="check_results"/>
    <testcase time="0.00399999999990541" classname="ds.listServersideFunctions_smk_check_results" name="check_results"/>
    <testcase time="0.00399999999990541" classname="ds.listServersideFunctions_smk_check_results" name="check_results"/>
    <testcase time="0.00400000000036016" classname="ds.listServersideFunctions_smk_check_results" name="check_results"/>
    <testcase time="0.00399999999990541" classname="ds.listServersideFunctions_smk_check_results" name="check_results"/>
    <testcase time="0.00399999999990541" classname="ds.listServersideFunctions_smk_check_results" name="check_results"/>
    <testcase time="0.00399999999990541" classname="ds.listServersideFunctions_smk_check_results" name="check_results"/>
    <testcase time="0.00400000000036016" classname="ds.listServersideFunctions_smk_check_results" name="check_results"/>
    <testcase time="0.00399999999990541" classname="ds.listServersideFunctions_smk_check_results" name="check_results"/>
    <testcase time="0.00399999999990541" classname="ds.listServersideFunctions_smk_check_results" name="check_results"/>
    <testcase time="0.00399999999990541" classname="ds.listServersideFunctions_smk_check_results" name="check_results"/>
    <testcase time="0.00399999999990541" classname="ds.listServersideFunctions_smk_check_results" name="check_results"/>
    <testcase time="0.00400000000036016" classname="ds.listServersideFunctions_smk_check_results" name="check_results"/>
    <testcase time="0.00399999999990541" classname="ds.listServersideFunctions_smk_check_results" name="check_results"/>
    <testcase time="0.00399999999990541" classname="ds.listServersideFunctions_smk_check_results" name="check_results"/>
    <testcase time="0.00399999999990541" classname="ds.listServersideFunctions_smk_check_results" name="check_results"/>
    <testcase time="0.00399999999990541" classname="ds.listServersideFunctions_smk_check_results" name="check_results"/>
    <testcase time="0.00400000000036016" classname="ds.listServersideFunctions_smk_check_results" name="check_results"/>
    <testcase time="0.00399999999990541" classname="ds.listServersideFunctions_smk_check_results" name="check_results"/>
    <testcase time="0.00399999999990541" classname="ds.listServersideFunctions_smk_check_results" name="check_results"/>
    <testcase time="0.00399999999990541" classname="ds.listServersideFunctions_smk_check_results" name="check_results"/>
    <testcase time="0.00399999999990541" classname="ds.listServersideFunctions_smk_check_results" name="check_results"/>
    <testcase time="0.00500000000010914" classname="ds.listServersideFunctions_smk_check_results" name="check_results"/>
    <testcase time="0.00399999999990541" classname="ds.listServersideFunctions_smk_check_results" name="check_results"/>
    <testcase time="0.00400000000036016" classname="ds.listServersideFunctions_smk_check_results" name="check_results"/>
    <testcase time="0.00999999999976353" classname="ds.listServersideFunctions_smk_check_results" name="check_results"/>
    <testcase time="0.00399999999990541" classname="ds.listServersideFunctions_smk_check_results" name="check_results"/>
    <testcase time="0.00400000000036016" classname="ds.listServersideFunctions_smk_check_results" name="check_results"/>
    <testcase time="0.00399999999990541" classname="ds.listServersideFunctions_smk_check_results" name="check_results"/>
    <testcase time="0.00500000000010914" classname="ds.listServersideFunctions_smk_check_results" name="check_results"/>
    <testcase time="0.00399999999990541" classname="ds.listServersideFunctions_smk_check_results" name="check_results"/>
    <testcase time="0.00399999999990541" classname="ds.listServersideFunctions_smk_check_results" name="check_results"/>
    <testcase time="0.00399999999990541" classname="ds.listServersideFunctions_smk_check_results" name="check_results"/>
    <testcase time="0.00399999999990541" classname="ds.listServersideFunctions_smk_check_results" name="check_results"/>
    <testcase time="0.00400000000036016" classname="ds.listServersideFunctions_smk_check_results" name="check_results"/>
    <testcase time="0.00399999999990541" classname="ds.listServersideFunctions_smk_check_results" name="check_results"/>
  </testsuite>
  <testsuite name="smk-ds.lmerSLMA" timestamp="2025-09-19T12:12:21Z" hostname="runnervmf4ws1" tests="0" skipped="0" failures="0" errors="0" time="0"/>
  <testsuite name="ds.lmerSLMA::smk::setup phase 1" timestamp="2025-09-19T12:12:21Z" hostname="runnervmf4ws1" tests="3" skipped="0" failures="0" errors="0" time="7.566">
    <testcase time="7.56399999999985" classname="ds.lmerSLMA_smk_setup_phase_1" name="setup"/>
    <testcase time="0.00100000000020373" classname="ds.lmerSLMA_smk_setup_phase_1" name="setup"/>
    <testcase time="0.000999999999748979" classname="ds.lmerSLMA_smk_setup_phase_1" name="setup"/>
  </testsuite>
  <testsuite name="ds.lmerSLMA::smk::phase 1" timestamp="2025-09-19T12:12:29Z" hostname="runnervmf4ws1" tests="11" skipped="0" failures="0" errors="0" time="2.797">
    <testcase time="0.282999999999902" classname="ds.lmerSLMA_smk_phase_1" name="simple_lmerSLMA"/>
    <testcase time="0.207000000000335" classname="ds.lmerSLMA_smk_phase_1" name="alternative_formulae_for_nested_groups"/>
    <testcase time="0.210000000000036" classname="ds.lmerSLMA_smk_phase_1" name="alternative_formulae_for_nested_groups"/>
    <testcase time="0.168999999999869" classname="ds.lmerSLMA_smk_phase_1" name="alternative_formulae_for_nested_groups"/>
    <testcase time="0.211999999999989" classname="ds.lmerSLMA_smk_phase_1" name="server_side_error"/>
    <testcase time="0.0489999999999782" classname="ds.lmerSLMA_smk_phase_1" name="server_side_error"/>
    <testcase time="0.202999999999975" classname="ds.lmerSLMA_smk_phase_1" name="server_side_error"/>
    <testcase time="0.842999999999847" classname="ds.lmerSLMA_smk_phase_1" name="test_offsets_and_weights"/>
    <testcase time="0.209000000000287" classname="ds.lmerSLMA_smk_phase_1" name="test_offsets_and_weights"/>
    <testcase time="0.205999999999676" classname="ds.lmerSLMA_smk_phase_1" name="test_offsets_and_weights"/>
    <testcase time="0.206000000000131" classname="ds.lmerSLMA_smk_phase_1" name="test_offsets_and_weights"/>
  </testsuite>
  <testsuite name="ds.lmerSLMA::smk::shutdown phase 1" timestamp="2025-09-19T12:12:32Z" hostname="runnervmf4ws1" tests="3" skipped="0" failures="0" errors="0" time="0.049">
    <testcase time="0.0460000000002765" classname="ds.lmerSLMA_smk_shutdown_phase_1" name="shutdown"/>
    <testcase time="0.00199999999995271" classname="ds.lmerSLMA_smk_shutdown_phase_1" name="shutdown"/>
    <testcase time="0.000999999999748979" classname="ds.lmerSLMA_smk_shutdown_phase_1" name="shutdown"/>
  </testsuite>
  <testsuite name="ds.lmerSLMA::smk::setup phase 2" timestamp="2025-09-19T12:12:32Z" hostname="runnervmf4ws1" tests="3" skipped="0" failures="0" errors="0" time="7.597">
    <testcase time="7.59400000000005" classname="ds.lmerSLMA_smk_setup_phase_2" name="setup"/>
    <testcase time="0.00199999999995271" classname="ds.lmerSLMA_smk_setup_phase_2" name="setup"/>
    <testcase time="0.00100000000020373" classname="ds.lmerSLMA_smk_setup_phase_2" name="setup"/>
  </testsuite>
  <testsuite name="ds.lmerSLMA::smk::test phase 2" timestamp="2025-09-19T12:12:39Z" hostname="runnervmf4ws1" tests="54" skipped="0" failures="0" errors="0" time="1.073">
    <testcase time="0.527999999999793" classname="ds.lmerSLMA_smk_test_phase_2" name="check_slope_formulae"/>
    <testcase time="0.00100000000020373" classname="ds.lmerSLMA_smk_test_phase_2" name="check_slope_formulae"/>
    <testcase time="0.000999999999748979" classname="ds.lmerSLMA_smk_test_phase_2" name="check_slope_formulae"/>
    <testcase time="0.00100000000020373" classname="ds.lmerSLMA_smk_test_phase_2" name="check_slope_formulae"/>
    <testcase time="0.000999999999748979" classname="ds.lmerSLMA_smk_test_phase_2" name="check_slope_formulae"/>
    <testcase time="0.00200000000040745" classname="ds.lmerSLMA_smk_test_phase_2" name="check_slope_formulae"/>
    <testcase time="0.000999999999748979" classname="ds.lmerSLMA_smk_test_phase_2" name="check_slope_formulae"/>
    <testcase time="0.00300000000015643" classname="ds.lmerSLMA_smk_test_phase_2" name="check_slope_formulae"/>
    <testcase time="0.00199999999995271" classname="ds.lmerSLMA_smk_test_phase_2" name="check_slope_formulae"/>
    <testcase time="0.000999999999748979" classname="ds.lmerSLMA_smk_test_phase_2" name="check_slope_formulae"/>
    <testcase time="0.00199999999995271" classname="ds.lmerSLMA_smk_test_phase_2" name="check_slope_formulae"/>
    <testcase time="0.00200000000040745" classname="ds.lmerSLMA_smk_test_phase_2" name="check_slope_formulae"/>
    <testcase time="0.00299999999970169" classname="ds.lmerSLMA_smk_test_phase_2" name="check_slope_formulae"/>
    <testcase time="0.00100000000020373" classname="ds.lmerSLMA_smk_test_phase_2" name="check_slope_formulae"/>
    <testcase time="0.000999999999748979" classname="ds.lmerSLMA_smk_test_phase_2" name="check_slope_formulae"/>
    <testcase time="0.00300000000015643" classname="ds.lmerSLMA_smk_test_phase_2" name="check_slope_formulae"/>
    <testcase time="0.00300000000015643" classname="ds.lmerSLMA_smk_test_phase_2" name="check_slope_formulae"/>
    <testcase time="0.000999999999748979" classname="ds.lmerSLMA_smk_test_phase_2" name="check_slope_formulae"/>
    <testcase time="0.00100000000020373" classname="ds.lmerSLMA_smk_test_phase_2" name="check_slope_formulae"/>
    <testcase time="0.00299999999970169" classname="ds.lmerSLMA_smk_test_phase_2" name="check_slope_formulae"/>
    <testcase time="0.00200000000040745" classname="ds.lmerSLMA_smk_test_phase_2" name="check_slope_formulae"/>
    <testcase time="0.000999999999748979" classname="ds.lmerSLMA_smk_test_phase_2" name="check_slope_formulae"/>
    <testcase time="0.00199999999995271" classname="ds.lmerSLMA_smk_test_phase_2" name="check_slope_formulae"/>
    <testcase time="0.00199999999995271" classname="ds.lmerSLMA_smk_test_phase_2" name="check_slope_formulae"/>
    <testcase time="0.00300000000015643" classname="ds.lmerSLMA_smk_test_phase_2" name="check_slope_formulae"/>
    <testcase time="0.000999999999748979" classname="ds.lmerSLMA_smk_test_phase_2" name="check_slope_formulae"/>
    <testcase time="0.00200000000040745" classname="ds.lmerSLMA_smk_test_phase_2" name="check_slope_formulae"/>
    <testcase time="0.451000000000022" classname="ds.lmerSLMA_smk_test_phase_2" name="check_slope_formulae"/>
    <testcase time="0.000999999999748979" classname="ds.lmerSLMA_smk_test_phase_2" name="check_slope_formulae"/>
    <testcase time="0.00100000000020373" classname="ds.lmerSLMA_smk_test_phase_2" name="check_slope_formulae"/>
    <testcase time="0.00199999999995271" classname="ds.lmerSLMA_smk_test_phase_2" name="check_slope_formulae"/>
    <testcase time="0.000999999999748979" classname="ds.lmerSLMA_smk_test_phase_2" name="check_slope_formulae"/>
    <testcase time="0.00100000000020373" classname="ds.lmerSLMA_smk_test_phase_2" name="check_slope_formulae"/>
    <testcase time="0.000999999999748979" classname="ds.lmerSLMA_smk_test_phase_2" name="check_slope_formulae"/>
    <testcase time="0.00300000000015643" classname="ds.lmerSLMA_smk_test_phase_2" name="check_slope_formulae"/>
    <testcase time="0.00300000000015643" classname="ds.lmerSLMA_smk_test_phase_2" name="check_slope_formulae"/>
    <testcase time="0.000999999999748979" classname="ds.lmerSLMA_smk_test_phase_2" name="check_slope_formulae"/>
    <testcase time="0.00199999999995271" classname="ds.lmerSLMA_smk_test_phase_2" name="check_slope_formulae"/>
    <testcase time="0.00199999999995271" classname="ds.lmerSLMA_smk_test_phase_2" name="check_slope_formulae"/>
    <testcase time="0.00300000000015643" classname="ds.lmerSLMA_smk_test_phase_2" name="check_slope_formulae"/>
    <testcase time="0.00100000000020373" classname="ds.lmerSLMA_smk_test_phase_2" name="check_slope_formulae"/>
    <testcase time="0.000999999999748979" classname="ds.lmerSLMA_smk_test_phase_2" name="check_slope_formulae"/>
    <testcase time="0.00300000000015643" classname="ds.lmerSLMA_smk_test_phase_2" name="check_slope_formulae"/>
    <testcase time="0.00300000000015643" classname="ds.lmerSLMA_smk_test_phase_2" name="check_slope_formulae"/>
    <testcase time="0.000999999999748979" classname="ds.lmerSLMA_smk_test_phase_2" name="check_slope_formulae"/>
    <testcase time="0.00199999999995271" classname="ds.lmerSLMA_smk_test_phase_2" name="check_slope_formulae"/>
    <testcase time="0.00199999999995271" classname="ds.lmerSLMA_smk_test_phase_2" name="check_slope_formulae"/>
    <testcase time="0.00300000000015643" classname="ds.lmerSLMA_smk_test_phase_2" name="check_slope_formulae"/>
    <testcase time="0.00100000000020373" classname="ds.lmerSLMA_smk_test_phase_2" name="check_slope_formulae"/>
    <testcase time="0.00199999999995271" classname="ds.lmerSLMA_smk_test_phase_2" name="check_slope_formulae"/>
    <testcase time="0.00199999999995271" classname="ds.lmerSLMA_smk_test_phase_2" name="check_slope_formulae"/>
    <testcase time="0.00299999999970169" classname="ds.lmerSLMA_smk_test_phase_2" name="check_slope_formulae"/>
    <testcase time="0.00100000000020373" classname="ds.lmerSLMA_smk_test_phase_2" name="check_slope_formulae"/>
    <testcase time="0.00199999999995271" classname="ds.lmerSLMA_smk_test_phase_2" name="check_slope_formulae"/>
  </testsuite>
  <testsuite name="ds.lmerSLMA::smk::shutdown phase 2" timestamp="2025-09-19T12:12:40Z" hostname="runnervmf4ws1" tests="3" skipped="0" failures="0" errors="0" time="0.049">
    <testcase time="0.0470000000000255" classname="ds.lmerSLMA_smk_shutdown_phase_2" name="shutdown"/>
    <testcase time="0.00100000000020373" classname="ds.lmerSLMA_smk_shutdown_phase_2" name="shutdown"/>
    <testcase time="0.000999999999748979" classname="ds.lmerSLMA_smk_shutdown_phase_2" name="shutdown"/>
  </testsuite>
  <testsuite name="ds.lmerSLMA::smk::done" timestamp="2025-09-19T12:12:41Z" hostname="runnervmf4ws1" tests="0" skipped="0" failures="0" errors="0" time="0"/>
  <testsuite name="smk-ds.log" timestamp="2025-09-19T12:12:41Z" hostname="runnervmf4ws1" tests="0" skipped="0" failures="0" errors="0" time="0"/>
  <testsuite name="ds.log::smk::setup" timestamp="2025-09-19T12:12:41Z" hostname="runnervmf4ws1" tests="3" skipped="0" failures="0" errors="0" time="7.545">
    <testcase time="7.54199999999992" classname="ds.log_smk_setup" name="setup"/>
    <testcase time="0.00199999999995271" classname="ds.log_smk_setup" name="setup"/>
    <testcase time="0.00100000000020373" classname="ds.log_smk_setup" name="setup"/>
  </testsuite>
  <testsuite name="ds.log::smk" timestamp="2025-09-19T12:12:48Z" hostname="runnervmf4ws1" tests="30" skipped="0" failures="0" errors="0" time="0.808">
    <testcase time="0.195000000000164" classname="ds.log_smk" name="simple_log"/>
    <testcase time="0.0389999999997599" classname="ds.log_smk" name="simple_log"/>
    <testcase time="0.00100000000020373" classname="ds.log_smk" name="simple_log"/>
    <testcase time="0.00199999999995271" classname="ds.log_smk" name="simple_log"/>
    <testcase time="0.000999999999748979" classname="ds.log_smk" name="simple_log"/>
    <testcase time="0.00100000000020373" classname="ds.log_smk" name="simple_log"/>
    <testcase time="0.000999999999748979" classname="ds.log_smk" name="simple_log"/>
    <testcase time="0.00200000000040745" classname="ds.log_smk" name="simple_log"/>
    <testcase time="0.0769999999997708" classname="ds.log_smk" name="simple_log"/>
    <testcase time="0.00100000000020373" classname="ds.log_smk" name="simple_log"/>
    <testcase time="0.000999999999748979" classname="ds.log_smk" name="simple_log"/>
    <testcase time="0.00199999999995271" classname="ds.log_smk" name="simple_log"/>
    <testcase time="0.00100000000020373" classname="ds.log_smk" name="simple_log"/>
    <testcase time="0.000999999999748979" classname="ds.log_smk" name="simple_log"/>
    <testcase time="0.00100000000020373" classname="ds.log_smk" name="simple_log"/>
    <testcase time="0.338999999999942" classname="ds.log_smk" name="simple_log"/>
    <testcase time="0.0410000000001673" classname="ds.log_smk" name="simple_log"/>
    <testcase time="0.000999999999748979" classname="ds.log_smk" name="simple_log"/>
    <testcase time="0.00199999999995271" classname="ds.log_smk" name="simple_log"/>
    <testcase time="0.00100000000020373" classname="ds.log_smk" name="simple_log"/>
    <testcase time="0.000999999999748979" classname="ds.log_smk" name="simple_log"/>
    <testcase time="0.00200000000040745" classname="ds.log_smk" name="simple_log"/>
    <testcase time="0.000999999999748979" classname="ds.log_smk" name="simple_log"/>
    <testcase time="0.0880000000001928" classname="ds.log_smk" name="simple_log"/>
    <testcase time="0.000999999999748979" classname="ds.log_smk" name="simple_log"/>
    <testcase time="0.00100000000020373" classname="ds.log_smk" name="simple_log"/>
    <testcase time="0.000999999999748979" classname="ds.log_smk" name="simple_log"/>
    <testcase time="0.000999999999748979" classname="ds.log_smk" name="simple_log"/>
    <testcase time="0.00100000000020373" classname="ds.log_smk" name="simple_log"/>
    <testcase time="0.000999999999748979" classname="ds.log_smk" name="simple_log"/>
  </testsuite>
  <testsuite name="ds.log::smk::shutdown" timestamp="2025-09-19T12:12:49Z" hostname="runnervmf4ws1" tests="3" skipped="0" failures="0" errors="0" time="0.049">
    <testcase time="0.0470000000000255" classname="ds.log_smk_shutdown" name="shutdown"/>
    <testcase time="0.00100000000020373" classname="ds.log_smk_shutdown" name="shutdown"/>
    <testcase time="0.00100000000020373" classname="ds.log_smk_shutdown" name="shutdown"/>
  </testsuite>
  <testsuite name="ds.log::smk::done" timestamp="2025-09-19T12:12:49Z" hostname="runnervmf4ws1" tests="0" skipped="0" failures="0" errors="0" time="0"/>
  <testsuite name="smk-ds.look" timestamp="2025-09-19T12:12:49Z" hostname="runnervmf4ws1" tests="0" skipped="0" failures="0" errors="0" time="0"/>
  <testsuite name="ds.look::smk::setup" timestamp="2025-09-19T12:12:49Z" hostname="runnervmf4ws1" tests="3" skipped="0" failures="0" errors="0" time="7.556">
    <testcase time="7.55299999999988" classname="ds.look_smk_setup" name="setup"/>
    <testcase time="0.00199999999995271" classname="ds.look_smk_setup" name="setup"/>
    <testcase time="0.000999999999748979" classname="ds.look_smk_setup" name="setup"/>
  </testsuite>
  <testsuite name="ds.look::smk" timestamp="2025-09-19T12:12:56Z" hostname="runnervmf4ws1" tests="5" skipped="0" failures="0" errors="0" time="0.063">
    <testcase time="0.0579999999999927" classname="ds.look_smk" name="simple_look"/>
    <testcase time="0.00200000000040745" classname="ds.look_smk" name="simple_look"/>
    <testcase time="0.000999999999748979" classname="ds.look_smk" name="simple_look"/>
    <testcase time="0.00100000000020373" classname="ds.look_smk" name="simple_look"/>
    <testcase time="0.000999999999748979" classname="ds.look_smk" name="simple_look"/>
  </testsuite>
  <testsuite name="ds.look::smk::shutdown" timestamp="2025-09-19T12:12:56Z" hostname="runnervmf4ws1" tests="3" skipped="0" failures="0" errors="0" time="0.05">
    <testcase time="0.0480000000002292" classname="ds.look_smk_shutdown" name="shutdown"/>
    <testcase time="0.000999999999748979" classname="ds.look_smk_shutdown" name="shutdown"/>
    <testcase time="0.00100000000020373" classname="ds.look_smk_shutdown" name="shutdown"/>
  </testsuite>
  <testsuite name="ds.look::smk::done" timestamp="2025-09-19T12:12:57Z" hostname="runnervmf4ws1" tests="0" skipped="0" failures="0" errors="0" time="0"/>
  <testsuite name="smk-ds.ls" timestamp="2025-09-19T12:12:57Z" hostname="runnervmf4ws1" tests="0" skipped="0" failures="0" errors="0" time="0"/>
  <testsuite name="ds.ls::smk::setup" timestamp="2025-09-19T12:12:57Z" hostname="runnervmf4ws1" tests="3" skipped="0" failures="0" errors="0" time="7.559">
    <testcase time="7.55600000000004" classname="ds.ls_smk_setup" name="setup"/>
    <testcase time="0.000999999999748979" classname="ds.ls_smk_setup" name="setup"/>
    <testcase time="0.00199999999995271" classname="ds.ls_smk_setup" name="setup"/>
  </testsuite>
  <testsuite name="ds.ls::smk" timestamp="2025-09-19T12:13:04Z" hostname="runnervmf4ws1" tests="53" skipped="0" failures="0" errors="0" time="0.289">
    <testcase time="0.0460000000002765" classname="ds.ls_smk" name="simple_ls"/>
    <testcase time="0.000999999999748979" classname="ds.ls_smk" name="simple_ls"/>
    <testcase time="0.00100000000020373" classname="ds.ls_smk" name="simple_ls"/>
    <testcase time="0.00199999999995271" classname="ds.ls_smk" name="simple_ls"/>
    <testcase time="0.00100000000020373" classname="ds.ls_smk" name="simple_ls"/>
    <testcase time="0.000999999999748979" classname="ds.ls_smk" name="simple_ls"/>
    <testcase time="0.00100000000020373" classname="ds.ls_smk" name="simple_ls"/>
    <testcase time="0.000999999999748979" classname="ds.ls_smk" name="simple_ls"/>
    <testcase time="0.00100000000020373" classname="ds.ls_smk" name="simple_ls"/>
    <testcase time="0.00199999999995271" classname="ds.ls_smk" name="simple_ls"/>
    <testcase time="0.000999999999748979" classname="ds.ls_smk" name="simple_ls"/>
    <testcase time="0.00100000000020373" classname="ds.ls_smk" name="simple_ls"/>
    <testcase time="0.00100000000020373" classname="ds.ls_smk" name="simple_ls"/>
    <testcase time="0.044999999999618" classname="ds.ls_smk" name="simple_ls_with_envir"/>
    <testcase time="0.00100000000020373" classname="ds.ls_smk" name="simple_ls_with_envir"/>
    <testcase time="0.000999999999748979" classname="ds.ls_smk" name="simple_ls_with_envir"/>
    <testcase time="0.00200000000040745" classname="ds.ls_smk" name="simple_ls_with_envir"/>
    <testcase time="0.000999999999748979" classname="ds.ls_smk" name="simple_ls_with_envir"/>
    <testcase time="0.00100000000020373" classname="ds.ls_smk" name="simple_ls_with_envir"/>
    <testcase time="0.000999999999748979" classname="ds.ls_smk" name="simple_ls_with_envir"/>
    <testcase time="0.00100000000020373" classname="ds.ls_smk" name="simple_ls_with_envir"/>
    <testcase time="0.00199999999995271" classname="ds.ls_smk" name="simple_ls_with_envir"/>
    <testcase time="0.000999999999748979" classname="ds.ls_smk" name="simple_ls_with_envir"/>
    <testcase time="0.0500000000001819" classname="ds.ls_smk" name="simple_ls_with_envir_with_wildcard_postfix"/>
    <testcase time="0.00199999999995271" classname="ds.ls_smk" name="simple_ls_with_envir_with_wildcard_postfix"/>
    <testcase time="0.00100000000020373" classname="ds.ls_smk" name="simple_ls_with_envir_with_wildcard_postfix"/>
    <testcase time="0.000999999999748979" classname="ds.ls_smk" name="simple_ls_with_envir_with_wildcard_postfix"/>
    <testcase time="0.00100000000020373" classname="ds.ls_smk" name="simple_ls_with_envir_with_wildcard_postfix"/>
    <testcase time="0.00199999999995271" classname="ds.ls_smk" name="simple_ls_with_envir_with_wildcard_postfix"/>
    <testcase time="0.000999999999748979" classname="ds.ls_smk" name="simple_ls_with_envir_with_wildcard_postfix"/>
    <testcase time="0.00100000000020373" classname="ds.ls_smk" name="simple_ls_with_envir_with_wildcard_postfix"/>
    <testcase time="0.00100000000020373" classname="ds.ls_smk" name="simple_ls_with_envir_with_wildcard_postfix"/>
    <testcase time="0.00199999999995271" classname="ds.ls_smk" name="simple_ls_with_envir_with_wildcard_postfix"/>
    <testcase time="0.043999999999869" classname="ds.ls_smk" name="simple_ls_with_envir_with_wildcard_infix"/>
    <testcase time="0.000999999999748979" classname="ds.ls_smk" name="simple_ls_with_envir_with_wildcard_infix"/>
    <testcase time="0.00200000000040745" classname="ds.ls_smk" name="simple_ls_with_envir_with_wildcard_infix"/>
    <testcase time="0.000999999999748979" classname="ds.ls_smk" name="simple_ls_with_envir_with_wildcard_infix"/>
    <testcase time="0.00100000000020373" classname="ds.ls_smk" name="simple_ls_with_envir_with_wildcard_infix"/>
    <testcase time="0.000999999999748979" classname="ds.ls_smk" name="simple_ls_with_envir_with_wildcard_infix"/>
    <testcase time="0.00199999999995271" classname="ds.ls_smk" name="simple_ls_with_envir_with_wildcard_infix"/>
    <testcase time="0.00100000000020373" classname="ds.ls_smk" name="simple_ls_with_envir_with_wildcard_infix"/>
    <testcase time="0.000999999999748979" classname="ds.ls_smk" name="simple_ls_with_envir_with_wildcard_infix"/>
    <testcase time="0.00100000000020373" classname="ds.ls_smk" name="simple_ls_with_envir_with_wildcard_infix"/>
    <testcase time="0.0450000000000728" classname="ds.ls_smk" name="simple_ls_with_envir_with_wildcard_prefix"/>
    <testcase time="0.000999999999748979" classname="ds.ls_smk" name="simple_ls_with_envir_with_wildcard_prefix"/>
    <testcase time="0.00100000000020373" classname="ds.ls_smk" name="simple_ls_with_envir_with_wildcard_prefix"/>
    <testcase time="0.00199999999995271" classname="ds.ls_smk" name="simple_ls_with_envir_with_wildcard_prefix"/>
    <testcase time="0.00100000000020373" classname="ds.ls_smk" name="simple_ls_with_envir_with_wildcard_prefix"/>
    <testcase time="0.000999999999748979" classname="ds.ls_smk" name="simple_ls_with_envir_with_wildcard_prefix"/>
    <testcase time="0.00199999999995271" classname="ds.ls_smk" name="simple_ls_with_envir_with_wildcard_prefix"/>
    <testcase time="0.00100000000020373" classname="ds.ls_smk" name="simple_ls_with_envir_with_wildcard_prefix"/>
    <testcase time="0.000999999999748979" classname="ds.ls_smk" name="simple_ls_with_envir_with_wildcard_prefix"/>
    <testcase time="0.00100000000020373" classname="ds.ls_smk" name="simple_ls_with_envir_with_wildcard_prefix"/>
  </testsuite>
  <testsuite name="ds.ls::smk::shutdown" timestamp="2025-09-19T12:13:04Z" hostname="runnervmf4ws1" tests="3" skipped="0" failures="0" errors="0" time="0.049">
    <testcase time="0.0470000000000255" classname="ds.ls_smk_shutdown" name="shutdown"/>
    <testcase time="0.000999999999748979" classname="ds.ls_smk_shutdown" name="shutdown"/>
    <testcase time="0.00100000000020373" classname="ds.ls_smk_shutdown" name="shutdown"/>
  </testsuite>
  <testsuite name="ds.ls::smk::done" timestamp="2025-09-19T12:13:05Z" hostname="runnervmf4ws1" tests="0" skipped="0" failures="0" errors="0" time="0"/>
  <testsuite name="smk-ds.lspline" timestamp="2025-09-19T12:13:05Z" hostname="runnervmf4ws1" tests="0" skipped="0" failures="0" errors="0" time="0"/>
  <testsuite name="ds.lspline::smk::setup" timestamp="2025-09-19T12:13:05Z" hostname="runnervmf4ws1" tests="3" skipped="0" failures="0" errors="0" time="7.541">
    <testcase time="7.53900000000021" classname="ds.lspline_smk_setup" name="setup"/>
    <testcase time="0.000999999999748979" classname="ds.lspline_smk_setup" name="setup"/>
    <testcase time="0.00100000000020373" classname="ds.lspline_smk_setup" name="setup"/>
  </testsuite>
  <testsuite name="ds.lspline::smk::test1" timestamp="2025-09-19T12:13:12Z" hostname="runnervmf4ws1" tests="38" skipped="0" failures="0" errors="0" time="0.518">
    <testcase time="0.2199999999998" classname="ds.lspline_smk_test1" name="lspline"/>
    <testcase time="0.00100000000020373" classname="ds.lspline_smk_test1" name="lspline"/>
    <testcase time="0.000999999999748979" classname="ds.lspline_smk_test1" name="lspline"/>
    <testcase time="0.00199999999995271" classname="ds.lspline_smk_test1" name="lspline"/>
    <testcase time="0.00100000000020373" classname="ds.lspline_smk_test1" name="lspline"/>
    <testcase time="0.000999999999748979" classname="ds.lspline_smk_test1" name="lspline"/>
    <testcase time="0.00100000000020373" classname="ds.lspline_smk_test1" name="lspline"/>
    <testcase time="0.248000000000047" classname="ds.lspline_smk_test1" name="lspline"/>
    <testcase time="0.00199999999995271" classname="ds.lspline_smk_test1" name="lspline"/>
    <testcase time="0.000999999999748979" classname="ds.lspline_smk_test1" name="lspline"/>
    <testcase time="0.00100000000020373" classname="ds.lspline_smk_test1" name="lspline"/>
    <testcase time="0.00100000000020373" classname="ds.lspline_smk_test1" name="lspline"/>
    <testcase time="0.00199999999995271" classname="ds.lspline_smk_test1" name="lspline"/>
    <testcase time="0.000999999999748979" classname="ds.lspline_smk_test1" name="lspline"/>
    <testcase time="0.00100000000020373" classname="ds.lspline_smk_test1" name="lspline"/>
    <testcase time="0.000999999999748979" classname="ds.lspline_smk_test1" name="lspline"/>
    <testcase time="0.00199999999995271" classname="ds.lspline_smk_test1" name="lspline"/>
    <testcase time="0.00100000000020373" classname="ds.lspline_smk_test1" name="lspline"/>
    <testcase time="0.00100000000020373" classname="ds.lspline_smk_test1" name="lspline"/>
    <testcase time="0.000999999999748979" classname="ds.lspline_smk_test1" name="lspline"/>
    <testcase time="0.00199999999995271" classname="ds.lspline_smk_test1" name="lspline"/>
    <testcase time="0.00199999999995271" classname="ds.lspline_smk_test1" name="lspline"/>
    <testcase time="0.00199999999995271" classname="ds.lspline_smk_test1" name="lspline"/>
    <testcase time="0.00200000000040745" classname="ds.lspline_smk_test1" name="lspline"/>
    <testcase time="0.00299999999970169" classname="ds.lspline_smk_test1" name="lspline"/>
    <testcase time="0.00100000000020373" classname="ds.lspline_smk_test1" name="lspline"/>
    <testcase time="0.00199999999995271" classname="ds.lspline_smk_test1" name="lspline"/>
    <testcase time="0.000999999999748979" classname="ds.lspline_smk_test1" name="lspline"/>
    <testcase time="0.00100000000020373" classname="ds.lspline_smk_test1" name="lspline"/>
    <testcase time="0.00199999999995271" classname="ds.lspline_smk_test1" name="lspline"/>
    <testcase time="0.00100000000020373" classname="ds.lspline_smk_test1" name="lspline"/>
    <testcase time="0.000999999999748979" classname="ds.lspline_smk_test1" name="lspline"/>
    <testcase time="0.00199999999995271" classname="ds.lspline_smk_test1" name="lspline"/>
    <testcase time="0.00100000000020373" classname="ds.lspline_smk_test1" name="lspline"/>
    <testcase time="0.000999999999748979" classname="ds.lspline_smk_test1" name="lspline"/>
    <testcase time="0.00199999999995271" classname="ds.lspline_smk_test1" name="lspline"/>
    <testcase time="0.00100000000020373" classname="ds.lspline_smk_test1" name="lspline"/>
    <testcase time="0.00100000000020373" classname="ds.lspline_smk_test1" name="lspline"/>
  </testsuite>
  <testsuite name="ds.lspline::smk::shutdown" timestamp="2025-09-19T12:13:12Z" hostname="runnervmf4ws1" tests="3" skipped="0" failures="0" errors="0" time="0.058">
    <testcase time="0.0559999999995853" classname="ds.lspline_smk_shutdown" name="shutdown"/>
    <testcase time="0.00100000000020373" classname="ds.lspline_smk_shutdown" name="shutdown"/>
    <testcase time="0.00100000000020373" classname="ds.lspline_smk_shutdown" name="shutdown"/>
  </testsuite>
  <testsuite name="ds.qlspline::smk::done" timestamp="2025-09-19T12:13:13Z" hostname="runnervmf4ws1" tests="0" skipped="0" failures="0" errors="0" time="0"/>
  <testsuite name="smk-ds.make" timestamp="2025-09-19T12:13:13Z" hostname="runnervmf4ws1" tests="0" skipped="0" failures="0" errors="0" time="0"/>
  <testsuite name="ds.make::smk::setup" timestamp="2025-09-19T12:13:13Z" hostname="runnervmf4ws1" tests="3" skipped="0" failures="0" errors="0" time="7.539">
    <testcase time="7.5359999999996" classname="ds.make_smk_setup" name="setup"/>
    <testcase time="0.00100000000020373" classname="ds.make_smk_setup" name="setup"/>
    <testcase time="0.00199999999995271" classname="ds.make_smk_setup" name="setup"/>
  </testsuite>
  <testsuite name="ds.make::smk" timestamp="2025-09-19T12:13:20Z" hostname="runnervmf4ws1" tests="3" skipped="0" failures="0" errors="0" time="0.147">
    <testcase time="0.144000000000233" classname="ds.make_smk" name="simple_make"/>
    <testcase time="0.00199999999995271" classname="ds.make_smk" name="simple_make"/>
    <testcase time="0.000999999999748979" classname="ds.make_smk" name="simple_make"/>
  </testsuite>
  <testsuite name="ds.make::smk" timestamp="2025-09-19T12:13:20Z" hostname="runnervmf4ws1" tests="3" skipped="0" failures="0" errors="0" time="0.15">
    <testcase time="0.146999999999935" classname="ds.make_smk" name="simple_make"/>
    <testcase time="0.00100000000020373" classname="ds.make_smk" name="simple_make"/>
    <testcase time="0.00199999999995271" classname="ds.make_smk" name="simple_make"/>
  </testsuite>
  <testsuite name="ds.make::smk" timestamp="2025-09-19T12:13:20Z" hostname="runnervmf4ws1" tests="3" skipped="0" failures="0" errors="0" time="0.146">
    <testcase time="0.144000000000233" classname="ds.make_smk" name="simple_make"/>
    <testcase time="0.000999999999748979" classname="ds.make_smk" name="simple_make"/>
    <testcase time="0.00100000000020373" classname="ds.make_smk" name="simple_make"/>
  </testsuite>
  <testsuite name="ds.make::smk::shutdown" timestamp="2025-09-19T12:13:20Z" hostname="runnervmf4ws1" tests="3" skipped="0" failures="0" errors="0" time="0.064">
    <testcase time="0.0609999999996944" classname="ds.make_smk_shutdown" name="shutdown"/>
    <testcase time="0.00199999999995271" classname="ds.make_smk_shutdown" name="shutdown"/>
    <testcase time="0.00100000000020373" classname="ds.make_smk_shutdown" name="shutdown"/>
  </testsuite>
  <testsuite name="ds.make::smk::done" timestamp="2025-09-19T12:13:21Z" hostname="runnervmf4ws1" tests="0" skipped="0" failures="0" errors="0" time="0"/>
  <testsuite name="smk-ds.matrix" timestamp="2025-09-19T12:13:21Z" hostname="runnervmf4ws1" tests="0" skipped="0" failures="0" errors="0" time="0"/>
  <testsuite name="ds.matrix::smk::setup" timestamp="2025-09-19T12:13:21Z" hostname="runnervmf4ws1" tests="3" skipped="0" failures="0" errors="0" time="7.526">
    <testcase time="7.52300000000014" classname="ds.matrix_smk_setup" name="setup"/>
    <testcase time="0.00199999999995271" classname="ds.matrix_smk_setup" name="setup"/>
    <testcase time="0.000999999999748979" classname="ds.matrix_smk_setup" name="setup"/>
  </testsuite>
  <testsuite name="ds.matrix::smk" timestamp="2025-09-19T12:13:28Z" hostname="runnervmf4ws1" tests="7" skipped="0" failures="0" errors="0" time="0.292">
    <testcase time="0.19800000000032" classname="ds.matrix_smk" name="simplest_ds.matrix"/>
    <testcase time="0.00199999999995271" classname="ds.matrix_smk" name="simplest_ds.matrix"/>
    <testcase time="0.000999999999748979" classname="ds.matrix_smk" name="simplest_ds.matrix"/>
    <testcase time="0.0820000000003347" classname="ds.matrix_smk" name="simplest_ds.matrix"/>
    <testcase time="0.00299999999970169" classname="ds.matrix_smk" name="simplest_ds.matrix"/>
    <testcase time="0.00300000000015643" classname="ds.matrix_smk" name="simplest_ds.matrix"/>
    <testcase time="0.00299999999970169" classname="ds.matrix_smk" name="simplest_ds.matrix"/>
  </testsuite>
  <testsuite name="ds.matrix::smk::shutdown" timestamp="2025-09-19T12:13:28Z" hostname="runnervmf4ws1" tests="3" skipped="0" failures="0" errors="0" time="0.05">
    <testcase time="0.0480000000002292" classname="ds.matrix_smk_shutdown" name="shutdown"/>
    <testcase time="0.00100000000020373" classname="ds.matrix_smk_shutdown" name="shutdown"/>
    <testcase time="0.000999999999748979" classname="ds.matrix_smk_shutdown" name="shutdown"/>
  </testsuite>
  <testsuite name="ds.matrix::smk::done" timestamp="2025-09-19T12:13:29Z" hostname="runnervmf4ws1" tests="0" skipped="0" failures="0" errors="0" time="0"/>
  <testsuite name="smk-ds.matrixDet" timestamp="2025-09-19T12:13:29Z" hostname="runnervmf4ws1" tests="0" skipped="0" failures="0" errors="0" time="0"/>
  <testsuite name="ds.matrixDet::smk::setup" timestamp="2025-09-19T12:13:29Z" hostname="runnervmf4ws1" tests="3" skipped="0" failures="0" errors="0" time="7.526">
    <testcase time="7.52399999999989" classname="ds.matrixDet_smk_setup" name="setup"/>
    <testcase time="0.00100000000020373" classname="ds.matrixDet_smk_setup" name="setup"/>
    <testcase time="0.000999999999748979" classname="ds.matrixDet_smk_setup" name="setup"/>
  </testsuite>
  <testsuite name="ds.matrixDet::smk" timestamp="2025-09-19T12:13:36Z" hostname="runnervmf4ws1" tests="7" skipped="0" failures="0" errors="0" time="0.455">
    <testcase time="0.361000000000331" classname="ds.matrixDet_smk" name="simplest_ds.matrixDet"/>
    <testcase time="0.000999999999748979" classname="ds.matrixDet_smk" name="simplest_ds.matrixDet"/>
    <testcase time="0.00199999999995271" classname="ds.matrixDet_smk" name="simplest_ds.matrixDet"/>
    <testcase time="0.0869999999999891" classname="ds.matrixDet_smk" name="simplest_ds.matrixDet"/>
    <testcase time="0.00100000000020373" classname="ds.matrixDet_smk" name="simplest_ds.matrixDet"/>
    <testcase time="0.000999999999748979" classname="ds.matrixDet_smk" name="simplest_ds.matrixDet"/>
    <testcase time="0.00200000000040745" classname="ds.matrixDet_smk" name="simplest_ds.matrixDet"/>
  </testsuite>
  <testsuite name="ds.matrixDet::smk::shutdown" timestamp="2025-09-19T12:13:36Z" hostname="runnervmf4ws1" tests="3" skipped="0" failures="0" errors="0" time="0.05">
    <testcase time="0.0470000000000255" classname="ds.matrixDet_smk_shutdown" name="shutdown"/>
    <testcase time="0.00199999999995271" classname="ds.matrixDet_smk_shutdown" name="shutdown"/>
    <testcase time="0.000999999999748979" classname="ds.matrixDet_smk_shutdown" name="shutdown"/>
  </testsuite>
  <testsuite name="ds.matrixDet::smk::done" timestamp="2025-09-19T12:13:37Z" hostname="runnervmf4ws1" tests="0" skipped="0" failures="0" errors="0" time="0"/>
  <testsuite name="smk-ds.matrixDet.report" timestamp="2025-09-19T12:13:37Z" hostname="runnervmf4ws1" tests="0" skipped="0" failures="0" errors="0" time="0"/>
  <testsuite name="ds.matrixDet.report::smk::setup" timestamp="2025-09-19T12:13:37Z" hostname="runnervmf4ws1" tests="3" skipped="0" failures="0" errors="0" time="7.575">
    <testcase time="7.57299999999987" classname="ds.matrixDet.report_smk_setup" name="setup"/>
    <testcase time="0.00100000000020373" classname="ds.matrixDet.report_smk_setup" name="setup"/>
    <testcase time="0.00100000000020373" classname="ds.matrixDet.report_smk_setup" name="setup"/>
  </testsuite>
  <testsuite name="ds.matrixDet.report::smk" timestamp="2025-09-19T12:13:44Z" hostname="runnervmf4ws1" tests="14" skipped="0" failures="0" errors="0" time="0.219">
    <testcase time="0.202999999999975" classname="ds.matrixDet.report_smk" name="simplest_ds.matrixDet.report"/>
    <testcase time="0.00199999999995271" classname="ds.matrixDet.report_smk" name="simplest_ds.matrixDet.report"/>
    <testcase time="0.000999999999748979" classname="ds.matrixDet.report_smk" name="simplest_ds.matrixDet.report"/>
    <testcase time="0.00100000000020373" classname="ds.matrixDet.report_smk" name="simplest_ds.matrixDet.report"/>
    <testcase time="0.000999999999748979" classname="ds.matrixDet.report_smk" name="simplest_ds.matrixDet.report"/>
    <testcase time="0.00100000000020373" classname="ds.matrixDet.report_smk" name="simplest_ds.matrixDet.report"/>
    <testcase time="0.00199999999995271" classname="ds.matrixDet.report_smk" name="simplest_ds.matrixDet.report"/>
    <testcase time="0.00100000000020373" classname="ds.matrixDet.report_smk" name="simplest_ds.matrixDet.report"/>
    <testcase time="0.000999999999748979" classname="ds.matrixDet.report_smk" name="simplest_ds.matrixDet.report"/>
    <testcase time="0.00100000000020373" classname="ds.matrixDet.report_smk" name="simplest_ds.matrixDet.report"/>
    <testcase time="0.000999999999748979" classname="ds.matrixDet.report_smk" name="simplest_ds.matrixDet.report"/>
    <testcase time="0.00100000000020373" classname="ds.matrixDet.report_smk" name="simplest_ds.matrixDet.report"/>
    <testcase time="0.00199999999995271" classname="ds.matrixDet.report_smk" name="simplest_ds.matrixDet.report"/>
    <testcase time="0.000999999999748979" classname="ds.matrixDet.report_smk" name="simplest_ds.matrixDet.report"/>
  </testsuite>
  <testsuite name="ds.matrixDet.report::smk::shutdown" timestamp="2025-09-19T12:13:44Z" hostname="runnervmf4ws1" tests="3" skipped="0" failures="0" errors="0" time="0.049">
    <testcase time="0.0470000000000255" classname="ds.matrixDet.report_smk_shutdown" name="shutdown"/>
    <testcase time="0.00100000000020373" classname="ds.matrixDet.report_smk_shutdown" name="shutdown"/>
    <testcase time="0.00100000000020373" classname="ds.matrixDet.report_smk_shutdown" name="shutdown"/>
  </testsuite>
  <testsuite name="ds.matrixDet.report::smk::done" timestamp="2025-09-19T12:13:44Z" hostname="runnervmf4ws1" tests="0" skipped="0" failures="0" errors="0" time="0"/>
  <testsuite name="smk-ds.matrixDiag" timestamp="2025-09-19T12:13:44Z" hostname="runnervmf4ws1" tests="0" skipped="0" failures="0" errors="0" time="0"/>
  <testsuite name="ds.matrixDiag::smk::setup" timestamp="2025-09-19T12:13:44Z" hostname="runnervmf4ws1" tests="3" skipped="0" failures="0" errors="0" time="7.525">
    <testcase time="7.52299999999968" classname="ds.matrixDiag_smk_setup" name="setup"/>
    <testcase time="0.00100000000020373" classname="ds.matrixDiag_smk_setup" name="setup"/>
    <testcase time="0.000999999999748979" classname="ds.matrixDiag_smk_setup" name="setup"/>
  </testsuite>
  <testsuite name="ds.matrixDiag::smk" timestamp="2025-09-19T12:13:52Z" hostname="runnervmf4ws1" tests="7" skipped="0" failures="0" errors="0" time="0.283">
    <testcase time="0.197000000000116" classname="ds.matrixDiag_smk" name="simplest_ds.matrixDiag"/>
    <testcase time="0.00100000000020373" classname="ds.matrixDiag_smk" name="simplest_ds.matrixDiag"/>
    <testcase time="0.000999999999748979" classname="ds.matrixDiag_smk" name="simplest_ds.matrixDiag"/>
    <testcase time="0.0760000000000218" classname="ds.matrixDiag_smk" name="simplest_ds.matrixDiag"/>
    <testcase time="0.00300000000015643" classname="ds.matrixDiag_smk" name="simplest_ds.matrixDiag"/>
    <testcase time="0.00199999999995271" classname="ds.matrixDiag_smk" name="simplest_ds.matrixDiag"/>
    <testcase time="0.00300000000015643" classname="ds.matrixDiag_smk" name="simplest_ds.matrixDiag"/>
  </testsuite>
  <testsuite name="ds.matrixDiag::smk" timestamp="2025-09-19T12:13:52Z" hostname="runnervmf4ws1" tests="7" skipped="0" failures="0" errors="0" time="0.237">
    <testcase time="0.145999999999731" classname="ds.matrixDiag_smk" name="simplest_ds.matrixDiag"/>
    <testcase time="0.00100000000020373" classname="ds.matrixDiag_smk" name="simplest_ds.matrixDiag"/>
    <testcase time="0.00199999999995271" classname="ds.matrixDiag_smk" name="simplest_ds.matrixDiag"/>
    <testcase time="0.0799999999999272" classname="ds.matrixDiag_smk" name="simplest_ds.matrixDiag"/>
    <testcase time="0.00300000000015643" classname="ds.matrixDiag_smk" name="simplest_ds.matrixDiag"/>
    <testcase time="0.00299999999970169" classname="ds.matrixDiag_smk" name="simplest_ds.matrixDiag"/>
    <testcase time="0.00199999999995271" classname="ds.matrixDiag_smk" name="simplest_ds.matrixDiag"/>
  </testsuite>
  <testsuite name="ds.matrixDiag::smk::shutdown" timestamp="2025-09-19T12:13:52Z" hostname="runnervmf4ws1" tests="3" skipped="0" failures="0" errors="0" time="0.061">
    <testcase time="0.0579999999999927" classname="ds.matrixDiag_smk_shutdown" name="shutdown"/>
    <testcase time="0.00199999999995271" classname="ds.matrixDiag_smk_shutdown" name="shutdown"/>
    <testcase time="0.00100000000020373" classname="ds.matrixDiag_smk_shutdown" name="shutdown"/>
  </testsuite>
  <testsuite name="ds.matrixDiag::smk::done" timestamp="2025-09-19T12:13:53Z" hostname="runnervmf4ws1" tests="0" skipped="0" failures="0" errors="0" time="0"/>
  <testsuite name="smk-ds.matrixDimnames" timestamp="2025-09-19T12:13:53Z" hostname="runnervmf4ws1" tests="0" skipped="0" failures="0" errors="0" time="0"/>
  <testsuite name="ds.matrixDimnames::smk::setup" timestamp="2025-09-19T12:13:53Z" hostname="runnervmf4ws1" tests="3" skipped="0" failures="0" errors="0" time="7.513">
    <testcase time="7.51000000000022" classname="ds.matrixDimnames_smk_setup" name="setup"/>
    <testcase time="0.00199999999995271" classname="ds.matrixDimnames_smk_setup" name="setup"/>
    <testcase time="0.000999999999748979" classname="ds.matrixDimnames_smk_setup" name="setup"/>
  </testsuite>
  <testsuite name="ds.matrixDimnames::smk" timestamp="2025-09-19T12:14:00Z" hostname="runnervmf4ws1" tests="7" skipped="0" failures="0" errors="0" time="0.405">
    <testcase time="0.317000000000007" classname="ds.matrixDimnames_smk" name="simplest_ds.matrixDimnames"/>
    <testcase time="0.00100000000020373" classname="ds.matrixDimnames_smk" name="simplest_ds.matrixDimnames"/>
    <testcase time="0.000999999999748979" classname="ds.matrixDimnames_smk" name="simplest_ds.matrixDimnames"/>
    <testcase time="0.0779999999999745" classname="ds.matrixDimnames_smk" name="simplest_ds.matrixDimnames"/>
    <testcase time="0.00300000000015643" classname="ds.matrixDimnames_smk" name="simplest_ds.matrixDimnames"/>
    <testcase time="0.00199999999995271" classname="ds.matrixDimnames_smk" name="simplest_ds.matrixDimnames"/>
    <testcase time="0.00300000000015643" classname="ds.matrixDimnames_smk" name="simplest_ds.matrixDimnames"/>
  </testsuite>
  <testsuite name="ds.matrixDimnames::smk::shutdown" timestamp="2025-09-19T12:14:00Z" hostname="runnervmf4ws1" tests="3" skipped="0" failures="0" errors="0" time="0.055">
    <testcase time="0.0529999999998836" classname="ds.matrixDimnames_smk_shutdown" name="shutdown"/>
    <testcase time="0.00100000000020373" classname="ds.matrixDimnames_smk_shutdown" name="shutdown"/>
    <testcase time="0.000999999999748979" classname="ds.matrixDimnames_smk_shutdown" name="shutdown"/>
  </testsuite>
  <testsuite name="ds.matrixDimnames::smk::done" timestamp="2025-09-19T12:14:01Z" hostname="runnervmf4ws1" tests="0" skipped="0" failures="0" errors="0" time="0"/>
  <testsuite name="smk-ds.matrixInvert" timestamp="2025-09-19T12:14:01Z" hostname="runnervmf4ws1" tests="0" skipped="0" failures="0" errors="0" time="0"/>
  <testsuite name="ds.matrixInvert::smk::setup" timestamp="2025-09-19T12:14:01Z" hostname="runnervmf4ws1" tests="3" skipped="0" failures="0" errors="0" time="7.53">
    <testcase time="7.52800000000025" classname="ds.matrixInvert_smk_setup" name="setup"/>
    <testcase time="0.000999999999748979" classname="ds.matrixInvert_smk_setup" name="setup"/>
    <testcase time="0.00100000000020373" classname="ds.matrixInvert_smk_setup" name="setup"/>
  </testsuite>
  <testsuite name="ds.matrixInvert::smk" timestamp="2025-09-19T12:14:08Z" hostname="runnervmf4ws1" tests="7" skipped="0" failures="0" errors="0" time="0.417">
    <testcase time="0.322999999999865" classname="ds.matrixInvert_smk" name="simplest_ds.matrixInvert"/>
    <testcase time="0.00199999999995271" classname="ds.matrixInvert_smk" name="simplest_ds.matrixInvert"/>
    <testcase time="0.00100000000020373" classname="ds.matrixInvert_smk" name="simplest_ds.matrixInvert"/>
    <testcase time="0.0829999999996289" classname="ds.matrixInvert_smk" name="simplest_ds.matrixInvert"/>
    <testcase time="0.00300000000015643" classname="ds.matrixInvert_smk" name="simplest_ds.matrixInvert"/>
    <testcase time="0.00300000000015643" classname="ds.matrixInvert_smk" name="simplest_ds.matrixInvert"/>
    <testcase time="0.00199999999995271" classname="ds.matrixInvert_smk" name="simplest_ds.matrixInvert"/>
  </testsuite>
  <testsuite name="ds.matrixInvert::smk::shutdown" timestamp="2025-09-19T12:14:08Z" hostname="runnervmf4ws1" tests="3" skipped="0" failures="0" errors="0" time="0.058">
    <testcase time="0.05600000000004" classname="ds.matrixInvert_smk_shutdown" name="shutdown"/>
    <testcase time="0.000999999999748979" classname="ds.matrixInvert_smk_shutdown" name="shutdown"/>
    <testcase time="0.00100000000020373" classname="ds.matrixInvert_smk_shutdown" name="shutdown"/>
  </testsuite>
  <testsuite name="ds.matrixInvert::smk::done" timestamp="2025-09-19T12:14:09Z" hostname="runnervmf4ws1" tests="0" skipped="0" failures="0" errors="0" time="0"/>
  <testsuite name="smk-ds.matrixMult" timestamp="2025-09-19T12:14:09Z" hostname="runnervmf4ws1" tests="0" skipped="0" failures="0" errors="0" time="0"/>
  <testsuite name="ds.matrixMult::smk::setup" timestamp="2025-09-19T12:14:09Z" hostname="runnervmf4ws1" tests="3" skipped="0" failures="0" errors="0" time="7.562">
    <testcase time="7.55999999999995" classname="ds.matrixMult_smk_setup" name="setup"/>
    <testcase time="0.00100000000020373" classname="ds.matrixMult_smk_setup" name="setup"/>
    <testcase time="0.000999999999748979" classname="ds.matrixMult_smk_setup" name="setup"/>
  </testsuite>
  <testsuite name="ds.matrixMult::smk" timestamp="2025-09-19T12:14:16Z" hostname="runnervmf4ws1" tests="7" skipped="0" failures="0" errors="0" time="0.548">
    <testcase time="0.458000000000084" classname="ds.matrixMult_smk" name="simplest_ds.matrixMult"/>
    <testcase time="0.00199999999995271" classname="ds.matrixMult_smk" name="simplest_ds.matrixMult"/>
    <testcase time="0.00100000000020373" classname="ds.matrixMult_smk" name="simplest_ds.matrixMult"/>
    <testcase time="0.0779999999999745" classname="ds.matrixMult_smk" name="simplest_ds.matrixMult"/>
    <testcase time="0.00299999999970169" classname="ds.matrixMult_smk" name="simplest_ds.matrixMult"/>
    <testcase time="0.00300000000015643" classname="ds.matrixMult_smk" name="simplest_ds.matrixMult"/>
    <testcase time="0.00300000000015643" classname="ds.matrixMult_smk" name="simplest_ds.matrixMult"/>
  </testsuite>
  <testsuite name="ds.matrixMult::smk::shutdown" timestamp="2025-09-19T12:14:16Z" hostname="runnervmf4ws1" tests="3" skipped="0" failures="0" errors="0" time="0.049">
    <testcase time="0.0470000000000255" classname="ds.matrixMult_smk_shutdown" name="shutdown"/>
    <testcase time="0.000999999999748979" classname="ds.matrixMult_smk_shutdown" name="shutdown"/>
    <testcase time="0.00100000000020373" classname="ds.matrixMult_smk_shutdown" name="shutdown"/>
  </testsuite>
  <testsuite name="ds.matrixMult::smk::done" timestamp="2025-09-19T12:14:17Z" hostname="runnervmf4ws1" tests="0" skipped="0" failures="0" errors="0" time="0"/>
  <testsuite name="smk-ds.matrixTranspose" timestamp="2025-09-19T12:14:17Z" hostname="runnervmf4ws1" tests="0" skipped="0" failures="0" errors="0" time="0"/>
  <testsuite name="ds.matrixTranspose::smk::setup" timestamp="2025-09-19T12:14:17Z" hostname="runnervmf4ws1" tests="3" skipped="0" failures="0" errors="0" time="7.588">
    <testcase time="7.58599999999979" classname="ds.matrixTranspose_smk_setup" name="setup"/>
    <testcase time="0.000999999999748979" classname="ds.matrixTranspose_smk_setup" name="setup"/>
    <testcase time="0.00100000000020373" classname="ds.matrixTranspose_smk_setup" name="setup"/>
  </testsuite>
  <testsuite name="ds.matrixTranspose::smk" timestamp="2025-09-19T12:14:24Z" hostname="runnervmf4ws1" tests="7" skipped="0" failures="0" errors="0" time="0.433">
    <testcase time="0.342999999999847" classname="ds.matrixTranspose_smk" name="simplest_ds.matrixTranspose"/>
    <testcase time="0.00100000000020373" classname="ds.matrixTranspose_smk" name="simplest_ds.matrixTranspose"/>
    <testcase time="0.000999999999748979" classname="ds.matrixTranspose_smk" name="simplest_ds.matrixTranspose"/>
    <testcase time="0.0799999999999272" classname="ds.matrixTranspose_smk" name="simplest_ds.matrixTranspose"/>
    <testcase time="0.00300000000015643" classname="ds.matrixTranspose_smk" name="simplest_ds.matrixTranspose"/>
    <testcase time="0.00199999999995271" classname="ds.matrixTranspose_smk" name="simplest_ds.matrixTranspose"/>
    <testcase time="0.00300000000015643" classname="ds.matrixTranspose_smk" name="simplest_ds.matrixTranspose"/>
  </testsuite>
  <testsuite name="ds.matrixTranspose::smk::shutdown" timestamp="2025-09-19T12:14:24Z" hostname="runnervmf4ws1" tests="3" skipped="0" failures="0" errors="0" time="0.057">
    <testcase time="0.0549999999998363" classname="ds.matrixTranspose_smk_shutdown" name="shutdown"/>
    <testcase time="0.00100000000020373" classname="ds.matrixTranspose_smk_shutdown" name="shutdown"/>
    <testcase time="0.000999999999748979" classname="ds.matrixTranspose_smk_shutdown" name="shutdown"/>
  </testsuite>
  <testsuite name="ds.matrixTranspose::smk::done" timestamp="2025-09-19T12:14:25Z" hostname="runnervmf4ws1" tests="0" skipped="0" failures="0" errors="0" time="0"/>
  <testsuite name="smk-ds.mean" timestamp="2025-09-19T12:14:25Z" hostname="runnervmf4ws1" tests="0" skipped="0" failures="0" errors="0" time="0"/>
  <testsuite name="ds.mean::smk::setup" timestamp="2025-09-19T12:14:25Z" hostname="runnervmf4ws1" tests="3" skipped="0" failures="0" errors="0" time="7.556">
    <testcase time="7.55300000000034" classname="ds.mean_smk_setup" name="setup"/>
    <testcase time="0.00199999999995271" classname="ds.mean_smk_setup" name="setup"/>
    <testcase time="0.000999999999748979" classname="ds.mean_smk_setup" name="setup"/>
  </testsuite>
  <testsuite name="ds.mean::smk::type=combine" timestamp="2025-09-19T12:14:32Z" hostname="runnervmf4ws1" tests="23" skipped="0" failures="0" errors="0" time="0.28">
    <testcase time="0.197999999999865" classname="ds.mean_smk_type_combine" name="mean_values_combine_"/>
    <testcase time="0.00100000000020373" classname="ds.mean_smk_type_combine" name="mean_values_combine_"/>
    <testcase time="0.00199999999995271" classname="ds.mean_smk_type_combine" name="mean_values_combine_"/>
    <testcase time="0.00100000000020373" classname="ds.mean_smk_type_combine" name="mean_values_combine_"/>
    <testcase time="0.000999999999748979" classname="ds.mean_smk_type_combine" name="mean_values_combine_"/>
    <testcase time="0.00199999999995271" classname="ds.mean_smk_type_combine" name="mean_values_combine_"/>
    <testcase time="0.00100000000020373" classname="ds.mean_smk_type_combine" name="mean_values_combine_"/>
    <testcase time="0.000999999999748979" classname="ds.mean_smk_type_combine" name="mean_values_combine_"/>
    <testcase time="0.00100000000020373" classname="ds.mean_smk_type_combine" name="mean_values_combine_"/>
    <testcase time="0.00100000000020373" classname="ds.mean_smk_type_combine" name="mean_values_combine_"/>
    <testcase time="0.00199999999995271" classname="ds.mean_smk_type_combine" name="mean_values_combine_"/>
    <testcase time="0.0409999999997126" classname="ds.mean_smk_type_combine" name="mean_values_combine_"/>
    <testcase time="0.00199999999995271" classname="ds.mean_smk_type_combine" name="mean_values_combine_"/>
    <testcase time="0.00300000000015643" classname="ds.mean_smk_type_combine" name="mean_values_combine_"/>
    <testcase time="0.00199999999995271" classname="ds.mean_smk_type_combine" name="mean_values_combine_"/>
    <testcase time="0.00299999999970169" classname="ds.mean_smk_type_combine" name="mean_values_combine_"/>
    <testcase time="0.00300000000015643" classname="ds.mean_smk_type_combine" name="mean_values_combine_"/>
    <testcase time="0.00199999999995271" classname="ds.mean_smk_type_combine" name="mean_values_combine_"/>
    <testcase time="0.00300000000015643" classname="ds.mean_smk_type_combine" name="mean_values_combine_"/>
    <testcase time="0.00199999999995271" classname="ds.mean_smk_type_combine" name="mean_values_combine_"/>
    <testcase time="0.00300000000015643" classname="ds.mean_smk_type_combine" name="mean_values_combine_"/>
    <testcase time="0.00299999999970169" classname="ds.mean_smk_type_combine" name="mean_values_combine_"/>
    <testcase time="0.00199999999995271" classname="ds.mean_smk_type_combine" name="mean_values_combine_"/>
  </testsuite>
  <testsuite name="ds.mean::smk::type=split" timestamp="2025-09-19T12:14:32Z" hostname="runnervmf4ws1" tests="31" skipped="0" failures="0" errors="0" time="0.314">
    <testcase time="0.218000000000302" classname="ds.mean_smk_type_split" name="mean_values_split_"/>
    <testcase time="0.00199999999995271" classname="ds.mean_smk_type_split" name="mean_values_split_"/>
    <testcase time="0.000999999999748979" classname="ds.mean_smk_type_split" name="mean_values_split_"/>
    <testcase time="0.00100000000020373" classname="ds.mean_smk_type_split" name="mean_values_split_"/>
    <testcase time="0.000999999999748979" classname="ds.mean_smk_type_split" name="mean_values_split_"/>
    <testcase time="0.00200000000040745" classname="ds.mean_smk_type_split" name="mean_values_split_"/>
    <testcase time="0.000999999999748979" classname="ds.mean_smk_type_split" name="mean_values_split_"/>
    <testcase time="0.00100000000020373" classname="ds.mean_smk_type_split" name="mean_values_split_"/>
    <testcase time="0.000999999999748979" classname="ds.mean_smk_type_split" name="mean_values_split_"/>
    <testcase time="0.00199999999995271" classname="ds.mean_smk_type_split" name="mean_values_split_"/>
    <testcase time="0.00100000000020373" classname="ds.mean_smk_type_split" name="mean_values_split_"/>
    <testcase time="0.000999999999748979" classname="ds.mean_smk_type_split" name="mean_values_split_"/>
    <testcase time="0.00199999999995271" classname="ds.mean_smk_type_split" name="mean_values_split_"/>
    <testcase time="0.00100000000020373" classname="ds.mean_smk_type_split" name="mean_values_split_"/>
    <testcase time="0.00100000000020373" classname="ds.mean_smk_type_split" name="mean_values_split_"/>
    <testcase time="0.000999999999748979" classname="ds.mean_smk_type_split" name="mean_values_split_"/>
    <testcase time="0.00199999999995271" classname="ds.mean_smk_type_split" name="mean_values_split_"/>
    <testcase time="0.00100000000020373" classname="ds.mean_smk_type_split" name="mean_values_split_"/>
    <testcase time="0.000999999999748979" classname="ds.mean_smk_type_split" name="mean_values_split_"/>
    <testcase time="0.0450000000000728" classname="ds.mean_smk_type_split" name="mean_values_split_"/>
    <testcase time="0.00199999999995271" classname="ds.mean_smk_type_split" name="mean_values_split_"/>
    <testcase time="0.00199999999995271" classname="ds.mean_smk_type_split" name="mean_values_split_"/>
    <testcase time="0.00300000000015643" classname="ds.mean_smk_type_split" name="mean_values_split_"/>
    <testcase time="0.00199999999995271" classname="ds.mean_smk_type_split" name="mean_values_split_"/>
    <testcase time="0.00299999999970169" classname="ds.mean_smk_type_split" name="mean_values_split_"/>
    <testcase time="0.00300000000015643" classname="ds.mean_smk_type_split" name="mean_values_split_"/>
    <testcase time="0.00199999999995271" classname="ds.mean_smk_type_split" name="mean_values_split_"/>
    <testcase time="0.00300000000015643" classname="ds.mean_smk_type_split" name="mean_values_split_"/>
    <testcase time="0.00199999999995271" classname="ds.mean_smk_type_split" name="mean_values_split_"/>
    <testcase time="0.00300000000015643" classname="ds.mean_smk_type_split" name="mean_values_split_"/>
    <testcase time="0.00299999999970169" classname="ds.mean_smk_type_split" name="mean_values_split_"/>
  </testsuite>
  <testsuite name="ds.mean::smk::type=both" timestamp="2025-09-19T12:14:33Z" hostname="runnervmf4ws1" tests="36" skipped="0" failures="0" errors="0" time="0.32">
    <testcase time="0.210000000000036" classname="ds.mean_smk_type_both" name="mean_values_both_"/>
    <testcase time="0.00100000000020373" classname="ds.mean_smk_type_both" name="mean_values_both_"/>
    <testcase time="0.00199999999995271" classname="ds.mean_smk_type_both" name="mean_values_both_"/>
    <testcase time="0.000999999999748979" classname="ds.mean_smk_type_both" name="mean_values_both_"/>
    <testcase time="0.00100000000020373" classname="ds.mean_smk_type_both" name="mean_values_both_"/>
    <testcase time="0.000999999999748979" classname="ds.mean_smk_type_both" name="mean_values_both_"/>
    <testcase time="0.00200000000040745" classname="ds.mean_smk_type_both" name="mean_values_both_"/>
    <testcase time="0.000999999999748979" classname="ds.mean_smk_type_both" name="mean_values_both_"/>
    <testcase time="0.00100000000020373" classname="ds.mean_smk_type_both" name="mean_values_both_"/>
    <testcase time="0.000999999999748979" classname="ds.mean_smk_type_both" name="mean_values_both_"/>
    <testcase time="0.00199999999995271" classname="ds.mean_smk_type_both" name="mean_values_both_"/>
    <testcase time="0.00100000000020373" classname="ds.mean_smk_type_both" name="mean_values_both_"/>
    <testcase time="0.000999999999748979" classname="ds.mean_smk_type_both" name="mean_values_both_"/>
    <testcase time="0.00199999999995271" classname="ds.mean_smk_type_both" name="mean_values_both_"/>
    <testcase time="0.00100000000020373" classname="ds.mean_smk_type_both" name="mean_values_both_"/>
    <testcase time="0.00100000000020373" classname="ds.mean_smk_type_both" name="mean_values_both_"/>
    <testcase time="0.000999999999748979" classname="ds.mean_smk_type_both" name="mean_values_both_"/>
    <testcase time="0.00199999999995271" classname="ds.mean_smk_type_both" name="mean_values_both_"/>
    <testcase time="0.00100000000020373" classname="ds.mean_smk_type_both" name="mean_values_both_"/>
    <testcase time="0.000999999999748979" classname="ds.mean_smk_type_both" name="mean_values_both_"/>
    <testcase time="0.00100000000020373" classname="ds.mean_smk_type_both" name="mean_values_both_"/>
    <testcase time="0.00199999999995271" classname="ds.mean_smk_type_both" name="mean_values_both_"/>
    <testcase time="0.00100000000020373" classname="ds.mean_smk_type_both" name="mean_values_both_"/>
    <testcase time="0.000999999999748979" classname="ds.mean_smk_type_both" name="mean_values_both_"/>
    <testcase time="0.0520000000001346" classname="ds.mean_smk_type_both" name="mean_values_both_"/>
    <testcase time="0.00299999999970169" classname="ds.mean_smk_type_both" name="mean_values_both_"/>
    <testcase time="0.00200000000040745" classname="ds.mean_smk_type_both" name="mean_values_both_"/>
    <testcase time="0.00299999999970169" classname="ds.mean_smk_type_both" name="mean_values_both_"/>
    <testcase time="0.00300000000015643" classname="ds.mean_smk_type_both" name="mean_values_both_"/>
    <testcase time="0.00199999999995271" classname="ds.mean_smk_type_both" name="mean_values_both_"/>
    <testcase time="0.00300000000015643" classname="ds.mean_smk_type_both" name="mean_values_both_"/>
    <testcase time="0.00299999999970169" classname="ds.mean_smk_type_both" name="mean_values_both_"/>
    <testcase time="0.00199999999995271" classname="ds.mean_smk_type_both" name="mean_values_both_"/>
    <testcase time="0.00300000000015643" classname="ds.mean_smk_type_both" name="mean_values_both_"/>
    <testcase time="0.00300000000015643" classname="ds.mean_smk_type_both" name="mean_values_both_"/>
    <testcase time="0.00199999999995271" classname="ds.mean_smk_type_both" name="mean_values_both_"/>
  </testsuite>
  <testsuite name="ds.mean::smk::type=combine,save.mean.Nvalid=TRUE" timestamp="2025-09-19T12:14:33Z" hostname="runnervmf4ws1" tests="23" skipped="0" failures="0" errors="0" time="0.573">
    <testcase time="0.481999999999971" classname="ds.mean_smk_type_combine_save.mean.Nvalid_TRUE" name="mean_values_combine_"/>
    <testcase time="0.000999999999748979" classname="ds.mean_smk_type_combine_save.mean.Nvalid_TRUE" name="mean_values_combine_"/>
    <testcase time="0.00200000000040745" classname="ds.mean_smk_type_combine_save.mean.Nvalid_TRUE" name="mean_values_combine_"/>
    <testcase time="0.000999999999748979" classname="ds.mean_smk_type_combine_save.mean.Nvalid_TRUE" name="mean_values_combine_"/>
    <testcase time="0.00100000000020373" classname="ds.mean_smk_type_combine_save.mean.Nvalid_TRUE" name="mean_values_combine_"/>
    <testcase time="0.00199999999995271" classname="ds.mean_smk_type_combine_save.mean.Nvalid_TRUE" name="mean_values_combine_"/>
    <testcase time="0.000999999999748979" classname="ds.mean_smk_type_combine_save.mean.Nvalid_TRUE" name="mean_values_combine_"/>
    <testcase time="0.00100000000020373" classname="ds.mean_smk_type_combine_save.mean.Nvalid_TRUE" name="mean_values_combine_"/>
    <testcase time="0.000999999999748979" classname="ds.mean_smk_type_combine_save.mean.Nvalid_TRUE" name="mean_values_combine_"/>
    <testcase time="0.00800000000026557" classname="ds.mean_smk_type_combine_save.mean.Nvalid_TRUE" name="mean_values_combine_"/>
    <testcase time="0.00199999999995271" classname="ds.mean_smk_type_combine_save.mean.Nvalid_TRUE" name="mean_values_combine_"/>
    <testcase time="0.0430000000001201" classname="ds.mean_smk_type_combine_save.mean.Nvalid_TRUE" name="mean_values_combine_"/>
    <testcase time="0.00299999999970169" classname="ds.mean_smk_type_combine_save.mean.Nvalid_TRUE" name="mean_values_combine_"/>
    <testcase time="0.00199999999995271" classname="ds.mean_smk_type_combine_save.mean.Nvalid_TRUE" name="mean_values_combine_"/>
    <testcase time="0.00300000000015643" classname="ds.mean_smk_type_combine_save.mean.Nvalid_TRUE" name="mean_values_combine_"/>
    <testcase time="0.00199999999995271" classname="ds.mean_smk_type_combine_save.mean.Nvalid_TRUE" name="mean_values_combine_"/>
    <testcase time="0.00300000000015643" classname="ds.mean_smk_type_combine_save.mean.Nvalid_TRUE" name="mean_values_combine_"/>
    <testcase time="0.00199999999995271" classname="ds.mean_smk_type_combine_save.mean.Nvalid_TRUE" name="mean_values_combine_"/>
    <testcase time="0.00300000000015643" classname="ds.mean_smk_type_combine_save.mean.Nvalid_TRUE" name="mean_values_combine_"/>
    <testcase time="0.00299999999970169" classname="ds.mean_smk_type_combine_save.mean.Nvalid_TRUE" name="mean_values_combine_"/>
    <testcase time="0.00199999999995271" classname="ds.mean_smk_type_combine_save.mean.Nvalid_TRUE" name="mean_values_combine_"/>
    <testcase time="0.00300000000015643" classname="ds.mean_smk_type_combine_save.mean.Nvalid_TRUE" name="mean_values_combine_"/>
    <testcase time="0.00199999999995271" classname="ds.mean_smk_type_combine_save.mean.Nvalid_TRUE" name="mean_values_combine_"/>
  </testsuite>
  <testsuite name="ds.mean::smk::type=split,save.mean.Nvalid=TRUE" timestamp="2025-09-19T12:14:34Z" hostname="runnervmf4ws1" tests="31" skipped="0" failures="0" errors="0" time="0.584">
    <testcase time="0.481999999999971" classname="ds.mean_smk_type_split_save.mean.Nvalid_TRUE" name="mean_values_split_"/>
    <testcase time="0.00199999999995271" classname="ds.mean_smk_type_split_save.mean.Nvalid_TRUE" name="mean_values_split_"/>
    <testcase time="0.00100000000020373" classname="ds.mean_smk_type_split_save.mean.Nvalid_TRUE" name="mean_values_split_"/>
    <testcase time="0.000999999999748979" classname="ds.mean_smk_type_split_save.mean.Nvalid_TRUE" name="mean_values_split_"/>
    <testcase time="0.00800000000026557" classname="ds.mean_smk_type_split_save.mean.Nvalid_TRUE" name="mean_values_split_"/>
    <testcase time="0.00199999999995271" classname="ds.mean_smk_type_split_save.mean.Nvalid_TRUE" name="mean_values_split_"/>
    <testcase time="0.000999999999748979" classname="ds.mean_smk_type_split_save.mean.Nvalid_TRUE" name="mean_values_split_"/>
    <testcase time="0.00100000000020373" classname="ds.mean_smk_type_split_save.mean.Nvalid_TRUE" name="mean_values_split_"/>
    <testcase time="0.00100000000020373" classname="ds.mean_smk_type_split_save.mean.Nvalid_TRUE" name="mean_values_split_"/>
    <testcase time="0.00199999999995271" classname="ds.mean_smk_type_split_save.mean.Nvalid_TRUE" name="mean_values_split_"/>
    <testcase time="0.000999999999748979" classname="ds.mean_smk_type_split_save.mean.Nvalid_TRUE" name="mean_values_split_"/>
    <testcase time="0.00100000000020373" classname="ds.mean_smk_type_split_save.mean.Nvalid_TRUE" name="mean_values_split_"/>
    <testcase time="0.000999999999748979" classname="ds.mean_smk_type_split_save.mean.Nvalid_TRUE" name="mean_values_split_"/>
    <testcase time="0.00199999999995271" classname="ds.mean_smk_type_split_save.mean.Nvalid_TRUE" name="mean_values_split_"/>
    <testcase time="0.00100000000020373" classname="ds.mean_smk_type_split_save.mean.Nvalid_TRUE" name="mean_values_split_"/>
    <testcase time="0.00100000000020373" classname="ds.mean_smk_type_split_save.mean.Nvalid_TRUE" name="mean_values_split_"/>
    <testcase time="0.000999999999748979" classname="ds.mean_smk_type_split_save.mean.Nvalid_TRUE" name="mean_values_split_"/>
    <testcase time="0.00199999999995271" classname="ds.mean_smk_type_split_save.mean.Nvalid_TRUE" name="mean_values_split_"/>
    <testcase time="0.00100000000020373" classname="ds.mean_smk_type_split_save.mean.Nvalid_TRUE" name="mean_values_split_"/>
    <testcase time="0.043999999999869" classname="ds.mean_smk_type_split_save.mean.Nvalid_TRUE" name="mean_values_split_"/>
    <testcase time="0.00199999999995271" classname="ds.mean_smk_type_split_save.mean.Nvalid_TRUE" name="mean_values_split_"/>
    <testcase time="0.00300000000015643" classname="ds.mean_smk_type_split_save.mean.Nvalid_TRUE" name="mean_values_split_"/>
    <testcase time="0.00299999999970169" classname="ds.mean_smk_type_split_save.mean.Nvalid_TRUE" name="mean_values_split_"/>
    <testcase time="0.00200000000040745" classname="ds.mean_smk_type_split_save.mean.Nvalid_TRUE" name="mean_values_split_"/>
    <testcase time="0.00299999999970169" classname="ds.mean_smk_type_split_save.mean.Nvalid_TRUE" name="mean_values_split_"/>
    <testcase time="0.00199999999995271" classname="ds.mean_smk_type_split_save.mean.Nvalid_TRUE" name="mean_values_split_"/>
    <testcase time="0.00300000000015643" classname="ds.mean_smk_type_split_save.mean.Nvalid_TRUE" name="mean_values_split_"/>
    <testcase time="0.00199999999995271" classname="ds.mean_smk_type_split_save.mean.Nvalid_TRUE" name="mean_values_split_"/>
    <testcase time="0.00300000000015643" classname="ds.mean_smk_type_split_save.mean.Nvalid_TRUE" name="mean_values_split_"/>
    <testcase time="0.00199999999995271" classname="ds.mean_smk_type_split_save.mean.Nvalid_TRUE" name="mean_values_split_"/>
    <testcase time="0.00299999999970169" classname="ds.mean_smk_type_split_save.mean.Nvalid_TRUE" name="mean_values_split_"/>
  </testsuite>
  <testsuite name="ds.mean::smk::type=both,save.mean.Nvalid=TRUE" timestamp="2025-09-19T12:14:34Z" hostname="runnervmf4ws1" tests="36" skipped="0" failures="0" errors="0" time="0.436">
    <testcase time="0.318000000000211" classname="ds.mean_smk_type_both_save.mean.Nvalid_TRUE" name="mean_values_both_"/>
    <testcase time="0.00100000000020373" classname="ds.mean_smk_type_both_save.mean.Nvalid_TRUE" name="mean_values_both_"/>
    <testcase time="0.000999999999748979" classname="ds.mean_smk_type_both_save.mean.Nvalid_TRUE" name="mean_values_both_"/>
    <testcase time="0.00199999999995271" classname="ds.mean_smk_type_both_save.mean.Nvalid_TRUE" name="mean_values_both_"/>
    <testcase time="0.00100000000020373" classname="ds.mean_smk_type_both_save.mean.Nvalid_TRUE" name="mean_values_both_"/>
    <testcase time="0.000999999999748979" classname="ds.mean_smk_type_both_save.mean.Nvalid_TRUE" name="mean_values_both_"/>
    <testcase time="0.00100000000020373" classname="ds.mean_smk_type_both_save.mean.Nvalid_TRUE" name="mean_values_both_"/>
    <testcase time="0.00199999999995271" classname="ds.mean_smk_type_both_save.mean.Nvalid_TRUE" name="mean_values_both_"/>
    <testcase time="0.00100000000020373" classname="ds.mean_smk_type_both_save.mean.Nvalid_TRUE" name="mean_values_both_"/>
    <testcase time="0.000999999999748979" classname="ds.mean_smk_type_both_save.mean.Nvalid_TRUE" name="mean_values_both_"/>
    <testcase time="0.00100000000020373" classname="ds.mean_smk_type_both_save.mean.Nvalid_TRUE" name="mean_values_both_"/>
    <testcase time="0.00199999999995271" classname="ds.mean_smk_type_both_save.mean.Nvalid_TRUE" name="mean_values_both_"/>
    <testcase time="0.000999999999748979" classname="ds.mean_smk_type_both_save.mean.Nvalid_TRUE" name="mean_values_both_"/>
    <testcase time="0.00100000000020373" classname="ds.mean_smk_type_both_save.mean.Nvalid_TRUE" name="mean_values_both_"/>
    <testcase time="0.000999999999748979" classname="ds.mean_smk_type_both_save.mean.Nvalid_TRUE" name="mean_values_both_"/>
    <testcase time="0.00200000000040745" classname="ds.mean_smk_type_both_save.mean.Nvalid_TRUE" name="mean_values_both_"/>
    <testcase time="0.000999999999748979" classname="ds.mean_smk_type_both_save.mean.Nvalid_TRUE" name="mean_values_both_"/>
    <testcase time="0.00100000000020373" classname="ds.mean_smk_type_both_save.mean.Nvalid_TRUE" name="mean_values_both_"/>
    <testcase time="0.000999999999748979" classname="ds.mean_smk_type_both_save.mean.Nvalid_TRUE" name="mean_values_both_"/>
    <testcase time="0.00199999999995271" classname="ds.mean_smk_type_both_save.mean.Nvalid_TRUE" name="mean_values_both_"/>
    <testcase time="0.00100000000020373" classname="ds.mean_smk_type_both_save.mean.Nvalid_TRUE" name="mean_values_both_"/>
    <testcase time="0.000999999999748979" classname="ds.mean_smk_type_both_save.mean.Nvalid_TRUE" name="mean_values_both_"/>
    <testcase time="0.00100000000020373" classname="ds.mean_smk_type_both_save.mean.Nvalid_TRUE" name="mean_values_both_"/>
    <testcase time="0.000999999999748979" classname="ds.mean_smk_type_both_save.mean.Nvalid_TRUE" name="mean_values_both_"/>
    <testcase time="0.0430000000001201" classname="ds.mean_smk_type_both_save.mean.Nvalid_TRUE" name="mean_values_both_"/>
    <testcase time="0.00300000000015643" classname="ds.mean_smk_type_both_save.mean.Nvalid_TRUE" name="mean_values_both_"/>
    <testcase time="0.00199999999995271" classname="ds.mean_smk_type_both_save.mean.Nvalid_TRUE" name="mean_values_both_"/>
    <testcase time="0.00300000000015643" classname="ds.mean_smk_type_both_save.mean.Nvalid_TRUE" name="mean_values_both_"/>
    <testcase time="0.00199999999995271" classname="ds.mean_smk_type_both_save.mean.Nvalid_TRUE" name="mean_values_both_"/>
    <testcase time="0.00299999999970169" classname="ds.mean_smk_type_both_save.mean.Nvalid_TRUE" name="mean_values_both_"/>
    <testcase time="0.00300000000015643" classname="ds.mean_smk_type_both_save.mean.Nvalid_TRUE" name="mean_values_both_"/>
    <testcase time="0.00199999999995271" classname="ds.mean_smk_type_both_save.mean.Nvalid_TRUE" name="mean_values_both_"/>
    <testcase time="0.0210000000001855" classname="ds.mean_smk_type_both_save.mean.Nvalid_TRUE" name="mean_values_both_"/>
    <testcase time="0.00299999999970169" classname="ds.mean_smk_type_both_save.mean.Nvalid_TRUE" name="mean_values_both_"/>
    <testcase time="0.00200000000040745" classname="ds.mean_smk_type_both_save.mean.Nvalid_TRUE" name="mean_values_both_"/>
    <testcase time="0.00299999999970169" classname="ds.mean_smk_type_both_save.mean.Nvalid_TRUE" name="mean_values_both_"/>
  </testsuite>
  <testsuite name="ds.mean::smk::shutdown" timestamp="2025-09-19T12:14:35Z" hostname="runnervmf4ws1" tests="3" skipped="0" failures="0" errors="0" time="0.05">
    <testcase time="0.0480000000002292" classname="ds.mean_smk_shutdown" name="shutdown"/>
    <testcase time="0.000999999999748979" classname="ds.mean_smk_shutdown" name="shutdown"/>
    <testcase time="0.00100000000020373" classname="ds.mean_smk_shutdown" name="shutdown"/>
  </testsuite>
  <testsuite name="ds.mean::smk::done" timestamp="2025-09-19T12:14:35Z" hostname="runnervmf4ws1" tests="0" skipped="0" failures="0" errors="0" time="0"/>
  <testsuite name="smk-ds.meanByClass" timestamp="2025-09-19T12:14:35Z" hostname="runnervmf4ws1" tests="0" skipped="0" failures="0" errors="0" time="0"/>
  <testsuite name="ds.meanByClass::smk::setup" timestamp="2025-09-19T12:14:35Z" hostname="runnervmf4ws1" tests="3" skipped="0" failures="0" errors="0" time="7.574">
    <testcase time="7.57200000000012" classname="ds.meanByClass_smk_setup" name="setup"/>
    <testcase time="0.000999999999748979" classname="ds.meanByClass_smk_setup" name="setup"/>
    <testcase time="0.00100000000020373" classname="ds.meanByClass_smk_setup" name="setup"/>
  </testsuite>
  <testsuite name="ds.meanByClass::smk::LAB_TSC across PM_BMI_CATEGORICAL categories where both vectors are 'loose'" timestamp="2025-09-19T12:14:42Z" hostname="runnervmf4ws1" tests="7" skipped="0" failures="0" errors="0" time="1.146">
    <testcase time="1.13799999999992" classname="ds.meanByClass_smk_LAB_TSC_across_PM_BMI_CATEGORICAL_categories_where_both_vectors_are_loose_" name="LAB_TSC_across_"/>
    <testcase time="0.000999999999748979" classname="ds.meanByClass_smk_LAB_TSC_across_PM_BMI_CATEGORICAL_categories_where_both_vectors_are_loose_" name="LAB_TSC_across_"/>
    <testcase time="0.00199999999995271" classname="ds.meanByClass_smk_LAB_TSC_across_PM_BMI_CATEGORICAL_categories_where_both_vectors_are_loose_" name="LAB_TSC_across_"/>
    <testcase time="0.00100000000020373" classname="ds.meanByClass_smk_LAB_TSC_across_PM_BMI_CATEGORICAL_categories_where_both_vectors_are_loose_" name="LAB_TSC_across_"/>
    <testcase time="0.00100000000020373" classname="ds.meanByClass_smk_LAB_TSC_across_PM_BMI_CATEGORICAL_categories_where_both_vectors_are_loose_" name="LAB_TSC_across_"/>
    <testcase time="0.000999999999748979" classname="ds.meanByClass_smk_LAB_TSC_across_PM_BMI_CATEGORICAL_categories_where_both_vectors_are_loose_" name="LAB_TSC_across_"/>
    <testcase time="0.00199999999995271" classname="ds.meanByClass_smk_LAB_TSC_across_PM_BMI_CATEGORICAL_categories_where_both_vectors_are_loose_" name="LAB_TSC_across_"/>
  </testsuite>
  <testsuite name="ds.meanByClass::smk::calculate the mean proportion for LAB_HDL across PM_BMI_CATEGORICAL categories" timestamp="2025-09-19T12:14:43Z" hostname="runnervmf4ws1" tests="7" skipped="0" failures="0" errors="0" time="0.877">
    <testcase time="0.869999999999891" classname="ds.meanByClass_smk_calculate_the_mean_proportion_for_LAB_HDL_across_PM_BMI_CATEGORICAL_categories" name="LAB_HDL_across_PM_BMI_CATEGORICAL"/>
    <testcase time="0.00100000000020373" classname="ds.meanByClass_smk_calculate_the_mean_proportion_for_LAB_HDL_across_PM_BMI_CATEGORICAL_categories" name="LAB_HDL_across_PM_BMI_CATEGORICAL"/>
    <testcase time="0.000999999999748979" classname="ds.meanByClass_smk_calculate_the_mean_proportion_for_LAB_HDL_across_PM_BMI_CATEGORICAL_categories" name="LAB_HDL_across_PM_BMI_CATEGORICAL"/>
    <testcase time="0.00100000000020373" classname="ds.meanByClass_smk_calculate_the_mean_proportion_for_LAB_HDL_across_PM_BMI_CATEGORICAL_categories" name="LAB_HDL_across_PM_BMI_CATEGORICAL"/>
    <testcase time="0.000999999999748979" classname="ds.meanByClass_smk_calculate_the_mean_proportion_for_LAB_HDL_across_PM_BMI_CATEGORICAL_categories" name="LAB_HDL_across_PM_BMI_CATEGORICAL"/>
    <testcase time="0.00199999999995271" classname="ds.meanByClass_smk_calculate_the_mean_proportion_for_LAB_HDL_across_PM_BMI_CATEGORICAL_categories" name="LAB_HDL_across_PM_BMI_CATEGORICAL"/>
    <testcase time="0.00100000000020373" classname="ds.meanByClass_smk_calculate_the_mean_proportion_for_LAB_HDL_across_PM_BMI_CATEGORICAL_categories" name="LAB_HDL_across_PM_BMI_CATEGORICAL"/>
  </testsuite>
  <testsuite name="ds.meanByClass::smk::calculate the mean proportion for LAB_HDL &amp; LAB_TSC across bmi categories" timestamp="2025-09-19T12:14:44Z" hostname="runnervmf4ws1" tests="13" skipped="0" failures="0" errors="0" time="1.111">
    <testcase time="1.09699999999975" classname="ds.meanByClass_smk_calculate_the_mean_proportion_for_LAB_HDL_LAB_TSC_across_bmi_categories" name="LAB_HDL_LAB_TSC_across_PM_BMI_CATEGORICAL"/>
    <testcase time="0.00100000000020373" classname="ds.meanByClass_smk_calculate_the_mean_proportion_for_LAB_HDL_LAB_TSC_across_bmi_categories" name="LAB_HDL_LAB_TSC_across_PM_BMI_CATEGORICAL"/>
    <testcase time="0.00100000000020373" classname="ds.meanByClass_smk_calculate_the_mean_proportion_for_LAB_HDL_LAB_TSC_across_bmi_categories" name="LAB_HDL_LAB_TSC_across_PM_BMI_CATEGORICAL"/>
    <testcase time="0.000999999999748979" classname="ds.meanByClass_smk_calculate_the_mean_proportion_for_LAB_HDL_LAB_TSC_across_bmi_categories" name="LAB_HDL_LAB_TSC_across_PM_BMI_CATEGORICAL"/>
    <testcase time="0.00199999999995271" classname="ds.meanByClass_smk_calculate_the_mean_proportion_for_LAB_HDL_LAB_TSC_across_bmi_categories" name="LAB_HDL_LAB_TSC_across_PM_BMI_CATEGORICAL"/>
    <testcase time="0.00100000000020373" classname="ds.meanByClass_smk_calculate_the_mean_proportion_for_LAB_HDL_LAB_TSC_across_bmi_categories" name="LAB_HDL_LAB_TSC_across_PM_BMI_CATEGORICAL"/>
    <testcase time="0.000999999999748979" classname="ds.meanByClass_smk_calculate_the_mean_proportion_for_LAB_HDL_LAB_TSC_across_bmi_categories" name="LAB_HDL_LAB_TSC_across_PM_BMI_CATEGORICAL"/>
    <testcase time="0.00100000000020373" classname="ds.meanByClass_smk_calculate_the_mean_proportion_for_LAB_HDL_LAB_TSC_across_bmi_categories" name="LAB_HDL_LAB_TSC_across_PM_BMI_CATEGORICAL"/>
    <testcase time="0.000999999999748979" classname="ds.meanByClass_smk_calculate_the_mean_proportion_for_LAB_HDL_LAB_TSC_across_bmi_categories" name="LAB_HDL_LAB_TSC_across_PM_BMI_CATEGORICAL"/>
    <testcase time="0.00199999999995271" classname="ds.meanByClass_smk_calculate_the_mean_proportion_for_LAB_HDL_LAB_TSC_across_bmi_categories" name="LAB_HDL_LAB_TSC_across_PM_BMI_CATEGORICAL"/>
    <testcase time="0.00100000000020373" classname="ds.meanByClass_smk_calculate_the_mean_proportion_for_LAB_HDL_LAB_TSC_across_bmi_categories" name="LAB_HDL_LAB_TSC_across_PM_BMI_CATEGORICAL"/>
    <testcase time="0.00100000000020373" classname="ds.meanByClass_smk_calculate_the_mean_proportion_for_LAB_HDL_LAB_TSC_across_bmi_categories" name="LAB_HDL_LAB_TSC_across_PM_BMI_CATEGORICAL"/>
    <testcase time="0.000999999999748979" classname="ds.meanByClass_smk_calculate_the_mean_proportion_for_LAB_HDL_LAB_TSC_across_bmi_categories" name="LAB_HDL_LAB_TSC_across_PM_BMI_CATEGORICAL"/>
  </testsuite>
  <testsuite name="ds.meanByClass::smk::calculate the mean proportion for LAB_HDL across PM_BMI_CATEGORICAL categories, split" timestamp="2025-09-19T12:14:45Z" hostname="runnervmf4ws1" tests="22" skipped="0" failures="0" errors="0" time="0.829">
    <testcase time="0.804000000000087" classname="ds.meanByClass_smk_calculate_the_mean_proportion_for_LAB_HDL_across_PM_BMI_CATEGORICAL_categories_split" name="LAB_HDL_across_PM_BMI_CATEGORICAL"/>
    <testcase time="0.000999999999748979" classname="ds.meanByClass_smk_calculate_the_mean_proportion_for_LAB_HDL_across_PM_BMI_CATEGORICAL_categories_split" name="LAB_HDL_across_PM_BMI_CATEGORICAL"/>
    <testcase time="0.00100000000020373" classname="ds.meanByClass_smk_calculate_the_mean_proportion_for_LAB_HDL_across_PM_BMI_CATEGORICAL_categories_split" name="LAB_HDL_across_PM_BMI_CATEGORICAL"/>
    <testcase time="0.00199999999995271" classname="ds.meanByClass_smk_calculate_the_mean_proportion_for_LAB_HDL_across_PM_BMI_CATEGORICAL_categories_split" name="LAB_HDL_across_PM_BMI_CATEGORICAL"/>
    <testcase time="0.00100000000020373" classname="ds.meanByClass_smk_calculate_the_mean_proportion_for_LAB_HDL_across_PM_BMI_CATEGORICAL_categories_split" name="LAB_HDL_across_PM_BMI_CATEGORICAL"/>
    <testcase time="0.000999999999748979" classname="ds.meanByClass_smk_calculate_the_mean_proportion_for_LAB_HDL_across_PM_BMI_CATEGORICAL_categories_split" name="LAB_HDL_across_PM_BMI_CATEGORICAL"/>
    <testcase time="0.00100000000020373" classname="ds.meanByClass_smk_calculate_the_mean_proportion_for_LAB_HDL_across_PM_BMI_CATEGORICAL_categories_split" name="LAB_HDL_across_PM_BMI_CATEGORICAL"/>
    <testcase time="0.000999999999748979" classname="ds.meanByClass_smk_calculate_the_mean_proportion_for_LAB_HDL_across_PM_BMI_CATEGORICAL_categories_split" name="LAB_HDL_across_PM_BMI_CATEGORICAL"/>
    <testcase time="0.00100000000020373" classname="ds.meanByClass_smk_calculate_the_mean_proportion_for_LAB_HDL_across_PM_BMI_CATEGORICAL_categories_split" name="LAB_HDL_across_PM_BMI_CATEGORICAL"/>
    <testcase time="0.00199999999995271" classname="ds.meanByClass_smk_calculate_the_mean_proportion_for_LAB_HDL_across_PM_BMI_CATEGORICAL_categories_split" name="LAB_HDL_across_PM_BMI_CATEGORICAL"/>
    <testcase time="0.00100000000020373" classname="ds.meanByClass_smk_calculate_the_mean_proportion_for_LAB_HDL_across_PM_BMI_CATEGORICAL_categories_split" name="LAB_HDL_across_PM_BMI_CATEGORICAL"/>
    <testcase time="0.000999999999748979" classname="ds.meanByClass_smk_calculate_the_mean_proportion_for_LAB_HDL_across_PM_BMI_CATEGORICAL_categories_split" name="LAB_HDL_across_PM_BMI_CATEGORICAL"/>
    <testcase time="0.00100000000020373" classname="ds.meanByClass_smk_calculate_the_mean_proportion_for_LAB_HDL_across_PM_BMI_CATEGORICAL_categories_split" name="LAB_HDL_across_PM_BMI_CATEGORICAL"/>
    <testcase time="0.000999999999748979" classname="ds.meanByClass_smk_calculate_the_mean_proportion_for_LAB_HDL_across_PM_BMI_CATEGORICAL_categories_split" name="LAB_HDL_across_PM_BMI_CATEGORICAL"/>
    <testcase time="0.00199999999995271" classname="ds.meanByClass_smk_calculate_the_mean_proportion_for_LAB_HDL_across_PM_BMI_CATEGORICAL_categories_split" name="LAB_HDL_across_PM_BMI_CATEGORICAL"/>
    <testcase time="0.00100000000020373" classname="ds.meanByClass_smk_calculate_the_mean_proportion_for_LAB_HDL_across_PM_BMI_CATEGORICAL_categories_split" name="LAB_HDL_across_PM_BMI_CATEGORICAL"/>
    <testcase time="0.000999999999748979" classname="ds.meanByClass_smk_calculate_the_mean_proportion_for_LAB_HDL_across_PM_BMI_CATEGORICAL_categories_split" name="LAB_HDL_across_PM_BMI_CATEGORICAL"/>
    <testcase time="0.00100000000020373" classname="ds.meanByClass_smk_calculate_the_mean_proportion_for_LAB_HDL_across_PM_BMI_CATEGORICAL_categories_split" name="LAB_HDL_across_PM_BMI_CATEGORICAL"/>
    <testcase time="0.000999999999748979" classname="ds.meanByClass_smk_calculate_the_mean_proportion_for_LAB_HDL_across_PM_BMI_CATEGORICAL_categories_split" name="LAB_HDL_across_PM_BMI_CATEGORICAL"/>
    <testcase time="0.00100000000020373" classname="ds.meanByClass_smk_calculate_the_mean_proportion_for_LAB_HDL_across_PM_BMI_CATEGORICAL_categories_split" name="LAB_HDL_across_PM_BMI_CATEGORICAL"/>
    <testcase time="0.00199999999995271" classname="ds.meanByClass_smk_calculate_the_mean_proportion_for_LAB_HDL_across_PM_BMI_CATEGORICAL_categories_split" name="LAB_HDL_across_PM_BMI_CATEGORICAL"/>
    <testcase time="0.000999999999748979" classname="ds.meanByClass_smk_calculate_the_mean_proportion_for_LAB_HDL_across_PM_BMI_CATEGORICAL_categories_split" name="LAB_HDL_across_PM_BMI_CATEGORICAL"/>
  </testsuite>
  <testsuite name="ds.meanByClass::smk::shutdown" timestamp="2025-09-19T12:14:46Z" hostname="runnervmf4ws1" tests="3" skipped="0" failures="0" errors="0" time="0.053">
    <testcase time="0.0509999999999309" classname="ds.meanByClass_smk_shutdown" name="shutdown"/>
    <testcase time="0.00100000000020373" classname="ds.meanByClass_smk_shutdown" name="shutdown"/>
    <testcase time="0.00100000000020373" classname="ds.meanByClass_smk_shutdown" name="shutdown"/>
  </testsuite>
  <testsuite name="ds.meanByClass::smk::done" timestamp="2025-09-19T12:14:47Z" hostname="runnervmf4ws1" tests="0" skipped="0" failures="0" errors="0" time="0"/>
  <testsuite name="smk-ds.meanSdGp" timestamp="2025-09-19T12:14:47Z" hostname="runnervmf4ws1" tests="0" skipped="0" failures="0" errors="0" time="0"/>
  <testsuite name="ds.meanSdGp::smk::setup" timestamp="2025-09-19T12:14:47Z" hostname="runnervmf4ws1" tests="3" skipped="0" failures="0" errors="0" time="7.617">
    <testcase time="7.61399999999958" classname="ds.meanSdGp_smk_setup" name="setup"/>
    <testcase time="0.00100000000020373" classname="ds.meanSdGp_smk_setup" name="setup"/>
    <testcase time="0.00199999999995271" classname="ds.meanSdGp_smk_setup" name="setup"/>
  </testsuite>
  <testsuite name="ds.meanSdGp::smk::type=split" timestamp="2025-09-19T12:14:54Z" hostname="runnervmf4ws1" tests="8" skipped="0" failures="0" errors="0" time="0.193">
    <testcase time="0.175000000000182" classname="ds.meanSdGp_smk_type_split" name="meanSdGp_values_split_"/>
    <testcase time="0.00299999999970169" classname="ds.meanSdGp_smk_type_split" name="meanSdGp_values_split_"/>
    <testcase time="0.00199999999995271" classname="ds.meanSdGp_smk_type_split" name="meanSdGp_values_split_"/>
    <testcase time="0.00300000000015643" classname="ds.meanSdGp_smk_type_split" name="meanSdGp_values_split_"/>
    <testcase time="0.00199999999995271" classname="ds.meanSdGp_smk_type_split" name="meanSdGp_values_split_"/>
    <testcase time="0.00300000000015643" classname="ds.meanSdGp_smk_type_split" name="meanSdGp_values_split_"/>
    <testcase time="0.00199999999995271" classname="ds.meanSdGp_smk_type_split" name="meanSdGp_values_split_"/>
    <testcase time="0.00300000000015643" classname="ds.meanSdGp_smk_type_split" name="meanSdGp_values_split_"/>
  </testsuite>
  <testsuite name="ds.meanSdGp::smk::type=combine" timestamp="2025-09-19T12:14:54Z" hostname="runnervmf4ws1" tests="8" skipped="0" failures="0" errors="0" time="0.075">
    <testcase time="0.056999999999789" classname="ds.meanSdGp_smk_type_combine" name="meanSdGp_values_combine_"/>
    <testcase time="0.00300000000015643" classname="ds.meanSdGp_smk_type_combine" name="meanSdGp_values_combine_"/>
    <testcase time="0.00299999999970169" classname="ds.meanSdGp_smk_type_combine" name="meanSdGp_values_combine_"/>
    <testcase time="0.00200000000040745" classname="ds.meanSdGp_smk_type_combine" name="meanSdGp_values_combine_"/>
    <testcase time="0.00299999999970169" classname="ds.meanSdGp_smk_type_combine" name="meanSdGp_values_combine_"/>
    <testcase time="0.00199999999995271" classname="ds.meanSdGp_smk_type_combine" name="meanSdGp_values_combine_"/>
    <testcase time="0.00300000000015643" classname="ds.meanSdGp_smk_type_combine" name="meanSdGp_values_combine_"/>
    <testcase time="0.00199999999995271" classname="ds.meanSdGp_smk_type_combine" name="meanSdGp_values_combine_"/>
  </testsuite>
  <testsuite name="ds.meanSdGp::smk::type=both" timestamp="2025-09-19T12:14:54Z" hostname="runnervmf4ws1" tests="8" skipped="0" failures="0" errors="0" time="0.069">
    <testcase time="0.0509999999999309" classname="ds.meanSdGp_smk_type_both" name="meanSdGp_values_both_"/>
    <testcase time="0.00300000000015643" classname="ds.meanSdGp_smk_type_both" name="meanSdGp_values_both_"/>
    <testcase time="0.00199999999995271" classname="ds.meanSdGp_smk_type_both" name="meanSdGp_values_both_"/>
    <testcase time="0.00300000000015643" classname="ds.meanSdGp_smk_type_both" name="meanSdGp_values_both_"/>
    <testcase time="0.00199999999995271" classname="ds.meanSdGp_smk_type_both" name="meanSdGp_values_both_"/>
    <testcase time="0.00299999999970169" classname="ds.meanSdGp_smk_type_both" name="meanSdGp_values_both_"/>
    <testcase time="0.00199999999995271" classname="ds.meanSdGp_smk_type_both" name="meanSdGp_values_both_"/>
    <testcase time="0.00300000000015643" classname="ds.meanSdGp_smk_type_both" name="meanSdGp_values_both_"/>
  </testsuite>
  <testsuite name="ds.meanSdGp::smk::shutdown" timestamp="2025-09-19T12:14:54Z" hostname="runnervmf4ws1" tests="3" skipped="0" failures="0" errors="0" time="0.051">
    <testcase time="0.0480000000002292" classname="ds.meanSdGp_smk_shutdown" name="shutdown"/>
    <testcase time="0.000999999999748979" classname="ds.meanSdGp_smk_shutdown" name="shutdown"/>
    <testcase time="0.00199999999995271" classname="ds.meanSdGp_smk_shutdown" name="shutdown"/>
  </testsuite>
  <testsuite name="ds.meanSdGp::smk::done" timestamp="2025-09-19T12:14:55Z" hostname="runnervmf4ws1" tests="0" skipped="0" failures="0" errors="0" time="0"/>
  <testsuite name="smk-ds.merge" timestamp="2025-09-19T12:14:55Z" hostname="runnervmf4ws1" tests="0" skipped="0" failures="0" errors="0" time="0"/>
  <testsuite name="ds.merge::smk::setup" timestamp="2025-09-19T12:14:55Z" hostname="runnervmf4ws1" tests="3" skipped="0" failures="0" errors="0" time="7.563">
    <testcase time="7.55999999999995" classname="ds.merge_smk_setup" name="setup"/>
    <testcase time="0.00200000000040745" classname="ds.merge_smk_setup" name="setup"/>
    <testcase time="0.000999999999748979" classname="ds.merge_smk_setup" name="setup"/>
  </testsuite>
  <testsuite name="ds.merge::smk" timestamp="2025-09-19T12:15:02Z" hostname="runnervmf4ws1" tests="7" skipped="0" failures="0" errors="0" time="2.007">
    <testcase time="1.92300000000023" classname="ds.merge_smk" name="simple_test"/>
    <testcase time="0.000999999999748979" classname="ds.merge_smk" name="simple_test"/>
    <testcase time="0.00199999999995271" classname="ds.merge_smk" name="simple_test"/>
    <testcase time="0.0770000000002256" classname="ds.merge_smk" name="simple_test"/>
    <testcase time="0.00199999999995271" classname="ds.merge_smk" name="simple_test"/>
    <testcase time="0.000999999999748979" classname="ds.merge_smk" name="simple_test"/>
    <testcase time="0.00100000000020373" classname="ds.merge_smk" name="simple_test"/>
  </testsuite>
  <testsuite name="ds.merge::smk::shutdown" timestamp="2025-09-19T12:15:04Z" hostname="runnervmf4ws1" tests="3" skipped="0" failures="0" errors="0" time="0.057">
    <testcase time="0.0540000000000873" classname="ds.merge_smk_shutdown" name="shutdown"/>
    <testcase time="0.00199999999995271" classname="ds.merge_smk_shutdown" name="shutdown"/>
    <testcase time="0.000999999999748979" classname="ds.merge_smk_shutdown" name="shutdown"/>
  </testsuite>
  <testsuite name="ds.merge::smk::done" timestamp="2025-09-19T12:15:04Z" hostname="runnervmf4ws1" tests="0" skipped="0" failures="0" errors="0" time="0"/>
  <testsuite name="smk-ds.message" timestamp="2025-09-19T12:15:04Z" hostname="runnervmf4ws1" tests="0" skipped="0" failures="0" errors="0" time="0"/>
  <testsuite name="ds.message::smk::setup" timestamp="2025-09-19T12:15:04Z" hostname="runnervmf4ws1" tests="3" skipped="0" failures="0" errors="0" time="7.457">
    <testcase time="7.45500000000038" classname="ds.message_smk_setup" name="setup"/>
    <testcase time="0.000999999999748979" classname="ds.message_smk_setup" name="setup"/>
    <testcase time="0.00100000000020373" classname="ds.message_smk_setup" name="setup"/>
  </testsuite>
  <testsuite name="ds.message::smk" timestamp="2025-09-19T12:15:11Z" hostname="runnervmf4ws1" tests="20" skipped="0" failures="0" errors="0" time="0.747">
    <testcase time="0.0470000000000255" classname="ds.message_smk" name="not_exists_request_message"/>
    <testcase time="0.000999999999748979" classname="ds.message_smk" name="not_exists_request_message"/>
    <testcase time="0.00100000000020373" classname="ds.message_smk" name="not_exists_request_message"/>
    <testcase time="0.00199999999995271" classname="ds.message_smk" name="not_exists_request_message"/>
    <testcase time="0.19399999999996" classname="ds.message_smk" name="exists_request_message"/>
    <testcase time="0.00199999999995271" classname="ds.message_smk" name="exists_request_message"/>
    <testcase time="0.00100000000020373" classname="ds.message_smk" name="exists_request_message"/>
    <testcase time="0.000999999999748979" classname="ds.message_smk" name="exists_request_message"/>
    <testcase time="0.139999999999873" classname="ds.message_smk" name="partial_request_message_conn_1"/>
    <testcase time="0.00100000000020373" classname="ds.message_smk" name="partial_request_message_conn_1"/>
    <testcase time="0.00100000000020373" classname="ds.message_smk" name="partial_request_message_conn_1"/>
    <testcase time="0.00199999999995271" classname="ds.message_smk" name="partial_request_message_conn_1"/>
    <testcase time="0.172000000000025" classname="ds.message_smk" name="partial_request_message_conn_2"/>
    <testcase time="0.00199999999995271" classname="ds.message_smk" name="partial_request_message_conn_2"/>
    <testcase time="0.000999999999748979" classname="ds.message_smk" name="partial_request_message_conn_2"/>
    <testcase time="0.00100000000020373" classname="ds.message_smk" name="partial_request_message_conn_2"/>
    <testcase time="0.173999999999978" classname="ds.message_smk" name="partial_request_message_conn_3"/>
    <testcase time="0.00199999999995271" classname="ds.message_smk" name="partial_request_message_conn_3"/>
    <testcase time="0.000999999999748979" classname="ds.message_smk" name="partial_request_message_conn_3"/>
    <testcase time="0.00100000000020373" classname="ds.message_smk" name="partial_request_message_conn_3"/>
  </testsuite>
  <testsuite name="ds.message::smk::shutdown" timestamp="2025-09-19T12:15:12Z" hostname="runnervmf4ws1" tests="3" skipped="0" failures="0" errors="0" time="0.09">
    <testcase time="0.0869999999999891" classname="ds.message_smk_shutdown" name="shutdown"/>
    <testcase time="0.00199999999995271" classname="ds.message_smk_shutdown" name="shutdown"/>
    <testcase time="0.00100000000020373" classname="ds.message_smk_shutdown" name="shutdown"/>
  </testsuite>
  <testsuite name="ds.message::smk::done" timestamp="2025-09-19T12:15:12Z" hostname="runnervmf4ws1" tests="0" skipped="0" failures="0" errors="0" time="0"/>
  <testsuite name="smk-ds.metadata" timestamp="2025-09-19T12:15:12Z" hostname="runnervmf4ws1" tests="0" skipped="0" failures="0" errors="0" time="0"/>
  <testsuite name="ds.metadata::smk::setup" timestamp="2025-09-19T12:15:12Z" hostname="runnervmf4ws1" tests="3" skipped="0" failures="0" errors="0" time="7.537">
    <testcase time="7.53499999999985" classname="ds.metadata_smk_setup" name="setup"/>
    <testcase time="0.00100000000020373" classname="ds.metadata_smk_setup" name="setup"/>
    <testcase time="0.000999999999748979" classname="ds.metadata_smk_setup" name="setup"/>
  </testsuite>
  <testsuite name="ds.metadata::smk" timestamp="2025-09-19T12:15:20Z" hostname="runnervmf4ws1" tests="22" skipped="0" failures="0" errors="0" time="0.201">
    <testcase time="0.0860000000002401" classname="ds.metadata_smk" name="data.frame_metadata"/>
    <testcase time="0.000999999999748979" classname="ds.metadata_smk" name="data.frame_metadata"/>
    <testcase time="0.00100000000020373" classname="ds.metadata_smk" name="data.frame_metadata"/>
    <testcase time="0.00299999999970169" classname="ds.metadata_smk" name="data.frame_metadata"/>
    <testcase time="0.00300000000015643" classname="ds.metadata_smk" name="data.frame_metadata"/>
    <testcase time="0.00100000000020373" classname="ds.metadata_smk" name="data.frame_metadata"/>
    <testcase time="0.000999999999748979" classname="ds.metadata_smk" name="data.frame_metadata"/>
    <testcase time="0.00100000000020373" classname="ds.metadata_smk" name="data.frame_metadata"/>
    <testcase time="0.00299999999970169" classname="ds.metadata_smk" name="data.frame_metadata"/>
    <testcase time="0.00199999999995271" classname="ds.metadata_smk" name="data.frame_metadata"/>
    <testcase time="0.00100000000020373" classname="ds.metadata_smk" name="data.frame_metadata"/>
    <testcase time="0.00199999999995271" classname="ds.metadata_smk" name="data.frame_metadata"/>
    <testcase time="0.00100000000020373" classname="ds.metadata_smk" name="data.frame_metadata"/>
    <testcase time="0.00199999999995271" classname="ds.metadata_smk" name="data.frame_metadata"/>
    <testcase time="0.00299999999970169" classname="ds.metadata_smk" name="data.frame_metadata"/>
    <testcase time="0.00100000000020373" classname="ds.metadata_smk" name="data.frame_metadata"/>
    <testcase time="0.000999999999748979" classname="ds.metadata_smk" name="data.frame_metadata"/>
    <testcase time="0.0830000000000837" classname="ds.metadata_smk" name="column_metadata"/>
    <testcase time="0.00199999999995271" classname="ds.metadata_smk" name="column_metadata"/>
    <testcase time="0.00100000000020373" classname="ds.metadata_smk" name="column_metadata"/>
    <testcase time="0.00100000000020373" classname="ds.metadata_smk" name="column_metadata"/>
    <testcase time="0.000999999999748979" classname="ds.metadata_smk" name="column_metadata"/>
  </testsuite>
  <testsuite name="ds.metadata::smk::shutdown" timestamp="2025-09-19T12:15:20Z" hostname="runnervmf4ws1" tests="3" skipped="0" failures="0" errors="0" time="0.052">
    <testcase time="0.0489999999999782" classname="ds.metadata_smk_shutdown" name="shutdown"/>
    <testcase time="0.00100000000020373" classname="ds.metadata_smk_shutdown" name="shutdown"/>
    <testcase time="0.00199999999995271" classname="ds.metadata_smk_shutdown" name="shutdown"/>
  </testsuite>
  <testsuite name="ds.metadata::smk::done" timestamp="2025-09-19T12:15:20Z" hostname="runnervmf4ws1" tests="0" skipped="0" failures="0" errors="0" time="0"/>
  <testsuite name="smk-ds.mice" timestamp="2025-09-19T12:15:20Z" hostname="runnervmf4ws1" tests="0" skipped="0" failures="0" errors="0" time="0"/>
  <testsuite name="ds.mice::smk::setup" timestamp="2025-09-19T12:15:20Z" hostname="runnervmf4ws1" tests="3" skipped="0" failures="0" errors="0" time="7.559">
    <testcase time="7.55699999999979" classname="ds.mice_smk_setup" name="setup"/>
    <testcase time="0.00100000000020373" classname="ds.mice_smk_setup" name="setup"/>
    <testcase time="0.000999999999748979" classname="ds.mice_smk_setup" name="setup"/>
  </testsuite>
  <testsuite name="ds.mice::smk::imp1" timestamp="2025-09-19T12:15:28Z" hostname="runnervmf4ws1" tests="24" skipped="0" failures="0" errors="0" time="2.698">
    <testcase time="2.56200000000035" classname="ds.mice_smk_imp1" name="mice_initial_imputation"/>
    <testcase time="0.000999999999748979" classname="ds.mice_smk_imp1" name="mice_initial_imputation"/>
    <testcase time="0.00100000000020373" classname="ds.mice_smk_imp1" name="mice_initial_imputation"/>
    <testcase time="0.000999999999748979" classname="ds.mice_smk_imp1" name="mice_initial_imputation"/>
    <testcase time="0.00300000000015643" classname="ds.mice_smk_imp1" name="mice_initial_imputation"/>
    <testcase time="0.000999999999748979" classname="ds.mice_smk_imp1" name="mice_initial_imputation"/>
    <testcase time="0.00300000000015643" classname="ds.mice_smk_imp1" name="mice_initial_imputation"/>
    <testcase time="0.00199999999995271" classname="ds.mice_smk_imp1" name="mice_initial_imputation"/>
    <testcase time="0.00199999999995271" classname="ds.mice_smk_imp1" name="mice_initial_imputation"/>
    <testcase time="0.00100000000020373" classname="ds.mice_smk_imp1" name="mice_initial_imputation"/>
    <testcase time="0.000999999999748979" classname="ds.mice_smk_imp1" name="mice_initial_imputation"/>
    <testcase time="0.00200000000040745" classname="ds.mice_smk_imp1" name="mice_initial_imputation"/>
    <testcase time="0.000999999999748979" classname="ds.mice_smk_imp1" name="mice_initial_imputation"/>
    <testcase time="0.00100000000020373" classname="ds.mice_smk_imp1" name="mice_initial_imputation"/>
    <testcase time="0.00199999999995271" classname="ds.mice_smk_imp1" name="mice_initial_imputation"/>
    <testcase time="0.000999999999748979" classname="ds.mice_smk_imp1" name="mice_initial_imputation"/>
    <testcase time="0.00100000000020373" classname="ds.mice_smk_imp1" name="mice_initial_imputation"/>
    <testcase time="0.00199999999995271" classname="ds.mice_smk_imp1" name="mice_initial_imputation"/>
    <testcase time="0.000999999999748979" classname="ds.mice_smk_imp1" name="mice_initial_imputation"/>
    <testcase time="0.00300000000015643" classname="ds.mice_smk_imp1" name="mice_initial_imputation"/>
    <testcase time="0.00100000000020373" classname="ds.mice_smk_imp1" name="mice_initial_imputation"/>
    <testcase time="0.103000000000065" classname="ds.mice_smk_imp1" name="mice_initial_imputation"/>
    <testcase time="0.000999999999748979" classname="ds.mice_smk_imp1" name="mice_initial_imputation"/>
    <testcase time="0.00100000000020373" classname="ds.mice_smk_imp1" name="mice_initial_imputation"/>
  </testsuite>
  <testsuite name="ds.mice::smk::imp2" timestamp="2025-09-19T12:15:30Z" hostname="runnervmf4ws1" tests="36" skipped="0" failures="1" errors="0" time="4.718">
    <testcase time="4.11700000000019" classname="ds.mice_smk_imp2" name="mice_second_imputation"/>
    <testcase time="0.000999999999748979" classname="ds.mice_smk_imp2" name="mice_second_imputation"/>
    <testcase time="0.00100000000020373" classname="ds.mice_smk_imp2" name="mice_second_imputation"/>
    <testcase time="0.000999999999748979" classname="ds.mice_smk_imp2" name="mice_second_imputation"/>
    <testcase time="0.00300000000015643" classname="ds.mice_smk_imp2" name="mice_second_imputation"/>
    <testcase time="0.00399999999990541" classname="ds.mice_smk_imp2" name="mice_second_imputation">
      <failure type="failure" message="as.character(newImp$sim1$method) not equal to c(&quot;pmm&quot;, &quot;norm&quot;, &quot;pmm&quot;, &quot;pmm&quot;, &quot;pmm&quot;, &quot;&quot;, &quot;&quot;, &quot;&quot;, &quot;&quot;, &quot;&quot;, &quot;polyreg&quot;). ('test-smk-ds.mice.R:85:3')">as.character(newImp$sim1$method) not equal to c("pmm", "norm", "pmm", "pmm", "pmm", "", "", "", "", "", "polyreg").
1/11 mismatches
x[11]: ""
y[11]: "polyreg"</failure>
    </testcase>
    <testcase time="0.012000000000171" classname="ds.mice_smk_imp2" name="mice_second_imputation"/>
    <testcase time="0.00199999999995271" classname="ds.mice_smk_imp2" name="mice_second_imputation"/>
    <testcase time="0.00199999999995271" classname="ds.mice_smk_imp2" name="mice_second_imputation"/>
    <testcase time="0.00100000000020373" classname="ds.mice_smk_imp2" name="mice_second_imputation"/>
    <testcase time="0.000999999999748979" classname="ds.mice_smk_imp2" name="mice_second_imputation"/>
    <testcase time="0.00199999999995271" classname="ds.mice_smk_imp2" name="mice_second_imputation"/>
    <testcase time="0.00100000000020373" classname="ds.mice_smk_imp2" name="mice_second_imputation"/>
    <testcase time="0.000999999999748979" classname="ds.mice_smk_imp2" name="mice_second_imputation"/>
    <testcase time="0.00200000000040745" classname="ds.mice_smk_imp2" name="mice_second_imputation"/>
    <testcase time="0.000999999999748979" classname="ds.mice_smk_imp2" name="mice_second_imputation"/>
    <testcase time="0.00100000000020373" classname="ds.mice_smk_imp2" name="mice_second_imputation"/>
    <testcase time="0.000999999999748979" classname="ds.mice_smk_imp2" name="mice_second_imputation"/>
    <testcase time="0.00199999999995271" classname="ds.mice_smk_imp2" name="mice_second_imputation"/>
    <testcase time="0.00199999999995271" classname="ds.mice_smk_imp2" name="mice_second_imputation"/>
    <testcase time="0.00200000000040745" classname="ds.mice_smk_imp2" name="mice_second_imputation"/>
    <testcase time="0.103999999999814" classname="ds.mice_smk_imp2" name="mice_second_imputation"/>
    <testcase time="0.000999999999748979" classname="ds.mice_smk_imp2" name="mice_second_imputation"/>
    <testcase time="0.00100000000020373" classname="ds.mice_smk_imp2" name="mice_second_imputation"/>
    <testcase time="0.108000000000175" classname="ds.mice_smk_imp2" name="mice_second_imputation"/>
    <testcase time="0.000999999999748979" classname="ds.mice_smk_imp2" name="mice_second_imputation"/>
    <testcase time="0.00199999999995271" classname="ds.mice_smk_imp2" name="mice_second_imputation"/>
    <testcase time="0.110000000000127" classname="ds.mice_smk_imp2" name="mice_second_imputation"/>
    <testcase time="0.00100000000020373" classname="ds.mice_smk_imp2" name="mice_second_imputation"/>
    <testcase time="0.00199999999995271" classname="ds.mice_smk_imp2" name="mice_second_imputation"/>
    <testcase time="0.108999999999924" classname="ds.mice_smk_imp2" name="mice_second_imputation"/>
    <testcase time="0.00199999999995271" classname="ds.mice_smk_imp2" name="mice_second_imputation"/>
    <testcase time="0.00100000000020373" classname="ds.mice_smk_imp2" name="mice_second_imputation"/>
    <testcase time="0.113999999999578" classname="ds.mice_smk_imp2" name="mice_second_imputation"/>
    <testcase time="0.00100000000020373" classname="ds.mice_smk_imp2" name="mice_second_imputation"/>
    <testcase time="0.00100000000020373" classname="ds.mice_smk_imp2" name="mice_second_imputation"/>
  </testsuite>
  <testsuite name="ds.mice::smk::shutdown" timestamp="2025-09-19T12:15:35Z" hostname="runnervmf4ws1" tests="3" skipped="0" failures="0" errors="0" time="0.059">
    <testcase time="0.0559999999995853" classname="ds.mice_smk_shutdown" name="shutdown"/>
    <testcase time="0.00100000000020373" classname="ds.mice_smk_shutdown" name="shutdown"/>
    <testcase time="0.00199999999995271" classname="ds.mice_smk_shutdown" name="shutdown"/>
  </testsuite>
  <testsuite name="ds.mice::smk::done" timestamp="2025-09-19T12:15:35Z" hostname="runnervmf4ws1" tests="0" skipped="0" failures="0" errors="0" time="0"/>
  <testsuite name="smk-ds.names" timestamp="2025-09-19T12:15:35Z" hostname="runnervmf4ws1" tests="0" skipped="0" failures="0" errors="0" time="0"/>
  <testsuite name="ds.names::smk::setup" timestamp="2025-09-19T12:15:35Z" hostname="runnervmf4ws1" tests="3" skipped="0" failures="0" errors="0" time="7.499">
    <testcase time="7.49699999999984" classname="ds.names_smk_setup" name="setup"/>
    <testcase time="0.00100000000020373" classname="ds.names_smk_setup" name="setup"/>
    <testcase time="0.00100000000020373" classname="ds.names_smk_setup" name="setup"/>
  </testsuite>
  <testsuite name="ds.names::smk" timestamp="2025-09-19T12:15:43Z" hostname="runnervmf4ws1" tests="10" skipped="0" failures="0" errors="0" time="0.281">
    <testcase time="0.269999999999982" classname="ds.names_smk" name="level_names"/>
    <testcase time="0.000999999999748979" classname="ds.names_smk" name="level_names"/>
    <testcase time="0.00100000000020373" classname="ds.names_smk" name="level_names"/>
    <testcase time="0.000999999999748979" classname="ds.names_smk" name="level_names"/>
    <testcase time="0.00199999999995271" classname="ds.names_smk" name="level_names"/>
    <testcase time="0.00100000000020373" classname="ds.names_smk" name="level_names"/>
    <testcase time="0.000999999999748979" classname="ds.names_smk" name="level_names"/>
    <testcase time="0.00100000000020373" classname="ds.names_smk" name="level_names"/>
    <testcase time="0.00100000000020373" classname="ds.names_smk" name="level_names"/>
    <testcase time="0.00199999999995271" classname="ds.names_smk" name="level_names"/>
  </testsuite>
  <testsuite name="ds.names::smk::shutdown" timestamp="2025-09-19T12:15:43Z" hostname="runnervmf4ws1" tests="3" skipped="0" failures="0" errors="0" time="0.049">
    <testcase time="0.0470000000000255" classname="ds.names_smk_shutdown" name="shutdown"/>
    <testcase time="0.000999999999748979" classname="ds.names_smk_shutdown" name="shutdown"/>
    <testcase time="0.00100000000020373" classname="ds.names_smk_shutdown" name="shutdown"/>
  </testsuite>
  <testsuite name="ds.names::smk::done" timestamp="2025-09-19T12:15:43Z" hostname="runnervmf4ws1" tests="0" skipped="0" failures="0" errors="0" time="0"/>
  <testsuite name="smk-ds.ns" timestamp="2025-09-19T12:15:43Z" hostname="runnervmf4ws1" tests="0" skipped="0" failures="0" errors="0" time="0"/>
  <testsuite name="ds.ns::smk::setup" timestamp="2025-09-19T12:15:43Z" hostname="runnervmf4ws1" tests="3" skipped="0" failures="0" errors="0" time="7.543">
    <testcase time="7.54099999999971" classname="ds.ns_smk_setup" name="setup"/>
    <testcase time="0.00100000000020373" classname="ds.ns_smk_setup" name="setup"/>
    <testcase time="0.00100000000020373" classname="ds.ns_smk_setup" name="setup"/>
  </testsuite>
  <testsuite name="ds.ns::smk::test1" timestamp="2025-09-19T12:15:50Z" hostname="runnervmf4ws1" tests="41" skipped="0" failures="0" errors="0" time="0.465">
    <testcase time="0.155999999999949" classname="ds.ns_smk_test1" name="ns"/>
    <testcase time="0.00199999999995271" classname="ds.ns_smk_test1" name="ns"/>
    <testcase time="0.00100000000020373" classname="ds.ns_smk_test1" name="ns"/>
    <testcase time="0.000999999999748979" classname="ds.ns_smk_test1" name="ns"/>
    <testcase time="0.00199999999995271" classname="ds.ns_smk_test1" name="ns"/>
    <testcase time="0.00100000000020373" classname="ds.ns_smk_test1" name="ns"/>
    <testcase time="0.00100000000020373" classname="ds.ns_smk_test1" name="ns"/>
    <testcase time="0.000999999999748979" classname="ds.ns_smk_test1" name="ns"/>
    <testcase time="0.00199999999995271" classname="ds.ns_smk_test1" name="ns"/>
    <testcase time="0.00100000000020373" classname="ds.ns_smk_test1" name="ns"/>
    <testcase time="0.244999999999891" classname="ds.ns_smk_test1" name="ns"/>
    <testcase time="0.00199999999995271" classname="ds.ns_smk_test1" name="ns"/>
    <testcase time="0.00100000000020373" classname="ds.ns_smk_test1" name="ns"/>
    <testcase time="0.000999999999748979" classname="ds.ns_smk_test1" name="ns"/>
    <testcase time="0.00199999999995271" classname="ds.ns_smk_test1" name="ns"/>
    <testcase time="0.00100000000020373" classname="ds.ns_smk_test1" name="ns"/>
    <testcase time="0.000999999999748979" classname="ds.ns_smk_test1" name="ns"/>
    <testcase time="0.00199999999995271" classname="ds.ns_smk_test1" name="ns"/>
    <testcase time="0.00100000000020373" classname="ds.ns_smk_test1" name="ns"/>
    <testcase time="0.00100000000020373" classname="ds.ns_smk_test1" name="ns"/>
    <testcase time="0.000999999999748979" classname="ds.ns_smk_test1" name="ns"/>
    <testcase time="0.00100000000020373" classname="ds.ns_smk_test1" name="ns"/>
    <testcase time="0.00199999999995271" classname="ds.ns_smk_test1" name="ns"/>
    <testcase time="0.000999999999748979" classname="ds.ns_smk_test1" name="ns"/>
    <testcase time="0.0109999999999673" classname="ds.ns_smk_test1" name="ns"/>
    <testcase time="0.00200000000040745" classname="ds.ns_smk_test1" name="ns"/>
    <testcase time="0.00199999999995271" classname="ds.ns_smk_test1" name="ns"/>
    <testcase time="0.00299999999970169" classname="ds.ns_smk_test1" name="ns"/>
    <testcase time="0.00100000000020373" classname="ds.ns_smk_test1" name="ns"/>
    <testcase time="0.00199999999995271" classname="ds.ns_smk_test1" name="ns"/>
    <testcase time="0.00100000000020373" classname="ds.ns_smk_test1" name="ns"/>
    <testcase time="0.000999999999748979" classname="ds.ns_smk_test1" name="ns"/>
    <testcase time="0.00199999999995271" classname="ds.ns_smk_test1" name="ns"/>
    <testcase time="0.00100000000020373" classname="ds.ns_smk_test1" name="ns"/>
    <testcase time="0.000999999999748979" classname="ds.ns_smk_test1" name="ns"/>
    <testcase time="0.00199999999995271" classname="ds.ns_smk_test1" name="ns"/>
    <testcase time="0.00100000000020373" classname="ds.ns_smk_test1" name="ns"/>
    <testcase time="0.000999999999748979" classname="ds.ns_smk_test1" name="ns"/>
    <testcase time="0.00200000000040745" classname="ds.ns_smk_test1" name="ns"/>
    <testcase time="0.000999999999748979" classname="ds.ns_smk_test1" name="ns"/>
    <testcase time="0.00100000000020373" classname="ds.ns_smk_test1" name="ns"/>
  </testsuite>
  <testsuite name="ds.ns::smk::shutdown" timestamp="2025-09-19T12:15:51Z" hostname="runnervmf4ws1" tests="3" skipped="0" failures="0" errors="0" time="0.051">
    <testcase time="0.0489999999999782" classname="ds.ns_smk_shutdown" name="shutdown"/>
    <testcase time="0.000999999999748979" classname="ds.ns_smk_shutdown" name="shutdown"/>
    <testcase time="0.00100000000020373" classname="ds.ns_smk_shutdown" name="shutdown"/>
  </testsuite>
  <testsuite name="ds.ns::smk::done" timestamp="2025-09-19T12:15:51Z" hostname="runnervmf4ws1" tests="0" skipped="0" failures="0" errors="0" time="0"/>
  <testsuite name="smk-ds.numNA" timestamp="2025-09-19T12:15:51Z" hostname="runnervmf4ws1" tests="0" skipped="0" failures="0" errors="0" time="0"/>
  <testsuite name="ds.numNA::smk::setup" timestamp="2025-09-19T12:15:51Z" hostname="runnervmf4ws1" tests="3" skipped="0" failures="0" errors="0" time="7.541">
    <testcase time="7.53899999999976" classname="ds.numNA_smk_setup" name="setup"/>
    <testcase time="0.000999999999748979" classname="ds.numNA_smk_setup" name="setup"/>
    <testcase time="0.00100000000020373" classname="ds.numNA_smk_setup" name="setup"/>
  </testsuite>
  <testsuite name="ds.numNA::smk" timestamp="2025-09-19T12:15:58Z" hostname="runnervmf4ws1" tests="12" skipped="0" failures="0" errors="0" time="0.359">
    <testcase time="0.110000000000127" classname="ds.numNA_smk" name="simple_numNA"/>
    <testcase time="0.00199999999995271" classname="ds.numNA_smk" name="simple_numNA"/>
    <testcase time="0.000999999999748979" classname="ds.numNA_smk" name="simple_numNA"/>
    <testcase time="0.00100000000020373" classname="ds.numNA_smk" name="simple_numNA"/>
    <testcase time="0.132999999999811" classname="ds.numNA_smk" name="simple_numNA"/>
    <testcase time="0.00100000000020373" classname="ds.numNA_smk" name="simple_numNA"/>
    <testcase time="0.00199999999995271" classname="ds.numNA_smk" name="simple_numNA"/>
    <testcase time="0.00100000000020373" classname="ds.numNA_smk" name="simple_numNA"/>
    <testcase time="0.103999999999814" classname="ds.numNA_smk" name="simple_numNA"/>
    <testcase time="0.00199999999995271" classname="ds.numNA_smk" name="simple_numNA"/>
    <testcase time="0.00100000000020373" classname="ds.numNA_smk" name="simple_numNA"/>
    <testcase time="0.000999999999748979" classname="ds.numNA_smk" name="simple_numNA"/>
  </testsuite>
  <testsuite name="ds.numNA::smk::shutdown" timestamp="2025-09-19T12:15:59Z" hostname="runnervmf4ws1" tests="3" skipped="0" failures="0" errors="0" time="0.058">
    <testcase time="0.055000000000291" classname="ds.numNA_smk_shutdown" name="shutdown"/>
    <testcase time="0.000999999999748979" classname="ds.numNA_smk_shutdown" name="shutdown"/>
    <testcase time="0.00199999999995271" classname="ds.numNA_smk_shutdown" name="shutdown"/>
  </testsuite>
  <testsuite name="ds.numNA::smk::done" timestamp="2025-09-19T12:15:59Z" hostname="runnervmf4ws1" tests="0" skipped="0" failures="0" errors="0" time="0"/>
  <testsuite name="smk-ds.qlspline" timestamp="2025-09-19T12:15:59Z" hostname="runnervmf4ws1" tests="0" skipped="0" failures="0" errors="0" time="0"/>
  <testsuite name="ds.qlspline::smk::setup" timestamp="2025-09-19T12:15:59Z" hostname="runnervmf4ws1" tests="3" skipped="0" failures="0" errors="0" time="7.587">
    <testcase time="7.58400000000029" classname="ds.qlspline_smk_setup" name="setup"/>
    <testcase time="0.00199999999995271" classname="ds.qlspline_smk_setup" name="setup"/>
    <testcase time="0.000999999999748979" classname="ds.qlspline_smk_setup" name="setup"/>
  </testsuite>
  <testsuite name="ds.qlspline::smk::test1" timestamp="2025-09-19T12:16:06Z" hostname="runnervmf4ws1" tests="38" skipped="0" failures="0" errors="0" time="0.501">
    <testcase time="0.182000000000244" classname="ds.qlspline_smk_test1" name="qlspline"/>
    <testcase time="0.00199999999995271" classname="ds.qlspline_smk_test1" name="qlspline"/>
    <testcase time="0.000999999999748979" classname="ds.qlspline_smk_test1" name="qlspline"/>
    <testcase time="0.00100000000020373" classname="ds.qlspline_smk_test1" name="qlspline"/>
    <testcase time="0.000999999999748979" classname="ds.qlspline_smk_test1" name="qlspline"/>
    <testcase time="0.00200000000040745" classname="ds.qlspline_smk_test1" name="qlspline"/>
    <testcase time="0.000999999999748979" classname="ds.qlspline_smk_test1" name="qlspline"/>
    <testcase time="0.260000000000218" classname="ds.qlspline_smk_test1" name="qlspline"/>
    <testcase time="0.00199999999995271" classname="ds.qlspline_smk_test1" name="qlspline"/>
    <testcase time="0.000999999999748979" classname="ds.qlspline_smk_test1" name="qlspline"/>
    <testcase time="0.00199999999995271" classname="ds.qlspline_smk_test1" name="qlspline"/>
    <testcase time="0.00100000000020373" classname="ds.qlspline_smk_test1" name="qlspline"/>
    <testcase time="0.000999999999748979" classname="ds.qlspline_smk_test1" name="qlspline"/>
    <testcase time="0.00100000000020373" classname="ds.qlspline_smk_test1" name="qlspline"/>
    <testcase time="0.00199999999995271" classname="ds.qlspline_smk_test1" name="qlspline"/>
    <testcase time="0.00100000000020373" classname="ds.qlspline_smk_test1" name="qlspline"/>
    <testcase time="0.000999999999748979" classname="ds.qlspline_smk_test1" name="qlspline"/>
    <testcase time="0.00100000000020373" classname="ds.qlspline_smk_test1" name="qlspline"/>
    <testcase time="0.00900000000001455" classname="ds.qlspline_smk_test1" name="qlspline"/>
    <testcase time="0.000999999999748979" classname="ds.qlspline_smk_test1" name="qlspline"/>
    <testcase time="0.00100000000020373" classname="ds.qlspline_smk_test1" name="qlspline"/>
    <testcase time="0.00300000000015643" classname="ds.qlspline_smk_test1" name="qlspline"/>
    <testcase time="0.000999999999748979" classname="ds.qlspline_smk_test1" name="qlspline"/>
    <testcase time="0.00300000000015643" classname="ds.qlspline_smk_test1" name="qlspline"/>
    <testcase time="0.00299999999970169" classname="ds.qlspline_smk_test1" name="qlspline"/>
    <testcase time="0.00100000000020373" classname="ds.qlspline_smk_test1" name="qlspline"/>
    <testcase time="0.000999999999748979" classname="ds.qlspline_smk_test1" name="qlspline"/>
    <testcase time="0.00200000000040745" classname="ds.qlspline_smk_test1" name="qlspline"/>
    <testcase time="0.000999999999748979" classname="ds.qlspline_smk_test1" name="qlspline"/>
    <testcase time="0.00100000000020373" classname="ds.qlspline_smk_test1" name="qlspline"/>
    <testcase time="0.00199999999995271" classname="ds.qlspline_smk_test1" name="qlspline"/>
    <testcase time="0.000999999999748979" classname="ds.qlspline_smk_test1" name="qlspline"/>
    <testcase time="0.00100000000020373" classname="ds.qlspline_smk_test1" name="qlspline"/>
    <testcase time="0.000999999999748979" classname="ds.qlspline_smk_test1" name="qlspline"/>
    <testcase time="0.00200000000040745" classname="ds.qlspline_smk_test1" name="qlspline"/>
    <testcase time="0.000999999999748979" classname="ds.qlspline_smk_test1" name="qlspline"/>
    <testcase time="0.00100000000020373" classname="ds.qlspline_smk_test1" name="qlspline"/>
    <testcase time="0.00199999999995271" classname="ds.qlspline_smk_test1" name="qlspline"/>
  </testsuite>
  <testsuite name="ds.qlspline::smk::test2" timestamp="2025-09-19T12:16:07Z" hostname="runnervmf4ws1" tests="36" skipped="0" failures="0" errors="0" time="0.408">
    <testcase time="0.188000000000102" classname="ds.qlspline_smk_test2" name="qlspline"/>
    <testcase time="0.000999999999748979" classname="ds.qlspline_smk_test2" name="qlspline"/>
    <testcase time="0.00100000000020373" classname="ds.qlspline_smk_test2" name="qlspline"/>
    <testcase time="0.000999999999748979" classname="ds.qlspline_smk_test2" name="qlspline"/>
    <testcase time="0.00100000000020373" classname="ds.qlspline_smk_test2" name="qlspline"/>
    <testcase time="0.00100000000020373" classname="ds.qlspline_smk_test2" name="qlspline"/>
    <testcase time="0.000999999999748979" classname="ds.qlspline_smk_test2" name="qlspline"/>
    <testcase time="0.173999999999978" classname="ds.qlspline_smk_test2" name="qlspline"/>
    <testcase time="0.00100000000020373" classname="ds.qlspline_smk_test2" name="qlspline"/>
    <testcase time="0.00100000000020373" classname="ds.qlspline_smk_test2" name="qlspline"/>
    <testcase time="0.00199999999995271" classname="ds.qlspline_smk_test2" name="qlspline"/>
    <testcase time="0.000999999999748979" classname="ds.qlspline_smk_test2" name="qlspline"/>
    <testcase time="0.00100000000020373" classname="ds.qlspline_smk_test2" name="qlspline"/>
    <testcase time="0.000999999999748979" classname="ds.qlspline_smk_test2" name="qlspline"/>
    <testcase time="0.00199999999995271" classname="ds.qlspline_smk_test2" name="qlspline"/>
    <testcase time="0.00100000000020373" classname="ds.qlspline_smk_test2" name="qlspline"/>
    <testcase time="0.00100000000020373" classname="ds.qlspline_smk_test2" name="qlspline"/>
    <testcase time="0.000999999999748979" classname="ds.qlspline_smk_test2" name="qlspline"/>
    <testcase time="0.00199999999995271" classname="ds.qlspline_smk_test2" name="qlspline"/>
    <testcase time="0.00100000000020373" classname="ds.qlspline_smk_test2" name="qlspline"/>
    <testcase time="0.000999999999748979" classname="ds.qlspline_smk_test2" name="qlspline"/>
    <testcase time="0.00300000000015643" classname="ds.qlspline_smk_test2" name="qlspline"/>
    <testcase time="0.00100000000020373" classname="ds.qlspline_smk_test2" name="qlspline"/>
    <testcase time="0.00299999999970169" classname="ds.qlspline_smk_test2" name="qlspline"/>
    <testcase time="0.00199999999995271" classname="ds.qlspline_smk_test2" name="qlspline"/>
    <testcase time="0.00199999999995271" classname="ds.qlspline_smk_test2" name="qlspline"/>
    <testcase time="0.00100000000020373" classname="ds.qlspline_smk_test2" name="qlspline"/>
    <testcase time="0.000999999999748979" classname="ds.qlspline_smk_test2" name="qlspline"/>
    <testcase time="0.00200000000040745" classname="ds.qlspline_smk_test2" name="qlspline"/>
    <testcase time="0.000999999999748979" classname="ds.qlspline_smk_test2" name="qlspline"/>
    <testcase time="0.00100000000020373" classname="ds.qlspline_smk_test2" name="qlspline"/>
    <testcase time="0.00199999999995271" classname="ds.qlspline_smk_test2" name="qlspline"/>
    <testcase time="0.000999999999748979" classname="ds.qlspline_smk_test2" name="qlspline"/>
    <testcase time="0.00100000000020373" classname="ds.qlspline_smk_test2" name="qlspline"/>
    <testcase time="0.00199999999995271" classname="ds.qlspline_smk_test2" name="qlspline"/>
    <testcase time="0.00100000000020373" classname="ds.qlspline_smk_test2" name="qlspline"/>
  </testsuite>
  <testsuite name="ds.qlspline::smk::shutdown" timestamp="2025-09-19T12:16:07Z" hostname="runnervmf4ws1" tests="3" skipped="0" failures="0" errors="0" time="0.051">
    <testcase time="0.0489999999999782" classname="ds.qlspline_smk_shutdown" name="shutdown"/>
    <testcase time="0.000999999999748979" classname="ds.qlspline_smk_shutdown" name="shutdown"/>
    <testcase time="0.00100000000020373" classname="ds.qlspline_smk_shutdown" name="shutdown"/>
  </testsuite>
  <testsuite name="ds.qlspline::smk::done" timestamp="2025-09-19T12:16:08Z" hostname="runnervmf4ws1" tests="0" skipped="0" failures="0" errors="0" time="0"/>
  <testsuite name="smk-ds.quantileMean" timestamp="2025-09-19T12:16:08Z" hostname="runnervmf4ws1" tests="0" skipped="0" failures="0" errors="0" time="0"/>
  <testsuite name="ds.quantileMean::smk::setup" timestamp="2025-09-19T12:16:08Z" hostname="runnervmf4ws1" tests="3" skipped="0" failures="0" errors="0" time="7.511">
    <testcase time="7.50799999999981" classname="ds.quantileMean_smk_setup" name="setup"/>
    <testcase time="0.00199999999995271" classname="ds.quantileMean_smk_setup" name="setup"/>
    <testcase time="0.00100000000020373" classname="ds.quantileMean_smk_setup" name="setup"/>
  </testsuite>
  <testsuite name="ds.quantileMean::smk::standard" timestamp="2025-09-19T12:16:15Z" hostname="runnervmf4ws1" tests="9" skipped="0" failures="0" errors="0" time="0.199">
    <testcase time="0.188999999999851" classname="ds.quantileMean_smk_standard" name="quantileMean"/>
    <testcase time="0.00100000000020373" classname="ds.quantileMean_smk_standard" name="quantileMean"/>
    <testcase time="0.00199999999995271" classname="ds.quantileMean_smk_standard" name="quantileMean"/>
    <testcase time="0.000999999999748979" classname="ds.quantileMean_smk_standard" name="quantileMean"/>
    <testcase time="0.00100000000020373" classname="ds.quantileMean_smk_standard" name="quantileMean"/>
    <testcase time="0.000999999999748979" classname="ds.quantileMean_smk_standard" name="quantileMean"/>
    <testcase time="0.00200000000040745" classname="ds.quantileMean_smk_standard" name="quantileMean"/>
    <testcase time="0.000999999999748979" classname="ds.quantileMean_smk_standard" name="quantileMean"/>
    <testcase time="0.00100000000020373" classname="ds.quantileMean_smk_standard" name="quantileMean"/>
  </testsuite>
  <testsuite name="ds.quantileMean::smk::split" timestamp="2025-09-19T12:16:15Z" hostname="runnervmf4ws1" tests="28" skipped="0" failures="0" errors="0" time="0.321">
    <testcase time="0.288000000000011" classname="ds.quantileMean_smk_split" name="quantileMean_split"/>
    <testcase time="0.00199999999995271" classname="ds.quantileMean_smk_split" name="quantileMean_split"/>
    <testcase time="0.000999999999748979" classname="ds.quantileMean_smk_split" name="quantileMean_split"/>
    <testcase time="0.00100000000020373" classname="ds.quantileMean_smk_split" name="quantileMean_split"/>
    <testcase time="0.000999999999748979" classname="ds.quantileMean_smk_split" name="quantileMean_split"/>
    <testcase time="0.00100000000020373" classname="ds.quantileMean_smk_split" name="quantileMean_split"/>
    <testcase time="0.00199999999995271" classname="ds.quantileMean_smk_split" name="quantileMean_split"/>
    <testcase time="0.00100000000020373" classname="ds.quantileMean_smk_split" name="quantileMean_split"/>
    <testcase time="0.000999999999748979" classname="ds.quantileMean_smk_split" name="quantileMean_split"/>
    <testcase time="0.00100000000020373" classname="ds.quantileMean_smk_split" name="quantileMean_split"/>
    <testcase time="0.00100000000020373" classname="ds.quantileMean_smk_split" name="quantileMean_split"/>
    <testcase time="0.000999999999748979" classname="ds.quantileMean_smk_split" name="quantileMean_split"/>
    <testcase time="0.00100000000020373" classname="ds.quantileMean_smk_split" name="quantileMean_split"/>
    <testcase time="0.00199999999995271" classname="ds.quantileMean_smk_split" name="quantileMean_split"/>
    <testcase time="0.00100000000020373" classname="ds.quantileMean_smk_split" name="quantileMean_split"/>
    <testcase time="0.000999999999748979" classname="ds.quantileMean_smk_split" name="quantileMean_split"/>
    <testcase time="0.00100000000020373" classname="ds.quantileMean_smk_split" name="quantileMean_split"/>
    <testcase time="0.00199999999995271" classname="ds.quantileMean_smk_split" name="quantileMean_split"/>
    <testcase time="0.000999999999748979" classname="ds.quantileMean_smk_split" name="quantileMean_split"/>
    <testcase time="0.00100000000020373" classname="ds.quantileMean_smk_split" name="quantileMean_split"/>
    <testcase time="0.000999999999748979" classname="ds.quantileMean_smk_split" name="quantileMean_split"/>
    <testcase time="0.00100000000020373" classname="ds.quantileMean_smk_split" name="quantileMean_split"/>
    <testcase time="0.00199999999995271" classname="ds.quantileMean_smk_split" name="quantileMean_split"/>
    <testcase time="0.00100000000020373" classname="ds.quantileMean_smk_split" name="quantileMean_split"/>
    <testcase time="0.000999999999748979" classname="ds.quantileMean_smk_split" name="quantileMean_split"/>
    <testcase time="0.00100000000020373" classname="ds.quantileMean_smk_split" name="quantileMean_split"/>
    <testcase time="0.00199999999995271" classname="ds.quantileMean_smk_split" name="quantileMean_split"/>
    <testcase time="0.000999999999748979" classname="ds.quantileMean_smk_split" name="quantileMean_split"/>
  </testsuite>
  <testsuite name="ds.quantileMean::smk::shutdown" timestamp="2025-09-19T12:16:15Z" hostname="runnervmf4ws1" tests="3" skipped="0" failures="0" errors="0" time="0.05">
    <testcase time="0.0480000000002292" classname="ds.quantileMean_smk_shutdown" name="shutdown"/>
    <testcase time="0.000999999999748979" classname="ds.quantileMean_smk_shutdown" name="shutdown"/>
    <testcase time="0.00100000000020373" classname="ds.quantileMean_smk_shutdown" name="shutdown"/>
  </testsuite>
  <testsuite name="ds.quantileMean::smk::done" timestamp="2025-09-19T12:16:16Z" hostname="runnervmf4ws1" tests="0" skipped="0" failures="0" errors="0" time="0"/>
  <testsuite name="smk-ds.ranksSecure" timestamp="2025-09-19T12:16:16Z" hostname="runnervmf4ws1" tests="0" skipped="0" failures="0" errors="0" time="0"/>
  <testsuite name="ds.ranksSecure::smk::setup" timestamp="2025-09-19T12:16:16Z" hostname="runnervmf4ws1" tests="3" skipped="0" failures="0" errors="0" time="7.566">
    <testcase time="7.56399999999985" classname="ds.ranksSecure_smk_setup" name="setup"/>
    <testcase time="0.00100000000020373" classname="ds.ranksSecure_smk_setup" name="setup"/>
    <testcase time="0.000999999999748979" classname="ds.ranksSecure_smk_setup" name="setup"/>
  </testsuite>
  <testsuite name="ds.ranksSecure::smk::continous, without NAs, all positive" timestamp="2025-09-19T12:16:23Z" hostname="runnervmf4ws1" tests="16" skipped="0" failures="0" errors="0" time="12.049">
    <testcase time="0.182000000000244" classname="ds.ranksSecure_smk_continous_without_NAs_all_positive" name="continous_without_NAs_all_positive"/>
    <testcase time="0.110999999999876" classname="ds.ranksSecure_smk_continous_without_NAs_all_positive" name="continous_without_NAs_all_positive"/>
    <testcase time="0.00199999999995271" classname="ds.ranksSecure_smk_continous_without_NAs_all_positive" name="continous_without_NAs_all_positive"/>
    <testcase time="0.00100000000020373" classname="ds.ranksSecure_smk_continous_without_NAs_all_positive" name="continous_without_NAs_all_positive"/>
    <testcase time="0.000999999999748979" classname="ds.ranksSecure_smk_continous_without_NAs_all_positive" name="continous_without_NAs_all_positive"/>
    <testcase time="11.7240000000002" classname="ds.ranksSecure_smk_continous_without_NAs_all_positive" name="continous_without_NAs_all_positive"/>
    <testcase time="0.00100000000020373" classname="ds.ranksSecure_smk_continous_without_NAs_all_positive" name="continous_without_NAs_all_positive"/>
    <testcase time="0.00299999999970169" classname="ds.ranksSecure_smk_continous_without_NAs_all_positive" name="continous_without_NAs_all_positive"/>
    <testcase time="0.00100000000020373" classname="ds.ranksSecure_smk_continous_without_NAs_all_positive" name="continous_without_NAs_all_positive"/>
    <testcase time="0.00299999999970169" classname="ds.ranksSecure_smk_continous_without_NAs_all_positive" name="continous_without_NAs_all_positive"/>
    <testcase time="0.00100000000020373" classname="ds.ranksSecure_smk_continous_without_NAs_all_positive" name="continous_without_NAs_all_positive"/>
    <testcase time="0.00100000000020373" classname="ds.ranksSecure_smk_continous_without_NAs_all_positive" name="continous_without_NAs_all_positive"/>
    <testcase time="0.00299999999970169" classname="ds.ranksSecure_smk_continous_without_NAs_all_positive" name="continous_without_NAs_all_positive"/>
    <testcase time="0.00100000000020373" classname="ds.ranksSecure_smk_continous_without_NAs_all_positive" name="continous_without_NAs_all_positive"/>
    <testcase time="0.000999999999748979" classname="ds.ranksSecure_smk_continous_without_NAs_all_positive" name="continous_without_NAs_all_positive"/>
    <testcase time="0.01299999999992" classname="ds.ranksSecure_smk_continous_without_NAs_all_positive" name="continous_without_NAs_all_positive"/>
  </testsuite>
  <testsuite name="ds.ranksSecure::smk::continous, without NAs, with negative" timestamp="2025-09-19T12:16:35Z" hostname="runnervmf4ws1" tests="16" skipped="0" failures="0" errors="0" time="12.153">
    <testcase time="0.188000000000102" classname="ds.ranksSecure_smk_continous_without_NAs_with_negative" name="continous_without_NAs_with_negative"/>
    <testcase time="0.106000000000222" classname="ds.ranksSecure_smk_continous_without_NAs_with_negative" name="continous_without_NAs_with_negative"/>
    <testcase time="0.00199999999995271" classname="ds.ranksSecure_smk_continous_without_NAs_with_negative" name="continous_without_NAs_with_negative"/>
    <testcase time="0.000999999999748979" classname="ds.ranksSecure_smk_continous_without_NAs_with_negative" name="continous_without_NAs_with_negative"/>
    <testcase time="0.00100000000020373" classname="ds.ranksSecure_smk_continous_without_NAs_with_negative" name="continous_without_NAs_with_negative"/>
    <testcase time="11.8380000000002" classname="ds.ranksSecure_smk_continous_without_NAs_with_negative" name="continous_without_NAs_with_negative"/>
    <testcase time="0.000999999999748979" classname="ds.ranksSecure_smk_continous_without_NAs_with_negative" name="continous_without_NAs_with_negative"/>
    <testcase time="0.00300000000015643" classname="ds.ranksSecure_smk_continous_without_NAs_with_negative" name="continous_without_NAs_with_negative"/>
    <testcase time="0.000999999999748979" classname="ds.ranksSecure_smk_continous_without_NAs_with_negative" name="continous_without_NAs_with_negative"/>
    <testcase time="0.00300000000015643" classname="ds.ranksSecure_smk_continous_without_NAs_with_negative" name="continous_without_NAs_with_negative"/>
    <testcase time="0.000999999999748979" classname="ds.ranksSecure_smk_continous_without_NAs_with_negative" name="continous_without_NAs_with_negative"/>
    <testcase time="0.00100000000020373" classname="ds.ranksSecure_smk_continous_without_NAs_with_negative" name="continous_without_NAs_with_negative"/>
    <testcase time="0.00300000000015643" classname="ds.ranksSecure_smk_continous_without_NAs_with_negative" name="continous_without_NAs_with_negative"/>
    <testcase time="0.000999999999748979" classname="ds.ranksSecure_smk_continous_without_NAs_with_negative" name="continous_without_NAs_with_negative"/>
    <testcase time="0.00100000000020373" classname="ds.ranksSecure_smk_continous_without_NAs_with_negative" name="continous_without_NAs_with_negative"/>
    <testcase time="0.00199999999995271" classname="ds.ranksSecure_smk_continous_without_NAs_with_negative" name="continous_without_NAs_with_negative"/>
  </testsuite>
  <testsuite name="ds.ranksSecure::smk::continous, with NAs, all positive" timestamp="2025-09-19T12:16:47Z" hostname="runnervmf4ws1" tests="11" skipped="0" failures="0" errors="0" time="11.855">
    <testcase time="11.837" classname="ds.ranksSecure_smk_continous_with_NAs_all_positive" name="continous_with_NAs_all_positive"/>
    <testcase time="0.000999999999748979" classname="ds.ranksSecure_smk_continous_with_NAs_all_positive" name="continous_with_NAs_all_positive"/>
    <testcase time="0.00300000000015643" classname="ds.ranksSecure_smk_continous_with_NAs_all_positive" name="continous_with_NAs_all_positive"/>
    <testcase time="0.00100000000020373" classname="ds.ranksSecure_smk_continous_with_NAs_all_positive" name="continous_with_NAs_all_positive"/>
    <testcase time="0.00299999999970169" classname="ds.ranksSecure_smk_continous_with_NAs_all_positive" name="continous_with_NAs_all_positive"/>
    <testcase time="0.00100000000020373" classname="ds.ranksSecure_smk_continous_with_NAs_all_positive" name="continous_with_NAs_all_positive"/>
    <testcase time="0.000999999999748979" classname="ds.ranksSecure_smk_continous_with_NAs_all_positive" name="continous_with_NAs_all_positive"/>
    <testcase time="0.00300000000015643" classname="ds.ranksSecure_smk_continous_with_NAs_all_positive" name="continous_with_NAs_all_positive"/>
    <testcase time="0.00100000000020373" classname="ds.ranksSecure_smk_continous_with_NAs_all_positive" name="continous_with_NAs_all_positive"/>
    <testcase time="0.000999999999748979" classname="ds.ranksSecure_smk_continous_with_NAs_all_positive" name="continous_with_NAs_all_positive"/>
    <testcase time="0.00300000000015643" classname="ds.ranksSecure_smk_continous_with_NAs_all_positive" name="continous_with_NAs_all_positive"/>
  </testsuite>
  <testsuite name="ds.ranksSecure::smk::continous, with NAs, with negative" timestamp="2025-09-19T12:16:59Z" hostname="runnervmf4ws1" tests="11" skipped="0" failures="0" errors="0" time="11.593">
    <testcase time="11.5749999999998" classname="ds.ranksSecure_smk_continous_with_NAs_with_negative" name="continous_with_NAs_with_negative"/>
    <testcase time="0.00100000000020373" classname="ds.ranksSecure_smk_continous_with_NAs_with_negative" name="continous_with_NAs_with_negative"/>
    <testcase time="0.00299999999970169" classname="ds.ranksSecure_smk_continous_with_NAs_with_negative" name="continous_with_NAs_with_negative"/>
    <testcase time="0.00100000000020373" classname="ds.ranksSecure_smk_continous_with_NAs_with_negative" name="continous_with_NAs_with_negative"/>
    <testcase time="0.00300000000015643" classname="ds.ranksSecure_smk_continous_with_NAs_with_negative" name="continous_with_NAs_with_negative"/>
    <testcase time="0.000999999999748979" classname="ds.ranksSecure_smk_continous_with_NAs_with_negative" name="continous_with_NAs_with_negative"/>
    <testcase time="0.00100000000020373" classname="ds.ranksSecure_smk_continous_with_NAs_with_negative" name="continous_with_NAs_with_negative"/>
    <testcase time="0.00299999999970169" classname="ds.ranksSecure_smk_continous_with_NAs_with_negative" name="continous_with_NAs_with_negative"/>
    <testcase time="0.00100000000020373" classname="ds.ranksSecure_smk_continous_with_NAs_with_negative" name="continous_with_NAs_with_negative"/>
    <testcase time="0.00100000000020373" classname="ds.ranksSecure_smk_continous_with_NAs_with_negative" name="continous_with_NAs_with_negative"/>
    <testcase time="0.00299999999970169" classname="ds.ranksSecure_smk_continous_with_NAs_with_negative" name="continous_with_NAs_with_negative"/>
  </testsuite>
  <testsuite name="ds.ranksSecure::smk::shutdown" timestamp="2025-09-19T12:17:11Z" hostname="runnervmf4ws1" tests="3" skipped="0" failures="0" errors="0" time="0.05">
    <testcase time="0.0480000000002292" classname="ds.ranksSecure_smk_shutdown" name="setup"/>
    <testcase time="0.000999999999748979" classname="ds.ranksSecure_smk_shutdown" name="setup"/>
    <testcase time="0.00100000000020373" classname="ds.ranksSecure_smk_shutdown" name="setup"/>
  </testsuite>
  <testsuite name="ds.ranksSecure::smk::done" timestamp="2025-09-19T12:17:11Z" hostname="runnervmf4ws1" tests="0" skipped="0" failures="0" errors="0" time="0"/>
  <testsuite name="smk-ds.rbind" timestamp="2025-09-19T12:17:11Z" hostname="runnervmf4ws1" tests="0" skipped="0" failures="0" errors="0" time="0"/>
  <testsuite name="ds.rbind::smk::setup" timestamp="2025-09-19T12:17:11Z" hostname="runnervmf4ws1" tests="3" skipped="0" failures="0" errors="0" time="7.532">
    <testcase time="7.529" classname="ds.rbind_smk_setup" name="setup"/>
    <testcase time="0.000999999999748979" classname="ds.rbind_smk_setup" name="setup"/>
    <testcase time="0.00199999999995271" classname="ds.rbind_smk_setup" name="setup"/>
  </testsuite>
  <testsuite name="ds.rbind::smk" timestamp="2025-09-19T12:17:18Z" hostname="runnervmf4ws1" tests="5" skipped="0" failures="0" errors="0" time="0.493">
    <testcase time="0.407000000000153" classname="ds.rbind_smk" name="simple_test"/>
    <testcase time="0.00199999999995271" classname="ds.rbind_smk" name="simple_test"/>
    <testcase time="0.0790000000001783" classname="ds.rbind_smk" name="simple_test"/>
    <testcase time="0.00299999999970169" classname="ds.rbind_smk" name="simple_test"/>
    <testcase time="0.00200000000040745" classname="ds.rbind_smk" name="simple_test"/>
  </testsuite>
  <testsuite name="ds.rbind::smk::shutdown" timestamp="2025-09-19T12:17:19Z" hostname="runnervmf4ws1" tests="3" skipped="0" failures="0" errors="0" time="0.051">
    <testcase time="0.0479999999997744" classname="ds.rbind_smk_shutdown" name="shutdown"/>
    <testcase time="0.00199999999995271" classname="ds.rbind_smk_shutdown" name="shutdown"/>
    <testcase time="0.00100000000020373" classname="ds.rbind_smk_shutdown" name="shutdown"/>
  </testsuite>
  <testsuite name="ds.rbind::smk::done" timestamp="2025-09-19T12:17:19Z" hostname="runnervmf4ws1" tests="0" skipped="0" failures="0" errors="0" time="0"/>
  <testsuite name="smk-ds.rBinom" timestamp="2025-09-19T12:17:19Z" hostname="runnervmf4ws1" tests="0" skipped="0" failures="0" errors="0" time="0"/>
  <testsuite name="ds.rBinom::smk::setup" timestamp="2025-09-19T12:17:19Z" hostname="runnervmf4ws1" tests="3" skipped="0" failures="0" errors="0" time="7.474">
    <testcase time="7.47199999999975" classname="ds.rBinom_smk_setup" name="setup"/>
    <testcase time="0.00100000000020373" classname="ds.rBinom_smk_setup" name="setup"/>
    <testcase time="0.000999999999748979" classname="ds.rBinom_smk_setup" name="setup"/>
  </testsuite>
  <testsuite name="ds.rBinom::smk::simple test" timestamp="2025-09-19T12:17:26Z" hostname="runnervmf4ws1" tests="11" skipped="0" failures="0" errors="0" time="0.287">
    <testcase time="0.268000000000029" classname="ds.rBinom_smk_simple_test" name="simple_test"/>
    <testcase time="0.00100000000020373" classname="ds.rBinom_smk_simple_test" name="simple_test"/>
    <testcase time="0.000999999999748979" classname="ds.rBinom_smk_simple_test" name="simple_test"/>
    <testcase time="0.00200000000040745" classname="ds.rBinom_smk_simple_test" name="simple_test"/>
    <testcase time="0.000999999999748979" classname="ds.rBinom_smk_simple_test" name="simple_test"/>
    <testcase time="0.00100000000020373" classname="ds.rBinom_smk_simple_test" name="simple_test"/>
    <testcase time="0.000999999999748979" classname="ds.rBinom_smk_simple_test" name="simple_test"/>
    <testcase time="0.00199999999995271" classname="ds.rBinom_smk_simple_test" name="simple_test"/>
    <testcase time="0.00800000000026557" classname="ds.rBinom_smk_simple_test" name="simple_test"/>
    <testcase time="0.000999999999748979" classname="ds.rBinom_smk_simple_test" name="simple_test"/>
    <testcase time="0.00100000000020373" classname="ds.rBinom_smk_simple_test" name="simple_test"/>
  </testsuite>
  <testsuite name="ds.rBinom::smk::shutdown" timestamp="2025-09-19T12:17:27Z" hostname="runnervmf4ws1" tests="3" skipped="0" failures="0" errors="0" time="0.053">
    <testcase time="0.0509999999999309" classname="ds.rBinom_smk_shutdown" name="shutdown"/>
    <testcase time="0.00100000000020373" classname="ds.rBinom_smk_shutdown" name="shutdown"/>
    <testcase time="0.000999999999748979" classname="ds.rBinom_smk_shutdown" name="shutdown"/>
  </testsuite>
  <testsuite name="ds.rBinom::smk::done" timestamp="2025-09-19T12:17:27Z" hostname="runnervmf4ws1" tests="0" skipped="0" failures="0" errors="0" time="0"/>
  <testsuite name="smk-ds.recodeLevels" timestamp="2025-09-19T12:17:27Z" hostname="runnervmf4ws1" tests="0" skipped="0" failures="0" errors="0" time="0"/>
  <testsuite name="ds.recodeLevels::smk::setup" timestamp="2025-09-19T12:17:27Z" hostname="runnervmf4ws1" tests="3" skipped="0" failures="0" errors="0" time="7.526">
    <testcase time="7.52399999999989" classname="ds.recodeLevels_smk_setup" name="setup"/>
    <testcase time="0.00100000000020373" classname="ds.recodeLevels_smk_setup" name="setup"/>
    <testcase time="0.000999999999748979" classname="ds.recodeLevels_smk_setup" name="setup"/>
  </testsuite>
  <testsuite name="ds.recodeLevels::smk" timestamp="2025-09-19T12:17:34Z" hostname="runnervmf4ws1" tests="8" skipped="0" failures="0" errors="0" time="0.319">
    <testcase time="0.207000000000335" classname="ds.recodeLevels_smk" name="new_levels"/>
    <testcase time="0.105000000000018" classname="ds.recodeLevels_smk" name="new_levels"/>
    <testcase time="0.00199999999995271" classname="ds.recodeLevels_smk" name="new_levels"/>
    <testcase time="0.000999999999748979" classname="ds.recodeLevels_smk" name="new_levels"/>
    <testcase time="0.00100000000020373" classname="ds.recodeLevels_smk" name="new_levels"/>
    <testcase time="0.000999999999748979" classname="ds.recodeLevels_smk" name="new_levels"/>
    <testcase time="0.00100000000020373" classname="ds.recodeLevels_smk" name="new_levels"/>
    <testcase time="0.00100000000020373" classname="ds.recodeLevels_smk" name="new_levels"/>
  </testsuite>
  <testsuite name="ds.recodeLevels::smk::no connections or newobj" timestamp="2025-09-19T12:17:34Z" hostname="runnervmf4ws1" tests="8" skipped="0" failures="0" errors="0" time="0.327">
    <testcase time="0.213999999999942" classname="ds.recodeLevels_smk_no_connections_or_newobj" name="new_levels_auto"/>
    <testcase time="0.105999999999767" classname="ds.recodeLevels_smk_no_connections_or_newobj" name="new_levels_auto"/>
    <testcase time="0.00100000000020373" classname="ds.recodeLevels_smk_no_connections_or_newobj" name="new_levels_auto"/>
    <testcase time="0.000999999999748979" classname="ds.recodeLevels_smk_no_connections_or_newobj" name="new_levels_auto"/>
    <testcase time="0.00100000000020373" classname="ds.recodeLevels_smk_no_connections_or_newobj" name="new_levels_auto"/>
    <testcase time="0.00199999999995271" classname="ds.recodeLevels_smk_no_connections_or_newobj" name="new_levels_auto"/>
    <testcase time="0.000999999999748979" classname="ds.recodeLevels_smk_no_connections_or_newobj" name="new_levels_auto"/>
    <testcase time="0.00100000000020373" classname="ds.recodeLevels_smk_no_connections_or_newobj" name="new_levels_auto"/>
  </testsuite>
  <testsuite name="ds.recodeLevels::smk::shutdown" timestamp="2025-09-19T12:17:35Z" hostname="runnervmf4ws1" tests="3" skipped="0" failures="0" errors="0" time="0.05">
    <testcase time="0.0470000000000255" classname="ds.recodeLevels_smk_shutdown" name="shutdown"/>
    <testcase time="0.00100000000020373" classname="ds.recodeLevels_smk_shutdown" name="shutdown"/>
    <testcase time="0.00199999999995271" classname="ds.recodeLevels_smk_shutdown" name="shutdown"/>
  </testsuite>
  <testsuite name="ds.recodeLevels::smk::done" timestamp="2025-09-19T12:17:35Z" hostname="runnervmf4ws1" tests="0" skipped="0" failures="0" errors="0" time="0"/>
  <testsuite name="smk-ds.recodeValues" timestamp="2025-09-19T12:17:35Z" hostname="runnervmf4ws1" tests="0" skipped="0" failures="0" errors="0" time="0"/>
  <testsuite name="ds.recodeValues::smk::setup" timestamp="2025-09-19T12:17:35Z" hostname="runnervmf4ws1" tests="3" skipped="0" failures="0" errors="0" time="7.528">
    <testcase time="7.52499999999964" classname="ds.recodeValues_smk_setup" name="setup"/>
    <testcase time="0.00200000000040745" classname="ds.recodeValues_smk_setup" name="setup"/>
    <testcase time="0.000999999999748979" classname="ds.recodeValues_smk_setup" name="setup"/>
  </testsuite>
  <testsuite name="ds.recodeValues::smk" timestamp="2025-09-19T12:17:42Z" hostname="runnervmf4ws1" tests="7" skipped="0" failures="0" errors="0" time="0.281">
    <testcase time="0.186000000000149" classname="ds.recodeValues_smk" name="simple_test"/>
    <testcase time="0.00199999999995271" classname="ds.recodeValues_smk" name="simple_test"/>
    <testcase time="0.000999999999748979" classname="ds.recodeValues_smk" name="simple_test"/>
    <testcase time="0.0880000000001928" classname="ds.recodeValues_smk" name="simple_test"/>
    <testcase time="0.00100000000020373" classname="ds.recodeValues_smk" name="simple_test"/>
    <testcase time="0.00199999999995271" classname="ds.recodeValues_smk" name="simple_test"/>
    <testcase time="0.000999999999748979" classname="ds.recodeValues_smk" name="simple_test"/>
  </testsuite>
  <testsuite name="ds.recodeValues::smk::shutdown" timestamp="2025-09-19T12:17:43Z" hostname="runnervmf4ws1" tests="3" skipped="0" failures="0" errors="0" time="0.051">
    <testcase time="0.0480000000002292" classname="ds.recodeValues_smk_shutdown" name="shutdown"/>
    <testcase time="0.00199999999995271" classname="ds.recodeValues_smk_shutdown" name="shutdown"/>
    <testcase time="0.000999999999748979" classname="ds.recodeValues_smk_shutdown" name="shutdown"/>
  </testsuite>
  <testsuite name="ds.recodeValues::smk::done" timestamp="2025-09-19T12:17:43Z" hostname="runnervmf4ws1" tests="0" skipped="0" failures="0" errors="0" time="0"/>
  <testsuite name="smk-ds.rep-complex" timestamp="2025-09-19T12:17:43Z" hostname="runnervmf4ws1" tests="0" skipped="0" failures="0" errors="0" time="0"/>
  <testsuite name="ds.rep::smk::complex setup" timestamp="2025-09-19T12:17:43Z" hostname="runnervmf4ws1" tests="3" skipped="0" failures="0" errors="0" time="7.556">
    <testcase time="7.55300000000034" classname="ds.rep_smk_complex_setup" name="setup"/>
    <testcase time="0.000999999999748979" classname="ds.rep_smk_complex_setup" name="setup"/>
    <testcase time="0.00199999999995271" classname="ds.rep_smk_complex_setup" name="setup"/>
  </testsuite>
  <testsuite name="ds.rep::smk::complex" timestamp="2025-09-19T12:17:50Z" hostname="runnervmf4ws1" tests="6" skipped="0" failures="0" errors="0" time="0.391">
    <testcase time="0.23700000000008" classname="ds.rep_smk_complex" name="complex_test"/>
    <testcase time="0.00100000000020373" classname="ds.rep_smk_complex" name="complex_test"/>
    <testcase time="0.000999999999748979" classname="ds.rep_smk_complex" name="complex_test"/>
    <testcase time="0.148999999999887" classname="ds.rep_smk_complex" name="complex_test"/>
    <testcase time="0.00200000000040745" classname="ds.rep_smk_complex" name="complex_test"/>
    <testcase time="0.000999999999748979" classname="ds.rep_smk_complex" name="complex_test"/>
  </testsuite>
  <testsuite name="ds.rep::smk::complex shutdown" timestamp="2025-09-19T12:17:51Z" hostname="runnervmf4ws1" tests="3" skipped="0" failures="0" errors="0" time="0.05">
    <testcase time="0.0470000000000255" classname="ds.rep_smk_complex_shutdown" name="shutdown"/>
    <testcase time="0.00100000000020373" classname="ds.rep_smk_complex_shutdown" name="shutdown"/>
    <testcase time="0.00199999999995271" classname="ds.rep_smk_complex_shutdown" name="shutdown"/>
  </testsuite>
  <testsuite name="ds.rep::smk::complex done" timestamp="2025-09-19T12:17:51Z" hostname="runnervmf4ws1" tests="0" skipped="0" failures="0" errors="0" time="0"/>
  <testsuite name="smk-ds.rep" timestamp="2025-09-19T12:17:51Z" hostname="runnervmf4ws1" tests="0" skipped="0" failures="0" errors="0" time="0"/>
  <testsuite name="ds.rep::smk::setup" timestamp="2025-09-19T12:17:51Z" hostname="runnervmf4ws1" tests="3" skipped="0" failures="0" errors="0" time="7.514">
    <testcase time="7.51099999999997" classname="ds.rep_smk_setup" name="setup"/>
    <testcase time="0.000999999999748979" classname="ds.rep_smk_setup" name="setup"/>
    <testcase time="0.00199999999995271" classname="ds.rep_smk_setup" name="setup"/>
  </testsuite>
  <testsuite name="ds.rep::smk" timestamp="2025-09-19T12:17:58Z" hostname="runnervmf4ws1" tests="3" skipped="0" failures="0" errors="0" time="0.143">
    <testcase time="0.140000000000327" classname="ds.rep_smk" name="simple_test"/>
    <testcase time="0.000999999999748979" classname="ds.rep_smk" name="simple_test"/>
    <testcase time="0.00199999999995271" classname="ds.rep_smk" name="simple_test"/>
  </testsuite>
  <testsuite name="ds.rep::smk::shutdown" timestamp="2025-09-19T12:17:58Z" hostname="runnervmf4ws1" tests="3" skipped="0" failures="0" errors="0" time="0.051">
    <testcase time="0.0480000000002292" classname="ds.rep_smk_shutdown" name="shutdown"/>
    <testcase time="0.00199999999995271" classname="ds.rep_smk_shutdown" name="shutdown"/>
    <testcase time="0.000999999999748979" classname="ds.rep_smk_shutdown" name="shutdown"/>
  </testsuite>
  <testsuite name="ds.rep::smk::done" timestamp="2025-09-19T12:17:59Z" hostname="runnervmf4ws1" tests="0" skipped="0" failures="0" errors="0" time="0"/>
  <testsuite name="smk-ds.replaceNA" timestamp="2025-09-19T12:17:59Z" hostname="runnervmf4ws1" tests="0" skipped="0" failures="0" errors="0" time="0"/>
  <testsuite name="ds.replaceNA::smk::setup" timestamp="2025-09-19T12:17:59Z" hostname="runnervmf4ws1" tests="3" skipped="0" failures="0" errors="0" time="7.534">
    <testcase time="7.5310000000004" classname="ds.replaceNA_smk_setup" name="setup"/>
    <testcase time="0.00199999999995271" classname="ds.replaceNA_smk_setup" name="setup"/>
    <testcase time="0.000999999999748979" classname="ds.replaceNA_smk_setup" name="setup"/>
  </testsuite>
  <testsuite name="ds.replaceNA::smk" timestamp="2025-09-19T12:18:06Z" hostname="runnervmf4ws1" tests="3" skipped="0" failures="0" errors="0" time="1.801">
    <testcase time="0.461999999999989" classname="ds.replaceNA_smk" name="simple_replaceNA"/>
    <testcase time="0.456000000000131" classname="ds.replaceNA_smk" name="simple_replaceNA"/>
    <testcase time="0.882999999999811" classname="ds.replaceNA_smk" name="simple_replaceNA"/>
  </testsuite>
  <testsuite name="ds.replaceNA::smk::shutdown" timestamp="2025-09-19T12:18:08Z" hostname="runnervmf4ws1" tests="3" skipped="0" failures="0" errors="0" time="0.051">
    <testcase time="0.0489999999999782" classname="ds.replaceNA_smk_shutdown" name="setup"/>
    <testcase time="0.00100000000020373" classname="ds.replaceNA_smk_shutdown" name="setup"/>
    <testcase time="0.00100000000020373" classname="ds.replaceNA_smk_shutdown" name="setup"/>
  </testsuite>
  <testsuite name="ds.replaceNA::smk::done" timestamp="2025-09-19T12:18:08Z" hostname="runnervmf4ws1" tests="0" skipped="0" failures="0" errors="0" time="0"/>
  <testsuite name="smk-ds.reShape" timestamp="2025-09-19T12:18:08Z" hostname="runnervmf4ws1" tests="0" skipped="0" failures="0" errors="0" time="0"/>
  <testsuite name="ds.reShape::smk::setup" timestamp="2025-09-19T12:18:08Z" hostname="runnervmf4ws1" tests="3" skipped="0" failures="0" errors="0" time="7.552">
    <testcase time="7.54999999999973" classname="ds.reShape_smk_setup" name="setup"/>
    <testcase time="0.00100000000020373" classname="ds.reShape_smk_setup" name="setup"/>
    <testcase time="0.000999999999748979" classname="ds.reShape_smk_setup" name="setup"/>
  </testsuite>
  <testsuite name="ds.reShape::smk" timestamp="2025-09-19T12:18:15Z" hostname="runnervmf4ws1" tests="3" skipped="0" failures="0" errors="0" time="0.31">
    <testcase time="0.307999999999993" classname="ds.reShape_smk" name="simplest_ds.reShape_wide"/>
    <testcase time="0.00100000000020373" classname="ds.reShape_smk" name="simplest_ds.reShape_wide"/>
    <testcase time="0.000999999999748979" classname="ds.reShape_smk" name="simplest_ds.reShape_wide"/>
  </testsuite>
  <testsuite name="ds.reShape::smk::shutdown" timestamp="2025-09-19T12:18:16Z" hostname="runnervmf4ws1" tests="3" skipped="0" failures="0" errors="0" time="0.051">
    <testcase time="0.0489999999999782" classname="ds.reShape_smk_shutdown" name="shutdown"/>
    <testcase time="0.00100000000020373" classname="ds.reShape_smk_shutdown" name="shutdown"/>
    <testcase time="0.00100000000020373" classname="ds.reShape_smk_shutdown" name="shutdown"/>
  </testsuite>
  <testsuite name="ds.reShape::smk::done" timestamp="2025-09-19T12:18:16Z" hostname="runnervmf4ws1" tests="0" skipped="0" failures="0" errors="0" time="0"/>
  <testsuite name="smk-ds.rm" timestamp="2025-09-19T12:18:16Z" hostname="runnervmf4ws1" tests="0" skipped="0" failures="0" errors="0" time="0"/>
  <testsuite name="ds.rm::smk::setup" timestamp="2025-09-19T12:18:16Z" hostname="runnervmf4ws1" tests="3" skipped="0" failures="0" errors="0" time="7.547">
    <testcase time="7.54399999999987" classname="ds.rm_smk_setup" name="setup"/>
    <testcase time="0.000999999999748979" classname="ds.rm_smk_setup" name="setup"/>
    <testcase time="0.00199999999995271" classname="ds.rm_smk_setup" name="setup"/>
  </testsuite>
  <testsuite name="ds.rm::smk" timestamp="2025-09-19T12:18:23Z" hostname="runnervmf4ws1" tests="32" skipped="0" failures="0" errors="0" time="0.401">
    <testcase time="0.0480000000002292" classname="ds.rm_smk" name="simple_test"/>
    <testcase time="0.00100000000020373" classname="ds.rm_smk" name="simple_test"/>
    <testcase time="0.000999999999748979" classname="ds.rm_smk" name="simple_test"/>
    <testcase time="0.00199999999995271" classname="ds.rm_smk" name="simple_test"/>
    <testcase time="0.00100000000020373" classname="ds.rm_smk" name="simple_test"/>
    <testcase time="0.000999999999748979" classname="ds.rm_smk" name="simple_test"/>
    <testcase time="0.00100000000020373" classname="ds.rm_smk" name="simple_test"/>
    <testcase time="0.000999999999748979" classname="ds.rm_smk" name="simple_test"/>
    <testcase time="0.00200000000040745" classname="ds.rm_smk" name="simple_test"/>
    <testcase time="0.000999999999748979" classname="ds.rm_smk" name="simple_test"/>
    <testcase time="0.00100000000020373" classname="ds.rm_smk" name="simple_test"/>
    <testcase time="0.000999999999748979" classname="ds.rm_smk" name="simple_test"/>
    <testcase time="0.00100000000020373" classname="ds.rm_smk" name="simple_test"/>
    <testcase time="0.000999999999748979" classname="ds.rm_smk" name="simple_test"/>
    <testcase time="0.00199999999995271" classname="ds.rm_smk" name="simple_test"/>
    <testcase time="0.00100000000020373" classname="ds.rm_smk" name="simple_test"/>
    <testcase time="0.307999999999993" classname="ds.rm_smk" name="simple_test"/>
    <testcase time="0.00199999999995271" classname="ds.rm_smk" name="simple_test"/>
    <testcase time="0.00100000000020373" classname="ds.rm_smk" name="simple_test"/>
    <testcase time="0.000999999999748979" classname="ds.rm_smk" name="simple_test"/>
    <testcase time="0.00199999999995271" classname="ds.rm_smk" name="simple_test"/>
    <testcase time="0.00100000000020373" classname="ds.rm_smk" name="simple_test"/>
    <testcase time="0.000999999999748979" classname="ds.rm_smk" name="simple_test"/>
    <testcase time="0.00199999999995271" classname="ds.rm_smk" name="simple_test"/>
    <testcase time="0.00800000000026557" classname="ds.rm_smk" name="simple_test"/>
    <testcase time="0.000999999999748979" classname="ds.rm_smk" name="simple_test"/>
    <testcase time="0.00100000000020373" classname="ds.rm_smk" name="simple_test"/>
    <testcase time="0.00199999999995271" classname="ds.rm_smk" name="simple_test"/>
    <testcase time="0.00100000000020373" classname="ds.rm_smk" name="simple_test"/>
    <testcase time="0.000999999999748979" classname="ds.rm_smk" name="simple_test"/>
    <testcase time="0.00100000000020373" classname="ds.rm_smk" name="simple_test"/>
    <testcase time="0.00199999999995271" classname="ds.rm_smk" name="simple_test"/>
  </testsuite>
  <testsuite name="ds.rm::smk" timestamp="2025-09-19T12:18:24Z" hostname="runnervmf4ws1" tests="48" skipped="0" failures="0" errors="0" time="0.952">
    <testcase time="0.0479999999997744" classname="ds.rm_smk" name="multiple_test"/>
    <testcase time="0.00100000000020373" classname="ds.rm_smk" name="multiple_test"/>
    <testcase time="0.000999999999748979" classname="ds.rm_smk" name="multiple_test"/>
    <testcase time="0.00100000000020373" classname="ds.rm_smk" name="multiple_test"/>
    <testcase time="0.00100000000020373" classname="ds.rm_smk" name="multiple_test"/>
    <testcase time="0.00199999999995271" classname="ds.rm_smk" name="multiple_test"/>
    <testcase time="0.000999999999748979" classname="ds.rm_smk" name="multiple_test"/>
    <testcase time="0.00100000000020373" classname="ds.rm_smk" name="multiple_test"/>
    <testcase time="0.000999999999748979" classname="ds.rm_smk" name="multiple_test"/>
    <testcase time="0.00100000000020373" classname="ds.rm_smk" name="multiple_test"/>
    <testcase time="0.000999999999748979" classname="ds.rm_smk" name="multiple_test"/>
    <testcase time="0.00100000000020373" classname="ds.rm_smk" name="multiple_test"/>
    <testcase time="0.000999999999748979" classname="ds.rm_smk" name="multiple_test"/>
    <testcase time="0.00100000000020373" classname="ds.rm_smk" name="multiple_test"/>
    <testcase time="0.000999999999748979" classname="ds.rm_smk" name="multiple_test"/>
    <testcase time="0.00100000000020373" classname="ds.rm_smk" name="multiple_test"/>
    <testcase time="0.557999999999993" classname="ds.rm_smk" name="multiple_test"/>
    <testcase time="0.000999999999748979" classname="ds.rm_smk" name="multiple_test"/>
    <testcase time="0.000999999999748979" classname="ds.rm_smk" name="multiple_test"/>
    <testcase time="0.00100000000020373" classname="ds.rm_smk" name="multiple_test"/>
    <testcase time="0.000999999999748979" classname="ds.rm_smk" name="multiple_test"/>
    <testcase time="0.00100000000020373" classname="ds.rm_smk" name="multiple_test"/>
    <testcase time="0.00199999999995271" classname="ds.rm_smk" name="multiple_test"/>
    <testcase time="0.00100000000020373" classname="ds.rm_smk" name="multiple_test"/>
    <testcase time="0.000999999999748979" classname="ds.rm_smk" name="multiple_test"/>
    <testcase time="0.00100000000020373" classname="ds.rm_smk" name="multiple_test"/>
    <testcase time="0.00199999999995271" classname="ds.rm_smk" name="multiple_test"/>
    <testcase time="0.000999999999748979" classname="ds.rm_smk" name="multiple_test"/>
    <testcase time="0.00100000000020373" classname="ds.rm_smk" name="multiple_test"/>
    <testcase time="0.00100000000020373" classname="ds.rm_smk" name="multiple_test"/>
    <testcase time="0.000999999999748979" classname="ds.rm_smk" name="multiple_test"/>
    <testcase time="0.00199999999995271" classname="ds.rm_smk" name="multiple_test"/>
    <testcase time="0.291999999999916" classname="ds.rm_smk" name="multiple_test"/>
    <testcase time="0.00200000000040745" classname="ds.rm_smk" name="multiple_test"/>
    <testcase time="0.000999999999748979" classname="ds.rm_smk" name="multiple_test"/>
    <testcase time="0.00199999999995271" classname="ds.rm_smk" name="multiple_test"/>
    <testcase time="0.00100000000020373" classname="ds.rm_smk" name="multiple_test"/>
    <testcase time="0.000999999999748979" classname="ds.rm_smk" name="multiple_test"/>
    <testcase time="0.00199999999995271" classname="ds.rm_smk" name="multiple_test"/>
    <testcase time="0.00100000000020373" classname="ds.rm_smk" name="multiple_test"/>
    <testcase time="0.000999999999748979" classname="ds.rm_smk" name="multiple_test"/>
    <testcase time="0.00200000000040745" classname="ds.rm_smk" name="multiple_test"/>
    <testcase time="0.000999999999748979" classname="ds.rm_smk" name="multiple_test"/>
    <testcase time="0.00100000000020373" classname="ds.rm_smk" name="multiple_test"/>
    <testcase time="0.00100000000020373" classname="ds.rm_smk" name="multiple_test"/>
    <testcase time="0.000999999999748979" classname="ds.rm_smk" name="multiple_test"/>
    <testcase time="0.00199999999995271" classname="ds.rm_smk" name="multiple_test"/>
    <testcase time="0.00100000000020373" classname="ds.rm_smk" name="multiple_test"/>
  </testsuite>
  <testsuite name="ds.rm::smk::shutdown" timestamp="2025-09-19T12:18:25Z" hostname="runnervmf4ws1" tests="3" skipped="0" failures="0" errors="0" time="0.054">
    <testcase time="0.0509999999999309" classname="ds.rm_smk_shutdown" name="shutdown"/>
    <testcase time="0.00199999999995271" classname="ds.rm_smk_shutdown" name="shutdown"/>
    <testcase time="0.00100000000020373" classname="ds.rm_smk_shutdown" name="shutdown"/>
  </testsuite>
  <testsuite name="ds.rm::smk::done" timestamp="2025-09-19T12:18:25Z" hostname="runnervmf4ws1" tests="0" skipped="0" failures="0" errors="0" time="0"/>
  <testsuite name="smk-ds.rNorm" timestamp="2025-09-19T12:18:25Z" hostname="runnervmf4ws1" tests="0" skipped="0" failures="0" errors="0" time="0"/>
  <testsuite name="ds.rNorm::smk::setup" timestamp="2025-09-19T12:18:25Z" hostname="runnervmf4ws1" tests="3" skipped="0" failures="0" errors="0" time="7.516">
    <testcase time="7.51400000000012" classname="ds.rNorm_smk_setup" name="setup"/>
    <testcase time="0.000999999999748979" classname="ds.rNorm_smk_setup" name="setup"/>
    <testcase time="0.00100000000020373" classname="ds.rNorm_smk_setup" name="setup"/>
  </testsuite>
  <testsuite name="ds.rNorm::smk::simple test" timestamp="2025-09-19T12:18:32Z" hostname="runnervmf4ws1" tests="11" skipped="0" failures="0" errors="0" time="0.291">
    <testcase time="0.270999999999731" classname="ds.rNorm_smk_simple_test" name="simple_test"/>
    <testcase time="0.00199999999995271" classname="ds.rNorm_smk_simple_test" name="simple_test"/>
    <testcase time="0.00100000000020373" classname="ds.rNorm_smk_simple_test" name="simple_test"/>
    <testcase time="0.000999999999748979" classname="ds.rNorm_smk_simple_test" name="simple_test"/>
    <testcase time="0.00200000000040745" classname="ds.rNorm_smk_simple_test" name="simple_test"/>
    <testcase time="0.000999999999748979" classname="ds.rNorm_smk_simple_test" name="simple_test"/>
    <testcase time="0.00100000000020373" classname="ds.rNorm_smk_simple_test" name="simple_test"/>
    <testcase time="0.000999999999748979" classname="ds.rNorm_smk_simple_test" name="simple_test"/>
    <testcase time="0.00199999999995271" classname="ds.rNorm_smk_simple_test" name="simple_test"/>
    <testcase time="0.00100000000020373" classname="ds.rNorm_smk_simple_test" name="simple_test"/>
    <testcase time="0.00799999999981083" classname="ds.rNorm_smk_simple_test" name="simple_test"/>
  </testsuite>
  <testsuite name="ds.rNorm::smk::shutdown" timestamp="2025-09-19T12:18:32Z" hostname="runnervmf4ws1" tests="3" skipped="0" failures="0" errors="0" time="0.05">
    <testcase time="0.0480000000002292" classname="ds.rNorm_smk_shutdown" name="shutdown"/>
    <testcase time="0.000999999999748979" classname="ds.rNorm_smk_shutdown" name="shutdown"/>
    <testcase time="0.00100000000020373" classname="ds.rNorm_smk_shutdown" name="shutdown"/>
  </testsuite>
  <testsuite name="ds.rNorm::smk::done" timestamp="2025-09-19T12:18:33Z" hostname="runnervmf4ws1" tests="0" skipped="0" failures="0" errors="0" time="0"/>
  <testsuite name="smk-ds.rowColCalc" timestamp="2025-09-19T12:18:33Z" hostname="runnervmf4ws1" tests="0" skipped="0" failures="0" errors="0" time="0"/>
  <testsuite name="ds.rowColCalc::smk::setup" timestamp="2025-09-19T12:18:33Z" hostname="runnervmf4ws1" tests="3" skipped="0" failures="0" errors="0" time="7.568">
    <testcase time="7.56600000000026" classname="ds.rowColCalc_smk_setup" name="setup"/>
    <testcase time="0.000999999999748979" classname="ds.rowColCalc_smk_setup" name="setup"/>
    <testcase time="0.00100000000020373" classname="ds.rowColCalc_smk_setup" name="setup"/>
  </testsuite>
  <testsuite name="ds.rowColCalc::smk" timestamp="2025-09-19T12:18:40Z" hostname="runnervmf4ws1" tests="4" skipped="0" failures="0" errors="0" time="0.372">
    <testcase time="0.364000000000033" classname="ds.rowColCalc_smk" name="rowColCalc_exists"/>
    <testcase time="0.00300000000015643" classname="ds.rowColCalc_smk" name="rowColCalc_exists"/>
    <testcase time="0.00199999999995271" classname="ds.rowColCalc_smk" name="rowColCalc_exists"/>
    <testcase time="0.00299999999970169" classname="ds.rowColCalc_smk" name="rowColCalc_exists"/>
  </testsuite>
  <testsuite name="ds.rowColCalc::smk::no newobj" timestamp="2025-09-19T12:18:40Z" hostname="runnervmf4ws1" tests="4" skipped="0" failures="0" errors="0" time="0.378">
    <testcase time="0.370000000000346" classname="ds.rowColCalc_smk_no_newobj" name="rowColCalc_out_exists"/>
    <testcase time="0.00199999999995271" classname="ds.rowColCalc_smk_no_newobj" name="rowColCalc_out_exists"/>
    <testcase time="0.00299999999970169" classname="ds.rowColCalc_smk_no_newobj" name="rowColCalc_out_exists"/>
    <testcase time="0.00300000000015643" classname="ds.rowColCalc_smk_no_newobj" name="rowColCalc_out_exists"/>
  </testsuite>
  <testsuite name="ds.rowColCalc::smk::shutdown" timestamp="2025-09-19T12:18:41Z" hostname="runnervmf4ws1" tests="3" skipped="0" failures="0" errors="0" time="0.049">
    <testcase time="0.0470000000000255" classname="ds.rowColCalc_smk_shutdown" name="shutdown"/>
    <testcase time="0.000999999999748979" classname="ds.rowColCalc_smk_shutdown" name="shutdown"/>
    <testcase time="0.00100000000020373" classname="ds.rowColCalc_smk_shutdown" name="shutdown"/>
  </testsuite>
  <testsuite name="ds.rowColCalc::smk::done" timestamp="2025-09-19T12:18:41Z" hostname="runnervmf4ws1" tests="0" skipped="0" failures="0" errors="0" time="0"/>
  <testsuite name="smk-ds.rPois" timestamp="2025-09-19T12:18:41Z" hostname="runnervmf4ws1" tests="0" skipped="0" failures="0" errors="0" time="0"/>
  <testsuite name="ds.rPois::smk::setup" timestamp="2025-09-19T12:18:41Z" hostname="runnervmf4ws1" tests="3" skipped="0" failures="0" errors="0" time="7.559">
    <testcase time="7.55600000000004" classname="ds.rPois_smk_setup" name="setup"/>
    <testcase time="0.00199999999995271" classname="ds.rPois_smk_setup" name="setup"/>
    <testcase time="0.00100000000020373" classname="ds.rPois_smk_setup" name="setup"/>
  </testsuite>
  <testsuite name="ds.rPois::smk::simple test" timestamp="2025-09-19T12:18:48Z" hostname="runnervmf4ws1" tests="11" skipped="0" failures="0" errors="0" time="0.305">
    <testcase time="0.291999999999916" classname="ds.rPois_smk_simple_test" name="simple_test"/>
    <testcase time="0.000999999999748979" classname="ds.rPois_smk_simple_test" name="simple_test"/>
    <testcase time="0.00199999999995271" classname="ds.rPois_smk_simple_test" name="simple_test"/>
    <testcase time="0.00100000000020373" classname="ds.rPois_smk_simple_test" name="simple_test"/>
    <testcase time="0.00100000000020373" classname="ds.rPois_smk_simple_test" name="simple_test"/>
    <testcase time="0.000999999999748979" classname="ds.rPois_smk_simple_test" name="simple_test"/>
    <testcase time="0.00199999999995271" classname="ds.rPois_smk_simple_test" name="simple_test"/>
    <testcase time="0.00100000000020373" classname="ds.rPois_smk_simple_test" name="simple_test"/>
    <testcase time="0.000999999999748979" classname="ds.rPois_smk_simple_test" name="simple_test"/>
    <testcase time="0.00100000000020373" classname="ds.rPois_smk_simple_test" name="simple_test"/>
    <testcase time="0.00199999999995271" classname="ds.rPois_smk_simple_test" name="simple_test"/>
  </testsuite>
  <testsuite name="ds.rPois::smk::shutdown" timestamp="2025-09-19T12:18:49Z" hostname="runnervmf4ws1" tests="3" skipped="0" failures="0" errors="0" time="0.057">
    <testcase time="0.0549999999998363" classname="ds.rPois_smk_shutdown" name="shutdown"/>
    <testcase time="0.00100000000020373" classname="ds.rPois_smk_shutdown" name="shutdown"/>
    <testcase time="0.000999999999748979" classname="ds.rPois_smk_shutdown" name="shutdown"/>
  </testsuite>
  <testsuite name="ds.rPois::smk::done" timestamp="2025-09-19T12:18:49Z" hostname="runnervmf4ws1" tests="0" skipped="0" failures="0" errors="0" time="0"/>
  <testsuite name="smk-ds.rUnif" timestamp="2025-09-19T12:18:49Z" hostname="runnervmf4ws1" tests="0" skipped="0" failures="0" errors="0" time="0"/>
  <testsuite name="ds.rUnif::smk::setup" timestamp="2025-09-19T12:18:49Z" hostname="runnervmf4ws1" tests="3" skipped="0" failures="0" errors="0" time="7.507">
    <testcase time="7.50500000000011" classname="ds.rUnif_smk_setup" name="setup"/>
    <testcase time="0.00100000000020373" classname="ds.rUnif_smk_setup" name="setup"/>
    <testcase time="0.000999999999748979" classname="ds.rUnif_smk_setup" name="setup"/>
  </testsuite>
  <testsuite name="ds.rUnif::smk::simple test" timestamp="2025-09-19T12:18:56Z" hostname="runnervmf4ws1" tests="11" skipped="0" failures="0" errors="0" time="0.287">
    <testcase time="0.26700000000028" classname="ds.rUnif_smk_simple_test" name="simple_test"/>
    <testcase time="0.00199999999995271" classname="ds.rUnif_smk_simple_test" name="simple_test"/>
    <testcase time="0.000999999999748979" classname="ds.rUnif_smk_simple_test" name="simple_test"/>
    <testcase time="0.00199999999995271" classname="ds.rUnif_smk_simple_test" name="simple_test"/>
    <testcase time="0.00100000000020373" classname="ds.rUnif_smk_simple_test" name="simple_test"/>
    <testcase time="0.00100000000020373" classname="ds.rUnif_smk_simple_test" name="simple_test"/>
    <testcase time="0.000999999999748979" classname="ds.rUnif_smk_simple_test" name="simple_test"/>
    <testcase time="0.00199999999995271" classname="ds.rUnif_smk_simple_test" name="simple_test"/>
    <testcase time="0.00100000000020373" classname="ds.rUnif_smk_simple_test" name="simple_test"/>
    <testcase time="0.000999999999748979" classname="ds.rUnif_smk_simple_test" name="simple_test"/>
    <testcase time="0.00800000000026557" classname="ds.rUnif_smk_simple_test" name="simple_test"/>
  </testsuite>
  <testsuite name="ds.rUnif::smk::shutdown" timestamp="2025-09-19T12:18:57Z" hostname="runnervmf4ws1" tests="3" skipped="0" failures="0" errors="0" time="0.05">
    <testcase time="0.0479999999997744" classname="ds.rUnif_smk_shutdown" name="shutdown"/>
    <testcase time="0.00100000000020373" classname="ds.rUnif_smk_shutdown" name="shutdown"/>
    <testcase time="0.000999999999748979" classname="ds.rUnif_smk_shutdown" name="shutdown"/>
  </testsuite>
  <testsuite name="ds.rUnif::smk::done" timestamp="2025-09-19T12:18:57Z" hostname="runnervmf4ws1" tests="0" skipped="0" failures="0" errors="0" time="0"/>
  <testsuite name="smk-ds.sample" timestamp="2025-09-19T12:18:57Z" hostname="runnervmf4ws1" tests="0" skipped="0" failures="0" errors="0" time="0"/>
  <testsuite name="ds.sample::smk::setup" timestamp="2025-09-19T12:18:57Z" hostname="runnervmf4ws1" tests="3" skipped="0" failures="0" errors="0" time="7.518">
    <testcase time="7.51600000000008" classname="ds.sample_smk_setup" name="setup"/>
    <testcase time="0.00100000000020373" classname="ds.sample_smk_setup" name="setup"/>
    <testcase time="0.000999999999748979" classname="ds.sample_smk_setup" name="setup"/>
  </testsuite>
  <testsuite name="ds.sample::smk::test" timestamp="2025-09-19T12:19:04Z" hostname="runnervmf4ws1" tests="64" skipped="0" failures="0" errors="0" time="0.817">
    <testcase time="0.182999999999993" classname="ds.sample_smk_test" name="simple_test"/>
    <testcase time="0.00100000000020373" classname="ds.sample_smk_test" name="simple_test"/>
    <testcase time="0.00199999999995271" classname="ds.sample_smk_test" name="simple_test"/>
    <testcase time="0.0399999999999636" classname="ds.sample_smk_test" name="simple_test"/>
    <testcase time="0.00199999999995271" classname="ds.sample_smk_test" name="simple_test"/>
    <testcase time="0.00100000000020373" classname="ds.sample_smk_test" name="simple_test"/>
    <testcase time="0.000999999999748979" classname="ds.sample_smk_test" name="simple_test"/>
    <testcase time="0.00199999999995271" classname="ds.sample_smk_test" name="simple_test"/>
    <testcase time="0.103000000000065" classname="ds.sample_smk_test" name="simple_test"/>
    <testcase time="0.00199999999995271" classname="ds.sample_smk_test" name="simple_test"/>
    <testcase time="0.00300000000015643" classname="ds.sample_smk_test" name="simple_test"/>
    <testcase time="0.00199999999995271" classname="ds.sample_smk_test" name="simple_test"/>
    <testcase time="0.00100000000020373" classname="ds.sample_smk_test" name="simple_test"/>
    <testcase time="0.00199999999995271" classname="ds.sample_smk_test" name="simple_test"/>
    <testcase time="0.000999999999748979" classname="ds.sample_smk_test" name="simple_test"/>
    <testcase time="0.00100000000020373" classname="ds.sample_smk_test" name="simple_test"/>
    <testcase time="0.000999999999748979" classname="ds.sample_smk_test" name="simple_test"/>
    <testcase time="0.00300000000015643" classname="ds.sample_smk_test" name="simple_test"/>
    <testcase time="0.00300000000015643" classname="ds.sample_smk_test" name="simple_test"/>
    <testcase time="0.000999999999748979" classname="ds.sample_smk_test" name="simple_test"/>
    <testcase time="0.00100000000020373" classname="ds.sample_smk_test" name="simple_test"/>
    <testcase time="0.000999999999748979" classname="ds.sample_smk_test" name="simple_test"/>
    <testcase time="0.00199999999995271" classname="ds.sample_smk_test" name="simple_test"/>
    <testcase time="0.00100000000020373" classname="ds.sample_smk_test" name="simple_test"/>
    <testcase time="0.00900000000001455" classname="ds.sample_smk_test" name="simple_test"/>
    <testcase time="0.00300000000015643" classname="ds.sample_smk_test" name="simple_test"/>
    <testcase time="0.000999999999748979" classname="ds.sample_smk_test" name="simple_test"/>
    <testcase time="0.00199999999995271" classname="ds.sample_smk_test" name="simple_test"/>
    <testcase time="0.00100000000020373" classname="ds.sample_smk_test" name="simple_test"/>
    <testcase time="0.000999999999748979" classname="ds.sample_smk_test" name="simple_test"/>
    <testcase time="0.0410000000001673" classname="ds.sample_smk_test" name="simple_test"/>
    <testcase time="0.00100000000020373" classname="ds.sample_smk_test" name="simple_test"/>
    <testcase time="0.000999999999748979" classname="ds.sample_smk_test" name="simple_test"/>
    <testcase time="0.00199999999995271" classname="ds.sample_smk_test" name="simple_test"/>
    <testcase time="0.00100000000020373" classname="ds.sample_smk_test" name="simple_test"/>
    <testcase time="0.177999999999884" classname="ds.sample_smk_test" name="simple_test"/>
    <testcase time="0.00100000000020373" classname="ds.sample_smk_test" name="simple_test"/>
    <testcase time="0.000999999999748979" classname="ds.sample_smk_test" name="simple_test"/>
    <testcase time="0.0410000000001673" classname="ds.sample_smk_test" name="simple_test"/>
    <testcase time="0.000999999999748979" classname="ds.sample_smk_test" name="simple_test"/>
    <testcase time="0.00199999999995271" classname="ds.sample_smk_test" name="simple_test"/>
    <testcase time="0.00100000000020373" classname="ds.sample_smk_test" name="simple_test"/>
    <testcase time="0.000999999999748979" classname="ds.sample_smk_test" name="simple_test"/>
    <testcase time="0.102000000000317" classname="ds.sample_smk_test" name="simple_test"/>
    <testcase time="0.000999999999748979" classname="ds.sample_smk_test" name="simple_test"/>
    <testcase time="0.00199999999995271" classname="ds.sample_smk_test" name="simple_test"/>
    <testcase time="0.00100000000020373" classname="ds.sample_smk_test" name="simple_test"/>
    <testcase time="0.00100000000020373" classname="ds.sample_smk_test" name="simple_test"/>
    <testcase time="0.00100000000020373" classname="ds.sample_smk_test" name="simple_test"/>
    <testcase time="0.000999999999748979" classname="ds.sample_smk_test" name="simple_test"/>
    <testcase time="0.00100000000020373" classname="ds.sample_smk_test" name="simple_test"/>
    <testcase time="0.00199999999995271" classname="ds.sample_smk_test" name="simple_test"/>
    <testcase time="0.000999999999748979" classname="ds.sample_smk_test" name="simple_test"/>
    <testcase time="0.00200000000040745" classname="ds.sample_smk_test" name="simple_test"/>
    <testcase time="0.000999999999748979" classname="ds.sample_smk_test" name="simple_test"/>
    <testcase time="0.00100000000020373" classname="ds.sample_smk_test" name="simple_test"/>
    <testcase time="0.00199999999995271" classname="ds.sample_smk_test" name="simple_test"/>
    <testcase time="0.000999999999748979" classname="ds.sample_smk_test" name="simple_test"/>
    <testcase time="0.00100000000020373" classname="ds.sample_smk_test" name="simple_test"/>
    <testcase time="0.0409999999997126" classname="ds.sample_smk_test" name="simple_test"/>
    <testcase time="0.00100000000020373" classname="ds.sample_smk_test" name="simple_test"/>
    <testcase time="0.00199999999995271" classname="ds.sample_smk_test" name="simple_test"/>
    <testcase time="0.00100000000020373" classname="ds.sample_smk_test" name="simple_test"/>
    <testcase time="0.00199999999995271" classname="ds.sample_smk_test" name="simple_test"/>
  </testsuite>
  <testsuite name="ds.sample::smk::test error" timestamp="2025-09-19T12:19:05Z" hostname="runnervmf4ws1" tests="5" skipped="0" failures="0" errors="0" time="0.138">
    <testcase time="0.132999999999811" classname="ds.sample_smk_test_error" name="simple_test_error"/>
    <testcase time="0.00100000000020373" classname="ds.sample_smk_test_error" name="simple_test_error"/>
    <testcase time="0.000999999999748979" classname="ds.sample_smk_test_error" name="simple_test_error"/>
    <testcase time="0.00199999999995271" classname="ds.sample_smk_test_error" name="simple_test_error"/>
    <testcase time="0.00100000000020373" classname="ds.sample_smk_test_error" name="simple_test_error"/>
  </testsuite>
  <testsuite name="ds.sample::smk::shutdown" timestamp="2025-09-19T12:19:05Z" hostname="runnervmf4ws1" tests="3" skipped="0" failures="0" errors="0" time="0.051">
    <testcase time="0.0489999999999782" classname="ds.sample_smk_shutdown" name="shutdown"/>
    <testcase time="0.00100000000020373" classname="ds.sample_smk_shutdown" name="shutdown"/>
    <testcase time="0.000999999999748979" classname="ds.sample_smk_shutdown" name="shutdown"/>
  </testsuite>
  <testsuite name="ds.sample::smk::done" timestamp="2025-09-19T12:19:05Z" hostname="runnervmf4ws1" tests="0" skipped="0" failures="0" errors="0" time="0"/>
  <testsuite name="smk-ds.seq" timestamp="2025-09-19T12:19:05Z" hostname="runnervmf4ws1" tests="0" skipped="0" failures="0" errors="0" time="0"/>
  <testsuite name="ds.seq::smk::setup" timestamp="2025-09-19T12:19:05Z" hostname="runnervmf4ws1" tests="3" skipped="0" failures="0" errors="0" time="7.502">
    <testcase time="7.49900000000025" classname="ds.seq_smk_setup" name="setup"/>
    <testcase time="0.00199999999995271" classname="ds.seq_smk_setup" name="setup"/>
    <testcase time="0.000999999999748979" classname="ds.seq_smk_setup" name="setup"/>
  </testsuite>
  <testsuite name="ds.seq::smk" timestamp="2025-09-19T12:19:13Z" hostname="runnervmf4ws1" tests="6" skipped="0" failures="0" errors="0" time="0.364">
    <testcase time="0.213000000000193" classname="ds.seq_smk" name="simplest_ds.seq"/>
    <testcase time="0.000999999999748979" classname="ds.seq_smk" name="simplest_ds.seq"/>
    <testcase time="0.00100000000020373" classname="ds.seq_smk" name="simplest_ds.seq"/>
    <testcase time="0.146999999999935" classname="ds.seq_smk" name="simplest_ds.seq"/>
    <testcase time="0.00100000000020373" classname="ds.seq_smk" name="simplest_ds.seq"/>
    <testcase time="0.000999999999748979" classname="ds.seq_smk" name="simplest_ds.seq"/>
  </testsuite>
  <testsuite name="ds.seq::smk::shutdown" timestamp="2025-09-19T12:19:13Z" hostname="runnervmf4ws1" tests="3" skipped="0" failures="0" errors="0" time="0.049">
    <testcase time="0.0470000000000255" classname="ds.seq_smk_shutdown" name="shutdown"/>
    <testcase time="0.00100000000020373" classname="ds.seq_smk_shutdown" name="shutdown"/>
    <testcase time="0.000999999999748979" classname="ds.seq_smk_shutdown" name="shutdown"/>
  </testsuite>
  <testsuite name="ds.seq::smk::done" timestamp="2025-09-19T12:19:13Z" hostname="runnervmf4ws1" tests="0" skipped="0" failures="0" errors="0" time="0"/>
  <testsuite name="smk-ds.setSeed" timestamp="2025-09-19T12:19:13Z" hostname="runnervmf4ws1" tests="0" skipped="0" failures="0" errors="0" time="0"/>
  <testsuite name="ds.setSeed::smk::setup" timestamp="2025-09-19T12:19:13Z" hostname="runnervmf4ws1" tests="3" skipped="0" failures="0" errors="0" time="7.563">
    <testcase time="7.55999999999995" classname="ds.setSeed_smk_setup" name="setup"/>
    <testcase time="0.00100000000020373" classname="ds.setSeed_smk_setup" name="setup"/>
    <testcase time="0.00199999999995271" classname="ds.setSeed_smk_setup" name="setup"/>
  </testsuite>
  <testsuite name="ds.setSeed::smk" timestamp="2025-09-19T12:19:21Z" hostname="runnervmf4ws1" tests="9" skipped="0" failures="0" errors="0" time="0.074">
    <testcase time="0.0650000000000546" classname="ds.setSeed_smk" name="basic_setSeed"/>
    <testcase time="0.000999999999748979" classname="ds.setSeed_smk" name="basic_setSeed"/>
    <testcase time="0.00100000000020373" classname="ds.setSeed_smk" name="basic_setSeed"/>
    <testcase time="0.000999999999748979" classname="ds.setSeed_smk" name="basic_setSeed"/>
    <testcase time="0.00100000000020373" classname="ds.setSeed_smk" name="basic_setSeed"/>
    <testcase time="0.00199999999995271" classname="ds.setSeed_smk" name="basic_setSeed"/>
    <testcase time="0.00100000000020373" classname="ds.setSeed_smk" name="basic_setSeed"/>
    <testcase time="0.000999999999748979" classname="ds.setSeed_smk" name="basic_setSeed"/>
    <testcase time="0.00100000000020373" classname="ds.setSeed_smk" name="basic_setSeed"/>
  </testsuite>
  <testsuite name="ds.setSeed::smk::shutdown" timestamp="2025-09-19T12:19:21Z" hostname="runnervmf4ws1" tests="3" skipped="0" failures="0" errors="0" time="0.05">
    <testcase time="0.0479999999997744" classname="ds.setSeed_smk_shutdown" name="shutdown"/>
    <testcase time="0.00100000000020373" classname="ds.setSeed_smk_shutdown" name="shutdown"/>
    <testcase time="0.000999999999748979" classname="ds.setSeed_smk_shutdown" name="shutdown"/>
  </testsuite>
  <testsuite name="ds.setSeed::smk::done" timestamp="2025-09-19T12:19:21Z" hostname="runnervmf4ws1" tests="0" skipped="0" failures="0" errors="0" time="0"/>
  <testsuite name="smk-ds.skewness" timestamp="2025-09-19T12:19:21Z" hostname="runnervmf4ws1" tests="0" skipped="0" failures="0" errors="0" time="0"/>
  <testsuite name="ds.skewness::smk::setup" timestamp="2025-09-19T12:19:21Z" hostname="runnervmf4ws1" tests="3" skipped="0" failures="0" errors="0" time="7.548">
    <testcase time="7.54600000000028" classname="ds.skewness_smk_setup" name="setup"/>
    <testcase time="0.000999999999748979" classname="ds.skewness_smk_setup" name="setup"/>
    <testcase time="0.00100000000020373" classname="ds.skewness_smk_setup" name="setup"/>
  </testsuite>
  <testsuite name="ds.skewness::smk::method 1::split" timestamp="2025-09-19T12:19:28Z" hostname="runnervmf4ws1" tests="70" skipped="0" failures="0" errors="0" time="0.635">
    <testcase time="0.110000000000127" classname="ds.skewness_smk_method_1_split" name="simple_skewness_method_1_split_on_LAB_TSC"/>
    <testcase time="0.00199999999995271" classname="ds.skewness_smk_method_1_split" name="simple_skewness_method_1_split_on_LAB_TSC"/>
    <testcase time="0.000999999999748979" classname="ds.skewness_smk_method_1_split" name="simple_skewness_method_1_split_on_LAB_TSC"/>
    <testcase time="0.00100000000020373" classname="ds.skewness_smk_method_1_split" name="simple_skewness_method_1_split_on_LAB_TSC"/>
    <testcase time="0.00199999999995271" classname="ds.skewness_smk_method_1_split" name="simple_skewness_method_1_split_on_LAB_TSC"/>
    <testcase time="0.000999999999748979" classname="ds.skewness_smk_method_1_split" name="simple_skewness_method_1_split_on_LAB_TSC"/>
    <testcase time="0.00100000000020373" classname="ds.skewness_smk_method_1_split" name="simple_skewness_method_1_split_on_LAB_TSC"/>
    <testcase time="0.00100000000020373" classname="ds.skewness_smk_method_1_split" name="simple_skewness_method_1_split_on_LAB_TSC"/>
    <testcase time="0.000999999999748979" classname="ds.skewness_smk_method_1_split" name="simple_skewness_method_1_split_on_LAB_TSC"/>
    <testcase time="0.00199999999995271" classname="ds.skewness_smk_method_1_split" name="simple_skewness_method_1_split_on_LAB_TSC"/>
    <testcase time="0.00100000000020373" classname="ds.skewness_smk_method_1_split" name="simple_skewness_method_1_split_on_LAB_TSC"/>
    <testcase time="0.000999999999748979" classname="ds.skewness_smk_method_1_split" name="simple_skewness_method_1_split_on_LAB_TSC"/>
    <testcase time="0.00100000000020373" classname="ds.skewness_smk_method_1_split" name="simple_skewness_method_1_split_on_LAB_TSC"/>
    <testcase time="0.00199999999995271" classname="ds.skewness_smk_method_1_split" name="simple_skewness_method_1_split_on_LAB_TSC"/>
    <testcase time="0.108999999999924" classname="ds.skewness_smk_method_1_split" name="simple_skewness_method_1_split_on_LAB_TRIG"/>
    <testcase time="0.00100000000020373" classname="ds.skewness_smk_method_1_split" name="simple_skewness_method_1_split_on_LAB_TRIG"/>
    <testcase time="0.00199999999995271" classname="ds.skewness_smk_method_1_split" name="simple_skewness_method_1_split_on_LAB_TRIG"/>
    <testcase time="0.000999999999748979" classname="ds.skewness_smk_method_1_split" name="simple_skewness_method_1_split_on_LAB_TRIG"/>
    <testcase time="0.00100000000020373" classname="ds.skewness_smk_method_1_split" name="simple_skewness_method_1_split_on_LAB_TRIG"/>
    <testcase time="0.00199999999995271" classname="ds.skewness_smk_method_1_split" name="simple_skewness_method_1_split_on_LAB_TRIG"/>
    <testcase time="0.00100000000020373" classname="ds.skewness_smk_method_1_split" name="simple_skewness_method_1_split_on_LAB_TRIG"/>
    <testcase time="0.000999999999748979" classname="ds.skewness_smk_method_1_split" name="simple_skewness_method_1_split_on_LAB_TRIG"/>
    <testcase time="0.00199999999995271" classname="ds.skewness_smk_method_1_split" name="simple_skewness_method_1_split_on_LAB_TRIG"/>
    <testcase time="0.00100000000020373" classname="ds.skewness_smk_method_1_split" name="simple_skewness_method_1_split_on_LAB_TRIG"/>
    <testcase time="0.000999999999748979" classname="ds.skewness_smk_method_1_split" name="simple_skewness_method_1_split_on_LAB_TRIG"/>
    <testcase time="0.00100000000020373" classname="ds.skewness_smk_method_1_split" name="simple_skewness_method_1_split_on_LAB_TRIG"/>
    <testcase time="0.00199999999995271" classname="ds.skewness_smk_method_1_split" name="simple_skewness_method_1_split_on_LAB_TRIG"/>
    <testcase time="0.00100000000020373" classname="ds.skewness_smk_method_1_split" name="simple_skewness_method_1_split_on_LAB_TRIG"/>
    <testcase time="0.117999999999938" classname="ds.skewness_smk_method_1_split" name="simple_skewness_method_1_split_on_LAB_HDL"/>
    <testcase time="0.00199999999995271" classname="ds.skewness_smk_method_1_split" name="simple_skewness_method_1_split_on_LAB_HDL"/>
    <testcase time="0.000999999999748979" classname="ds.skewness_smk_method_1_split" name="simple_skewness_method_1_split_on_LAB_HDL"/>
    <testcase time="0.00100000000020373" classname="ds.skewness_smk_method_1_split" name="simple_skewness_method_1_split_on_LAB_HDL"/>
    <testcase time="0.000999999999748979" classname="ds.skewness_smk_method_1_split" name="simple_skewness_method_1_split_on_LAB_HDL"/>
    <testcase time="0.00200000000040745" classname="ds.skewness_smk_method_1_split" name="simple_skewness_method_1_split_on_LAB_HDL"/>
    <testcase time="0.000999999999748979" classname="ds.skewness_smk_method_1_split" name="simple_skewness_method_1_split_on_LAB_HDL"/>
    <testcase time="0.00100000000020373" classname="ds.skewness_smk_method_1_split" name="simple_skewness_method_1_split_on_LAB_HDL"/>
    <testcase time="0.00199999999995271" classname="ds.skewness_smk_method_1_split" name="simple_skewness_method_1_split_on_LAB_HDL"/>
    <testcase time="0.000999999999748979" classname="ds.skewness_smk_method_1_split" name="simple_skewness_method_1_split_on_LAB_HDL"/>
    <testcase time="0.00100000000020373" classname="ds.skewness_smk_method_1_split" name="simple_skewness_method_1_split_on_LAB_HDL"/>
    <testcase time="0.000999999999748979" classname="ds.skewness_smk_method_1_split" name="simple_skewness_method_1_split_on_LAB_HDL"/>
    <testcase time="0.00100000000020373" classname="ds.skewness_smk_method_1_split" name="simple_skewness_method_1_split_on_LAB_HDL"/>
    <testcase time="0.000999999999748979" classname="ds.skewness_smk_method_1_split" name="simple_skewness_method_1_split_on_LAB_HDL"/>
    <testcase time="0.106000000000222" classname="ds.skewness_smk_method_1_split" name="simple_skewness_method_1_split_on_LAB_GLUC_ADJUSTED"/>
    <testcase time="0.000999999999748979" classname="ds.skewness_smk_method_1_split" name="simple_skewness_method_1_split_on_LAB_GLUC_ADJUSTED"/>
    <testcase time="0.00100000000020373" classname="ds.skewness_smk_method_1_split" name="simple_skewness_method_1_split_on_LAB_GLUC_ADJUSTED"/>
    <testcase time="0.00199999999995271" classname="ds.skewness_smk_method_1_split" name="simple_skewness_method_1_split_on_LAB_GLUC_ADJUSTED"/>
    <testcase time="0.000999999999748979" classname="ds.skewness_smk_method_1_split" name="simple_skewness_method_1_split_on_LAB_GLUC_ADJUSTED"/>
    <testcase time="0.00199999999995271" classname="ds.skewness_smk_method_1_split" name="simple_skewness_method_1_split_on_LAB_GLUC_ADJUSTED"/>
    <testcase time="0.00100000000020373" classname="ds.skewness_smk_method_1_split" name="simple_skewness_method_1_split_on_LAB_GLUC_ADJUSTED"/>
    <testcase time="0.00100000000020373" classname="ds.skewness_smk_method_1_split" name="simple_skewness_method_1_split_on_LAB_GLUC_ADJUSTED"/>
    <testcase time="0.00199999999995271" classname="ds.skewness_smk_method_1_split" name="simple_skewness_method_1_split_on_LAB_GLUC_ADJUSTED"/>
    <testcase time="0.000999999999748979" classname="ds.skewness_smk_method_1_split" name="simple_skewness_method_1_split_on_LAB_GLUC_ADJUSTED"/>
    <testcase time="0.00100000000020373" classname="ds.skewness_smk_method_1_split" name="simple_skewness_method_1_split_on_LAB_GLUC_ADJUSTED"/>
    <testcase time="0.00199999999995271" classname="ds.skewness_smk_method_1_split" name="simple_skewness_method_1_split_on_LAB_GLUC_ADJUSTED"/>
    <testcase time="0.000999999999748979" classname="ds.skewness_smk_method_1_split" name="simple_skewness_method_1_split_on_LAB_GLUC_ADJUSTED"/>
    <testcase time="0.00100000000020373" classname="ds.skewness_smk_method_1_split" name="simple_skewness_method_1_split_on_LAB_GLUC_ADJUSTED"/>
    <testcase time="0.105999999999767" classname="ds.skewness_smk_method_1_split" name="simple_skewness_method_1_split_on_PM_BMI_CONTINUOUS"/>
    <testcase time="0.00200000000040745" classname="ds.skewness_smk_method_1_split" name="simple_skewness_method_1_split_on_PM_BMI_CONTINUOUS"/>
    <testcase time="0.000999999999748979" classname="ds.skewness_smk_method_1_split" name="simple_skewness_method_1_split_on_PM_BMI_CONTINUOUS"/>
    <testcase time="0.00199999999995271" classname="ds.skewness_smk_method_1_split" name="simple_skewness_method_1_split_on_PM_BMI_CONTINUOUS"/>
    <testcase time="0.00100000000020373" classname="ds.skewness_smk_method_1_split" name="simple_skewness_method_1_split_on_PM_BMI_CONTINUOUS"/>
    <testcase time="0.000999999999748979" classname="ds.skewness_smk_method_1_split" name="simple_skewness_method_1_split_on_PM_BMI_CONTINUOUS"/>
    <testcase time="0.00199999999995271" classname="ds.skewness_smk_method_1_split" name="simple_skewness_method_1_split_on_PM_BMI_CONTINUOUS"/>
    <testcase time="0.00100000000020373" classname="ds.skewness_smk_method_1_split" name="simple_skewness_method_1_split_on_PM_BMI_CONTINUOUS"/>
    <testcase time="0.00199999999995271" classname="ds.skewness_smk_method_1_split" name="simple_skewness_method_1_split_on_PM_BMI_CONTINUOUS"/>
    <testcase time="0.00100000000020373" classname="ds.skewness_smk_method_1_split" name="simple_skewness_method_1_split_on_PM_BMI_CONTINUOUS"/>
    <testcase time="0.000999999999748979" classname="ds.skewness_smk_method_1_split" name="simple_skewness_method_1_split_on_PM_BMI_CONTINUOUS"/>
    <testcase time="0.00199999999995271" classname="ds.skewness_smk_method_1_split" name="simple_skewness_method_1_split_on_PM_BMI_CONTINUOUS"/>
    <testcase time="0.00100000000020373" classname="ds.skewness_smk_method_1_split" name="simple_skewness_method_1_split_on_PM_BMI_CONTINUOUS"/>
    <testcase time="0.00199999999995271" classname="ds.skewness_smk_method_1_split" name="simple_skewness_method_1_split_on_PM_BMI_CONTINUOUS"/>
  </testsuite>
  <testsuite name="ds.skewness::smk::method 1::combine" timestamp="2025-09-19T12:19:29Z" hostname="runnervmf4ws1" tests="40" skipped="0" failures="0" errors="0" time="0.786">
    <testcase time="0.148999999999887" classname="ds.skewness_smk_method_1_combine" name="simple_skewness_combine_on_LAB_TSC"/>
    <testcase time="0.00100000000020373" classname="ds.skewness_smk_method_1_combine" name="simple_skewness_combine_on_LAB_TSC"/>
    <testcase time="0.000999999999748979" classname="ds.skewness_smk_method_1_combine" name="simple_skewness_combine_on_LAB_TSC"/>
    <testcase time="0.00100000000020373" classname="ds.skewness_smk_method_1_combine" name="simple_skewness_combine_on_LAB_TSC"/>
    <testcase time="0.000999999999748979" classname="ds.skewness_smk_method_1_combine" name="simple_skewness_combine_on_LAB_TSC"/>
    <testcase time="0.00200000000040745" classname="ds.skewness_smk_method_1_combine" name="simple_skewness_combine_on_LAB_TSC"/>
    <testcase time="0.000999999999748979" classname="ds.skewness_smk_method_1_combine" name="simple_skewness_combine_on_LAB_TSC"/>
    <testcase time="0.00100000000020373" classname="ds.skewness_smk_method_1_combine" name="simple_skewness_combine_on_LAB_TSC"/>
    <testcase time="0.15099999999984" classname="ds.skewness_smk_method_1_combine" name="simple_skewness_method_1_combine_on_LAB_TRIG"/>
    <testcase time="0.00100000000020373" classname="ds.skewness_smk_method_1_combine" name="simple_skewness_method_1_combine_on_LAB_TRIG"/>
    <testcase time="0.00199999999995271" classname="ds.skewness_smk_method_1_combine" name="simple_skewness_method_1_combine_on_LAB_TRIG"/>
    <testcase time="0.000999999999748979" classname="ds.skewness_smk_method_1_combine" name="simple_skewness_method_1_combine_on_LAB_TRIG"/>
    <testcase time="0.00100000000020373" classname="ds.skewness_smk_method_1_combine" name="simple_skewness_method_1_combine_on_LAB_TRIG"/>
    <testcase time="0.000999999999748979" classname="ds.skewness_smk_method_1_combine" name="simple_skewness_method_1_combine_on_LAB_TRIG"/>
    <testcase time="0.00100000000020373" classname="ds.skewness_smk_method_1_combine" name="simple_skewness_method_1_combine_on_LAB_TRIG"/>
    <testcase time="0.00199999999995271" classname="ds.skewness_smk_method_1_combine" name="simple_skewness_method_1_combine_on_LAB_TRIG"/>
    <testcase time="0.143999999999778" classname="ds.skewness_smk_method_1_combine" name="simple_skewness_method_1_combine_on_LAB_HDL"/>
    <testcase time="0.00100000000020373" classname="ds.skewness_smk_method_1_combine" name="simple_skewness_method_1_combine_on_LAB_HDL"/>
    <testcase time="0.00199999999995271" classname="ds.skewness_smk_method_1_combine" name="simple_skewness_method_1_combine_on_LAB_HDL"/>
    <testcase time="0.00100000000020373" classname="ds.skewness_smk_method_1_combine" name="simple_skewness_method_1_combine_on_LAB_HDL"/>
    <testcase time="0.000999999999748979" classname="ds.skewness_smk_method_1_combine" name="simple_skewness_method_1_combine_on_LAB_HDL"/>
    <testcase time="0.00199999999995271" classname="ds.skewness_smk_method_1_combine" name="simple_skewness_method_1_combine_on_LAB_HDL"/>
    <testcase time="0.00100000000020373" classname="ds.skewness_smk_method_1_combine" name="simple_skewness_method_1_combine_on_LAB_HDL"/>
    <testcase time="0.000999999999748979" classname="ds.skewness_smk_method_1_combine" name="simple_skewness_method_1_combine_on_LAB_HDL"/>
    <testcase time="0.144999999999982" classname="ds.skewness_smk_method_1_combine" name="simple_skewness_method_1_combine_on_LAB_GLUC_ADJUSTED"/>
    <testcase time="0.00100000000020373" classname="ds.skewness_smk_method_1_combine" name="simple_skewness_method_1_combine_on_LAB_GLUC_ADJUSTED"/>
    <testcase time="0.00100000000020373" classname="ds.skewness_smk_method_1_combine" name="simple_skewness_method_1_combine_on_LAB_GLUC_ADJUSTED"/>
    <testcase time="0.000999999999748979" classname="ds.skewness_smk_method_1_combine" name="simple_skewness_method_1_combine_on_LAB_GLUC_ADJUSTED"/>
    <testcase time="0.00199999999995271" classname="ds.skewness_smk_method_1_combine" name="simple_skewness_method_1_combine_on_LAB_GLUC_ADJUSTED"/>
    <testcase time="0.00100000000020373" classname="ds.skewness_smk_method_1_combine" name="simple_skewness_method_1_combine_on_LAB_GLUC_ADJUSTED"/>
    <testcase time="0.000999999999748979" classname="ds.skewness_smk_method_1_combine" name="simple_skewness_method_1_combine_on_LAB_GLUC_ADJUSTED"/>
    <testcase time="0.00199999999995271" classname="ds.skewness_smk_method_1_combine" name="simple_skewness_method_1_combine_on_LAB_GLUC_ADJUSTED"/>
    <testcase time="0.153000000000247" classname="ds.skewness_smk_method_1_combine" name="simple_skewness_method_1_combine_on_PM_BMI_CONTINUOUS"/>
    <testcase time="0.00199999999995271" classname="ds.skewness_smk_method_1_combine" name="simple_skewness_method_1_combine_on_PM_BMI_CONTINUOUS"/>
    <testcase time="0.00100000000020373" classname="ds.skewness_smk_method_1_combine" name="simple_skewness_method_1_combine_on_PM_BMI_CONTINUOUS"/>
    <testcase time="0.000999999999748979" classname="ds.skewness_smk_method_1_combine" name="simple_skewness_method_1_combine_on_PM_BMI_CONTINUOUS"/>
    <testcase time="0.000999999999748979" classname="ds.skewness_smk_method_1_combine" name="simple_skewness_method_1_combine_on_PM_BMI_CONTINUOUS"/>
    <testcase time="0.00100000000020373" classname="ds.skewness_smk_method_1_combine" name="simple_skewness_method_1_combine_on_PM_BMI_CONTINUOUS"/>
    <testcase time="0.000999999999748979" classname="ds.skewness_smk_method_1_combine" name="simple_skewness_method_1_combine_on_PM_BMI_CONTINUOUS"/>
    <testcase time="0.00199999999995271" classname="ds.skewness_smk_method_1_combine" name="simple_skewness_method_1_combine_on_PM_BMI_CONTINUOUS"/>
  </testsuite>
  <testsuite name="ds.skewness::smk::method 1::both" timestamp="2025-09-19T12:19:30Z" hostname="runnervmf4ws1" tests="110" skipped="0" failures="0" errors="0" time="1.127">
    <testcase time="0.191000000000258" classname="ds.skewness_smk_method_1_both" name="simple_skewness_both_on_LAB_TSC"/>
    <testcase time="0.000999999999748979" classname="ds.skewness_smk_method_1_both" name="simple_skewness_both_on_LAB_TSC"/>
    <testcase time="0.00100000000020373" classname="ds.skewness_smk_method_1_both" name="simple_skewness_both_on_LAB_TSC"/>
    <testcase time="0.000999999999748979" classname="ds.skewness_smk_method_1_both" name="simple_skewness_both_on_LAB_TSC"/>
    <testcase time="0.00100000000020373" classname="ds.skewness_smk_method_1_both" name="simple_skewness_both_on_LAB_TSC"/>
    <testcase time="0.00199999999995271" classname="ds.skewness_smk_method_1_both" name="simple_skewness_both_on_LAB_TSC"/>
    <testcase time="0.00100000000020373" classname="ds.skewness_smk_method_1_both" name="simple_skewness_both_on_LAB_TSC"/>
    <testcase time="0.000999999999748979" classname="ds.skewness_smk_method_1_both" name="simple_skewness_both_on_LAB_TSC"/>
    <testcase time="0.00100000000020373" classname="ds.skewness_smk_method_1_both" name="simple_skewness_both_on_LAB_TSC"/>
    <testcase time="0.00199999999995271" classname="ds.skewness_smk_method_1_both" name="simple_skewness_both_on_LAB_TSC"/>
    <testcase time="0.000999999999748979" classname="ds.skewness_smk_method_1_both" name="simple_skewness_both_on_LAB_TSC"/>
    <testcase time="0.00100000000020373" classname="ds.skewness_smk_method_1_both" name="simple_skewness_both_on_LAB_TSC"/>
    <testcase time="0.00100000000020373" classname="ds.skewness_smk_method_1_both" name="simple_skewness_both_on_LAB_TSC"/>
    <testcase time="0.000999999999748979" classname="ds.skewness_smk_method_1_both" name="simple_skewness_both_on_LAB_TSC"/>
    <testcase time="0.00199999999995271" classname="ds.skewness_smk_method_1_both" name="simple_skewness_both_on_LAB_TSC"/>
    <testcase time="0.00100000000020373" classname="ds.skewness_smk_method_1_both" name="simple_skewness_both_on_LAB_TSC"/>
    <testcase time="0.000999999999748979" classname="ds.skewness_smk_method_1_both" name="simple_skewness_both_on_LAB_TSC"/>
    <testcase time="0.00100000000020373" classname="ds.skewness_smk_method_1_both" name="simple_skewness_both_on_LAB_TSC"/>
    <testcase time="0.000999999999748979" classname="ds.skewness_smk_method_1_both" name="simple_skewness_both_on_LAB_TSC"/>
    <testcase time="0.00200000000040745" classname="ds.skewness_smk_method_1_both" name="simple_skewness_both_on_LAB_TSC"/>
    <testcase time="0.000999999999748979" classname="ds.skewness_smk_method_1_both" name="simple_skewness_both_on_LAB_TSC"/>
    <testcase time="0.00100000000020373" classname="ds.skewness_smk_method_1_both" name="simple_skewness_both_on_LAB_TSC"/>
    <testcase time="0.204999999999927" classname="ds.skewness_smk_method_1_both" name="simple_skewness_method_1_both_on_LAB_TRIG"/>
    <testcase time="0.00199999999995271" classname="ds.skewness_smk_method_1_both" name="simple_skewness_method_1_both_on_LAB_TRIG"/>
    <testcase time="0.000999999999748979" classname="ds.skewness_smk_method_1_both" name="simple_skewness_method_1_both_on_LAB_TRIG"/>
    <testcase time="0.00200000000040745" classname="ds.skewness_smk_method_1_both" name="simple_skewness_method_1_both_on_LAB_TRIG"/>
    <testcase time="0.000999999999748979" classname="ds.skewness_smk_method_1_both" name="simple_skewness_method_1_both_on_LAB_TRIG"/>
    <testcase time="0.00100000000020373" classname="ds.skewness_smk_method_1_both" name="simple_skewness_method_1_both_on_LAB_TRIG"/>
    <testcase time="0.00199999999995271" classname="ds.skewness_smk_method_1_both" name="simple_skewness_method_1_both_on_LAB_TRIG"/>
    <testcase time="0.000999999999748979" classname="ds.skewness_smk_method_1_both" name="simple_skewness_method_1_both_on_LAB_TRIG"/>
    <testcase time="0.00800000000026557" classname="ds.skewness_smk_method_1_both" name="simple_skewness_method_1_both_on_LAB_TRIG"/>
    <testcase time="0.00199999999995271" classname="ds.skewness_smk_method_1_both" name="simple_skewness_method_1_both_on_LAB_TRIG"/>
    <testcase time="0.000999999999748979" classname="ds.skewness_smk_method_1_both" name="simple_skewness_method_1_both_on_LAB_TRIG"/>
    <testcase time="0.00100000000020373" classname="ds.skewness_smk_method_1_both" name="simple_skewness_method_1_both_on_LAB_TRIG"/>
    <testcase time="0.000999999999748979" classname="ds.skewness_smk_method_1_both" name="simple_skewness_method_1_both_on_LAB_TRIG"/>
    <testcase time="0.00200000000040745" classname="ds.skewness_smk_method_1_both" name="simple_skewness_method_1_both_on_LAB_TRIG"/>
    <testcase time="0.000999999999748979" classname="ds.skewness_smk_method_1_both" name="simple_skewness_method_1_both_on_LAB_TRIG"/>
    <testcase time="0.00100000000020373" classname="ds.skewness_smk_method_1_both" name="simple_skewness_method_1_both_on_LAB_TRIG"/>
    <testcase time="0.00199999999995271" classname="ds.skewness_smk_method_1_both" name="simple_skewness_method_1_both_on_LAB_TRIG"/>
    <testcase time="0.000999999999748979" classname="ds.skewness_smk_method_1_both" name="simple_skewness_method_1_both_on_LAB_TRIG"/>
    <testcase time="0.00100000000020373" classname="ds.skewness_smk_method_1_both" name="simple_skewness_method_1_both_on_LAB_TRIG"/>
    <testcase time="0.000999999999748979" classname="ds.skewness_smk_method_1_both" name="simple_skewness_method_1_both_on_LAB_TRIG"/>
    <testcase time="0.00200000000040745" classname="ds.skewness_smk_method_1_both" name="simple_skewness_method_1_both_on_LAB_TRIG"/>
    <testcase time="0.000999999999748979" classname="ds.skewness_smk_method_1_both" name="simple_skewness_method_1_both_on_LAB_TRIG"/>
    <testcase time="0.186000000000149" classname="ds.skewness_smk_method_1_both" name="simple_skewness_method_1_both_on_LAB_HDL"/>
    <testcase time="0.000999999999748979" classname="ds.skewness_smk_method_1_both" name="simple_skewness_method_1_both_on_LAB_HDL"/>
    <testcase time="0.00199999999995271" classname="ds.skewness_smk_method_1_both" name="simple_skewness_method_1_both_on_LAB_HDL"/>
    <testcase time="0.00100000000020373" classname="ds.skewness_smk_method_1_both" name="simple_skewness_method_1_both_on_LAB_HDL"/>
    <testcase time="0.00100000000020373" classname="ds.skewness_smk_method_1_both" name="simple_skewness_method_1_both_on_LAB_HDL"/>
    <testcase time="0.00199999999995271" classname="ds.skewness_smk_method_1_both" name="simple_skewness_method_1_both_on_LAB_HDL"/>
    <testcase time="0.000999999999748979" classname="ds.skewness_smk_method_1_both" name="simple_skewness_method_1_both_on_LAB_HDL"/>
    <testcase time="0.00199999999995271" classname="ds.skewness_smk_method_1_both" name="simple_skewness_method_1_both_on_LAB_HDL"/>
    <testcase time="0.00100000000020373" classname="ds.skewness_smk_method_1_both" name="simple_skewness_method_1_both_on_LAB_HDL"/>
    <testcase time="0.000999999999748979" classname="ds.skewness_smk_method_1_both" name="simple_skewness_method_1_both_on_LAB_HDL"/>
    <testcase time="0.00200000000040745" classname="ds.skewness_smk_method_1_both" name="simple_skewness_method_1_both_on_LAB_HDL"/>
    <testcase time="0.000999999999748979" classname="ds.skewness_smk_method_1_both" name="simple_skewness_method_1_both_on_LAB_HDL"/>
    <testcase time="0.00100000000020373" classname="ds.skewness_smk_method_1_both" name="simple_skewness_method_1_both_on_LAB_HDL"/>
    <testcase time="0.00199999999995271" classname="ds.skewness_smk_method_1_both" name="simple_skewness_method_1_both_on_LAB_HDL"/>
    <testcase time="0.000999999999748979" classname="ds.skewness_smk_method_1_both" name="simple_skewness_method_1_both_on_LAB_HDL"/>
    <testcase time="0.00100000000020373" classname="ds.skewness_smk_method_1_both" name="simple_skewness_method_1_both_on_LAB_HDL"/>
    <testcase time="0.00199999999995271" classname="ds.skewness_smk_method_1_both" name="simple_skewness_method_1_both_on_LAB_HDL"/>
    <testcase time="0.000999999999748979" classname="ds.skewness_smk_method_1_both" name="simple_skewness_method_1_both_on_LAB_HDL"/>
    <testcase time="0.00100000000020373" classname="ds.skewness_smk_method_1_both" name="simple_skewness_method_1_both_on_LAB_HDL"/>
    <testcase time="0.00199999999995271" classname="ds.skewness_smk_method_1_both" name="simple_skewness_method_1_both_on_LAB_HDL"/>
    <testcase time="0.00100000000020373" classname="ds.skewness_smk_method_1_both" name="simple_skewness_method_1_both_on_LAB_HDL"/>
    <testcase time="0.000999999999748979" classname="ds.skewness_smk_method_1_both" name="simple_skewness_method_1_both_on_LAB_HDL"/>
    <testcase time="0.192000000000007" classname="ds.skewness_smk_method_1_both" name="simple_skewness_method_1_both_on_LAB_GLUC_ADJUSTED"/>
    <testcase time="0.00199999999995271" classname="ds.skewness_smk_method_1_both" name="simple_skewness_method_1_both_on_LAB_GLUC_ADJUSTED"/>
    <testcase time="0.00100000000020373" classname="ds.skewness_smk_method_1_both" name="simple_skewness_method_1_both_on_LAB_GLUC_ADJUSTED"/>
    <testcase time="0.00199999999995271" classname="ds.skewness_smk_method_1_both" name="simple_skewness_method_1_both_on_LAB_GLUC_ADJUSTED"/>
    <testcase time="0.00100000000020373" classname="ds.skewness_smk_method_1_both" name="simple_skewness_method_1_both_on_LAB_GLUC_ADJUSTED"/>
    <testcase time="0.00199999999995271" classname="ds.skewness_smk_method_1_both" name="simple_skewness_method_1_both_on_LAB_GLUC_ADJUSTED"/>
    <testcase time="0.000999999999748979" classname="ds.skewness_smk_method_1_both" name="simple_skewness_method_1_both_on_LAB_GLUC_ADJUSTED"/>
    <testcase time="0.00199999999995271" classname="ds.skewness_smk_method_1_both" name="simple_skewness_method_1_both_on_LAB_GLUC_ADJUSTED"/>
    <testcase time="0.00100000000020373" classname="ds.skewness_smk_method_1_both" name="simple_skewness_method_1_both_on_LAB_GLUC_ADJUSTED"/>
    <testcase time="0.00199999999995271" classname="ds.skewness_smk_method_1_both" name="simple_skewness_method_1_both_on_LAB_GLUC_ADJUSTED"/>
    <testcase time="0.000999999999748979" classname="ds.skewness_smk_method_1_both" name="simple_skewness_method_1_both_on_LAB_GLUC_ADJUSTED"/>
    <testcase time="0.00100000000020373" classname="ds.skewness_smk_method_1_both" name="simple_skewness_method_1_both_on_LAB_GLUC_ADJUSTED"/>
    <testcase time="0.00199999999995271" classname="ds.skewness_smk_method_1_both" name="simple_skewness_method_1_both_on_LAB_GLUC_ADJUSTED"/>
    <testcase time="0.00100000000020373" classname="ds.skewness_smk_method_1_both" name="simple_skewness_method_1_both_on_LAB_GLUC_ADJUSTED"/>
    <testcase time="0.00199999999995271" classname="ds.skewness_smk_method_1_both" name="simple_skewness_method_1_both_on_LAB_GLUC_ADJUSTED"/>
    <testcase time="0.000999999999748979" classname="ds.skewness_smk_method_1_both" name="simple_skewness_method_1_both_on_LAB_GLUC_ADJUSTED"/>
    <testcase time="0.00100000000020373" classname="ds.skewness_smk_method_1_both" name="simple_skewness_method_1_both_on_LAB_GLUC_ADJUSTED"/>
    <testcase time="0.00199999999995271" classname="ds.skewness_smk_method_1_both" name="simple_skewness_method_1_both_on_LAB_GLUC_ADJUSTED"/>
    <testcase time="0.00199999999995271" classname="ds.skewness_smk_method_1_both" name="simple_skewness_method_1_both_on_LAB_GLUC_ADJUSTED"/>
    <testcase time="0.00100000000020373" classname="ds.skewness_smk_method_1_both" name="simple_skewness_method_1_both_on_LAB_GLUC_ADJUSTED"/>
    <testcase time="0.000999999999748979" classname="ds.skewness_smk_method_1_both" name="simple_skewness_method_1_both_on_LAB_GLUC_ADJUSTED"/>
    <testcase time="0.00199999999995271" classname="ds.skewness_smk_method_1_both" name="simple_skewness_method_1_both_on_LAB_GLUC_ADJUSTED"/>
    <testcase time="0.202000000000226" classname="ds.skewness_smk_method_1_both" name="simple_skewness_method_1_both_on_PM_BMI_CONTINUOUS"/>
    <testcase time="0.00199999999995271" classname="ds.skewness_smk_method_1_both" name="simple_skewness_method_1_both_on_PM_BMI_CONTINUOUS"/>
    <testcase time="0.00199999999995271" classname="ds.skewness_smk_method_1_both" name="simple_skewness_method_1_both_on_PM_BMI_CONTINUOUS"/>
    <testcase time="0.00100000000020373" classname="ds.skewness_smk_method_1_both" name="simple_skewness_method_1_both_on_PM_BMI_CONTINUOUS"/>
    <testcase time="0.00199999999995271" classname="ds.skewness_smk_method_1_both" name="simple_skewness_method_1_both_on_PM_BMI_CONTINUOUS"/>
    <testcase time="0.000999999999748979" classname="ds.skewness_smk_method_1_both" name="simple_skewness_method_1_both_on_PM_BMI_CONTINUOUS"/>
    <testcase time="0.00199999999995271" classname="ds.skewness_smk_method_1_both" name="simple_skewness_method_1_both_on_PM_BMI_CONTINUOUS"/>
    <testcase time="0.00100000000020373" classname="ds.skewness_smk_method_1_both" name="simple_skewness_method_1_both_on_PM_BMI_CONTINUOUS"/>
    <testcase time="0.00199999999995271" classname="ds.skewness_smk_method_1_both" name="simple_skewness_method_1_both_on_PM_BMI_CONTINUOUS"/>
    <testcase time="0.00100000000020373" classname="ds.skewness_smk_method_1_both" name="simple_skewness_method_1_both_on_PM_BMI_CONTINUOUS"/>
    <testcase time="0.00199999999995271" classname="ds.skewness_smk_method_1_both" name="simple_skewness_method_1_both_on_PM_BMI_CONTINUOUS"/>
    <testcase time="0.000999999999748979" classname="ds.skewness_smk_method_1_both" name="simple_skewness_method_1_both_on_PM_BMI_CONTINUOUS"/>
    <testcase time="0.00199999999995271" classname="ds.skewness_smk_method_1_both" name="simple_skewness_method_1_both_on_PM_BMI_CONTINUOUS"/>
    <testcase time="0.00100000000020373" classname="ds.skewness_smk_method_1_both" name="simple_skewness_method_1_both_on_PM_BMI_CONTINUOUS"/>
    <testcase time="0.00199999999995271" classname="ds.skewness_smk_method_1_both" name="simple_skewness_method_1_both_on_PM_BMI_CONTINUOUS"/>
    <testcase time="0.00100000000020373" classname="ds.skewness_smk_method_1_both" name="simple_skewness_method_1_both_on_PM_BMI_CONTINUOUS"/>
    <testcase time="0.00199999999995271" classname="ds.skewness_smk_method_1_both" name="simple_skewness_method_1_both_on_PM_BMI_CONTINUOUS"/>
    <testcase time="0.000999999999748979" classname="ds.skewness_smk_method_1_both" name="simple_skewness_method_1_both_on_PM_BMI_CONTINUOUS"/>
    <testcase time="0.00199999999995271" classname="ds.skewness_smk_method_1_both" name="simple_skewness_method_1_both_on_PM_BMI_CONTINUOUS"/>
    <testcase time="0.00100000000020373" classname="ds.skewness_smk_method_1_both" name="simple_skewness_method_1_both_on_PM_BMI_CONTINUOUS"/>
    <testcase time="0.00199999999995271" classname="ds.skewness_smk_method_1_both" name="simple_skewness_method_1_both_on_PM_BMI_CONTINUOUS"/>
    <testcase time="0.000999999999748979" classname="ds.skewness_smk_method_1_both" name="simple_skewness_method_1_both_on_PM_BMI_CONTINUOUS"/>
  </testsuite>
  <testsuite name="ds.skewness::smk::method 2::split" timestamp="2025-09-19T12:19:31Z" hostname="runnervmf4ws1" tests="70" skipped="0" failures="0" errors="0" time="0.692">
    <testcase time="0.111000000000331" classname="ds.skewness_smk_method_2_split" name="simple_skewness_method_2_split_on_LAB_TSC"/>
    <testcase time="0.000999999999748979" classname="ds.skewness_smk_method_2_split" name="simple_skewness_method_2_split_on_LAB_TSC"/>
    <testcase time="0.00199999999995271" classname="ds.skewness_smk_method_2_split" name="simple_skewness_method_2_split_on_LAB_TSC"/>
    <testcase time="0.00100000000020373" classname="ds.skewness_smk_method_2_split" name="simple_skewness_method_2_split_on_LAB_TSC"/>
    <testcase time="0.00100000000020373" classname="ds.skewness_smk_method_2_split" name="simple_skewness_method_2_split_on_LAB_TSC"/>
    <testcase time="0.000999999999748979" classname="ds.skewness_smk_method_2_split" name="simple_skewness_method_2_split_on_LAB_TSC"/>
    <testcase time="0.00100000000020373" classname="ds.skewness_smk_method_2_split" name="simple_skewness_method_2_split_on_LAB_TSC"/>
    <testcase time="0.00100000000020373" classname="ds.skewness_smk_method_2_split" name="simple_skewness_method_2_split_on_LAB_TSC"/>
    <testcase time="0.000999999999748979" classname="ds.skewness_smk_method_2_split" name="simple_skewness_method_2_split_on_LAB_TSC"/>
    <testcase time="0.00100000000020373" classname="ds.skewness_smk_method_2_split" name="simple_skewness_method_2_split_on_LAB_TSC"/>
    <testcase time="0.000999999999748979" classname="ds.skewness_smk_method_2_split" name="simple_skewness_method_2_split_on_LAB_TSC"/>
    <testcase time="0.00199999999995271" classname="ds.skewness_smk_method_2_split" name="simple_skewness_method_2_split_on_LAB_TSC"/>
    <testcase time="0.00100000000020373" classname="ds.skewness_smk_method_2_split" name="simple_skewness_method_2_split_on_LAB_TSC"/>
    <testcase time="0.00100000000020373" classname="ds.skewness_smk_method_2_split" name="simple_skewness_method_2_split_on_LAB_TSC"/>
    <testcase time="0.105000000000018" classname="ds.skewness_smk_method_2_split" name="simple_skewness_method_2_split_on_LAB_TRIG"/>
    <testcase time="0.00199999999995271" classname="ds.skewness_smk_method_2_split" name="simple_skewness_method_2_split_on_LAB_TRIG"/>
    <testcase time="0.000999999999748979" classname="ds.skewness_smk_method_2_split" name="simple_skewness_method_2_split_on_LAB_TRIG"/>
    <testcase time="0.00100000000020373" classname="ds.skewness_smk_method_2_split" name="simple_skewness_method_2_split_on_LAB_TRIG"/>
    <testcase time="0.00199999999995271" classname="ds.skewness_smk_method_2_split" name="simple_skewness_method_2_split_on_LAB_TRIG"/>
    <testcase time="0.000999999999748979" classname="ds.skewness_smk_method_2_split" name="simple_skewness_method_2_split_on_LAB_TRIG"/>
    <testcase time="0.00100000000020373" classname="ds.skewness_smk_method_2_split" name="simple_skewness_method_2_split_on_LAB_TRIG"/>
    <testcase time="0.00199999999995271" classname="ds.skewness_smk_method_2_split" name="simple_skewness_method_2_split_on_LAB_TRIG"/>
    <testcase time="0.00100000000020373" classname="ds.skewness_smk_method_2_split" name="simple_skewness_method_2_split_on_LAB_TRIG"/>
    <testcase time="0.000999999999748979" classname="ds.skewness_smk_method_2_split" name="simple_skewness_method_2_split_on_LAB_TRIG"/>
    <testcase time="0.00100000000020373" classname="ds.skewness_smk_method_2_split" name="simple_skewness_method_2_split_on_LAB_TRIG"/>
    <testcase time="0.00199999999995271" classname="ds.skewness_smk_method_2_split" name="simple_skewness_method_2_split_on_LAB_TRIG"/>
    <testcase time="0.000999999999748979" classname="ds.skewness_smk_method_2_split" name="simple_skewness_method_2_split_on_LAB_TRIG"/>
    <testcase time="0.00100000000020373" classname="ds.skewness_smk_method_2_split" name="simple_skewness_method_2_split_on_LAB_TRIG"/>
    <testcase time="0.112999999999829" classname="ds.skewness_smk_method_2_split" name="simple_skewness_method_2_split_on_LAB_HDL"/>
    <testcase time="0.00100000000020373" classname="ds.skewness_smk_method_2_split" name="simple_skewness_method_2_split_on_LAB_HDL"/>
    <testcase time="0.000999999999748979" classname="ds.skewness_smk_method_2_split" name="simple_skewness_method_2_split_on_LAB_HDL"/>
    <testcase time="0.00200000000040745" classname="ds.skewness_smk_method_2_split" name="simple_skewness_method_2_split_on_LAB_HDL"/>
    <testcase time="0.000999999999748979" classname="ds.skewness_smk_method_2_split" name="simple_skewness_method_2_split_on_LAB_HDL"/>
    <testcase time="0.00100000000020373" classname="ds.skewness_smk_method_2_split" name="simple_skewness_method_2_split_on_LAB_HDL"/>
    <testcase time="0.00199999999995271" classname="ds.skewness_smk_method_2_split" name="simple_skewness_method_2_split_on_LAB_HDL"/>
    <testcase time="0.000999999999748979" classname="ds.skewness_smk_method_2_split" name="simple_skewness_method_2_split_on_LAB_HDL"/>
    <testcase time="0.00100000000020373" classname="ds.skewness_smk_method_2_split" name="simple_skewness_method_2_split_on_LAB_HDL"/>
    <testcase time="0.00199999999995271" classname="ds.skewness_smk_method_2_split" name="simple_skewness_method_2_split_on_LAB_HDL"/>
    <testcase time="0.000999999999748979" classname="ds.skewness_smk_method_2_split" name="simple_skewness_method_2_split_on_LAB_HDL"/>
    <testcase time="0.00100000000020373" classname="ds.skewness_smk_method_2_split" name="simple_skewness_method_2_split_on_LAB_HDL"/>
    <testcase time="0.00100000000020373" classname="ds.skewness_smk_method_2_split" name="simple_skewness_method_2_split_on_LAB_HDL"/>
    <testcase time="0.00199999999995271" classname="ds.skewness_smk_method_2_split" name="simple_skewness_method_2_split_on_LAB_HDL"/>
    <testcase time="0.170000000000073" classname="ds.skewness_smk_method_2_split" name="simple_skewness_method_2_split_on_LAB_GLUC_ADJUSTED"/>
    <testcase time="0.00199999999995271" classname="ds.skewness_smk_method_2_split" name="simple_skewness_method_2_split_on_LAB_GLUC_ADJUSTED"/>
    <testcase time="0.000999999999748979" classname="ds.skewness_smk_method_2_split" name="simple_skewness_method_2_split_on_LAB_GLUC_ADJUSTED"/>
    <testcase time="0.00100000000020373" classname="ds.skewness_smk_method_2_split" name="simple_skewness_method_2_split_on_LAB_GLUC_ADJUSTED"/>
    <testcase time="0.00199999999995271" classname="ds.skewness_smk_method_2_split" name="simple_skewness_method_2_split_on_LAB_GLUC_ADJUSTED"/>
    <testcase time="0.000999999999748979" classname="ds.skewness_smk_method_2_split" name="simple_skewness_method_2_split_on_LAB_GLUC_ADJUSTED"/>
    <testcase time="0.00200000000040745" classname="ds.skewness_smk_method_2_split" name="simple_skewness_method_2_split_on_LAB_GLUC_ADJUSTED"/>
    <testcase time="0.000999999999748979" classname="ds.skewness_smk_method_2_split" name="simple_skewness_method_2_split_on_LAB_GLUC_ADJUSTED"/>
    <testcase time="0.00100000000020373" classname="ds.skewness_smk_method_2_split" name="simple_skewness_method_2_split_on_LAB_GLUC_ADJUSTED"/>
    <testcase time="0.00199999999995271" classname="ds.skewness_smk_method_2_split" name="simple_skewness_method_2_split_on_LAB_GLUC_ADJUSTED"/>
    <testcase time="0.000999999999748979" classname="ds.skewness_smk_method_2_split" name="simple_skewness_method_2_split_on_LAB_GLUC_ADJUSTED"/>
    <testcase time="0.00100000000020373" classname="ds.skewness_smk_method_2_split" name="simple_skewness_method_2_split_on_LAB_GLUC_ADJUSTED"/>
    <testcase time="0.00199999999995271" classname="ds.skewness_smk_method_2_split" name="simple_skewness_method_2_split_on_LAB_GLUC_ADJUSTED"/>
    <testcase time="0.000999999999748979" classname="ds.skewness_smk_method_2_split" name="simple_skewness_method_2_split_on_LAB_GLUC_ADJUSTED"/>
    <testcase time="0.108000000000175" classname="ds.skewness_smk_method_2_split" name="simple_skewness_method_2_split_on_PM_BMI_CONTINUOUS"/>
    <testcase time="0.00100000000020373" classname="ds.skewness_smk_method_2_split" name="simple_skewness_method_2_split_on_PM_BMI_CONTINUOUS"/>
    <testcase time="0.000999999999748979" classname="ds.skewness_smk_method_2_split" name="simple_skewness_method_2_split_on_PM_BMI_CONTINUOUS"/>
    <testcase time="0.00199999999995271" classname="ds.skewness_smk_method_2_split" name="simple_skewness_method_2_split_on_PM_BMI_CONTINUOUS"/>
    <testcase time="0.00100000000020373" classname="ds.skewness_smk_method_2_split" name="simple_skewness_method_2_split_on_PM_BMI_CONTINUOUS"/>
    <testcase time="0.00199999999995271" classname="ds.skewness_smk_method_2_split" name="simple_skewness_method_2_split_on_PM_BMI_CONTINUOUS"/>
    <testcase time="0.00100000000020373" classname="ds.skewness_smk_method_2_split" name="simple_skewness_method_2_split_on_PM_BMI_CONTINUOUS"/>
    <testcase time="0.000999999999748979" classname="ds.skewness_smk_method_2_split" name="simple_skewness_method_2_split_on_PM_BMI_CONTINUOUS"/>
    <testcase time="0.00199999999995271" classname="ds.skewness_smk_method_2_split" name="simple_skewness_method_2_split_on_PM_BMI_CONTINUOUS"/>
    <testcase time="0.00100000000020373" classname="ds.skewness_smk_method_2_split" name="simple_skewness_method_2_split_on_PM_BMI_CONTINUOUS"/>
    <testcase time="0.000999999999748979" classname="ds.skewness_smk_method_2_split" name="simple_skewness_method_2_split_on_PM_BMI_CONTINUOUS"/>
    <testcase time="0.00199999999995271" classname="ds.skewness_smk_method_2_split" name="simple_skewness_method_2_split_on_PM_BMI_CONTINUOUS"/>
    <testcase time="0.00100000000020373" classname="ds.skewness_smk_method_2_split" name="simple_skewness_method_2_split_on_PM_BMI_CONTINUOUS"/>
    <testcase time="0.00199999999995271" classname="ds.skewness_smk_method_2_split" name="simple_skewness_method_2_split_on_PM_BMI_CONTINUOUS"/>
  </testsuite>
  <testsuite name="ds.skewness::smk::method 2::combine" timestamp="2025-09-19T12:19:32Z" hostname="runnervmf4ws1" tests="40" skipped="0" failures="0" errors="0" time="0.803">
    <testcase time="0.157999999999902" classname="ds.skewness_smk_method_2_combine" name="simple_skewness_combine_on_LAB_TSC"/>
    <testcase time="0.00100000000020373" classname="ds.skewness_smk_method_2_combine" name="simple_skewness_combine_on_LAB_TSC"/>
    <testcase time="0.000999999999748979" classname="ds.skewness_smk_method_2_combine" name="simple_skewness_combine_on_LAB_TSC"/>
    <testcase time="0.00199999999995271" classname="ds.skewness_smk_method_2_combine" name="simple_skewness_combine_on_LAB_TSC"/>
    <testcase time="0.00100000000020373" classname="ds.skewness_smk_method_2_combine" name="simple_skewness_combine_on_LAB_TSC"/>
    <testcase time="0.00100000000020373" classname="ds.skewness_smk_method_2_combine" name="simple_skewness_combine_on_LAB_TSC"/>
    <testcase time="0.000999999999748979" classname="ds.skewness_smk_method_2_combine" name="simple_skewness_combine_on_LAB_TSC"/>
    <testcase time="0.00100000000020373" classname="ds.skewness_smk_method_2_combine" name="simple_skewness_combine_on_LAB_TSC"/>
    <testcase time="0.144999999999982" classname="ds.skewness_smk_method_2_combine" name="simple_skewness_method_2_combine_on_LAB_TRIG"/>
    <testcase time="0.000999999999748979" classname="ds.skewness_smk_method_2_combine" name="simple_skewness_method_2_combine_on_LAB_TRIG"/>
    <testcase time="0.00100000000020373" classname="ds.skewness_smk_method_2_combine" name="simple_skewness_method_2_combine_on_LAB_TRIG"/>
    <testcase time="0.00199999999995271" classname="ds.skewness_smk_method_2_combine" name="simple_skewness_method_2_combine_on_LAB_TRIG"/>
    <testcase time="0.000999999999748979" classname="ds.skewness_smk_method_2_combine" name="simple_skewness_method_2_combine_on_LAB_TRIG"/>
    <testcase time="0.00100000000020373" classname="ds.skewness_smk_method_2_combine" name="simple_skewness_method_2_combine_on_LAB_TRIG"/>
    <testcase time="0.00100000000020373" classname="ds.skewness_smk_method_2_combine" name="simple_skewness_method_2_combine_on_LAB_TRIG"/>
    <testcase time="0.000999999999748979" classname="ds.skewness_smk_method_2_combine" name="simple_skewness_method_2_combine_on_LAB_TRIG"/>
    <testcase time="0.146999999999935" classname="ds.skewness_smk_method_2_combine" name="simple_skewness_method_2_combine_on_LAB_HDL"/>
    <testcase time="0.00199999999995271" classname="ds.skewness_smk_method_2_combine" name="simple_skewness_method_2_combine_on_LAB_HDL"/>
    <testcase time="0.00100000000020373" classname="ds.skewness_smk_method_2_combine" name="simple_skewness_method_2_combine_on_LAB_HDL"/>
    <testcase time="0.000999999999748979" classname="ds.skewness_smk_method_2_combine" name="simple_skewness_method_2_combine_on_LAB_HDL"/>
    <testcase time="0.00100000000020373" classname="ds.skewness_smk_method_2_combine" name="simple_skewness_method_2_combine_on_LAB_HDL"/>
    <testcase time="0.00199999999995271" classname="ds.skewness_smk_method_2_combine" name="simple_skewness_method_2_combine_on_LAB_HDL"/>
    <testcase time="0.00100000000020373" classname="ds.skewness_smk_method_2_combine" name="simple_skewness_method_2_combine_on_LAB_HDL"/>
    <testcase time="0.000999999999748979" classname="ds.skewness_smk_method_2_combine" name="simple_skewness_method_2_combine_on_LAB_HDL"/>
    <testcase time="0.161000000000058" classname="ds.skewness_smk_method_2_combine" name="simple_skewness_method_2_combine_on_LAB_GLUC_ADJUSTED"/>
    <testcase time="0.00100000000020373" classname="ds.skewness_smk_method_2_combine" name="simple_skewness_method_2_combine_on_LAB_GLUC_ADJUSTED"/>
    <testcase time="0.000999999999748979" classname="ds.skewness_smk_method_2_combine" name="simple_skewness_method_2_combine_on_LAB_GLUC_ADJUSTED"/>
    <testcase time="0.00199999999995271" classname="ds.skewness_smk_method_2_combine" name="simple_skewness_method_2_combine_on_LAB_GLUC_ADJUSTED"/>
    <testcase time="0.00100000000020373" classname="ds.skewness_smk_method_2_combine" name="simple_skewness_method_2_combine_on_LAB_GLUC_ADJUSTED"/>
    <testcase time="0.000999999999748979" classname="ds.skewness_smk_method_2_combine" name="simple_skewness_method_2_combine_on_LAB_GLUC_ADJUSTED"/>
    <testcase time="0.00200000000040745" classname="ds.skewness_smk_method_2_combine" name="simple_skewness_method_2_combine_on_LAB_GLUC_ADJUSTED"/>
    <testcase time="0.000999999999748979" classname="ds.skewness_smk_method_2_combine" name="simple_skewness_method_2_combine_on_LAB_GLUC_ADJUSTED"/>
    <testcase time="0.148999999999887" classname="ds.skewness_smk_method_2_combine" name="simple_skewness_method_2_combine_on_PM_BMI_CONTINUOUS"/>
    <testcase time="0.00100000000020373" classname="ds.skewness_smk_method_2_combine" name="simple_skewness_method_2_combine_on_PM_BMI_CONTINUOUS"/>
    <testcase time="0.00199999999995271" classname="ds.skewness_smk_method_2_combine" name="simple_skewness_method_2_combine_on_PM_BMI_CONTINUOUS"/>
    <testcase time="0.00100000000020373" classname="ds.skewness_smk_method_2_combine" name="simple_skewness_method_2_combine_on_PM_BMI_CONTINUOUS"/>
    <testcase time="0.000999999999748979" classname="ds.skewness_smk_method_2_combine" name="simple_skewness_method_2_combine_on_PM_BMI_CONTINUOUS"/>
    <testcase time="0.00199999999995271" classname="ds.skewness_smk_method_2_combine" name="simple_skewness_method_2_combine_on_PM_BMI_CONTINUOUS"/>
    <testcase time="0.00100000000020373" classname="ds.skewness_smk_method_2_combine" name="simple_skewness_method_2_combine_on_PM_BMI_CONTINUOUS"/>
    <testcase time="0.000999999999748979" classname="ds.skewness_smk_method_2_combine" name="simple_skewness_method_2_combine_on_PM_BMI_CONTINUOUS"/>
  </testsuite>
  <testsuite name="ds.skewness::smk::method 2::both" timestamp="2025-09-19T12:19:32Z" hostname="runnervmf4ws1" tests="110" skipped="0" failures="0" errors="0" time="1.146">
    <testcase time="0.200000000000273" classname="ds.skewness_smk_method_2_both" name="simple_skewness_both_on_LAB_TSC"/>
    <testcase time="0.000999999999748979" classname="ds.skewness_smk_method_2_both" name="simple_skewness_both_on_LAB_TSC"/>
    <testcase time="0.00100000000020373" classname="ds.skewness_smk_method_2_both" name="simple_skewness_both_on_LAB_TSC"/>
    <testcase time="0.000999999999748979" classname="ds.skewness_smk_method_2_both" name="simple_skewness_both_on_LAB_TSC"/>
    <testcase time="0.00199999999995271" classname="ds.skewness_smk_method_2_both" name="simple_skewness_both_on_LAB_TSC"/>
    <testcase time="0.00100000000020373" classname="ds.skewness_smk_method_2_both" name="simple_skewness_both_on_LAB_TSC"/>
    <testcase time="0.00100000000020373" classname="ds.skewness_smk_method_2_both" name="simple_skewness_both_on_LAB_TSC"/>
    <testcase time="0.000999999999748979" classname="ds.skewness_smk_method_2_both" name="simple_skewness_both_on_LAB_TSC"/>
    <testcase time="0.00100000000020373" classname="ds.skewness_smk_method_2_both" name="simple_skewness_both_on_LAB_TSC"/>
    <testcase time="0.00199999999995271" classname="ds.skewness_smk_method_2_both" name="simple_skewness_both_on_LAB_TSC"/>
    <testcase time="0.000999999999748979" classname="ds.skewness_smk_method_2_both" name="simple_skewness_both_on_LAB_TSC"/>
    <testcase time="0.00100000000020373" classname="ds.skewness_smk_method_2_both" name="simple_skewness_both_on_LAB_TSC"/>
    <testcase time="0.000999999999748979" classname="ds.skewness_smk_method_2_both" name="simple_skewness_both_on_LAB_TSC"/>
    <testcase time="0.00200000000040745" classname="ds.skewness_smk_method_2_both" name="simple_skewness_both_on_LAB_TSC"/>
    <testcase time="0.000999999999748979" classname="ds.skewness_smk_method_2_both" name="simple_skewness_both_on_LAB_TSC"/>
    <testcase time="0.00100000000020373" classname="ds.skewness_smk_method_2_both" name="simple_skewness_both_on_LAB_TSC"/>
    <testcase time="0.000999999999748979" classname="ds.skewness_smk_method_2_both" name="simple_skewness_both_on_LAB_TSC"/>
    <testcase time="0.00100000000020373" classname="ds.skewness_smk_method_2_both" name="simple_skewness_both_on_LAB_TSC"/>
    <testcase time="0.00199999999995271" classname="ds.skewness_smk_method_2_both" name="simple_skewness_both_on_LAB_TSC"/>
    <testcase time="0.000999999999748979" classname="ds.skewness_smk_method_2_both" name="simple_skewness_both_on_LAB_TSC"/>
    <testcase time="0.00100000000020373" classname="ds.skewness_smk_method_2_both" name="simple_skewness_both_on_LAB_TSC"/>
    <testcase time="0.000999999999748979" classname="ds.skewness_smk_method_2_both" name="simple_skewness_both_on_LAB_TSC"/>
    <testcase time="0.212000000000444" classname="ds.skewness_smk_method_2_both" name="simple_skewness_method_2_both_on_LAB_TRIG"/>
    <testcase time="0.000999999999748979" classname="ds.skewness_smk_method_2_both" name="simple_skewness_method_2_both_on_LAB_TRIG"/>
    <testcase time="0.00100000000020373" classname="ds.skewness_smk_method_2_both" name="simple_skewness_method_2_both_on_LAB_TRIG"/>
    <testcase time="0.00199999999995271" classname="ds.skewness_smk_method_2_both" name="simple_skewness_method_2_both_on_LAB_TRIG"/>
    <testcase time="0.000999999999748979" classname="ds.skewness_smk_method_2_both" name="simple_skewness_method_2_both_on_LAB_TRIG"/>
    <testcase time="0.00100000000020373" classname="ds.skewness_smk_method_2_both" name="simple_skewness_method_2_both_on_LAB_TRIG"/>
    <testcase time="0.00199999999995271" classname="ds.skewness_smk_method_2_both" name="simple_skewness_method_2_both_on_LAB_TRIG"/>
    <testcase time="0.000999999999748979" classname="ds.skewness_smk_method_2_both" name="simple_skewness_method_2_both_on_LAB_TRIG"/>
    <testcase time="0.00100000000020373" classname="ds.skewness_smk_method_2_both" name="simple_skewness_method_2_both_on_LAB_TRIG"/>
    <testcase time="0.00199999999995271" classname="ds.skewness_smk_method_2_both" name="simple_skewness_method_2_both_on_LAB_TRIG"/>
    <testcase time="0.00100000000020373" classname="ds.skewness_smk_method_2_both" name="simple_skewness_method_2_both_on_LAB_TRIG"/>
    <testcase time="0.000999999999748979" classname="ds.skewness_smk_method_2_both" name="simple_skewness_method_2_both_on_LAB_TRIG"/>
    <testcase time="0.00100000000020373" classname="ds.skewness_smk_method_2_both" name="simple_skewness_method_2_both_on_LAB_TRIG"/>
    <testcase time="0.00199999999995271" classname="ds.skewness_smk_method_2_both" name="simple_skewness_method_2_both_on_LAB_TRIG"/>
    <testcase time="0.000999999999748979" classname="ds.skewness_smk_method_2_both" name="simple_skewness_method_2_both_on_LAB_TRIG"/>
    <testcase time="0.00100000000020373" classname="ds.skewness_smk_method_2_both" name="simple_skewness_method_2_both_on_LAB_TRIG"/>
    <testcase time="0.00100000000020373" classname="ds.skewness_smk_method_2_both" name="simple_skewness_method_2_both_on_LAB_TRIG"/>
    <testcase time="0.00199999999995271" classname="ds.skewness_smk_method_2_both" name="simple_skewness_method_2_both_on_LAB_TRIG"/>
    <testcase time="0.000999999999748979" classname="ds.skewness_smk_method_2_both" name="simple_skewness_method_2_both_on_LAB_TRIG"/>
    <testcase time="0.00100000000020373" classname="ds.skewness_smk_method_2_both" name="simple_skewness_method_2_both_on_LAB_TRIG"/>
    <testcase time="0.00199999999995271" classname="ds.skewness_smk_method_2_both" name="simple_skewness_method_2_both_on_LAB_TRIG"/>
    <testcase time="0.000999999999748979" classname="ds.skewness_smk_method_2_both" name="simple_skewness_method_2_both_on_LAB_TRIG"/>
    <testcase time="0.196000000000367" classname="ds.skewness_smk_method_2_both" name="simple_skewness_method_2_both_on_LAB_HDL"/>
    <testcase time="0.00199999999995271" classname="ds.skewness_smk_method_2_both" name="simple_skewness_method_2_both_on_LAB_HDL"/>
    <testcase time="0.000999999999748979" classname="ds.skewness_smk_method_2_both" name="simple_skewness_method_2_both_on_LAB_HDL"/>
    <testcase time="0.00100000000020373" classname="ds.skewness_smk_method_2_both" name="simple_skewness_method_2_both_on_LAB_HDL"/>
    <testcase time="0.00199999999995271" classname="ds.skewness_smk_method_2_both" name="simple_skewness_method_2_both_on_LAB_HDL"/>
    <testcase time="0.000999999999748979" classname="ds.skewness_smk_method_2_both" name="simple_skewness_method_2_both_on_LAB_HDL"/>
    <testcase time="0.00200000000040745" classname="ds.skewness_smk_method_2_both" name="simple_skewness_method_2_both_on_LAB_HDL"/>
    <testcase time="0.000999999999748979" classname="ds.skewness_smk_method_2_both" name="simple_skewness_method_2_both_on_LAB_HDL"/>
    <testcase time="0.00199999999995271" classname="ds.skewness_smk_method_2_both" name="simple_skewness_method_2_both_on_LAB_HDL"/>
    <testcase time="0.00100000000020373" classname="ds.skewness_smk_method_2_both" name="simple_skewness_method_2_both_on_LAB_HDL"/>
    <testcase time="0.000999999999748979" classname="ds.skewness_smk_method_2_both" name="simple_skewness_method_2_both_on_LAB_HDL"/>
    <testcase time="0.00199999999995271" classname="ds.skewness_smk_method_2_both" name="simple_skewness_method_2_both_on_LAB_HDL"/>
    <testcase time="0.00100000000020373" classname="ds.skewness_smk_method_2_both" name="simple_skewness_method_2_both_on_LAB_HDL"/>
    <testcase time="0.00100000000020373" classname="ds.skewness_smk_method_2_both" name="simple_skewness_method_2_both_on_LAB_HDL"/>
    <testcase time="0.00199999999995271" classname="ds.skewness_smk_method_2_both" name="simple_skewness_method_2_both_on_LAB_HDL"/>
    <testcase time="0.000999999999748979" classname="ds.skewness_smk_method_2_both" name="simple_skewness_method_2_both_on_LAB_HDL"/>
    <testcase time="0.00100000000020373" classname="ds.skewness_smk_method_2_both" name="simple_skewness_method_2_both_on_LAB_HDL"/>
    <testcase time="0.00199999999995271" classname="ds.skewness_smk_method_2_both" name="simple_skewness_method_2_both_on_LAB_HDL"/>
    <testcase time="0.000999999999748979" classname="ds.skewness_smk_method_2_both" name="simple_skewness_method_2_both_on_LAB_HDL"/>
    <testcase time="0.00200000000040745" classname="ds.skewness_smk_method_2_both" name="simple_skewness_method_2_both_on_LAB_HDL"/>
    <testcase time="0.000999999999748979" classname="ds.skewness_smk_method_2_both" name="simple_skewness_method_2_both_on_LAB_HDL"/>
    <testcase time="0.00100000000020373" classname="ds.skewness_smk_method_2_both" name="simple_skewness_method_2_both_on_LAB_HDL"/>
    <testcase time="0.197999999999865" classname="ds.skewness_smk_method_2_both" name="simple_skewness_method_2_both_on_LAB_GLUC_ADJUSTED"/>
    <testcase time="0.000999999999748979" classname="ds.skewness_smk_method_2_both" name="simple_skewness_method_2_both_on_LAB_GLUC_ADJUSTED"/>
    <testcase time="0.00200000000040745" classname="ds.skewness_smk_method_2_both" name="simple_skewness_method_2_both_on_LAB_GLUC_ADJUSTED"/>
    <testcase time="0.000999999999748979" classname="ds.skewness_smk_method_2_both" name="simple_skewness_method_2_both_on_LAB_GLUC_ADJUSTED"/>
    <testcase time="0.00199999999995271" classname="ds.skewness_smk_method_2_both" name="simple_skewness_method_2_both_on_LAB_GLUC_ADJUSTED"/>
    <testcase time="0.00100000000020373" classname="ds.skewness_smk_method_2_both" name="simple_skewness_method_2_both_on_LAB_GLUC_ADJUSTED"/>
    <testcase time="0.000999999999748979" classname="ds.skewness_smk_method_2_both" name="simple_skewness_method_2_both_on_LAB_GLUC_ADJUSTED"/>
    <testcase time="0.00199999999995271" classname="ds.skewness_smk_method_2_both" name="simple_skewness_method_2_both_on_LAB_GLUC_ADJUSTED"/>
    <testcase time="0.00100000000020373" classname="ds.skewness_smk_method_2_both" name="simple_skewness_method_2_both_on_LAB_GLUC_ADJUSTED"/>
    <testcase time="0.00199999999995271" classname="ds.skewness_smk_method_2_both" name="simple_skewness_method_2_both_on_LAB_GLUC_ADJUSTED"/>
    <testcase time="0.00100000000020373" classname="ds.skewness_smk_method_2_both" name="simple_skewness_method_2_both_on_LAB_GLUC_ADJUSTED"/>
    <testcase time="0.000999999999748979" classname="ds.skewness_smk_method_2_both" name="simple_skewness_method_2_both_on_LAB_GLUC_ADJUSTED"/>
    <testcase time="0.00199999999995271" classname="ds.skewness_smk_method_2_both" name="simple_skewness_method_2_both_on_LAB_GLUC_ADJUSTED"/>
    <testcase time="0.00100000000020373" classname="ds.skewness_smk_method_2_both" name="simple_skewness_method_2_both_on_LAB_GLUC_ADJUSTED"/>
    <testcase time="0.00199999999995271" classname="ds.skewness_smk_method_2_both" name="simple_skewness_method_2_both_on_LAB_GLUC_ADJUSTED"/>
    <testcase time="0.00100000000020373" classname="ds.skewness_smk_method_2_both" name="simple_skewness_method_2_both_on_LAB_GLUC_ADJUSTED"/>
    <testcase time="0.000999999999748979" classname="ds.skewness_smk_method_2_both" name="simple_skewness_method_2_both_on_LAB_GLUC_ADJUSTED"/>
    <testcase time="0.00199999999995271" classname="ds.skewness_smk_method_2_both" name="simple_skewness_method_2_both_on_LAB_GLUC_ADJUSTED"/>
    <testcase time="0.00100000000020373" classname="ds.skewness_smk_method_2_both" name="simple_skewness_method_2_both_on_LAB_GLUC_ADJUSTED"/>
    <testcase time="0.00199999999995271" classname="ds.skewness_smk_method_2_both" name="simple_skewness_method_2_both_on_LAB_GLUC_ADJUSTED"/>
    <testcase time="0.000999999999748979" classname="ds.skewness_smk_method_2_both" name="simple_skewness_method_2_both_on_LAB_GLUC_ADJUSTED"/>
    <testcase time="0.00199999999995271" classname="ds.skewness_smk_method_2_both" name="simple_skewness_method_2_both_on_LAB_GLUC_ADJUSTED"/>
    <testcase time="0.197000000000116" classname="ds.skewness_smk_method_2_both" name="simple_skewness_method_2_both_on_PM_BMI_CONTINUOUS"/>
    <testcase time="0.00100000000020373" classname="ds.skewness_smk_method_2_both" name="simple_skewness_method_2_both_on_PM_BMI_CONTINUOUS"/>
    <testcase time="0.00199999999995271" classname="ds.skewness_smk_method_2_both" name="simple_skewness_method_2_both_on_PM_BMI_CONTINUOUS"/>
    <testcase time="0.000999999999748979" classname="ds.skewness_smk_method_2_both" name="simple_skewness_method_2_both_on_PM_BMI_CONTINUOUS"/>
    <testcase time="0.00200000000040745" classname="ds.skewness_smk_method_2_both" name="simple_skewness_method_2_both_on_PM_BMI_CONTINUOUS"/>
    <testcase time="0.000999999999748979" classname="ds.skewness_smk_method_2_both" name="simple_skewness_method_2_both_on_PM_BMI_CONTINUOUS"/>
    <testcase time="0.00199999999995271" classname="ds.skewness_smk_method_2_both" name="simple_skewness_method_2_both_on_PM_BMI_CONTINUOUS"/>
    <testcase time="0.00100000000020373" classname="ds.skewness_smk_method_2_both" name="simple_skewness_method_2_both_on_PM_BMI_CONTINUOUS"/>
    <testcase time="0.00199999999995271" classname="ds.skewness_smk_method_2_both" name="simple_skewness_method_2_both_on_PM_BMI_CONTINUOUS"/>
    <testcase time="0.000999999999748979" classname="ds.skewness_smk_method_2_both" name="simple_skewness_method_2_both_on_PM_BMI_CONTINUOUS"/>
    <testcase time="0.00199999999995271" classname="ds.skewness_smk_method_2_both" name="simple_skewness_method_2_both_on_PM_BMI_CONTINUOUS"/>
    <testcase time="0.00100000000020373" classname="ds.skewness_smk_method_2_both" name="simple_skewness_method_2_both_on_PM_BMI_CONTINUOUS"/>
    <testcase time="0.00199999999995271" classname="ds.skewness_smk_method_2_both" name="simple_skewness_method_2_both_on_PM_BMI_CONTINUOUS"/>
    <testcase time="0.00100000000020373" classname="ds.skewness_smk_method_2_both" name="simple_skewness_method_2_both_on_PM_BMI_CONTINUOUS"/>
    <testcase time="0.00199999999995271" classname="ds.skewness_smk_method_2_both" name="simple_skewness_method_2_both_on_PM_BMI_CONTINUOUS"/>
    <testcase time="0.00199999999995271" classname="ds.skewness_smk_method_2_both" name="simple_skewness_method_2_both_on_PM_BMI_CONTINUOUS"/>
    <testcase time="0.000999999999748979" classname="ds.skewness_smk_method_2_both" name="simple_skewness_method_2_both_on_PM_BMI_CONTINUOUS"/>
    <testcase time="0.00200000000040745" classname="ds.skewness_smk_method_2_both" name="simple_skewness_method_2_both_on_PM_BMI_CONTINUOUS"/>
    <testcase time="0.00199999999995271" classname="ds.skewness_smk_method_2_both" name="simple_skewness_method_2_both_on_PM_BMI_CONTINUOUS"/>
    <testcase time="0.000999999999748979" classname="ds.skewness_smk_method_2_both" name="simple_skewness_method_2_both_on_PM_BMI_CONTINUOUS"/>
    <testcase time="0.00199999999995271" classname="ds.skewness_smk_method_2_both" name="simple_skewness_method_2_both_on_PM_BMI_CONTINUOUS"/>
    <testcase time="0.00100000000020373" classname="ds.skewness_smk_method_2_both" name="simple_skewness_method_2_both_on_PM_BMI_CONTINUOUS"/>
  </testsuite>
  <testsuite name="ds.skewness::smk::method 3::split" timestamp="2025-09-19T12:19:34Z" hostname="runnervmf4ws1" tests="70" skipped="0" failures="0" errors="0" time="0.645">
    <testcase time="0.112999999999829" classname="ds.skewness_smk_method_3_split" name="simple_skewness_method_3_split_on_LAB_TSC"/>
    <testcase time="0.00100000000020373" classname="ds.skewness_smk_method_3_split" name="simple_skewness_method_3_split_on_LAB_TSC"/>
    <testcase time="0.00100000000020373" classname="ds.skewness_smk_method_3_split" name="simple_skewness_method_3_split_on_LAB_TSC"/>
    <testcase time="0.000999999999748979" classname="ds.skewness_smk_method_3_split" name="simple_skewness_method_3_split_on_LAB_TSC"/>
    <testcase time="0.00100000000020373" classname="ds.skewness_smk_method_3_split" name="simple_skewness_method_3_split_on_LAB_TSC"/>
    <testcase time="0.00199999999995271" classname="ds.skewness_smk_method_3_split" name="simple_skewness_method_3_split_on_LAB_TSC"/>
    <testcase time="0.00100000000020373" classname="ds.skewness_smk_method_3_split" name="simple_skewness_method_3_split_on_LAB_TSC"/>
    <testcase time="0.000999999999748979" classname="ds.skewness_smk_method_3_split" name="simple_skewness_method_3_split_on_LAB_TSC"/>
    <testcase time="0.00100000000020373" classname="ds.skewness_smk_method_3_split" name="simple_skewness_method_3_split_on_LAB_TSC"/>
    <testcase time="0.000999999999748979" classname="ds.skewness_smk_method_3_split" name="simple_skewness_method_3_split_on_LAB_TSC"/>
    <testcase time="0.00199999999995271" classname="ds.skewness_smk_method_3_split" name="simple_skewness_method_3_split_on_LAB_TSC"/>
    <testcase time="0.00100000000020373" classname="ds.skewness_smk_method_3_split" name="simple_skewness_method_3_split_on_LAB_TSC"/>
    <testcase time="0.00100000000020373" classname="ds.skewness_smk_method_3_split" name="simple_skewness_method_3_split_on_LAB_TSC"/>
    <testcase time="0.000999999999748979" classname="ds.skewness_smk_method_3_split" name="simple_skewness_method_3_split_on_LAB_TSC"/>
    <testcase time="0.114000000000033" classname="ds.skewness_smk_method_3_split" name="simple_skewness_method_3_split_on_LAB_TRIG"/>
    <testcase time="0.00100000000020373" classname="ds.skewness_smk_method_3_split" name="simple_skewness_method_3_split_on_LAB_TRIG"/>
    <testcase time="0.000999999999748979" classname="ds.skewness_smk_method_3_split" name="simple_skewness_method_3_split_on_LAB_TRIG"/>
    <testcase time="0.00100000000020373" classname="ds.skewness_smk_method_3_split" name="simple_skewness_method_3_split_on_LAB_TRIG"/>
    <testcase time="0.00199999999995271" classname="ds.skewness_smk_method_3_split" name="simple_skewness_method_3_split_on_LAB_TRIG"/>
    <testcase time="0.000999999999748979" classname="ds.skewness_smk_method_3_split" name="simple_skewness_method_3_split_on_LAB_TRIG"/>
    <testcase time="0.00100000000020373" classname="ds.skewness_smk_method_3_split" name="simple_skewness_method_3_split_on_LAB_TRIG"/>
    <testcase time="0.00199999999995271" classname="ds.skewness_smk_method_3_split" name="simple_skewness_method_3_split_on_LAB_TRIG"/>
    <testcase time="0.00100000000020373" classname="ds.skewness_smk_method_3_split" name="simple_skewness_method_3_split_on_LAB_TRIG"/>
    <testcase time="0.000999999999748979" classname="ds.skewness_smk_method_3_split" name="simple_skewness_method_3_split_on_LAB_TRIG"/>
    <testcase time="0.00100000000020373" classname="ds.skewness_smk_method_3_split" name="simple_skewness_method_3_split_on_LAB_TRIG"/>
    <testcase time="0.00199999999995271" classname="ds.skewness_smk_method_3_split" name="simple_skewness_method_3_split_on_LAB_TRIG"/>
    <testcase time="0.000999999999748979" classname="ds.skewness_smk_method_3_split" name="simple_skewness_method_3_split_on_LAB_TRIG"/>
    <testcase time="0.00100000000020373" classname="ds.skewness_smk_method_3_split" name="simple_skewness_method_3_split_on_LAB_TRIG"/>
    <testcase time="0.103999999999814" classname="ds.skewness_smk_method_3_split" name="simple_skewness_method_3_split_on_LAB_HDL"/>
    <testcase time="0.00100000000020373" classname="ds.skewness_smk_method_3_split" name="simple_skewness_method_3_split_on_LAB_HDL"/>
    <testcase time="0.000999999999748979" classname="ds.skewness_smk_method_3_split" name="simple_skewness_method_3_split_on_LAB_HDL"/>
    <testcase time="0.000999999999748979" classname="ds.skewness_smk_method_3_split" name="simple_skewness_method_3_split_on_LAB_HDL"/>
    <testcase time="0.00100000000020373" classname="ds.skewness_smk_method_3_split" name="simple_skewness_method_3_split_on_LAB_HDL"/>
    <testcase time="0.00199999999995271" classname="ds.skewness_smk_method_3_split" name="simple_skewness_method_3_split_on_LAB_HDL"/>
    <testcase time="0.00100000000020373" classname="ds.skewness_smk_method_3_split" name="simple_skewness_method_3_split_on_LAB_HDL"/>
    <testcase time="0.000999999999748979" classname="ds.skewness_smk_method_3_split" name="simple_skewness_method_3_split_on_LAB_HDL"/>
    <testcase time="0.00100000000020373" classname="ds.skewness_smk_method_3_split" name="simple_skewness_method_3_split_on_LAB_HDL"/>
    <testcase time="0.00199999999995271" classname="ds.skewness_smk_method_3_split" name="simple_skewness_method_3_split_on_LAB_HDL"/>
    <testcase time="0.000999999999748979" classname="ds.skewness_smk_method_3_split" name="simple_skewness_method_3_split_on_LAB_HDL"/>
    <testcase time="0.00100000000020373" classname="ds.skewness_smk_method_3_split" name="simple_skewness_method_3_split_on_LAB_HDL"/>
    <testcase time="0.00199999999995271" classname="ds.skewness_smk_method_3_split" name="simple_skewness_method_3_split_on_LAB_HDL"/>
    <testcase time="0.00100000000020373" classname="ds.skewness_smk_method_3_split" name="simple_skewness_method_3_split_on_LAB_HDL"/>
    <testcase time="0.106999999999971" classname="ds.skewness_smk_method_3_split" name="simple_skewness_method_3_split_on_LAB_GLUC_ADJUSTED"/>
    <testcase time="0.00199999999995271" classname="ds.skewness_smk_method_3_split" name="simple_skewness_method_3_split_on_LAB_GLUC_ADJUSTED"/>
    <testcase time="0.000999999999748979" classname="ds.skewness_smk_method_3_split" name="simple_skewness_method_3_split_on_LAB_GLUC_ADJUSTED"/>
    <testcase time="0.00199999999995271" classname="ds.skewness_smk_method_3_split" name="simple_skewness_method_3_split_on_LAB_GLUC_ADJUSTED"/>
    <testcase time="0.00100000000020373" classname="ds.skewness_smk_method_3_split" name="simple_skewness_method_3_split_on_LAB_GLUC_ADJUSTED"/>
    <testcase time="0.00100000000020373" classname="ds.skewness_smk_method_3_split" name="simple_skewness_method_3_split_on_LAB_GLUC_ADJUSTED"/>
    <testcase time="0.00199999999995271" classname="ds.skewness_smk_method_3_split" name="simple_skewness_method_3_split_on_LAB_GLUC_ADJUSTED"/>
    <testcase time="0.000999999999748979" classname="ds.skewness_smk_method_3_split" name="simple_skewness_method_3_split_on_LAB_GLUC_ADJUSTED"/>
    <testcase time="0.00199999999995271" classname="ds.skewness_smk_method_3_split" name="simple_skewness_method_3_split_on_LAB_GLUC_ADJUSTED"/>
    <testcase time="0.00100000000020373" classname="ds.skewness_smk_method_3_split" name="simple_skewness_method_3_split_on_LAB_GLUC_ADJUSTED"/>
    <testcase time="0.000999999999748979" classname="ds.skewness_smk_method_3_split" name="simple_skewness_method_3_split_on_LAB_GLUC_ADJUSTED"/>
    <testcase time="0.00200000000040745" classname="ds.skewness_smk_method_3_split" name="simple_skewness_method_3_split_on_LAB_GLUC_ADJUSTED"/>
    <testcase time="0.000999999999748979" classname="ds.skewness_smk_method_3_split" name="simple_skewness_method_3_split_on_LAB_GLUC_ADJUSTED"/>
    <testcase time="0.00100000000020373" classname="ds.skewness_smk_method_3_split" name="simple_skewness_method_3_split_on_LAB_GLUC_ADJUSTED"/>
    <testcase time="0.103999999999814" classname="ds.skewness_smk_method_3_split" name="simple_skewness_method_3_split_on_PM_BMI_CONTINUOUS"/>
    <testcase time="0.00199999999995271" classname="ds.skewness_smk_method_3_split" name="simple_skewness_method_3_split_on_PM_BMI_CONTINUOUS"/>
    <testcase time="0.00100000000020373" classname="ds.skewness_smk_method_3_split" name="simple_skewness_method_3_split_on_PM_BMI_CONTINUOUS"/>
    <testcase time="0.00199999999995271" classname="ds.skewness_smk_method_3_split" name="simple_skewness_method_3_split_on_PM_BMI_CONTINUOUS"/>
    <testcase time="0.000999999999748979" classname="ds.skewness_smk_method_3_split" name="simple_skewness_method_3_split_on_PM_BMI_CONTINUOUS"/>
    <testcase time="0.00199999999995271" classname="ds.skewness_smk_method_3_split" name="simple_skewness_method_3_split_on_PM_BMI_CONTINUOUS"/>
    <testcase time="0.00100000000020373" classname="ds.skewness_smk_method_3_split" name="simple_skewness_method_3_split_on_PM_BMI_CONTINUOUS"/>
    <testcase time="0.00100000000020373" classname="ds.skewness_smk_method_3_split" name="simple_skewness_method_3_split_on_PM_BMI_CONTINUOUS"/>
    <testcase time="0.00199999999995271" classname="ds.skewness_smk_method_3_split" name="simple_skewness_method_3_split_on_PM_BMI_CONTINUOUS"/>
    <testcase time="0.000999999999748979" classname="ds.skewness_smk_method_3_split" name="simple_skewness_method_3_split_on_PM_BMI_CONTINUOUS"/>
    <testcase time="0.00199999999995271" classname="ds.skewness_smk_method_3_split" name="simple_skewness_method_3_split_on_PM_BMI_CONTINUOUS"/>
    <testcase time="0.00100000000020373" classname="ds.skewness_smk_method_3_split" name="simple_skewness_method_3_split_on_PM_BMI_CONTINUOUS"/>
    <testcase time="0.00199999999995271" classname="ds.skewness_smk_method_3_split" name="simple_skewness_method_3_split_on_PM_BMI_CONTINUOUS"/>
    <testcase time="0.0199999999999818" classname="ds.skewness_smk_method_3_split" name="simple_skewness_method_3_split_on_PM_BMI_CONTINUOUS"/>
  </testsuite>
  <testsuite name="ds.skewness::smk::method 3::combine" timestamp="2025-09-19T12:19:34Z" hostname="runnervmf4ws1" tests="40" skipped="0" failures="0" errors="0" time="0.793">
    <testcase time="0.152000000000044" classname="ds.skewness_smk_method_3_combine" name="simple_skewness_combine_on_LAB_TSC"/>
    <testcase time="0.000999999999748979" classname="ds.skewness_smk_method_3_combine" name="simple_skewness_combine_on_LAB_TSC"/>
    <testcase time="0.00100000000020373" classname="ds.skewness_smk_method_3_combine" name="simple_skewness_combine_on_LAB_TSC"/>
    <testcase time="0.00199999999995271" classname="ds.skewness_smk_method_3_combine" name="simple_skewness_combine_on_LAB_TSC"/>
    <testcase time="0.00100000000020373" classname="ds.skewness_smk_method_3_combine" name="simple_skewness_combine_on_LAB_TSC"/>
    <testcase time="0.000999999999748979" classname="ds.skewness_smk_method_3_combine" name="simple_skewness_combine_on_LAB_TSC"/>
    <testcase time="0.00100000000020373" classname="ds.skewness_smk_method_3_combine" name="simple_skewness_combine_on_LAB_TSC"/>
    <testcase time="0.000999999999748979" classname="ds.skewness_smk_method_3_combine" name="simple_skewness_combine_on_LAB_TSC"/>
    <testcase time="0.144999999999982" classname="ds.skewness_smk_method_3_combine" name="simple_skewness_method_3_combine_on_LAB_TRIG"/>
    <testcase time="0.00100000000020373" classname="ds.skewness_smk_method_3_combine" name="simple_skewness_method_3_combine_on_LAB_TRIG"/>
    <testcase time="0.000999999999748979" classname="ds.skewness_smk_method_3_combine" name="simple_skewness_method_3_combine_on_LAB_TRIG"/>
    <testcase time="0.00200000000040745" classname="ds.skewness_smk_method_3_combine" name="simple_skewness_method_3_combine_on_LAB_TRIG"/>
    <testcase time="0.000999999999748979" classname="ds.skewness_smk_method_3_combine" name="simple_skewness_method_3_combine_on_LAB_TRIG"/>
    <testcase time="0.00100000000020373" classname="ds.skewness_smk_method_3_combine" name="simple_skewness_method_3_combine_on_LAB_TRIG"/>
    <testcase time="0.000999999999748979" classname="ds.skewness_smk_method_3_combine" name="simple_skewness_method_3_combine_on_LAB_TRIG"/>
    <testcase time="0.00199999999995271" classname="ds.skewness_smk_method_3_combine" name="simple_skewness_method_3_combine_on_LAB_TRIG"/>
    <testcase time="0.1550000000002" classname="ds.skewness_smk_method_3_combine" name="simple_skewness_method_3_combine_on_LAB_HDL"/>
    <testcase time="0.000999999999748979" classname="ds.skewness_smk_method_3_combine" name="simple_skewness_method_3_combine_on_LAB_HDL"/>
    <testcase time="0.00100000000020373" classname="ds.skewness_smk_method_3_combine" name="simple_skewness_method_3_combine_on_LAB_HDL"/>
    <testcase time="0.00199999999995271" classname="ds.skewness_smk_method_3_combine" name="simple_skewness_method_3_combine_on_LAB_HDL"/>
    <testcase time="0.00100000000020373" classname="ds.skewness_smk_method_3_combine" name="simple_skewness_method_3_combine_on_LAB_HDL"/>
    <testcase time="0.000999999999748979" classname="ds.skewness_smk_method_3_combine" name="simple_skewness_method_3_combine_on_LAB_HDL"/>
    <testcase time="0.00100000000020373" classname="ds.skewness_smk_method_3_combine" name="simple_skewness_method_3_combine_on_LAB_HDL"/>
    <testcase time="0.00199999999995271" classname="ds.skewness_smk_method_3_combine" name="simple_skewness_method_3_combine_on_LAB_HDL"/>
    <testcase time="0.154999999999745" classname="ds.skewness_smk_method_3_combine" name="simple_skewness_method_3_combine_on_LAB_GLUC_ADJUSTED"/>
    <testcase time="0.00200000000040745" classname="ds.skewness_smk_method_3_combine" name="simple_skewness_method_3_combine_on_LAB_GLUC_ADJUSTED"/>
    <testcase time="0.000999999999748979" classname="ds.skewness_smk_method_3_combine" name="simple_skewness_method_3_combine_on_LAB_GLUC_ADJUSTED"/>
    <testcase time="0.00100000000020373" classname="ds.skewness_smk_method_3_combine" name="simple_skewness_method_3_combine_on_LAB_GLUC_ADJUSTED"/>
    <testcase time="0.00199999999995271" classname="ds.skewness_smk_method_3_combine" name="simple_skewness_method_3_combine_on_LAB_GLUC_ADJUSTED"/>
    <testcase time="0.000999999999748979" classname="ds.skewness_smk_method_3_combine" name="simple_skewness_method_3_combine_on_LAB_GLUC_ADJUSTED"/>
    <testcase time="0.00100000000020373" classname="ds.skewness_smk_method_3_combine" name="simple_skewness_method_3_combine_on_LAB_GLUC_ADJUSTED"/>
    <testcase time="0.000999999999748979" classname="ds.skewness_smk_method_3_combine" name="simple_skewness_method_3_combine_on_LAB_GLUC_ADJUSTED"/>
    <testcase time="0.14200000000028" classname="ds.skewness_smk_method_3_combine" name="simple_skewness_method_3_combine_on_PM_BMI_CONTINUOUS"/>
    <testcase time="0.000999999999748979" classname="ds.skewness_smk_method_3_combine" name="simple_skewness_method_3_combine_on_PM_BMI_CONTINUOUS"/>
    <testcase time="0.00100000000020373" classname="ds.skewness_smk_method_3_combine" name="simple_skewness_method_3_combine_on_PM_BMI_CONTINUOUS"/>
    <testcase time="0.00199999999995271" classname="ds.skewness_smk_method_3_combine" name="simple_skewness_method_3_combine_on_PM_BMI_CONTINUOUS"/>
    <testcase time="0.00100000000020373" classname="ds.skewness_smk_method_3_combine" name="simple_skewness_method_3_combine_on_PM_BMI_CONTINUOUS"/>
    <testcase time="0.000999999999748979" classname="ds.skewness_smk_method_3_combine" name="simple_skewness_method_3_combine_on_PM_BMI_CONTINUOUS"/>
    <testcase time="0.00199999999995271" classname="ds.skewness_smk_method_3_combine" name="simple_skewness_method_3_combine_on_PM_BMI_CONTINUOUS"/>
    <testcase time="0.00100000000020373" classname="ds.skewness_smk_method_3_combine" name="simple_skewness_method_3_combine_on_PM_BMI_CONTINUOUS"/>
  </testsuite>
  <testsuite name="ds.skewness::smk::method 3::both" timestamp="2025-09-19T12:19:35Z" hostname="runnervmf4ws1" tests="110" skipped="0" failures="0" errors="0" time="1.094">
    <testcase time="0.188000000000102" classname="ds.skewness_smk_method_3_both" name="simple_skewness_both_on_LAB_TSC"/>
    <testcase time="0.000999999999748979" classname="ds.skewness_smk_method_3_both" name="simple_skewness_both_on_LAB_TSC"/>
    <testcase time="0.00199999999995271" classname="ds.skewness_smk_method_3_both" name="simple_skewness_both_on_LAB_TSC"/>
    <testcase time="0.00100000000020373" classname="ds.skewness_smk_method_3_both" name="simple_skewness_both_on_LAB_TSC"/>
    <testcase time="0.000999999999748979" classname="ds.skewness_smk_method_3_both" name="simple_skewness_both_on_LAB_TSC"/>
    <testcase time="0.00100000000020373" classname="ds.skewness_smk_method_3_both" name="simple_skewness_both_on_LAB_TSC"/>
    <testcase time="0.00199999999995271" classname="ds.skewness_smk_method_3_both" name="simple_skewness_both_on_LAB_TSC"/>
    <testcase time="0.00100000000020373" classname="ds.skewness_smk_method_3_both" name="simple_skewness_both_on_LAB_TSC"/>
    <testcase time="0.000999999999748979" classname="ds.skewness_smk_method_3_both" name="simple_skewness_both_on_LAB_TSC"/>
    <testcase time="0.00199999999995271" classname="ds.skewness_smk_method_3_both" name="simple_skewness_both_on_LAB_TSC"/>
    <testcase time="0.00199999999995271" classname="ds.skewness_smk_method_3_both" name="simple_skewness_both_on_LAB_TSC"/>
    <testcase time="0.00100000000020373" classname="ds.skewness_smk_method_3_both" name="simple_skewness_both_on_LAB_TSC"/>
    <testcase time="0.00199999999995271" classname="ds.skewness_smk_method_3_both" name="simple_skewness_both_on_LAB_TSC"/>
    <testcase time="0.000999999999748979" classname="ds.skewness_smk_method_3_both" name="simple_skewness_both_on_LAB_TSC"/>
    <testcase time="0.00100000000020373" classname="ds.skewness_smk_method_3_both" name="simple_skewness_both_on_LAB_TSC"/>
    <testcase time="0.00100000000020373" classname="ds.skewness_smk_method_3_both" name="simple_skewness_both_on_LAB_TSC"/>
    <testcase time="0.000999999999748979" classname="ds.skewness_smk_method_3_both" name="simple_skewness_both_on_LAB_TSC"/>
    <testcase time="0.00199999999995271" classname="ds.skewness_smk_method_3_both" name="simple_skewness_both_on_LAB_TSC"/>
    <testcase time="0.00100000000020373" classname="ds.skewness_smk_method_3_both" name="simple_skewness_both_on_LAB_TSC"/>
    <testcase time="0.000999999999748979" classname="ds.skewness_smk_method_3_both" name="simple_skewness_both_on_LAB_TSC"/>
    <testcase time="0.00100000000020373" classname="ds.skewness_smk_method_3_both" name="simple_skewness_both_on_LAB_TSC"/>
    <testcase time="0.00900000000001455" classname="ds.skewness_smk_method_3_both" name="simple_skewness_both_on_LAB_TSC"/>
    <testcase time="0.181999999999789" classname="ds.skewness_smk_method_3_both" name="simple_skewness_method_3_both_on_LAB_TRIG"/>
    <testcase time="0.00199999999995271" classname="ds.skewness_smk_method_3_both" name="simple_skewness_method_3_both_on_LAB_TRIG"/>
    <testcase time="0.00100000000020373" classname="ds.skewness_smk_method_3_both" name="simple_skewness_method_3_both_on_LAB_TRIG"/>
    <testcase time="0.00100000000020373" classname="ds.skewness_smk_method_3_both" name="simple_skewness_method_3_both_on_LAB_TRIG"/>
    <testcase time="0.00199999999995271" classname="ds.skewness_smk_method_3_both" name="simple_skewness_method_3_both_on_LAB_TRIG"/>
    <testcase time="0.000999999999748979" classname="ds.skewness_smk_method_3_both" name="simple_skewness_method_3_both_on_LAB_TRIG"/>
    <testcase time="0.00199999999995271" classname="ds.skewness_smk_method_3_both" name="simple_skewness_method_3_both_on_LAB_TRIG"/>
    <testcase time="0.00100000000020373" classname="ds.skewness_smk_method_3_both" name="simple_skewness_method_3_both_on_LAB_TRIG"/>
    <testcase time="0.000999999999748979" classname="ds.skewness_smk_method_3_both" name="simple_skewness_method_3_both_on_LAB_TRIG"/>
    <testcase time="0.00100000000020373" classname="ds.skewness_smk_method_3_both" name="simple_skewness_method_3_both_on_LAB_TRIG"/>
    <testcase time="0.00199999999995271" classname="ds.skewness_smk_method_3_both" name="simple_skewness_method_3_both_on_LAB_TRIG"/>
    <testcase time="0.00100000000020373" classname="ds.skewness_smk_method_3_both" name="simple_skewness_method_3_both_on_LAB_TRIG"/>
    <testcase time="0.000999999999748979" classname="ds.skewness_smk_method_3_both" name="simple_skewness_method_3_both_on_LAB_TRIG"/>
    <testcase time="0.00199999999995271" classname="ds.skewness_smk_method_3_both" name="simple_skewness_method_3_both_on_LAB_TRIG"/>
    <testcase time="0.00100000000020373" classname="ds.skewness_smk_method_3_both" name="simple_skewness_method_3_both_on_LAB_TRIG"/>
    <testcase time="0.000999999999748979" classname="ds.skewness_smk_method_3_both" name="simple_skewness_method_3_both_on_LAB_TRIG"/>
    <testcase time="0.00100000000020373" classname="ds.skewness_smk_method_3_both" name="simple_skewness_method_3_both_on_LAB_TRIG"/>
    <testcase time="0.00199999999995271" classname="ds.skewness_smk_method_3_both" name="simple_skewness_method_3_both_on_LAB_TRIG"/>
    <testcase time="0.00100000000020373" classname="ds.skewness_smk_method_3_both" name="simple_skewness_method_3_both_on_LAB_TRIG"/>
    <testcase time="0.000999999999748979" classname="ds.skewness_smk_method_3_both" name="simple_skewness_method_3_both_on_LAB_TRIG"/>
    <testcase time="0.00100000000020373" classname="ds.skewness_smk_method_3_both" name="simple_skewness_method_3_both_on_LAB_TRIG"/>
    <testcase time="0.00199999999995271" classname="ds.skewness_smk_method_3_both" name="simple_skewness_method_3_both_on_LAB_TRIG"/>
    <testcase time="0.186999999999898" classname="ds.skewness_smk_method_3_both" name="simple_skewness_method_3_both_on_LAB_HDL"/>
    <testcase time="0.00199999999995271" classname="ds.skewness_smk_method_3_both" name="simple_skewness_method_3_both_on_LAB_HDL"/>
    <testcase time="0.00100000000020373" classname="ds.skewness_smk_method_3_both" name="simple_skewness_method_3_both_on_LAB_HDL"/>
    <testcase time="0.000999999999748979" classname="ds.skewness_smk_method_3_both" name="simple_skewness_method_3_both_on_LAB_HDL"/>
    <testcase time="0.00199999999995271" classname="ds.skewness_smk_method_3_both" name="simple_skewness_method_3_both_on_LAB_HDL"/>
    <testcase time="0.00100000000020373" classname="ds.skewness_smk_method_3_both" name="simple_skewness_method_3_both_on_LAB_HDL"/>
    <testcase time="0.00199999999995271" classname="ds.skewness_smk_method_3_both" name="simple_skewness_method_3_both_on_LAB_HDL"/>
    <testcase time="0.00100000000020373" classname="ds.skewness_smk_method_3_both" name="simple_skewness_method_3_both_on_LAB_HDL"/>
    <testcase time="0.000999999999748979" classname="ds.skewness_smk_method_3_both" name="simple_skewness_method_3_both_on_LAB_HDL"/>
    <testcase time="0.00199999999995271" classname="ds.skewness_smk_method_3_both" name="simple_skewness_method_3_both_on_LAB_HDL"/>
    <testcase time="0.00100000000020373" classname="ds.skewness_smk_method_3_both" name="simple_skewness_method_3_both_on_LAB_HDL"/>
    <testcase time="0.000999999999748979" classname="ds.skewness_smk_method_3_both" name="simple_skewness_method_3_both_on_LAB_HDL"/>
    <testcase time="0.00199999999995271" classname="ds.skewness_smk_method_3_both" name="simple_skewness_method_3_both_on_LAB_HDL"/>
    <testcase time="0.00100000000020373" classname="ds.skewness_smk_method_3_both" name="simple_skewness_method_3_both_on_LAB_HDL"/>
    <testcase time="0.00199999999995271" classname="ds.skewness_smk_method_3_both" name="simple_skewness_method_3_both_on_LAB_HDL"/>
    <testcase time="0.00100000000020373" classname="ds.skewness_smk_method_3_both" name="simple_skewness_method_3_both_on_LAB_HDL"/>
    <testcase time="0.000999999999748979" classname="ds.skewness_smk_method_3_both" name="simple_skewness_method_3_both_on_LAB_HDL"/>
    <testcase time="0.00199999999995271" classname="ds.skewness_smk_method_3_both" name="simple_skewness_method_3_both_on_LAB_HDL"/>
    <testcase time="0.00100000000020373" classname="ds.skewness_smk_method_3_both" name="simple_skewness_method_3_both_on_LAB_HDL"/>
    <testcase time="0.00199999999995271" classname="ds.skewness_smk_method_3_both" name="simple_skewness_method_3_both_on_LAB_HDL"/>
    <testcase time="0.000999999999748979" classname="ds.skewness_smk_method_3_both" name="simple_skewness_method_3_both_on_LAB_HDL"/>
    <testcase time="0.00100000000020373" classname="ds.skewness_smk_method_3_both" name="simple_skewness_method_3_both_on_LAB_HDL"/>
    <testcase time="0.197999999999865" classname="ds.skewness_smk_method_3_both" name="simple_skewness_method_3_both_on_LAB_GLUC_ADJUSTED"/>
    <testcase time="0.00199999999995271" classname="ds.skewness_smk_method_3_both" name="simple_skewness_method_3_both_on_LAB_GLUC_ADJUSTED"/>
    <testcase time="0.00100000000020373" classname="ds.skewness_smk_method_3_both" name="simple_skewness_method_3_both_on_LAB_GLUC_ADJUSTED"/>
    <testcase time="0.00199999999995271" classname="ds.skewness_smk_method_3_both" name="simple_skewness_method_3_both_on_LAB_GLUC_ADJUSTED"/>
    <testcase time="0.00100000000020373" classname="ds.skewness_smk_method_3_both" name="simple_skewness_method_3_both_on_LAB_GLUC_ADJUSTED"/>
    <testcase time="0.00199999999995271" classname="ds.skewness_smk_method_3_both" name="simple_skewness_method_3_both_on_LAB_GLUC_ADJUSTED"/>
    <testcase time="0.000999999999748979" classname="ds.skewness_smk_method_3_both" name="simple_skewness_method_3_both_on_LAB_GLUC_ADJUSTED"/>
    <testcase time="0.00100000000020373" classname="ds.skewness_smk_method_3_both" name="simple_skewness_method_3_both_on_LAB_GLUC_ADJUSTED"/>
    <testcase time="0.00100000000020373" classname="ds.skewness_smk_method_3_both" name="simple_skewness_method_3_both_on_LAB_GLUC_ADJUSTED"/>
    <testcase time="0.000999999999748979" classname="ds.skewness_smk_method_3_both" name="simple_skewness_method_3_both_on_LAB_GLUC_ADJUSTED"/>
    <testcase time="0.00200000000040745" classname="ds.skewness_smk_method_3_both" name="simple_skewness_method_3_both_on_LAB_GLUC_ADJUSTED"/>
    <testcase time="0.000999999999748979" classname="ds.skewness_smk_method_3_both" name="simple_skewness_method_3_both_on_LAB_GLUC_ADJUSTED"/>
    <testcase time="0.00199999999995271" classname="ds.skewness_smk_method_3_both" name="simple_skewness_method_3_both_on_LAB_GLUC_ADJUSTED"/>
    <testcase time="0.00100000000020373" classname="ds.skewness_smk_method_3_both" name="simple_skewness_method_3_both_on_LAB_GLUC_ADJUSTED"/>
    <testcase time="0.00199999999995271" classname="ds.skewness_smk_method_3_both" name="simple_skewness_method_3_both_on_LAB_GLUC_ADJUSTED"/>
    <testcase time="0.000999999999748979" classname="ds.skewness_smk_method_3_both" name="simple_skewness_method_3_both_on_LAB_GLUC_ADJUSTED"/>
    <testcase time="0.00100000000020373" classname="ds.skewness_smk_method_3_both" name="simple_skewness_method_3_both_on_LAB_GLUC_ADJUSTED"/>
    <testcase time="0.00199999999995271" classname="ds.skewness_smk_method_3_both" name="simple_skewness_method_3_both_on_LAB_GLUC_ADJUSTED"/>
    <testcase time="0.00100000000020373" classname="ds.skewness_smk_method_3_both" name="simple_skewness_method_3_both_on_LAB_GLUC_ADJUSTED"/>
    <testcase time="0.00199999999995271" classname="ds.skewness_smk_method_3_both" name="simple_skewness_method_3_both_on_LAB_GLUC_ADJUSTED"/>
    <testcase time="0.000999999999748979" classname="ds.skewness_smk_method_3_both" name="simple_skewness_method_3_both_on_LAB_GLUC_ADJUSTED"/>
    <testcase time="0.00199999999995271" classname="ds.skewness_smk_method_3_both" name="simple_skewness_method_3_both_on_LAB_GLUC_ADJUSTED"/>
    <testcase time="0.1850000000004" classname="ds.skewness_smk_method_3_both" name="simple_skewness_method_3_both_on_PM_BMI_CONTINUOUS"/>
    <testcase time="0.00199999999995271" classname="ds.skewness_smk_method_3_both" name="simple_skewness_method_3_both_on_PM_BMI_CONTINUOUS"/>
    <testcase time="0.000999999999748979" classname="ds.skewness_smk_method_3_both" name="simple_skewness_method_3_both_on_PM_BMI_CONTINUOUS"/>
    <testcase time="0.00199999999995271" classname="ds.skewness_smk_method_3_both" name="simple_skewness_method_3_both_on_PM_BMI_CONTINUOUS"/>
    <testcase time="0.00100000000020373" classname="ds.skewness_smk_method_3_both" name="simple_skewness_method_3_both_on_PM_BMI_CONTINUOUS"/>
    <testcase time="0.00199999999995271" classname="ds.skewness_smk_method_3_both" name="simple_skewness_method_3_both_on_PM_BMI_CONTINUOUS"/>
    <testcase time="0.00199999999995271" classname="ds.skewness_smk_method_3_both" name="simple_skewness_method_3_both_on_PM_BMI_CONTINUOUS"/>
    <testcase time="0.00100000000020373" classname="ds.skewness_smk_method_3_both" name="simple_skewness_method_3_both_on_PM_BMI_CONTINUOUS"/>
    <testcase time="0.00199999999995271" classname="ds.skewness_smk_method_3_both" name="simple_skewness_method_3_both_on_PM_BMI_CONTINUOUS"/>
    <testcase time="0.000999999999748979" classname="ds.skewness_smk_method_3_both" name="simple_skewness_method_3_both_on_PM_BMI_CONTINUOUS"/>
    <testcase time="0.00199999999995271" classname="ds.skewness_smk_method_3_both" name="simple_skewness_method_3_both_on_PM_BMI_CONTINUOUS"/>
    <testcase time="0.00100000000020373" classname="ds.skewness_smk_method_3_both" name="simple_skewness_method_3_both_on_PM_BMI_CONTINUOUS"/>
    <testcase time="0.00199999999995271" classname="ds.skewness_smk_method_3_both" name="simple_skewness_method_3_both_on_PM_BMI_CONTINUOUS"/>
    <testcase time="0.00100000000020373" classname="ds.skewness_smk_method_3_both" name="simple_skewness_method_3_both_on_PM_BMI_CONTINUOUS"/>
    <testcase time="0.00199999999995271" classname="ds.skewness_smk_method_3_both" name="simple_skewness_method_3_both_on_PM_BMI_CONTINUOUS"/>
    <testcase time="0.000999999999748979" classname="ds.skewness_smk_method_3_both" name="simple_skewness_method_3_both_on_PM_BMI_CONTINUOUS"/>
    <testcase time="0.00199999999995271" classname="ds.skewness_smk_method_3_both" name="simple_skewness_method_3_both_on_PM_BMI_CONTINUOUS"/>
    <testcase time="0.00100000000020373" classname="ds.skewness_smk_method_3_both" name="simple_skewness_method_3_both_on_PM_BMI_CONTINUOUS"/>
    <testcase time="0.00199999999995271" classname="ds.skewness_smk_method_3_both" name="simple_skewness_method_3_both_on_PM_BMI_CONTINUOUS"/>
    <testcase time="0.00100000000020373" classname="ds.skewness_smk_method_3_both" name="simple_skewness_method_3_both_on_PM_BMI_CONTINUOUS"/>
    <testcase time="0.00199999999995271" classname="ds.skewness_smk_method_3_both" name="simple_skewness_method_3_both_on_PM_BMI_CONTINUOUS"/>
    <testcase time="0.000999999999748979" classname="ds.skewness_smk_method_3_both" name="simple_skewness_method_3_both_on_PM_BMI_CONTINUOUS"/>
  </testsuite>
  <testsuite name="ds.skewness::smk::shutdown" timestamp="2025-09-19T12:19:36Z" hostname="runnervmf4ws1" tests="3" skipped="0" failures="0" errors="0" time="0.051">
    <testcase time="0.0489999999999782" classname="ds.skewness_smk_shutdown" name="shutdown"/>
    <testcase time="0.00100000000020373" classname="ds.skewness_smk_shutdown" name="shutdown"/>
    <testcase time="0.000999999999748979" classname="ds.skewness_smk_shutdown" name="shutdown"/>
  </testsuite>
  <testsuite name="ds.skewness::smk::done" timestamp="2025-09-19T12:19:36Z" hostname="runnervmf4ws1" tests="0" skipped="0" failures="0" errors="0" time="0"/>
  <testsuite name="smk-ds.sqrt" timestamp="2025-09-19T12:19:36Z" hostname="runnervmf4ws1" tests="0" skipped="0" failures="0" errors="0" time="0"/>
  <testsuite name="ds.sqrt::smk::setup" timestamp="2025-09-19T12:19:36Z" hostname="runnervmf4ws1" tests="3" skipped="0" failures="0" errors="0" time="7.55">
    <testcase time="7.54700000000003" classname="ds.sqrt_smk_setup" name="setup"/>
    <testcase time="0.00199999999995271" classname="ds.sqrt_smk_setup" name="setup"/>
    <testcase time="0.00100000000020373" classname="ds.sqrt_smk_setup" name="setup"/>
  </testsuite>
  <testsuite name="ds.sqrt::smk" timestamp="2025-09-19T12:19:44Z" hostname="runnervmf4ws1" tests="10" skipped="0" failures="0" errors="0" time="0.293">
    <testcase time="0.16399999999976" classname="ds.sqrt_smk" name="simple_c"/>
    <testcase time="0.0410000000001673" classname="ds.sqrt_smk" name="simple_c"/>
    <testcase time="0.00100000000020373" classname="ds.sqrt_smk" name="simple_c"/>
    <testcase time="0.000999999999748979" classname="ds.sqrt_smk" name="simple_c"/>
    <testcase time="0.00199999999995271" classname="ds.sqrt_smk" name="simple_c"/>
    <testcase time="0.00100000000020373" classname="ds.sqrt_smk" name="simple_c"/>
    <testcase time="0.0799999999999272" classname="ds.sqrt_smk" name="simple_c"/>
    <testcase time="0.00100000000020373" classname="ds.sqrt_smk" name="simple_c"/>
    <testcase time="0.000999999999748979" classname="ds.sqrt_smk" name="simple_c"/>
    <testcase time="0.00100000000020373" classname="ds.sqrt_smk" name="simple_c"/>
  </testsuite>
  <testsuite name="ds.sqrt::smk::shutdown" timestamp="2025-09-19T12:19:44Z" hostname="runnervmf4ws1" tests="3" skipped="0" failures="0" errors="0" time="0.051">
    <testcase time="0.0489999999999782" classname="ds.sqrt_smk_shutdown" name="setup"/>
    <testcase time="0.000999999999748979" classname="ds.sqrt_smk_shutdown" name="setup"/>
    <testcase time="0.00100000000020373" classname="ds.sqrt_smk_shutdown" name="setup"/>
  </testsuite>
  <testsuite name="ds.sqrt::smk::done" timestamp="2025-09-19T12:19:44Z" hostname="runnervmf4ws1" tests="0" skipped="0" failures="0" errors="0" time="0"/>
  <testsuite name="smk-ds.subset" timestamp="2025-09-19T12:19:44Z" hostname="runnervmf4ws1" tests="0" skipped="0" failures="0" errors="0" time="0"/>
  <testsuite name="ds.subset::smk::setup" timestamp="2025-09-19T12:19:44Z" hostname="runnervmf4ws1" tests="3" skipped="0" failures="0" errors="0" time="7.551">
    <testcase time="7.54899999999998" classname="ds.subset_smk_setup" name="setup"/>
    <testcase time="0.000999999999748979" classname="ds.subset_smk_setup" name="setup"/>
    <testcase time="0.00100000000020373" classname="ds.subset_smk_setup" name="setup"/>
  </testsuite>
  <testsuite name="ds.subset::smk::generate a subset of the assigned table (by default the table is named 'D') with the first 50 observations and the two first columns" timestamp="2025-09-19T12:19:52Z" hostname="runnervmf4ws1" tests="4" skipped="0" failures="0" errors="0" time="0.292">
    <testcase time="0.284000000000106" classname="ds.subset_smk_generate_a_subset_of_the_assigned_table_by_default_the_table_is_named_D_with_the_first_50_observations_and_the_two_first_columns" name="subD_exists"/>
    <testcase time="0.00199999999995271" classname="ds.subset_smk_generate_a_subset_of_the_assigned_table_by_default_the_table_is_named_D_with_the_first_50_observations_and_the_two_first_columns" name="subD_exists"/>
    <testcase time="0.00300000000015643" classname="ds.subset_smk_generate_a_subset_of_the_assigned_table_by_default_the_table_is_named_D_with_the_first_50_observations_and_the_two_first_columns" name="subD_exists"/>
    <testcase time="0.00299999999970169" classname="ds.subset_smk_generate_a_subset_of_the_assigned_table_by_default_the_table_is_named_D_with_the_first_50_observations_and_the_two_first_columns" name="subD_exists"/>
  </testsuite>
  <testsuite name="ds.subset::smk::generate a subset of the assigned table (by default the table is named 'D') with the first 50 observations and the two first columns referred to by their names" timestamp="2025-09-19T12:19:52Z" hostname="runnervmf4ws1" tests="4" skipped="0" failures="0" errors="0" time="0.226">
    <testcase time="0.218000000000302" classname="ds.subset_smk_generate_a_subset_of_the_assigned_table_by_default_the_table_is_named_D_with_the_first_50_observations_and_the_two_first_columns_referred_to_by_their_names" name="subD2_exists"/>
    <testcase time="0.00299999999970169" classname="ds.subset_smk_generate_a_subset_of_the_assigned_table_by_default_the_table_is_named_D_with_the_first_50_observations_and_the_two_first_columns_referred_to_by_their_names" name="subD2_exists"/>
    <testcase time="0.00300000000015643" classname="ds.subset_smk_generate_a_subset_of_the_assigned_table_by_default_the_table_is_named_D_with_the_first_50_observations_and_the_two_first_columns_referred_to_by_their_names" name="subD2_exists"/>
    <testcase time="0.00199999999995271" classname="ds.subset_smk_generate_a_subset_of_the_assigned_table_by_default_the_table_is_named_D_with_the_first_50_observations_and_the_two_first_columns_referred_to_by_their_names" name="subD2_exists"/>
  </testsuite>
  <testsuite name="ds.subset::smk::generate a subset of the table D with bmi values greater than or equal to 25." timestamp="2025-09-19T12:19:52Z" hostname="runnervmf4ws1" tests="4" skipped="0" failures="0" errors="0" time="0.179">
    <testcase time="0.170999999999822" classname="ds.subset_smk_generate_a_subset_of_the_table_D_with_bmi_values_greater_than_or_equal_to_25." name="subD3_exists"/>
    <testcase time="0.00300000000015643" classname="ds.subset_smk_generate_a_subset_of_the_table_D_with_bmi_values_greater_than_or_equal_to_25." name="subD3_exists"/>
    <testcase time="0.00300000000015643" classname="ds.subset_smk_generate_a_subset_of_the_table_D_with_bmi_values_greater_than_or_equal_to_25." name="subD3_exists"/>
    <testcase time="0.00199999999995271" classname="ds.subset_smk_generate_a_subset_of_the_table_D_with_bmi_values_greater_than_or_equal_to_25." name="subD3_exists"/>
  </testsuite>
  <testsuite name="ds.subset::smk::shutdown" timestamp="2025-09-19T12:19:52Z" hostname="runnervmf4ws1" tests="3" skipped="0" failures="0" errors="0" time="0.051">
    <testcase time="0.0479999999997744" classname="ds.subset_smk_shutdown" name="shutdown"/>
    <testcase time="0.00100000000020373" classname="ds.subset_smk_shutdown" name="shutdown"/>
    <testcase time="0.00199999999995271" classname="ds.subset_smk_shutdown" name="shutdown"/>
  </testsuite>
  <testsuite name="ds.subset::smk::done" timestamp="2025-09-19T12:19:53Z" hostname="runnervmf4ws1" tests="0" skipped="0" failures="0" errors="0" time="0"/>
  <testsuite name="smk-ds.subsetByClass" timestamp="2025-09-19T12:19:53Z" hostname="runnervmf4ws1" tests="0" skipped="0" failures="0" errors="0" time="0"/>
  <testsuite name="ds.subsetByClass::smk::setup" timestamp="2025-09-19T12:19:53Z" hostname="runnervmf4ws1" tests="3" skipped="0" failures="0" errors="0" time="7.539">
    <testcase time="7.53699999999981" classname="ds.subsetByClass_smk_setup" name="setup"/>
    <testcase time="0.00100000000020373" classname="ds.subsetByClass_smk_setup" name="setup"/>
    <testcase time="0.000999999999748979" classname="ds.subsetByClass_smk_setup" name="setup"/>
  </testsuite>
  <testsuite name="ds.subsetByClass::smk" timestamp="2025-09-19T12:20:00Z" hostname="runnervmf4ws1" tests="22" skipped="0" failures="0" errors="0" time="0.93">
    <testcase time="0.369000000000142" classname="ds.subsetByClass_smk" name="gender_implicit"/>
    <testcase time="0.0909999999998945" classname="ds.subsetByClass_smk" name="gender_implicit"/>
    <testcase time="0.00199999999995271" classname="ds.subsetByClass_smk" name="gender_implicit"/>
    <testcase time="0.00100000000020373" classname="ds.subsetByClass_smk" name="gender_implicit"/>
    <testcase time="0.00100000000020373" classname="ds.subsetByClass_smk" name="gender_implicit"/>
    <testcase time="0.000999999999748979" classname="ds.subsetByClass_smk" name="gender_implicit"/>
    <testcase time="0.00100000000020373" classname="ds.subsetByClass_smk" name="gender_implicit"/>
    <testcase time="0.00199999999995271" classname="ds.subsetByClass_smk" name="gender_implicit"/>
    <testcase time="0.000999999999748979" classname="ds.subsetByClass_smk" name="gender_implicit"/>
    <testcase time="0.00100000000020373" classname="ds.subsetByClass_smk" name="gender_implicit"/>
    <testcase time="0.000999999999748979" classname="ds.subsetByClass_smk" name="gender_implicit"/>
    <testcase time="0.359000000000378" classname="ds.subsetByClass_smk" name="gender_explicit"/>
    <testcase time="0.0879999999997381" classname="ds.subsetByClass_smk" name="gender_explicit"/>
    <testcase time="0.00199999999995271" classname="ds.subsetByClass_smk" name="gender_explicit"/>
    <testcase time="0.00100000000020373" classname="ds.subsetByClass_smk" name="gender_explicit"/>
    <testcase time="0.000999999999748979" classname="ds.subsetByClass_smk" name="gender_explicit"/>
    <testcase time="0.00100000000020373" classname="ds.subsetByClass_smk" name="gender_explicit"/>
    <testcase time="0.00199999999995271" classname="ds.subsetByClass_smk" name="gender_explicit"/>
    <testcase time="0.00100000000020373" classname="ds.subsetByClass_smk" name="gender_explicit"/>
    <testcase time="0.000999999999748979" classname="ds.subsetByClass_smk" name="gender_explicit"/>
    <testcase time="0.00100000000020373" classname="ds.subsetByClass_smk" name="gender_explicit"/>
    <testcase time="0.00199999999995271" classname="ds.subsetByClass_smk" name="gender_explicit"/>
  </testsuite>
  <testsuite name="ds.subsetByClass::smk::shutdown" timestamp="2025-09-19T12:20:01Z" hostname="runnervmf4ws1" tests="3" skipped="0" failures="0" errors="0" time="0.056">
    <testcase time="0.0540000000000873" classname="ds.subsetByClass_smk_shutdown" name="shutdown"/>
    <testcase time="0.000999999999748979" classname="ds.subsetByClass_smk_shutdown" name="shutdown"/>
    <testcase time="0.00100000000020373" classname="ds.subsetByClass_smk_shutdown" name="shutdown"/>
  </testsuite>
  <testsuite name="ds.subsetByClass::smk::done" timestamp="2025-09-19T12:20:01Z" hostname="runnervmf4ws1" tests="0" skipped="0" failures="0" errors="0" time="0"/>
  <testsuite name="smk-ds.summary" timestamp="2025-09-19T12:20:01Z" hostname="runnervmf4ws1" tests="0" skipped="0" failures="0" errors="0" time="0"/>
  <testsuite name="ds.summary::smk::setup" timestamp="2025-09-19T12:20:01Z" hostname="runnervmf4ws1" tests="3" skipped="0" failures="0" errors="0" time="7.609">
    <testcase time="7.60699999999997" classname="ds.summary_smk_setup" name="setup"/>
    <testcase time="0.000999999999748979" classname="ds.summary_smk_setup" name="setup"/>
    <testcase time="0.00100000000020373" classname="ds.summary_smk_setup" name="setup"/>
  </testsuite>
  <testsuite name="ds.summary::smk::summary of a dataframe variable" timestamp="2025-09-19T12:20:08Z" hostname="runnervmf4ws1" tests="13" skipped="0" failures="0" errors="0" time="0.22">
    <testcase time="0.199999999999818" classname="ds.summary_smk_summary_of_a_dataframe_variable" name="summary_dataframe_variable"/>
    <testcase time="0.00300000000015643" classname="ds.summary_smk_summary_of_a_dataframe_variable" name="summary_dataframe_variable"/>
    <testcase time="0.00199999999995271" classname="ds.summary_smk_summary_of_a_dataframe_variable" name="summary_dataframe_variable"/>
    <testcase time="0.00300000000015643" classname="ds.summary_smk_summary_of_a_dataframe_variable" name="summary_dataframe_variable"/>
    <testcase time="0.00199999999995271" classname="ds.summary_smk_summary_of_a_dataframe_variable" name="summary_dataframe_variable"/>
    <testcase time="0.000999999999748979" classname="ds.summary_smk_summary_of_a_dataframe_variable" name="summary_dataframe_variable"/>
    <testcase time="0.00100000000020373" classname="ds.summary_smk_summary_of_a_dataframe_variable" name="summary_dataframe_variable"/>
    <testcase time="0.000999999999748979" classname="ds.summary_smk_summary_of_a_dataframe_variable" name="summary_dataframe_variable"/>
    <testcase time="0.00200000000040745" classname="ds.summary_smk_summary_of_a_dataframe_variable" name="summary_dataframe_variable"/>
    <testcase time="0.000999999999748979" classname="ds.summary_smk_summary_of_a_dataframe_variable" name="summary_dataframe_variable"/>
    <testcase time="0.00100000000020373" classname="ds.summary_smk_summary_of_a_dataframe_variable" name="summary_dataframe_variable"/>
    <testcase time="0.00199999999995271" classname="ds.summary_smk_summary_of_a_dataframe_variable" name="summary_dataframe_variable"/>
    <testcase time="0.000999999999748979" classname="ds.summary_smk_summary_of_a_dataframe_variable" name="summary_dataframe_variable"/>
  </testsuite>
  <testsuite name="ds.summary::smk::summary of a numerical variable" timestamp="2025-09-19T12:20:09Z" hostname="runnervmf4ws1" tests="3" skipped="0" failures="0" errors="0" time="0.205">
    <testcase time="0.202000000000226" classname="ds.summary_smk_summary_of_a_numerical_variable" name="summary_numerical_variable"/>
    <testcase time="0.000999999999748979" classname="ds.summary_smk_summary_of_a_numerical_variable" name="summary_numerical_variable"/>
    <testcase time="0.00199999999995271" classname="ds.summary_smk_summary_of_a_numerical_variable" name="summary_numerical_variable"/>
  </testsuite>
  <testsuite name="ds.summary::smk::summary of a character variable" timestamp="2025-09-19T12:20:09Z" hostname="runnervmf4ws1" tests="2" skipped="0" failures="0" errors="0" time="0.327">
    <testcase time="0.326000000000022" classname="ds.summary_smk_summary_of_a_character_variable" name="summary_character_variable"/>
    <testcase time="0.00100000000020373" classname="ds.summary_smk_summary_of_a_character_variable" name="summary_character_variable"/>
  </testsuite>
  <testsuite name="ds.summary::smk::summary of a factor variable" timestamp="2025-09-19T12:20:09Z" hostname="runnervmf4ws1" tests="22" skipped="0" failures="0" errors="0" time="0.608">
    <testcase time="0.58199999999988" classname="ds.summary_smk_summary_of_a_factor_variable" name="summary_factor_variable"/>
    <testcase time="0.00100000000020373" classname="ds.summary_smk_summary_of_a_factor_variable" name="summary_factor_variable"/>
    <testcase time="0.000999999999748979" classname="ds.summary_smk_summary_of_a_factor_variable" name="summary_factor_variable"/>
    <testcase time="0.00199999999995271" classname="ds.summary_smk_summary_of_a_factor_variable" name="summary_factor_variable"/>
    <testcase time="0.00100000000020373" classname="ds.summary_smk_summary_of_a_factor_variable" name="summary_factor_variable"/>
    <testcase time="0.00100000000020373" classname="ds.summary_smk_summary_of_a_factor_variable" name="summary_factor_variable"/>
    <testcase time="0.000999999999748979" classname="ds.summary_smk_summary_of_a_factor_variable" name="summary_factor_variable"/>
    <testcase time="0.00199999999995271" classname="ds.summary_smk_summary_of_a_factor_variable" name="summary_factor_variable"/>
    <testcase time="0.00100000000020373" classname="ds.summary_smk_summary_of_a_factor_variable" name="summary_factor_variable"/>
    <testcase time="0.000999999999748979" classname="ds.summary_smk_summary_of_a_factor_variable" name="summary_factor_variable"/>
    <testcase time="0.00100000000020373" classname="ds.summary_smk_summary_of_a_factor_variable" name="summary_factor_variable"/>
    <testcase time="0.000999999999748979" classname="ds.summary_smk_summary_of_a_factor_variable" name="summary_factor_variable"/>
    <testcase time="0.00200000000040745" classname="ds.summary_smk_summary_of_a_factor_variable" name="summary_factor_variable"/>
    <testcase time="0.000999999999748979" classname="ds.summary_smk_summary_of_a_factor_variable" name="summary_factor_variable"/>
    <testcase time="0.00100000000020373" classname="ds.summary_smk_summary_of_a_factor_variable" name="summary_factor_variable"/>
    <testcase time="0.000999999999748979" classname="ds.summary_smk_summary_of_a_factor_variable" name="summary_factor_variable"/>
    <testcase time="0.00100000000020373" classname="ds.summary_smk_summary_of_a_factor_variable" name="summary_factor_variable"/>
    <testcase time="0.00199999999995271" classname="ds.summary_smk_summary_of_a_factor_variable" name="summary_factor_variable"/>
    <testcase time="0.000999999999748979" classname="ds.summary_smk_summary_of_a_factor_variable" name="summary_factor_variable"/>
    <testcase time="0.00100000000020373" classname="ds.summary_smk_summary_of_a_factor_variable" name="summary_factor_variable"/>
    <testcase time="0.000999999999748979" classname="ds.summary_smk_summary_of_a_factor_variable" name="summary_factor_variable"/>
    <testcase time="0.00200000000040745" classname="ds.summary_smk_summary_of_a_factor_variable" name="summary_factor_variable"/>
  </testsuite>
  <testsuite name="ds.summary::smk::summary of a list variable" timestamp="2025-09-19T12:20:10Z" hostname="runnervmf4ws1" tests="10" skipped="0" failures="0" errors="0" time="0.327">
    <testcase time="0.308999999999742" classname="ds.summary_smk_summary_of_a_list_variable" name="summary_list_variable"/>
    <testcase time="0.000999999999748979" classname="ds.summary_smk_summary_of_a_list_variable" name="summary_list_variable"/>
    <testcase time="0.00100000000020373" classname="ds.summary_smk_summary_of_a_list_variable" name="summary_list_variable"/>
    <testcase time="0.000999999999748979" classname="ds.summary_smk_summary_of_a_list_variable" name="summary_list_variable"/>
    <testcase time="0.00800000000026557" classname="ds.summary_smk_summary_of_a_list_variable" name="summary_list_variable"/>
    <testcase time="0.00199999999995271" classname="ds.summary_smk_summary_of_a_list_variable" name="summary_list_variable"/>
    <testcase time="0.000999999999748979" classname="ds.summary_smk_summary_of_a_list_variable" name="summary_list_variable"/>
    <testcase time="0.00200000000040745" classname="ds.summary_smk_summary_of_a_list_variable" name="summary_list_variable"/>
    <testcase time="0.000999999999748979" classname="ds.summary_smk_summary_of_a_list_variable" name="summary_list_variable"/>
    <testcase time="0.00100000000020373" classname="ds.summary_smk_summary_of_a_list_variable" name="summary_list_variable"/>
  </testsuite>
  <testsuite name="ds.summary::smk::summary of a data frame" timestamp="2025-09-19T12:20:10Z" hostname="runnervmf4ws1" tests="6" skipped="0" failures="0" errors="0" time="0.2">
    <testcase time="0.192000000000007" classname="ds.summary_smk_summary_of_a_data_frame" name="summary_data_frame"/>
    <testcase time="0.00299999999970169" classname="ds.summary_smk_summary_of_a_data_frame" name="summary_data_frame"/>
    <testcase time="0.00100000000020373" classname="ds.summary_smk_summary_of_a_data_frame" name="summary_data_frame"/>
    <testcase time="0.000999999999748979" classname="ds.summary_smk_summary_of_a_data_frame" name="summary_data_frame"/>
    <testcase time="0.00199999999995271" classname="ds.summary_smk_summary_of_a_data_frame" name="summary_data_frame"/>
    <testcase time="0.00100000000020373" classname="ds.summary_smk_summary_of_a_data_frame" name="summary_data_frame"/>
  </testsuite>
  <testsuite name="ds.summary::smk::teardown" timestamp="2025-09-19T12:20:10Z" hostname="runnervmf4ws1" tests="3" skipped="0" failures="0" errors="0" time="0.049">
    <testcase time="0.0470000000000255" classname="ds.summary_smk_teardown" name="shutdown"/>
    <testcase time="0.00100000000020373" classname="ds.summary_smk_teardown" name="shutdown"/>
    <testcase time="0.00100000000020373" classname="ds.summary_smk_teardown" name="shutdown"/>
  </testsuite>
  <testsuite name="ds.summary::smk::done" timestamp="2025-09-19T12:20:11Z" hostname="runnervmf4ws1" tests="0" skipped="0" failures="0" errors="0" time="0"/>
  <testsuite name="smk-ds.table" timestamp="2025-09-19T12:20:11Z" hostname="runnervmf4ws1" tests="0" skipped="0" failures="0" errors="0" time="0"/>
  <testsuite name="ds.table::smk::setup" timestamp="2025-09-19T12:20:11Z" hostname="runnervmf4ws1" tests="3" skipped="0" failures="0" errors="0" time="7.97">
    <testcase time="7.96699999999964" classname="ds.table_smk_setup" name="setup"/>
    <testcase time="0.00100000000020373" classname="ds.table_smk_setup" name="setup"/>
    <testcase time="0.00199999999995271" classname="ds.table_smk_setup" name="setup"/>
  </testsuite>
  <testsuite name="ds.table::smk::dataframe setup" timestamp="2025-09-19T12:20:18Z" hostname="runnervmf4ws1" tests="3" skipped="0" failures="0" errors="0" time="0.858">
    <testcase time="0.855000000000018" classname="ds.table_smk_dataframe_setup" name="simple_dataframe_input_setup"/>
    <testcase time="0.00100000000020373" classname="ds.table_smk_dataframe_setup" name="simple_dataframe_input_setup"/>
    <testcase time="0.00199999999995271" classname="ds.table_smk_dataframe_setup" name="simple_dataframe_input_setup"/>
  </testsuite>
  <testsuite name="ds.table::smk::simple table 1D" timestamp="2025-09-19T12:20:19Z" hostname="runnervmf4ws1" tests="9" skipped="0" failures="0" errors="0" time="0.219">
    <testcase time="0.208999999999833" classname="ds.table_smk_simple_table_1D" name="simple_table_1D"/>
    <testcase time="0.00100000000020373" classname="ds.table_smk_simple_table_1D" name="simple_table_1D"/>
    <testcase time="0.000999999999748979" classname="ds.table_smk_simple_table_1D" name="simple_table_1D"/>
    <testcase time="0.00199999999995271" classname="ds.table_smk_simple_table_1D" name="simple_table_1D"/>
    <testcase time="0.00100000000020373" classname="ds.table_smk_simple_table_1D" name="simple_table_1D"/>
    <testcase time="0.000999999999748979" classname="ds.table_smk_simple_table_1D" name="simple_table_1D"/>
    <testcase time="0.00100000000020373" classname="ds.table_smk_simple_table_1D" name="simple_table_1D"/>
    <testcase time="0.000999999999748979" classname="ds.table_smk_simple_table_1D" name="simple_table_1D"/>
    <testcase time="0.00200000000040745" classname="ds.table_smk_simple_table_1D" name="simple_table_1D"/>
  </testsuite>
  <testsuite name="ds.table::smk::simple table 2D" timestamp="2025-09-19T12:20:19Z" hostname="runnervmf4ws1" tests="16" skipped="0" failures="0" errors="0" time="0.234">
    <testcase time="0.214999999999691" classname="ds.table_smk_simple_table_2D" name="simple_table_2D"/>
    <testcase time="0.00199999999995271" classname="ds.table_smk_simple_table_2D" name="simple_table_2D"/>
    <testcase time="0.00100000000020373" classname="ds.table_smk_simple_table_2D" name="simple_table_2D"/>
    <testcase time="0.000999999999748979" classname="ds.table_smk_simple_table_2D" name="simple_table_2D"/>
    <testcase time="0.00100000000020373" classname="ds.table_smk_simple_table_2D" name="simple_table_2D"/>
    <testcase time="0.00199999999995271" classname="ds.table_smk_simple_table_2D" name="simple_table_2D"/>
    <testcase time="0.00100000000020373" classname="ds.table_smk_simple_table_2D" name="simple_table_2D"/>
    <testcase time="0.000999999999748979" classname="ds.table_smk_simple_table_2D" name="simple_table_2D"/>
    <testcase time="0.00100000000020373" classname="ds.table_smk_simple_table_2D" name="simple_table_2D"/>
    <testcase time="0.000999999999748979" classname="ds.table_smk_simple_table_2D" name="simple_table_2D"/>
    <testcase time="0.00100000000020373" classname="ds.table_smk_simple_table_2D" name="simple_table_2D"/>
    <testcase time="0.00199999999995271" classname="ds.table_smk_simple_table_2D" name="simple_table_2D"/>
    <testcase time="0.00100000000020373" classname="ds.table_smk_simple_table_2D" name="simple_table_2D"/>
    <testcase time="0.000999999999748979" classname="ds.table_smk_simple_table_2D" name="simple_table_2D"/>
    <testcase time="0.00100000000020373" classname="ds.table_smk_simple_table_2D" name="simple_table_2D"/>
    <testcase time="0.00199999999995271" classname="ds.table_smk_simple_table_2D" name="simple_table_2D"/>
  </testsuite>
  <testsuite name="ds.table::smk::simple table 3D" timestamp="2025-09-19T12:20:20Z" hostname="runnervmf4ws1" tests="28" skipped="0" failures="0" errors="0" time="1.418">
    <testcase time="0.313999999999851" classname="ds.table_smk_simple_table_3D" name="simple_table_3D"/>
    <testcase time="0.000999999999748979" classname="ds.table_smk_simple_table_3D" name="simple_table_3D"/>
    <testcase time="0.00100000000020373" classname="ds.table_smk_simple_table_3D" name="simple_table_3D"/>
    <testcase time="0.000999999999748979" classname="ds.table_smk_simple_table_3D" name="simple_table_3D"/>
    <testcase time="0.18100000000004" classname="ds.table_smk_simple_table_3D" name="simple_table_1D_with_assign"/>
    <testcase time="0.0419999999999163" classname="ds.table_smk_simple_table_3D" name="simple_table_1D_with_assign"/>
    <testcase time="0.00100000000020373" classname="ds.table_smk_simple_table_3D" name="simple_table_1D_with_assign"/>
    <testcase time="0.000999999999748979" classname="ds.table_smk_simple_table_3D" name="simple_table_1D_with_assign"/>
    <testcase time="0.00200000000040745" classname="ds.table_smk_simple_table_3D" name="simple_table_1D_with_assign"/>
    <testcase time="0.000999999999748979" classname="ds.table_smk_simple_table_3D" name="simple_table_1D_with_assign"/>
    <testcase time="0.0790000000001783" classname="ds.table_smk_simple_table_3D" name="simple_table_1D_with_assign"/>
    <testcase time="0.00199999999995271" classname="ds.table_smk_simple_table_3D" name="simple_table_1D_with_assign"/>
    <testcase time="0.000999999999748979" classname="ds.table_smk_simple_table_3D" name="simple_table_1D_with_assign"/>
    <testcase time="0.00200000000040745" classname="ds.table_smk_simple_table_3D" name="simple_table_1D_with_assign"/>
    <testcase time="0.272999999999683" classname="ds.table_smk_simple_table_3D" name="simple_table_2D_with_assign"/>
    <testcase time="0.0460000000002765" classname="ds.table_smk_simple_table_3D" name="simple_table_2D_with_assign"/>
    <testcase time="0.00199999999995271" classname="ds.table_smk_simple_table_3D" name="simple_table_2D_with_assign"/>
    <testcase time="0.000999999999748979" classname="ds.table_smk_simple_table_3D" name="simple_table_2D_with_assign"/>
    <testcase time="0.00100000000020373" classname="ds.table_smk_simple_table_3D" name="simple_table_2D_with_assign"/>
    <testcase time="0.00199999999995271" classname="ds.table_smk_simple_table_3D" name="simple_table_2D_with_assign"/>
    <testcase time="0.081000000000131" classname="ds.table_smk_simple_table_3D" name="simple_table_2D_with_assign"/>
    <testcase time="0.000999999999748979" classname="ds.table_smk_simple_table_3D" name="simple_table_2D_with_assign"/>
    <testcase time="0.00100000000020373" classname="ds.table_smk_simple_table_3D" name="simple_table_2D_with_assign"/>
    <testcase time="0.00199999999995271" classname="ds.table_smk_simple_table_3D" name="simple_table_2D_with_assign"/>
    <testcase time="0.375" classname="ds.table_smk_simple_table_3D" name="simple_table_3D_with_assign"/>
    <testcase time="0.000999999999748979" classname="ds.table_smk_simple_table_3D" name="simple_table_3D_with_assign"/>
    <testcase time="0.00199999999995271" classname="ds.table_smk_simple_table_3D" name="simple_table_3D_with_assign"/>
    <testcase time="0.00100000000020373" classname="ds.table_smk_simple_table_3D" name="simple_table_3D_with_assign"/>
  </testsuite>
  <testsuite name="ds.table::smk::shutdown" timestamp="2025-09-19T12:20:21Z" hostname="runnervmf4ws1" tests="3" skipped="0" failures="0" errors="0" time="0.053">
    <testcase time="0.0500000000001819" classname="ds.table_smk_shutdown" name="shutdown"/>
    <testcase time="0.00199999999995271" classname="ds.table_smk_shutdown" name="shutdown"/>
    <testcase time="0.000999999999748979" classname="ds.table_smk_shutdown" name="shutdown"/>
  </testsuite>
  <testsuite name="ds.table::smk::done" timestamp="2025-09-19T12:20:21Z" hostname="runnervmf4ws1" tests="0" skipped="0" failures="0" errors="0" time="0"/>
  <testsuite name="smk-ds.table1D" timestamp="2025-09-19T12:20:21Z" hostname="runnervmf4ws1" tests="0" skipped="0" failures="0" errors="0" time="0"/>
  <testsuite name="ds.table1D::smk::setup" timestamp="2025-09-19T12:20:21Z" hostname="runnervmf4ws1" tests="3" skipped="0" failures="0" errors="0" time="7.536">
    <testcase time="7.53400000000011" classname="ds.table1D_smk_setup" name="setup"/>
    <testcase time="0.00100000000020373" classname="ds.table1D_smk_setup" name="setup"/>
    <testcase time="0.000999999999748979" classname="ds.table1D_smk_setup" name="setup"/>
  </testsuite>
  <testsuite name="ds.table1D::smk::generate a one dimensional table, outputting combined contingency tables" timestamp="2025-09-19T12:20:29Z" hostname="runnervmf4ws1" tests="4" skipped="0" failures="0" errors="0" time="0.116">
    <testcase time="0.11200000000008" classname="ds.table1D_smk_generate_a_one_dimensional_table_outputting_combined_contingency_tables" name="GENDER_normal"/>
    <testcase time="0.00100000000020373" classname="ds.table1D_smk_generate_a_one_dimensional_table_outputting_combined_contingency_tables" name="GENDER_normal"/>
    <testcase time="0.00199999999995271" classname="ds.table1D_smk_generate_a_one_dimensional_table_outputting_combined_contingency_tables" name="GENDER_normal"/>
    <testcase time="0.000999999999748979" classname="ds.table1D_smk_generate_a_one_dimensional_table_outputting_combined_contingency_tables" name="GENDER_normal"/>
  </testsuite>
  <testsuite name="ds.table1D::smk::generate a one dimensional table, outputting combined contingency tables fail" timestamp="2025-09-19T12:20:29Z" hostname="runnervmf4ws1" tests="7" skipped="0" failures="0" errors="0" time="0.121">
    <testcase time="0.114000000000033" classname="ds.table1D_smk_generate_a_one_dimensional_table_outputting_combined_contingency_tables_fail" name="DIS_CVA_invalid"/>
    <testcase time="0.00100000000020373" classname="ds.table1D_smk_generate_a_one_dimensional_table_outputting_combined_contingency_tables_fail" name="DIS_CVA_invalid"/>
    <testcase time="0.000999999999748979" classname="ds.table1D_smk_generate_a_one_dimensional_table_outputting_combined_contingency_tables_fail" name="DIS_CVA_invalid"/>
    <testcase time="0.00100000000020373" classname="ds.table1D_smk_generate_a_one_dimensional_table_outputting_combined_contingency_tables_fail" name="DIS_CVA_invalid"/>
    <testcase time="0.000999999999748979" classname="ds.table1D_smk_generate_a_one_dimensional_table_outputting_combined_contingency_tables_fail" name="DIS_CVA_invalid"/>
    <testcase time="0.00199999999995271" classname="ds.table1D_smk_generate_a_one_dimensional_table_outputting_combined_contingency_tables_fail" name="DIS_CVA_invalid"/>
    <testcase time="0.00100000000020373" classname="ds.table1D_smk_generate_a_one_dimensional_table_outputting_combined_contingency_tables_fail" name="DIS_CVA_invalid"/>
  </testsuite>
  <testsuite name="ds.table1D::smk::generate a one dimensional table, outputting combined contingency tables fail split" timestamp="2025-09-19T12:20:29Z" hostname="runnervmf4ws1" tests="7" skipped="0" failures="0" errors="0" time="0.13">
    <testcase time="0.121999999999844" classname="ds.table1D_smk_generate_a_one_dimensional_table_outputting_combined_contingency_tables_fail_split" name="DIS_CVA_invalid_split"/>
    <testcase time="0.00199999999995271" classname="ds.table1D_smk_generate_a_one_dimensional_table_outputting_combined_contingency_tables_fail_split" name="DIS_CVA_invalid_split"/>
    <testcase time="0.00100000000020373" classname="ds.table1D_smk_generate_a_one_dimensional_table_outputting_combined_contingency_tables_fail_split" name="DIS_CVA_invalid_split"/>
    <testcase time="0.00100000000020373" classname="ds.table1D_smk_generate_a_one_dimensional_table_outputting_combined_contingency_tables_fail_split" name="DIS_CVA_invalid_split"/>
    <testcase time="0.000999999999748979" classname="ds.table1D_smk_generate_a_one_dimensional_table_outputting_combined_contingency_tables_fail_split" name="DIS_CVA_invalid_split"/>
    <testcase time="0.00199999999995271" classname="ds.table1D_smk_generate_a_one_dimensional_table_outputting_combined_contingency_tables_fail_split" name="DIS_CVA_invalid_split"/>
    <testcase time="0.00100000000020373" classname="ds.table1D_smk_generate_a_one_dimensional_table_outputting_combined_contingency_tables_fail_split" name="DIS_CVA_invalid_split"/>
  </testsuite>
  <testsuite name="ds.table1D::smk::generate a one dimensional table, outputting study specific contingency tables" timestamp="2025-09-19T12:20:29Z" hostname="runnervmf4ws1" tests="5" skipped="0" failures="0" errors="0" time="0.117">
    <testcase time="0.110999999999876" classname="ds.table1D_smk_generate_a_one_dimensional_table_outputting_study_specific_contingency_tables" name="GENDER_split"/>
    <testcase time="0.00199999999995271" classname="ds.table1D_smk_generate_a_one_dimensional_table_outputting_study_specific_contingency_tables" name="GENDER_split"/>
    <testcase time="0.00100000000020373" classname="ds.table1D_smk_generate_a_one_dimensional_table_outputting_study_specific_contingency_tables" name="GENDER_split"/>
    <testcase time="0.000999999999748979" classname="ds.table1D_smk_generate_a_one_dimensional_table_outputting_study_specific_contingency_tables" name="GENDER_split"/>
    <testcase time="0.00199999999995271" classname="ds.table1D_smk_generate_a_one_dimensional_table_outputting_study_specific_contingency_tables" name="GENDER_split"/>
  </testsuite>
  <testsuite name="ds.table1D::smk::generate a one dimensional table, outputting study specific contingency tables for study 1 and 2" timestamp="2025-09-19T12:20:29Z" hostname="runnervmf4ws1" tests="5" skipped="0" failures="0" errors="0" time="0.083">
    <testcase time="0.0779999999999745" classname="ds.table1D_smk_generate_a_one_dimensional_table_outputting_study_specific_contingency_tables_for_study_1_and_2" name="GENDER_split_12"/>
    <testcase time="0.00100000000020373" classname="ds.table1D_smk_generate_a_one_dimensional_table_outputting_study_specific_contingency_tables_for_study_1_and_2" name="GENDER_split_12"/>
    <testcase time="0.00199999999995271" classname="ds.table1D_smk_generate_a_one_dimensional_table_outputting_study_specific_contingency_tables_for_study_1_and_2" name="GENDER_split_12"/>
    <testcase time="0.00100000000020373" classname="ds.table1D_smk_generate_a_one_dimensional_table_outputting_study_specific_contingency_tables_for_study_1_and_2" name="GENDER_split_12"/>
    <testcase time="0.000999999999748979" classname="ds.table1D_smk_generate_a_one_dimensional_table_outputting_study_specific_contingency_tables_for_study_1_and_2" name="GENDER_split_12"/>
  </testsuite>
  <testsuite name="ds.table1D::smk::generate a one dimensional table, outputting study specific and combined contingency tables" timestamp="2025-09-19T12:20:29Z" hostname="runnervmf4ws1" tests="4" skipped="0" failures="0" errors="0" time="0.121">
    <testcase time="0.117999999999938" classname="ds.table1D_smk_generate_a_one_dimensional_table_outputting_study_specific_and_combined_contingency_tables" name="GENDER_normal_2"/>
    <testcase time="0.00100000000020373" classname="ds.table1D_smk_generate_a_one_dimensional_table_outputting_study_specific_and_combined_contingency_tables" name="GENDER_normal_2"/>
    <testcase time="0.000999999999748979" classname="ds.table1D_smk_generate_a_one_dimensional_table_outputting_study_specific_and_combined_contingency_tables" name="GENDER_normal_2"/>
    <testcase time="0.00100000000020373" classname="ds.table1D_smk_generate_a_one_dimensional_table_outputting_study_specific_and_combined_contingency_tables" name="GENDER_normal_2"/>
  </testsuite>
  <testsuite name="ds.table1D::smk::shutdown" timestamp="2025-09-19T12:20:29Z" hostname="runnervmf4ws1" tests="3" skipped="0" failures="0" errors="0" time="0.051">
    <testcase time="0.0489999999999782" classname="ds.table1D_smk_shutdown" name="shutdown"/>
    <testcase time="0.00100000000020373" classname="ds.table1D_smk_shutdown" name="shutdown"/>
    <testcase time="0.000999999999748979" classname="ds.table1D_smk_shutdown" name="shutdown"/>
  </testsuite>
  <testsuite name="ds.table1D::smk::done" timestamp="2025-09-19T12:20:30Z" hostname="runnervmf4ws1" tests="0" skipped="0" failures="0" errors="0" time="0"/>
  <testsuite name="smk-ds.table2D" timestamp="2025-09-19T12:20:30Z" hostname="runnervmf4ws1" tests="0" skipped="0" failures="0" errors="0" time="0"/>
  <testsuite name="ds.table2D::smk::setup" timestamp="2025-09-19T12:20:30Z" hostname="runnervmf4ws1" tests="3" skipped="0" failures="0" errors="0" time="7.523">
    <testcase time="7.51999999999998" classname="ds.table2D_smk_setup" name="setup"/>
    <testcase time="0.00199999999995271" classname="ds.table2D_smk_setup" name="setup"/>
    <testcase time="0.00100000000020373" classname="ds.table2D_smk_setup" name="setup"/>
  </testsuite>
  <testsuite name="ds.table2D::smk" timestamp="2025-09-19T12:20:37Z" hostname="runnervmf4ws1" tests="23" skipped="0" failures="0" errors="0" time="0.29">
    <testcase time="0.266000000000076" classname="ds.table2D_smk" name="simple_table2D"/>
    <testcase time="0.000999999999748979" classname="ds.table2D_smk" name="simple_table2D"/>
    <testcase time="0.00100000000020373" classname="ds.table2D_smk" name="simple_table2D"/>
    <testcase time="0.000999999999748979" classname="ds.table2D_smk" name="simple_table2D"/>
    <testcase time="0.00199999999995271" classname="ds.table2D_smk" name="simple_table2D"/>
    <testcase time="0.00100000000020373" classname="ds.table2D_smk" name="simple_table2D"/>
    <testcase time="0.000999999999748979" classname="ds.table2D_smk" name="simple_table2D"/>
    <testcase time="0.00100000000020373" classname="ds.table2D_smk" name="simple_table2D"/>
    <testcase time="0.00100000000020373" classname="ds.table2D_smk" name="simple_table2D"/>
    <testcase time="0.000999999999748979" classname="ds.table2D_smk" name="simple_table2D"/>
    <testcase time="0.00100000000020373" classname="ds.table2D_smk" name="simple_table2D"/>
    <testcase time="0.00199999999995271" classname="ds.table2D_smk" name="simple_table2D"/>
    <testcase time="0.000999999999748979" classname="ds.table2D_smk" name="simple_table2D"/>
    <testcase time="0.00100000000020373" classname="ds.table2D_smk" name="simple_table2D"/>
    <testcase time="0.000999999999748979" classname="ds.table2D_smk" name="simple_table2D"/>
    <testcase time="0.00100000000020373" classname="ds.table2D_smk" name="simple_table2D"/>
    <testcase time="0.00100000000020373" classname="ds.table2D_smk" name="simple_table2D"/>
    <testcase time="0.000999999999748979" classname="ds.table2D_smk" name="simple_table2D"/>
    <testcase time="0.000999999999748979" classname="ds.table2D_smk" name="simple_table2D"/>
    <testcase time="0.00100000000020373" classname="ds.table2D_smk" name="simple_table2D"/>
    <testcase time="0.000999999999748979" classname="ds.table2D_smk" name="simple_table2D"/>
    <testcase time="0.00100000000020373" classname="ds.table2D_smk" name="simple_table2D"/>
    <testcase time="0.000999999999748979" classname="ds.table2D_smk" name="simple_table2D"/>
  </testsuite>
  <testsuite name="ds.table2D::smk::shutdown" timestamp="2025-09-19T12:20:37Z" hostname="runnervmf4ws1" tests="3" skipped="0" failures="0" errors="0" time="0.051">
    <testcase time="0.0480000000002292" classname="ds.table2D_smk_shutdown" name="shutdown"/>
    <testcase time="0.00199999999995271" classname="ds.table2D_smk_shutdown" name="shutdown"/>
    <testcase time="0.00100000000020373" classname="ds.table2D_smk_shutdown" name="shutdown"/>
  </testsuite>
  <testsuite name="ds.table2D::smk::done" timestamp="2025-09-19T12:20:38Z" hostname="runnervmf4ws1" tests="0" skipped="0" failures="0" errors="0" time="0"/>
  <testsuite name="smk-ds.tapply.assign" timestamp="2025-09-19T12:20:38Z" hostname="runnervmf4ws1" tests="0" skipped="0" failures="0" errors="0" time="0"/>
  <testsuite name="ds.tapply.assign::smk::setup" timestamp="2025-09-19T12:20:38Z" hostname="runnervmf4ws1" tests="3" skipped="0" failures="0" errors="0" time="7.51">
    <testcase time="7.50799999999981" classname="ds.tapply.assign_smk_setup" name="setup"/>
    <testcase time="0.00100000000020373" classname="ds.tapply.assign_smk_setup" name="setup"/>
    <testcase time="0.000999999999748979" classname="ds.tapply.assign_smk_setup" name="setup"/>
  </testsuite>
  <testsuite name="ds.tapply.assign::smk::fun=mean" timestamp="2025-09-19T12:20:45Z" hostname="runnervmf4ws1" tests="8" skipped="0" failures="0" errors="0" time="0.473">
    <testcase time="0.425000000000182" classname="ds.tapply.assign_smk_fun_mean" name="simplest_ds.tapply.assign_fun_mean"/>
    <testcase time="0.00199999999995271" classname="ds.tapply.assign_smk_fun_mean" name="simplest_ds.tapply.assign_fun_mean"/>
    <testcase time="0.000999999999748979" classname="ds.tapply.assign_smk_fun_mean" name="simplest_ds.tapply.assign_fun_mean"/>
    <testcase time="0.0399999999999636" classname="ds.tapply.assign_smk_fun_mean" name="simplest_ds.tapply.assign_fun_mean"/>
    <testcase time="0.00100000000020373" classname="ds.tapply.assign_smk_fun_mean" name="simplest_ds.tapply.assign_fun_mean"/>
    <testcase time="0.00100000000020373" classname="ds.tapply.assign_smk_fun_mean" name="simplest_ds.tapply.assign_fun_mean"/>
    <testcase time="0.00199999999995271" classname="ds.tapply.assign_smk_fun_mean" name="simplest_ds.tapply.assign_fun_mean"/>
    <testcase time="0.000999999999748979" classname="ds.tapply.assign_smk_fun_mean" name="simplest_ds.tapply.assign_fun_mean"/>
  </testsuite>
  <testsuite name="ds.tapply.assign::smk::fun=sd" timestamp="2025-09-19T12:20:45Z" hostname="runnervmf4ws1" tests="8" skipped="0" failures="0" errors="0" time="0.273">
    <testcase time="0.224999999999909" classname="ds.tapply.assign_smk_fun_sd" name="simplest_ds.tapply.assign_fun_sd"/>
    <testcase time="0.00100000000020373" classname="ds.tapply.assign_smk_fun_sd" name="simplest_ds.tapply.assign_fun_sd"/>
    <testcase time="0.000999999999748979" classname="ds.tapply.assign_smk_fun_sd" name="simplest_ds.tapply.assign_fun_sd"/>
    <testcase time="0.0410000000001673" classname="ds.tapply.assign_smk_fun_sd" name="simplest_ds.tapply.assign_fun_sd"/>
    <testcase time="0.00199999999995271" classname="ds.tapply.assign_smk_fun_sd" name="simplest_ds.tapply.assign_fun_sd"/>
    <testcase time="0.00100000000020373" classname="ds.tapply.assign_smk_fun_sd" name="simplest_ds.tapply.assign_fun_sd"/>
    <testcase time="0.000999999999748979" classname="ds.tapply.assign_smk_fun_sd" name="simplest_ds.tapply.assign_fun_sd"/>
    <testcase time="0.00100000000020373" classname="ds.tapply.assign_smk_fun_sd" name="simplest_ds.tapply.assign_fun_sd"/>
  </testsuite>
  <testsuite name="ds.tapply.assign::smk::fun=sum" timestamp="2025-09-19T12:20:46Z" hostname="runnervmf4ws1" tests="8" skipped="0" failures="0" errors="0" time="0.288">
    <testcase time="0.239999999999782" classname="ds.tapply.assign_smk_fun_sum" name="simplest_ds.tapply.assign_fun_sum"/>
    <testcase time="0.00100000000020373" classname="ds.tapply.assign_smk_fun_sum" name="simplest_ds.tapply.assign_fun_sum"/>
    <testcase time="0.00100000000020373" classname="ds.tapply.assign_smk_fun_sum" name="simplest_ds.tapply.assign_fun_sum"/>
    <testcase time="0.0410000000001673" classname="ds.tapply.assign_smk_fun_sum" name="simplest_ds.tapply.assign_fun_sum"/>
    <testcase time="0.000999999999748979" classname="ds.tapply.assign_smk_fun_sum" name="simplest_ds.tapply.assign_fun_sum"/>
    <testcase time="0.00100000000020373" classname="ds.tapply.assign_smk_fun_sum" name="simplest_ds.tapply.assign_fun_sum"/>
    <testcase time="0.00199999999995271" classname="ds.tapply.assign_smk_fun_sum" name="simplest_ds.tapply.assign_fun_sum"/>
    <testcase time="0.000999999999748979" classname="ds.tapply.assign_smk_fun_sum" name="simplest_ds.tapply.assign_fun_sum"/>
  </testsuite>
  <testsuite name="ds.tapply.assign::smk::fun=quantile" timestamp="2025-09-19T12:20:46Z" hostname="runnervmf4ws1" tests="8" skipped="0" failures="0" errors="0" time="0.282">
    <testcase time="0.235000000000127" classname="ds.tapply.assign_smk_fun_quantile" name="simplest_ds.tapply.assign_fun_quantile"/>
    <testcase time="0.00100000000020373" classname="ds.tapply.assign_smk_fun_quantile" name="simplest_ds.tapply.assign_fun_quantile"/>
    <testcase time="0.000999999999748979" classname="ds.tapply.assign_smk_fun_quantile" name="simplest_ds.tapply.assign_fun_quantile"/>
    <testcase time="0.0399999999999636" classname="ds.tapply.assign_smk_fun_quantile" name="simplest_ds.tapply.assign_fun_quantile"/>
    <testcase time="0.00199999999995271" classname="ds.tapply.assign_smk_fun_quantile" name="simplest_ds.tapply.assign_fun_quantile"/>
    <testcase time="0.00100000000020373" classname="ds.tapply.assign_smk_fun_quantile" name="simplest_ds.tapply.assign_fun_quantile"/>
    <testcase time="0.00100000000020373" classname="ds.tapply.assign_smk_fun_quantile" name="simplest_ds.tapply.assign_fun_quantile"/>
    <testcase time="0.000999999999748979" classname="ds.tapply.assign_smk_fun_quantile" name="simplest_ds.tapply.assign_fun_quantile"/>
  </testsuite>
  <testsuite name="ds.tapply.assign::smk::shutdown" timestamp="2025-09-19T12:20:46Z" hostname="runnervmf4ws1" tests="3" skipped="0" failures="0" errors="0" time="0.052">
    <testcase time="0.0500000000001819" classname="ds.tapply.assign_smk_shutdown" name="shutdown"/>
    <testcase time="0.000999999999748979" classname="ds.tapply.assign_smk_shutdown" name="shutdown"/>
    <testcase time="0.00100000000020373" classname="ds.tapply.assign_smk_shutdown" name="shutdown"/>
  </testsuite>
  <testsuite name="ds.tapply.assign::smk::done" timestamp="2025-09-19T12:20:46Z" hostname="runnervmf4ws1" tests="0" skipped="0" failures="0" errors="0" time="0"/>
  <testsuite name="smk-ds.tapply" timestamp="2025-09-19T12:20:46Z" hostname="runnervmf4ws1" tests="0" skipped="0" failures="0" errors="0" time="0"/>
  <testsuite name="ds.tapply::smk::setup" timestamp="2025-09-19T12:20:46Z" hostname="runnervmf4ws1" tests="3" skipped="0" failures="0" errors="0" time="7.649">
    <testcase time="7.64699999999993" classname="ds.tapply_smk_setup" name="setup"/>
    <testcase time="0.000999999999748979" classname="ds.tapply_smk_setup" name="setup"/>
    <testcase time="0.00100000000020373" classname="ds.tapply_smk_setup" name="setup"/>
  </testsuite>
  <testsuite name="ds.tapply::smk::fun=mean" timestamp="2025-09-19T12:20:54Z" hostname="runnervmf4ws1" tests="22" skipped="0" failures="0" errors="0" time="0.351">
    <testcase time="0.324000000000069" classname="ds.tapply_smk_fun_mean" name="simplest_ds.tapply_fun_mean"/>
    <testcase time="0.00199999999995271" classname="ds.tapply_smk_fun_mean" name="simplest_ds.tapply_fun_mean"/>
    <testcase time="0.00100000000020373" classname="ds.tapply_smk_fun_mean" name="simplest_ds.tapply_fun_mean"/>
    <testcase time="0.000999999999748979" classname="ds.tapply_smk_fun_mean" name="simplest_ds.tapply_fun_mean"/>
    <testcase time="0.00100000000020373" classname="ds.tapply_smk_fun_mean" name="simplest_ds.tapply_fun_mean"/>
    <testcase time="0.000999999999748979" classname="ds.tapply_smk_fun_mean" name="simplest_ds.tapply_fun_mean"/>
    <testcase time="0.00199999999995271" classname="ds.tapply_smk_fun_mean" name="simplest_ds.tapply_fun_mean"/>
    <testcase time="0.00100000000020373" classname="ds.tapply_smk_fun_mean" name="simplest_ds.tapply_fun_mean"/>
    <testcase time="0.000999999999748979" classname="ds.tapply_smk_fun_mean" name="simplest_ds.tapply_fun_mean"/>
    <testcase time="0.00100000000020373" classname="ds.tapply_smk_fun_mean" name="simplest_ds.tapply_fun_mean"/>
    <testcase time="0.00199999999995271" classname="ds.tapply_smk_fun_mean" name="simplest_ds.tapply_fun_mean"/>
    <testcase time="0.00100000000020373" classname="ds.tapply_smk_fun_mean" name="simplest_ds.tapply_fun_mean"/>
    <testcase time="0.000999999999748979" classname="ds.tapply_smk_fun_mean" name="simplest_ds.tapply_fun_mean"/>
    <testcase time="0.00100000000020373" classname="ds.tapply_smk_fun_mean" name="simplest_ds.tapply_fun_mean"/>
    <testcase time="0.00199999999995271" classname="ds.tapply_smk_fun_mean" name="simplest_ds.tapply_fun_mean"/>
    <testcase time="0.000999999999748979" classname="ds.tapply_smk_fun_mean" name="simplest_ds.tapply_fun_mean"/>
    <testcase time="0.00100000000020373" classname="ds.tapply_smk_fun_mean" name="simplest_ds.tapply_fun_mean"/>
    <testcase time="0.000999999999748979" classname="ds.tapply_smk_fun_mean" name="simplest_ds.tapply_fun_mean"/>
    <testcase time="0.00200000000040745" classname="ds.tapply_smk_fun_mean" name="simplest_ds.tapply_fun_mean"/>
    <testcase time="0.000999999999748979" classname="ds.tapply_smk_fun_mean" name="simplest_ds.tapply_fun_mean"/>
    <testcase time="0.00100000000020373" classname="ds.tapply_smk_fun_mean" name="simplest_ds.tapply_fun_mean"/>
    <testcase time="0.00199999999995271" classname="ds.tapply_smk_fun_mean" name="simplest_ds.tapply_fun_mean"/>
  </testsuite>
  <testsuite name="ds.tapply::smk::fun=sd" timestamp="2025-09-19T12:20:54Z" hostname="runnervmf4ws1" tests="22" skipped="0" failures="0" errors="0" time="0.166">
    <testcase time="0.141000000000076" classname="ds.tapply_smk_fun_sd" name="simplest_ds.tapply_fun_sd"/>
    <testcase time="0.000999999999748979" classname="ds.tapply_smk_fun_sd" name="simplest_ds.tapply_fun_sd"/>
    <testcase time="0.00100000000020373" classname="ds.tapply_smk_fun_sd" name="simplest_ds.tapply_fun_sd"/>
    <testcase time="0.000999999999748979" classname="ds.tapply_smk_fun_sd" name="simplest_ds.tapply_fun_sd"/>
    <testcase time="0.00100000000020373" classname="ds.tapply_smk_fun_sd" name="simplest_ds.tapply_fun_sd"/>
    <testcase time="0.000999999999748979" classname="ds.tapply_smk_fun_sd" name="simplest_ds.tapply_fun_sd"/>
    <testcase time="0.00199999999995271" classname="ds.tapply_smk_fun_sd" name="simplest_ds.tapply_fun_sd"/>
    <testcase time="0.00100000000020373" classname="ds.tapply_smk_fun_sd" name="simplest_ds.tapply_fun_sd"/>
    <testcase time="0.00100000000020373" classname="ds.tapply_smk_fun_sd" name="simplest_ds.tapply_fun_sd"/>
    <testcase time="0.000999999999748979" classname="ds.tapply_smk_fun_sd" name="simplest_ds.tapply_fun_sd"/>
    <testcase time="0.00100000000020373" classname="ds.tapply_smk_fun_sd" name="simplest_ds.tapply_fun_sd"/>
    <testcase time="0.00199999999995271" classname="ds.tapply_smk_fun_sd" name="simplest_ds.tapply_fun_sd"/>
    <testcase time="0.000999999999748979" classname="ds.tapply_smk_fun_sd" name="simplest_ds.tapply_fun_sd"/>
    <testcase time="0.00100000000020373" classname="ds.tapply_smk_fun_sd" name="simplest_ds.tapply_fun_sd"/>
    <testcase time="0.000999999999748979" classname="ds.tapply_smk_fun_sd" name="simplest_ds.tapply_fun_sd"/>
    <testcase time="0.00200000000040745" classname="ds.tapply_smk_fun_sd" name="simplest_ds.tapply_fun_sd"/>
    <testcase time="0.000999999999748979" classname="ds.tapply_smk_fun_sd" name="simplest_ds.tapply_fun_sd"/>
    <testcase time="0.00100000000020373" classname="ds.tapply_smk_fun_sd" name="simplest_ds.tapply_fun_sd"/>
    <testcase time="0.000999999999748979" classname="ds.tapply_smk_fun_sd" name="simplest_ds.tapply_fun_sd"/>
    <testcase time="0.00100000000020373" classname="ds.tapply_smk_fun_sd" name="simplest_ds.tapply_fun_sd"/>
    <testcase time="0.00199999999995271" classname="ds.tapply_smk_fun_sd" name="simplest_ds.tapply_fun_sd"/>
    <testcase time="0.000999999999748979" classname="ds.tapply_smk_fun_sd" name="simplest_ds.tapply_fun_sd"/>
  </testsuite>
  <testsuite name="ds.tapply::smk::fun=sum" timestamp="2025-09-19T12:20:54Z" hostname="runnervmf4ws1" tests="22" skipped="0" failures="0" errors="0" time="0.155">
    <testcase time="0.130000000000109" classname="ds.tapply_smk_fun_sum" name="simplest_ds.tapply_fun_sum"/>
    <testcase time="0.00100000000020373" classname="ds.tapply_smk_fun_sum" name="simplest_ds.tapply_fun_sum"/>
    <testcase time="0.00199999999995271" classname="ds.tapply_smk_fun_sum" name="simplest_ds.tapply_fun_sum"/>
    <testcase time="0.000999999999748979" classname="ds.tapply_smk_fun_sum" name="simplest_ds.tapply_fun_sum"/>
    <testcase time="0.00100000000020373" classname="ds.tapply_smk_fun_sum" name="simplest_ds.tapply_fun_sum"/>
    <testcase time="0.000999999999748979" classname="ds.tapply_smk_fun_sum" name="simplest_ds.tapply_fun_sum"/>
    <testcase time="0.00100000000020373" classname="ds.tapply_smk_fun_sum" name="simplest_ds.tapply_fun_sum"/>
    <testcase time="0.00199999999995271" classname="ds.tapply_smk_fun_sum" name="simplest_ds.tapply_fun_sum"/>
    <testcase time="0.00100000000020373" classname="ds.tapply_smk_fun_sum" name="simplest_ds.tapply_fun_sum"/>
    <testcase time="0.000999999999748979" classname="ds.tapply_smk_fun_sum" name="simplest_ds.tapply_fun_sum"/>
    <testcase time="0.00100000000020373" classname="ds.tapply_smk_fun_sum" name="simplest_ds.tapply_fun_sum"/>
    <testcase time="0.000999999999748979" classname="ds.tapply_smk_fun_sum" name="simplest_ds.tapply_fun_sum"/>
    <testcase time="0.000999999999748979" classname="ds.tapply_smk_fun_sum" name="simplest_ds.tapply_fun_sum"/>
    <testcase time="0.00100000000020373" classname="ds.tapply_smk_fun_sum" name="simplest_ds.tapply_fun_sum"/>
    <testcase time="0.00100000000020373" classname="ds.tapply_smk_fun_sum" name="simplest_ds.tapply_fun_sum"/>
    <testcase time="0.000999999999748979" classname="ds.tapply_smk_fun_sum" name="simplest_ds.tapply_fun_sum"/>
    <testcase time="0.00199999999995271" classname="ds.tapply_smk_fun_sum" name="simplest_ds.tapply_fun_sum"/>
    <testcase time="0.00100000000020373" classname="ds.tapply_smk_fun_sum" name="simplest_ds.tapply_fun_sum"/>
    <testcase time="0.000999999999748979" classname="ds.tapply_smk_fun_sum" name="simplest_ds.tapply_fun_sum"/>
    <testcase time="0.00100000000020373" classname="ds.tapply_smk_fun_sum" name="simplest_ds.tapply_fun_sum"/>
    <testcase time="0.00199999999995271" classname="ds.tapply_smk_fun_sum" name="simplest_ds.tapply_fun_sum"/>
    <testcase time="0.00100000000020373" classname="ds.tapply_smk_fun_sum" name="simplest_ds.tapply_fun_sum"/>
  </testsuite>
  <testsuite name="ds.tapply::smk::fun=quantile" timestamp="2025-09-19T12:20:54Z" hostname="runnervmf4ws1" tests="10" skipped="0" failures="0" errors="0" time="0.159">
    <testcase time="0.147999999999683" classname="ds.tapply_smk_fun_quantile" name="simplest_ds.tapply_fun_quantile"/>
    <testcase time="0.00199999999995271" classname="ds.tapply_smk_fun_quantile" name="simplest_ds.tapply_fun_quantile"/>
    <testcase time="0.00100000000020373" classname="ds.tapply_smk_fun_quantile" name="simplest_ds.tapply_fun_quantile"/>
    <testcase time="0.000999999999748979" classname="ds.tapply_smk_fun_quantile" name="simplest_ds.tapply_fun_quantile"/>
    <testcase time="0.00100000000020373" classname="ds.tapply_smk_fun_quantile" name="simplest_ds.tapply_fun_quantile"/>
    <testcase time="0.00100000000020373" classname="ds.tapply_smk_fun_quantile" name="simplest_ds.tapply_fun_quantile"/>
    <testcase time="0.00199999999995271" classname="ds.tapply_smk_fun_quantile" name="simplest_ds.tapply_fun_quantile"/>
    <testcase time="0.000999999999748979" classname="ds.tapply_smk_fun_quantile" name="simplest_ds.tapply_fun_quantile"/>
    <testcase time="0.00100000000020373" classname="ds.tapply_smk_fun_quantile" name="simplest_ds.tapply_fun_quantile"/>
    <testcase time="0.000999999999748979" classname="ds.tapply_smk_fun_quantile" name="simplest_ds.tapply_fun_quantile"/>
  </testsuite>
  <testsuite name="ds.tapply::smk::shutdown" timestamp="2025-09-19T12:20:55Z" hostname="runnervmf4ws1" tests="3" skipped="0" failures="0" errors="0" time="0.07">
    <testcase time="0.068000000000211" classname="ds.tapply_smk_shutdown" name="shutdown"/>
    <testcase time="0.000999999999748979" classname="ds.tapply_smk_shutdown" name="shutdown"/>
    <testcase time="0.00100000000020373" classname="ds.tapply_smk_shutdown" name="shutdown"/>
  </testsuite>
  <testsuite name="ds.tapply::smk::done" timestamp="2025-09-19T12:20:55Z" hostname="runnervmf4ws1" tests="0" skipped="0" failures="0" errors="0" time="0"/>
  <testsuite name="smk-ds.testObjExists-discordant" timestamp="2025-09-19T12:20:55Z" hostname="runnervmf4ws1" tests="0" skipped="0" failures="0" errors="0" time="0"/>
  <testsuite name="ds.testObjExists::smk::setup" timestamp="2025-09-19T12:20:55Z" hostname="runnervmf4ws1" tests="3" skipped="0" failures="0" errors="0" time="7.541">
    <testcase time="7.53800000000001" classname="ds.testObjExists_smk_setup" name="setup"/>
    <testcase time="0.000999999999748979" classname="ds.testObjExists_smk_setup" name="setup"/>
    <testcase time="0.00200000000040745" classname="ds.testObjExists_smk_setup" name="setup"/>
  </testsuite>
  <testsuite name="ds.testObjExists::smk::discordant" timestamp="2025-09-19T12:21:02Z" hostname="runnervmf4ws1" tests="20" skipped="0" failures="0" errors="0" time="0.162">
    <testcase time="0.0879999999997381" classname="ds.testObjExists_smk_discordant" name="simple_testObjExists_discordant"/>
    <testcase time="0.00100000000020373" classname="ds.testObjExists_smk_discordant" name="simple_testObjExists_discordant"/>
    <testcase time="0.0419999999999163" classname="ds.testObjExists_smk_discordant" name="data.frame_testObjExists_discordant"/>
    <testcase time="0.00199999999995271" classname="ds.testObjExists_smk_discordant" name="data.frame_testObjExists_discordant"/>
    <testcase time="0.00100000000020373" classname="ds.testObjExists_smk_discordant" name="data.frame_testObjExists_discordant"/>
    <testcase time="0.00299999999970169" classname="ds.testObjExists_smk_discordant" name="data.frame_testObjExists_discordant"/>
    <testcase time="0.00199999999995271" classname="ds.testObjExists_smk_discordant" name="data.frame_testObjExists_discordant"/>
    <testcase time="0.00100000000020373" classname="ds.testObjExists_smk_discordant" name="data.frame_testObjExists_discordant"/>
    <testcase time="0.00299999999970169" classname="ds.testObjExists_smk_discordant" name="data.frame_testObjExists_discordant"/>
    <testcase time="0.00200000000040745" classname="ds.testObjExists_smk_discordant" name="data.frame_testObjExists_discordant"/>
    <testcase time="0.00199999999995271" classname="ds.testObjExists_smk_discordant" name="data.frame_testObjExists_discordant"/>
    <testcase time="0.00299999999970169" classname="ds.testObjExists_smk_discordant" name="data.frame_testObjExists_discordant"/>
    <testcase time="0.00199999999995271" classname="ds.testObjExists_smk_discordant" name="data.frame_testObjExists_discordant"/>
    <testcase time="0.00200000000040745" classname="ds.testObjExists_smk_discordant" name="data.frame_testObjExists_discordant"/>
    <testcase time="0.000999999999748979" classname="ds.testObjExists_smk_discordant" name="data.frame_testObjExists_discordant"/>
    <testcase time="0.00199999999995271" classname="ds.testObjExists_smk_discordant" name="data.frame_testObjExists_discordant"/>
    <testcase time="0.00100000000020373" classname="ds.testObjExists_smk_discordant" name="data.frame_testObjExists_discordant"/>
    <testcase time="0.000999999999748979" classname="ds.testObjExists_smk_discordant" name="data.frame_testObjExists_discordant"/>
    <testcase time="0.00100000000020373" classname="ds.testObjExists_smk_discordant" name="data.frame_testObjExists_discordant"/>
    <testcase time="0.00199999999995271" classname="ds.testObjExists_smk_discordant" name="data.frame_testObjExists_discordant"/>
  </testsuite>
  <testsuite name="ds.testObjExists::smk::shutdown" timestamp="2025-09-19T12:21:02Z" hostname="runnervmf4ws1" tests="3" skipped="0" failures="0" errors="0" time="0.051">
    <testcase time="0.0489999999999782" classname="ds.testObjExists_smk_shutdown" name="shutdown"/>
    <testcase time="0.00100000000020373" classname="ds.testObjExists_smk_shutdown" name="shutdown"/>
    <testcase time="0.000999999999748979" classname="ds.testObjExists_smk_shutdown" name="shutdown"/>
  </testsuite>
  <testsuite name="ds.testObjExists::smk::done" timestamp="2025-09-19T12:21:03Z" hostname="runnervmf4ws1" tests="0" skipped="0" failures="0" errors="0" time="0"/>
  <testsuite name="smk-ds.testObjExists" timestamp="2025-09-19T12:21:03Z" hostname="runnervmf4ws1" tests="0" skipped="0" failures="0" errors="0" time="0"/>
  <testsuite name="ds.testObjExists::smk::setup" timestamp="2025-09-19T12:21:03Z" hostname="runnervmf4ws1" tests="3" skipped="0" failures="0" errors="0" time="7.556">
    <testcase time="7.55400000000009" classname="ds.testObjExists_smk_setup" name="setup"/>
    <testcase time="0.000999999999748979" classname="ds.testObjExists_smk_setup" name="setup"/>
    <testcase time="0.00100000000020373" classname="ds.testObjExists_smk_setup" name="setup"/>
  </testsuite>
  <testsuite name="ds.testObjExists::smk" timestamp="2025-09-19T12:21:10Z" hostname="runnervmf4ws1" tests="40" skipped="0" failures="0" errors="0" time="0.473">
    <testcase time="0.0489999999999782" classname="ds.testObjExists_smk" name="simple_testObjExists"/>
    <testcase time="0.00100000000020373" classname="ds.testObjExists_smk" name="simple_testObjExists"/>
    <testcase time="0.261999999999716" classname="ds.testObjExists_smk" name="data.frame_testObjExists"/>
    <testcase time="0.00199999999995271" classname="ds.testObjExists_smk" name="data.frame_testObjExists"/>
    <testcase time="0.0480000000002292" classname="ds.testObjExists_smk" name="data.frame_testObjExists"/>
    <testcase time="0.000999999999748979" classname="ds.testObjExists_smk" name="data.frame_testObjExists"/>
    <testcase time="0.00100000000020373" classname="ds.testObjExists_smk" name="data.frame_testObjExists"/>
    <testcase time="0.00300000000015643" classname="ds.testObjExists_smk" name="data.frame_testObjExists"/>
    <testcase time="0.00299999999970169" classname="ds.testObjExists_smk" name="data.frame_testObjExists"/>
    <testcase time="0.00100000000020373" classname="ds.testObjExists_smk" name="data.frame_testObjExists"/>
    <testcase time="0.00299999999970169" classname="ds.testObjExists_smk" name="data.frame_testObjExists"/>
    <testcase time="0.00200000000040745" classname="ds.testObjExists_smk" name="data.frame_testObjExists"/>
    <testcase time="0.000999999999748979" classname="ds.testObjExists_smk" name="data.frame_testObjExists"/>
    <testcase time="0.0109999999999673" classname="ds.testObjExists_smk" name="data.frame_testObjExists"/>
    <testcase time="0.00300000000015643" classname="ds.testObjExists_smk" name="data.frame_testObjExists"/>
    <testcase time="0.000999999999748979" classname="ds.testObjExists_smk" name="data.frame_testObjExists"/>
    <testcase time="0.00100000000020373" classname="ds.testObjExists_smk" name="data.frame_testObjExists"/>
    <testcase time="0.00199999999995271" classname="ds.testObjExists_smk" name="data.frame_testObjExists"/>
    <testcase time="0.00100000000020373" classname="ds.testObjExists_smk" name="data.frame_testObjExists"/>
    <testcase time="0.000999999999748979" classname="ds.testObjExists_smk" name="data.frame_testObjExists"/>
    <testcase time="0.00100000000020373" classname="ds.testObjExists_smk" name="data.frame_testObjExists"/>
    <testcase time="0.00199999999995271" classname="ds.testObjExists_smk" name="data.frame_testObjExists"/>
    <testcase time="0.0430000000001201" classname="ds.testObjExists_smk" name="data.frame_testObjExists"/>
    <testcase time="0.00199999999995271" classname="ds.testObjExists_smk" name="data.frame_testObjExists"/>
    <testcase time="0.000999999999748979" classname="ds.testObjExists_smk" name="data.frame_testObjExists"/>
    <testcase time="0.00300000000015643" classname="ds.testObjExists_smk" name="data.frame_testObjExists"/>
    <testcase time="0.00300000000015643" classname="ds.testObjExists_smk" name="data.frame_testObjExists"/>
    <testcase time="0.000999999999748979" classname="ds.testObjExists_smk" name="data.frame_testObjExists"/>
    <testcase time="0.00199999999995271" classname="ds.testObjExists_smk" name="data.frame_testObjExists"/>
    <testcase time="0.00300000000015643" classname="ds.testObjExists_smk" name="data.frame_testObjExists"/>
    <testcase time="0.000999999999748979" classname="ds.testObjExists_smk" name="data.frame_testObjExists"/>
    <testcase time="0.00300000000015643" classname="ds.testObjExists_smk" name="data.frame_testObjExists"/>
    <testcase time="0.00199999999995271" classname="ds.testObjExists_smk" name="data.frame_testObjExists"/>
    <testcase time="0.00199999999995271" classname="ds.testObjExists_smk" name="data.frame_testObjExists"/>
    <testcase time="0.00100000000020373" classname="ds.testObjExists_smk" name="data.frame_testObjExists"/>
    <testcase time="0.000999999999748979" classname="ds.testObjExists_smk" name="data.frame_testObjExists"/>
    <testcase time="0.00100000000020373" classname="ds.testObjExists_smk" name="data.frame_testObjExists"/>
    <testcase time="0.00199999999995271" classname="ds.testObjExists_smk" name="data.frame_testObjExists"/>
    <testcase time="0.00100000000020373" classname="ds.testObjExists_smk" name="data.frame_testObjExists"/>
    <testcase time="0.000999999999748979" classname="ds.testObjExists_smk" name="data.frame_testObjExists"/>
  </testsuite>
  <testsuite name="ds.testObjExists::smk::shutdown" timestamp="2025-09-19T12:21:11Z" hostname="runnervmf4ws1" tests="3" skipped="0" failures="0" errors="0" time="0.054">
    <testcase time="0.0520000000001346" classname="ds.testObjExists_smk_shutdown" name="shutdown"/>
    <testcase time="0.00100000000020373" classname="ds.testObjExists_smk_shutdown" name="shutdown"/>
    <testcase time="0.00100000000020373" classname="ds.testObjExists_smk_shutdown" name="shutdown"/>
  </testsuite>
  <testsuite name="ds.testObjExists::smk::done" timestamp="2025-09-19T12:21:11Z" hostname="runnervmf4ws1" tests="0" skipped="0" failures="0" errors="0" time="0"/>
  <testsuite name="smk-ds.unique" timestamp="2025-09-19T12:21:11Z" hostname="runnervmf4ws1" tests="0" skipped="0" failures="0" errors="0" time="0"/>
  <testsuite name="ds.unique::smk::setup" timestamp="2025-09-19T12:21:11Z" hostname="runnervmf4ws1" tests="3" skipped="0" failures="0" errors="0" time="7.513">
    <testcase time="7.50999999999976" classname="ds.unique_smk_setup" name="setup"/>
    <testcase time="0.00100000000020373" classname="ds.unique_smk_setup" name="setup"/>
    <testcase time="0.00199999999995271" classname="ds.unique_smk_setup" name="setup"/>
  </testsuite>
  <testsuite name="ds.unique::smk::simple test" timestamp="2025-09-19T12:21:18Z" hostname="runnervmf4ws1" tests="11" skipped="0" failures="0" errors="0" time="0.191">
    <testcase time="0.0459999999998217" classname="ds.unique_smk_simple_test" name="simple_test"/>
    <testcase time="0.00199999999995271" classname="ds.unique_smk_simple_test" name="simple_test"/>
    <testcase time="0.00100000000020373" classname="ds.unique_smk_simple_test" name="simple_test"/>
    <testcase time="0.000999999999748979" classname="ds.unique_smk_simple_test" name="simple_test"/>
    <testcase time="0.00100000000020373" classname="ds.unique_smk_simple_test" name="simple_test"/>
    <testcase time="0.0949999999997999" classname="ds.unique_smk_simple_test" name="simple_test"/>
    <testcase time="0.0399999999999636" classname="ds.unique_smk_simple_test" name="simple_test"/>
    <testcase time="0.00100000000020373" classname="ds.unique_smk_simple_test" name="simple_test"/>
    <testcase time="0.00199999999995271" classname="ds.unique_smk_simple_test" name="simple_test"/>
    <testcase time="0.00100000000020373" classname="ds.unique_smk_simple_test" name="simple_test"/>
    <testcase time="0.000999999999748979" classname="ds.unique_smk_simple_test" name="simple_test"/>
  </testsuite>
  <testsuite name="ds.unique::smk::shutdown" timestamp="2025-09-19T12:21:18Z" hostname="runnervmf4ws1" tests="3" skipped="0" failures="0" errors="0" time="0.051">
    <testcase time="0.0489999999999782" classname="ds.unique_smk_shutdown" name="shutdown"/>
    <testcase time="0.00100000000020373" classname="ds.unique_smk_shutdown" name="shutdown"/>
    <testcase time="0.000999999999748979" classname="ds.unique_smk_shutdown" name="shutdown"/>
  </testsuite>
  <testsuite name="ds.unique::smk::done" timestamp="2025-09-19T12:21:19Z" hostname="runnervmf4ws1" tests="0" skipped="0" failures="0" errors="0" time="0"/>
  <testsuite name="smk-ds.unList" timestamp="2025-09-19T12:21:19Z" hostname="runnervmf4ws1" tests="0" skipped="0" failures="0" errors="0" time="0"/>
  <testsuite name="ds.unList::smk::setup" timestamp="2025-09-19T12:21:19Z" hostname="runnervmf4ws1" tests="3" skipped="0" failures="0" errors="0" time="7.483">
    <testcase time="7.48100000000022" classname="ds.unList_smk_setup" name="setup"/>
    <testcase time="0.000999999999748979" classname="ds.unList_smk_setup" name="setup"/>
    <testcase time="0.00100000000020373" classname="ds.unList_smk_setup" name="setup"/>
  </testsuite>
  <testsuite name="ds.unList::smk::simple test" timestamp="2025-09-19T12:21:26Z" hostname="runnervmf4ws1" tests="3" skipped="0" failures="0" errors="0" time="0.411">
    <testcase time="0.409000000000106" classname="ds.unList_smk_simple_test" name="simple_test"/>
    <testcase time="0.000999999999748979" classname="ds.unList_smk_simple_test" name="simple_test"/>
    <testcase time="0.00100000000020373" classname="ds.unList_smk_simple_test" name="simple_test"/>
  </testsuite>
  <testsuite name="ds.unList::smk::shutdown" timestamp="2025-09-19T12:21:26Z" hostname="runnervmf4ws1" tests="3" skipped="0" failures="0" errors="0" time="0.062">
    <testcase time="0.0589999999997417" classname="ds.unList_smk_shutdown" name="shutdown"/>
    <testcase time="0.00100000000020373" classname="ds.unList_smk_shutdown" name="shutdown"/>
    <testcase time="0.00199999999995271" classname="ds.unList_smk_shutdown" name="shutdown"/>
  </testsuite>
  <testsuite name="ds.unList::smk::done" timestamp="2025-09-19T12:21:27Z" hostname="runnervmf4ws1" tests="0" skipped="0" failures="0" errors="0" time="0"/>
  <testsuite name="smk-ds.var" timestamp="2025-09-19T12:21:27Z" hostname="runnervmf4ws1" tests="0" skipped="0" failures="0" errors="0" time="0"/>
  <testsuite name="ds.var::smk::setup" timestamp="2025-09-19T12:21:27Z" hostname="runnervmf4ws1" tests="3" skipped="0" failures="0" errors="0" time="7.538">
    <testcase time="7.53499999999985" classname="ds.var_smk_setup" name="setup"/>
    <testcase time="0.00199999999995271" classname="ds.var_smk_setup" name="setup"/>
    <testcase time="0.00100000000020373" classname="ds.var_smk_setup" name="setup"/>
  </testsuite>
  <testsuite name="ds.var::smk::split" timestamp="2025-09-19T12:21:34Z" hostname="runnervmf4ws1" tests="19" skipped="0" failures="0" errors="0" time="0.111">
    <testcase time="0.0900000000001455" classname="ds.var_smk_split" name="simple_var_split"/>
    <testcase time="0.000999999999748979" classname="ds.var_smk_split" name="simple_var_split"/>
    <testcase time="0.00100000000020373" classname="ds.var_smk_split" name="simple_var_split"/>
    <testcase time="0.00199999999995271" classname="ds.var_smk_split" name="simple_var_split"/>
    <testcase time="0.000999999999748979" classname="ds.var_smk_split" name="simple_var_split"/>
    <testcase time="0.00100000000020373" classname="ds.var_smk_split" name="simple_var_split"/>
    <testcase time="0.00100000000020373" classname="ds.var_smk_split" name="simple_var_split"/>
    <testcase time="0.000999999999748979" classname="ds.var_smk_split" name="simple_var_split"/>
    <testcase time="0.000999999999748979" classname="ds.var_smk_split" name="simple_var_split"/>
    <testcase time="0.00100000000020373" classname="ds.var_smk_split" name="simple_var_split"/>
    <testcase time="0.000999999999748979" classname="ds.var_smk_split" name="simple_var_split"/>
    <testcase time="0.00100000000020373" classname="ds.var_smk_split" name="simple_var_split"/>
    <testcase time="0.00199999999995271" classname="ds.var_smk_split" name="simple_var_split"/>
    <testcase time="0.000999999999748979" classname="ds.var_smk_split" name="simple_var_split"/>
    <testcase time="0.00100000000020373" classname="ds.var_smk_split" name="simple_var_split"/>
    <testcase time="0.00100000000020373" classname="ds.var_smk_split" name="simple_var_split"/>
    <testcase time="0.00199999999995271" classname="ds.var_smk_split" name="simple_var_split"/>
    <testcase time="0.000999999999748979" classname="ds.var_smk_split" name="simple_var_split"/>
    <testcase time="0.00100000000020373" classname="ds.var_smk_split" name="simple_var_split"/>
  </testsuite>
  <testsuite name="ds.var::smk::combine" timestamp="2025-09-19T12:21:34Z" hostname="runnervmf4ws1" tests="11" skipped="0" failures="0" errors="0" time="0.103">
    <testcase time="0.0909999999998945" classname="ds.var_smk_combine" name="simple_var_combine"/>
    <testcase time="0.00100000000020373" classname="ds.var_smk_combine" name="simple_var_combine"/>
    <testcase time="0.000999999999748979" classname="ds.var_smk_combine" name="simple_var_combine"/>
    <testcase time="0.00100000000020373" classname="ds.var_smk_combine" name="simple_var_combine"/>
    <testcase time="0.00199999999995271" classname="ds.var_smk_combine" name="simple_var_combine"/>
    <testcase time="0.000999999999748979" classname="ds.var_smk_combine" name="simple_var_combine"/>
    <testcase time="0.00100000000020373" classname="ds.var_smk_combine" name="simple_var_combine"/>
    <testcase time="0.000999999999748979" classname="ds.var_smk_combine" name="simple_var_combine"/>
    <testcase time="0.00200000000040745" classname="ds.var_smk_combine" name="simple_var_combine"/>
    <testcase time="0.000999999999748979" classname="ds.var_smk_combine" name="simple_var_combine"/>
    <testcase time="0.00100000000020373" classname="ds.var_smk_combine" name="simple_var_combine"/>
  </testsuite>
  <testsuite name="ds.var::smk::both" timestamp="2025-09-19T12:21:34Z" hostname="runnervmf4ws1" tests="24" skipped="0" failures="0" errors="0" time="0.127">
    <testcase time="0.0899999999996908" classname="ds.var_smk_both" name="simple_var_both"/>
    <testcase time="0.00100000000020373" classname="ds.var_smk_both" name="simple_var_both"/>
    <testcase time="0.00199999999995271" classname="ds.var_smk_both" name="simple_var_both"/>
    <testcase time="0.00100000000020373" classname="ds.var_smk_both" name="simple_var_both"/>
    <testcase time="0.000999999999748979" classname="ds.var_smk_both" name="simple_var_both"/>
    <testcase time="0.00199999999995271" classname="ds.var_smk_both" name="simple_var_both"/>
    <testcase time="0.00100000000020373" classname="ds.var_smk_both" name="simple_var_both"/>
    <testcase time="0.000999999999748979" classname="ds.var_smk_both" name="simple_var_both"/>
    <testcase time="0.00199999999995271" classname="ds.var_smk_both" name="simple_var_both"/>
    <testcase time="0.00100000000020373" classname="ds.var_smk_both" name="simple_var_both"/>
    <testcase time="0.000999999999748979" classname="ds.var_smk_both" name="simple_var_both"/>
    <testcase time="0.00200000000040745" classname="ds.var_smk_both" name="simple_var_both"/>
    <testcase time="0.000999999999748979" classname="ds.var_smk_both" name="simple_var_both"/>
    <testcase time="0.00800000000026557" classname="ds.var_smk_both" name="simple_var_both"/>
    <testcase time="0.000999999999748979" classname="ds.var_smk_both" name="simple_var_both"/>
    <testcase time="0.00199999999995271" classname="ds.var_smk_both" name="simple_var_both"/>
    <testcase time="0.00100000000020373" classname="ds.var_smk_both" name="simple_var_both"/>
    <testcase time="0.000999999999748979" classname="ds.var_smk_both" name="simple_var_both"/>
    <testcase time="0.00199999999995271" classname="ds.var_smk_both" name="simple_var_both"/>
    <testcase time="0.00100000000020373" classname="ds.var_smk_both" name="simple_var_both"/>
    <testcase time="0.00100000000020373" classname="ds.var_smk_both" name="simple_var_both"/>
    <testcase time="0.000999999999748979" classname="ds.var_smk_both" name="simple_var_both"/>
    <testcase time="0.00100000000020373" classname="ds.var_smk_both" name="simple_var_both"/>
    <testcase time="0.00199999999995271" classname="ds.var_smk_both" name="simple_var_both"/>
  </testsuite>
  <testsuite name="ds.var::smk::shutdown" timestamp="2025-09-19T12:21:34Z" hostname="runnervmf4ws1" tests="3" skipped="0" failures="0" errors="0" time="0.051">
    <testcase time="0.0489999999999782" classname="ds.var_smk_shutdown" name="shutdown"/>
    <testcase time="0.000999999999748979" classname="ds.var_smk_shutdown" name="shutdown"/>
    <testcase time="0.00100000000020373" classname="ds.var_smk_shutdown" name="shutdown"/>
  </testsuite>
  <testsuite name="ds.var::smk::done" timestamp="2025-09-19T12:21:34Z" hostname="runnervmf4ws1" tests="0" skipped="0" failures="0" errors="0" time="0"/>
  <testsuite name="smk-ds.vectorCalc" timestamp="2025-09-19T12:21:34Z" hostname="runnervmf4ws1" tests="0" skipped="0" failures="0" errors="0" time="0"/>
  <testsuite name="ds.vectorCalc::smk::setup" timestamp="2025-09-19T12:21:34Z" hostname="runnervmf4ws1" tests="3" skipped="0" failures="0" errors="0" time="7.559">
    <testcase time="7.55600000000004" classname="ds.vectorCalc_smk_setup" name="setup"/>
    <testcase time="0.000999999999748979" classname="ds.vectorCalc_smk_setup" name="setup"/>
    <testcase time="0.00199999999995271" classname="ds.vectorCalc_smk_setup" name="setup"/>
  </testsuite>
  <testsuite name="ds.vectorCalc::smk" timestamp="2025-09-19T12:21:42Z" hostname="runnervmf4ws1" tests="18" skipped="0" failures="0" errors="0" time="0.352">
    <testcase time="0.207000000000335" classname="ds.vectorCalc_smk" name="simple_test"/>
    <testcase time="0.000999999999748979" classname="ds.vectorCalc_smk" name="simple_test"/>
    <testcase time="0.0790000000001783" classname="ds.vectorCalc_smk" name="simple_test"/>
    <testcase time="0.000999999999748979" classname="ds.vectorCalc_smk" name="simple_test"/>
    <testcase time="0.00200000000040745" classname="ds.vectorCalc_smk" name="simple_test"/>
    <testcase time="0.000999999999748979" classname="ds.vectorCalc_smk" name="simple_test"/>
    <testcase time="0.00100000000020373" classname="ds.vectorCalc_smk" name="simple_test"/>
    <testcase time="0.000999999999748979" classname="ds.vectorCalc_smk" name="simple_test"/>
    <testcase time="0.00100000000020373" classname="ds.vectorCalc_smk" name="simple_test"/>
    <testcase time="0.0489999999999782" classname="ds.vectorCalc_smk" name="simple_test"/>
    <testcase time="0.000999999999748979" classname="ds.vectorCalc_smk" name="simple_test"/>
    <testcase time="0.00100000000020373" classname="ds.vectorCalc_smk" name="simple_test"/>
    <testcase time="0.000999999999748979" classname="ds.vectorCalc_smk" name="simple_test"/>
    <testcase time="0.00200000000040745" classname="ds.vectorCalc_smk" name="simple_test"/>
    <testcase time="0.000999999999748979" classname="ds.vectorCalc_smk" name="simple_test"/>
    <testcase time="0.00100000000020373" classname="ds.vectorCalc_smk" name="simple_test"/>
    <testcase time="0.000999999999748979" classname="ds.vectorCalc_smk" name="simple_test"/>
    <testcase time="0.00100000000020373" classname="ds.vectorCalc_smk" name="simple_test"/>
  </testsuite>
  <testsuite name="ds.vectorCalc::smk::shutdown" timestamp="2025-09-19T12:21:42Z" hostname="runnervmf4ws1" tests="3" skipped="0" failures="0" errors="0" time="0.051">
    <testcase time="0.0489999999999782" classname="ds.vectorCalc_smk_shutdown" name="shutdown"/>
    <testcase time="0.000999999999748979" classname="ds.vectorCalc_smk_shutdown" name="shutdown"/>
    <testcase time="0.00100000000020373" classname="ds.vectorCalc_smk_shutdown" name="shutdown"/>
  </testsuite>
  <testsuite name="ds.vectorCalc::smk::done" timestamp="2025-09-19T12:21:42Z" hostname="runnervmf4ws1" tests="0" skipped="0" failures="0" errors="0" time="0"/>
  <testsuite name="smk-isDefined" timestamp="2025-09-19T12:21:42Z" hostname="runnervmf4ws1" tests="0" skipped="0" failures="0" errors="0" time="0"/>
  <testsuite name="isDefined::smk::setup" timestamp="2025-09-19T12:21:42Z" hostname="runnervmf4ws1" tests="3" skipped="0" failures="0" errors="0" time="7.504">
    <testcase time="7.50199999999995" classname="isDefined_smk_setup" name="setup"/>
    <testcase time="0.00100000000020373" classname="isDefined_smk_setup" name="setup"/>
    <testcase time="0.000999999999748979" classname="isDefined_smk_setup" name="setup"/>
  </testsuite>
  <testsuite name="isDefined::smk::default" timestamp="2025-09-19T12:21:50Z" hostname="runnervmf4ws1" tests="25" skipped="0" failures="0" errors="0" time="0.483">
    <testcase time="0.0480000000002292" classname="isDefined_smk_default" name="default_test_dataframe_D"/>
    <testcase time="0.00299999999970169" classname="isDefined_smk_default" name="default_test_dataframe_D"/>
    <testcase time="0.00100000000020373" classname="isDefined_smk_default" name="default_test_dataframe_D"/>
    <testcase time="0.00299999999970169" classname="isDefined_smk_default" name="default_test_dataframe_D"/>
    <testcase time="0.00200000000040745" classname="isDefined_smk_default" name="default_test_dataframe_D"/>
    <testcase time="0.00299999999970169" classname="isDefined_smk_default" name="default_test_dataframe_D"/>
    <testcase time="0.0460000000002765" classname="isDefined_smk_default" name="default_test_dataframe_E"/>
    <testcase time="0.0760000000000218" classname="isDefined_smk_default" name="default_test_dataframe_column_E_A"/>
    <testcase time="0.000999999999748979" classname="isDefined_smk_default" name="default_test_dataframe_column_E_A"/>
    <testcase time="0.00300000000015643" classname="isDefined_smk_default" name="default_test_dataframe_column_E_A"/>
    <testcase time="0.000999999999748979" classname="isDefined_smk_default" name="default_test_dataframe_column_E_A"/>
    <testcase time="0.00100000000020373" classname="isDefined_smk_default" name="default_test_dataframe_column_E_A"/>
    <testcase time="0.00199999999995271" classname="isDefined_smk_default" name="default_test_dataframe_column_E_A"/>
    <testcase time="0.00100000000020373" classname="isDefined_smk_default" name="default_test_dataframe_column_E_A"/>
    <testcase time="0.0479999999997744" classname="isDefined_smk_default" name="default_test_dataframe_column_D_A"/>
    <testcase time="0.0459999999998217" classname="isDefined_smk_default" name="default_test_dataframe_column_D_B"/>
    <testcase time="0.0470000000000255" classname="isDefined_smk_default" name="default_test_dataframe_column_D_C"/>
    <testcase time="0.0530000000003383" classname="isDefined_smk_default" name="default_test_dataframe_column_D_D"/>
    <testcase time="0.0419999999999163" classname="isDefined_smk_default" name="default_test_dataframe_columns_D_D_B"/>
    <testcase time="0.00299999999970169" classname="isDefined_smk_default" name="default_test_dataframe_columns_D_D_B"/>
    <testcase time="0.00100000000020373" classname="isDefined_smk_default" name="default_test_dataframe_columns_D_D_B"/>
    <testcase time="0.00300000000015643" classname="isDefined_smk_default" name="default_test_dataframe_columns_D_D_B"/>
    <testcase time="0.00199999999995271" classname="isDefined_smk_default" name="default_test_dataframe_columns_D_D_B"/>
    <testcase time="0.00299999999970169" classname="isDefined_smk_default" name="default_test_dataframe_columns_D_D_B"/>
    <testcase time="0.0440000000003238" classname="isDefined_smk_default" name="default_test_dataframe_columns_D_A_D_B"/>
  </testsuite>
  <testsuite name="isDefined::smk::error.message=FALSE" timestamp="2025-09-19T12:21:50Z" hostname="runnervmf4ws1" tests="55" skipped="0" failures="0" errors="0" time="0.554">
    <testcase time="0.0479999999997744" classname="isDefined_smk_error.message_FALSE" name="error.message_FALSE_test_dataframe_D"/>
    <testcase time="0.00300000000015643" classname="isDefined_smk_error.message_FALSE" name="error.message_FALSE_test_dataframe_D"/>
    <testcase time="0.000999999999748979" classname="isDefined_smk_error.message_FALSE" name="error.message_FALSE_test_dataframe_D"/>
    <testcase time="0.00200000000040745" classname="isDefined_smk_error.message_FALSE" name="error.message_FALSE_test_dataframe_D"/>
    <testcase time="0.00299999999970169" classname="isDefined_smk_error.message_FALSE" name="error.message_FALSE_test_dataframe_D"/>
    <testcase time="0.00300000000015643" classname="isDefined_smk_error.message_FALSE" name="error.message_FALSE_test_dataframe_D"/>
    <testcase time="0.0419999999999163" classname="isDefined_smk_error.message_FALSE" name="error.message_FALSE_test_dataframe_E"/>
    <testcase time="0.00300000000015643" classname="isDefined_smk_error.message_FALSE" name="error.message_FALSE_test_dataframe_E"/>
    <testcase time="0.000999999999748979" classname="isDefined_smk_error.message_FALSE" name="error.message_FALSE_test_dataframe_E"/>
    <testcase time="0.00300000000015643" classname="isDefined_smk_error.message_FALSE" name="error.message_FALSE_test_dataframe_E"/>
    <testcase time="0.00199999999995271" classname="isDefined_smk_error.message_FALSE" name="error.message_FALSE_test_dataframe_E"/>
    <testcase time="0.00300000000015643" classname="isDefined_smk_error.message_FALSE" name="error.message_FALSE_test_dataframe_E"/>
    <testcase time="0.0769999999997708" classname="isDefined_smk_error.message_FALSE" name="error.message_FALSE_test_dataframe_column_E_A"/>
    <testcase time="0.00199999999995271" classname="isDefined_smk_error.message_FALSE" name="error.message_FALSE_test_dataframe_column_E_A"/>
    <testcase time="0.00199999999995271" classname="isDefined_smk_error.message_FALSE" name="error.message_FALSE_test_dataframe_column_E_A"/>
    <testcase time="0.00199999999995271" classname="isDefined_smk_error.message_FALSE" name="error.message_FALSE_test_dataframe_column_E_A"/>
    <testcase time="0.00100000000020373" classname="isDefined_smk_error.message_FALSE" name="error.message_FALSE_test_dataframe_column_E_A"/>
    <testcase time="0.00100000000020373" classname="isDefined_smk_error.message_FALSE" name="error.message_FALSE_test_dataframe_column_E_A"/>
    <testcase time="0.00199999999995271" classname="isDefined_smk_error.message_FALSE" name="error.message_FALSE_test_dataframe_column_E_A"/>
    <testcase time="0.0429999999996653" classname="isDefined_smk_error.message_FALSE" name="error.message_FALSE_test_dataframe_column_D_A"/>
    <testcase time="0.00300000000015643" classname="isDefined_smk_error.message_FALSE" name="error.message_FALSE_test_dataframe_column_D_A"/>
    <testcase time="0.00100000000020373" classname="isDefined_smk_error.message_FALSE" name="error.message_FALSE_test_dataframe_column_D_A"/>
    <testcase time="0.00299999999970169" classname="isDefined_smk_error.message_FALSE" name="error.message_FALSE_test_dataframe_column_D_A"/>
    <testcase time="0.00199999999995271" classname="isDefined_smk_error.message_FALSE" name="error.message_FALSE_test_dataframe_column_D_A"/>
    <testcase time="0.00300000000015643" classname="isDefined_smk_error.message_FALSE" name="error.message_FALSE_test_dataframe_column_D_A"/>
    <testcase time="0.0430000000001201" classname="isDefined_smk_error.message_FALSE" name="error.message_FALSE_test_dataframe_column_D_B"/>
    <testcase time="0.00299999999970169" classname="isDefined_smk_error.message_FALSE" name="error.message_FALSE_test_dataframe_column_D_B"/>
    <testcase time="0.00100000000020373" classname="isDefined_smk_error.message_FALSE" name="error.message_FALSE_test_dataframe_column_D_B"/>
    <testcase time="0.00300000000015643" classname="isDefined_smk_error.message_FALSE" name="error.message_FALSE_test_dataframe_column_D_B"/>
    <testcase time="0.00299999999970169" classname="isDefined_smk_error.message_FALSE" name="error.message_FALSE_test_dataframe_column_D_B"/>
    <testcase time="0.00199999999995271" classname="isDefined_smk_error.message_FALSE" name="error.message_FALSE_test_dataframe_column_D_B"/>
    <testcase time="0.0500000000001819" classname="isDefined_smk_error.message_FALSE" name="error.message_FALSE_test_dataframe_column_D_C"/>
    <testcase time="0.00300000000015643" classname="isDefined_smk_error.message_FALSE" name="error.message_FALSE_test_dataframe_column_D_C"/>
    <testcase time="0.000999999999748979" classname="isDefined_smk_error.message_FALSE" name="error.message_FALSE_test_dataframe_column_D_C"/>
    <testcase time="0.00300000000015643" classname="isDefined_smk_error.message_FALSE" name="error.message_FALSE_test_dataframe_column_D_C"/>
    <testcase time="0.00199999999995271" classname="isDefined_smk_error.message_FALSE" name="error.message_FALSE_test_dataframe_column_D_C"/>
    <testcase time="0.00300000000015643" classname="isDefined_smk_error.message_FALSE" name="error.message_FALSE_test_dataframe_column_D_C"/>
    <testcase time="0.0429999999996653" classname="isDefined_smk_error.message_FALSE" name="error.message_FALSE_test_dataframe_column_D_D"/>
    <testcase time="0.00300000000015643" classname="isDefined_smk_error.message_FALSE" name="error.message_FALSE_test_dataframe_column_D_D"/>
    <testcase time="0.00100000000020373" classname="isDefined_smk_error.message_FALSE" name="error.message_FALSE_test_dataframe_column_D_D"/>
    <testcase time="0.00299999999970169" classname="isDefined_smk_error.message_FALSE" name="error.message_FALSE_test_dataframe_column_D_D"/>
    <testcase time="0.00300000000015643" classname="isDefined_smk_error.message_FALSE" name="error.message_FALSE_test_dataframe_column_D_D"/>
    <testcase time="0.00199999999995271" classname="isDefined_smk_error.message_FALSE" name="error.message_FALSE_test_dataframe_column_D_D"/>
    <testcase time="0.0549999999998363" classname="isDefined_smk_error.message_FALSE" name="error.message_FALSE_test_dataframe_columns_D_D_B"/>
    <testcase time="0.00300000000015643" classname="isDefined_smk_error.message_FALSE" name="error.message_FALSE_test_dataframe_columns_D_D_B"/>
    <testcase time="0.00100000000020373" classname="isDefined_smk_error.message_FALSE" name="error.message_FALSE_test_dataframe_columns_D_D_B"/>
    <testcase time="0.00299999999970169" classname="isDefined_smk_error.message_FALSE" name="error.message_FALSE_test_dataframe_columns_D_D_B"/>
    <testcase time="0.00199999999995271" classname="isDefined_smk_error.message_FALSE" name="error.message_FALSE_test_dataframe_columns_D_D_B"/>
    <testcase time="0.00300000000015643" classname="isDefined_smk_error.message_FALSE" name="error.message_FALSE_test_dataframe_columns_D_D_B"/>
    <testcase time="0.0459999999998217" classname="isDefined_smk_error.message_FALSE" name="error.message_FALSE_test_dataframe_columns_D_A_D_B"/>
    <testcase time="0.00300000000015643" classname="isDefined_smk_error.message_FALSE" name="error.message_FALSE_test_dataframe_columns_D_A_D_B"/>
    <testcase time="0.00199999999995271" classname="isDefined_smk_error.message_FALSE" name="error.message_FALSE_test_dataframe_columns_D_A_D_B"/>
    <testcase time="0.00199999999995271" classname="isDefined_smk_error.message_FALSE" name="error.message_FALSE_test_dataframe_columns_D_A_D_B"/>
    <testcase time="0.00300000000015643" classname="isDefined_smk_error.message_FALSE" name="error.message_FALSE_test_dataframe_columns_D_A_D_B"/>
    <testcase time="0.00300000000015643" classname="isDefined_smk_error.message_FALSE" name="error.message_FALSE_test_dataframe_columns_D_A_D_B"/>
  </testsuite>
  <testsuite name="isDefined::smk::error.message=TRUE" timestamp="2025-09-19T12:21:51Z" hostname="runnervmf4ws1" tests="25" skipped="0" failures="0" errors="0" time="0.483">
    <testcase time="0.0499999999997272" classname="isDefined_smk_error.message_TRUE" name="error.message_TRUE_test_dataframe_D"/>
    <testcase time="0.00199999999995271" classname="isDefined_smk_error.message_TRUE" name="error.message_TRUE_test_dataframe_D"/>
    <testcase time="0.00199999999995271" classname="isDefined_smk_error.message_TRUE" name="error.message_TRUE_test_dataframe_D"/>
    <testcase time="0.00199999999995271" classname="isDefined_smk_error.message_TRUE" name="error.message_TRUE_test_dataframe_D"/>
    <testcase time="0.00300000000015643" classname="isDefined_smk_error.message_TRUE" name="error.message_TRUE_test_dataframe_D"/>
    <testcase time="0.00199999999995271" classname="isDefined_smk_error.message_TRUE" name="error.message_TRUE_test_dataframe_D"/>
    <testcase time="0.0460000000002765" classname="isDefined_smk_error.message_TRUE" name="error.message_TRUE_test_dataframe_E"/>
    <testcase time="0.0809999999996762" classname="isDefined_smk_error.message_TRUE" name="error.message_TRUE_test_dataframe_column_E_A"/>
    <testcase time="0.00100000000020373" classname="isDefined_smk_error.message_TRUE" name="error.message_TRUE_test_dataframe_column_E_A"/>
    <testcase time="0.00300000000015643" classname="isDefined_smk_error.message_TRUE" name="error.message_TRUE_test_dataframe_column_E_A"/>
    <testcase time="0.000999999999748979" classname="isDefined_smk_error.message_TRUE" name="error.message_TRUE_test_dataframe_column_E_A"/>
    <testcase time="0.00199999999995271" classname="isDefined_smk_error.message_TRUE" name="error.message_TRUE_test_dataframe_column_E_A"/>
    <testcase time="0.00100000000020373" classname="isDefined_smk_error.message_TRUE" name="error.message_TRUE_test_dataframe_column_E_A"/>
    <testcase time="0.000999999999748979" classname="isDefined_smk_error.message_TRUE" name="error.message_TRUE_test_dataframe_column_E_A"/>
    <testcase time="0.0450000000000728" classname="isDefined_smk_error.message_TRUE" name="error.message_TRUE_test_dataframe_column_D_A"/>
    <testcase time="0.0520000000001346" classname="isDefined_smk_error.message_TRUE" name="error.message_TRUE_test_dataframe_column_D_B"/>
    <testcase time="0.0450000000000728" classname="isDefined_smk_error.message_TRUE" name="error.message_TRUE_test_dataframe_column_D_C"/>
    <testcase time="0.0450000000000728" classname="isDefined_smk_error.message_TRUE" name="error.message_TRUE_test_dataframe_column_D_D"/>
    <testcase time="0.0419999999999163" classname="isDefined_smk_error.message_TRUE" name="error.message_TRUE_test_dataframe_columns_D_D_B"/>
    <testcase time="0.00299999999970169" classname="isDefined_smk_error.message_TRUE" name="error.message_TRUE_test_dataframe_columns_D_D_B"/>
    <testcase time="0.00100000000020373" classname="isDefined_smk_error.message_TRUE" name="error.message_TRUE_test_dataframe_columns_D_D_B"/>
    <testcase time="0.00199999999995271" classname="isDefined_smk_error.message_TRUE" name="error.message_TRUE_test_dataframe_columns_D_D_B"/>
    <testcase time="0.00300000000015643" classname="isDefined_smk_error.message_TRUE" name="error.message_TRUE_test_dataframe_columns_D_D_B"/>
    <testcase time="0.00299999999970169" classname="isDefined_smk_error.message_TRUE" name="error.message_TRUE_test_dataframe_columns_D_D_B"/>
    <testcase time="0.0450000000000728" classname="isDefined_smk_error.message_TRUE" name="error.message_TRUE_test_dataframe_columns_D_A_D_B"/>
  </testsuite>
  <testsuite name="isDefined::smk::shutdown" timestamp="2025-09-19T12:21:51Z" hostname="runnervmf4ws1" tests="3" skipped="0" failures="0" errors="0" time="0.052">
    <testcase time="0.0489999999999782" classname="isDefined_smk_shutdown" name="shutdown"/>
    <testcase time="0.00199999999995271" classname="isDefined_smk_shutdown" name="shutdown"/>
    <testcase time="0.00100000000020373" classname="isDefined_smk_shutdown" name="shutdown"/>
  </testsuite>
  <testsuite name="isDefined::smk::done" timestamp="2025-09-19T12:21:51Z" hostname="runnervmf4ws1" tests="0" skipped="0" failures="0" errors="0" time="0"/>
</testsuites>
